#
# A fatal error has been detected by the Java Runtime Environment:
#
#  SIGSEGV (0xb) at pc=0x00007fc144fb4af0, pid=14603, tid=140467396458240
#
# JRE version: OpenJDK Runtime Environment (7.0_91-b02) (build 1.7.0_91-b02)
# Java VM: OpenJDK 64-Bit Server VM (24.91-b01 mixed mode linux-amd64 compressed oops)
# Derivative: IcedTea 2.6.3
# Distribution: Custom build (Wed Nov 18 11:18:35 UTC 2015)
# Problematic frame:
# C  [libc.so.6+0x14caf0]  __memset_avx2+0x30
#
# Failed to write core dump. Core dumps have been disabled. To enable core dumping, try "ulimit -c unlimited" before starting Java again
#
# If you would like to submit a bug report, please include
# instructions on how to reproduce the bug and visit:
#   http://icedtea.classpath.org/bugzilla
# The crash happened outside the Java Virtual Machine in native code.
# See problematic frame for where to report the bug.
#

---------------  T H R E A D  ---------------

Current thread (0x00007fc0e8305800):  JavaThread "SwingWorker-pool-1-thread-1" daemon [_thread_in_native, id=14628, stack(0x00007fc11d34b000,0x00007fc11d44c000)]

siginfo:si_signo=SIGSEGV: si_errno=0, si_code=128 (), si_addr=0x0000000000000000

Registers:
RAX=0x004200470e4f0e2c, RBX=0x004200470e4f0e2c, RCX=0x000000000047001b, RDX=0x0000000000000080
RSP=0x00007fc11d4499e8, RBP=0x0000000000000008, RSI=0x004200470e4f0eac, RDI=0x004200470e4f0e2c
R8 =0x00000000000002be, R9 =0x00000000000004c0, R10=0x0000000000000000, R11=0x00000000000002c5
R12=0x0000000000000080, R13=0x00007fc0ecc2feb0, R14=0x00007fc0ec002920, R15=0x000000004299d00c
RIP=0x00007fc144fb4af0, EFLAGS=0x0000000000010246, CSGSFS=0x0000000000000033, ERR=0x0000000000000000
  TRAPNO=0x000000000000000d

Top of Stack: (sp=0x00007fc11d4499e8)
0x00007fc11d4499e8:   00007fc11d0bba01 0000000000000000
0x00007fc11d4499f8:   0000000000000001 0000000000000000
0x00007fc11d449a08:   00007fc0ecc2fe10 0000000000000000
0x00007fc11d449a18:   0000000000000000 00007fc0ecc2feb0
0x00007fc11d449a28:   00007fc11d449c60 0000000000000002
0x00007fc11d449a38:   00007fc11c9301f8 0000000000000000
0x00007fc11d449a48:   0000000000000080 3ff90d0c26666667
0x00007fc11d449a58:   0100000000000000 00007fc0ec002920
0x00007fc11d449a68:   00007fc11d449be0 00007fc11d449b10
0x00007fc11d449a78:   00007fc11d449b20 00007fc11d44a030
0x00007fc11d449a88:   00007fc11d449b30 00007fc11d344330
0x00007fc11d449a98:   0000000242ff4000 0000000000000000
0x00007fc11d449aa8:   0000000000000000 0000000000000000
0x00007fc11d449ab8:   0000000000000000 0000000000000000
0x00007fc11d449ac8:   0000000000000000 0000000000000000
0x00007fc11d449ad8:   00007fc11d449aa0 00007fc11d449ae8
0x00007fc11d449ae8:   0000000000000500 0000000000000001
0x00007fc11d449af8:   0000000242ff4000 0000000000000000
0x00007fc11d449b08:   0000000000000000 0000000000000000
0x00007fc11d449b18:   0000000000000000 0000000000000000
0x00007fc11d449b28:   0000000000000000 0000000000000000
0x00007fc11d449b38:   00007fc11d449b00 00007fc11d449b70
0x00007fc11d449b48:   0000000000000500 0000000000000000
0x00007fc11d449b58:   0000000000000000 3ff0000000000000
0x00007fc11d449b68:   00007fc100000000 00007fc10002aa50
0x00007fc11d449b78:   00007fc10002ae28 00000000000003d8
0x00007fc11d449b88:   0000003000000030 00007fc11d44aa98
0x00007fc11d449b98:   00007fc1390004e7 00007fc1390003d0
0x00007fc11d449ba8:   00007fc100000000 00007fc11d449c60
0x00007fc11d449bb8:   00007fc11d449d80 0000000000000000
0x00007fc11d449bc8:   0000000000000000 00007fc0ecbda740
0x00007fc11d449bd8:   00007fc11cfccc70 00007fc11d449bf0 

Instructions: (pc=0x00007fc144fb4af0)
0x00007fc144fb4ad0:   e2 71 00 c0 48 83 fa 10 0f 82 c2 00 00 00 48 81
0x00007fc144fb4ae0:   fa 00 01 00 00 0f 83 f5 00 00 00 80 fa 80 72 50
0x00007fc144fb4af0:   c5 fa 7f 07 c5 fa 7f 47 10 c5 fa 7f 47 20 c5 fa
0x00007fc144fb4b00:   7f 47 30 c5 fa 7f 47 40 c5 fa 7f 47 50 c5 fa 7f 

Register to memory mapping:

RAX=0x004200470e4f0e2c is an unknown value
RBX=0x004200470e4f0e2c is an unknown value
RCX=0x000000000047001b is an unknown value
RDX=0x0000000000000080 is an unknown value
RSP=0x00007fc11d4499e8 is pointing into the stack for thread: 0x00007fc0e8305800
RBP=0x0000000000000008 is an unknown value
RSI=0x004200470e4f0eac is an unknown value
RDI=0x004200470e4f0e2c is an unknown value
R8 =0x00000000000002be is an unknown value
R9 =0x00000000000004c0 is an unknown value
R10=0x0000000000000000 is an unknown value
R11=0x00000000000002c5 is an unknown value
R12=0x0000000000000080 is an unknown value
R13=0x00007fc0ecc2feb0 is an unknown value
R14=0x00007fc0ec002920 is an unknown value
R15=0x000000004299d00c is an unknown value


Stack: [0x00007fc11d34b000,0x00007fc11d44c000],  sp=0x00007fc11d4499e8,  free space=1018k
Native frames: (J=compiled Java code, j=interpreted, Vv=VM code, C=native code)
C  [libc.so.6+0x14caf0]  __memset_avx2+0x30

[error occurred during error reporting (printing native stack), id 0xb]

Java frames: (J=compiled Java code, j=interpreted, Vv=VM code)
j  org.bytedeco.javacpp.opencv_imgproc.cvApproxPoly(Lorg/bytedeco/javacpp/Pointer;ILorg/bytedeco/javacpp/opencv_core$CvMemStorage;ID)Lorg/bytedeco/javacpp/opencv_core$CvSeq;+0
j  ru.ang5545.scanning_system_2.image_processing.ContourHandler.getPoints(Lorg/bytedeco/javacpp/opencv_core$CvSeq;)[Lorg/bytedeco/javacpp/opencv_core$CvPoint;+34
j  ru.ang5545.scanning_system_2.image_processing.ContourHandler.drawPoints(Lorg/bytedeco/javacpp/opencv_core$IplImage;)V+25
j  ru.ang5545.scanning_system_2.image_processing.ImageHandler.processImage(Lorg/bytedeco/javacpp/opencv_core$IplImage;Lru/ang5545/model/ThresholdParameters;Lru/ang5545/model/ThresholdParameters;Lru/ang5545/model/ThresholdParameters;)V+98
j  ru.ang5545.scanning_system_2.gui.MainFrame$AnswerWorker.doInBackground()Ljava/lang/String;+61
j  ru.ang5545.scanning_system_2.gui.MainFrame$AnswerWorker.doInBackground()Ljava/lang/Object;+1
j  javax.swing.SwingWorker$1.call()Ljava/lang/Object;+14
j  java.util.concurrent.FutureTask.run()V+42
j  javax.swing.SwingWorker.run()V+4
j  java.util.concurrent.ThreadPoolExecutor.runWorker(Ljava/util/concurrent/ThreadPoolExecutor$Worker;)V+95
j  java.util.concurrent.ThreadPoolExecutor$Worker.run()V+5
j  java.lang.Thread.run()V+11
v  ~StubRoutines::call_stub

---------------  P R O C E S S  ---------------

Java Threads: ( => current thread )
=>0x00007fc0e8305800 JavaThread "SwingWorker-pool-1-thread-1" daemon [_thread_in_native, id=14628, stack(0x00007fc11d34b000,0x00007fc11d44c000)]
  0x00007fc0e8206800 JavaThread "TimerQueue" daemon [_thread_blocked, id=14626, stack(0x00007fc0e7ad6000,0x00007fc0e7bd7000)]
  0x00007fc13c009800 JavaThread "DestroyJavaVM" [_thread_blocked, id=14608, stack(0x00007fc145920000,0x00007fc145a21000)]
  0x00007fc13c28a000 JavaThread "AWT-EventQueue-0" [_thread_blocked, id=14624, stack(0x00007fc11d44c000,0x00007fc11d54d000)]
  0x00007fc13c289000 JavaThread "AWT-Shutdown" [_thread_blocked, id=14623, stack(0x00007fc11d54d000,0x00007fc11d64e000)]
  0x00007fc13c285000 JavaThread "AWT-XAWT" daemon [_thread_in_native, id=14622, stack(0x00007fc11d64e000,0x00007fc11d74f000)]
  0x00007fc13c26a000 JavaThread "Java2D Disposer" daemon [_thread_blocked, id=14621, stack(0x00007fc11db60000,0x00007fc11dc61000)]
  0x00007fc13c0ad800 JavaThread "Service Thread" daemon [_thread_blocked, id=14619, stack(0x00007fc138eff000,0x00007fc139000000)]
  0x00007fc13c0ab800 JavaThread "C2 CompilerThread1" daemon [_thread_blocked, id=14618, stack(0x00007fc140047000,0x00007fc140148000)]
  0x00007fc13c0a8800 JavaThread "C2 CompilerThread0" daemon [_thread_blocked, id=14617, stack(0x00007fc140148000,0x00007fc140249000)]
  0x00007fc13c0a6000 JavaThread "Signal Dispatcher" daemon [_thread_blocked, id=14616, stack(0x00007fc140249000,0x00007fc14034a000)]
  0x00007fc13c07b000 JavaThread "Finalizer" daemon [_thread_blocked, id=14615, stack(0x00007fc140648000,0x00007fc140749000)]
  0x00007fc13c079000 JavaThread "Reference Handler" daemon [_thread_blocked, id=14614, stack(0x00007fc140749000,0x00007fc14084a000)]

Other Threads:
  0x00007fc13c075000 VMThread [stack: 0x00007fc14084a000,0x00007fc14094b000] [id=14613]
  0x00007fc13c0b8800 WatcherThread [stack: 0x00007fc138dfe000,0x00007fc138eff000] [id=14620]

VM state:not at safepoint (normal execution)

VM Mutex/Monitor currently owned by a thread: None

Heap
 PSYoungGen      total 115200K, used 22171K [0x00000007d7000000, 0x00000007e6a80000, 0x0000000800000000)
  eden space 113152K, 18% used [0x00000007d7000000,0x00000007d84055c8,0x00000007dde80000)
  from space 2048K, 81% used [0x00000007e6880000,0x00000007e6a21a08,0x00000007e6a80000)
  to   space 4608K, 0% used [0x00000007e6180000,0x00000007e6180000,0x00000007e6600000)
 ParOldGen       total 83968K, used 2110K [0x0000000785000000, 0x000000078a200000, 0x00000007d7000000)
  object space 83968K, 2% used [0x0000000785000000,0x000000078520f890,0x000000078a200000)
 PSPermGen       total 21504K, used 15305K [0x000000077aa00000, 0x000000077bf00000, 0x0000000785000000)
  object space 21504K, 71% used [0x000000077aa00000,0x000000077b8f2528,0x000000077bf00000)

Card table byte_map: [0x00007fc142705000,0x00007fc142b31000] byte_map_base: 0x00007fc13eb30000

Polling page: 0x00007fc145a59000

Code Cache  [0x00007fc139000000, 0x00007fc139270000, 0x00007fc13c000000)
 total_blobs=750 nmethods=169 adapters=534 free_code_cache=48271Kb largest_free_block=49398848

Compilation events (10 events):
Event: 24,743 Thread 0x00007fc13c0a8800  170  s          java.util.Vector::removeAllElements (39 bytes)
Event: 24,744 Thread 0x00007fc13c0a8800 nmethod 170 0x00007fc1390c5e10 code [0x00007fc1390c5f40, 0x00007fc1390c61b8]
Event: 24,819 Thread 0x00007fc13c0ab800  172  s          java.util.Vector::size (5 bytes)
Event: 24,820 Thread 0x00007fc13c0ab800 nmethod 172 0x00007fc1390c5690 code [0x00007fc1390c57c0, 0x00007fc1390c59d8]
Event: 24,834 Thread 0x00007fc13c0a8800  173             sun.font.FontDesignMetrics::getLatinCharWidth (29 bytes)
Event: 24,835 Thread 0x00007fc13c0a8800 nmethod 173 0x00007fc1390cc9d0 code [0x00007fc1390ccb40, 0x00007fc1390ccc68]
Event: 24,923 Thread 0x00007fc13c0ab800  174             java.awt.Component::isVisible_NoClientCode (5 bytes)
Event: 24,923 Thread 0x00007fc13c0ab800 nmethod 174 0x00007fc1390dd650 code [0x00007fc1390dd780, 0x00007fc1390dd7d8]
Event: 25,079 Thread 0x00007fc13c0a8800  175             java.awt.Component::getFont (5 bytes)
Event: 25,080 Thread 0x00007fc13c0a8800 nmethod 175 0x00007fc1390c5350 code [0x00007fc1390c54a0, 0x00007fc1390c5568]

GC Heap History (10 events):
Event: 22,214 GC heap before
{Heap before GC invocations=6 (full 0):
 PSYoungGen      total 68608K, used 65341K [0x00000007d7000000, 0x00000007df400000, 0x0000000800000000)
  eden space 63488K, 98% used [0x00000007d7000000,0x00000007dacf49b0,0x00000007dae00000)
  from space 5120K, 57% used [0x00000007dae00000,0x00000007db0dac60,0x00000007db300000)
  to   space 4096K, 0% used [0x00000007df000000,0x00000007df000000,0x00000007df400000)
 ParOldGen       total 83968K, used 32K [0x0000000785000000, 0x000000078a200000, 0x00000007d7000000)
  object space 83968K, 0% used [0x0000000785000000,0x0000000785008000,0x000000078a200000)
 PSPermGen       total 21504K, used 15240K [0x000000077aa00000, 0x000000077bf00000, 0x0000000785000000)
  object space 21504K, 70% used [0x000000077aa00000,0x000000077b8e21e8,0x000000077bf00000)
Event: 22,218 GC heap after
Heap after GC invocations=6 (full 0):
 PSYoungGen      total 131072K, used 2923K [0x00000007d7000000, 0x00000007df400000, 0x0000000800000000)
  eden space 126976K, 0% used [0x00000007d7000000,0x00000007d7000000,0x00000007dec00000)
  from space 4096K, 71% used [0x00000007df000000,0x00000007df2dac60,0x00000007df400000)
  to   space 4096K, 0% used [0x00000007dec00000,0x00000007dec00000,0x00000007df000000)
 ParOldGen       total 83968K, used 32K [0x0000000785000000, 0x000000078a200000, 0x00000007d7000000)
  object space 83968K, 0% used [0x0000000785000000,0x0000000785008000,0x000000078a200000)
 PSPermGen       total 21504K, used 15240K [0x000000077aa00000, 0x000000077bf00000, 0x0000000785000000)
  object space 21504K, 70% used [0x000000077aa00000,0x000000077b8e21e8,0x000000077bf00000)
}
Event: 22,930 GC heap before
{Heap before GC invocations=7 (full 0):
 PSYoungGen      total 131072K, used 126595K [0x00000007d7000000, 0x00000007df400000, 0x0000000800000000)
  eden space 126976K, 97% used [0x00000007d7000000,0x00000007de8c6338,0x00000007dec00000)
  from space 4096K, 71% used [0x00000007df000000,0x00000007df2dac60,0x00000007df400000)
  to   space 4096K, 0% used [0x00000007dec00000,0x00000007dec00000,0x00000007df000000)
 ParOldGen       total 83968K, used 32K [0x0000000785000000, 0x000000078a200000, 0x00000007d7000000)
  object space 83968K, 0% used [0x0000000785000000,0x0000000785008000,0x000000078a200000)
 PSPermGen       total 21504K, used 15248K [0x000000077aa00000, 0x000000077bf00000, 0x0000000785000000)
  object space 21504K, 70% used [0x000000077aa00000,0x000000077b8e4140,0x000000077bf00000)
Event: 22,934 GC heap after
Heap after GC invocations=7 (full 0):
 PSYoungGen      total 131072K, used 955K [0x00000007d7000000, 0x00000007e7100000, 0x0000000800000000)
  eden space 126976K, 0% used [0x00000007d7000000,0x00000007d7000000,0x00000007dec00000)
  from space 4096K, 23% used [0x00000007dec00000,0x00000007deceec20,0x00000007df000000)
  to   space 4608K, 0% used [0x00000007e6c80000,0x00000007e6c80000,0x00000007e7100000)
 ParOldGen       total 83968K, used 2054K [0x0000000785000000, 0x000000078a200000, 0x00000007d7000000)
  object space 83968K, 2% used [0x0000000785000000,0x0000000785201890,0x000000078a200000)
 PSPermGen       total 21504K, used 15248K [0x000000077aa00000, 0x000000077bf00000, 0x0000000785000000)
  object space 21504K, 70% used [0x000000077aa00000,0x000000077b8e4140,0x000000077bf00000)
}
Event: 23,724 GC heap before
{Heap before GC invocations=8 (full 0):
 PSYoungGen      total 131072K, used 127049K [0x00000007d7000000, 0x00000007e7100000, 0x0000000800000000)
  eden space 126976K, 99% used [0x00000007d7000000,0x00000007deb23ad8,0x00000007dec00000)
  from space 4096K, 23% used [0x00000007dec00000,0x00000007deceec20,0x00000007df000000)
  to   space 4608K, 0% used [0x00000007e6c80000,0x00000007e6c80000,0x00000007e7100000)
 ParOldGen       total 83968K, used 2054K [0x0000000785000000, 0x000000078a200000, 0x00000007d7000000)
  object space 83968K, 2% used [0x0000000785000000,0x0000000785201890,0x000000078a200000)
 PSPermGen       total 21504K, used 15263K [0x000000077aa00000, 0x000000077bf00000, 0x0000000785000000)
  object space 21504K, 70% used [0x000000077aa00000,0x000000077b8e7c40,0x000000077bf00000)
Event: 23,725 GC heap after
Heap after GC invocations=8 (full 0):
 PSYoungGen      total 123904K, used 1273K [0x00000007d7000000, 0x00000007e6e00000, 0x0000000800000000)
  eden space 122368K, 0% used [0x00000007d7000000,0x00000007d7000000,0x00000007de780000)
  from space 1536K, 82% used [0x00000007e6c80000,0x00000007e6dbe410,0x00000007e6e00000)
  to   space 4608K, 0% used [0x00000007e6500000,0x00000007e6500000,0x00000007e6980000)
 ParOldGen       total 83968K, used 2054K [0x0000000785000000, 0x000000078a200000, 0x00000007d7000000)
  object space 83968K, 2% used [0x0000000785000000,0x0000000785201890,0x000000078a200000)
 PSPermGen       total 21504K, used 15263K [0x000000077aa00000, 0x000000077bf00000, 0x0000000785000000)
  object space 21504K, 70% used [0x000000077aa00000,0x000000077b8e7c40,0x000000077bf00000)
}
Event: 24,429 GC heap before
{Heap before GC invocations=9 (full 0):
 PSYoungGen      total 123904K, used 123444K [0x00000007d7000000, 0x00000007e6e00000, 0x0000000800000000)
  eden space 122368K, 99% used [0x00000007d7000000,0x00000007de74ec68,0x00000007de780000)
  from space 1536K, 82% used [0x00000007e6c80000,0x00000007e6dbe410,0x00000007e6e00000)
  to   space 4608K, 0% used [0x00000007e6500000,0x00000007e6500000,0x00000007e6980000)
 ParOldGen       total 83968K, used 2054K [0x0000000785000000, 0x000000078a200000, 0x00000007d7000000)
  object space 83968K, 2% used [0x0000000785000000,0x0000000785201890,0x000000078a200000)
 PSPermGen       total 21504K, used 15295K [0x000000077aa00000, 0x000000077bf00000, 0x0000000785000000)
  object space 21504K, 71% used [0x000000077aa00000,0x000000077b8eff10,0x000000077bf00000)
Event: 24,431 GC heap after
Heap after GC invocations=9 (full 0):
 PSYoungGen      total 119296K, used 1273K [0x00000007d7000000, 0x00000007e6d00000, 0x0000000800000000)
  eden space 117760K, 0% used [0x00000007d7000000,0x00000007d7000000,0x00000007de300000)
  from space 1536K, 82% used [0x00000007e6500000,0x00000007e663e410,0x00000007e6680000)
  to   space 4608K, 0% used [0x00000007e6880000,0x00000007e6880000,0x00000007e6d00000)
 ParOldGen       total 83968K, used 2078K [0x0000000785000000, 0x000000078a200000, 0x00000007d7000000)
  object space 83968K, 2% used [0x0000000785000000,0x0000000785207890,0x000000078a200000)
 PSPermGen       total 21504K, used 15295K [0x000000077aa00000, 0x000000077bf00000, 0x0000000785000000)
  object space 21504K, 71% used [0x000000077aa00000,0x000000077b8eff10,0x000000077bf00000)
}
Event: 25,129 GC heap before
{Heap before GC invocations=10 (full 0):
 PSYoungGen      total 119296K, used 118328K [0x00000007d7000000, 0x00000007e6d00000, 0x0000000800000000)
  eden space 117760K, 99% used [0x00000007d7000000,0x00000007de24fdb0,0x00000007de300000)
  from space 1536K, 82% used [0x00000007e6500000,0x00000007e663e410,0x00000007e6680000)
  to   space 4608K, 0% used [0x00000007e6880000,0x00000007e6880000,0x00000007e6d00000)
 ParOldGen       total 83968K, used 2078K [0x0000000785000000, 0x000000078a200000, 0x00000007d7000000)
  object space 83968K, 2% used [0x0000000785000000,0x0000000785207890,0x000000078a200000)
 PSPermGen       total 21504K, used 15305K [0x000000077aa00000, 0x000000077bf00000, 0x0000000785000000)
  object space 21504K, 71% used [0x000000077aa00000,0x000000077b8f2480,0x000000077bf00000)
Event: 25,130 GC heap after
Heap after GC invocations=10 (full 0):
 PSYoungGen      total 115200K, used 1670K [0x00000007d7000000, 0x00000007e6a80000, 0x0000000800000000)
  eden space 113152K, 0% used [0x00000007d7000000,0x00000007d7000000,0x00000007dde80000)
  from space 2048K, 81% used [0x00000007e6880000,0x00000007e6a21a08,0x00000007e6a80000)
  to   space 4608K, 0% used [0x00000007e6180000,0x00000007e6180000,0x00000007e6600000)
 ParOldGen       total 83968K, used 2110K [0x0000000785000000, 0x000000078a200000, 0x00000007d7000000)
  object space 83968K, 2% used [0x0000000785000000,0x000000078520f890,0x000000078a200000)
 PSPermGen       total 21504K, used 15305K [0x000000077aa00000, 0x000000077bf00000, 0x0000000785000000)
  object space 21504K, 71% used [0x000000077aa00000,0x000000077b8f2480,0x000000077bf00000)
}

Deoptimization events (10 events):
Event: 0,399 Thread 0x00007fc13c28a000 Uncommon trap: reason=unstable_if action=reinterpret pc=0x00007fc13909686c method=org.bytedeco.javacv.Java2DFrameConverter.flipCopyWithGamma(Ljava/nio/ByteBuffer;ILjava/nio/ByteBuffer;IZDZI)V @ 50
Event: 0,432 Thread 0x00007fc13c28a000 Uncommon trap: reason=unstable_if action=reinterpret pc=0x00007fc13909a438 method=java.util.Properties$LineReader.readLine()I @ 369
Event: 3,122 Thread 0x00007fc13c28a000 Uncommon trap: reason=class_check action=maybe_recompile pc=0x00007fc139089b90 method=java.lang.String.equals(Ljava/lang/Object;)Z @ 8
Event: 3,122 Thread 0x00007fc13c28a000 Uncommon trap: reason=class_check action=maybe_recompile pc=0x00007fc139089b90 method=java.lang.String.equals(Ljava/lang/Object;)Z @ 8
Event: 3,998 Thread 0x00007fc13c28a000 Uncommon trap: reason=class_check action=maybe_recompile pc=0x00007fc139089b90 method=java.lang.String.equals(Ljava/lang/Object;)Z @ 8
Event: 3,998 Thread 0x00007fc13c28a000 Uncommon trap: reason=class_check action=maybe_recompile pc=0x00007fc139089b90 method=java.lang.String.equals(Ljava/lang/Object;)Z @ 8
Event: 21,306 Thread 0x00007fc0e8305800 Uncommon trap: reason=unstable_if action=reinterpret pc=0x00007fc1390c6900 method=ru.ang5545.scanning_system_2.image_processing.ChannelHandler.sumChannels(Lorg/bytedeco/javacpp/opencv_core$IplImage;Lorg/bytedeco/javacpp/opencv_core$IplImage;Lorg/bytedeco/
Event: 21,306 Thread 0x00007fc0e8305800 Uncommon trap: reason=unstable_if action=reinterpret pc=0x00007fc1390b7588 method=ru.ang5545.scanning_system_2.image_processing.ChannelHandler.sumChannels(Lorg/bytedeco/javacpp/opencv_core$IplImage;Lorg/bytedeco/javacpp/opencv_core$IplImage;Lorg/bytedeco/
Event: 21,565 Thread 0x00007fc0e8305800 Uncommon trap: reason=unstable_if action=reinterpret pc=0x00007fc1390c94bc method=ru.ang5545.scanning_system_2.image_processing.ChannelHandler.sumChannels(Lorg/bytedeco/javacpp/opencv_core$IplImage;Lorg/bytedeco/javacpp/opencv_core$IplImage;Lorg/bytedeco/
Event: 23,624 Thread 0x00007fc13c28a000 Uncommon trap: reason=predicate action=maybe_recompile pc=0x00007fc1390cb26c method=java.util.TimSort.binarySort([Ljava/lang/Object;IIILjava/util/Comparator;)V @ 37

Internal exceptions (10 events):
Event: 20,720 Thread 0x00007fc13c28a000 Threw 0x00000007d831ff78 at /build/java7-openjdk/src/icedtea-2.6.3/openjdk/hotspot/src/share/vm/prims/jvm.cpp:1322
Event: 20,721 Thread 0x00007fc13c28a000 Threw 0x00000007d8326e30 at /build/java7-openjdk/src/icedtea-2.6.3/openjdk/hotspot/src/share/vm/prims/jvm.cpp:1322
Event: 20,721 Thread 0x00007fc13c28a000 Threw 0x00000007d832d3c8 at /build/java7-openjdk/src/icedtea-2.6.3/openjdk/hotspot/src/share/vm/prims/jvm.cpp:1322
Event: 20,721 Thread 0x00007fc13c28a000 Threw 0x00000007d83341f0 at /build/java7-openjdk/src/icedtea-2.6.3/openjdk/hotspot/src/share/vm/prims/jvm.cpp:1322
Event: 20,721 Thread 0x00007fc13c28a000 Threw 0x00000007d8339bb0 at /build/java7-openjdk/src/icedtea-2.6.3/openjdk/hotspot/src/share/vm/prims/jvm.cpp:1322
Event: 20,722 Thread 0x00007fc13c28a000 Threw 0x00000007d833ee08 at /build/java7-openjdk/src/icedtea-2.6.3/openjdk/hotspot/src/share/vm/prims/jvm.cpp:1322
Event: 20,722 Thread 0x00007fc13c28a000 Threw 0x00000007d83448d0 at /build/java7-openjdk/src/icedtea-2.6.3/openjdk/hotspot/src/share/vm/prims/jvm.cpp:1322
Event: 20,754 Thread 0x00007fc13c28a000 Threw 0x00000007d838b848 at /build/java7-openjdk/src/icedtea-2.6.3/openjdk/hotspot/src/share/vm/prims/jvm.cpp:1322
Event: 20,756 Thread 0x00007fc13c28a000 Threw 0x00000007d838fdc0 at /build/java7-openjdk/src/icedtea-2.6.3/openjdk/hotspot/src/share/vm/prims/jvm.cpp:1322
Event: 20,830 Thread 0x00007fc0e8305800 Threw 0x00000007d84a1b20 at /build/java7-openjdk/src/icedtea-2.6.3/openjdk/hotspot/src/share/vm/prims/jvm.cpp:1322

Events (10 events):
Event: 23,825 loading class 0x00007fc10c0831e0 done
Event: 23,870 loading class 0x00007fc10c1c2d90
Event: 23,870 loading class 0x00007fc10c1c2d90 done
Event: 23,871 Thread 0x00007fc13c0ab800 flushing nmethod 0x00007fc139089810
Event: 24,201 Executing VM operation: RevokeBias
Event: 24,201 Executing VM operation: RevokeBias done
Event: 24,429 Executing VM operation: ParallelGCFailedAllocation
Event: 24,431 Executing VM operation: ParallelGCFailedAllocation done
Event: 25,129 Executing VM operation: ParallelGCFailedAllocation
Event: 25,130 Executing VM operation: ParallelGCFailedAllocation done


Dynamic libraries:
00400000-00401000 r-xp 00000000 08:02 15742080                           /usr/lib/jvm/java-7-openjdk/jre/bin/java
00600000-00601000 rw-p 00000000 08:02 15742080                           /usr/lib/jvm/java-7-openjdk/jre/bin/java
024ef000-02510000 rw-p 00000000 00:00 0                                  [heap]
77aa00000-77bf00000 rw-p 00000000 00:00 0 
77bf00000-785000000 rw-p 00000000 00:00 0 
785000000-78a200000 rw-p 00000000 00:00 0 
78a200000-7d7000000 rw-p 00000000 00:00 0 
7d7000000-7e6a80000 rw-p 00000000 00:00 0 
7e6a80000-7e7100000 ---p 00000000 00:00 0 
7e7100000-800000000 rw-p 00000000 00:00 0 
7fc0e0000000-7fc0e0021000 rw-p 00000000 00:00 0 
7fc0e0021000-7fc0e4000000 ---p 00000000 00:00 0 
7fc0e57b6000-7fc0e57b7000 ---p 00000000 00:00 0 
7fc0e57b7000-7fc0e5fb7000 rw-p 00000000 00:00 0                          [stack:14631]
7fc0e5fb7000-7fc0e5fb8000 ---p 00000000 00:00 0 
7fc0e5fb8000-7fc0e67b8000 rw-p 00000000 00:00 0                          [stack:14630]
7fc0e67b8000-7fc0e67b9000 ---p 00000000 00:00 0 
7fc0e67b9000-7fc0e6fb9000 rw-p 00000000 00:00 0                          [stack:14629]
7fc0e6fb9000-7fc0e6fd3000 r-xp 00000000 00:22 39                         /tmp/javacpp25442105145715/libjniopencv_imgcodecs.so
7fc0e6fd3000-7fc0e71d2000 ---p 0001a000 00:22 39                         /tmp/javacpp25442105145715/libjniopencv_imgcodecs.so
7fc0e71d2000-7fc0e71d3000 rw-p 00019000 00:22 39                         /tmp/javacpp25442105145715/libjniopencv_imgcodecs.so
7fc0e71d3000-7fc0e746c000 r-xp 00000000 00:22 38                         /tmp/javacpp25442105145715/libopencv_imgcodecs.so.3.0
7fc0e746c000-7fc0e766c000 ---p 00299000 00:22 38                         /tmp/javacpp25442105145715/libopencv_imgcodecs.so.3.0
7fc0e766c000-7fc0e7679000 rw-p 00299000 00:22 38                         /tmp/javacpp25442105145715/libopencv_imgcodecs.so.3.0
7fc0e7679000-7fc0e7684000 rw-p 00000000 00:00 0 
7fc0e7684000-7fc0e773c000 r-xp 00000000 00:22 37                         /tmp/javacpp25442105145715/libjniopencv_imgproc.so
7fc0e773c000-7fc0e793b000 ---p 000b8000 00:22 37                         /tmp/javacpp25442105145715/libjniopencv_imgproc.so
7fc0e793b000-7fc0e793d000 rw-p 000b7000 00:22 37                         /tmp/javacpp25442105145715/libjniopencv_imgproc.so
7fc0e793d000-7fc0e7ad6000 rw-s 00000000 00:05 23101462                   /SYSV00000000 (deleted)
7fc0e7ad6000-7fc0e7ad9000 ---p 00000000 00:00 0 
7fc0e7ad9000-7fc0e7bd7000 rw-p 00000000 00:00 0                          [stack:14626]
7fc0e7bd7000-7fc0e7be7000 r-xp 00000000 08:02 15742055                   /usr/lib/jvm/java-7-openjdk/jre/lib/amd64/libnio.so
7fc0e7be7000-7fc0e7de7000 ---p 00010000 08:02 15742055                   /usr/lib/jvm/java-7-openjdk/jre/lib/amd64/libnio.so
7fc0e7de7000-7fc0e7de8000 rw-p 00010000 08:02 15742055                   /usr/lib/jvm/java-7-openjdk/jre/lib/amd64/libnio.so
7fc0e7de8000-7fc0e7dff000 r-xp 00000000 08:02 15742054                   /usr/lib/jvm/java-7-openjdk/jre/lib/amd64/libnet.so
7fc0e7dff000-7fc0e7fff000 ---p 00017000 08:02 15742054                   /usr/lib/jvm/java-7-openjdk/jre/lib/amd64/libnet.so
7fc0e7fff000-7fc0e8000000 rw-p 00017000 08:02 15742054                   /usr/lib/jvm/java-7-openjdk/jre/lib/amd64/libnet.so
7fc0e8000000-7fc0e8bde000 rw-p 00000000 00:00 0 
7fc0e8bde000-7fc0ec000000 ---p 00000000 00:00 0 
7fc0ec000000-7fc0ecc4b000 rw-p 00000000 00:00 0 
7fc0ecc4b000-7fc0f0000000 ---p 00000000 00:00 0 
7fc0f0000000-7fc0f0021000 rw-p 00000000 00:00 0 
7fc0f0021000-7fc0f4000000 ---p 00000000 00:00 0 
7fc0f4000000-7fc0f4021000 rw-p 00000000 00:00 0 
7fc0f4021000-7fc0f8000000 ---p 00000000 00:00 0 
7fc0f8000000-7fc0f8021000 rw-p 00000000 00:00 0 
7fc0f8021000-7fc0fc000000 ---p 00000000 00:00 0 
7fc0fc000000-7fc0fc021000 rw-p 00000000 00:00 0 
7fc0fc021000-7fc100000000 ---p 00000000 00:00 0 
7fc100000000-7fc1007e1000 rw-p 00000000 00:00 0 
7fc1007e1000-7fc104000000 ---p 00000000 00:00 0 
7fc104000000-7fc104021000 rw-p 00000000 00:00 0 
7fc104021000-7fc108000000 ---p 00000000 00:00 0 
7fc108000000-7fc108021000 rw-p 00000000 00:00 0 
7fc108021000-7fc10c000000 ---p 00000000 00:00 0 
7fc10c000000-7fc10c2ea000 rw-p 00000000 00:00 0 
7fc10c2ea000-7fc110000000 ---p 00000000 00:00 0 
7fc110000000-7fc110021000 rw-p 00000000 00:00 0 
7fc110021000-7fc114000000 ---p 00000000 00:00 0 
7fc114000000-7fc114021000 rw-p 00000000 00:00 0 
7fc114021000-7fc118000000 ---p 00000000 00:00 0 
7fc118000000-7fc118021000 rw-p 00000000 00:00 0 
7fc118021000-7fc11c000000 ---p 00000000 00:00 0 
7fc11c0d0000-7fc11c122000 r-xp 00000000 08:02 15742070                   /usr/lib/jvm/java-7-openjdk/jre/lib/amd64/libfontmanager.so
7fc11c122000-7fc11c322000 ---p 00052000 08:02 15742070                   /usr/lib/jvm/java-7-openjdk/jre/lib/amd64/libfontmanager.so
7fc11c322000-7fc11c325000 rw-p 00052000 08:02 15742070                   /usr/lib/jvm/java-7-openjdk/jre/lib/amd64/libfontmanager.so
7fc11c325000-7fc11c515000 r-xp 00000000 00:22 36                         /tmp/javacpp25442105145715/libjniopencv_core.so
7fc11c515000-7fc11c715000 ---p 001f0000 00:22 36                         /tmp/javacpp25442105145715/libjniopencv_core.so
7fc11c715000-7fc11c718000 rw-p 001f0000 00:22 36                         /tmp/javacpp25442105145715/libjniopencv_core.so
7fc11c718000-7fc11c9e2000 r-xp 00000000 00:22 35                         /tmp/javacpp25442105145715/libopencv_imgproc.so.3.0
7fc11c9e2000-7fc11cbe2000 ---p 002ca000 00:22 35                         /tmp/javacpp25442105145715/libopencv_imgproc.so.3.0
7fc11cbe2000-7fc11cbf4000 rw-p 002ca000 00:22 35                         /tmp/javacpp25442105145715/libopencv_imgproc.so.3.0
7fc11cbf4000-7fc11cc89000 rw-p 00000000 00:00 0 
7fc11cc89000-7fc11ccaa000 r-xp 00000000 08:02 14947461                   /usr/lib/libgomp.so.1.0.0
7fc11ccaa000-7fc11ceaa000 ---p 00021000 08:02 14947461                   /usr/lib/libgomp.so.1.0.0
7fc11ceaa000-7fc11ceab000 rw-p 00021000 08:02 14947461                   /usr/lib/libgomp.so.1.0.0
7fc11ceab000-7fc11d142000 r-xp 00000000 00:22 34                         /tmp/javacpp25442105145715/libopencv_core.so.3.0
7fc11d142000-7fc11d341000 ---p 00297000 00:22 34                         /tmp/javacpp25442105145715/libopencv_core.so.3.0
7fc11d341000-7fc11d348000 rw-p 00296000 00:22 34                         /tmp/javacpp25442105145715/libopencv_core.so.3.0
7fc11d348000-7fc11d34b000 rw-p 00000000 00:00 0 
7fc11d34b000-7fc11d34e000 ---p 00000000 00:00 0 
7fc11d34e000-7fc11d44c000 rw-p 00000000 00:00 0                          [stack:14628]
7fc11d44c000-7fc11d44f000 ---p 00000000 00:00 0 
7fc11d44f000-7fc11d54d000 rw-p 00000000 00:00 0                          [stack:14624]
7fc11d54d000-7fc11d550000 ---p 00000000 00:00 0 
7fc11d550000-7fc11d64e000 rw-p 00000000 00:00 0                          [stack:14623]
7fc11d64e000-7fc11d651000 ---p 00000000 00:00 0 
7fc11d651000-7fc11d74f000 rw-p 00000000 00:00 0                          [stack:14622]
7fc11d74f000-7fc11d754000 r-xp 00000000 08:02 14947362                   /usr/lib/libXfixes.so.3.1.0
7fc11d754000-7fc11d953000 ---p 00005000 08:02 14947362                   /usr/lib/libXfixes.so.3.1.0
7fc11d953000-7fc11d954000 r--p 00004000 08:02 14947362                   /usr/lib/libXfixes.so.3.1.0
7fc11d954000-7fc11d955000 rw-p 00005000 08:02 14947362                   /usr/lib/libXfixes.so.3.1.0
7fc11d955000-7fc11d95f000 r-xp 00000000 08:02 14955981                   /usr/lib/libXcursor.so.1.0.2
7fc11d95f000-7fc11db5e000 ---p 0000a000 08:02 14955981                   /usr/lib/libXcursor.so.1.0.2
7fc11db5e000-7fc11db5f000 r--p 00009000 08:02 14955981                   /usr/lib/libXcursor.so.1.0.2
7fc11db5f000-7fc11db60000 rw-p 0000a000 08:02 14955981                   /usr/lib/libXcursor.so.1.0.2
7fc11db60000-7fc11db63000 ---p 00000000 00:00 0 
7fc11db63000-7fc11dc61000 rw-p 00000000 00:00 0                          [stack:14621]
7fc11dc61000-7fc11dc65000 r-xp 00000000 08:02 14947376                   /usr/lib/libattr.so.1.1.0
7fc11dc65000-7fc11de64000 ---p 00004000 08:02 14947376                   /usr/lib/libattr.so.1.1.0
7fc11de64000-7fc11de65000 r--p 00003000 08:02 14947376                   /usr/lib/libattr.so.1.1.0
7fc11de65000-7fc11de66000 rw-p 00004000 08:02 14947376                   /usr/lib/libattr.so.1.1.0
7fc11de66000-7fc11de6a000 r-xp 00000000 08:02 14947386                   /usr/lib/libcap.so.2.24
7fc11de6a000-7fc11e069000 ---p 00004000 08:02 14947386                   /usr/lib/libcap.so.2.24
7fc11e069000-7fc11e06a000 rw-p 00003000 08:02 14947386                   /usr/lib/libcap.so.2.24
7fc11e06a000-7fc11e07c000 r-xp 00000000 08:02 14947462                   /usr/lib/libgpg-error.so.0.16.0
7fc11e07c000-7fc11e27b000 ---p 00012000 08:02 14947462                   /usr/lib/libgpg-error.so.0.16.0
7fc11e27b000-7fc11e27c000 r--p 00011000 08:02 14947462                   /usr/lib/libgpg-error.so.0.16.0
7fc11e27c000-7fc11e27d000 rw-p 00012000 08:02 14947462                   /usr/lib/libgpg-error.so.0.16.0
7fc11e27d000-7fc11e355000 r-xp 00000000 08:02 14947444                   /usr/lib/libgcrypt.so.20.0.4
7fc11e355000-7fc11e555000 ---p 000d8000 08:02 14947444                   /usr/lib/libgcrypt.so.20.0.4
7fc11e555000-7fc11e556000 r--p 000d8000 08:02 14947444                   /usr/lib/libgcrypt.so.20.0.4
7fc11e556000-7fc11e55e000 rw-p 000d9000 08:02 14947444                   /usr/lib/libgcrypt.so.20.0.4
7fc11e55e000-7fc11e55f000 rw-p 00000000 00:00 0 
7fc11e55f000-7fc11e570000 r-xp 00000000 08:02 14947501                   /usr/lib/liblz4.so.1.7.1
7fc11e570000-7fc11e76f000 ---p 00011000 08:02 14947501                   /usr/lib/liblz4.so.1.7.1
7fc11e76f000-7fc11e770000 r--p 00010000 08:02 14947501                   /usr/lib/liblz4.so.1.7.1
7fc11e770000-7fc11e771000 rw-p 00011000 08:02 14947501                   /usr/lib/liblz4.so.1.7.1
7fc11e771000-7fc11e796000 r-xp 00000000 08:02 14943014                   /usr/lib/liblzma.so.5.2.2
7fc11e796000-7fc11e995000 ---p 00025000 08:02 14943014                   /usr/lib/liblzma.so.5.2.2
7fc11e995000-7fc11e996000 r--p 00024000 08:02 14943014                   /usr/lib/liblzma.so.5.2.2
7fc11e996000-7fc11e997000 rw-p 00025000 08:02 14943014                   /usr/lib/liblzma.so.5.2.2
7fc11e997000-7fc11e9c0000 r-xp 00000000 08:02 14955009                   /usr/lib/libgraphite2.so.3.0.1
7fc11e9c0000-7fc11ebbf000 ---p 00029000 08:02 14955009                   /usr/lib/libgraphite2.so.3.0.1
7fc11ebbf000-7fc11ebc1000 r--p 00028000 08:02 14955009                   /usr/lib/libgraphite2.so.3.0.1
7fc11ebc1000-7fc11ebc2000 rw-p 0002a000 08:02 14955009                   /usr/lib/libgraphite2.so.3.0.1
7fc11ebc2000-7fc11ec53000 r-xp 00000000 08:02 14945771                   /usr/lib/libgmp.so.10.3.0
7fc11ec53000-7fc11ee53000 ---p 00091000 08:02 14945771                   /usr/lib/libgmp.so.10.3.0
7fc11ee53000-7fc11ee54000 r--p 00091000 08:02 14945771                   /usr/lib/libgmp.so.10.3.0
7fc11ee54000-7fc11ee55000 rw-p 00092000 08:02 14945771                   /usr/lib/libgmp.so.10.3.0
7fc11ee55000-7fc11ee87000 r-xp 00000000 08:02 14947473                   /usr/lib/libhogweed.so.4.1
7fc11ee87000-7fc11f087000 ---p 00032000 08:02 14947473                   /usr/lib/libhogweed.so.4.1
7fc11f087000-7fc11f088000 r--p 00032000 08:02 14947473                   /usr/lib/libhogweed.so.4.1
7fc11f088000-7fc11f089000 rw-p 00033000 08:02 14947473                   /usr/lib/libhogweed.so.4.1
7fc11f089000-7fc11f0bf000 r-xp 00000000 08:02 14947524                   /usr/lib/libnettle.so.6.1
7fc11f0bf000-7fc11f2be000 ---p 00036000 08:02 14947524                   /usr/lib/libnettle.so.6.1
7fc11f2be000-7fc11f2c0000 r--p 00035000 08:02 14947524                   /usr/lib/libnettle.so.6.1
7fc11f2c0000-7fc11f2c1000 rw-p 00037000 08:02 14947524                   /usr/lib/libnettle.so.6.1
7fc11f2c1000-7fc11f2d3000 r-xp 00000000 08:02 14947613                   /usr/lib/libtasn1.so.6.5.1
7fc11f2d3000-7fc11f4d2000 ---p 00012000 08:02 14947613                   /usr/lib/libtasn1.so.6.5.1
7fc11f4d2000-7fc11f4d3000 r--p 00011000 08:02 14947613                   /usr/lib/libtasn1.so.6.5.1
7fc11f4d3000-7fc11f4d4000 rw-p 00012000 08:02 14947613                   /usr/lib/libtasn1.so.6.5.1
7fc11f4d4000-7fc11f52e000 r-xp 00000000 08:02 14947558                   /usr/lib/libp11-kit.so.0.1.0
7fc11f52e000-7fc11f72d000 ---p 0005a000 08:02 14947558                   /usr/lib/libp11-kit.so.0.1.0
7fc11f72d000-7fc11f737000 r--p 00059000 08:02 14947558                   /usr/lib/libp11-kit.so.0.1.0
7fc11f737000-7fc11f739000 rw-p 00063000 08:02 14947558                   /usr/lib/libp11-kit.so.0.1.0
7fc11f739000-7fc11f73c000 r-xp 00000000 08:02 14947488                   /usr/lib/libkeyutils.so.1.5
7fc11f73c000-7fc11f93b000 ---p 00003000 08:02 14947488                   /usr/lib/libkeyutils.so.1.5
7fc11f93b000-7fc11f93c000 r--p 00002000 08:02 14947488                   /usr/lib/libkeyutils.so.1.5
7fc11f93c000-7fc11f93d000 rw-p 00003000 08:02 14947488                   /usr/lib/libkeyutils.so.1.5
7fc11f93d000-7fc11f949000 r-xp 00000000 08:02 14947493                   /usr/lib/libkrb5support.so.0.1
7fc11f949000-7fc11fb48000 ---p 0000c000 08:02 14947493                   /usr/lib/libkrb5support.so.0.1
7fc11fb48000-7fc11fb49000 r--p 0000b000 08:02 14947493                   /usr/lib/libkrb5support.so.0.1
7fc11fb49000-7fc11fb4a000 rw-p 0000c000 08:02 14947493                   /usr/lib/libkrb5support.so.0.1
7fc11fb4a000-7fc11fb4f000 r-xp 00000000 08:02 14947360                   /usr/lib/libXdmcp.so.6.0.0
7fc11fb4f000-7fc11fd4e000 ---p 00005000 08:02 14947360                   /usr/lib/libXdmcp.so.6.0.0
7fc11fd4e000-7fc11fd4f000 r--p 00004000 08:02 14947360                   /usr/lib/libXdmcp.so.6.0.0
7fc11fd4f000-7fc11fd50000 rw-p 00005000 08:02 14947360                   /usr/lib/libXdmcp.so.6.0.0
7fc11fd50000-7fc124000000 rw-p 00000000 00:00 0 
7fc124000000-7fc124021000 rw-p 00000000 00:00 0 
7fc124021000-7fc128000000 ---p 00000000 00:00 0 
7fc128000000-7fc128021000 rw-p 00000000 00:00 0 
7fc128021000-7fc12c000000 ---p 00000000 00:00 0 
7fc12c000000-7fc12c021000 rw-p 00000000 00:00 0 
7fc12c021000-7fc130000000 ---p 00000000 00:00 0 
7fc1300bb000-7fc1300bd000 r-xp 00000000 08:02 14947358                   /usr/lib/libXau.so.6.0.0
7fc1300bd000-7fc1302bd000 ---p 00002000 08:02 14947358                   /usr/lib/libXau.so.6.0.0
7fc1302bd000-7fc1302be000 r--p 00002000 08:02 14947358                   /usr/lib/libXau.so.6.0.0
7fc1302be000-7fc1302bf000 rw-p 00003000 08:02 14947358                   /usr/lib/libXau.so.6.0.0
7fc1302bf000-7fc13032e000 r-xp 00000000 08:02 14947569                   /usr/lib/libpcre.so.1.2.5
7fc13032e000-7fc13052d000 ---p 0006f000 08:02 14947569                   /usr/lib/libpcre.so.1.2.5
7fc13052d000-7fc13052e000 r--p 0006e000 08:02 14947569                   /usr/lib/libpcre.so.1.2.5
7fc13052e000-7fc13052f000 rw-p 0006f000 08:02 14947569                   /usr/lib/libpcre.so.1.2.5
7fc13052f000-7fc130537000 r-xp 00000000 08:02 14947435                   /usr/lib/libffi.so.6.0.4
7fc130537000-7fc130736000 ---p 00008000 08:02 14947435                   /usr/lib/libffi.so.6.0.4
7fc130736000-7fc130737000 r--p 00007000 08:02 14947435                   /usr/lib/libffi.so.6.0.4
7fc130737000-7fc130738000 rw-p 00008000 08:02 14947435                   /usr/lib/libffi.so.6.0.4
7fc130738000-7fc13074c000 r-xp 00000000 08:02 14947591                   /usr/lib/libresolv-2.22.so
7fc13074c000-7fc13094b000 ---p 00014000 08:02 14947591                   /usr/lib/libresolv-2.22.so
7fc13094b000-7fc13094c000 r--p 00013000 08:02 14947591                   /usr/lib/libresolv-2.22.so
7fc13094c000-7fc13094d000 rw-p 00014000 08:02 14947591                   /usr/lib/libresolv-2.22.so
7fc13094d000-7fc13094f000 rw-p 00000000 00:00 0 
7fc13094f000-7fc130952000 r-xp 00000000 08:02 14945767                   /usr/lib/libgmodule-2.0.so.0.4600.2
7fc130952000-7fc130b51000 ---p 00003000 08:02 14945767                   /usr/lib/libgmodule-2.0.so.0.4600.2
7fc130b51000-7fc130b52000 r--p 00002000 08:02 14945767                   /usr/lib/libgmodule-2.0.so.0.4600.2
7fc130b52000-7fc130b53000 rw-p 00003000 08:02 14945767                   /usr/lib/libgmodule-2.0.so.0.4600.2
7fc130b53000-7fc130bb5000 r-xp 00000000 08:02 14953538                   /usr/lib/libharfbuzz.so.0.10102.0
7fc130bb5000-7fc130db5000 ---p 00062000 08:02 14953538                   /usr/lib/libharfbuzz.so.0.10102.0
7fc130db5000-7fc130db6000 r--p 00062000 08:02 14953538                   /usr/lib/libharfbuzz.so.0.10102.0
7fc130db6000-7fc130db7000 rw-p 00063000 08:02 14953538                   /usr/lib/libharfbuzz.so.0.10102.0
7fc130db7000-7fc130deb000 r-xp 00000000 08:02 14953416                   /usr/lib/libpng16.so.16.19.0
7fc130deb000-7fc130fea000 ---p 00034000 08:02 14953416                   /usr/lib/libpng16.so.16.19.0
7fc130fea000-7fc130feb000 r--p 00033000 08:02 14953416                   /usr/lib/libpng16.so.16.19.0
7fc130feb000-7fc130fec000 rw-p 00034000 08:02 14953416                   /usr/lib/libpng16.so.16.19.0
7fc130fec000-7fc130ffb000 r-xp 00000000 08:02 14947380                   /usr/lib/libbz2.so.1.0.6
7fc130ffb000-7fc1311fa000 ---p 0000f000 08:02 14947380                   /usr/lib/libbz2.so.1.0.6
7fc1311fa000-7fc1311fc000 rw-p 0000e000 08:02 14947380                   /usr/lib/libbz2.so.1.0.6
7fc1311fc000-7fc131223000 r-xp 00000000 08:02 14947432                   /usr/lib/libexpat.so.1.6.0
7fc131223000-7fc131422000 ---p 00027000 08:02 14947432                   /usr/lib/libexpat.so.1.6.0
7fc131422000-7fc131425000 r--p 00026000 08:02 14947432                   /usr/lib/libexpat.so.1.6.0
7fc131425000-7fc131426000 rw-p 00029000 08:02 14947432                   /usr/lib/libexpat.so.1.6.0
7fc131426000-7fc13142e000 r-xp 00000000 08:02 14947394                   /usr/lib/libcrypt-2.22.so
7fc13142e000-7fc13162e000 ---p 00008000 08:02 14947394                   /usr/lib/libcrypt-2.22.so
7fc13162e000-7fc13162f000 r--p 00008000 08:02 14947394                   /usr/lib/libcrypt-2.22.so
7fc13162f000-7fc131630000 rw-p 00009000 08:02 14947394                   /usr/lib/libcrypt-2.22.so
7fc131630000-7fc13165e000 rw-p 00000000 00:00 0 
7fc13165e000-7fc1316ac000 r-xp 00000000 08:02 14951274                   /usr/lib/libdbus-1.so.3.14.5
7fc1316ac000-7fc1318ac000 ---p 0004e000 08:02 14951274                   /usr/lib/libdbus-1.so.3.14.5
7fc1318ac000-7fc1318ad000 r--p 0004e000 08:02 14951274                   /usr/lib/libdbus-1.so.3.14.5
7fc1318ad000-7fc1318ae000 rw-p 0004f000 08:02 14951274                   /usr/lib/libdbus-1.so.3.14.5
7fc1318ae000-7fc1318af000 rw-p 00000000 00:00 0 
7fc1318af000-7fc1318bf000 r-xp 00000000 08:02 14949079                   /usr/lib/libavahi-client.so.3.2.9
7fc1318bf000-7fc131abe000 ---p 00010000 08:02 14949079                   /usr/lib/libavahi-client.so.3.2.9
7fc131abe000-7fc131abf000 r--p 0000f000 08:02 14949079                   /usr/lib/libavahi-client.so.3.2.9
7fc131abf000-7fc131ac0000 rw-p 00010000 08:02 14949079                   /usr/lib/libavahi-client.so.3.2.9
7fc131ac0000-7fc131acc000 r-xp 00000000 08:02 14949076                   /usr/lib/libavahi-common.so.3.5.3
7fc131acc000-7fc131ccb000 ---p 0000c000 08:02 14949076                   /usr/lib/libavahi-common.so.3.5.3
7fc131ccb000-7fc131ccc000 r--p 0000b000 08:02 14949076                   /usr/lib/libavahi-common.so.3.5.3
7fc131ccc000-7fc131ccd000 rw-p 0000c000 08:02 14949076                   /usr/lib/libavahi-common.so.3.5.3
7fc131ccd000-7fc131df4000 r-xp 00000000 08:02 14945778                   /usr/lib/libgnutls.so.30.5.0
7fc131df4000-7fc131ff4000 ---p 00127000 08:02 14945778                   /usr/lib/libgnutls.so.30.5.0
7fc131ff4000-7fc131fff000 r--p 00127000 08:02 14945778                   /usr/lib/libgnutls.so.30.5.0
7fc131fff000-7fc132002000 rw-p 00132000 08:02 14945778                   /usr/lib/libgnutls.so.30.5.0
7fc132002000-7fc132003000 rw-p 00000000 00:00 0 
7fc132003000-7fc132006000 r-xp 00000000 08:02 14947390                   /usr/lib/libcom_err.so.2.1
7fc132006000-7fc132205000 ---p 00003000 08:02 14947390                   /usr/lib/libcom_err.so.2.1
7fc132205000-7fc132206000 r--p 00002000 08:02 14947390                   /usr/lib/libcom_err.so.2.1
7fc132206000-7fc132207000 rw-p 00003000 08:02 14947390                   /usr/lib/libcom_err.so.2.1
7fc132207000-7fc132235000 r-xp 00000000 08:02 14947483                   /usr/lib/libk5crypto.so.3.1
7fc132235000-7fc132434000 ---p 0002e000 08:02 14947483                   /usr/lib/libk5crypto.so.3.1
7fc132434000-7fc132436000 r--p 0002d000 08:02 14947483                   /usr/lib/libk5crypto.so.3.1
7fc132436000-7fc132437000 rw-p 0002f000 08:02 14947483                   /usr/lib/libk5crypto.so.3.1
7fc132437000-7fc132438000 rw-p 00000000 00:00 0 
7fc132438000-7fc13250d000 r-xp 00000000 08:02 14947492                   /usr/lib/libkrb5.so.3.3
7fc13250d000-7fc13270d000 ---p 000d5000 08:02 14947492                   /usr/lib/libkrb5.so.3.3
7fc13270d000-7fc13271a000 r--p 000d5000 08:02 14947492                   /usr/lib/libkrb5.so.3.3
7fc13271a000-7fc13271d000 rw-p 000e2000 08:02 14947492                   /usr/lib/libkrb5.so.3.3
7fc13271d000-7fc132767000 r-xp 00000000 08:02 14947465                   /usr/lib/libgssapi_krb5.so.2.2
7fc132767000-7fc132966000 ---p 0004a000 08:02 14947465                   /usr/lib/libgssapi_krb5.so.2.2
7fc132966000-7fc132968000 r--p 00049000 08:02 14947465                   /usr/lib/libgssapi_krb5.so.2.2
7fc132968000-7fc13296a000 rw-p 0004b000 08:02 14947465                   /usr/lib/libgssapi_krb5.so.2.2
7fc13296a000-7fc13298b000 r-xp 00000000 08:02 14947661                   /usr/lib/libxcb.so.1.1.0
7fc13298b000-7fc132b8b000 ---p 00021000 08:02 14947661                   /usr/lib/libxcb.so.1.1.0
7fc132b8b000-7fc132b8c000 r--p 00021000 08:02 14947661                   /usr/lib/libxcb.so.1.1.0
7fc132b8c000-7fc132b8d000 rw-p 00022000 08:02 14947661                   /usr/lib/libxcb.so.1.1.0
7fc132b8d000-7fc132c99000 r-xp 00000000 08:02 14945764                   /usr/lib/libglib-2.0.so.0.4600.2
7fc132c99000-7fc132e98000 ---p 0010c000 08:02 14945764                   /usr/lib/libglib-2.0.so.0.4600.2
7fc132e98000-7fc132e99000 r--p 0010b000 08:02 14945764                   /usr/lib/libglib-2.0.so.0.4600.2
7fc132e99000-7fc132e9a000 rw-p 0010c000 08:02 14945764                   /usr/lib/libglib-2.0.so.0.4600.2
7fc132e9a000-7fc132e9b000 rw-p 00000000 00:00 0 
7fc132e9b000-7fc132eec000 r-xp 00000000 08:02 14945769                   /usr/lib/libgobject-2.0.so.0.4600.2
7fc132eec000-7fc1330eb000 ---p 00051000 08:02 14945769                   /usr/lib/libgobject-2.0.so.0.4600.2
7fc1330eb000-7fc1330ec000 r--p 00050000 08:02 14945769                   /usr/lib/libgobject-2.0.so.0.4600.2
7fc1330ec000-7fc1330ed000 rw-p 00051000 08:02 14945769                   /usr/lib/libgobject-2.0.so.0.4600.2
7fc1330ed000-7fc133265000 r-xp 00000000 08:02 14945770                   /usr/lib/libgio-2.0.so.0.4600.2
7fc133265000-7fc133464000 ---p 00178000 08:02 14945770                   /usr/lib/libgio-2.0.so.0.4600.2
7fc133464000-7fc133468000 r--p 00177000 08:02 14945770                   /usr/lib/libgio-2.0.so.0.4600.2
7fc133468000-7fc13346a000 rw-p 0017b000 08:02 14945770                   /usr/lib/libgio-2.0.so.0.4600.2
7fc13346a000-7fc13346c000 rw-p 00000000 00:00 0 
7fc13346c000-7fc133523000 r-xp 00000000 08:02 14956821                   /usr/lib/libfreetype.so.6.12.1
7fc133523000-7fc133722000 ---p 000b7000 08:02 14956821                   /usr/lib/libfreetype.so.6.12.1
7fc133722000-7fc133728000 r--p 000b6000 08:02 14956821                   /usr/lib/libfreetype.so.6.12.1
7fc133728000-7fc133729000 rw-p 000bc000 08:02 14956821                   /usr/lib/libfreetype.so.6.12.1
7fc133729000-7fc133766000 r-xp 00000000 08:02 14956159                   /usr/lib/libfontconfig.so.1.8.0
7fc133766000-7fc133965000 ---p 0003d000 08:02 14956159                   /usr/lib/libfontconfig.so.1.8.0
7fc133965000-7fc133967000 r--p 0003c000 08:02 14956159                   /usr/lib/libfontconfig.so.1.8.0
7fc133967000-7fc133968000 rw-p 0003e000 08:02 14956159                   /usr/lib/libfontconfig.so.1.8.0
7fc133968000-7fc1339e2000 r-xp 00000000 08:02 14956104                   /usr/lib/libcups.so.2
7fc1339e2000-7fc133be2000 ---p 0007a000 08:02 14956104                   /usr/lib/libcups.so.2
7fc133be2000-7fc133bea000 rw-p 0007a000 08:02 14956104                   /usr/lib/libcups.so.2
7fc133bea000-7fc133bf9000 r-xp 00000000 08:02 14955984                   /usr/lib/libXi.so.6.1.0
7fc133bf9000-7fc133df8000 ---p 0000f000 08:02 14955984                   /usr/lib/libXi.so.6.1.0
7fc133df8000-7fc133df9000 r--p 0000e000 08:02 14955984                   /usr/lib/libXi.so.6.1.0
7fc133df9000-7fc133dfa000 rw-p 0000f000 08:02 14955984                   /usr/lib/libXi.so.6.1.0
7fc133dfa000-7fc133dff000 r-xp 00000000 08:02 14955993                   /usr/lib/libXtst.so.6.1.0
7fc133dff000-7fc133ffe000 ---p 00005000 08:02 14955993                   /usr/lib/libXtst.so.6.1.0
7fc133ffe000-7fc133fff000 r--p 00004000 08:02 14955993                   /usr/lib/libXtst.so.6.1.0
7fc133fff000-7fc134000000 rw-p 00005000 08:02 14955993                   /usr/lib/libXtst.so.6.1.0
7fc134000000-7fc134021000 rw-p 00000000 00:00 0 
7fc134021000-7fc138000000 ---p 00000000 00:00 0 
7fc13807e000-7fc1380ce000 rw-s 00000000 00:05 23494679                   /SYSV00000000 (deleted)
7fc1380ce000-7fc13814d000 r-xp 00000000 08:02 14947608                   /usr/lib/libsystemd.so.0.12.0
7fc13814d000-7fc13814e000 ---p 0007f000 08:02 14947608                   /usr/lib/libsystemd.so.0.12.0
7fc13814e000-7fc138151000 r--p 0007f000 08:02 14947608                   /usr/lib/libsystemd.so.0.12.0
7fc138151000-7fc138152000 rw-p 00082000 08:02 14947608                   /usr/lib/libsystemd.so.0.12.0
7fc138152000-7fc13815b000 r-xp 00000000 08:02 14955990                   /usr/lib/libXrender.so.1.3.0
7fc13815b000-7fc13835a000 ---p 00009000 08:02 14955990                   /usr/lib/libXrender.so.1.3.0
7fc13835a000-7fc13835b000 r--p 00008000 08:02 14955990                   /usr/lib/libXrender.so.1.3.0
7fc13835b000-7fc13835c000 rw-p 00009000 08:02 14955990                   /usr/lib/libXrender.so.1.3.0
7fc13835c000-7fc138497000 r-xp 00000000 08:02 14947357                   /usr/lib/libX11.so.6.3.0
7fc138497000-7fc138696000 ---p 0013b000 08:02 14947357                   /usr/lib/libX11.so.6.3.0
7fc138696000-7fc138698000 r--p 0013a000 08:02 14947357                   /usr/lib/libX11.so.6.3.0
7fc138698000-7fc13869d000 rw-p 0013c000 08:02 14947357                   /usr/lib/libX11.so.6.3.0
7fc13869d000-7fc13869e000 rw-p 00000000 00:00 0 
7fc13869e000-7fc1386af000 r-xp 00000000 08:02 14947361                   /usr/lib/libXext.so.6.4.0
7fc1386af000-7fc1388ae000 ---p 00011000 08:02 14947361                   /usr/lib/libXext.so.6.4.0
7fc1388ae000-7fc1388af000 r--p 00010000 08:02 14947361                   /usr/lib/libXext.so.6.4.0
7fc1388af000-7fc1388b0000 rw-p 00011000 08:02 14947361                   /usr/lib/libXext.so.6.4.0
7fc1388b5000-7fc1388e5000 r--p 00000000 08:02 15467783                   /usr/share/locale/ru/LC_MESSAGES/libc.mo
7fc1388e5000-7fc13892c000 r-xp 00000000 08:02 16130267                   /usr/lib/jvm/java-7-openjdk/jre/lib/amd64/xawt/libmawt.so
7fc13892c000-7fc138b2c000 ---p 00047000 08:02 16130267                   /usr/lib/jvm/java-7-openjdk/jre/lib/amd64/xawt/libmawt.so
7fc138b2c000-7fc138b2f000 rw-p 00047000 08:02 16130267                   /usr/lib/jvm/java-7-openjdk/jre/lib/amd64/xawt/libmawt.so
7fc138b2f000-7fc138b30000 rw-p 00000000 00:00 0 
7fc138b30000-7fc138bce000 r-xp 00000000 08:02 15742067                   /usr/lib/jvm/java-7-openjdk/jre/lib/amd64/libawt.so
7fc138bce000-7fc138dce000 ---p 0009e000 08:02 15742067                   /usr/lib/jvm/java-7-openjdk/jre/lib/amd64/libawt.so
7fc138dce000-7fc138dda000 rw-p 0009e000 08:02 15742067                   /usr/lib/jvm/java-7-openjdk/jre/lib/amd64/libawt.so
7fc138dda000-7fc138dfe000 rw-p 00000000 00:00 0 
7fc138dfe000-7fc138dff000 ---p 00000000 00:00 0 
7fc138dff000-7fc138eff000 rw-p 00000000 00:00 0                          [stack:14620]
7fc138eff000-7fc138f02000 ---p 00000000 00:00 0 
7fc138f02000-7fc139000000 rw-p 00000000 00:00 0                          [stack:14619]
7fc139000000-7fc139270000 rwxp 00000000 00:00 0 
7fc139270000-7fc13c2b2000 rw-p 00000000 00:00 0 
7fc13c2b2000-7fc140000000 ---p 00000000 00:00 0 
7fc140002000-7fc140003000 rw-p 00000000 00:00 0 
7fc140003000-7fc14000d000 r--s 000ae000 08:02 15740968                   /usr/lib/jvm/java-7-openjdk/jre/lib/resources.jar
7fc14000d000-7fc14000e000 r--s 00009000 08:02 2622325                    /home/fedor-m/.m2/repository/org/bytedeco/javacpp-presets/flandmark/1.07-1.1/flandmark-1.07-1.1-linux-x86_64.jar
7fc14000e000-7fc14000f000 r--s 00002000 08:02 2622323                    /home/fedor-m/.m2/repository/org/bytedeco/javacpp-presets/flandmark/1.07-1.1/flandmark-1.07-1.1.jar
7fc14000f000-7fc140011000 r--s 0002a000 08:02 2622321                    /home/fedor-m/.m2/repository/org/bytedeco/javacpp-presets/artoolkitplus/2.3.1-1.1/artoolkitplus-2.3.1-1.1-linux-x86_64.jar
7fc140011000-7fc140012000 r--s 00005000 08:02 2622319                    /home/fedor-m/.m2/repository/org/bytedeco/javacpp-presets/artoolkitplus/2.3.1-1.1/artoolkitplus-2.3.1-1.1.jar
7fc140012000-7fc140013000 r--s 00000000 08:02 2622317                    /home/fedor-m/.m2/repository/org/bytedeco/javacpp-presets/videoinput/0.200-1.1/videoinput-0.200-1.1-linux-x86_64.jar
7fc140013000-7fc140014000 r--s 00003000 08:02 2622315                    /home/fedor-m/.m2/repository/org/bytedeco/javacpp-presets/videoinput/0.200-1.1/videoinput-0.200-1.1.jar
7fc140014000-7fc140015000 r--s 00014000 08:02 2622313                    /home/fedor-m/.m2/repository/org/bytedeco/javacpp-presets/libfreenect/0.5.3-1.1/libfreenect-0.5.3-1.1-linux-x86_64.jar
7fc140015000-7fc140017000 r--s 00004000 08:02 2622311                    /home/fedor-m/.m2/repository/org/bytedeco/javacpp-presets/libfreenect/0.5.3-1.1/libfreenect-0.5.3-1.1.jar
7fc140017000-7fc140018000 r--s 00027000 08:02 2622309                    /home/fedor-m/.m2/repository/org/bytedeco/javacpp-presets/libdc1394/2.2.3-1.1/libdc1394-2.2.3-1.1-linux-x86_64.jar
7fc140018000-7fc14001a000 r--s 00006000 08:02 2622307                    /home/fedor-m/.m2/repository/org/bytedeco/javacpp-presets/libdc1394/2.2.3-1.1/libdc1394-2.2.3-1.1.jar
7fc14001a000-7fc14001c000 r--s 0003a000 08:02 2622305                    /home/fedor-m/.m2/repository/org/bytedeco/javacpp-presets/flycapture/2.8.3.1-1.1/flycapture-2.8.3.1-1.1-linux-x86_64.jar
7fc14001c000-7fc140020000 r--s 0001f000 08:02 2622303                    /home/fedor-m/.m2/repository/org/bytedeco/javacpp-presets/flycapture/2.8.3.1-1.1/flycapture-2.8.3.1-1.1.jar
7fc140020000-7fc140027000 r--s 00033000 08:02 2622299                    /home/fedor-m/.m2/repository/org/bytedeco/javacpp-presets/ffmpeg/2.8.1-1.1/ffmpeg-2.8.1-1.1.jar
7fc140027000-7fc140029000 r--s 0076b000 08:02 2622297                    /home/fedor-m/.m2/repository/org/bytedeco/javacpp-presets/opencv/3.0.0-1.1/opencv-3.0.0-1.1-linux-x86_64.jar
7fc140029000-7fc140038000 r--s 00088000 08:02 2622295                    /home/fedor-m/.m2/repository/org/bytedeco/javacpp-presets/opencv/3.0.0-1.1/opencv-3.0.0-1.1.jar
7fc140038000-7fc14003c000 r--s 0003a000 08:02 2622327                    /home/fedor-m/.m2/repository/org/bytedeco/javacpp/1.1/javacpp-1.1.jar
7fc14003c000-7fc140047000 r--s 00203000 08:02 15740966                   /usr/lib/jvm/java-7-openjdk/jre/lib/charsets.jar
7fc140047000-7fc14004a000 ---p 00000000 00:00 0 
7fc14004a000-7fc140148000 rw-p 00000000 00:00 0                          [stack:14618]
7fc140148000-7fc14014b000 ---p 00000000 00:00 0 
7fc14014b000-7fc140249000 rw-p 00000000 00:00 0                          [stack:14617]
7fc140249000-7fc14024c000 ---p 00000000 00:00 0 
7fc14024c000-7fc14034a000 rw-p 00000000 00:00 0                          [stack:14616]
7fc14034a000-7fc140648000 r--p 00000000 08:02 14956685                   /usr/lib/locale/locale-archive
7fc140648000-7fc14064b000 ---p 00000000 00:00 0 
7fc14064b000-7fc140749000 rw-p 00000000 00:00 0                          [stack:14615]
7fc140749000-7fc14074c000 ---p 00000000 00:00 0 
7fc14074c000-7fc14084a000 rw-p 00000000 00:00 0                          [stack:14614]
7fc14084a000-7fc14084b000 ---p 00000000 00:00 0 
7fc14084b000-7fc141948000 rw-p 00000000 00:00 0                          [stack:14613]
7fc141948000-7fc141afa000 r--s 01d2e000 08:02 15740967                   /usr/lib/jvm/java-7-openjdk/jre/lib/rt.jar
7fc141afa000-7fc14201e000 rw-p 00000000 00:00 0 
7fc14201e000-7fc14201f000 ---p 00000000 00:00 0 
7fc14201f000-7fc14211f000 rw-p 00000000 00:00 0                          [stack:14612]
7fc14211f000-7fc142120000 ---p 00000000 00:00 0 
7fc142120000-7fc142220000 rw-p 00000000 00:00 0                          [stack:14611]
7fc142220000-7fc142221000 ---p 00000000 00:00 0 
7fc142221000-7fc142321000 rw-p 00000000 00:00 0                          [stack:14610]
7fc142321000-7fc142322000 ---p 00000000 00:00 0 
7fc142322000-7fc14242d000 rw-p 00000000 00:00 0                          [stack:14609]
7fc14242d000-7fc142475000 rw-p 00000000 00:00 0 
7fc142475000-7fc14249e000 rw-p 00000000 00:00 0 
7fc14249e000-7fc142705000 rw-p 00000000 00:00 0 
7fc142705000-7fc142710000 rw-p 00000000 00:00 0 
7fc142710000-7fc142758000 rw-p 00000000 00:00 0 
7fc142758000-7fc142781000 rw-p 00000000 00:00 0 
7fc142781000-7fc1429e8000 rw-p 00000000 00:00 0 
7fc1429e8000-7fc142a66000 rw-p 00000000 00:00 0 
7fc142a66000-7fc142a69000 ---p 00000000 00:00 0 
7fc142a69000-7fc142b30000 rw-p 00000000 00:00 0 
7fc142b30000-7fc142b31000 rw-p 00000000 00:00 0 
7fc142b31000-7fc142b39000 r-xp 00000000 08:02 15742053                   /usr/lib/jvm/java-7-openjdk/jre/lib/amd64/libzip.so
7fc142b39000-7fc142d38000 ---p 00008000 08:02 15742053                   /usr/lib/jvm/java-7-openjdk/jre/lib/amd64/libzip.so
7fc142d38000-7fc142d39000 rw-p 00007000 08:02 15742053                   /usr/lib/jvm/java-7-openjdk/jre/lib/amd64/libzip.so
7fc142d39000-7fc142d44000 r-xp 00000000 08:02 14947543                   /usr/lib/libnss_files-2.22.so
7fc142d44000-7fc142f43000 ---p 0000b000 08:02 14947543                   /usr/lib/libnss_files-2.22.so
7fc142f43000-7fc142f44000 r--p 0000a000 08:02 14947543                   /usr/lib/libnss_files-2.22.so
7fc142f44000-7fc142f45000 rw-p 0000b000 08:02 14947543                   /usr/lib/libnss_files-2.22.so
7fc142f45000-7fc142f4b000 rw-p 00000000 00:00 0 
7fc142f4b000-7fc142f76000 r-xp 00000000 08:02 15742052                   /usr/lib/jvm/java-7-openjdk/jre/lib/amd64/libjava.so
7fc142f76000-7fc143176000 ---p 0002b000 08:02 15742052                   /usr/lib/jvm/java-7-openjdk/jre/lib/amd64/libjava.so
7fc143176000-7fc143178000 rw-p 0002b000 08:02 15742052                   /usr/lib/jvm/java-7-openjdk/jre/lib/amd64/libjava.so
7fc143178000-7fc143185000 r-xp 00000000 08:02 15742051                   /usr/lib/jvm/java-7-openjdk/jre/lib/amd64/libverify.so
7fc143185000-7fc143384000 ---p 0000d000 08:02 15742051                   /usr/lib/jvm/java-7-openjdk/jre/lib/amd64/libverify.so
7fc143384000-7fc143386000 rw-p 0000c000 08:02 15742051                   /usr/lib/jvm/java-7-openjdk/jre/lib/amd64/libverify.so
7fc143386000-7fc14338d000 r-xp 00000000 08:02 14947594                   /usr/lib/librt-2.22.so
7fc14338d000-7fc14358c000 ---p 00007000 08:02 14947594                   /usr/lib/librt-2.22.so
7fc14358c000-7fc14358d000 r--p 00006000 08:02 14947594                   /usr/lib/librt-2.22.so
7fc14358d000-7fc14358e000 rw-p 00007000 08:02 14947594                   /usr/lib/librt-2.22.so
7fc14358e000-7fc1435a4000 r-xp 00000000 08:02 14947443                   /usr/lib/libgcc_s.so.1
7fc1435a4000-7fc1437a3000 ---p 00016000 08:02 14947443                   /usr/lib/libgcc_s.so.1
7fc1437a3000-7fc1437a4000 rw-p 00015000 08:02 14947443                   /usr/lib/libgcc_s.so.1
7fc1437a4000-7fc1438a1000 r-xp 00000000 08:02 14947504                   /usr/lib/libm-2.22.so
7fc1438a1000-7fc143aa0000 ---p 000fd000 08:02 14947504                   /usr/lib/libm-2.22.so
7fc143aa0000-7fc143aa1000 r--p 000fc000 08:02 14947504                   /usr/lib/libm-2.22.so
7fc143aa1000-7fc143aa2000 rw-p 000fd000 08:02 14947504                   /usr/lib/libm-2.22.so
7fc143aa2000-7fc143c14000 r-xp 00000000 08:02 14947606                   /usr/lib/libstdc++.so.6.0.21
7fc143c14000-7fc143e14000 ---p 00172000 08:02 14947606                   /usr/lib/libstdc++.so.6.0.21
7fc143e14000-7fc143e1e000 r--p 00172000 08:02 14947606                   /usr/lib/libstdc++.so.6.0.21
7fc143e1e000-7fc143e20000 rw-p 0017c000 08:02 14947606                   /usr/lib/libstdc++.so.6.0.21
7fc143e20000-7fc143e24000 rw-p 00000000 00:00 0 
7fc143e24000-7fc144974000 r-xp 00000000 08:02 16130264                   /usr/lib/jvm/java-7-openjdk/jre/lib/amd64/server/libjvm.so
7fc144974000-7fc144b73000 ---p 00b50000 08:02 16130264                   /usr/lib/jvm/java-7-openjdk/jre/lib/amd64/server/libjvm.so
7fc144b73000-7fc144c27000 rw-p 00b4f000 08:02 16130264                   /usr/lib/jvm/java-7-openjdk/jre/lib/amd64/server/libjvm.so
7fc144c27000-7fc144c52000 rw-p 00000000 00:00 0 
7fc144c52000-7fc144c67000 r-xp 00000000 08:02 14947665                   /usr/lib/libz.so.1.2.8
7fc144c67000-7fc144e66000 ---p 00015000 08:02 14947665                   /usr/lib/libz.so.1.2.8
7fc144e66000-7fc144e67000 r--p 00014000 08:02 14947665                   /usr/lib/libz.so.1.2.8
7fc144e67000-7fc144e68000 rw-p 00015000 08:02 14947665                   /usr/lib/libz.so.1.2.8
7fc144e68000-7fc145003000 r-xp 00000000 08:02 14947381                   /usr/lib/libc-2.22.so
7fc145003000-7fc145202000 ---p 0019b000 08:02 14947381                   /usr/lib/libc-2.22.so
7fc145202000-7fc145206000 r--p 0019a000 08:02 14947381                   /usr/lib/libc-2.22.so
7fc145206000-7fc145208000 rw-p 0019e000 08:02 14947381                   /usr/lib/libc-2.22.so
7fc145208000-7fc14520c000 rw-p 00000000 00:00 0 
7fc14520c000-7fc14520f000 r-xp 00000000 08:02 14947409                   /usr/lib/libdl-2.22.so
7fc14520f000-7fc14540e000 ---p 00003000 08:02 14947409                   /usr/lib/libdl-2.22.so
7fc14540e000-7fc14540f000 r--p 00002000 08:02 14947409                   /usr/lib/libdl-2.22.so
7fc14540f000-7fc145410000 rw-p 00003000 08:02 14947409                   /usr/lib/libdl-2.22.so
7fc145410000-7fc14541d000 r-xp 00000000 08:02 16128183                   /usr/lib/jvm/java-7-openjdk/jre/lib/amd64/jli/libjli.so
7fc14541d000-7fc14561c000 ---p 0000d000 08:02 16128183                   /usr/lib/jvm/java-7-openjdk/jre/lib/amd64/jli/libjli.so
7fc14561c000-7fc14561d000 rw-p 0000c000 08:02 16128183                   /usr/lib/jvm/java-7-openjdk/jre/lib/amd64/jli/libjli.so
7fc14561d000-7fc145635000 r-xp 00000000 08:02 14947580                   /usr/lib/libpthread-2.22.so
7fc145635000-7fc145834000 ---p 00018000 08:02 14947580                   /usr/lib/libpthread-2.22.so
7fc145834000-7fc145835000 r--p 00017000 08:02 14947580                   /usr/lib/libpthread-2.22.so
7fc145835000-7fc145836000 rw-p 00018000 08:02 14947580                   /usr/lib/libpthread-2.22.so
7fc145836000-7fc14583a000 rw-p 00000000 00:00 0 
7fc14583a000-7fc14585c000 r-xp 00000000 08:02 14947350                   /usr/lib/ld-2.22.so
7fc14585c000-7fc145860000 r--s 00056000 08:02 53087107                   /home/fedor-m/.m2/repository/org/bytedeco/javacv/1.1/javacv-1.1.jar
7fc145860000-7fc14586a000 rw-p 00000000 00:00 0 
7fc14586a000-7fc145920000 rw-p 00000000 00:00 0 
7fc145920000-7fc145923000 ---p 00000000 00:00 0 
7fc145923000-7fc145a25000 rw-p 00000000 00:00 0                          [stack:14608]
7fc145a25000-7fc145a26000 r--s 00a24000 08:02 2622301                    /home/fedor-m/.m2/repository/org/bytedeco/javacpp-presets/ffmpeg/2.8.1-1.1/ffmpeg-2.8.1-1.1-linux-x86_64.jar
7fc145a26000-7fc145a50000 rw-p 00000000 00:00 0 
7fc145a50000-7fc145a58000 rw-s 00000000 00:22 32                         /tmp/hsperfdata_fedor-m/14603
7fc145a58000-7fc145a59000 rw-p 00000000 00:00 0 
7fc145a59000-7fc145a5a000 r--p 00000000 00:00 0 
7fc145a5a000-7fc145a5b000 rw-p 00000000 00:00 0 
7fc145a5b000-7fc145a5c000 r--p 00021000 08:02 14947350                   /usr/lib/ld-2.22.so
7fc145a5c000-7fc145a5d000 rw-p 00022000 08:02 14947350                   /usr/lib/ld-2.22.so
7fc145a5d000-7fc145a5e000 rw-p 00000000 00:00 0 
7ffcf9377000-7ffcf9398000 rw-p 00000000 00:00 0                          [stack]
7ffcf93d4000-7ffcf93d6000 r--p 00000000 00:00 0                          [vvar]
7ffcf93d6000-7ffcf93d8000 r-xp 00000000 00:00 0                          [vdso]
ffffffffff600000-ffffffffff601000 r-xp 00000000 00:00 0                  [vsyscall]

VM Arguments:
jvm_args: -Dfile.encoding=UTF-8 
java_command: ru.ang5545.scanning_system_2.App
Launcher Type: SUN_STANDARD

Environment Variables:
JAVA_HOME=/usr/lib/jvm/java-8-openjdk
JRE_HOME=/usr/lib/jvm/java-8-openjdk
PATH=/usr/local/sbin:/usr/local/bin:/usr/bin:/home/fedor-m/bin:/usr/lib/jvm/java-8-openjdk/bin:/home/fedor-m/bin:/usr/lib/jvm/java-8-openjdk/bin:/usr/lib/jvm/default/bin:/usr/bin/site_perl:/usr/bin/vendor_perl:/usr/bin/core_perl
LD_LIBRARY_PATH=\/usr\/lib
SHELL=/bin/bash
DISPLAY=:0.0

Signal Handlers:
SIGSEGV: [libjvm.so+0x995100], sa_mask[0]=0x7ffbfeff, sa_flags=0x10000004
SIGBUS: [libjvm.so+0x995100], sa_mask[0]=0x7ffbfeff, sa_flags=0x10000004
SIGFPE: [libjvm.so+0x7fc350], sa_mask[0]=0x7ffbfeff, sa_flags=0x10000004
SIGPIPE: [libjvm.so+0x7fc350], sa_mask[0]=0x7ffbfeff, sa_flags=0x10000004
SIGXFSZ: [libjvm.so+0x7fc350], sa_mask[0]=0x7ffbfeff, sa_flags=0x10000004
SIGILL: [libjvm.so+0x7fc350], sa_mask[0]=0x7ffbfeff, sa_flags=0x10000004
SIGUSR1: SIG_DFL, sa_mask[0]=0x00000000, sa_flags=0x00000000
SIGUSR2: [libjvm.so+0x7fc1d0], sa_mask[0]=0x00000004, sa_flags=0x10000004
SIGHUP: [libjvm.so+0x7fc360], sa_mask[0]=0x7ffbfeff, sa_flags=0x10000004
SIGINT: [libjvm.so+0x7fc360], sa_mask[0]=0x7ffbfeff, sa_flags=0x10000004
SIGTERM: [libjvm.so+0x7fc360], sa_mask[0]=0x7ffbfeff, sa_flags=0x10000004
SIGQUIT: [libjvm.so+0x7fc360], sa_mask[0]=0x7ffbfeff, sa_flags=0x10000004
SIGTRAP: SIG_DFL, sa_mask[0]=0x00000000, sa_flags=0x00000000


---------------  S Y S T E M  ---------------

OS:ManjaroLinux 15.09 (Bellatrix)
uname:Linux 4.1.13-1-MANJARO #1 SMP PREEMPT Tue Nov 10 22:11:15 UTC 2015 x86_64
libc:glibc 2.22 NPTL 2.22 
rlimit: STACK 8192k, CORE 0k, NPROC 30594, NOFILE 4096, AS infinity
load average:0,54 0,37 0,33

/proc/meminfo:
MemTotal:        8059640 kB
MemFree:         3227280 kB
MemAvailable:    5067524 kB
Buffers:          293208 kB
Cached:          1681880 kB
SwapCached:            0 kB
Active:          3382780 kB
Inactive:        1076104 kB
Active(anon):    2501948 kB
Inactive(anon):   291408 kB
Active(file):     880832 kB
Inactive(file):   784696 kB
Unevictable:         136 kB
Mlocked:             136 kB
SwapTotal:       9227464 kB
SwapFree:        9227464 kB
Dirty:                72 kB
Writeback:             0 kB
AnonPages:       2484268 kB
Mapped:           570100 kB
Shmem:            309492 kB
Slab:             248832 kB
SReclaimable:     216980 kB
SUnreclaim:        31852 kB
KernelStack:        7856 kB
PageTables:        38684 kB
NFS_Unstable:          0 kB
Bounce:                0 kB
WritebackTmp:          0 kB
CommitLimit:    13257284 kB
Committed_AS:    5760724 kB
VmallocTotal:   34359738367 kB
VmallocUsed:      385768 kB
VmallocChunk:   34358947836 kB
HardwareCorrupted:     0 kB
AnonHugePages:   1550336 kB
HugePages_Total:       0
HugePages_Free:        0
HugePages_Rsvd:        0
HugePages_Surp:        0
Hugepagesize:       2048 kB
DirectMap4k:      137136 kB
DirectMap2M:     7081984 kB
DirectMap1G:     2097152 kB


CPU:total 4 (4 cores per cpu, 1 threads per core) family 6 model 60 stepping 3, cmov, cx8, fxsr, mmx, sse, sse2, sse3, ssse3, sse4.1, sse4.2, popcnt, avx, avx2, aes, erms, tsc, tscinvbit

/proc/cpuinfo:
processor	: 0
vendor_id	: GenuineIntel
cpu family	: 6
model		: 60
model name	: Intel(R) Core(TM) i5-4440 CPU @ 3.10GHz
stepping	: 3
microcode	: 0x1c
cpu MHz		: 3299.925
cache size	: 6144 KB
physical id	: 0
siblings	: 4
core id		: 0
cpu cores	: 4
apicid		: 0
initial apicid	: 0
fpu		: yes
fpu_exception	: yes
cpuid level	: 13
wp		: yes
flags		: fpu vme de pse tsc msr pae mce cx8 apic sep mtrr pge mca cmov pat pse36 clflush dts acpi mmx fxsr sse sse2 ss ht tm pbe syscall nx pdpe1gb rdtscp lm constant_tsc arch_perfmon pebs bts rep_good nopl xtopology nonstop_tsc aperfmperf eagerfpu pni pclmulqdq dtes64 monitor ds_cpl vmx est tm2 ssse3 fma cx16 xtpr pdcm pcid sse4_1 sse4_2 x2apic movbe popcnt tsc_deadline_timer aes xsave avx f16c rdrand lahf_lm abm ida arat pln pts dtherm tpr_shadow vnmi flexpriority ept vpid fsgsbase tsc_adjust bmi1 avx2 smep bmi2 erms invpcid xsaveopt
bugs		:
bogomips	: 6188.51
clflush size	: 64
cache_alignment	: 64
address sizes	: 39 bits physical, 48 bits virtual
power management:

processor	: 1
vendor_id	: GenuineIntel
cpu family	: 6
model		: 60
model name	: Intel(R) Core(TM) i5-4440 CPU @ 3.10GHz
stepping	: 3
microcode	: 0x1c
cpu MHz		: 3151.707
cache size	: 6144 KB
physical id	: 0
siblings	: 4
core id		: 1
cpu cores	: 4
apicid		: 2
initial apicid	: 2
fpu		: yes
fpu_exception	: yes
cpuid level	: 13
wp		: yes
flags		: fpu vme de pse tsc msr pae mce cx8 apic sep mtrr pge mca cmov pat pse36 clflush dts acpi mmx fxsr sse sse2 ss ht tm pbe syscall nx pdpe1gb rdtscp lm constant_tsc arch_perfmon pebs bts rep_good nopl xtopology nonstop_tsc aperfmperf eagerfpu pni pclmulqdq dtes64 monitor ds_cpl vmx est tm2 ssse3 fma cx16 xtpr pdcm pcid sse4_1 sse4_2 x2apic movbe popcnt tsc_deadline_timer aes xsave avx f16c rdrand lahf_lm abm ida arat pln pts dtherm tpr_shadow vnmi flexpriority ept vpid fsgsbase tsc_adjust bmi1 avx2 smep bmi2 erms invpcid xsaveopt
bugs		:
bogomips	: 6188.51
clflush size	: 64
cache_alignment	: 64
address sizes	: 39 bits physical, 48 bits virtual
power management:

processor	: 2
vendor_id	: GenuineIntel
cpu family	: 6
model		: 60
model name	: Intel(R) Core(TM) i5-4440 CPU @ 3.10GHz
stepping	: 3
microcode	: 0x1c
cpu MHz		: 3299.562
cache size	: 6144 KB
physical id	: 0
siblings	: 4
core id		: 2
cpu cores	: 4
apicid		: 4
initial apicid	: 4
fpu		: yes
fpu_exception	: yes
cpuid level	: 13
wp		: yes
flags		: fpu vme de pse tsc msr pae mce cx8 apic sep mtrr pge mca cmov pat pse36 clflush dts acpi mmx fxsr sse sse2 ss ht tm pbe syscall nx pdpe1gb rdtscp lm constant_tsc arch_perfmon pebs bts rep_good nopl xtopology nonstop_tsc aperfmperf eagerfpu pni pclmulqdq dtes64 monitor ds_cpl vmx est tm2 ssse3 fma cx16 xtpr pdcm pcid sse4_1 sse4_2 x2apic movbe popcnt tsc_deadline_timer aes xsave avx f16c rdrand lahf_lm abm ida arat pln pts dtherm tpr_shadow vnmi flexpriority ept vpid fsgsbase tsc_adjust bmi1 avx2 smep bmi2 erms invpcid xsaveopt
bugs		:
bogomips	: 6188.51
clflush size	: 64
cache_alignment	: 64
address sizes	: 39 bits physical, 48 bits virtual
power management:

processor	: 3
vendor_id	: GenuineIntel
cpu family	: 6
model		: 60
model name	: Intel(R) Core(TM) i5-4440 CPU @ 3.10GHz
stepping	: 3
microcode	: 0x1c
cpu MHz		: 3299.925
cache size	: 6144 KB
physical id	: 0
siblings	: 4
core id		: 3
cpu cores	: 4
apicid		: 6
initial apicid	: 6
fpu		: yes
fpu_exception	: yes
cpuid level	: 13
wp		: yes
flags		: fpu vme de pse tsc msr pae mce cx8 apic sep mtrr pge mca cmov pat pse36 clflush dts acpi mmx fxsr sse sse2 ss ht tm pbe syscall nx pdpe1gb rdtscp lm constant_tsc arch_perfmon pebs bts rep_good nopl xtopology nonstop_tsc aperfmperf eagerfpu pni pclmulqdq dtes64 monitor ds_cpl vmx est tm2 ssse3 fma cx16 xtpr pdcm pcid sse4_1 sse4_2 x2apic movbe popcnt tsc_deadline_timer aes xsave avx f16c rdrand lahf_lm abm ida arat pln pts dtherm tpr_shadow vnmi flexpriority ept vpid fsgsbase tsc_adjust bmi1 avx2 smep bmi2 erms invpcid xsaveopt
bugs		:
bogomips	: 6188.51
clflush size	: 64
cache_alignment	: 64
address sizes	: 39 bits physical, 48 bits virtual
power management:



Memory: 4k page, physical 8059640k(3227280k free), swap 9227464k(9227464k free)

vm_info: OpenJDK 64-Bit Server VM (24.91-b01) for linux-amd64 JRE (1.7.0_91-b02), built on Nov 18 2015 11:22:39 by "builduser" with gcc 5.2.0

time: Fri Apr 15 17:40:11 2016
elapsed time: 25 seconds

