#
# A fatal error has been detected by the Java Runtime Environment:
#
#  SIGSEGV (0xb) at pc=0x00007f18eeed1158, pid=15090, tid=139745038604032
#
# JRE version: OpenJDK Runtime Environment (7.0_91-b02) (build 1.7.0_91-b02)
# Java VM: OpenJDK 64-Bit Server VM (24.91-b01 mixed mode linux-amd64 compressed oops)
# Derivative: IcedTea 2.6.3
# Distribution: Custom build (Wed Nov 18 11:18:35 UTC 2015)
# Problematic frame:
# C  [libopencv_imgproc.so.3.0+0x218158]  cvApproxPoly+0x388
#
# Failed to write core dump. Core dumps have been disabled. To enable core dumping, try "ulimit -c unlimited" before starting Java again
#
# If you would like to submit a bug report, please include
# instructions on how to reproduce the bug and visit:
#   http://icedtea.classpath.org/bugzilla
# The crash happened outside the Java Virtual Machine in native code.
# See problematic frame for where to report the bug.
#

---------------  T H R E A D  ---------------

Current thread (0x00007f18e4364800):  JavaThread "SwingWorker-pool-1-thread-1" daemon [_thread_in_native, id=15115, stack(0x00007f18ed529000,0x00007f18ed62a000)]

siginfo:si_signo=SIGSEGV: si_errno=0, si_code=1 (SEGV_MAPERR), si_addr=0x0000000000000008

Registers:
RAX=0x0000000000000000, RBX=0x00007f18d08800d8, RCX=0x0000000000000000, RDX=0x0000000000000000
RSP=0x00007f18ed627a40, RBP=0x0000000000000000, RSI=0x000000000000190a, RDI=0xffffffffffffffff
R8 =0x000000000000c840, R9 =0x000000000000c861, R10=0x0000000000000036, R11=0x00007f193b16d334
R12=0x0000000000000000, R13=0x00007f18d087b520, R14=0x00007f18d0881948, R15=0x0000000000000c85
RIP=0x00007f18eeed1158, EFLAGS=0x0000000000010246, CSGSFS=0x0000000000000033, ERR=0x0000000000000004
  TRAPNO=0x000000000000000e

Top of Stack: (sp=0x00007f18ed627a40)
0x00007f18ed627a40:   0000000000000000 0000000000000080
0x00007f18ed627a50:   4074b64d12100000 0000000100000000
0x00007f18ed627a60:   00007f18d0008fb0 00007f18ed627be0
0x00007f18ed627a70:   00007f18ed627b10 00007f18ed627b20
0x00007f18ed627a80:   00007f18ed628030 00007f18ed627b30
0x00007f18ed627a90:   00007f18ef8e5330 0000000242ff4000
0x00007f18ed627aa0:   0000000000000000 0000000000000000
0x00007f18ed627ab0:   0000000242ff400c 0000000000000000
0x00007f18ed627ac0:   0000000000000000 0000000000000000
0x00007f18ed627ad0:   0000000000000000 0000000000000000
0x00007f18ed627ae0:   0000000000000000 0000000000000000
0x00007f18ed627af0:   00007f18ed627ab8 00007f18ed627b00
0x00007f18ed627b00:   0000000000000008 0000000000000008
0x00007f18ed627b10:   0000000000000000 0000000000000000
0x00007f18ed627b20:   0000000000000000 0000000000000000
0x00007f18ed627b30:   0000000000000000 00007f18ed627b00
0x00007f18ed627b40:   00007f18ed627b70 0000000000000500
0x00007f18ed627b50:   0000000000000000 0000000000000000
0x00007f18ed627b60:   3ff0000000000000 00007f1800000000
0x00007f18ed627b70:   0000000000000000 0000000000000000
0x00007f18ed627b80:   00000000000003d8 0000003000000030
0x00007f18ed627b90:   0000031100000163 0000000100000001
0x00007f18ed627ba0:   00007f19310003d0 00007f1900000000
0x00007f18ed627bb0:   00007f18ed627c60 00007f18ed627d80
0x00007f18ed627bc0:   0000000000000000 0000000000000000
0x00007f18ed627bd0:   00007f18d083ecd0 00007f18ef56dc70
0x00007f18ed627be0:   00007f18d087b520 000000000000190a
0x00007f18ed627bf0:   0000000000000000 0000000000000000
0x00007f18ed627c00:   0000000000000000 0000000000000000
0x00007f18ed627c10:   0000000000000000 0000000000000000
0x00007f18ed627c20:   0000000000000000 0000000000000000
0x00007f18ed627c30:   0000000000000000 0000000000000000 

Instructions: (pc=0x00007f18eeed1158)
0x00007f18eeed1138:   a8 01 00 00 49 63 c7 4d 8d 74 c5 00 8b 03 89 c2
0x00007f18eeed1148:   c1 ea 0e 89 d1 48 8b 53 58 83 e1 01 88 4c 24 1f
0x00007f18eeed1158:   48 3b 52 08 0f 84 9e 02 00 00 48 ba 00 00 00 00
0x00007f18eeed1168:   ff ff ff 3f 4c 89 ee 48 89 df e8 49 9a e1 ff 8b 

Register to memory mapping:

RAX=0x0000000000000000 is an unknown value
RBX=0x00007f18d08800d8 is an unknown value
RCX=0x0000000000000000 is an unknown value
RDX=0x0000000000000000 is an unknown value
RSP=0x00007f18ed627a40 is pointing into the stack for thread: 0x00007f18e4364800
RBP=0x0000000000000000 is an unknown value
RSI=0x000000000000190a is an unknown value
RDI=0xffffffffffffffff is an unknown value
R8 =0x000000000000c840 is an unknown value
R9 =0x000000000000c861 is an unknown value
R10=0x0000000000000036 is an unknown value
R11=0x00007f193b16d334: <offset 0xe14334> in /usr/lib/jvm/java-7-openjdk/jre/lib/amd64/server/libjvm.so at 0x00007f193a359000
R12=0x0000000000000000 is an unknown value
R13=0x00007f18d087b520 is an unknown value
R14=0x00007f18d0881948 is an unknown value
R15=0x0000000000000c85 is an unknown value


Stack: [0x00007f18ed529000,0x00007f18ed62a000],  sp=0x00007f18ed627a40,  free space=1018k
Native frames: (J=compiled Java code, j=interpreted, Vv=VM code, C=native code)
C  [libopencv_imgproc.so.3.0+0x218158]  cvApproxPoly+0x388

[error occurred during error reporting (printing native stack), id 0xb]

Java frames: (J=compiled Java code, j=interpreted, Vv=VM code)
j  org.bytedeco.javacpp.opencv_imgproc.cvApproxPoly(Lorg/bytedeco/javacpp/Pointer;ILorg/bytedeco/javacpp/opencv_core$CvMemStorage;ID)Lorg/bytedeco/javacpp/opencv_core$CvSeq;+0
j  ru.ang5545.scanning_system_2.image_processing.ContourHandler.getPoints(Lorg/bytedeco/javacpp/opencv_core$CvSeq;)[Lorg/bytedeco/javacpp/opencv_core$CvPoint;+34
j  ru.ang5545.scanning_system_2.image_processing.ContourHandler.drawPoints(Lorg/bytedeco/javacpp/opencv_core$IplImage;)V+34
j  ru.ang5545.scanning_system_2.image_processing.ImageHandler.processImage(Lorg/bytedeco/javacpp/opencv_core$IplImage;Lru/ang5545/model/ThresholdParameters;Lru/ang5545/model/ThresholdParameters;Lru/ang5545/model/ThresholdParameters;)V+98
j  ru.ang5545.scanning_system_2.gui.MainFrame$AnswerWorker.doInBackground()Ljava/lang/String;+61
j  ru.ang5545.scanning_system_2.gui.MainFrame$AnswerWorker.doInBackground()Ljava/lang/Object;+1
j  javax.swing.SwingWorker$1.call()Ljava/lang/Object;+14
j  java.util.concurrent.FutureTask.run()V+42
j  javax.swing.SwingWorker.run()V+4
j  java.util.concurrent.ThreadPoolExecutor.runWorker(Ljava/util/concurrent/ThreadPoolExecutor$Worker;)V+95
j  java.util.concurrent.ThreadPoolExecutor$Worker.run()V+5
j  java.lang.Thread.run()V+11
v  ~StubRoutines::call_stub

---------------  P R O C E S S  ---------------

Java Threads: ( => current thread )
=>0x00007f18e4364800 JavaThread "SwingWorker-pool-1-thread-1" daemon [_thread_in_native, id=15115, stack(0x00007f18ed529000,0x00007f18ed62a000)]
  0x00007f18e423e800 JavaThread "TimerQueue" daemon [_thread_blocked, id=15114, stack(0x00007f18ee147000,0x00007f18ee248000)]
  0x00007f1934009800 JavaThread "DestroyJavaVM" [_thread_blocked, id=15096, stack(0x00007f193be55000,0x00007f193bf56000)]
  0x00007f193428a000 JavaThread "AWT-EventQueue-0" [_thread_blocked, id=15112, stack(0x00007f18ef9ed000,0x00007f18efaee000)]
  0x00007f1934289000 JavaThread "AWT-Shutdown" [_thread_blocked, id=15111, stack(0x00007f18efaee000,0x00007f18efbef000)]
  0x00007f1934285000 JavaThread "AWT-XAWT" daemon [_thread_in_native, id=15110, stack(0x00007f191405a000,0x00007f191415b000)]
  0x00007f193426a000 JavaThread "Java2D Disposer" daemon [_thread_blocked, id=15109, stack(0x00007f191415b000,0x00007f191425c000)]
  0x00007f19340ad800 JavaThread "Service Thread" daemon [_thread_blocked, id=15107, stack(0x00007f19233f9000,0x00007f19234fa000)]
  0x00007f19340ab800 JavaThread "C2 CompilerThread1" daemon [_thread_blocked, id=15106, stack(0x00007f19234fa000,0x00007f19235fb000)]
  0x00007f19340a8800 JavaThread "C2 CompilerThread0" daemon [_thread_blocked, id=15105, stack(0x00007f19235fb000,0x00007f19236fc000)]
  0x00007f19340a6000 JavaThread "Signal Dispatcher" daemon [_thread_blocked, id=15104, stack(0x00007f19236fc000,0x00007f19237fd000)]
  0x00007f193407b000 JavaThread "Finalizer" daemon [_thread_blocked, id=15103, stack(0x00007f1923afb000,0x00007f1923bfc000)]
  0x00007f1934079000 JavaThread "Reference Handler" daemon [_thread_blocked, id=15102, stack(0x00007f1923bfc000,0x00007f1923cfd000)]

Other Threads:
  0x00007f1934075000 VMThread [stack: 0x00007f1923cfd000,0x00007f1923dfe000] [id=15101]
  0x00007f19340b8800 WatcherThread [stack: 0x00007f19232f8000,0x00007f19233f9000] [id=15108]

VM state:not at safepoint (normal execution)

VM Mutex/Monitor currently owned by a thread: None

Heap
 PSYoungGen      total 69632K, used 25855K [0x00000007d7000000, 0x00000007e5100000, 0x0000000800000000)
  eden space 67584K, 35% used [0x00000007d7000000,0x00000007d879e4f0,0x00000007db200000)
  from space 2048K, 81% used [0x00000007e4b80000,0x00000007e4d21a08,0x00000007e4d80000)
  to   space 3584K, 0% used [0x00000007e4d80000,0x00000007e4d80000,0x00000007e5100000)
 ParOldGen       total 83968K, used 14229K [0x0000000785000000, 0x000000078a200000, 0x00000007d7000000)
  object space 83968K, 16% used [0x0000000785000000,0x0000000785de5408,0x000000078a200000)
 PSPermGen       total 21504K, used 14870K [0x000000077aa00000, 0x000000077bf00000, 0x0000000785000000)
  object space 21504K, 69% used [0x000000077aa00000,0x000000077b885b50,0x000000077bf00000)

Card table byte_map: [0x00007f1938c3a000,0x00007f1939066000] byte_map_base: 0x00007f1935065000

Polling page: 0x00007f193bf8e000

Code Cache  [0x00007f1931000000, 0x00007f1931270000, 0x00007f1934000000)
 total_blobs=789 nmethods=210 adapters=532 free_code_cache=48174Kb largest_free_block=49296896

Compilation events (10 events):
Event: 14,053 Thread 0x00007f19340a8800  216             sun.java2d.SunGraphics2D::validateColor (101 bytes)
Event: 14,053 Thread 0x00007f19340ab800  217             sun.java2d.SurfaceData::pixelFor (13 bytes)
Event: 14,054 Thread 0x00007f19340ab800 nmethod 217 0x00007f19310f48d0 code [0x00007f19310f4a20, 0x00007f19310f4b58]
Event: 14,054 Thread 0x00007f19340a8800 nmethod 216 0x00007f19310a6950 code [0x00007f19310a6ac0, 0x00007f19310a6bf8]
Event: 14,137 Thread 0x00007f19340ab800  218             sun.java2d.SunGraphics2D::setFont (105 bytes)
Event: 14,138 Thread 0x00007f19340ab800 nmethod 218 0x00007f19310f7710 code [0x00007f19310f7860, 0x00007f19310f7938]
Event: 14,253 Thread 0x00007f19340a8800  219             sun.awt.geom.Order1::<init> (61 bytes)
Event: 14,254 Thread 0x00007f19340a8800 nmethod 219 0x00007f19310f7490 code [0x00007f19310f75c0, 0x00007f19310f7678]
Event: 14,268 Thread 0x00007f19340ab800  220             java.awt.Component::isEnabled (5 bytes)
Event: 14,269 Thread 0x00007f19340ab800 nmethod 220 0x00007f19310f7290 code [0x00007f19310f73c0, 0x00007f19310f7418]

GC Heap History (10 events):
Event: 12,314 GC heap before
{Heap before GC invocations=21 (full 0):
 PSYoungGen      total 81408K, used 80364K [0x00000007d7000000, 0x00000007e5900000, 0x0000000800000000)
  eden space 79360K, 99% used [0x00000007d7000000,0x00000007dbcd9900,0x00000007dbd80000)
  from space 2048K, 81% used [0x00000007e5700000,0x00000007e58a1a08,0x00000007e5900000)
  to   space 4096K, 0% used [0x00000007e5100000,0x00000007e5100000,0x00000007e5500000)
 ParOldGen       total 83968K, used 14149K [0x0000000785000000, 0x000000078a200000, 0x00000007d7000000)
  object space 83968K, 16% used [0x0000000785000000,0x0000000785dd1408,0x000000078a200000)
 PSPermGen       total 21504K, used 14859K [0x000000077aa00000, 0x000000077bf00000, 0x0000000785000000)
  object space 21504K, 69% used [0x000000077aa00000,0x000000077b882e78,0x000000077bf00000)
Event: 12,315 GC heap after
Heap after GC invocations=21 (full 0):
 PSYoungGen      total 78848K, used 1750K [0x00000007d7000000, 0x00000007e5780000, 0x0000000800000000)
  eden space 76800K, 0% used [0x00000007d7000000,0x00000007d7000000,0x00000007dbb00000)
  from space 2048K, 85% used [0x00000007e5100000,0x00000007e52b5810,0x00000007e5300000)
  to   space 4096K, 0% used [0x00000007e5380000,0x00000007e5380000,0x00000007e5780000)
 ParOldGen       total 83968K, used 14165K [0x0000000785000000, 0x000000078a200000, 0x00000007d7000000)
  object space 83968K, 16% used [0x0000000785000000,0x0000000785dd5408,0x000000078a200000)
 PSPermGen       total 21504K, used 14859K [0x000000077aa00000, 0x000000077bf00000, 0x0000000785000000)
  object space 21504K, 69% used [0x000000077aa00000,0x000000077b882e78,0x000000077bf00000)
}
Event: 12,769 GC heap before
{Heap before GC invocations=22 (full 0):
 PSYoungGen      total 78848K, used 75431K [0x00000007d7000000, 0x00000007e5780000, 0x0000000800000000)
  eden space 76800K, 95% used [0x00000007d7000000,0x00000007db7f4600,0x00000007dbb00000)
  from space 2048K, 85% used [0x00000007e5100000,0x00000007e52b5810,0x00000007e5300000)
  to   space 4096K, 0% used [0x00000007e5380000,0x00000007e5380000,0x00000007e5780000)
 ParOldGen       total 83968K, used 14165K [0x0000000785000000, 0x000000078a200000, 0x00000007d7000000)
  object space 83968K, 16% used [0x0000000785000000,0x0000000785dd5408,0x000000078a200000)
 PSPermGen       total 21504K, used 14862K [0x000000077aa00000, 0x000000077bf00000, 0x0000000785000000)
  object space 21504K, 69% used [0x000000077aa00000,0x000000077b883b20,0x000000077bf00000)
Event: 12,770 GC heap after
Heap after GC invocations=22 (full 0):
 PSYoungGen      total 76288K, used 1670K [0x00000007d7000000, 0x00000007e5580000, 0x0000000800000000)
  eden space 74240K, 0% used [0x00000007d7000000,0x00000007d7000000,0x00000007db880000)
  from space 2048K, 81% used [0x00000007e5380000,0x00000007e5521a08,0x00000007e5580000)
  to   space 3584K, 0% used [0x00000007e4e80000,0x00000007e4e80000,0x00000007e5200000)
 ParOldGen       total 83968K, used 14181K [0x0000000785000000, 0x000000078a200000, 0x00000007d7000000)
  object space 83968K, 16% used [0x0000000785000000,0x0000000785dd9408,0x000000078a200000)
 PSPermGen       total 21504K, used 14862K [0x000000077aa00000, 0x000000077bf00000, 0x0000000785000000)
  object space 21504K, 69% used [0x000000077aa00000,0x000000077b883b20,0x000000077bf00000)
}
Event: 13,273 GC heap before
{Heap before GC invocations=23 (full 0):
 PSYoungGen      total 76288K, used 75406K [0x00000007d7000000, 0x00000007e5580000, 0x0000000800000000)
  eden space 74240K, 99% used [0x00000007d7000000,0x00000007db801ea8,0x00000007db880000)
  from space 2048K, 81% used [0x00000007e5380000,0x00000007e5521a08,0x00000007e5580000)
  to   space 3584K, 0% used [0x00000007e4e80000,0x00000007e4e80000,0x00000007e5200000)
 ParOldGen       total 83968K, used 14181K [0x0000000785000000, 0x000000078a200000, 0x00000007d7000000)
  object space 83968K, 16% used [0x0000000785000000,0x0000000785dd9408,0x000000078a200000)
 PSPermGen       total 21504K, used 14865K [0x000000077aa00000, 0x000000077bf00000, 0x0000000785000000)
  object space 21504K, 69% used [0x000000077aa00000,0x000000077b884480,0x000000077bf00000)
Event: 13,274 GC heap after
Heap after GC invocations=23 (full 0):
 PSYoungGen      total 73728K, used 1670K [0x00000007d7000000, 0x00000007e5400000, 0x0000000800000000)
  eden space 71680K, 0% used [0x00000007d7000000,0x00000007d7000000,0x00000007db600000)
  from space 2048K, 81% used [0x00000007e4e80000,0x00000007e5021a08,0x00000007e5080000)
  to   space 3584K, 0% used [0x00000007e5080000,0x00000007e5080000,0x00000007e5400000)
 ParOldGen       total 83968K, used 14189K [0x0000000785000000, 0x000000078a200000, 0x00000007d7000000)
  object space 83968K, 16% used [0x0000000785000000,0x0000000785ddb408,0x000000078a200000)
 PSPermGen       total 21504K, used 14865K [0x000000077aa00000, 0x000000077bf00000, 0x0000000785000000)
  object space 21504K, 69% used [0x000000077aa00000,0x000000077b884480,0x000000077bf00000)
}
Event: 13,712 GC heap before
{Heap before GC invocations=24 (full 0):
 PSYoungGen      total 73728K, used 73105K [0x00000007d7000000, 0x00000007e5400000, 0x0000000800000000)
  eden space 71680K, 99% used [0x00000007d7000000,0x00000007db5c2b98,0x00000007db600000)
  from space 2048K, 81% used [0x00000007e4e80000,0x00000007e5021a08,0x00000007e5080000)
  to   space 3584K, 0% used [0x00000007e5080000,0x00000007e5080000,0x00000007e5400000)
 ParOldGen       total 83968K, used 14189K [0x0000000785000000, 0x000000078a200000, 0x00000007d7000000)
  object space 83968K, 16% used [0x0000000785000000,0x0000000785ddb408,0x000000078a200000)
 PSPermGen       total 21504K, used 14870K [0x000000077aa00000, 0x000000077bf00000, 0x0000000785000000)
  object space 21504K, 69% used [0x000000077aa00000,0x000000077b885848,0x000000077bf00000)
Event: 13,713 GC heap after
Heap after GC invocations=24 (full 0):
 PSYoungGen      total 71680K, used 1670K [0x00000007d7000000, 0x00000007e5280000, 0x0000000800000000)
  eden space 69632K, 0% used [0x00000007d7000000,0x00000007d7000000,0x00000007db400000)
  from space 2048K, 81% used [0x00000007e5080000,0x00000007e5221a08,0x00000007e5280000)
  to   space 3584K, 0% used [0x00000007e4b80000,0x00000007e4b80000,0x00000007e4f00000)
 ParOldGen       total 83968K, used 14213K [0x0000000785000000, 0x000000078a200000, 0x00000007d7000000)
  object space 83968K, 16% used [0x0000000785000000,0x0000000785de1408,0x000000078a200000)
 PSPermGen       total 21504K, used 14870K [0x000000077aa00000, 0x000000077bf00000, 0x0000000785000000)
  object space 21504K, 69% used [0x000000077aa00000,0x000000077b885848,0x000000077bf00000)
}
Event: 14,150 GC heap before
{Heap before GC invocations=25 (full 0):
 PSYoungGen      total 71680K, used 67929K [0x00000007d7000000, 0x00000007e5280000, 0x0000000800000000)
  eden space 69632K, 95% used [0x00000007d7000000,0x00000007db0b4be8,0x00000007db400000)
  from space 2048K, 81% used [0x00000007e5080000,0x00000007e5221a08,0x00000007e5280000)
  to   space 3584K, 0% used [0x00000007e4b80000,0x00000007e4b80000,0x00000007e4f00000)
 ParOldGen       total 83968K, used 14213K [0x0000000785000000, 0x000000078a200000, 0x00000007d7000000)
  object space 83968K, 16% used [0x0000000785000000,0x0000000785de1408,0x000000078a200000)
 PSPermGen       total 21504K, used 14870K [0x000000077aa00000, 0x000000077bf00000, 0x0000000785000000)
  object space 21504K, 69% used [0x000000077aa00000,0x000000077b885930,0x000000077bf00000)
Event: 14,152 GC heap after
Heap after GC invocations=25 (full 0):
 PSYoungGen      total 69632K, used 1670K [0x00000007d7000000, 0x00000007e5100000, 0x0000000800000000)
  eden space 67584K, 0% used [0x00000007d7000000,0x00000007d7000000,0x00000007db200000)
  from space 2048K, 81% used [0x00000007e4b80000,0x00000007e4d21a08,0x00000007e4d80000)
  to   space 3584K, 0% used [0x00000007e4d80000,0x00000007e4d80000,0x00000007e5100000)
 ParOldGen       total 83968K, used 14229K [0x0000000785000000, 0x000000078a200000, 0x00000007d7000000)
  object space 83968K, 16% used [0x0000000785000000,0x0000000785de5408,0x000000078a200000)
 PSPermGen       total 21504K, used 14870K [0x000000077aa00000, 0x000000077bf00000, 0x0000000785000000)
  object space 21504K, 69% used [0x000000077aa00000,0x000000077b885930,0x000000077bf00000)
}

Deoptimization events (10 events):
Event: 2,475 Thread 0x00007f18e4364800 Uncommon trap: reason=unstable_if action=reinterpret pc=0x00007f19310c413c method=ru.ang5545.scanning_system_2.image_processing.ChannelHandler.sumChannels(Lorg/bytedeco/javacpp/opencv_core$IplImage;Lorg/bytedeco/javacpp/opencv_core$IplImage;Lorg/bytedeco/
Event: 4,499 Thread 0x00007f193428a000 Uncommon trap: reason=predicate action=maybe_recompile pc=0x00007f19310c666c method=java.util.TimSort.binarySort([Ljava/lang/Object;IIILjava/util/Comparator;)V @ 37
Event: 5,909 Thread 0x00007f193428a000 Uncommon trap: reason=class_check action=maybe_recompile pc=0x00007f19310dd3ac method=java.awt.geom.Path2D$Float.append(Ljava/awt/geom/PathIterator;Z)V @ 6
Event: 5,909 Thread 0x00007f193428a000 Uncommon trap: reason=unstable_if action=reinterpret pc=0x00007f19310a6c34 method=sun.java2d.pipe.Region.endRow([I)V @ 82
Event: 6,246 Thread 0x00007f193428a000 Uncommon trap: reason=array_check action=maybe_recompile pc=0x00007f19310d9624 method=java.util.TimSort.binarySort([Ljava/lang/Object;IIILjava/util/Comparator;)V @ 215
Event: 6,246 Thread 0x00007f193428a000 Uncommon trap: reason=array_check action=maybe_recompile pc=0x00007f19310d987c method=java.util.TimSort.binarySort([Ljava/lang/Object;IIILjava/util/Comparator;)V @ 183
Event: 6,255 Thread 0x00007f193428a000 Uncommon trap: reason=array_check action=maybe_recompile pc=0x00007f19310d9624 method=java.util.TimSort.binarySort([Ljava/lang/Object;IIILjava/util/Comparator;)V @ 215
Event: 6,255 Thread 0x00007f193428a000 Uncommon trap: reason=array_check action=maybe_recompile pc=0x00007f19310d987c method=java.util.TimSort.binarySort([Ljava/lang/Object;IIILjava/util/Comparator;)V @ 183
Event: 7,825 Thread 0x00007f193428a000 Uncommon trap: reason=array_check action=maybe_recompile pc=0x00007f19310e2ba0 method=java.util.TimSort.binarySort([Ljava/lang/Object;IIILjava/util/Comparator;)V @ 193
Event: 7,825 Thread 0x00007f193428a000 Uncommon trap: reason=array_check action=maybe_recompile pc=0x00007f19310e2ba0 method=java.util.TimSort.binarySort([Ljava/lang/Object;IIILjava/util/Comparator;)V @ 193

Internal exceptions (10 events):
Event: 1,619 Thread 0x00007f193428a000 Threw 0x00000007d82166a8 at /build/java7-openjdk/src/icedtea-2.6.3/openjdk/hotspot/src/share/vm/prims/jvm.cpp:1322
Event: 1,619 Thread 0x00007f193428a000 Threw 0x00000007d821d560 at /build/java7-openjdk/src/icedtea-2.6.3/openjdk/hotspot/src/share/vm/prims/jvm.cpp:1322
Event: 1,619 Thread 0x00007f193428a000 Threw 0x00000007d8223af8 at /build/java7-openjdk/src/icedtea-2.6.3/openjdk/hotspot/src/share/vm/prims/jvm.cpp:1322
Event: 1,620 Thread 0x00007f193428a000 Threw 0x00000007d822a920 at /build/java7-openjdk/src/icedtea-2.6.3/openjdk/hotspot/src/share/vm/prims/jvm.cpp:1322
Event: 1,620 Thread 0x00007f193428a000 Threw 0x00000007d82302e0 at /build/java7-openjdk/src/icedtea-2.6.3/openjdk/hotspot/src/share/vm/prims/jvm.cpp:1322
Event: 1,620 Thread 0x00007f193428a000 Threw 0x00000007d8235538 at /build/java7-openjdk/src/icedtea-2.6.3/openjdk/hotspot/src/share/vm/prims/jvm.cpp:1322
Event: 1,620 Thread 0x00007f193428a000 Threw 0x00000007d823b000 at /build/java7-openjdk/src/icedtea-2.6.3/openjdk/hotspot/src/share/vm/prims/jvm.cpp:1322
Event: 1,651 Thread 0x00007f193428a000 Threw 0x00000007d8281f50 at /build/java7-openjdk/src/icedtea-2.6.3/openjdk/hotspot/src/share/vm/prims/jvm.cpp:1322
Event: 1,653 Thread 0x00007f193428a000 Threw 0x00000007d82864c8 at /build/java7-openjdk/src/icedtea-2.6.3/openjdk/hotspot/src/share/vm/prims/jvm.cpp:1322
Event: 1,724 Thread 0x00007f18e4364800 Threw 0x00000007d8348528 at /build/java7-openjdk/src/icedtea-2.6.3/openjdk/hotspot/src/share/vm/prims/jvm.cpp:1322

Events (10 events):
Event: 12,544 Thread 0x00007f19340ab800 flushing nmethod 0x00007f19310a6850
Event: 12,769 Executing VM operation: ParallelGCFailedAllocation
Event: 12,770 Executing VM operation: ParallelGCFailedAllocation done
Event: 13,273 Executing VM operation: ParallelGCFailedAllocation
Event: 13,274 Executing VM operation: ParallelGCFailedAllocation done
Event: 13,712 Executing VM operation: ParallelGCFailedAllocation
Event: 13,713 Executing VM operation: ParallelGCFailedAllocation done
Event: 13,845 Thread 0x00007f19340a8800 flushing nmethod 0x00007f19310c5f10
Event: 14,150 Executing VM operation: ParallelGCFailedAllocation
Event: 14,152 Executing VM operation: ParallelGCFailedAllocation done


Dynamic libraries:
00400000-00401000 r-xp 00000000 08:02 15742080                           /usr/lib/jvm/java-7-openjdk/jre/bin/java
00600000-00601000 rw-p 00000000 08:02 15742080                           /usr/lib/jvm/java-7-openjdk/jre/bin/java
00d68000-00d89000 rw-p 00000000 00:00 0                                  [heap]
77aa00000-77bf00000 rw-p 00000000 00:00 0 
77bf00000-785000000 rw-p 00000000 00:00 0 
785000000-78a200000 rw-p 00000000 00:00 0 
78a200000-7d7000000 rw-p 00000000 00:00 0 
7d7000000-7e5100000 rw-p 00000000 00:00 0 
7e5100000-7e7000000 ---p 00000000 00:00 0 
7e7000000-800000000 rw-p 00000000 00:00 0 
7f18d0000000-7f18d0e1b000 rw-p 00000000 00:00 0 
7f18d0e1b000-7f18d4000000 ---p 00000000 00:00 0 
7f18d77ff000-7f18d7800000 ---p 00000000 00:00 0 
7f18d7800000-7f18d8000000 rw-p 00000000 00:00 0                          [stack:15118]
7f18d8000000-7f18d8021000 rw-p 00000000 00:00 0 
7f18d8021000-7f18dc000000 ---p 00000000 00:00 0 
7f18dc000000-7f18dc021000 rw-p 00000000 00:00 0 
7f18dc021000-7f18e0000000 ---p 00000000 00:00 0 
7f18e0000000-7f18e0021000 rw-p 00000000 00:00 0 
7f18e0021000-7f18e4000000 ---p 00000000 00:00 0 
7f18e4000000-7f18e4c1b000 rw-p 00000000 00:00 0 
7f18e4c1b000-7f18e8000000 ---p 00000000 00:00 0 
7f18e8000000-7f18e8021000 rw-p 00000000 00:00 0 
7f18e8021000-7f18ec000000 ---p 00000000 00:00 0 
7f18ec527000-7f18ec528000 ---p 00000000 00:00 0 
7f18ec528000-7f18ecd28000 rw-p 00000000 00:00 0                          [stack:15117]
7f18ecd28000-7f18ecd29000 ---p 00000000 00:00 0 
7f18ecd29000-7f18ed529000 rw-p 00000000 00:00 0                          [stack:15116]
7f18ed529000-7f18ed52c000 ---p 00000000 00:00 0 
7f18ed52c000-7f18ed62a000 rw-p 00000000 00:00 0                          [stack:15115]
7f18ed62a000-7f18ed644000 r-xp 00000000 00:22 102                        /tmp/javacpp25896660859414/libjniopencv_imgcodecs.so
7f18ed644000-7f18ed843000 ---p 0001a000 00:22 102                        /tmp/javacpp25896660859414/libjniopencv_imgcodecs.so
7f18ed843000-7f18ed844000 rw-p 00019000 00:22 102                        /tmp/javacpp25896660859414/libjniopencv_imgcodecs.so
7f18ed844000-7f18edadd000 r-xp 00000000 00:22 101                        /tmp/javacpp25896660859414/libopencv_imgcodecs.so.3.0
7f18edadd000-7f18edcdd000 ---p 00299000 00:22 101                        /tmp/javacpp25896660859414/libopencv_imgcodecs.so.3.0
7f18edcdd000-7f18edcea000 rw-p 00299000 00:22 101                        /tmp/javacpp25896660859414/libopencv_imgcodecs.so.3.0
7f18edcea000-7f18edcf5000 rw-p 00000000 00:00 0 
7f18edcf5000-7f18eddad000 r-xp 00000000 00:22 100                        /tmp/javacpp25896660859414/libjniopencv_imgproc.so
7f18eddad000-7f18edfac000 ---p 000b8000 00:22 100                        /tmp/javacpp25896660859414/libjniopencv_imgproc.so
7f18edfac000-7f18edfae000 rw-p 000b7000 00:22 100                        /tmp/javacpp25896660859414/libjniopencv_imgproc.so
7f18edfae000-7f18ee147000 rw-s 00000000 00:05 29425686                   /SYSV00000000 (deleted)
7f18ee147000-7f18ee14a000 ---p 00000000 00:00 0 
7f18ee14a000-7f18ee248000 rw-p 00000000 00:00 0                          [stack:15114]
7f18ee248000-7f18ee258000 r-xp 00000000 08:02 15742055                   /usr/lib/jvm/java-7-openjdk/jre/lib/amd64/libnio.so
7f18ee258000-7f18ee458000 ---p 00010000 08:02 15742055                   /usr/lib/jvm/java-7-openjdk/jre/lib/amd64/libnio.so
7f18ee458000-7f18ee459000 rw-p 00010000 08:02 15742055                   /usr/lib/jvm/java-7-openjdk/jre/lib/amd64/libnio.so
7f18ee459000-7f18ee470000 r-xp 00000000 08:02 15742054                   /usr/lib/jvm/java-7-openjdk/jre/lib/amd64/libnet.so
7f18ee470000-7f18ee670000 ---p 00017000 08:02 15742054                   /usr/lib/jvm/java-7-openjdk/jre/lib/amd64/libnet.so
7f18ee670000-7f18ee671000 rw-p 00017000 08:02 15742054                   /usr/lib/jvm/java-7-openjdk/jre/lib/amd64/libnet.so
7f18ee671000-7f18ee6c3000 r-xp 00000000 08:02 15742070                   /usr/lib/jvm/java-7-openjdk/jre/lib/amd64/libfontmanager.so
7f18ee6c3000-7f18ee8c3000 ---p 00052000 08:02 15742070                   /usr/lib/jvm/java-7-openjdk/jre/lib/amd64/libfontmanager.so
7f18ee8c3000-7f18ee8c6000 rw-p 00052000 08:02 15742070                   /usr/lib/jvm/java-7-openjdk/jre/lib/amd64/libfontmanager.so
7f18ee8c6000-7f18eeab6000 r-xp 00000000 00:22 99                         /tmp/javacpp25896660859414/libjniopencv_core.so
7f18eeab6000-7f18eecb6000 ---p 001f0000 00:22 99                         /tmp/javacpp25896660859414/libjniopencv_core.so
7f18eecb6000-7f18eecb9000 rw-p 001f0000 00:22 99                         /tmp/javacpp25896660859414/libjniopencv_core.so
7f18eecb9000-7f18eef83000 r-xp 00000000 00:22 98                         /tmp/javacpp25896660859414/libopencv_imgproc.so.3.0
7f18eef83000-7f18ef183000 ---p 002ca000 00:22 98                         /tmp/javacpp25896660859414/libopencv_imgproc.so.3.0
7f18ef183000-7f18ef195000 rw-p 002ca000 00:22 98                         /tmp/javacpp25896660859414/libopencv_imgproc.so.3.0
7f18ef195000-7f18ef22a000 rw-p 00000000 00:00 0 
7f18ef22a000-7f18ef24b000 r-xp 00000000 08:02 14947461                   /usr/lib/libgomp.so.1.0.0
7f18ef24b000-7f18ef44b000 ---p 00021000 08:02 14947461                   /usr/lib/libgomp.so.1.0.0
7f18ef44b000-7f18ef44c000 rw-p 00021000 08:02 14947461                   /usr/lib/libgomp.so.1.0.0
7f18ef44c000-7f18ef6e3000 r-xp 00000000 00:22 97                         /tmp/javacpp25896660859414/libopencv_core.so.3.0
7f18ef6e3000-7f18ef8e2000 ---p 00297000 00:22 97                         /tmp/javacpp25896660859414/libopencv_core.so.3.0
7f18ef8e2000-7f18ef8e9000 rw-p 00296000 00:22 97                         /tmp/javacpp25896660859414/libopencv_core.so.3.0
7f18ef8e9000-7f18ef8ec000 rw-p 00000000 00:00 0 
7f18ef8ec000-7f18ef8ef000 ---p 00000000 00:00 0 
7f18ef8ef000-7f18ef9ed000 rw-p 00000000 00:00 0 
7f18ef9ed000-7f18ef9f0000 ---p 00000000 00:00 0 
7f18ef9f0000-7f18efaee000 rw-p 00000000 00:00 0                          [stack:15112]
7f18efaee000-7f18efaf1000 ---p 00000000 00:00 0 
7f18efaf1000-7f18efbef000 rw-p 00000000 00:00 0                          [stack:15111]
7f18efbef000-7f18efbf4000 r-xp 00000000 08:02 14947362                   /usr/lib/libXfixes.so.3.1.0
7f18efbf4000-7f18efdf3000 ---p 00005000 08:02 14947362                   /usr/lib/libXfixes.so.3.1.0
7f18efdf3000-7f18efdf4000 r--p 00004000 08:02 14947362                   /usr/lib/libXfixes.so.3.1.0
7f18efdf4000-7f18efdf5000 rw-p 00005000 08:02 14947362                   /usr/lib/libXfixes.so.3.1.0
7f18efdf5000-7f18efdff000 r-xp 00000000 08:02 14955981                   /usr/lib/libXcursor.so.1.0.2
7f18efdff000-7f18efffe000 ---p 0000a000 08:02 14955981                   /usr/lib/libXcursor.so.1.0.2
7f18efffe000-7f18effff000 r--p 00009000 08:02 14955981                   /usr/lib/libXcursor.so.1.0.2
7f18effff000-7f18f0000000 rw-p 0000a000 08:02 14955981                   /usr/lib/libXcursor.so.1.0.2
7f18f0000000-7f18f0021000 rw-p 00000000 00:00 0 
7f18f0021000-7f18f4000000 ---p 00000000 00:00 0 
7f18f4000000-7f18f4021000 rw-p 00000000 00:00 0 
7f18f4021000-7f18f8000000 ---p 00000000 00:00 0 
7f18f8000000-7f18f867c000 rw-p 00000000 00:00 0 
7f18f867c000-7f18fc000000 ---p 00000000 00:00 0 
7f18fc000000-7f18fc021000 rw-p 00000000 00:00 0 
7f18fc021000-7f1900000000 ---p 00000000 00:00 0 
7f1900000000-7f1900021000 rw-p 00000000 00:00 0 
7f1900021000-7f1904000000 ---p 00000000 00:00 0 
7f1904000000-7f19043a4000 rw-p 00000000 00:00 0 
7f19043a4000-7f1908000000 ---p 00000000 00:00 0 
7f1908000000-7f1908021000 rw-p 00000000 00:00 0 
7f1908021000-7f190c000000 ---p 00000000 00:00 0 
7f190c000000-7f190c021000 rw-p 00000000 00:00 0 
7f190c021000-7f1910000000 ---p 00000000 00:00 0 
7f1910000000-7f1910021000 rw-p 00000000 00:00 0 
7f1910021000-7f1914000000 ---p 00000000 00:00 0 
7f191405a000-7f191405d000 ---p 00000000 00:00 0 
7f191405d000-7f191415b000 rw-p 00000000 00:00 0                          [stack:15110]
7f191415b000-7f191415e000 ---p 00000000 00:00 0 
7f191415e000-7f191425c000 rw-p 00000000 00:00 0                          [stack:15109]
7f191425c000-7f1914260000 r-xp 00000000 08:02 14947376                   /usr/lib/libattr.so.1.1.0
7f1914260000-7f191445f000 ---p 00004000 08:02 14947376                   /usr/lib/libattr.so.1.1.0
7f191445f000-7f1914460000 r--p 00003000 08:02 14947376                   /usr/lib/libattr.so.1.1.0
7f1914460000-7f1914461000 rw-p 00004000 08:02 14947376                   /usr/lib/libattr.so.1.1.0
7f1914461000-7f1914465000 r-xp 00000000 08:02 14947386                   /usr/lib/libcap.so.2.24
7f1914465000-7f1914664000 ---p 00004000 08:02 14947386                   /usr/lib/libcap.so.2.24
7f1914664000-7f1914665000 rw-p 00003000 08:02 14947386                   /usr/lib/libcap.so.2.24
7f1914665000-7f1914677000 r-xp 00000000 08:02 14947462                   /usr/lib/libgpg-error.so.0.16.0
7f1914677000-7f1914876000 ---p 00012000 08:02 14947462                   /usr/lib/libgpg-error.so.0.16.0
7f1914876000-7f1914877000 r--p 00011000 08:02 14947462                   /usr/lib/libgpg-error.so.0.16.0
7f1914877000-7f1914878000 rw-p 00012000 08:02 14947462                   /usr/lib/libgpg-error.so.0.16.0
7f1914878000-7f1914950000 r-xp 00000000 08:02 14947444                   /usr/lib/libgcrypt.so.20.0.4
7f1914950000-7f1914b50000 ---p 000d8000 08:02 14947444                   /usr/lib/libgcrypt.so.20.0.4
7f1914b50000-7f1914b51000 r--p 000d8000 08:02 14947444                   /usr/lib/libgcrypt.so.20.0.4
7f1914b51000-7f1914b59000 rw-p 000d9000 08:02 14947444                   /usr/lib/libgcrypt.so.20.0.4
7f1914b59000-7f1914b5a000 rw-p 00000000 00:00 0 
7f1914b5a000-7f1914b6b000 r-xp 00000000 08:02 14947501                   /usr/lib/liblz4.so.1.7.1
7f1914b6b000-7f1914d6a000 ---p 00011000 08:02 14947501                   /usr/lib/liblz4.so.1.7.1
7f1914d6a000-7f1914d6b000 r--p 00010000 08:02 14947501                   /usr/lib/liblz4.so.1.7.1
7f1914d6b000-7f1914d6c000 rw-p 00011000 08:02 14947501                   /usr/lib/liblz4.so.1.7.1
7f1914d6c000-7f1914d91000 r-xp 00000000 08:02 14943014                   /usr/lib/liblzma.so.5.2.2
7f1914d91000-7f1914f90000 ---p 00025000 08:02 14943014                   /usr/lib/liblzma.so.5.2.2
7f1914f90000-7f1914f91000 r--p 00024000 08:02 14943014                   /usr/lib/liblzma.so.5.2.2
7f1914f91000-7f1914f92000 rw-p 00025000 08:02 14943014                   /usr/lib/liblzma.so.5.2.2
7f1914f92000-7f1914fbb000 r-xp 00000000 08:02 14955009                   /usr/lib/libgraphite2.so.3.0.1
7f1914fbb000-7f19151ba000 ---p 00029000 08:02 14955009                   /usr/lib/libgraphite2.so.3.0.1
7f19151ba000-7f19151bc000 r--p 00028000 08:02 14955009                   /usr/lib/libgraphite2.so.3.0.1
7f19151bc000-7f19151bd000 rw-p 0002a000 08:02 14955009                   /usr/lib/libgraphite2.so.3.0.1
7f19151bd000-7f191524e000 r-xp 00000000 08:02 14945771                   /usr/lib/libgmp.so.10.3.0
7f191524e000-7f191544e000 ---p 00091000 08:02 14945771                   /usr/lib/libgmp.so.10.3.0
7f191544e000-7f191544f000 r--p 00091000 08:02 14945771                   /usr/lib/libgmp.so.10.3.0
7f191544f000-7f1915450000 rw-p 00092000 08:02 14945771                   /usr/lib/libgmp.so.10.3.0
7f1915450000-7f1915482000 r-xp 00000000 08:02 14947473                   /usr/lib/libhogweed.so.4.1
7f1915482000-7f1915682000 ---p 00032000 08:02 14947473                   /usr/lib/libhogweed.so.4.1
7f1915682000-7f1915683000 r--p 00032000 08:02 14947473                   /usr/lib/libhogweed.so.4.1
7f1915683000-7f1915684000 rw-p 00033000 08:02 14947473                   /usr/lib/libhogweed.so.4.1
7f1915684000-7f19156ba000 r-xp 00000000 08:02 14947524                   /usr/lib/libnettle.so.6.1
7f19156ba000-7f19158b9000 ---p 00036000 08:02 14947524                   /usr/lib/libnettle.so.6.1
7f19158b9000-7f19158bb000 r--p 00035000 08:02 14947524                   /usr/lib/libnettle.so.6.1
7f19158bb000-7f19158bc000 rw-p 00037000 08:02 14947524                   /usr/lib/libnettle.so.6.1
7f19158bc000-7f19158ce000 r-xp 00000000 08:02 14947613                   /usr/lib/libtasn1.so.6.5.1
7f19158ce000-7f1915acd000 ---p 00012000 08:02 14947613                   /usr/lib/libtasn1.so.6.5.1
7f1915acd000-7f1915ace000 r--p 00011000 08:02 14947613                   /usr/lib/libtasn1.so.6.5.1
7f1915ace000-7f1915acf000 rw-p 00012000 08:02 14947613                   /usr/lib/libtasn1.so.6.5.1
7f1915acf000-7f1915b29000 r-xp 00000000 08:02 14947558                   /usr/lib/libp11-kit.so.0.1.0
7f1915b29000-7f1915d28000 ---p 0005a000 08:02 14947558                   /usr/lib/libp11-kit.so.0.1.0
7f1915d28000-7f1915d32000 r--p 00059000 08:02 14947558                   /usr/lib/libp11-kit.so.0.1.0
7f1915d32000-7f1915d34000 rw-p 00063000 08:02 14947558                   /usr/lib/libp11-kit.so.0.1.0
7f1915d34000-7f1915d37000 r-xp 00000000 08:02 14947488                   /usr/lib/libkeyutils.so.1.5
7f1915d37000-7f1915f36000 ---p 00003000 08:02 14947488                   /usr/lib/libkeyutils.so.1.5
7f1915f36000-7f1915f37000 r--p 00002000 08:02 14947488                   /usr/lib/libkeyutils.so.1.5
7f1915f37000-7f1915f38000 rw-p 00003000 08:02 14947488                   /usr/lib/libkeyutils.so.1.5
7f1915f38000-7f1915f44000 r-xp 00000000 08:02 14947493                   /usr/lib/libkrb5support.so.0.1
7f1915f44000-7f1916143000 ---p 0000c000 08:02 14947493                   /usr/lib/libkrb5support.so.0.1
7f1916143000-7f1916144000 r--p 0000b000 08:02 14947493                   /usr/lib/libkrb5support.so.0.1
7f1916144000-7f1916145000 rw-p 0000c000 08:02 14947493                   /usr/lib/libkrb5support.so.0.1
7f1916145000-7f191614a000 r-xp 00000000 08:02 14947360                   /usr/lib/libXdmcp.so.6.0.0
7f191614a000-7f1916349000 ---p 00005000 08:02 14947360                   /usr/lib/libXdmcp.so.6.0.0
7f1916349000-7f191634a000 r--p 00004000 08:02 14947360                   /usr/lib/libXdmcp.so.6.0.0
7f191634a000-7f191634b000 rw-p 00005000 08:02 14947360                   /usr/lib/libXdmcp.so.6.0.0
7f191634b000-7f191634d000 r-xp 00000000 08:02 14947358                   /usr/lib/libXau.so.6.0.0
7f191634d000-7f191654d000 ---p 00002000 08:02 14947358                   /usr/lib/libXau.so.6.0.0
7f191654d000-7f191654e000 r--p 00002000 08:02 14947358                   /usr/lib/libXau.so.6.0.0
7f191654e000-7f191654f000 rw-p 00003000 08:02 14947358                   /usr/lib/libXau.so.6.0.0
7f191654f000-7f19165be000 r-xp 00000000 08:02 14947569                   /usr/lib/libpcre.so.1.2.5
7f19165be000-7f19167bd000 ---p 0006f000 08:02 14947569                   /usr/lib/libpcre.so.1.2.5
7f19167bd000-7f19167be000 r--p 0006e000 08:02 14947569                   /usr/lib/libpcre.so.1.2.5
7f19167be000-7f19167bf000 rw-p 0006f000 08:02 14947569                   /usr/lib/libpcre.so.1.2.5
7f19167bf000-7f19167c7000 r-xp 00000000 08:02 14947435                   /usr/lib/libffi.so.6.0.4
7f19167c7000-7f19169c6000 ---p 00008000 08:02 14947435                   /usr/lib/libffi.so.6.0.4
7f19169c6000-7f19169c7000 r--p 00007000 08:02 14947435                   /usr/lib/libffi.so.6.0.4
7f19169c7000-7f19169c8000 rw-p 00008000 08:02 14947435                   /usr/lib/libffi.so.6.0.4
7f19169c8000-7f19169dc000 r-xp 00000000 08:02 14947591                   /usr/lib/libresolv-2.22.so
7f19169dc000-7f1916bdb000 ---p 00014000 08:02 14947591                   /usr/lib/libresolv-2.22.so
7f1916bdb000-7f1916bdc000 r--p 00013000 08:02 14947591                   /usr/lib/libresolv-2.22.so
7f1916bdc000-7f1916bdd000 rw-p 00014000 08:02 14947591                   /usr/lib/libresolv-2.22.so
7f1916bdd000-7f1916bdf000 rw-p 00000000 00:00 0 
7f1916bdf000-7f1916be2000 r-xp 00000000 08:02 14945767                   /usr/lib/libgmodule-2.0.so.0.4600.2
7f1916be2000-7f1916de1000 ---p 00003000 08:02 14945767                   /usr/lib/libgmodule-2.0.so.0.4600.2
7f1916de1000-7f1916de2000 r--p 00002000 08:02 14945767                   /usr/lib/libgmodule-2.0.so.0.4600.2
7f1916de2000-7f1916de3000 rw-p 00003000 08:02 14945767                   /usr/lib/libgmodule-2.0.so.0.4600.2
7f1916de3000-7f1916e45000 r-xp 00000000 08:02 14953538                   /usr/lib/libharfbuzz.so.0.10102.0
7f1916e45000-7f1917045000 ---p 00062000 08:02 14953538                   /usr/lib/libharfbuzz.so.0.10102.0
7f1917045000-7f1917046000 r--p 00062000 08:02 14953538                   /usr/lib/libharfbuzz.so.0.10102.0
7f1917046000-7f1917047000 rw-p 00063000 08:02 14953538                   /usr/lib/libharfbuzz.so.0.10102.0
7f1917047000-7f191707b000 r-xp 00000000 08:02 14953416                   /usr/lib/libpng16.so.16.19.0
7f191707b000-7f191727a000 ---p 00034000 08:02 14953416                   /usr/lib/libpng16.so.16.19.0
7f191727a000-7f191727b000 r--p 00033000 08:02 14953416                   /usr/lib/libpng16.so.16.19.0
7f191727b000-7f191727c000 rw-p 00034000 08:02 14953416                   /usr/lib/libpng16.so.16.19.0
7f191727c000-7f191728b000 r-xp 00000000 08:02 14947380                   /usr/lib/libbz2.so.1.0.6
7f191728b000-7f191748a000 ---p 0000f000 08:02 14947380                   /usr/lib/libbz2.so.1.0.6
7f191748a000-7f191748c000 rw-p 0000e000 08:02 14947380                   /usr/lib/libbz2.so.1.0.6
7f191748c000-7f19174b3000 r-xp 00000000 08:02 14947432                   /usr/lib/libexpat.so.1.6.0
7f19174b3000-7f19176b2000 ---p 00027000 08:02 14947432                   /usr/lib/libexpat.so.1.6.0
7f19176b2000-7f19176b5000 r--p 00026000 08:02 14947432                   /usr/lib/libexpat.so.1.6.0
7f19176b5000-7f19176b6000 rw-p 00029000 08:02 14947432                   /usr/lib/libexpat.so.1.6.0
7f19176b6000-7f19176be000 r-xp 00000000 08:02 14947394                   /usr/lib/libcrypt-2.22.so
7f19176be000-7f19178be000 ---p 00008000 08:02 14947394                   /usr/lib/libcrypt-2.22.so
7f19178be000-7f19178bf000 r--p 00008000 08:02 14947394                   /usr/lib/libcrypt-2.22.so
7f19178bf000-7f19178c0000 rw-p 00009000 08:02 14947394                   /usr/lib/libcrypt-2.22.so
7f19178c0000-7f19178ee000 rw-p 00000000 00:00 0 
7f19178ee000-7f191793c000 r-xp 00000000 08:02 14951274                   /usr/lib/libdbus-1.so.3.14.5
7f191793c000-7f1917b3c000 ---p 0004e000 08:02 14951274                   /usr/lib/libdbus-1.so.3.14.5
7f1917b3c000-7f1917b3d000 r--p 0004e000 08:02 14951274                   /usr/lib/libdbus-1.so.3.14.5
7f1917b3d000-7f1917b3e000 rw-p 0004f000 08:02 14951274                   /usr/lib/libdbus-1.so.3.14.5
7f1917b3e000-7f1917b3f000 rw-p 00000000 00:00 0 
7f1917b3f000-7f1917b4f000 r-xp 00000000 08:02 14949079                   /usr/lib/libavahi-client.so.3.2.9
7f1917b4f000-7f1917d4e000 ---p 00010000 08:02 14949079                   /usr/lib/libavahi-client.so.3.2.9
7f1917d4e000-7f1917d4f000 r--p 0000f000 08:02 14949079                   /usr/lib/libavahi-client.so.3.2.9
7f1917d4f000-7f1917d50000 rw-p 00010000 08:02 14949079                   /usr/lib/libavahi-client.so.3.2.9
7f1917d50000-7f191c000000 rw-p 00000000 00:00 0 
7f191c000000-7f191c021000 rw-p 00000000 00:00 0 
7f191c021000-7f1920000000 ---p 00000000 00:00 0 
7f192006d000-7f19200bd000 rw-s 00000000 00:05 29982743                   /SYSV00000000 (deleted)
7f19200bd000-7f192013c000 r-xp 00000000 08:02 14947608                   /usr/lib/libsystemd.so.0.12.0
7f192013c000-7f192013d000 ---p 0007f000 08:02 14947608                   /usr/lib/libsystemd.so.0.12.0
7f192013d000-7f1920140000 r--p 0007f000 08:02 14947608                   /usr/lib/libsystemd.so.0.12.0
7f1920140000-7f1920141000 rw-p 00082000 08:02 14947608                   /usr/lib/libsystemd.so.0.12.0
7f1920141000-7f192014d000 r-xp 00000000 08:02 14949076                   /usr/lib/libavahi-common.so.3.5.3
7f192014d000-7f192034c000 ---p 0000c000 08:02 14949076                   /usr/lib/libavahi-common.so.3.5.3
7f192034c000-7f192034d000 r--p 0000b000 08:02 14949076                   /usr/lib/libavahi-common.so.3.5.3
7f192034d000-7f192034e000 rw-p 0000c000 08:02 14949076                   /usr/lib/libavahi-common.so.3.5.3
7f192034e000-7f1920475000 r-xp 00000000 08:02 14945778                   /usr/lib/libgnutls.so.30.5.0
7f1920475000-7f1920675000 ---p 00127000 08:02 14945778                   /usr/lib/libgnutls.so.30.5.0
7f1920675000-7f1920680000 r--p 00127000 08:02 14945778                   /usr/lib/libgnutls.so.30.5.0
7f1920680000-7f1920683000 rw-p 00132000 08:02 14945778                   /usr/lib/libgnutls.so.30.5.0
7f1920683000-7f1920684000 rw-p 00000000 00:00 0 
7f1920684000-7f1920687000 r-xp 00000000 08:02 14947390                   /usr/lib/libcom_err.so.2.1
7f1920687000-7f1920886000 ---p 00003000 08:02 14947390                   /usr/lib/libcom_err.so.2.1
7f1920886000-7f1920887000 r--p 00002000 08:02 14947390                   /usr/lib/libcom_err.so.2.1
7f1920887000-7f1920888000 rw-p 00003000 08:02 14947390                   /usr/lib/libcom_err.so.2.1
7f1920888000-7f19208b6000 r-xp 00000000 08:02 14947483                   /usr/lib/libk5crypto.so.3.1
7f19208b6000-7f1920ab5000 ---p 0002e000 08:02 14947483                   /usr/lib/libk5crypto.so.3.1
7f1920ab5000-7f1920ab7000 r--p 0002d000 08:02 14947483                   /usr/lib/libk5crypto.so.3.1
7f1920ab7000-7f1920ab8000 rw-p 0002f000 08:02 14947483                   /usr/lib/libk5crypto.so.3.1
7f1920ab8000-7f1920ab9000 rw-p 00000000 00:00 0 
7f1920ab9000-7f1920b8e000 r-xp 00000000 08:02 14947492                   /usr/lib/libkrb5.so.3.3
7f1920b8e000-7f1920d8e000 ---p 000d5000 08:02 14947492                   /usr/lib/libkrb5.so.3.3
7f1920d8e000-7f1920d9b000 r--p 000d5000 08:02 14947492                   /usr/lib/libkrb5.so.3.3
7f1920d9b000-7f1920d9e000 rw-p 000e2000 08:02 14947492                   /usr/lib/libkrb5.so.3.3
7f1920d9e000-7f1920de8000 r-xp 00000000 08:02 14947465                   /usr/lib/libgssapi_krb5.so.2.2
7f1920de8000-7f1920fe7000 ---p 0004a000 08:02 14947465                   /usr/lib/libgssapi_krb5.so.2.2
7f1920fe7000-7f1920fe9000 r--p 00049000 08:02 14947465                   /usr/lib/libgssapi_krb5.so.2.2
7f1920fe9000-7f1920feb000 rw-p 0004b000 08:02 14947465                   /usr/lib/libgssapi_krb5.so.2.2
7f1920feb000-7f192100c000 r-xp 00000000 08:02 14947661                   /usr/lib/libxcb.so.1.1.0
7f192100c000-7f192120c000 ---p 00021000 08:02 14947661                   /usr/lib/libxcb.so.1.1.0
7f192120c000-7f192120d000 r--p 00021000 08:02 14947661                   /usr/lib/libxcb.so.1.1.0
7f192120d000-7f192120e000 rw-p 00022000 08:02 14947661                   /usr/lib/libxcb.so.1.1.0
7f192120e000-7f192131a000 r-xp 00000000 08:02 14945764                   /usr/lib/libglib-2.0.so.0.4600.2
7f192131a000-7f1921519000 ---p 0010c000 08:02 14945764                   /usr/lib/libglib-2.0.so.0.4600.2
7f1921519000-7f192151a000 r--p 0010b000 08:02 14945764                   /usr/lib/libglib-2.0.so.0.4600.2
7f192151a000-7f192151b000 rw-p 0010c000 08:02 14945764                   /usr/lib/libglib-2.0.so.0.4600.2
7f192151b000-7f192151c000 rw-p 00000000 00:00 0 
7f192151c000-7f192156d000 r-xp 00000000 08:02 14945769                   /usr/lib/libgobject-2.0.so.0.4600.2
7f192156d000-7f192176c000 ---p 00051000 08:02 14945769                   /usr/lib/libgobject-2.0.so.0.4600.2
7f192176c000-7f192176d000 r--p 00050000 08:02 14945769                   /usr/lib/libgobject-2.0.so.0.4600.2
7f192176d000-7f192176e000 rw-p 00051000 08:02 14945769                   /usr/lib/libgobject-2.0.so.0.4600.2
7f192176e000-7f19218e6000 r-xp 00000000 08:02 14945770                   /usr/lib/libgio-2.0.so.0.4600.2
7f19218e6000-7f1921ae5000 ---p 00178000 08:02 14945770                   /usr/lib/libgio-2.0.so.0.4600.2
7f1921ae5000-7f1921ae9000 r--p 00177000 08:02 14945770                   /usr/lib/libgio-2.0.so.0.4600.2
7f1921ae9000-7f1921aeb000 rw-p 0017b000 08:02 14945770                   /usr/lib/libgio-2.0.so.0.4600.2
7f1921aeb000-7f1921aed000 rw-p 00000000 00:00 0 
7f1921aed000-7f1921ba4000 r-xp 00000000 08:02 14956821                   /usr/lib/libfreetype.so.6.12.1
7f1921ba4000-7f1921da3000 ---p 000b7000 08:02 14956821                   /usr/lib/libfreetype.so.6.12.1
7f1921da3000-7f1921da9000 r--p 000b6000 08:02 14956821                   /usr/lib/libfreetype.so.6.12.1
7f1921da9000-7f1921daa000 rw-p 000bc000 08:02 14956821                   /usr/lib/libfreetype.so.6.12.1
7f1921daa000-7f1921de7000 r-xp 00000000 08:02 14956159                   /usr/lib/libfontconfig.so.1.8.0
7f1921de7000-7f1921fe6000 ---p 0003d000 08:02 14956159                   /usr/lib/libfontconfig.so.1.8.0
7f1921fe6000-7f1921fe8000 r--p 0003c000 08:02 14956159                   /usr/lib/libfontconfig.so.1.8.0
7f1921fe8000-7f1921fe9000 rw-p 0003e000 08:02 14956159                   /usr/lib/libfontconfig.so.1.8.0
7f1921fe9000-7f1922063000 r-xp 00000000 08:02 14956104                   /usr/lib/libcups.so.2
7f1922063000-7f1922263000 ---p 0007a000 08:02 14956104                   /usr/lib/libcups.so.2
7f1922263000-7f192226b000 rw-p 0007a000 08:02 14956104                   /usr/lib/libcups.so.2
7f192226b000-7f192227a000 r-xp 00000000 08:02 14955984                   /usr/lib/libXi.so.6.1.0
7f192227a000-7f1922479000 ---p 0000f000 08:02 14955984                   /usr/lib/libXi.so.6.1.0
7f1922479000-7f192247a000 r--p 0000e000 08:02 14955984                   /usr/lib/libXi.so.6.1.0
7f192247a000-7f192247b000 rw-p 0000f000 08:02 14955984                   /usr/lib/libXi.so.6.1.0
7f192247b000-7f1922480000 r-xp 00000000 08:02 14955993                   /usr/lib/libXtst.so.6.1.0
7f1922480000-7f192267f000 ---p 00005000 08:02 14955993                   /usr/lib/libXtst.so.6.1.0
7f192267f000-7f1922680000 r--p 00004000 08:02 14955993                   /usr/lib/libXtst.so.6.1.0
7f1922680000-7f1922681000 rw-p 00005000 08:02 14955993                   /usr/lib/libXtst.so.6.1.0
7f1922681000-7f192268a000 r-xp 00000000 08:02 14955990                   /usr/lib/libXrender.so.1.3.0
7f192268a000-7f1922889000 ---p 00009000 08:02 14955990                   /usr/lib/libXrender.so.1.3.0
7f1922889000-7f192288a000 r--p 00008000 08:02 14955990                   /usr/lib/libXrender.so.1.3.0
7f192288a000-7f192288b000 rw-p 00009000 08:02 14955990                   /usr/lib/libXrender.so.1.3.0
7f192288b000-7f19229c6000 r-xp 00000000 08:02 14947357                   /usr/lib/libX11.so.6.3.0
7f19229c6000-7f1922bc5000 ---p 0013b000 08:02 14947357                   /usr/lib/libX11.so.6.3.0
7f1922bc5000-7f1922bc7000 r--p 0013a000 08:02 14947357                   /usr/lib/libX11.so.6.3.0
7f1922bc7000-7f1922bcc000 rw-p 0013c000 08:02 14947357                   /usr/lib/libX11.so.6.3.0
7f1922bcc000-7f1922bcd000 rw-p 00000000 00:00 0 
7f1922bcd000-7f1922bde000 r-xp 00000000 08:02 14947361                   /usr/lib/libXext.so.6.4.0
7f1922bde000-7f1922ddd000 ---p 00011000 08:02 14947361                   /usr/lib/libXext.so.6.4.0
7f1922ddd000-7f1922dde000 r--p 00010000 08:02 14947361                   /usr/lib/libXext.so.6.4.0
7f1922dde000-7f1922ddf000 rw-p 00011000 08:02 14947361                   /usr/lib/libXext.so.6.4.0
7f1922ddf000-7f1922e26000 r-xp 00000000 08:02 16130267                   /usr/lib/jvm/java-7-openjdk/jre/lib/amd64/xawt/libmawt.so
7f1922e26000-7f1923026000 ---p 00047000 08:02 16130267                   /usr/lib/jvm/java-7-openjdk/jre/lib/amd64/xawt/libmawt.so
7f1923026000-7f1923029000 rw-p 00047000 08:02 16130267                   /usr/lib/jvm/java-7-openjdk/jre/lib/amd64/xawt/libmawt.so
7f1923029000-7f192302a000 rw-p 00000000 00:00 0 
7f192302a000-7f19230c8000 r-xp 00000000 08:02 15742067                   /usr/lib/jvm/java-7-openjdk/jre/lib/amd64/libawt.so
7f19230c8000-7f19232c8000 ---p 0009e000 08:02 15742067                   /usr/lib/jvm/java-7-openjdk/jre/lib/amd64/libawt.so
7f19232c8000-7f19232d4000 rw-p 0009e000 08:02 15742067                   /usr/lib/jvm/java-7-openjdk/jre/lib/amd64/libawt.so
7f19232d4000-7f19232f8000 rw-p 00000000 00:00 0 
7f19232f8000-7f19232f9000 ---p 00000000 00:00 0 
7f19232f9000-7f19233f9000 rw-p 00000000 00:00 0                          [stack:15108]
7f19233f9000-7f19233fc000 ---p 00000000 00:00 0 
7f19233fc000-7f19234fa000 rw-p 00000000 00:00 0                          [stack:15107]
7f19234fa000-7f19234fd000 ---p 00000000 00:00 0 
7f19234fd000-7f19235fb000 rw-p 00000000 00:00 0                          [stack:15106]
7f19235fb000-7f19235fe000 ---p 00000000 00:00 0 
7f19235fe000-7f19236fc000 rw-p 00000000 00:00 0                          [stack:15105]
7f19236fc000-7f19236ff000 ---p 00000000 00:00 0 
7f19236ff000-7f19237fd000 rw-p 00000000 00:00 0                          [stack:15104]
7f19237fd000-7f1923afb000 r--p 00000000 08:02 14956685                   /usr/lib/locale/locale-archive
7f1923afb000-7f1923afe000 ---p 00000000 00:00 0 
7f1923afe000-7f1923bfc000 rw-p 00000000 00:00 0                          [stack:15103]
7f1923bfc000-7f1923bff000 ---p 00000000 00:00 0 
7f1923bff000-7f1923cfd000 rw-p 00000000 00:00 0                          [stack:15102]
7f1923cfd000-7f1923cfe000 ---p 00000000 00:00 0 
7f1923cfe000-7f1924000000 rw-p 00000000 00:00 0                          [stack:15101]
7f1924000000-7f1924021000 rw-p 00000000 00:00 0 
7f1924021000-7f1928000000 ---p 00000000 00:00 0 
7f1928000000-7f1928021000 rw-p 00000000 00:00 0 
7f1928021000-7f192c000000 ---p 00000000 00:00 0 
7f192c000000-7f192c021000 rw-p 00000000 00:00 0 
7f192c021000-7f1930000000 ---p 00000000 00:00 0 
7f193000e000-7f1930018000 r--s 000ae000 08:02 15740968                   /usr/lib/jvm/java-7-openjdk/jre/lib/resources.jar
7f1930018000-7f1930048000 r--p 00000000 08:02 15467783                   /usr/share/locale/ru/LC_MESSAGES/libc.mo
7f1930048000-7f1930049000 r--s 00009000 08:02 2622325                    /home/fedor-m/.m2/repository/org/bytedeco/javacpp-presets/flandmark/1.07-1.1/flandmark-1.07-1.1-linux-x86_64.jar
7f1930049000-7f193004a000 r--s 00002000 08:02 2622323                    /home/fedor-m/.m2/repository/org/bytedeco/javacpp-presets/flandmark/1.07-1.1/flandmark-1.07-1.1.jar
7f193004a000-7f193004c000 r--s 0002a000 08:02 2622321                    /home/fedor-m/.m2/repository/org/bytedeco/javacpp-presets/artoolkitplus/2.3.1-1.1/artoolkitplus-2.3.1-1.1-linux-x86_64.jar
7f193004c000-7f193004d000 r--s 00005000 08:02 2622319                    /home/fedor-m/.m2/repository/org/bytedeco/javacpp-presets/artoolkitplus/2.3.1-1.1/artoolkitplus-2.3.1-1.1.jar
7f193004d000-7f193004e000 r--s 00000000 08:02 2622317                    /home/fedor-m/.m2/repository/org/bytedeco/javacpp-presets/videoinput/0.200-1.1/videoinput-0.200-1.1-linux-x86_64.jar
7f193004e000-7f193004f000 r--s 00003000 08:02 2622315                    /home/fedor-m/.m2/repository/org/bytedeco/javacpp-presets/videoinput/0.200-1.1/videoinput-0.200-1.1.jar
7f193004f000-7f1930050000 r--s 00014000 08:02 2622313                    /home/fedor-m/.m2/repository/org/bytedeco/javacpp-presets/libfreenect/0.5.3-1.1/libfreenect-0.5.3-1.1-linux-x86_64.jar
7f1930050000-7f1930052000 r--s 00004000 08:02 2622311                    /home/fedor-m/.m2/repository/org/bytedeco/javacpp-presets/libfreenect/0.5.3-1.1/libfreenect-0.5.3-1.1.jar
7f1930052000-7f1930054000 r--s 00006000 08:02 2622307                    /home/fedor-m/.m2/repository/org/bytedeco/javacpp-presets/libdc1394/2.2.3-1.1/libdc1394-2.2.3-1.1.jar
7f1930054000-7f1930056000 r--s 0003a000 08:02 2622305                    /home/fedor-m/.m2/repository/org/bytedeco/javacpp-presets/flycapture/2.8.3.1-1.1/flycapture-2.8.3.1-1.1-linux-x86_64.jar
7f1930056000-7f193005a000 r--s 0001f000 08:02 2622303                    /home/fedor-m/.m2/repository/org/bytedeco/javacpp-presets/flycapture/2.8.3.1-1.1/flycapture-2.8.3.1-1.1.jar
7f193005a000-7f1930061000 r--s 00033000 08:02 2622299                    /home/fedor-m/.m2/repository/org/bytedeco/javacpp-presets/ffmpeg/2.8.1-1.1/ffmpeg-2.8.1-1.1.jar
7f1930061000-7f1930070000 r--s 00088000 08:02 2622295                    /home/fedor-m/.m2/repository/org/bytedeco/javacpp-presets/opencv/3.0.0-1.1/opencv-3.0.0-1.1.jar
7f1930070000-7f1930074000 r--s 0003a000 08:02 2622327                    /home/fedor-m/.m2/repository/org/bytedeco/javacpp/1.1/javacpp-1.1.jar
7f1930074000-7f1930e4e000 rw-p 00000000 00:00 0 
7f1930e4e000-7f1931000000 r--s 01d2e000 08:02 15740967                   /usr/lib/jvm/java-7-openjdk/jre/lib/rt.jar
7f1931000000-7f1931270000 rwxp 00000000 00:00 0 
7f1931270000-7f19342b6000 rw-p 00000000 00:00 0 
7f19342b6000-7f1938000000 ---p 00000000 00:00 0 
7f1938000000-7f1938001000 r--s 00027000 08:02 2622309                    /home/fedor-m/.m2/repository/org/bytedeco/javacpp-presets/libdc1394/2.2.3-1.1/libdc1394-2.2.3-1.1-linux-x86_64.jar
7f1938001000-7f1938003000 r--s 0076b000 08:02 2622297                    /home/fedor-m/.m2/repository/org/bytedeco/javacpp-presets/opencv/3.0.0-1.1/opencv-3.0.0-1.1-linux-x86_64.jar
7f1938003000-7f193800e000 r--s 00203000 08:02 15740966                   /usr/lib/jvm/java-7-openjdk/jre/lib/charsets.jar
7f193800e000-7f1938553000 rw-p 00000000 00:00 0 
7f1938553000-7f1938554000 ---p 00000000 00:00 0 
7f1938554000-7f1938654000 rw-p 00000000 00:00 0                          [stack:15100]
7f1938654000-7f1938655000 ---p 00000000 00:00 0 
7f1938655000-7f1938755000 rw-p 00000000 00:00 0                          [stack:15099]
7f1938755000-7f1938756000 ---p 00000000 00:00 0 
7f1938756000-7f1938856000 rw-p 00000000 00:00 0                          [stack:15098]
7f1938856000-7f1938857000 ---p 00000000 00:00 0 
7f1938857000-7f1938962000 rw-p 00000000 00:00 0                          [stack:15097]
7f1938962000-7f19389aa000 rw-p 00000000 00:00 0 
7f19389aa000-7f19389d3000 rw-p 00000000 00:00 0 
7f19389d3000-7f1938c3a000 rw-p 00000000 00:00 0 
7f1938c3a000-7f1938c45000 rw-p 00000000 00:00 0 
7f1938c45000-7f1938c8d000 rw-p 00000000 00:00 0 
7f1938c8d000-7f1938cb6000 rw-p 00000000 00:00 0 
7f1938cb6000-7f1938f1d000 rw-p 00000000 00:00 0 
7f1938f1d000-7f1938f8e000 rw-p 00000000 00:00 0 
7f1938f8e000-7f1938f9d000 ---p 00000000 00:00 0 
7f1938f9d000-7f1939065000 rw-p 00000000 00:00 0 
7f1939065000-7f1939066000 rw-p 00000000 00:00 0 
7f1939066000-7f193906e000 r-xp 00000000 08:02 15742053                   /usr/lib/jvm/java-7-openjdk/jre/lib/amd64/libzip.so
7f193906e000-7f193926d000 ---p 00008000 08:02 15742053                   /usr/lib/jvm/java-7-openjdk/jre/lib/amd64/libzip.so
7f193926d000-7f193926e000 rw-p 00007000 08:02 15742053                   /usr/lib/jvm/java-7-openjdk/jre/lib/amd64/libzip.so
7f193926e000-7f1939279000 r-xp 00000000 08:02 14947543                   /usr/lib/libnss_files-2.22.so
7f1939279000-7f1939478000 ---p 0000b000 08:02 14947543                   /usr/lib/libnss_files-2.22.so
7f1939478000-7f1939479000 r--p 0000a000 08:02 14947543                   /usr/lib/libnss_files-2.22.so
7f1939479000-7f193947a000 rw-p 0000b000 08:02 14947543                   /usr/lib/libnss_files-2.22.so
7f193947a000-7f1939480000 rw-p 00000000 00:00 0 
7f1939480000-7f19394ab000 r-xp 00000000 08:02 15742052                   /usr/lib/jvm/java-7-openjdk/jre/lib/amd64/libjava.so
7f19394ab000-7f19396ab000 ---p 0002b000 08:02 15742052                   /usr/lib/jvm/java-7-openjdk/jre/lib/amd64/libjava.so
7f19396ab000-7f19396ad000 rw-p 0002b000 08:02 15742052                   /usr/lib/jvm/java-7-openjdk/jre/lib/amd64/libjava.so
7f19396ad000-7f19396ba000 r-xp 00000000 08:02 15742051                   /usr/lib/jvm/java-7-openjdk/jre/lib/amd64/libverify.so
7f19396ba000-7f19398b9000 ---p 0000d000 08:02 15742051                   /usr/lib/jvm/java-7-openjdk/jre/lib/amd64/libverify.so
7f19398b9000-7f19398bb000 rw-p 0000c000 08:02 15742051                   /usr/lib/jvm/java-7-openjdk/jre/lib/amd64/libverify.so
7f19398bb000-7f19398c2000 r-xp 00000000 08:02 14947594                   /usr/lib/librt-2.22.so
7f19398c2000-7f1939ac1000 ---p 00007000 08:02 14947594                   /usr/lib/librt-2.22.so
7f1939ac1000-7f1939ac2000 r--p 00006000 08:02 14947594                   /usr/lib/librt-2.22.so
7f1939ac2000-7f1939ac3000 rw-p 00007000 08:02 14947594                   /usr/lib/librt-2.22.so
7f1939ac3000-7f1939ad9000 r-xp 00000000 08:02 14947443                   /usr/lib/libgcc_s.so.1
7f1939ad9000-7f1939cd8000 ---p 00016000 08:02 14947443                   /usr/lib/libgcc_s.so.1
7f1939cd8000-7f1939cd9000 rw-p 00015000 08:02 14947443                   /usr/lib/libgcc_s.so.1
7f1939cd9000-7f1939dd6000 r-xp 00000000 08:02 14947504                   /usr/lib/libm-2.22.so
7f1939dd6000-7f1939fd5000 ---p 000fd000 08:02 14947504                   /usr/lib/libm-2.22.so
7f1939fd5000-7f1939fd6000 r--p 000fc000 08:02 14947504                   /usr/lib/libm-2.22.so
7f1939fd6000-7f1939fd7000 rw-p 000fd000 08:02 14947504                   /usr/lib/libm-2.22.so
7f1939fd7000-7f193a149000 r-xp 00000000 08:02 14947606                   /usr/lib/libstdc++.so.6.0.21
7f193a149000-7f193a349000 ---p 00172000 08:02 14947606                   /usr/lib/libstdc++.so.6.0.21
7f193a349000-7f193a353000 r--p 00172000 08:02 14947606                   /usr/lib/libstdc++.so.6.0.21
7f193a353000-7f193a355000 rw-p 0017c000 08:02 14947606                   /usr/lib/libstdc++.so.6.0.21
7f193a355000-7f193a359000 rw-p 00000000 00:00 0 
7f193a359000-7f193aea9000 r-xp 00000000 08:02 16130264                   /usr/lib/jvm/java-7-openjdk/jre/lib/amd64/server/libjvm.so
7f193aea9000-7f193b0a8000 ---p 00b50000 08:02 16130264                   /usr/lib/jvm/java-7-openjdk/jre/lib/amd64/server/libjvm.so
7f193b0a8000-7f193b15c000 rw-p 00b4f000 08:02 16130264                   /usr/lib/jvm/java-7-openjdk/jre/lib/amd64/server/libjvm.so
7f193b15c000-7f193b187000 rw-p 00000000 00:00 0 
7f193b187000-7f193b19c000 r-xp 00000000 08:02 14947665                   /usr/lib/libz.so.1.2.8
7f193b19c000-7f193b39b000 ---p 00015000 08:02 14947665                   /usr/lib/libz.so.1.2.8
7f193b39b000-7f193b39c000 r--p 00014000 08:02 14947665                   /usr/lib/libz.so.1.2.8
7f193b39c000-7f193b39d000 rw-p 00015000 08:02 14947665                   /usr/lib/libz.so.1.2.8
7f193b39d000-7f193b538000 r-xp 00000000 08:02 14947381                   /usr/lib/libc-2.22.so
7f193b538000-7f193b737000 ---p 0019b000 08:02 14947381                   /usr/lib/libc-2.22.so
7f193b737000-7f193b73b000 r--p 0019a000 08:02 14947381                   /usr/lib/libc-2.22.so
7f193b73b000-7f193b73d000 rw-p 0019e000 08:02 14947381                   /usr/lib/libc-2.22.so
7f193b73d000-7f193b741000 rw-p 00000000 00:00 0 
7f193b741000-7f193b744000 r-xp 00000000 08:02 14947409                   /usr/lib/libdl-2.22.so
7f193b744000-7f193b943000 ---p 00003000 08:02 14947409                   /usr/lib/libdl-2.22.so
7f193b943000-7f193b944000 r--p 00002000 08:02 14947409                   /usr/lib/libdl-2.22.so
7f193b944000-7f193b945000 rw-p 00003000 08:02 14947409                   /usr/lib/libdl-2.22.so
7f193b945000-7f193b952000 r-xp 00000000 08:02 16128183                   /usr/lib/jvm/java-7-openjdk/jre/lib/amd64/jli/libjli.so
7f193b952000-7f193bb51000 ---p 0000d000 08:02 16128183                   /usr/lib/jvm/java-7-openjdk/jre/lib/amd64/jli/libjli.so
7f193bb51000-7f193bb52000 rw-p 0000c000 08:02 16128183                   /usr/lib/jvm/java-7-openjdk/jre/lib/amd64/jli/libjli.so
7f193bb52000-7f193bb6a000 r-xp 00000000 08:02 14947580                   /usr/lib/libpthread-2.22.so
7f193bb6a000-7f193bd69000 ---p 00018000 08:02 14947580                   /usr/lib/libpthread-2.22.so
7f193bd69000-7f193bd6a000 r--p 00017000 08:02 14947580                   /usr/lib/libpthread-2.22.so
7f193bd6a000-7f193bd6b000 rw-p 00018000 08:02 14947580                   /usr/lib/libpthread-2.22.so
7f193bd6b000-7f193bd6f000 rw-p 00000000 00:00 0 
7f193bd6f000-7f193bd91000 r-xp 00000000 08:02 14947350                   /usr/lib/ld-2.22.so
7f193bd91000-7f193bd95000 r--s 00056000 08:02 53087107                   /home/fedor-m/.m2/repository/org/bytedeco/javacv/1.1/javacv-1.1.jar
7f193bd95000-7f193bd9f000 rw-p 00000000 00:00 0 
7f193bd9f000-7f193be55000 rw-p 00000000 00:00 0 
7f193be55000-7f193be58000 ---p 00000000 00:00 0 
7f193be58000-7f193bf5a000 rw-p 00000000 00:00 0                          [stack:15096]
7f193bf5a000-7f193bf5b000 r--s 00a24000 08:02 2622301                    /home/fedor-m/.m2/repository/org/bytedeco/javacpp-presets/ffmpeg/2.8.1-1.1/ffmpeg-2.8.1-1.1-linux-x86_64.jar
7f193bf5b000-7f193bf85000 rw-p 00000000 00:00 0 
7f193bf85000-7f193bf8d000 rw-s 00000000 00:22 32                         /tmp/hsperfdata_fedor-m/15090
7f193bf8d000-7f193bf8e000 rw-p 00000000 00:00 0 
7f193bf8e000-7f193bf8f000 r--p 00000000 00:00 0 
7f193bf8f000-7f193bf90000 rw-p 00000000 00:00 0 
7f193bf90000-7f193bf91000 r--p 00021000 08:02 14947350                   /usr/lib/ld-2.22.so
7f193bf91000-7f193bf92000 rw-p 00022000 08:02 14947350                   /usr/lib/ld-2.22.so
7f193bf92000-7f193bf93000 rw-p 00000000 00:00 0 
7ffca5bff000-7ffca5c20000 rw-p 00000000 00:00 0                          [stack]
7ffca5c26000-7ffca5c28000 r--p 00000000 00:00 0                          [vvar]
7ffca5c28000-7ffca5c2a000 r-xp 00000000 00:00 0                          [vdso]
ffffffffff600000-ffffffffff601000 r-xp 00000000 00:00 0                  [vsyscall]

VM Arguments:
jvm_args: -Dfile.encoding=UTF-8 
java_command: ru.ang5545.scanning_system_2.App
Launcher Type: SUN_STANDARD

Environment Variables:
JAVA_HOME=/usr/lib/jvm/java-8-openjdk
JRE_HOME=/usr/lib/jvm/java-8-openjdk
PATH=/usr/local/sbin:/usr/local/bin:/usr/bin:/home/fedor-m/bin:/usr/lib/jvm/java-8-openjdk/bin:/home/fedor-m/bin:/usr/lib/jvm/java-8-openjdk/bin:/usr/lib/jvm/default/bin:/usr/bin/site_perl:/usr/bin/vendor_perl:/usr/bin/core_perl
LD_LIBRARY_PATH=\/usr\/lib
SHELL=/bin/bash
DISPLAY=:0.0

Signal Handlers:
SIGSEGV: [libjvm.so+0x995100], sa_mask[0]=0x7ffbfeff, sa_flags=0x10000004
SIGBUS: [libjvm.so+0x995100], sa_mask[0]=0x7ffbfeff, sa_flags=0x10000004
SIGFPE: [libjvm.so+0x7fc350], sa_mask[0]=0x7ffbfeff, sa_flags=0x10000004
SIGPIPE: [libjvm.so+0x7fc350], sa_mask[0]=0x7ffbfeff, sa_flags=0x10000004
SIGXFSZ: [libjvm.so+0x7fc350], sa_mask[0]=0x7ffbfeff, sa_flags=0x10000004
SIGILL: [libjvm.so+0x7fc350], sa_mask[0]=0x7ffbfeff, sa_flags=0x10000004
SIGUSR1: SIG_DFL, sa_mask[0]=0x00000000, sa_flags=0x00000000
SIGUSR2: [libjvm.so+0x7fc1d0], sa_mask[0]=0x00000004, sa_flags=0x10000004
SIGHUP: [libjvm.so+0x7fc360], sa_mask[0]=0x7ffbfeff, sa_flags=0x10000004
SIGINT: [libjvm.so+0x7fc360], sa_mask[0]=0x7ffbfeff, sa_flags=0x10000004
SIGTERM: [libjvm.so+0x7fc360], sa_mask[0]=0x7ffbfeff, sa_flags=0x10000004
SIGQUIT: [libjvm.so+0x7fc360], sa_mask[0]=0x7ffbfeff, sa_flags=0x10000004
SIGTRAP: SIG_DFL, sa_mask[0]=0x00000000, sa_flags=0x00000000


---------------  S Y S T E M  ---------------

OS:ManjaroLinux 15.09 (Bellatrix)
uname:Linux 4.1.13-1-MANJARO #1 SMP PREEMPT Tue Nov 10 22:11:15 UTC 2015 x86_64
libc:glibc 2.22 NPTL 2.22 
rlimit: STACK 8192k, CORE 0k, NPROC 30594, NOFILE 4096, AS infinity
load average:0,82 0,71 0,53

/proc/meminfo:
MemTotal:        8059640 kB
MemFree:         2978936 kB
MemAvailable:    4994544 kB
Buffers:          294648 kB
Cached:          1928364 kB
SwapCached:            0 kB
Active:          3501924 kB
Inactive:        1192976 kB
Active(anon):    2590408 kB
Inactive(anon):   269092 kB
Active(file):     911516 kB
Inactive(file):   923884 kB
Unevictable:         136 kB
Mlocked:             136 kB
SwapTotal:       9227464 kB
SwapFree:        9227464 kB
Dirty:               200 kB
Writeback:             0 kB
AnonPages:       2476124 kB
Mapped:           553704 kB
Shmem:            387616 kB
Slab:             255100 kB
SReclaimable:     222472 kB
SUnreclaim:        32628 kB
KernelStack:        7952 kB
PageTables:        38624 kB
NFS_Unstable:          0 kB
Bounce:                0 kB
WritebackTmp:          0 kB
CommitLimit:    13257284 kB
Committed_AS:    5821100 kB
VmallocTotal:   34359738367 kB
VmallocUsed:      385768 kB
VmallocChunk:   34358947836 kB
HardwareCorrupted:     0 kB
AnonHugePages:   1523712 kB
HugePages_Total:       0
HugePages_Free:        0
HugePages_Rsvd:        0
HugePages_Surp:        0
Hugepagesize:       2048 kB
DirectMap4k:      137136 kB
DirectMap2M:     7081984 kB
DirectMap1G:     2097152 kB


CPU:total 4 (4 cores per cpu, 1 threads per core) family 6 model 60 stepping 3, cmov, cx8, fxsr, mmx, sse, sse2, sse3, ssse3, sse4.1, sse4.2, popcnt, avx, avx2, aes, erms, tsc, tscinvbit

/proc/cpuinfo:
processor	: 0
vendor_id	: GenuineIntel
cpu family	: 6
model		: 60
model name	: Intel(R) Core(TM) i5-4440 CPU @ 3.10GHz
stepping	: 3
microcode	: 0x1c
cpu MHz		: 3270.742
cache size	: 6144 KB
physical id	: 0
siblings	: 4
core id		: 0
cpu cores	: 4
apicid		: 0
initial apicid	: 0
fpu		: yes
fpu_exception	: yes
cpuid level	: 13
wp		: yes
flags		: fpu vme de pse tsc msr pae mce cx8 apic sep mtrr pge mca cmov pat pse36 clflush dts acpi mmx fxsr sse sse2 ss ht tm pbe syscall nx pdpe1gb rdtscp lm constant_tsc arch_perfmon pebs bts rep_good nopl xtopology nonstop_tsc aperfmperf eagerfpu pni pclmulqdq dtes64 monitor ds_cpl vmx est tm2 ssse3 fma cx16 xtpr pdcm pcid sse4_1 sse4_2 x2apic movbe popcnt tsc_deadline_timer aes xsave avx f16c rdrand lahf_lm abm ida arat pln pts dtherm tpr_shadow vnmi flexpriority ept vpid fsgsbase tsc_adjust bmi1 avx2 smep bmi2 erms invpcid xsaveopt
bugs		:
bogomips	: 6188.51
clflush size	: 64
cache_alignment	: 64
address sizes	: 39 bits physical, 48 bits virtual
power management:

processor	: 1
vendor_id	: GenuineIntel
cpu family	: 6
model		: 60
model name	: Intel(R) Core(TM) i5-4440 CPU @ 3.10GHz
stepping	: 3
microcode	: 0x1c
cpu MHz		: 3190.578
cache size	: 6144 KB
physical id	: 0
siblings	: 4
core id		: 1
cpu cores	: 4
apicid		: 2
initial apicid	: 2
fpu		: yes
fpu_exception	: yes
cpuid level	: 13
wp		: yes
flags		: fpu vme de pse tsc msr pae mce cx8 apic sep mtrr pge mca cmov pat pse36 clflush dts acpi mmx fxsr sse sse2 ss ht tm pbe syscall nx pdpe1gb rdtscp lm constant_tsc arch_perfmon pebs bts rep_good nopl xtopology nonstop_tsc aperfmperf eagerfpu pni pclmulqdq dtes64 monitor ds_cpl vmx est tm2 ssse3 fma cx16 xtpr pdcm pcid sse4_1 sse4_2 x2apic movbe popcnt tsc_deadline_timer aes xsave avx f16c rdrand lahf_lm abm ida arat pln pts dtherm tpr_shadow vnmi flexpriority ept vpid fsgsbase tsc_adjust bmi1 avx2 smep bmi2 erms invpcid xsaveopt
bugs		:
bogomips	: 6188.51
clflush size	: 64
cache_alignment	: 64
address sizes	: 39 bits physical, 48 bits virtual
power management:

processor	: 2
vendor_id	: GenuineIntel
cpu family	: 6
model		: 60
model name	: Intel(R) Core(TM) i5-4440 CPU @ 3.10GHz
stepping	: 3
microcode	: 0x1c
cpu MHz		: 3232.839
cache size	: 6144 KB
physical id	: 0
siblings	: 4
core id		: 2
cpu cores	: 4
apicid		: 4
initial apicid	: 4
fpu		: yes
fpu_exception	: yes
cpuid level	: 13
wp		: yes
flags		: fpu vme de pse tsc msr pae mce cx8 apic sep mtrr pge mca cmov pat pse36 clflush dts acpi mmx fxsr sse sse2 ss ht tm pbe syscall nx pdpe1gb rdtscp lm constant_tsc arch_perfmon pebs bts rep_good nopl xtopology nonstop_tsc aperfmperf eagerfpu pni pclmulqdq dtes64 monitor ds_cpl vmx est tm2 ssse3 fma cx16 xtpr pdcm pcid sse4_1 sse4_2 x2apic movbe popcnt tsc_deadline_timer aes xsave avx f16c rdrand lahf_lm abm ida arat pln pts dtherm tpr_shadow vnmi flexpriority ept vpid fsgsbase tsc_adjust bmi1 avx2 smep bmi2 erms invpcid xsaveopt
bugs		:
bogomips	: 6188.51
clflush size	: 64
cache_alignment	: 64
address sizes	: 39 bits physical, 48 bits virtual
power management:

processor	: 3
vendor_id	: GenuineIntel
cpu family	: 6
model		: 60
model name	: Intel(R) Core(TM) i5-4440 CPU @ 3.10GHz
stepping	: 3
microcode	: 0x1c
cpu MHz		: 3299.925
cache size	: 6144 KB
physical id	: 0
siblings	: 4
core id		: 3
cpu cores	: 4
apicid		: 6
initial apicid	: 6
fpu		: yes
fpu_exception	: yes
cpuid level	: 13
wp		: yes
flags		: fpu vme de pse tsc msr pae mce cx8 apic sep mtrr pge mca cmov pat pse36 clflush dts acpi mmx fxsr sse sse2 ss ht tm pbe syscall nx pdpe1gb rdtscp lm constant_tsc arch_perfmon pebs bts rep_good nopl xtopology nonstop_tsc aperfmperf eagerfpu pni pclmulqdq dtes64 monitor ds_cpl vmx est tm2 ssse3 fma cx16 xtpr pdcm pcid sse4_1 sse4_2 x2apic movbe popcnt tsc_deadline_timer aes xsave avx f16c rdrand lahf_lm abm ida arat pln pts dtherm tpr_shadow vnmi flexpriority ept vpid fsgsbase tsc_adjust bmi1 avx2 smep bmi2 erms invpcid xsaveopt
bugs		:
bogomips	: 6188.51
clflush size	: 64
cache_alignment	: 64
address sizes	: 39 bits physical, 48 bits virtual
power management:



Memory: 4k page, physical 8059640k(2978936k free), swap 9227464k(9227464k free)

vm_info: OpenJDK 64-Bit Server VM (24.91-b01) for linux-amd64 JRE (1.7.0_91-b02), built on Nov 18 2015 11:22:39 by "builduser" with gcc 5.2.0

time: Fri Apr 15 17:47:35 2016
elapsed time: 14 seconds

