#
# A fatal error has been detected by the Java Runtime Environment:
#
#  SIGSEGV (0xb) at pc=0x00007fff914c54dd, pid=885, tid=87055
#
# JRE version: Java(TM) SE Runtime Environment (7.0_79-b15) (build 1.7.0_79-b15)
# Java VM: Java HotSpot(TM) 64-Bit Server VM (24.79-b02 mixed mode bsd-amd64 compressed oops)
# Problematic frame:
# C  [libobjc.A.dylib+0x14dd]  objc_msgSend+0x1d
#
# Failed to write core dump. Core dumps have been disabled. To enable core dumping, try "ulimit -c unlimited" before starting Java again
#
# If you would like to submit a bug report, please visit:
#   http://bugreport.java.com/bugreport/crash.jsp
# The crash happened outside the Java Virtual Machine in native code.
# See problematic frame for where to report the bug.
#

---------------  T H R E A D  ---------------

Current thread (0x00007f8879ae4800):  JavaThread "SwingWorker-pool-2-thread-1" daemon [_thread_in_native, id=87055, stack(0x0000700001e86000,0x0000700001f86000)]

siginfo:si_signo=SIGSEGV: si_errno=0, si_code=1 (SEGV_MAPERR), si_addr=0x000007f887970070

Registers:
RAX=0x0000000000000000, RBX=0x00007f88797005e0, RCX=0x0000000000000000, RDX=0x0000700001f85468
RSP=0x0000700001f854f8, RBP=0x0000700001f85540, RSI=0x00007fff95072b4e, RDI=0x00007f88797e6cf0
R8 =0x000000000000003f, R9 =0x00007f8879712720, R10=0x00007fff95072b4e, R11=0x000007f887970058
R12=0x00007fff914c54c0, R13=0x00007fff8a1cd02b, R14=0x00007fff95072b4e, R15=0x00007f887971e2a0
RIP=0x00007fff914c54dd, EFLAGS=0x0000000000010202, ERR=0x0000000000000004
  TRAPNO=0x000000000000000e

Top of Stack: (sp=0x0000700001f854f8)
0x0000700001f854f8:   000000011c6afd4b 00007f8879441a20
0x0000700001f85508:   4014000000000000 3fd3d70a3d70a3da
0x0000700001f85518:   000000077ba3ecc0 0000000000000000
0x0000700001f85528:   000000077ba3ecc0 00007f8879ae49e8
0x0000700001f85538:   00007f8879ae4800 0000700001f85550
0x0000700001f85548:   000000011c6a4f71 0000700001f85580
0x0000700001f85558:   000000011d22fe25 000000011d22fdf0
0x0000700001f85568:   000000077ba3ecc0 0000700001f855f8
0x0000700001f85578:   00007f8879ae4800 0000700001f855d8
0x0000700001f85588:   00000001066a5758 00007f8879ae4800
0x0000700001f85598:   0000700001f85598 0000000000000000
0x0000700001f855a8:   0000700001f855f8 000000077ba411c0
0x0000700001f855b8:   0000000000000000 000000077ba3ecc0
0x0000700001f855c8:   0000000000000000 0000700001f855f8
0x0000700001f855d8:   0000700001f85640 00000001066991d4
0x0000700001f855e8:   00000007809b9ce0 00000001066a1cd6
0x0000700001f855f8:   00000007809ce980 0000700001f85600
0x0000700001f85608:   000000077ba1eaa9 0000700001f85660
0x0000700001f85618:   000000077ba277e0 0000000000000000
0x0000700001f85628:   000000077ba1eb80 0000700001f855f8
0x0000700001f85638:   0000700001f85660 0000700001f856b8
0x0000700001f85648:   0000000106699233 0000000000000000
0x0000700001f85658:   00000007d631b0f8 00000007809ce558
0x0000700001f85668:   00000007809cea78 00000007809ce540
0x0000700001f85678:   0000700001f85678 000000077b1fe5a9
0x0000700001f85688:   0000700001f856d0 000000077ba1bdf8
0x0000700001f85698:   0000000000000000 000000077b1fe5f0
0x0000700001f856a8:   0000700001f85660 0000700001f856d0
0x0000700001f856b8:   0000700001f85720 0000000106699233
0x0000700001f856c8:   0000000000000000 00000007809ce540
0x0000700001f856d8:   0000000780971af0 0000700001f856e0
0x0000700001f856e8:   000000077b20028f 0000700001f85748 

Instructions: (pc=0x00007fff914c54dd)
0x00007fff914c54bd:   44 00 00 48 85 ff 2e 74 62 40 f6 c7 01 2e 75 66
0x00007fff914c54cd:   49 bb f8 ff ff ff ff 7f 00 00 4c 23 1f 49 89 f2
0x00007fff914c54dd:   45 23 53 18 49 c1 e2 04 4d 03 53 10 49 3b 32 75
0x00007fff914c54ed:   04 41 ff 62 08 49 83 3a 01 76 0d 49 83 c2 10 49 

Register to memory mapping:

RAX=0x0000000000000000 is an unknown value
RBX=0x00007f88797005e0 is an unknown value
RCX=0x0000000000000000 is an unknown value
RDX=0x0000700001f85468 is pointing into the stack for thread: 0x00007f8879ae4800
RSP=0x0000700001f854f8 is pointing into the stack for thread: 0x00007f8879ae4800
RBP=0x0000700001f85540 is pointing into the stack for thread: 0x00007f8879ae4800
RSI=0x00007fff95072b4e is an unknown value
RDI=0x00007f88797e6cf0 is an unknown value
R8 =0x000000000000003f is an unknown value
R9 =0x00007f8879712720 is an unknown value
R10=0x00007fff95072b4e is an unknown value
R11=0x000007f887970058 is an unknown value
R12=0x00007fff914c54c0: objc_msgSend+0 in /usr/lib/libobjc.A.dylib at 0x00007fff914c4000
R13=0x00007fff8a1cd02b: -[NSTitlebarContainerView transparent]+0x46e13 in /System/Library/Frameworks/AppKit.framework/Versions/C/AppKit at 0x00007fff89761000
R14=0x00007fff95072b4e is an unknown value
R15=0x00007f887971e2a0 is an unknown value


Stack: [0x0000700001e86000,0x0000700001f86000],  sp=0x0000700001f854f8,  free space=1021k
Native frames: (J=compiled Java code, j=interpreted, Vv=VM code, C=native code)
C  [libobjc.A.dylib+0x14dd]  objc_msgSend+0x1d
C  [libopencv_videoio.3.0.dylib+0x4f71]  cvGrabFrame+0x11
C  [libjniopencv_videoio.dylib+0x7e25]  Java_org_bytedeco_javacpp_opencv_1videoio_cvGrabFrame+0x35
j  org.bytedeco.javacpp.opencv_videoio.cvGrabFrame(Lorg/bytedeco/javacpp/opencv_videoio$CvCapture;)I+0
j  org.bytedeco.javacv.OpenCVFrameGrabber.grab()Lorg/bytedeco/javacv/Frame;+33
j  ru.ang5545.scanning_system_2.cam_acces.Grabber.grab()Lorg/bytedeco/javacpp/opencv_core$IplImage;+9
j  ru.ang5545.scanning_system_2.gui.MainFrame$AnswerWorker.doInBackground()Ljava/lang/String;+55
j  ru.ang5545.scanning_system_2.gui.MainFrame$AnswerWorker.doInBackground()Ljava/lang/Object;+1
j  javax.swing.SwingWorker$1.call()Ljava/lang/Object;+14
j  java.util.concurrent.FutureTask.run()V+42
j  javax.swing.SwingWorker.run()V+4
j  java.util.concurrent.ThreadPoolExecutor.runWorker(Ljava/util/concurrent/ThreadPoolExecutor$Worker;)V+95
j  java.util.concurrent.ThreadPoolExecutor$Worker.run()V+5
j  java.lang.Thread.run()V+11
v  ~StubRoutines::call_stub
V  [libjvm.dylib+0x2dbef8]  JavaCalls::call_helper(JavaValue*, methodHandle*, JavaCallArguments*, Thread*)+0x22a
V  [libjvm.dylib+0x2dc40f]  JavaCalls::call_virtual(JavaValue*, KlassHandle, Symbol*, Symbol*, JavaCallArguments*, Thread*)+0x11b
V  [libjvm.dylib+0x2dc54c]  JavaCalls::call_virtual(JavaValue*, Handle, KlassHandle, Symbol*, Symbol*, Thread*)+0x4a
V  [libjvm.dylib+0x32b43a]  thread_entry(JavaThread*, Thread*)+0xad
V  [libjvm.dylib+0x4f759d]  JavaThread::thread_main_inner()+0x9b
V  [libjvm.dylib+0x4f8ca5]  JavaThread::run()+0x1a3
V  [libjvm.dylib+0x421c4e]  java_start(Thread*)+0x126
C  [libsystem_pthread.dylib+0x3c13]  _pthread_body+0x83
C  [libsystem_pthread.dylib+0x3b90]  _pthread_body+0x0
C  [libsystem_pthread.dylib+0x1375]  thread_start+0xd

Java frames: (J=compiled Java code, j=interpreted, Vv=VM code)
j  org.bytedeco.javacpp.opencv_videoio.cvGrabFrame(Lorg/bytedeco/javacpp/opencv_videoio$CvCapture;)I+0
j  org.bytedeco.javacv.OpenCVFrameGrabber.grab()Lorg/bytedeco/javacv/Frame;+33
j  ru.ang5545.scanning_system_2.cam_acces.Grabber.grab()Lorg/bytedeco/javacpp/opencv_core$IplImage;+9
j  ru.ang5545.scanning_system_2.gui.MainFrame$AnswerWorker.doInBackground()Ljava/lang/String;+55
j  ru.ang5545.scanning_system_2.gui.MainFrame$AnswerWorker.doInBackground()Ljava/lang/Object;+1
j  javax.swing.SwingWorker$1.call()Ljava/lang/Object;+14
j  java.util.concurrent.FutureTask.run()V+42
j  javax.swing.SwingWorker.run()V+4
j  java.util.concurrent.ThreadPoolExecutor.runWorker(Ljava/util/concurrent/ThreadPoolExecutor$Worker;)V+95
j  java.util.concurrent.ThreadPoolExecutor$Worker.run()V+5
j  java.lang.Thread.run()V+11
v  ~StubRoutines::call_stub

---------------  P R O C E S S  ---------------

Java Threads: ( => current thread )
=>0x00007f8879ae4800 JavaThread "SwingWorker-pool-2-thread-1" daemon [_thread_in_native, id=87055, stack(0x0000700001e86000,0x0000700001f86000)]
  0x00007f8879a8c800 JavaThread "TimerQueue" daemon [_thread_blocked, id=58407, stack(0x0000700001a71000,0x0000700001b71000)]
  0x00007f887b090000 JavaThread "Java2D Disposer" daemon [_thread_blocked, id=56331, stack(0x000070000196e000,0x0000700001a6e000)]
  0x00007f887b001800 JavaThread "Java2D Queue Flusher" daemon [_thread_in_native, id=53255, stack(0x000070000186b000,0x000070000196b000)]
  0x00007f887a105800 JavaThread "DestroyJavaVM" [_thread_blocked, id=5891, stack(0x000070000011a000,0x000070000021a000)]
  0x00007f8879806800 JavaThread "AWT-EventQueue-0" [_thread_blocked, id=51975, stack(0x0000700001768000,0x0000700001868000)]
  0x00007f887a101000 JavaThread "AWT-Shutdown" [_thread_blocked, id=31251, stack(0x0000700001459000,0x0000700001559000)]
  0x00007f887a89d000 JavaThread "AppKit Thread" daemon [_thread_in_native, id=2571, stack(0x00007fff5ab71000,0x00007fff5b371000)]
  0x00007f887a814800 JavaThread "Service Thread" daemon [_thread_blocked, id=20227, stack(0x000070000114d000,0x000070000124d000)]
  0x00007f887a801000 JavaThread "C2 CompilerThread1" daemon [_thread_in_native, id=19715, stack(0x000070000104a000,0x000070000114a000)]
  0x00007f8879824800 JavaThread "C2 CompilerThread0" daemon [_thread_in_native, id=19203, stack(0x0000700000f47000,0x0000700001047000)]
  0x00007f8879823800 JavaThread "Signal Dispatcher" daemon [_thread_blocked, id=15887, stack(0x0000700000e44000,0x0000700000f44000)]
  0x00007f887a80b800 JavaThread "Finalizer" daemon [_thread_blocked, id=14339, stack(0x0000700000c3b000,0x0000700000d3b000)]
  0x00007f887a80b000 JavaThread "Reference Handler" daemon [_thread_blocked, id=13827, stack(0x0000700000b38000,0x0000700000c38000)]

Other Threads:
  0x00007f887a046000 VMThread [stack: 0x0000700000a35000,0x0000700000b35000] [id=13315]
  0x00007f887a80d800 WatcherThread [stack: 0x0000700001250000,0x0000700001350000] [id=20739]

VM state:not at safepoint (normal execution)

VM Mutex/Monitor currently owned by a thread: None

Heap
 PSYoungGen      total 280064K, used 25606K [0x00000007d5500000, 0x00000007e7100000, 0x0000000800000000)
  eden space 270336K, 8% used [0x00000007d5500000,0x00000007d6bf0838,0x00000007e5d00000)
  from space 9728K, 21% used [0x00000007e6780000,0x00000007e6991228,0x00000007e7100000)
  to   space 10240K, 0% used [0x00000007e5d00000,0x00000007e5d00000,0x00000007e6700000)
 ParOldGen       total 87040K, used 11221K [0x0000000780000000, 0x0000000785500000, 0x00000007d5500000)
  object space 87040K, 12% used [0x0000000780000000,0x0000000780af5558,0x0000000785500000)
 PSPermGen       total 21504K, used 13035K [0x000000077ae00000, 0x000000077c300000, 0x0000000780000000)
  object space 21504K, 60% used [0x000000077ae00000,0x000000077babae68,0x000000077c300000)

Card table byte_map: [0x0000000109753000,0x0000000109b7d000] byte_map_base: 0x0000000105b7c000

Polling page: 0x0000000104bd8000

Code Cache  [0x0000000106693000, 0x0000000106903000, 0x0000000109693000)
 total_blobs=697 nmethods=150 adapters=501 free_code_cache=48307Kb largest_free_block=49443200

Compilation events (10 events):
Event: 5.246 Thread 0x00007f887a801000 nmethod 146 0x0000000106754c10 code [0x0000000106754d80, 0x0000000106754f18]
Event: 5.249 Thread 0x00007f887a801000  147             java.lang.Math::max (45 bytes)
Event: 5.249 Thread 0x00007f887a801000 nmethod 147 0x00000001067549d0 code [0x0000000106754b20, 0x0000000106754b98]
Event: 5.251 Thread 0x00007f8879824800 nmethod 145 0x0000000106767550 code [0x00000001067676e0, 0x0000000106768048]
Event: 5.257 Thread 0x00007f887a801000  148             sun.font.FontDesignMetrics::stringWidth (154 bytes)
Event: 5.260 Thread 0x00007f887a801000 nmethod 148 0x00000001067626d0 code [0x00000001067628a0, 0x0000000106762c28]
Event: 5.317 Thread 0x00007f8879824800  149             sun.awt.AppContext::getAppContext (51 bytes)
Event: 5.317 Thread 0x00007f8879824800 nmethod 149 0x0000000106767210 code [0x0000000106767360, 0x0000000106767448]
Event: 5.363 Thread 0x00007f887a801000  150             sun.java2d.pipe.RenderBuffer::remaining (11 bytes)
Event: 5.363 Thread 0x00007f887a801000 nmethod 150 0x0000000106767010 code [0x0000000106767140, 0x00000001067671b8]

GC Heap History (10 events):
Event: 3.815 GC heap before
{Heap before GC invocations=4 (full 0):
 PSYoungGen      total 38912K, used 36952K [0x00000007d5500000, 0x00000007da100000, 0x0000000800000000)
  eden space 33792K, 99% used [0x00000007d5500000,0x00000007d75ec250,0x00000007d7600000)
  from space 5120K, 63% used [0x00000007d7600000,0x00000007d7929ef0,0x00000007d7b00000)
  to   space 5120K, 0% used [0x00000007d9c00000,0x00000007d9c00000,0x00000007da100000)
 ParOldGen       total 87040K, used 8938K [0x0000000780000000, 0x0000000785500000, 0x00000007d5500000)
  object space 87040K, 10% used [0x0000000780000000,0x00000007808baa18,0x0000000785500000)
 PSPermGen       total 21504K, used 12975K [0x000000077ae00000, 0x000000077c300000, 0x0000000780000000)
  object space 21504K, 60% used [0x000000077ae00000,0x000000077baabe70,0x000000077c300000)
Event: 3.819 GC heap after
Heap after GC invocations=4 (full 0):
 PSYoungGen      total 72704K, used 3389K [0x00000007d5500000, 0x00000007da100000, 0x0000000800000000)
  eden space 67584K, 0% used [0x00000007d5500000,0x00000007d5500000,0x00000007d9700000)
  from space 5120K, 66% used [0x00000007d9c00000,0x00000007d9f4f650,0x00000007da100000)
  to   space 5120K, 0% used [0x00000007d9700000,0x00000007d9700000,0x00000007d9c00000)
 ParOldGen       total 87040K, used 8938K [0x0000000780000000, 0x0000000785500000, 0x00000007d5500000)
  object space 87040K, 10% used [0x0000000780000000,0x00000007808baa18,0x0000000785500000)
 PSPermGen       total 21504K, used 12975K [0x000000077ae00000, 0x000000077c300000, 0x0000000780000000)
  object space 21504K, 60% used [0x000000077ae00000,0x000000077baabe70,0x000000077c300000)
}
Event: 4.065 GC heap before
{Heap before GC invocations=5 (full 0):
 PSYoungGen      total 72704K, used 68859K [0x00000007d5500000, 0x00000007da100000, 0x0000000800000000)
  eden space 67584K, 96% used [0x00000007d5500000,0x00000007d94ef948,0x00000007d9700000)
  from space 5120K, 66% used [0x00000007d9c00000,0x00000007d9f4f650,0x00000007da100000)
  to   space 5120K, 0% used [0x00000007d9700000,0x00000007d9700000,0x00000007d9c00000)
 ParOldGen       total 87040K, used 8938K [0x0000000780000000, 0x0000000785500000, 0x00000007d5500000)
  object space 87040K, 10% used [0x0000000780000000,0x00000007808baa18,0x0000000785500000)
 PSPermGen       total 21504K, used 12985K [0x000000077ae00000, 0x000000077c300000, 0x0000000780000000)
  object space 21504K, 60% used [0x000000077ae00000,0x000000077baae640,0x000000077c300000)
Event: 4.069 GC heap after
Heap after GC invocations=5 (full 0):
 PSYoungGen      total 72704K, used 3040K [0x00000007d5500000, 0x00000007def00000, 0x0000000800000000)
  eden space 67584K, 0% used [0x00000007d5500000,0x00000007d5500000,0x00000007d9700000)
  from space 5120K, 59% used [0x00000007d9700000,0x00000007d99f8018,0x00000007d9c00000)
  to   space 11264K, 0% used [0x00000007de400000,0x00000007de400000,0x00000007def00000)
 ParOldGen       total 87040K, used 8946K [0x0000000780000000, 0x0000000785500000, 0x00000007d5500000)
  object space 87040K, 10% used [0x0000000780000000,0x00000007808bca18,0x0000000785500000)
 PSPermGen       total 21504K, used 12985K [0x000000077ae00000, 0x000000077c300000, 0x0000000780000000)
  object space 21504K, 60% used [0x000000077ae00000,0x000000077baae640,0x000000077c300000)
}
Event: 4.314 GC heap before
{Heap before GC invocations=6 (full 0):
 PSYoungGen      total 72704K, used 68406K [0x00000007d5500000, 0x00000007def00000, 0x0000000800000000)
  eden space 67584K, 96% used [0x00000007d5500000,0x00000007d94d5bc8,0x00000007d9700000)
  from space 5120K, 59% used [0x00000007d9700000,0x00000007d99f8018,0x00000007d9c00000)
  to   space 11264K, 0% used [0x00000007de400000,0x00000007de400000,0x00000007def00000)
 ParOldGen       total 87040K, used 8946K [0x0000000780000000, 0x0000000785500000, 0x00000007d5500000)
  object space 87040K, 10% used [0x0000000780000000,0x00000007808bca18,0x0000000785500000)
 PSPermGen       total 21504K, used 12992K [0x000000077ae00000, 0x000000077c300000, 0x0000000780000000)
  object space 21504K, 60% used [0x000000077ae00000,0x000000077bab0168,0x000000077c300000)
Event: 4.318 GC heap after
Heap after GC invocations=6 (full 0):
 PSYoungGen      total 145408K, used 3374K [0x00000007d5500000, 0x00000007dee00000, 0x0000000800000000)
  eden space 135168K, 0% used [0x00000007d5500000,0x00000007d5500000,0x00000007dd900000)
  from space 10240K, 32% used [0x00000007de400000,0x00000007de74b848,0x00000007dee00000)
  to   space 10752K, 0% used [0x00000007dd900000,0x00000007dd900000,0x00000007de380000)
 ParOldGen       total 87040K, used 8946K [0x0000000780000000, 0x0000000785500000, 0x00000007d5500000)
  object space 87040K, 10% used [0x0000000780000000,0x00000007808bca18,0x0000000785500000)
 PSPermGen       total 21504K, used 12992K [0x000000077ae00000, 0x000000077c300000, 0x0000000780000000)
  object space 21504K, 60% used [0x000000077ae00000,0x000000077bab0168,0x000000077c300000)
}
Event: 4.847 GC heap before
{Heap before GC invocations=7 (full 0):
 PSYoungGen      total 145408K, used 137497K [0x00000007d5500000, 0x00000007dee00000, 0x0000000800000000)
  eden space 135168K, 99% used [0x00000007d5500000,0x00000007dd7fad90,0x00000007dd900000)
  from space 10240K, 32% used [0x00000007de400000,0x00000007de74b848,0x00000007dee00000)
  to   space 10752K, 0% used [0x00000007dd900000,0x00000007dd900000,0x00000007de380000)
 ParOldGen       total 87040K, used 8946K [0x0000000780000000, 0x0000000785500000, 0x00000007d5500000)
  object space 87040K, 10% used [0x0000000780000000,0x00000007808bca18,0x0000000785500000)
 PSPermGen       total 21504K, used 13012K [0x000000077ae00000, 0x000000077c300000, 0x0000000780000000)
  object space 21504K, 60% used [0x000000077ae00000,0x000000077bab5130,0x000000077c300000)
Event: 4.851 GC heap after
Heap after GC invocations=7 (full 0):
 PSYoungGen      total 145920K, used 1083K [0x00000007d5500000, 0x00000007e7200000, 0x0000000800000000)
  eden space 135168K, 0% used [0x00000007d5500000,0x00000007d5500000,0x00000007dd900000)
  from space 10752K, 10% used [0x00000007dd900000,0x00000007dda0ec20,0x00000007de380000)
  to   space 10752K, 0% used [0x00000007e6780000,0x00000007e6780000,0x00000007e7200000)
 ParOldGen       total 87040K, used 11213K [0x0000000780000000, 0x0000000785500000, 0x00000007d5500000)
  object space 87040K, 12% used [0x0000000780000000,0x0000000780af3558,0x0000000785500000)
 PSPermGen       total 21504K, used 13012K [0x000000077ae00000, 0x000000077c300000, 0x0000000780000000)
  object space 21504K, 60% used [0x000000077ae00000,0x000000077bab5130,0x000000077c300000)
}
Event: 5.351 GC heap before
{Heap before GC invocations=8 (full 0):
 PSYoungGen      total 145920K, used 135623K [0x00000007d5500000, 0x00000007e7200000, 0x0000000800000000)
  eden space 135168K, 99% used [0x00000007d5500000,0x00000007dd863178,0x00000007dd900000)
  from space 10752K, 10% used [0x00000007dd900000,0x00000007dda0ec20,0x00000007de380000)
  to   space 10752K, 0% used [0x00000007e6780000,0x00000007e6780000,0x00000007e7200000)
 ParOldGen       total 87040K, used 11213K [0x0000000780000000, 0x0000000785500000, 0x00000007d5500000)
  object space 87040K, 12% used [0x0000000780000000,0x0000000780af3558,0x0000000785500000)
 PSPermGen       total 21504K, used 13031K [0x000000077ae00000, 0x000000077c300000, 0x0000000780000000)
  object space 21504K, 60% used [0x000000077ae00000,0x000000077bab9d58,0x000000077c300000)
Event: 5.352 GC heap after
Heap after GC invocations=8 (full 0):
 PSYoungGen      total 280064K, used 2116K [0x00000007d5500000, 0x00000007e7100000, 0x0000000800000000)
  eden space 270336K, 0% used [0x00000007d5500000,0x00000007d5500000,0x00000007e5d00000)
  from space 9728K, 21% used [0x00000007e6780000,0x00000007e6991228,0x00000007e7100000)
  to   space 10240K, 0% used [0x00000007e5d00000,0x00000007e5d00000,0x00000007e6700000)
 ParOldGen       total 87040K, used 11221K [0x0000000780000000, 0x0000000785500000, 0x00000007d5500000)
  object space 87040K, 12% used [0x0000000780000000,0x0000000780af5558,0x0000000785500000)
 PSPermGen       total 21504K, used 13031K [0x000000077ae00000, 0x000000077c300000, 0x0000000780000000)
  object space 21504K, 60% used [0x000000077ae00000,0x000000077bab9d58,0x000000077c300000)
}

Deoptimization events (10 events):
Event: 0.350 Thread 0x00007f8879806800 Uncommon trap: reason=class_check action=maybe_recompile pc=0x000000010670f390 method=java.lang.String.equals(Ljava/lang/Object;)Z @ 8
Event: 0.350 Thread 0x00007f8879806800 Uncommon trap: reason=class_check action=maybe_recompile pc=0x000000010670f390 method=java.lang.String.equals(Ljava/lang/Object;)Z @ 8
Event: 0.350 Thread 0x00007f8879806800 Uncommon trap: reason=class_check action=maybe_recompile pc=0x000000010670f390 method=java.lang.String.equals(Ljava/lang/Object;)Z @ 8
Event: 0.630 Thread 0x00007f8879806800 Uncommon trap: reason=unreached action=reinterpret pc=0x000000010671a358 method=java.util.HashMap.get(Ljava/lang/Object;)Ljava/lang/Object; @ 1
Event: 4.364 Thread 0x00007f8879806800 Uncommon trap: reason=predicate action=maybe_recompile pc=0x0000000106747334 method=java.util.TimSort.binarySort([Ljava/lang/Object;IIILjava/util/Comparator;)V @ 37
Event: 4.862 Thread 0x00007f887b001800 Uncommon trap: reason=predicate action=maybe_recompile pc=0x0000000106760cc0 method=java.util.Arrays.fill([Ljava/lang/Object;Ljava/lang/Object;)V @ 10
Event: 5.027 Thread 0x00007f8879806800 Uncommon trap: reason=array_check action=maybe_recompile pc=0x0000000106764504 method=java.util.TimSort.binarySort([Ljava/lang/Object;IIILjava/util/Comparator;)V @ 215
Event: 5.027 Thread 0x00007f8879806800 Uncommon trap: reason=array_check action=maybe_recompile pc=0x00000001067646e4 method=java.util.TimSort.binarySort([Ljava/lang/Object;IIILjava/util/Comparator;)V @ 183
Event: 5.031 Thread 0x00007f8879806800 Uncommon trap: reason=array_check action=maybe_recompile pc=0x0000000106764504 method=java.util.TimSort.binarySort([Ljava/lang/Object;IIILjava/util/Comparator;)V @ 215
Event: 5.031 Thread 0x00007f8879806800 Uncommon trap: reason=array_check action=maybe_recompile pc=0x00000001067646e4 method=java.util.TimSort.binarySort([Ljava/lang/Object;IIILjava/util/Comparator;)V @ 183

Internal exceptions (10 events):
Event: 2.114 Thread 0x00007f8879806800 Threw 0x00000007d6e537e8 at /HUDSON/workspace/7u-2-build-macosx-x86_64/jdk7u79/2331/hotspot/src/share/vm/prims/jvm.cpp:1304
Event: 2.162 Thread 0x00007f8879806800 Threw 0x00000007d704e000 at /HUDSON/workspace/7u-2-build-macosx-x86_64/jdk7u79/2331/hotspot/src/share/vm/prims/jvm.cpp:1304
Event: 2.163 Thread 0x00007f8879806800 Threw 0x00000007d70576e8 at /HUDSON/workspace/7u-2-build-macosx-x86_64/jdk7u79/2331/hotspot/src/share/vm/prims/jvm.cpp:1304
Event: 3.349 Thread 0x00007f8879806800 Threw 0x00000007d705f9b8 at /HUDSON/workspace/7u-2-build-macosx-x86_64/jdk7u79/2331/hotspot/src/share/vm/prims/jvm.cpp:1304
Event: 3.371 Thread 0x00007f8879806800 Threw 0x00000007d7066d88 at /HUDSON/workspace/7u-2-build-macosx-x86_64/jdk7u79/2331/hotspot/src/share/vm/prims/jvm.cpp:1304
Event: 3.374 Thread 0x00007f8879806800 Threw 0x00000007d706ce60 at /HUDSON/workspace/7u-2-build-macosx-x86_64/jdk7u79/2331/hotspot/src/share/vm/prims/jvm.cpp:1304
Event: 3.458 Thread 0x00007f8879ae4800 Threw 0x00000007d5803d08 at /HUDSON/workspace/7u-2-build-macosx-x86_64/jdk7u79/2331/hotspot/src/share/vm/prims/jvm.cpp:1304
Event: 5.787 Thread 0x00007f8879806800 Threw 0x00000007d563dc08 at /HUDSON/workspace/7u-2-build-macosx-x86_64/jdk7u79/2331/hotspot/src/share/vm/prims/jni.cpp:717
Event: 5.787 Thread 0x00007f8879806800 Threw 0x00000007d563dc08 at /HUDSON/workspace/7u-2-build-macosx-x86_64/jdk7u79/2331/hotspot/src/share/vm/prims/jvm.cpp:1308
Event: 5.787 Thread 0x00007f8879806800 Threw 0x00000007d563dc08 at /HUDSON/workspace/7u-2-build-macosx-x86_64/jdk7u79/2331/hotspot/src/share/vm/prims/jvm.cpp:1308

Events (10 events):
Event: 5.031 Thread 0x00007f8879806800 DEOPT UNPACKING pc=0x00000001066cc045 sp=0x0000700001864f98 mode 2
Event: 5.031 Thread 0x00007f8879806800 Uncommon trap: trap_request=0xffffffd6 fr.pc=0x00000001067646e4
Event: 5.031 Thread 0x00007f8879806800 DEOPT PACKING pc=0x00000001067646e4 sp=0x00007000018650a0
Event: 5.031 Thread 0x00007f8879806800 DEOPT UNPACKING pc=0x00000001066cc045 sp=0x0000700001865078 mode 2
Event: 5.350 Executing VM operation: ParallelGCFailedAllocation
Event: 5.352 Executing VM operation: ParallelGCFailedAllocation done
Event: 5.788 loading class 0x000000010e56c380
Event: 5.788 loading class 0x000000010e56c5f0
Event: 5.788 loading class 0x000000010e56c5f0 done
Event: 5.788 loading class 0x000000010e56c380 done


Dynamic libraries:
0x0000000002c2a000 	/System/Library/Frameworks/Cocoa.framework/Versions/A/Cocoa
0x0000000002c2a000 	/System/Library/Frameworks/Security.framework/Versions/A/Security
0x0000000002c2a000 	/System/Library/Frameworks/ApplicationServices.framework/Versions/A/ApplicationServices
0x0000000002c2a000 	/usr/lib/libz.1.dylib
0x0000000002c2a000 	/usr/lib/libSystem.B.dylib
0x0000000002c2a000 	/usr/lib/libobjc.A.dylib
0x0000000002c2a000 	/System/Library/Frameworks/CoreFoundation.framework/Versions/A/CoreFoundation
0x0000000002c2a000 	/System/Library/Frameworks/Foundation.framework/Versions/C/Foundation
0x0000000002c2a000 	/System/Library/Frameworks/AppKit.framework/Versions/C/AppKit
0x0000000002c2a000 	/System/Library/Frameworks/CoreData.framework/Versions/A/CoreData
0x0000000002c2a000 	/System/Library/PrivateFrameworks/RemoteViewServices.framework/Versions/A/RemoteViewServices
0x0000000002c2a000 	/System/Library/PrivateFrameworks/UIFoundation.framework/Versions/A/UIFoundation
0x0000000002c2a000 	/usr/lib/libScreenReader.dylib
0x0000000002c2a000 	/System/Library/Frameworks/Accelerate.framework/Versions/A/Accelerate
0x0000000002c2a000 	/System/Library/Frameworks/IOSurface.framework/Versions/A/IOSurface
0x0000000002c2a000 	/System/Library/Frameworks/AudioToolbox.framework/Versions/A/AudioToolbox
0x0000000002c2a000 	/System/Library/Frameworks/AudioUnit.framework/Versions/A/AudioUnit
0x0000000002c2a000 	/System/Library/PrivateFrameworks/DataDetectorsCore.framework/Versions/A/DataDetectorsCore
0x0000000002c2a000 	/System/Library/PrivateFrameworks/DesktopServicesPriv.framework/Versions/A/DesktopServicesPriv
0x0000000002c2a000 	/System/Library/Frameworks/Carbon.framework/Versions/A/Frameworks/HIToolbox.framework/Versions/A/HIToolbox
0x0000000002c2a000 	/System/Library/Frameworks/QuartzCore.framework/Versions/A/QuartzCore
0x0000000002c2a000 	/System/Library/Frameworks/Carbon.framework/Versions/A/Frameworks/SpeechRecognition.framework/Versions/A/SpeechRecognition
0x0000000002c2a000 	/usr/lib/libauto.dylib
0x0000000002c2a000 	/usr/lib/libicucore.A.dylib
0x0000000002c2a000 	/usr/lib/libxml2.2.dylib
0x0000000002c2a000 	/System/Library/PrivateFrameworks/CoreUI.framework/Versions/A/CoreUI
0x0000000002c2a000 	/System/Library/Frameworks/CoreAudio.framework/Versions/A/CoreAudio
0x0000000002c2a000 	/System/Library/Frameworks/DiskArbitration.framework/Versions/A/DiskArbitration
0x0000000002c2a000 	/usr/lib/liblangid.dylib
0x0000000002c2a000 	/System/Library/PrivateFrameworks/MultitouchSupport.framework/Versions/A/MultitouchSupport
0x0000000002c2a000 	/System/Library/Frameworks/IOKit.framework/Versions/A/IOKit
0x0000000002c2a000 	/usr/lib/libDiagnosticMessagesClient.dylib
0x0000000002c2a000 	/System/Library/Frameworks/CoreServices.framework/Versions/A/CoreServices
0x0000000002c2a000 	/System/Library/PrivateFrameworks/PerformanceAnalysis.framework/Versions/A/PerformanceAnalysis
0x0000000002c2a000 	/System/Library/PrivateFrameworks/GenerationalStorage.framework/Versions/A/GenerationalStorage
0x0000000002c2a000 	/System/Library/Frameworks/OpenGL.framework/Versions/A/OpenGL
0x0000000002c2a000 	/System/Library/PrivateFrameworks/Sharing.framework/Versions/A/Sharing
0x0000000002c2a000 	/System/Library/Frameworks/CoreGraphics.framework/Versions/A/CoreGraphics
0x0000000002c2a000 	/System/Library/Frameworks/CoreImage.framework/Versions/A/CoreImage
0x0000000002c2a000 	/System/Library/Frameworks/CoreText.framework/Versions/A/CoreText
0x0000000002c2a000 	/System/Library/Frameworks/ImageIO.framework/Versions/A/ImageIO
0x0000000002c2a000 	/System/Library/PrivateFrameworks/Backup.framework/Versions/A/Backup
0x0000000002c2a000 	/usr/lib/libextension.dylib
0x0000000002c2a000 	/usr/lib/libarchive.2.dylib
0x0000000002c2a000 	/System/Library/Frameworks/CFNetwork.framework/Versions/A/CFNetwork
0x0000000002c2a000 	/System/Library/Frameworks/SystemConfiguration.framework/Versions/A/SystemConfiguration
0x0000000002c2a000 	/usr/lib/libCRFSuite.dylib
0x0000000002c2a000 	/usr/lib/libc++.1.dylib
0x0000000002c2a000 	/usr/lib/libc++abi.dylib
0x0000000002c2a000 	/usr/lib/system/libcache.dylib
0x0000000002c2a000 	/usr/lib/system/libcommonCrypto.dylib
0x0000000002c2a000 	/usr/lib/system/libcompiler_rt.dylib
0x0000000002c2a000 	/usr/lib/system/libcopyfile.dylib
0x0000000002c2a000 	/usr/lib/system/libcorecrypto.dylib
0x0000000002c2a000 	/usr/lib/system/libdispatch.dylib
0x0000000002c2a000 	/usr/lib/system/libdyld.dylib
0x0000000002c2a000 	/usr/lib/system/libkeymgr.dylib
0x0000000002c2a000 	/usr/lib/system/liblaunch.dylib
0x0000000002c2a000 	/usr/lib/system/libmacho.dylib
0x0000000002c2a000 	/usr/lib/system/libquarantine.dylib
0x0000000002c2a000 	/usr/lib/system/libremovefile.dylib
0x0000000002c2a000 	/usr/lib/system/libsystem_asl.dylib
0x0000000002c2a000 	/usr/lib/system/libsystem_blocks.dylib
0x0000000002c2a000 	/usr/lib/system/libsystem_c.dylib
0x0000000002c2a000 	/usr/lib/system/libsystem_configuration.dylib
0x0000000002c2a000 	/usr/lib/system/libsystem_coreservices.dylib
0x0000000002c2a000 	/usr/lib/system/libsystem_coretls.dylib
0x0000000002c2a000 	/usr/lib/system/libsystem_dnssd.dylib
0x0000000002c2a000 	/usr/lib/system/libsystem_info.dylib
0x0000000002c2a000 	/usr/lib/system/libsystem_kernel.dylib
0x0000000002c2a000 	/usr/lib/system/libsystem_m.dylib
0x0000000002c2a000 	/usr/lib/system/libsystem_malloc.dylib
0x0000000002c2a000 	/usr/lib/system/libsystem_network.dylib
0x0000000002c2a000 	/usr/lib/system/libsystem_networkextension.dylib
0x0000000002c2a000 	/usr/lib/system/libsystem_notify.dylib
0x0000000002c2a000 	/usr/lib/system/libsystem_platform.dylib
0x0000000002c2a000 	/usr/lib/system/libsystem_pthread.dylib
0x0000000002c2a000 	/usr/lib/system/libsystem_sandbox.dylib
0x0000000002c2a000 	/usr/lib/system/libsystem_secinit.dylib
0x0000000002c2a000 	/usr/lib/system/libsystem_trace.dylib
0x0000000002c2a000 	/usr/lib/system/libunc.dylib
0x0000000002c2a000 	/usr/lib/system/libunwind.dylib
0x0000000002c2a000 	/usr/lib/system/libxpc.dylib
0x0000000002c2a000 	/usr/lib/libenergytrace.dylib
0x0000000002c2a000 	/usr/lib/libbsm.0.dylib
0x0000000002c2a000 	/usr/lib/system/libkxld.dylib
0x0000000002c2a000 	/usr/lib/libxar.1.dylib
0x0000000002c2a000 	/usr/lib/libsqlite3.dylib
0x0000000002c2a000 	/usr/lib/libpam.2.dylib
0x0000000002c2a000 	/usr/lib/libOpenScriptingUtil.dylib
0x0000000002c2a000 	/usr/lib/libbz2.1.0.dylib
0x0000000002c2a000 	/usr/lib/liblzma.5.dylib
0x0000000002c2a000 	/System/Library/Frameworks/CoreServices.framework/Versions/A/Frameworks/FSEvents.framework/Versions/A/FSEvents
0x0000000002c2a000 	/System/Library/Frameworks/CoreServices.framework/Versions/A/Frameworks/CarbonCore.framework/Versions/A/CarbonCore
0x0000000002c2a000 	/System/Library/Frameworks/CoreServices.framework/Versions/A/Frameworks/Metadata.framework/Versions/A/Metadata
0x0000000002c2a000 	/System/Library/Frameworks/CoreServices.framework/Versions/A/Frameworks/OSServices.framework/Versions/A/OSServices
0x0000000002c2a000 	/System/Library/Frameworks/CoreServices.framework/Versions/A/Frameworks/SearchKit.framework/Versions/A/SearchKit
0x0000000002c2a000 	/System/Library/Frameworks/CoreServices.framework/Versions/A/Frameworks/AE.framework/Versions/A/AE
0x0000000002c2a000 	/System/Library/Frameworks/CoreServices.framework/Versions/A/Frameworks/LaunchServices.framework/Versions/A/LaunchServices
0x0000000002c2a000 	/System/Library/Frameworks/CoreServices.framework/Versions/A/Frameworks/DictionaryServices.framework/Versions/A/DictionaryServices
0x0000000002c2a000 	/System/Library/Frameworks/CoreServices.framework/Versions/A/Frameworks/SharedFileList.framework/Versions/A/SharedFileList
0x0000000002c2a000 	/System/Library/Frameworks/NetFS.framework/Versions/A/NetFS
0x0000000002c2a000 	/System/Library/PrivateFrameworks/NetAuth.framework/Versions/A/NetAuth
0x0000000002c2a000 	/System/Library/PrivateFrameworks/login.framework/Versions/A/Frameworks/loginsupport.framework/Versions/A/loginsupport
0x0000000002c2a000 	/System/Library/PrivateFrameworks/TCC.framework/Versions/A/TCC
0x0000000002c2a000 	/usr/lib/libmecabra.dylib
0x0000000002c2a000 	/System/Library/Frameworks/ApplicationServices.framework/Versions/A/Frameworks/ATS.framework/Versions/A/ATS
0x0000000002c2a000 	/System/Library/Frameworks/ApplicationServices.framework/Versions/A/Frameworks/ColorSync.framework/Versions/A/ColorSync
0x0000000002c2a000 	/System/Library/Frameworks/ApplicationServices.framework/Versions/A/Frameworks/HIServices.framework/Versions/A/HIServices
0x0000000002c2a000 	/System/Library/Frameworks/ApplicationServices.framework/Versions/A/Frameworks/LangAnalysis.framework/Versions/A/LangAnalysis
0x0000000002c2a000 	/System/Library/Frameworks/ApplicationServices.framework/Versions/A/Frameworks/PrintCore.framework/Versions/A/PrintCore
0x0000000002c2a000 	/System/Library/Frameworks/ApplicationServices.framework/Versions/A/Frameworks/QD.framework/Versions/A/QD
0x0000000002c2a000 	/System/Library/Frameworks/ApplicationServices.framework/Versions/A/Frameworks/SpeechSynthesis.framework/Versions/A/SpeechSynthesis
0x0000000002c2a000 	/System/Library/Frameworks/Metal.framework/Versions/A/Metal
0x0000000002c2a000 	/System/Library/Frameworks/Accelerate.framework/Versions/A/Frameworks/vImage.framework/Versions/A/vImage
0x0000000002c2a000 	/System/Library/Frameworks/Accelerate.framework/Versions/A/Frameworks/vecLib.framework/Versions/A/vecLib
0x0000000002c2a000 	/System/Library/Frameworks/Accelerate.framework/Versions/A/Frameworks/vecLib.framework/Versions/A/libvDSP.dylib
0x0000000002c2a000 	/System/Library/Frameworks/Accelerate.framework/Versions/A/Frameworks/vecLib.framework/Versions/A/libvMisc.dylib
0x0000000002c2a000 	/System/Library/Frameworks/Accelerate.framework/Versions/A/Frameworks/vecLib.framework/Versions/A/libLAPACK.dylib
0x0000000002c2a000 	/System/Library/Frameworks/Accelerate.framework/Versions/A/Frameworks/vecLib.framework/Versions/A/libBLAS.dylib
0x0000000002c2a000 	/System/Library/Frameworks/Accelerate.framework/Versions/A/Frameworks/vecLib.framework/Versions/A/libLinearAlgebra.dylib
0x0000000002c2a000 	/System/Library/Frameworks/Accelerate.framework/Versions/A/Frameworks/vecLib.framework/Versions/A/libSparseBLAS.dylib
0x0000000002c2a000 	/System/Library/PrivateFrameworks/GPUCompiler.framework/libmetal_timestamp.dylib
0x0000000002c2a000 	/System/Library/Frameworks/OpenGL.framework/Versions/A/Libraries/libCoreFSCache.dylib
0x0000000002c2a000 	/System/Library/PrivateFrameworks/IOAccelerator.framework/Versions/A/IOAccelerator
0x0000000002c2a000 	/System/Library/Frameworks/ApplicationServices.framework/Versions/A/Frameworks/ATS.framework/Versions/A/Resources/libFontParser.dylib
0x0000000002c2a000 	/System/Library/Frameworks/ApplicationServices.framework/Versions/A/Frameworks/ATS.framework/Versions/A/Resources/libFontRegistry.dylib
0x0000000002c2a000 	/System/Library/PrivateFrameworks/AppleVPA.framework/Versions/A/AppleVPA
0x0000000002c2a000 	/System/Library/PrivateFrameworks/AppleJPEG.framework/Versions/A/AppleJPEG
0x0000000002c2a000 	/System/Library/Frameworks/ImageIO.framework/Versions/A/Resources/libJPEG.dylib
0x0000000002c2a000 	/System/Library/Frameworks/ImageIO.framework/Versions/A/Resources/libTIFF.dylib
0x0000000002c2a000 	/System/Library/Frameworks/ImageIO.framework/Versions/A/Resources/libPng.dylib
0x0000000002c2a000 	/System/Library/Frameworks/ImageIO.framework/Versions/A/Resources/libGIF.dylib
0x0000000002c2a000 	/System/Library/Frameworks/ImageIO.framework/Versions/A/Resources/libJP2.dylib
0x0000000002c2a000 	/System/Library/Frameworks/ImageIO.framework/Versions/A/Resources/libRadiance.dylib
0x0000000002c2a000 	/System/Library/Frameworks/CoreVideo.framework/Versions/A/CoreVideo
0x0000000002c2a000 	/System/Library/Frameworks/OpenGL.framework/Versions/A/Libraries/libGLU.dylib
0x0000000002c2a000 	/System/Library/Frameworks/OpenGL.framework/Versions/A/Libraries/libGFXShared.dylib
0x0000000002c2a000 	/System/Library/Frameworks/OpenGL.framework/Versions/A/Libraries/libGL.dylib
0x0000000002c2a000 	/System/Library/Frameworks/OpenGL.framework/Versions/A/Libraries/libGLImage.dylib
0x0000000002c2a000 	/System/Library/Frameworks/OpenGL.framework/Versions/A/Libraries/libCVMSPluginSupport.dylib
0x0000000002c2a000 	/System/Library/Frameworks/OpenGL.framework/Versions/A/Libraries/libCoreVMClient.dylib
0x0000000002c2a000 	/usr/lib/libcups.2.dylib
0x0000000002c2a000 	/System/Library/Frameworks/Kerberos.framework/Versions/A/Kerberos
0x0000000002c2a000 	/System/Library/Frameworks/GSS.framework/Versions/A/GSS
0x0000000002c2a000 	/usr/lib/libresolv.9.dylib
0x0000000002c2a000 	/usr/lib/libiconv.2.dylib
0x0000000002c2a000 	/System/Library/PrivateFrameworks/Heimdal.framework/Versions/A/Heimdal
0x0000000002c2a000 	/usr/lib/libheimdal-asn1.dylib
0x0000000002c2a000 	/System/Library/Frameworks/OpenDirectory.framework/Versions/A/OpenDirectory
0x0000000002c2a000 	/System/Library/PrivateFrameworks/CommonAuth.framework/Versions/A/CommonAuth
0x0000000002c2a000 	/System/Library/Frameworks/OpenDirectory.framework/Versions/A/Frameworks/CFOpenDirectory.framework/Versions/A/CFOpenDirectory
0x0000000002c2a000 	/System/Library/Frameworks/SecurityFoundation.framework/Versions/A/SecurityFoundation
0x0000000002c2a000 	/System/Library/PrivateFrameworks/LanguageModeling.framework/Versions/A/LanguageModeling
0x0000000002c2a000 	/usr/lib/libmarisa.dylib
0x0000000002c2a000 	/usr/lib/libChineseTokenizer.dylib
0x0000000002c2a000 	/usr/lib/libcmph.dylib
0x0000000002c2a000 	/usr/lib/libcompression.dylib
0x0000000002c2a000 	/System/Library/Frameworks/ServiceManagement.framework/Versions/A/ServiceManagement
0x0000000002c2a000 	/usr/lib/libxslt.1.dylib
0x0000000002c2a000 	/System/Library/Frameworks/Carbon.framework/Versions/A/Frameworks/Ink.framework/Versions/A/Ink
0x0000000002c2a000 	/usr/lib/libFosl_dynamic.dylib
0x0000000002c2a000 	/System/Library/PrivateFrameworks/FaceCore.framework/Versions/A/FaceCore
0x0000000002c2a000 	/System/Library/Frameworks/OpenCL.framework/Versions/A/OpenCL
0x0000000002c2a000 	/System/Library/PrivateFrameworks/CrashReporterSupport.framework/Versions/A/CrashReporterSupport
0x0000000002c2a000 	/System/Library/PrivateFrameworks/IconServices.framework/Versions/A/IconServices
0x0000000002c2a000 	/System/Library/PrivateFrameworks/Apple80211.framework/Versions/A/Apple80211
0x0000000002c2a000 	/System/Library/Frameworks/CoreWLAN.framework/Versions/A/CoreWLAN
0x0000000002c2a000 	/System/Library/Frameworks/IOBluetooth.framework/Versions/A/IOBluetooth
0x0000000002c2a000 	/System/Library/PrivateFrameworks/CoreWiFi.framework/Versions/A/CoreWiFi
0x0000000002c2a000 	/System/Library/Frameworks/CoreBluetooth.framework/Versions/A/CoreBluetooth
0x0000000002c2a000 	/System/Library/PrivateFrameworks/ChunkingLibrary.framework/Versions/A/ChunkingLibrary
0x0000000002c2a000 	/System/Library/PrivateFrameworks/DebugSymbols.framework/Versions/A/DebugSymbols
0x0000000002c2a000 	/System/Library/PrivateFrameworks/CoreSymbolication.framework/Versions/A/CoreSymbolication
0x0000000002c2a000 	/System/Library/PrivateFrameworks/Symbolication.framework/Versions/A/Symbolication
0x0000000002c2a000 	/System/Library/PrivateFrameworks/SpeechRecognitionCore.framework/Versions/A/SpeechRecognitionCore
0x000000004a7da000 	/System/Library/CoreServices/Encodings/libCyrillicConverter.dylib
0x0000000105c00000 	/Library/Java/JavaVirtualMachines/jdk1.7.0_79.jdk/Contents/Home/jre/lib/server/libjvm.dylib
0x0000000104b14000 	/usr/lib/libstdc++.6.dylib
0x0000000104bcb000 	/Library/Java/JavaVirtualMachines/jdk1.7.0_79.jdk/Contents/Home/jre/lib/libverify.dylib
0x0000000106663000 	/Library/Java/JavaVirtualMachines/jdk1.7.0_79.jdk/Contents/Home/jre/lib/libjava.dylib
0x0000000104be2000 	/Library/Java/JavaVirtualMachines/jdk1.7.0_79.jdk/Contents/Home/jre/lib/libzip.dylib
0x000000011046e000 	/System/Library/Frameworks/JavaVM.framework/Frameworks/JavaRuntimeSupport.framework/JavaRuntimeSupport
0x0000000110489000 	/System/Library/Frameworks/JavaVM.framework/Versions/A/Frameworks/JavaNativeFoundation.framework/Versions/A/JavaNativeFoundation
0x0000000104bec000 	/System/Library/Frameworks/JavaVM.framework/Versions/A/JavaVM
0x0000000002c2a000 	/System/Library/Frameworks/Carbon.framework/Versions/A/Carbon
0x000000011049e000 	/System/Library/PrivateFrameworks/JavaLaunching.framework/Versions/A/JavaLaunching
0x0000000002c2a000 	/System/Library/Frameworks/Carbon.framework/Versions/A/Frameworks/CommonPanels.framework/Versions/A/CommonPanels
0x0000000002c2a000 	/System/Library/Frameworks/Carbon.framework/Versions/A/Frameworks/Help.framework/Versions/A/Help
0x0000000002c2a000 	/System/Library/Frameworks/Carbon.framework/Versions/A/Frameworks/ImageCapture.framework/Versions/A/ImageCapture
0x0000000002c2a000 	/System/Library/Frameworks/Carbon.framework/Versions/A/Frameworks/OpenScripting.framework/Versions/A/OpenScripting
0x0000000002c2a000 	/System/Library/Frameworks/Carbon.framework/Versions/A/Frameworks/Print.framework/Versions/A/Print
0x0000000002c2a000 	/System/Library/Frameworks/Carbon.framework/Versions/A/Frameworks/SecurityHI.framework/Versions/A/SecurityHI
0x0000000111e35000 	/Library/Java/JavaVirtualMachines/jdk1.7.0_79.jdk/Contents/Home/jre/lib/libawt.dylib
0x0000000111ee4000 	/Library/Java/JavaVirtualMachines/jdk1.7.0_79.jdk/Contents/Home/jre/lib/./libmlib_image.dylib
0x0000000111fb0000 	/Library/Java/JavaVirtualMachines/jdk1.7.0_79.jdk/Contents/Home/jre/lib/lwawt/liblwawt.dylib
0x0000000112066000 	/Library/Java/JavaVirtualMachines/jdk1.7.0_79.jdk/Contents/Home/jre/lib/libosxapp.dylib
0x0000000002c2a000 	/System/Library/Frameworks/ExceptionHandling.framework/Versions/A/ExceptionHandling
0x0000000002c2a000 	/System/Library/PrivateFrameworks/CoreServicesInternal.framework/Versions/A/CoreServicesInternal
0x0000000002c2a000 	/System/Library/Frameworks/CoreGraphics.framework/Versions/A/Resources/libRIP.A.dylib
0x0000000113076000 	/System/Library/Frameworks/Accelerate.framework/Frameworks/vImage.framework/Versions/A/Libraries/libCGInterfaces.dylib
0x0000000002c2a000 	/System/Library/Frameworks/CoreGraphics.framework/Versions/A/Resources/libCGXType.A.dylib
0x0000000002c2a000 	/System/Library/Frameworks/OpenCL.framework/Versions/A/Libraries/libcldcpuengine.dylib
0x0000000002c2a000 	/System/Library/PrivateFrameworks/DiskImages.framework/Versions/A/DiskImages
0x0000000002c2a000 	/System/Library/Frameworks/DiscRecording.framework/Versions/A/DiscRecording
0x0000000002c2a000 	/usr/lib/libcsfde.dylib
0x0000000002c2a000 	/usr/lib/libcurl.4.dylib
0x0000000002c2a000 	/System/Library/PrivateFrameworks/MediaKit.framework/Versions/A/MediaKit
0x0000000002c2a000 	/System/Library/PrivateFrameworks/ProtectedCloudStorage.framework/Versions/A/ProtectedCloudStorage
0x0000000002c2a000 	/usr/lib/libCoreStorage.dylib
0x0000000002c2a000 	/System/Library/PrivateFrameworks/EFILogin.framework/Versions/A/EFILogin
0x0000000002c2a000 	/usr/lib/libutil.dylib
0x0000000002c2a000 	/System/Library/PrivateFrameworks/FindMyDevice.framework/Versions/A/FindMyDevice
0x0000000002c2a000 	/System/Library/Frameworks/LDAP.framework/Versions/A/LDAP
0x0000000002c2a000 	/usr/lib/libsasl2.2.dylib
0x0000000002c2a000 	/System/Library/PrivateFrameworks/CoreDaemon.framework/Versions/B/CoreDaemon
0x0000000002c2a000 	/usr/lib/libcrypto.0.9.8.dylib
0x0000000002c2a000 	/System/Library/PrivateFrameworks/AppleSRP.framework/Versions/A/AppleSRP
0x0000000002c2a000 	/System/Library/PrivateFrameworks/TrustEvaluationAgent.framework/Versions/A/TrustEvaluationAgent
0x0000000113e86000 	cl_kernels
0x0000000002c2a000 	/System/Library/Frameworks/OpenCL.framework/Versions/A/Libraries/ImageFormats/unorm8_bgra.dylib
0x0000000002c2a000 	/System/Library/Frameworks/OpenCL.framework/Versions/A/Libraries/ImageFormats/unorm8_rgba.dylib
0x0000000002c2a000 	/System/Library/PrivateFrameworks/FamilyControls.framework/Versions/A/FamilyControls
0x0000000002c2a000 	/System/Library/PrivateFrameworks/CommerceKit.framework/Versions/A/Frameworks/CommerceCore.framework/Versions/A/CommerceCore
0x0000000002c2a000 	/System/Library/PrivateFrameworks/SystemAdministration.framework/Versions/A/SystemAdministration
0x0000000002c2a000 	/System/Library/PrivateFrameworks/AppContainer.framework/Versions/A/AppContainer
0x0000000002c2a000 	/System/Library/PrivateFrameworks/SecCodeWrapper.framework/Versions/A/SecCodeWrapper
0x0000000002c2a000 	/System/Library/Frameworks/DirectoryService.framework/Versions/A/DirectoryService
0x0000000002c2a000 	/System/Library/PrivateFrameworks/LoginUIKit.framework/Versions/A/Frameworks/LoginUICore.framework/Versions/A/LoginUICore
0x0000000002c2a000 	/usr/lib/libodfde.dylib
0x0000000115034000 	/Library/Java/JavaVirtualMachines/jdk1.7.0_79.jdk/Contents/Home/jre/lib/libfontmanager.dylib
0x000000011509b000 	/System/Library/Frameworks/OpenGL.framework/Resources/GLEngine.bundle/GLEngine
0x0000000002c2a000 	/System/Library/Frameworks/OpenGL.framework/Versions/A/Libraries/libGLProgrammability.dylib
0x0000000115283000 	/System/Library/Extensions/AppleIntelHD5000GraphicsGLDriver.bundle/Contents/MacOS/AppleIntelHD5000GraphicsGLDriver
0x0000000002c2a000 	/System/Library/PrivateFrameworks/GPUSupport.framework/Versions/A/Libraries/libGPUSupportMercury.dylib
0x00000001159d3000 	/System/Library/Frameworks/OpenGL.framework/Resources//GLRendererFloat.bundle/GLRendererFloat
0x00000001162a5000 	/Library/Java/JavaVirtualMachines/jdk1.7.0_79.jdk/Contents/Home/jre/lib/libosxui.dylib
0x0000000116d04000 	/private/var/folders/08/nswmbsb176s05ytyr928rhl80000gn/T/javacpp1460671028564527000/libopencv_core.3.0.dylib
0x0000000116f8c000 	/private/var/folders/08/nswmbsb176s05ytyr928rhl80000gn/T/javacpp1460671028564527000/libopencv_imgproc.3.0.dylib
0x00000001172d9000 	/private/var/folders/08/nswmbsb176s05ytyr928rhl80000gn/T/javacpp1460671028564527000/libjniopencv_core.dylib
0x00000001176af000 	/Library/Java/JavaVirtualMachines/jdk1.7.0_79.jdk/Contents/Home/jre/lib/libnet.dylib
0x0000000113ab2000 	/Library/Java/JavaVirtualMachines/jdk1.7.0_79.jdk/Contents/Home/jre/lib/libnio.dylib
0x00000001194dd000 	/System/Library/Extensions/AppleIntelHD5000GraphicsMTLDriver.bundle/Contents/MacOS/AppleIntelHD5000GraphicsMTLDriver
0x000000011c5c7000 	/private/var/folders/08/nswmbsb176s05ytyr928rhl80000gn/T/javacpp1460671028564527000/libjniopencv_imgproc.dylib
0x000000011cfa3000 	/private/var/folders/08/nswmbsb176s05ytyr928rhl80000gn/T/javacpp1460671028564527000/libopencv_imgcodecs.3.0.dylib
0x000000011c686000 	/private/var/folders/08/nswmbsb176s05ytyr928rhl80000gn/T/javacpp1460671028564527000/libjniopencv_imgcodecs.dylib
0x000000011c6a0000 	/private/var/folders/08/nswmbsb176s05ytyr928rhl80000gn/T/javacpp1460671028564527000/libopencv_videoio.3.0.dylib
0x0000000002c2a000 	/System/Library/Frameworks/QTKit.framework/Versions/A/QTKit
0x0000000002c2a000 	/System/Library/Frameworks/AVFoundation.framework/Versions/A/AVFoundation
0x0000000002c2a000 	/System/Library/Frameworks/CoreMedia.framework/Versions/A/CoreMedia
0x0000000002c2a000 	/System/Library/Frameworks/MediaToolbox.framework/Versions/A/MediaToolbox
0x0000000002c2a000 	/System/Library/Frameworks/VideoToolbox.framework/Versions/A/VideoToolbox
0x0000000002c2a000 	/System/Library/PrivateFrameworks/CoreMediaAuthoring.framework/Versions/A/CoreMediaAuthoring
0x0000000002c2a000 	/System/Library/Frameworks/CoreMediaIO.framework/Versions/A/CoreMediaIO
0x0000000002c2a000 	/System/Library/Frameworks/AVFoundation.framework/Versions/A/Resources/libAVFAudio.dylib
0x0000000002c2a000 	/usr/lib/libspindump.dylib
0x0000000002c2a000 	/System/Library/PrivateFrameworks/CoreAVCHD.framework/Versions/A/CoreAVCHD
0x0000000002c2a000 	/System/Library/Frameworks/MediaAccessibility.framework/Versions/A/MediaAccessibility
0x0000000002c2a000 	/System/Library/PrivateFrameworks/Mangrove.framework/Versions/A/Mangrove
0x0000000002c2a000 	/System/Library/PrivateFrameworks/CoreAUC.framework/Versions/A/CoreAUC
0x0000000002c2a000 	/System/Library/PrivateFrameworks/AppleVA.framework/Versions/A/AppleVA
0x0000000002c2a000 	/System/Library/PrivateFrameworks/XPCService.framework/Versions/A/XPCService
0x0000000002c2a000 	/System/Library/PrivateFrameworks/AppSandbox.framework/Versions/A/AppSandbox
0x0000000002c2a000 	/usr/lib/libsandbox.1.dylib
0x0000000002c2a000 	/usr/lib/libMatch.1.dylib
0x000000011d228000 	/private/var/folders/08/nswmbsb176s05ytyr928rhl80000gn/T/javacpp1460671028564527000/libjniopencv_videoio.dylib
0x000000011d23b000 	/System/Library/Extensions/AppleHDA.kext/Contents/PlugIns/AppleHDAHALPlugIn.bundle/Contents/MacOS/AppleHDAHALPlugIn
0x000000011d245000 	/Library/CoreMediaIO/Plug-Ins/DAL/AppleCamera.plugin/Contents/MacOS/AppleCamera
0x000000011d270000 	/System/Library/Frameworks/CoreMediaIO.framework/Resources/VDC.plugin/Contents/MacOS/VDC
0x000000011fb98000 	/System/Library/Frameworks/CoreMediaIO.framework/Resources/CMIOUnits.bundle/Contents/MacOS/CMIOUnits
0x000000011fd24000 	/System/Library/PrivateFrameworks/FWAVC.framework/Versions/A/FWAVC

VM Arguments:
jvm_args: -Dfile.encoding=UTF-8 
java_command: ru.ang5545.scanning_system_2.App
Launcher Type: SUN_STANDARD

Environment Variables:
PATH=/usr/bin:/bin:/usr/sbin:/sbin
SHELL=/bin/bash
DISPLAY=/private/tmp/com.apple.launchd.DDDI9qTUim/org.macosforge.xquartz:0

Signal Handlers:
SIGSEGV: [libjvm.dylib+0x52daf1], sa_mask[0]=0xfffefeff, sa_flags=0x00000043
SIGBUS: [libjvm.dylib+0x52daf1], sa_mask[0]=0xfffefeff, sa_flags=0x00000042
SIGFPE: [libjvm.dylib+0x41f34e], sa_mask[0]=0xfffefeff, sa_flags=0x00000042
SIGPIPE: [libjvm.dylib+0x41f34e], sa_mask[0]=0xfffefeff, sa_flags=0x00000042
SIGXFSZ: [libjvm.dylib+0x41f34e], sa_mask[0]=0xfffefeff, sa_flags=0x00000042
SIGILL: [libjvm.dylib+0x41f34e], sa_mask[0]=0xfffefeff, sa_flags=0x00000042
SIGUSR1: SIG_DFL, sa_mask[0]=0x00000000, sa_flags=0x00000000
SIGUSR2: [libjvm.dylib+0x41ee40], sa_mask[0]=0x00000004, sa_flags=0x00000042
SIGHUP: [libjvm.dylib+0x41d0d1], sa_mask[0]=0xfffefeff, sa_flags=0x00000042
SIGINT: [libjvm.dylib+0x41d0d1], sa_mask[0]=0xfffefeff, sa_flags=0x00000042
SIGTERM: [libjvm.dylib+0x41d0d1], sa_mask[0]=0xfffefeff, sa_flags=0x00000042
SIGQUIT: [libjvm.dylib+0x41d0d1], sa_mask[0]=0xfffefeff, sa_flags=0x00000042


---------------  S Y S T E M  ---------------

OS:Bsduname:Darwin 15.3.0 Darwin Kernel Version 15.3.0: Thu Dec 10 18:40:58 PST 2015; root:xnu-3248.30.4~1/RELEASE_X86_64 x86_64
rlimit: STACK 8192k, CORE 0k, NPROC 709, NOFILE 10240, AS infinity
load average:1.89 2.04 2.06

CPU:total 8 (4 cores per cpu, 2 threads per core) family 6 model 70 stepping 1, cmov, cx8, fxsr, mmx, sse, sse2, sse3, ssse3, sse4.1, sse4.2, popcnt, avx, avx2, aes, erms, ht, tsc, tscinvbit

Memory: 4k page, physical 8388608k(2097152k free)

/proc/meminfo:


vm_info: Java HotSpot(TM) 64-Bit Server VM (24.79-b02) for bsd-amd64 JRE (1.7.0_79-b15), built on Apr 10 2015 11:35:04 by "java_re" with gcc 4.2.1 (Based on Apple Inc. build 5658) (LLVM build 2336.11.00)

time: Fri Apr 15 00:57:13 2016
elapsed time: 5 seconds

