#
# A fatal error has been detected by the Java Runtime Environment:
#
#  SIGSEGV (0xb) at pc=0x00007f61951ac158, pid=14980, tid=140056191391488
#
# JRE version: OpenJDK Runtime Environment (7.0_91-b02) (build 1.7.0_91-b02)
# Java VM: OpenJDK 64-Bit Server VM (24.91-b01 mixed mode linux-amd64 compressed oops)
# Derivative: IcedTea 2.6.3
# Distribution: Custom build (Wed Nov 18 11:18:35 UTC 2015)
# Problematic frame:
# C  [libopencv_imgproc.so.3.0+0x218158]  cvApproxPoly+0x388
#
# Failed to write core dump. Core dumps have been disabled. To enable core dumping, try "ulimit -c unlimited" before starting Java again
#
# If you would like to submit a bug report, please include
# instructions on how to reproduce the bug and visit:
#   http://icedtea.classpath.org/bugzilla
# The crash happened outside the Java Virtual Machine in native code.
# See problematic frame for where to report the bug.
#

---------------  T H R E A D  ---------------

Current thread (0x00007f616030f000):  JavaThread "SwingWorker-pool-1-thread-1" daemon [_thread_in_native, id=15005, stack(0x00007f615f795000,0x00007f615f896000)]

siginfo:si_signo=SIGSEGV: si_errno=0, si_code=1 (SEGV_MAPERR), si_addr=0x0000000000000008

Registers:
RAX=0x0000000000000000, RBX=0x00007f6154856c90, RCX=0x0000000000000000, RDX=0x0000000000000000
RSP=0x00007f615f893a40, RBP=0x0000000000000000, RSI=0x000000000000185a, RDI=0xffffffffffffffff
R8 =0x000000000000c2c0, R9 =0x000000000000c2e1, R10=0x000000000000002a, R11=0x00007f61bd37b334
R12=0x0000000000000000, R13=0x00007f615484fa00, R14=0x00007f6154855b68, R15=0x0000000000000c2d
RIP=0x00007f61951ac158, EFLAGS=0x0000000000010246, CSGSFS=0x0000000000000033, ERR=0x0000000000000004
  TRAPNO=0x000000000000000e

Top of Stack: (sp=0x00007f615f893a40)
0x00007f615f893a40:   0000000000000000 0000000000000080
0x00007f615f893a50:   40743abb7aa33334 0000000100000000
0x00007f615f893a60:   00007f615483e330 00007f615f893be0
0x00007f615f893a70:   00007f615f893b10 00007f615f893b20
0x00007f615f893a80:   00007f615f894030 00007f615f893b30
0x00007f615f893a90:   00007f6195bc0330 0000000242ff4000
0x00007f615f893aa0:   0000000000000000 0000000000000000
0x00007f615f893ab0:   0000000242ff400c 0000000000000000
0x00007f615f893ac0:   0000000000000000 0000000000000000
0x00007f615f893ad0:   0000000000000000 0000000000000000
0x00007f615f893ae0:   0000000000000000 0000000000000000
0x00007f615f893af0:   00007f615f893ab8 00007f615f893b00
0x00007f615f893b00:   0000000000000008 0000000000000008
0x00007f615f893b10:   0000000000000000 0000000000000000
0x00007f615f893b20:   0000000000000000 0000000000000000
0x00007f615f893b30:   0000000000000000 00007f615f893b00
0x00007f615f893b40:   00007f615f893b70 0000000000000500
0x00007f615f893b50:   0000000000000000 0000000000000000
0x00007f615f893b60:   3ff0000000000000 00007f6100000000
0x00007f615f893b70:   0000000000000000 0000000000000000
0x00007f615f893b80:   00000000000003d8 0000003000000030
0x00007f615f893b90:   000003120000015a 0000000100000001
0x00007f615f893ba0:   00007f61b82743d0 00007f6100000000
0x00007f615f893bb0:   00007f615f893c60 00007f615f893d80
0x00007f615f893bc0:   0000000000000000 0000000000000000
0x00007f615f893bd0:   00007f615483d1e0 00007f6195848c70
0x00007f615f893be0:   00007f615484fa00 000000000000185a
0x00007f615f893bf0:   0000000000000000 0000000000000000
0x00007f615f893c00:   0000000000000000 0000000000000000
0x00007f615f893c10:   0000000000000000 0000000000000000
0x00007f615f893c20:   0000000000000000 0000000000000000
0x00007f615f893c30:   0000000000000000 0000000000000000 

Instructions: (pc=0x00007f61951ac158)
0x00007f61951ac138:   a8 01 00 00 49 63 c7 4d 8d 74 c5 00 8b 03 89 c2
0x00007f61951ac148:   c1 ea 0e 89 d1 48 8b 53 58 83 e1 01 88 4c 24 1f
0x00007f61951ac158:   48 3b 52 08 0f 84 9e 02 00 00 48 ba 00 00 00 00
0x00007f61951ac168:   ff ff ff 3f 4c 89 ee 48 89 df e8 49 9a e1 ff 8b 

Register to memory mapping:

RAX=0x0000000000000000 is an unknown value
RBX=0x00007f6154856c90 is an unknown value
RCX=0x0000000000000000 is an unknown value
RDX=0x0000000000000000 is an unknown value
RSP=0x00007f615f893a40 is pointing into the stack for thread: 0x00007f616030f000
RBP=0x0000000000000000 is an unknown value
RSI=0x000000000000185a is an unknown value
RDI=0xffffffffffffffff is an unknown value
R8 =0x000000000000c2c0 is an unknown value
R9 =0x000000000000c2e1 is an unknown value
R10=0x000000000000002a is an unknown value
R11=0x00007f61bd37b334: <offset 0xe14334> in /usr/lib/jvm/java-7-openjdk/jre/lib/amd64/server/libjvm.so at 0x00007f61bc567000
R12=0x0000000000000000 is an unknown value
R13=0x00007f615484fa00 is an unknown value
R14=0x00007f6154855b68 is an unknown value
R15=0x0000000000000c2d is an unknown value


Stack: [0x00007f615f795000,0x00007f615f896000],  sp=0x00007f615f893a40,  free space=1018k
Native frames: (J=compiled Java code, j=interpreted, Vv=VM code, C=native code)
C  [libopencv_imgproc.so.3.0+0x218158]  cvApproxPoly+0x388

[error occurred during error reporting (printing native stack), id 0xb]

Java frames: (J=compiled Java code, j=interpreted, Vv=VM code)
j  org.bytedeco.javacpp.opencv_imgproc.cvApproxPoly(Lorg/bytedeco/javacpp/Pointer;ILorg/bytedeco/javacpp/opencv_core$CvMemStorage;ID)Lorg/bytedeco/javacpp/opencv_core$CvSeq;+0
j  ru.ang5545.scanning_system_2.image_processing.ContourHandler.getPoints(Lorg/bytedeco/javacpp/opencv_core$CvSeq;)[Lorg/bytedeco/javacpp/opencv_core$CvPoint;+34
j  ru.ang5545.scanning_system_2.image_processing.ContourHandler.drawPoints(Lorg/bytedeco/javacpp/opencv_core$IplImage;)V+25
j  ru.ang5545.scanning_system_2.image_processing.ImageHandler.processImage(Lorg/bytedeco/javacpp/opencv_core$IplImage;Lru/ang5545/model/ThresholdParameters;Lru/ang5545/model/ThresholdParameters;Lru/ang5545/model/ThresholdParameters;)V+98
j  ru.ang5545.scanning_system_2.gui.MainFrame$AnswerWorker.doInBackground()Ljava/lang/String;+61
j  ru.ang5545.scanning_system_2.gui.MainFrame$AnswerWorker.doInBackground()Ljava/lang/Object;+1
j  javax.swing.SwingWorker$1.call()Ljava/lang/Object;+14
j  java.util.concurrent.FutureTask.run()V+42
j  javax.swing.SwingWorker.run()V+4
j  java.util.concurrent.ThreadPoolExecutor.runWorker(Ljava/util/concurrent/ThreadPoolExecutor$Worker;)V+95
j  java.util.concurrent.ThreadPoolExecutor$Worker.run()V+5
j  java.lang.Thread.run()V+11
v  ~StubRoutines::call_stub

---------------  P R O C E S S  ---------------

Java Threads: ( => current thread )
=>0x00007f616030f000 JavaThread "SwingWorker-pool-1-thread-1" daemon [_thread_in_native, id=15005, stack(0x00007f615f795000,0x00007f615f896000)]
  0x00007f616022e800 JavaThread "TimerQueue" daemon [_thread_blocked, id=15003, stack(0x00007f6194422000,0x00007f6194523000)]
  0x00007f61b4009800 JavaThread "DestroyJavaVM" [_thread_blocked, id=14985, stack(0x00007f61be063000,0x00007f61be164000)]
  0x00007f61b428a000 JavaThread "AWT-EventQueue-0" [_thread_blocked, id=15001, stack(0x00007f6195cc8000,0x00007f6195dc9000)]
  0x00007f61b4289000 JavaThread "AWT-Shutdown" [_thread_blocked, id=15000, stack(0x00007f6195dc9000,0x00007f6195eca000)]
  0x00007f61b4285000 JavaThread "AWT-XAWT" daemon [_thread_in_native, id=14999, stack(0x00007f6195eca000,0x00007f6195fcb000)]
  0x00007f61b426a000 JavaThread "Java2D Disposer" daemon [_thread_blocked, id=14998, stack(0x00007f61963dc000,0x00007f61964dd000)]
  0x00007f61b40ad800 JavaThread "Service Thread" daemon [_thread_blocked, id=14996, stack(0x00007f61b166a000,0x00007f61b176b000)]
  0x00007f61b40ab800 JavaThread "C2 CompilerThread1" daemon [_thread_blocked, id=14995, stack(0x00007f61b176b000,0x00007f61b186c000)]
  0x00007f61b40a8800 JavaThread "C2 CompilerThread0" daemon [_thread_blocked, id=14994, stack(0x00007f61b186c000,0x00007f61b196d000)]
  0x00007f61b40a6000 JavaThread "Signal Dispatcher" daemon [_thread_blocked, id=14993, stack(0x00007f61b196d000,0x00007f61b1a6e000)]
  0x00007f61b407b000 JavaThread "Finalizer" daemon [_thread_blocked, id=14992, stack(0x00007f61b1d6c000,0x00007f61b1e6d000)]
  0x00007f61b4079000 JavaThread "Reference Handler" daemon [_thread_blocked, id=14991, stack(0x00007f61b1e6d000,0x00007f61b1f6e000)]

Other Threads:
  0x00007f61b4075000 VMThread [stack: 0x00007f61b1f6e000,0x00007f61b206f000] [id=14990]
  0x00007f61b40b8800 WatcherThread [stack: 0x00007f61b1569000,0x00007f61b166a000] [id=14997]

VM state:not at safepoint (normal execution)

VM Mutex/Monitor currently owned by a thread: None

Heap
 PSYoungGen      total 83968K, used 5552K [0x00000007d7000000, 0x00000007e5b80000, 0x0000000800000000)
  eden space 81920K, 4% used [0x00000007d7000000,0x00000007d73de4a8,0x00000007dc000000)
  from space 2048K, 77% used [0x00000007e5500000,0x00000007e568dc00,0x00000007e5700000)
  to   space 4096K, 0% used [0x00000007e5780000,0x00000007e5780000,0x00000007e5b80000)
 ParOldGen       total 83968K, used 3356K [0x0000000785000000, 0x000000078a200000, 0x00000007d7000000)
  object space 83968K, 3% used [0x0000000785000000,0x00000007853470a0,0x000000078a200000)
 PSPermGen       total 21504K, used 14854K [0x000000077aa00000, 0x000000077bf00000, 0x0000000785000000)
  object space 21504K, 69% used [0x000000077aa00000,0x000000077b881830,0x000000077bf00000)

Card table byte_map: [0x00007f61b3bd4000,0x00007f61b4000000] byte_map_base: 0x00007f61affff000

Polling page: 0x00007f61be19c000

Code Cache  [0x00007f61b8274000, 0x00007f61b84e4000, 0x00007f61bb274000)
 total_blobs=774 nmethods=195 adapters=532 free_code_cache=48191Kb largest_free_block=49305088

Compilation events (10 events):
Event: 11,375 Thread 0x00007f61b40ab800  199             java.awt.Component::getPeer (5 bytes)
Event: 11,376 Thread 0x00007f61b40ab800 nmethod 199 0x00007f61b835f390 code [0x00007f61b835f4c0, 0x00007f61b835f538]
Event: 11,500 Thread 0x00007f61b40a8800  200  s          java.awt.geom.Path2D$Double::getBounds2D (143 bytes)
Event: 11,504 Thread 0x00007f61b40a8800 nmethod 200 0x00007f61b83614d0 code [0x00007f61b8361640, 0x00007f61b8361d78]
Event: 11,606 Thread 0x00007f61b40ab800  201             java.util.IdentityHashMap::get (60 bytes)
Event: 11,608 Thread 0x00007f61b40ab800 nmethod 201 0x00007f61b8363950 code [0x00007f61b8363aa0, 0x00007f61b8363c88]
Event: 11,712 Thread 0x00007f61b40a8800  202             sun.java2d.SunGraphics2D::dispose (12 bytes)
Event: 11,713 Thread 0x00007f61b40a8800 nmethod 202 0x00007f61b835f0d0 code [0x00007f61b835f200, 0x00007f61b835f298]
Event: 11,715 Thread 0x00007f61b40ab800  203             sun.awt.geom.AreaOp::resolveLinks (520 bytes)
Event: 11,743 Thread 0x00007f61b40ab800 nmethod 203 0x00007f61b83699d0 code [0x00007f61b8369ca0, 0x00007f61b836c6d8]

GC Heap History (10 events):
Event: 9,375 GC heap before
{Heap before GC invocations=15 (full 0):
 PSYoungGen      total 99840K, used 99285K [0x00000007d7000000, 0x00000007e6300000, 0x0000000800000000)
  eden space 97792K, 99% used [0x00000007d7000000,0x00000007dcf6f828,0x00000007dcf80000)
  from space 2048K, 76% used [0x00000007e6100000,0x00000007e6285c00,0x00000007e6300000)
  to   space 4096K, 0% used [0x00000007e5b00000,0x00000007e5b00000,0x00000007e5f00000)
 ParOldGen       total 83968K, used 2052K [0x0000000785000000, 0x000000078a200000, 0x00000007d7000000)
  object space 83968K, 2% used [0x0000000785000000,0x0000000785201090,0x000000078a200000)
 PSPermGen       total 21504K, used 14832K [0x000000077aa00000, 0x000000077bf00000, 0x0000000785000000)
  object space 21504K, 68% used [0x000000077aa00000,0x000000077b87c200,0x000000077bf00000)
Event: 9,377 GC heap after
Heap after GC invocations=15 (full 0):
 PSYoungGen      total 97792K, used 3355K [0x00000007d7000000, 0x00000007e6180000, 0x0000000800000000)
  eden space 94208K, 0% used [0x00000007d7000000,0x00000007d7000000,0x00000007dcc00000)
  from space 3584K, 93% used [0x00000007e5b00000,0x00000007e5e46c40,0x00000007e5e80000)
  to   space 3072K, 0% used [0x00000007e5e80000,0x00000007e5e80000,0x00000007e6180000)
 ParOldGen       total 83968K, used 3276K [0x0000000785000000, 0x000000078a200000, 0x00000007d7000000)
  object space 83968K, 3% used [0x0000000785000000,0x00000007853330a0,0x000000078a200000)
 PSPermGen       total 21504K, used 14832K [0x000000077aa00000, 0x000000077bf00000, 0x0000000785000000)
  object space 21504K, 68% used [0x000000077aa00000,0x000000077b87c200,0x000000077bf00000)
}
Event: 10,012 GC heap before
{Heap before GC invocations=16 (full 0):
 PSYoungGen      total 97792K, used 97563K [0x00000007d7000000, 0x00000007e6180000, 0x0000000800000000)
  eden space 94208K, 100% used [0x00000007d7000000,0x00000007dcc00000,0x00000007dcc00000)
  from space 3584K, 93% used [0x00000007e5b00000,0x00000007e5e46c40,0x00000007e5e80000)
  to   space 3072K, 0% used [0x00000007e5e80000,0x00000007e5e80000,0x00000007e6180000)
 ParOldGen       total 83968K, used 3276K [0x0000000785000000, 0x000000078a200000, 0x00000007d7000000)
  object space 83968K, 3% used [0x0000000785000000,0x00000007853330a0,0x000000078a200000)
 PSPermGen       total 21504K, used 14837K [0x000000077aa00000, 0x000000077bf00000, 0x0000000785000000)
  object space 21504K, 68% used [0x000000077aa00000,0x000000077b87d578,0x000000077bf00000)
Event: 10,013 GC heap after
Heap after GC invocations=16 (full 0):
 PSYoungGen      total 92672K, used 1511K [0x00000007d7000000, 0x00000007e6000000, 0x0000000800000000)
  eden space 91136K, 0% used [0x00000007d7000000,0x00000007d7000000,0x00000007dc900000)
  from space 1536K, 98% used [0x00000007e5e80000,0x00000007e5ff9e28,0x00000007e6000000)
  to   space 4096K, 0% used [0x00000007e5800000,0x00000007e5800000,0x00000007e5c00000)
 ParOldGen       total 83968K, used 3292K [0x0000000785000000, 0x000000078a200000, 0x00000007d7000000)
  object space 83968K, 3% used [0x0000000785000000,0x00000007853370a0,0x000000078a200000)
 PSPermGen       total 21504K, used 14837K [0x000000077aa00000, 0x000000077bf00000, 0x0000000785000000)
  object space 21504K, 68% used [0x000000077aa00000,0x000000077b87d578,0x000000077bf00000)
}
Event: 10,612 GC heap before
{Heap before GC invocations=17 (full 0):
 PSYoungGen      total 92672K, used 91721K [0x00000007d7000000, 0x00000007e6000000, 0x0000000800000000)
  eden space 91136K, 98% used [0x00000007d7000000,0x00000007dc818708,0x00000007dc900000)
  from space 1536K, 98% used [0x00000007e5e80000,0x00000007e5ff9e28,0x00000007e6000000)
  to   space 4096K, 0% used [0x00000007e5800000,0x00000007e5800000,0x00000007e5c00000)
 ParOldGen       total 83968K, used 3292K [0x0000000785000000, 0x000000078a200000, 0x00000007d7000000)
  object space 83968K, 3% used [0x0000000785000000,0x00000007853370a0,0x000000078a200000)
 PSPermGen       total 21504K, used 14839K [0x000000077aa00000, 0x000000077bf00000, 0x0000000785000000)
  object space 21504K, 69% used [0x000000077aa00000,0x000000077b87def0,0x000000077bf00000)
Event: 10,613 GC heap after
Heap after GC invocations=17 (full 0):
 PSYoungGen      total 90112K, used 1638K [0x00000007d7000000, 0x00000007e5f00000, 0x0000000800000000)
  eden space 88064K, 0% used [0x00000007d7000000,0x00000007d7000000,0x00000007dc600000)
  from space 2048K, 80% used [0x00000007e5800000,0x00000007e5999a08,0x00000007e5a00000)
  to   space 4096K, 0% used [0x00000007e5b00000,0x00000007e5b00000,0x00000007e5f00000)
 ParOldGen       total 83968K, used 3308K [0x0000000785000000, 0x000000078a200000, 0x00000007d7000000)
  object space 83968K, 3% used [0x0000000785000000,0x000000078533b0a0,0x000000078a200000)
 PSPermGen       total 21504K, used 14839K [0x000000077aa00000, 0x000000077bf00000, 0x0000000785000000)
  object space 21504K, 69% used [0x000000077aa00000,0x000000077b87def0,0x000000077bf00000)
}
Event: 11,181 GC heap before
{Heap before GC invocations=18 (full 0):
 PSYoungGen      total 90112K, used 89332K [0x00000007d7000000, 0x00000007e5f00000, 0x0000000800000000)
  eden space 88064K, 99% used [0x00000007d7000000,0x00000007dc5a3970,0x00000007dc600000)
  from space 2048K, 80% used [0x00000007e5800000,0x00000007e5999a08,0x00000007e5a00000)
  to   space 4096K, 0% used [0x00000007e5b00000,0x00000007e5b00000,0x00000007e5f00000)
 ParOldGen       total 83968K, used 3308K [0x0000000785000000, 0x000000078a200000, 0x00000007d7000000)
  object space 83968K, 3% used [0x0000000785000000,0x000000078533b0a0,0x000000078a200000)
 PSPermGen       total 21504K, used 14847K [0x000000077aa00000, 0x000000077bf00000, 0x0000000785000000)
  object space 21504K, 69% used [0x000000077aa00000,0x000000077b87fe30,0x000000077bf00000)
Event: 11,182 GC heap after
Heap after GC invocations=18 (full 0):
 PSYoungGen      total 87040K, used 1591K [0x00000007d7000000, 0x00000007e5d00000, 0x0000000800000000)
  eden space 84992K, 0% used [0x00000007d7000000,0x00000007d7000000,0x00000007dc300000)
  from space 2048K, 77% used [0x00000007e5b00000,0x00000007e5c8dc00,0x00000007e5d00000)
  to   space 4096K, 0% used [0x00000007e5500000,0x00000007e5500000,0x00000007e5900000)
 ParOldGen       total 83968K, used 3324K [0x0000000785000000, 0x000000078a200000, 0x00000007d7000000)
  object space 83968K, 3% used [0x0000000785000000,0x000000078533f0a0,0x000000078a200000)
 PSPermGen       total 21504K, used 14847K [0x000000077aa00000, 0x000000077bf00000, 0x0000000785000000)
  object space 21504K, 69% used [0x000000077aa00000,0x000000077b87fe30,0x000000077bf00000)
}
Event: 11,733 GC heap before
{Heap before GC invocations=19 (full 0):
 PSYoungGen      total 87040K, used 84288K [0x00000007d7000000, 0x00000007e5d00000, 0x0000000800000000)
  eden space 84992K, 97% used [0x00000007d7000000,0x00000007dc0c2660,0x00000007dc300000)
  from space 2048K, 77% used [0x00000007e5b00000,0x00000007e5c8dc00,0x00000007e5d00000)
  to   space 4096K, 0% used [0x00000007e5500000,0x00000007e5500000,0x00000007e5900000)
 ParOldGen       total 83968K, used 3324K [0x0000000785000000, 0x000000078a200000, 0x00000007d7000000)
  object space 83968K, 3% used [0x0000000785000000,0x000000078533f0a0,0x000000078a200000)
 PSPermGen       total 21504K, used 14853K [0x000000077aa00000, 0x000000077bf00000, 0x0000000785000000)
  object space 21504K, 69% used [0x000000077aa00000,0x000000077b881730,0x000000077bf00000)
Event: 11,735 GC heap after
Heap after GC invocations=19 (full 0):
 PSYoungGen      total 83968K, used 1591K [0x00000007d7000000, 0x00000007e5b80000, 0x0000000800000000)
  eden space 81920K, 0% used [0x00000007d7000000,0x00000007d7000000,0x00000007dc000000)
  from space 2048K, 77% used [0x00000007e5500000,0x00000007e568dc00,0x00000007e5700000)
  to   space 4096K, 0% used [0x00000007e5780000,0x00000007e5780000,0x00000007e5b80000)
 ParOldGen       total 83968K, used 3356K [0x0000000785000000, 0x000000078a200000, 0x00000007d7000000)
  object space 83968K, 3% used [0x0000000785000000,0x00000007853470a0,0x000000078a200000)
 PSPermGen       total 21504K, used 14853K [0x000000077aa00000, 0x000000077bf00000, 0x0000000785000000)
  object space 21504K, 69% used [0x000000077aa00000,0x000000077b881730,0x000000077bf00000)
}

Deoptimization events (10 events):
Event: 1,959 Thread 0x00007f616030f000 Uncommon trap: reason=unstable_if action=reinterpret pc=0x00007f61b8333e40 method=ru.ang5545.scanning_system_2.image_processing.ChannelHandler.sumChannels(Lorg/bytedeco/javacpp/opencv_core$IplImage;Lorg/bytedeco/javacpp/opencv_core$IplImage;Lorg/bytedeco/
Event: 1,960 Thread 0x00007f616030f000 Uncommon trap: reason=unstable_if action=reinterpret pc=0x00007f61b83249cc method=ru.ang5545.scanning_system_2.image_processing.ChannelHandler.sumChannels(Lorg/bytedeco/javacpp/opencv_core$IplImage;Lorg/bytedeco/javacpp/opencv_core$IplImage;Lorg/bytedeco/
Event: 2,240 Thread 0x00007f616030f000 Uncommon trap: reason=unstable_if action=reinterpret pc=0x00007f61b83369fc method=ru.ang5545.scanning_system_2.image_processing.ChannelHandler.sumChannels(Lorg/bytedeco/javacpp/opencv_core$IplImage;Lorg/bytedeco/javacpp/opencv_core$IplImage;Lorg/bytedeco/
Event: 4,405 Thread 0x00007f61b428a000 Uncommon trap: reason=predicate action=maybe_recompile pc=0x00007f61b834942c method=java.util.TimSort.binarySort([Ljava/lang/Object;IIILjava/util/Comparator;)V @ 37
Event: 6,120 Thread 0x00007f61b428a000 Uncommon trap: reason=array_check action=maybe_recompile pc=0x00007f61b834c224 method=java.util.TimSort.binarySort([Ljava/lang/Object;IIILjava/util/Comparator;)V @ 215
Event: 6,120 Thread 0x00007f61b428a000 Uncommon trap: reason=array_check action=maybe_recompile pc=0x00007f61b834c47c method=java.util.TimSort.binarySort([Ljava/lang/Object;IIILjava/util/Comparator;)V @ 183
Event: 6,130 Thread 0x00007f61b428a000 Uncommon trap: reason=array_check action=maybe_recompile pc=0x00007f61b834c224 method=java.util.TimSort.binarySort([Ljava/lang/Object;IIILjava/util/Comparator;)V @ 215
Event: 6,130 Thread 0x00007f61b428a000 Uncommon trap: reason=array_check action=maybe_recompile pc=0x00007f61b834c47c method=java.util.TimSort.binarySort([Ljava/lang/Object;IIILjava/util/Comparator;)V @ 183
Event: 7,829 Thread 0x00007f61b428a000 Uncommon trap: reason=array_check action=maybe_recompile pc=0x00007f61b8353e20 method=java.util.TimSort.binarySort([Ljava/lang/Object;IIILjava/util/Comparator;)V @ 193
Event: 7,829 Thread 0x00007f61b428a000 Uncommon trap: reason=array_check action=maybe_recompile pc=0x00007f61b8353e20 method=java.util.TimSort.binarySort([Ljava/lang/Object;IIILjava/util/Comparator;)V @ 193

Internal exceptions (10 events):
Event: 1,332 Thread 0x00007f61b428a000 Threw 0x00000007d8204118 at /build/java7-openjdk/src/icedtea-2.6.3/openjdk/hotspot/src/share/vm/prims/jvm.cpp:1322
Event: 1,333 Thread 0x00007f61b428a000 Threw 0x00000007d820afd0 at /build/java7-openjdk/src/icedtea-2.6.3/openjdk/hotspot/src/share/vm/prims/jvm.cpp:1322
Event: 1,333 Thread 0x00007f61b428a000 Threw 0x00000007d8211568 at /build/java7-openjdk/src/icedtea-2.6.3/openjdk/hotspot/src/share/vm/prims/jvm.cpp:1322
Event: 1,333 Thread 0x00007f61b428a000 Threw 0x00000007d8218390 at /build/java7-openjdk/src/icedtea-2.6.3/openjdk/hotspot/src/share/vm/prims/jvm.cpp:1322
Event: 1,334 Thread 0x00007f61b428a000 Threw 0x00000007d821dd50 at /build/java7-openjdk/src/icedtea-2.6.3/openjdk/hotspot/src/share/vm/prims/jvm.cpp:1322
Event: 1,334 Thread 0x00007f61b428a000 Threw 0x00000007d8222fa8 at /build/java7-openjdk/src/icedtea-2.6.3/openjdk/hotspot/src/share/vm/prims/jvm.cpp:1322
Event: 1,334 Thread 0x00007f61b428a000 Threw 0x00000007d8228a70 at /build/java7-openjdk/src/icedtea-2.6.3/openjdk/hotspot/src/share/vm/prims/jvm.cpp:1322
Event: 1,368 Thread 0x00007f61b428a000 Threw 0x00000007d826f9e0 at /build/java7-openjdk/src/icedtea-2.6.3/openjdk/hotspot/src/share/vm/prims/jvm.cpp:1322
Event: 1,370 Thread 0x00007f61b428a000 Threw 0x00000007d8273f58 at /build/java7-openjdk/src/icedtea-2.6.3/openjdk/hotspot/src/share/vm/prims/jvm.cpp:1322
Event: 1,448 Thread 0x00007f616030f000 Threw 0x00000007d83763c8 at /build/java7-openjdk/src/icedtea-2.6.3/openjdk/hotspot/src/share/vm/prims/jvm.cpp:1322

Events (10 events):
Event: 9,377 Executing VM operation: ParallelGCFailedAllocation done
Event: 10,012 Executing VM operation: ParallelGCFailedAllocation
Event: 10,013 Executing VM operation: ParallelGCFailedAllocation done
Event: 10,237 Thread 0x00007f61b40ab800 flushing nmethod 0x00007f61b83364d0
Event: 10,612 Executing VM operation: ParallelGCFailedAllocation
Event: 10,613 Executing VM operation: ParallelGCFailedAllocation done
Event: 11,181 Executing VM operation: ParallelGCFailedAllocation
Event: 11,182 Executing VM operation: ParallelGCFailedAllocation done
Event: 11,733 Executing VM operation: ParallelGCFailedAllocation
Event: 11,735 Executing VM operation: ParallelGCFailedAllocation done


Dynamic libraries:
00400000-00401000 r-xp 00000000 08:02 15742080                           /usr/lib/jvm/java-7-openjdk/jre/bin/java
00600000-00601000 rw-p 00000000 08:02 15742080                           /usr/lib/jvm/java-7-openjdk/jre/bin/java
01d6f000-01d90000 rw-p 00000000 00:00 0                                  [heap]
77aa00000-77bf00000 rw-p 00000000 00:00 0 
77bf00000-785000000 rw-p 00000000 00:00 0 
785000000-78a200000 rw-p 00000000 00:00 0 
78a200000-7d7000000 rw-p 00000000 00:00 0 
7d7000000-7e5b80000 rw-p 00000000 00:00 0 
7e5b80000-7e7000000 ---p 00000000 00:00 0 
7e7000000-800000000 rw-p 00000000 00:00 0 
7f6154000000-7f6154e1b000 rw-p 00000000 00:00 0 
7f6154e1b000-7f6158000000 ---p 00000000 00:00 0 
7f6158000000-7f6158021000 rw-p 00000000 00:00 0 
7f6158021000-7f615c000000 ---p 00000000 00:00 0 
7f615df92000-7f615df93000 ---p 00000000 00:00 0 
7f615df93000-7f615e793000 rw-p 00000000 00:00 0                          [stack:15008]
7f615e793000-7f615e794000 ---p 00000000 00:00 0 
7f615e794000-7f615ef94000 rw-p 00000000 00:00 0                          [stack:15007]
7f615ef94000-7f615ef95000 ---p 00000000 00:00 0 
7f615ef95000-7f615f795000 rw-p 00000000 00:00 0                          [stack:15006]
7f615f795000-7f615f798000 ---p 00000000 00:00 0 
7f615f798000-7f615f896000 rw-p 00000000 00:00 0                          [stack:15005]
7f615f896000-7f615fb2f000 r-xp 00000000 00:22 94                         /tmp/javacpp25814594232862/libopencv_imgcodecs.so.3.0
7f615fb2f000-7f615fd2f000 ---p 00299000 00:22 94                         /tmp/javacpp25814594232862/libopencv_imgcodecs.so.3.0
7f615fd2f000-7f615fd3c000 rw-p 00299000 00:22 94                         /tmp/javacpp25814594232862/libopencv_imgcodecs.so.3.0
7f615fd3c000-7f615fd47000 rw-p 00000000 00:00 0 
7f615fd47000-7f615fdff000 r-xp 00000000 00:22 93                         /tmp/javacpp25814594232862/libjniopencv_imgproc.so
7f615fdff000-7f615fffe000 ---p 000b8000 00:22 93                         /tmp/javacpp25814594232862/libjniopencv_imgproc.so
7f615fffe000-7f6160000000 rw-p 000b7000 00:22 93                         /tmp/javacpp25814594232862/libjniopencv_imgproc.so
7f6160000000-7f6160c07000 rw-p 00000000 00:00 0 
7f6160c07000-7f6164000000 ---p 00000000 00:00 0 
7f6164000000-7f6164021000 rw-p 00000000 00:00 0 
7f6164021000-7f6168000000 ---p 00000000 00:00 0 
7f6168000000-7f6168021000 rw-p 00000000 00:00 0 
7f6168021000-7f616c000000 ---p 00000000 00:00 0 
7f616c000000-7f616c021000 rw-p 00000000 00:00 0 
7f616c021000-7f6170000000 ---p 00000000 00:00 0 
7f6170000000-7f6170021000 rw-p 00000000 00:00 0 
7f6170021000-7f6174000000 ---p 00000000 00:00 0 
7f6174000000-7f6174021000 rw-p 00000000 00:00 0 
7f6174021000-7f6178000000 ---p 00000000 00:00 0 
7f6178000000-7f61784a3000 rw-p 00000000 00:00 0 
7f61784a3000-7f617c000000 ---p 00000000 00:00 0 
7f617c000000-7f617c021000 rw-p 00000000 00:00 0 
7f617c021000-7f6180000000 ---p 00000000 00:00 0 
7f6180000000-7f6180021000 rw-p 00000000 00:00 0 
7f6180021000-7f6184000000 ---p 00000000 00:00 0 
7f6184000000-7f618473f000 rw-p 00000000 00:00 0 
7f618473f000-7f6188000000 ---p 00000000 00:00 0 
7f6188000000-7f6188021000 rw-p 00000000 00:00 0 
7f6188021000-7f618c000000 ---p 00000000 00:00 0 
7f618c000000-7f618c021000 rw-p 00000000 00:00 0 
7f618c021000-7f6190000000 ---p 00000000 00:00 0 
7f6190000000-7f6190021000 rw-p 00000000 00:00 0 
7f6190021000-7f6194000000 ---p 00000000 00:00 0 
7f619401f000-7f6194039000 r-xp 00000000 00:22 95                         /tmp/javacpp25814594232862/libjniopencv_imgcodecs.so
7f6194039000-7f6194238000 ---p 0001a000 00:22 95                         /tmp/javacpp25814594232862/libjniopencv_imgcodecs.so
7f6194238000-7f6194239000 rw-p 00019000 00:22 95                         /tmp/javacpp25814594232862/libjniopencv_imgcodecs.so
7f6194239000-7f6194289000 rw-s 00000000 00:05 29360151                   /SYSV00000000 (deleted)
7f6194289000-7f6194422000 rw-s 00000000 00:05 28803094                   /SYSV00000000 (deleted)
7f6194422000-7f6194425000 ---p 00000000 00:00 0 
7f6194425000-7f6194523000 rw-p 00000000 00:00 0                          [stack:15003]
7f6194523000-7f6194533000 r-xp 00000000 08:02 15742055                   /usr/lib/jvm/java-7-openjdk/jre/lib/amd64/libnio.so
7f6194533000-7f6194733000 ---p 00010000 08:02 15742055                   /usr/lib/jvm/java-7-openjdk/jre/lib/amd64/libnio.so
7f6194733000-7f6194734000 rw-p 00010000 08:02 15742055                   /usr/lib/jvm/java-7-openjdk/jre/lib/amd64/libnio.so
7f6194734000-7f619474b000 r-xp 00000000 08:02 15742054                   /usr/lib/jvm/java-7-openjdk/jre/lib/amd64/libnet.so
7f619474b000-7f619494b000 ---p 00017000 08:02 15742054                   /usr/lib/jvm/java-7-openjdk/jre/lib/amd64/libnet.so
7f619494b000-7f619494c000 rw-p 00017000 08:02 15742054                   /usr/lib/jvm/java-7-openjdk/jre/lib/amd64/libnet.so
7f619494c000-7f619499e000 r-xp 00000000 08:02 15742070                   /usr/lib/jvm/java-7-openjdk/jre/lib/amd64/libfontmanager.so
7f619499e000-7f6194b9e000 ---p 00052000 08:02 15742070                   /usr/lib/jvm/java-7-openjdk/jre/lib/amd64/libfontmanager.so
7f6194b9e000-7f6194ba1000 rw-p 00052000 08:02 15742070                   /usr/lib/jvm/java-7-openjdk/jre/lib/amd64/libfontmanager.so
7f6194ba1000-7f6194d91000 r-xp 00000000 00:22 92                         /tmp/javacpp25814594232862/libjniopencv_core.so
7f6194d91000-7f6194f91000 ---p 001f0000 00:22 92                         /tmp/javacpp25814594232862/libjniopencv_core.so
7f6194f91000-7f6194f94000 rw-p 001f0000 00:22 92                         /tmp/javacpp25814594232862/libjniopencv_core.so
7f6194f94000-7f619525e000 r-xp 00000000 00:22 91                         /tmp/javacpp25814594232862/libopencv_imgproc.so.3.0
7f619525e000-7f619545e000 ---p 002ca000 00:22 91                         /tmp/javacpp25814594232862/libopencv_imgproc.so.3.0
7f619545e000-7f6195470000 rw-p 002ca000 00:22 91                         /tmp/javacpp25814594232862/libopencv_imgproc.so.3.0
7f6195470000-7f6195505000 rw-p 00000000 00:00 0 
7f6195505000-7f6195526000 r-xp 00000000 08:02 14947461                   /usr/lib/libgomp.so.1.0.0
7f6195526000-7f6195726000 ---p 00021000 08:02 14947461                   /usr/lib/libgomp.so.1.0.0
7f6195726000-7f6195727000 rw-p 00021000 08:02 14947461                   /usr/lib/libgomp.so.1.0.0
7f6195727000-7f61959be000 r-xp 00000000 00:22 90                         /tmp/javacpp25814594232862/libopencv_core.so.3.0
7f61959be000-7f6195bbd000 ---p 00297000 00:22 90                         /tmp/javacpp25814594232862/libopencv_core.so.3.0
7f6195bbd000-7f6195bc4000 rw-p 00296000 00:22 90                         /tmp/javacpp25814594232862/libopencv_core.so.3.0
7f6195bc4000-7f6195bc7000 rw-p 00000000 00:00 0 
7f6195bc7000-7f6195bca000 ---p 00000000 00:00 0 
7f6195bca000-7f6195cc8000 rw-p 00000000 00:00 0 
7f6195cc8000-7f6195ccb000 ---p 00000000 00:00 0 
7f6195ccb000-7f6195dc9000 rw-p 00000000 00:00 0                          [stack:15001]
7f6195dc9000-7f6195dcc000 ---p 00000000 00:00 0 
7f6195dcc000-7f6195eca000 rw-p 00000000 00:00 0                          [stack:15000]
7f6195eca000-7f6195ecd000 ---p 00000000 00:00 0 
7f6195ecd000-7f6195fcb000 rw-p 00000000 00:00 0                          [stack:14999]
7f6195fcb000-7f6195fd0000 r-xp 00000000 08:02 14947362                   /usr/lib/libXfixes.so.3.1.0
7f6195fd0000-7f61961cf000 ---p 00005000 08:02 14947362                   /usr/lib/libXfixes.so.3.1.0
7f61961cf000-7f61961d0000 r--p 00004000 08:02 14947362                   /usr/lib/libXfixes.so.3.1.0
7f61961d0000-7f61961d1000 rw-p 00005000 08:02 14947362                   /usr/lib/libXfixes.so.3.1.0
7f61961d1000-7f61961db000 r-xp 00000000 08:02 14955981                   /usr/lib/libXcursor.so.1.0.2
7f61961db000-7f61963da000 ---p 0000a000 08:02 14955981                   /usr/lib/libXcursor.so.1.0.2
7f61963da000-7f61963db000 r--p 00009000 08:02 14955981                   /usr/lib/libXcursor.so.1.0.2
7f61963db000-7f61963dc000 rw-p 0000a000 08:02 14955981                   /usr/lib/libXcursor.so.1.0.2
7f61963dc000-7f61963df000 ---p 00000000 00:00 0 
7f61963df000-7f61964dd000 rw-p 00000000 00:00 0                          [stack:14998]
7f61964dd000-7f61964e1000 r-xp 00000000 08:02 14947376                   /usr/lib/libattr.so.1.1.0
7f61964e1000-7f61966e0000 ---p 00004000 08:02 14947376                   /usr/lib/libattr.so.1.1.0
7f61966e0000-7f61966e1000 r--p 00003000 08:02 14947376                   /usr/lib/libattr.so.1.1.0
7f61966e1000-7f61966e2000 rw-p 00004000 08:02 14947376                   /usr/lib/libattr.so.1.1.0
7f61966e2000-7f61966e6000 r-xp 00000000 08:02 14947386                   /usr/lib/libcap.so.2.24
7f61966e6000-7f61968e5000 ---p 00004000 08:02 14947386                   /usr/lib/libcap.so.2.24
7f61968e5000-7f61968e6000 rw-p 00003000 08:02 14947386                   /usr/lib/libcap.so.2.24
7f61968e6000-7f61968f8000 r-xp 00000000 08:02 14947462                   /usr/lib/libgpg-error.so.0.16.0
7f61968f8000-7f6196af7000 ---p 00012000 08:02 14947462                   /usr/lib/libgpg-error.so.0.16.0
7f6196af7000-7f6196af8000 r--p 00011000 08:02 14947462                   /usr/lib/libgpg-error.so.0.16.0
7f6196af8000-7f6196af9000 rw-p 00012000 08:02 14947462                   /usr/lib/libgpg-error.so.0.16.0
7f6196af9000-7f6196bd1000 r-xp 00000000 08:02 14947444                   /usr/lib/libgcrypt.so.20.0.4
7f6196bd1000-7f6196dd1000 ---p 000d8000 08:02 14947444                   /usr/lib/libgcrypt.so.20.0.4
7f6196dd1000-7f6196dd2000 r--p 000d8000 08:02 14947444                   /usr/lib/libgcrypt.so.20.0.4
7f6196dd2000-7f6196dda000 rw-p 000d9000 08:02 14947444                   /usr/lib/libgcrypt.so.20.0.4
7f6196dda000-7f6196ddb000 rw-p 00000000 00:00 0 
7f6196ddb000-7f6196dec000 r-xp 00000000 08:02 14947501                   /usr/lib/liblz4.so.1.7.1
7f6196dec000-7f6196feb000 ---p 00011000 08:02 14947501                   /usr/lib/liblz4.so.1.7.1
7f6196feb000-7f6196fec000 r--p 00010000 08:02 14947501                   /usr/lib/liblz4.so.1.7.1
7f6196fec000-7f6196fed000 rw-p 00011000 08:02 14947501                   /usr/lib/liblz4.so.1.7.1
7f6196fed000-7f6197012000 r-xp 00000000 08:02 14943014                   /usr/lib/liblzma.so.5.2.2
7f6197012000-7f6197211000 ---p 00025000 08:02 14943014                   /usr/lib/liblzma.so.5.2.2
7f6197211000-7f6197212000 r--p 00024000 08:02 14943014                   /usr/lib/liblzma.so.5.2.2
7f6197212000-7f6197213000 rw-p 00025000 08:02 14943014                   /usr/lib/liblzma.so.5.2.2
7f6197213000-7f619723c000 r-xp 00000000 08:02 14955009                   /usr/lib/libgraphite2.so.3.0.1
7f619723c000-7f619743b000 ---p 00029000 08:02 14955009                   /usr/lib/libgraphite2.so.3.0.1
7f619743b000-7f619743d000 r--p 00028000 08:02 14955009                   /usr/lib/libgraphite2.so.3.0.1
7f619743d000-7f619743e000 rw-p 0002a000 08:02 14955009                   /usr/lib/libgraphite2.so.3.0.1
7f619743e000-7f61974cf000 r-xp 00000000 08:02 14945771                   /usr/lib/libgmp.so.10.3.0
7f61974cf000-7f61976cf000 ---p 00091000 08:02 14945771                   /usr/lib/libgmp.so.10.3.0
7f61976cf000-7f61976d0000 r--p 00091000 08:02 14945771                   /usr/lib/libgmp.so.10.3.0
7f61976d0000-7f61976d1000 rw-p 00092000 08:02 14945771                   /usr/lib/libgmp.so.10.3.0
7f61976d1000-7f6197703000 r-xp 00000000 08:02 14947473                   /usr/lib/libhogweed.so.4.1
7f6197703000-7f6197903000 ---p 00032000 08:02 14947473                   /usr/lib/libhogweed.so.4.1
7f6197903000-7f6197904000 r--p 00032000 08:02 14947473                   /usr/lib/libhogweed.so.4.1
7f6197904000-7f6197905000 rw-p 00033000 08:02 14947473                   /usr/lib/libhogweed.so.4.1
7f6197905000-7f619793b000 r-xp 00000000 08:02 14947524                   /usr/lib/libnettle.so.6.1
7f619793b000-7f6197b3a000 ---p 00036000 08:02 14947524                   /usr/lib/libnettle.so.6.1
7f6197b3a000-7f6197b3c000 r--p 00035000 08:02 14947524                   /usr/lib/libnettle.so.6.1
7f6197b3c000-7f6197b3d000 rw-p 00037000 08:02 14947524                   /usr/lib/libnettle.so.6.1
7f6197b3d000-7f6197b4f000 r-xp 00000000 08:02 14947613                   /usr/lib/libtasn1.so.6.5.1
7f6197b4f000-7f6197d4e000 ---p 00012000 08:02 14947613                   /usr/lib/libtasn1.so.6.5.1
7f6197d4e000-7f6197d4f000 r--p 00011000 08:02 14947613                   /usr/lib/libtasn1.so.6.5.1
7f6197d4f000-7f6197d50000 rw-p 00012000 08:02 14947613                   /usr/lib/libtasn1.so.6.5.1
7f6197d50000-7f619c000000 rw-p 00000000 00:00 0 
7f619c000000-7f619c021000 rw-p 00000000 00:00 0 
7f619c021000-7f61a0000000 ---p 00000000 00:00 0 
7f61a004d000-7f61a0057000 r--s 000ae000 08:02 15740968                   /usr/lib/jvm/java-7-openjdk/jre/lib/resources.jar
7f61a0057000-7f61a00d6000 r-xp 00000000 08:02 14947608                   /usr/lib/libsystemd.so.0.12.0
7f61a00d6000-7f61a00d7000 ---p 0007f000 08:02 14947608                   /usr/lib/libsystemd.so.0.12.0
7f61a00d7000-7f61a00da000 r--p 0007f000 08:02 14947608                   /usr/lib/libsystemd.so.0.12.0
7f61a00da000-7f61a00db000 rw-p 00082000 08:02 14947608                   /usr/lib/libsystemd.so.0.12.0
7f61a00db000-7f61a0135000 r-xp 00000000 08:02 14947558                   /usr/lib/libp11-kit.so.0.1.0
7f61a0135000-7f61a0334000 ---p 0005a000 08:02 14947558                   /usr/lib/libp11-kit.so.0.1.0
7f61a0334000-7f61a033e000 r--p 00059000 08:02 14947558                   /usr/lib/libp11-kit.so.0.1.0
7f61a033e000-7f61a0340000 rw-p 00063000 08:02 14947558                   /usr/lib/libp11-kit.so.0.1.0
7f61a0340000-7f61a0343000 r-xp 00000000 08:02 14947488                   /usr/lib/libkeyutils.so.1.5
7f61a0343000-7f61a0542000 ---p 00003000 08:02 14947488                   /usr/lib/libkeyutils.so.1.5
7f61a0542000-7f61a0543000 r--p 00002000 08:02 14947488                   /usr/lib/libkeyutils.so.1.5
7f61a0543000-7f61a0544000 rw-p 00003000 08:02 14947488                   /usr/lib/libkeyutils.so.1.5
7f61a0544000-7f61a0550000 r-xp 00000000 08:02 14947493                   /usr/lib/libkrb5support.so.0.1
7f61a0550000-7f61a074f000 ---p 0000c000 08:02 14947493                   /usr/lib/libkrb5support.so.0.1
7f61a074f000-7f61a0750000 r--p 0000b000 08:02 14947493                   /usr/lib/libkrb5support.so.0.1
7f61a0750000-7f61a0751000 rw-p 0000c000 08:02 14947493                   /usr/lib/libkrb5support.so.0.1
7f61a0751000-7f61a0756000 r-xp 00000000 08:02 14947360                   /usr/lib/libXdmcp.so.6.0.0
7f61a0756000-7f61a0955000 ---p 00005000 08:02 14947360                   /usr/lib/libXdmcp.so.6.0.0
7f61a0955000-7f61a0956000 r--p 00004000 08:02 14947360                   /usr/lib/libXdmcp.so.6.0.0
7f61a0956000-7f61a0957000 rw-p 00005000 08:02 14947360                   /usr/lib/libXdmcp.so.6.0.0
7f61a0957000-7f61a0959000 r-xp 00000000 08:02 14947358                   /usr/lib/libXau.so.6.0.0
7f61a0959000-7f61a0b59000 ---p 00002000 08:02 14947358                   /usr/lib/libXau.so.6.0.0
7f61a0b59000-7f61a0b5a000 r--p 00002000 08:02 14947358                   /usr/lib/libXau.so.6.0.0
7f61a0b5a000-7f61a0b5b000 rw-p 00003000 08:02 14947358                   /usr/lib/libXau.so.6.0.0
7f61a0b5b000-7f61a0bca000 r-xp 00000000 08:02 14947569                   /usr/lib/libpcre.so.1.2.5
7f61a0bca000-7f61a0dc9000 ---p 0006f000 08:02 14947569                   /usr/lib/libpcre.so.1.2.5
7f61a0dc9000-7f61a0dca000 r--p 0006e000 08:02 14947569                   /usr/lib/libpcre.so.1.2.5
7f61a0dca000-7f61a0dcb000 rw-p 0006f000 08:02 14947569                   /usr/lib/libpcre.so.1.2.5
7f61a0dcb000-7f61a0dd3000 r-xp 00000000 08:02 14947435                   /usr/lib/libffi.so.6.0.4
7f61a0dd3000-7f61a0fd2000 ---p 00008000 08:02 14947435                   /usr/lib/libffi.so.6.0.4
7f61a0fd2000-7f61a0fd3000 r--p 00007000 08:02 14947435                   /usr/lib/libffi.so.6.0.4
7f61a0fd3000-7f61a0fd4000 rw-p 00008000 08:02 14947435                   /usr/lib/libffi.so.6.0.4
7f61a0fd4000-7f61a0fe8000 r-xp 00000000 08:02 14947591                   /usr/lib/libresolv-2.22.so
7f61a0fe8000-7f61a11e7000 ---p 00014000 08:02 14947591                   /usr/lib/libresolv-2.22.so
7f61a11e7000-7f61a11e8000 r--p 00013000 08:02 14947591                   /usr/lib/libresolv-2.22.so
7f61a11e8000-7f61a11e9000 rw-p 00014000 08:02 14947591                   /usr/lib/libresolv-2.22.so
7f61a11e9000-7f61a11eb000 rw-p 00000000 00:00 0 
7f61a11eb000-7f61a11ee000 r-xp 00000000 08:02 14945767                   /usr/lib/libgmodule-2.0.so.0.4600.2
7f61a11ee000-7f61a13ed000 ---p 00003000 08:02 14945767                   /usr/lib/libgmodule-2.0.so.0.4600.2
7f61a13ed000-7f61a13ee000 r--p 00002000 08:02 14945767                   /usr/lib/libgmodule-2.0.so.0.4600.2
7f61a13ee000-7f61a13ef000 rw-p 00003000 08:02 14945767                   /usr/lib/libgmodule-2.0.so.0.4600.2
7f61a13ef000-7f61a1451000 r-xp 00000000 08:02 14953538                   /usr/lib/libharfbuzz.so.0.10102.0
7f61a1451000-7f61a1651000 ---p 00062000 08:02 14953538                   /usr/lib/libharfbuzz.so.0.10102.0
7f61a1651000-7f61a1652000 r--p 00062000 08:02 14953538                   /usr/lib/libharfbuzz.so.0.10102.0
7f61a1652000-7f61a1653000 rw-p 00063000 08:02 14953538                   /usr/lib/libharfbuzz.so.0.10102.0
7f61a1653000-7f61a1687000 r-xp 00000000 08:02 14953416                   /usr/lib/libpng16.so.16.19.0
7f61a1687000-7f61a1886000 ---p 00034000 08:02 14953416                   /usr/lib/libpng16.so.16.19.0
7f61a1886000-7f61a1887000 r--p 00033000 08:02 14953416                   /usr/lib/libpng16.so.16.19.0
7f61a1887000-7f61a1888000 rw-p 00034000 08:02 14953416                   /usr/lib/libpng16.so.16.19.0
7f61a1888000-7f61a1897000 r-xp 00000000 08:02 14947380                   /usr/lib/libbz2.so.1.0.6
7f61a1897000-7f61a1a96000 ---p 0000f000 08:02 14947380                   /usr/lib/libbz2.so.1.0.6
7f61a1a96000-7f61a1a98000 rw-p 0000e000 08:02 14947380                   /usr/lib/libbz2.so.1.0.6
7f61a1a98000-7f61a1abf000 r-xp 00000000 08:02 14947432                   /usr/lib/libexpat.so.1.6.0
7f61a1abf000-7f61a1cbe000 ---p 00027000 08:02 14947432                   /usr/lib/libexpat.so.1.6.0
7f61a1cbe000-7f61a1cc1000 r--p 00026000 08:02 14947432                   /usr/lib/libexpat.so.1.6.0
7f61a1cc1000-7f61a1cc2000 rw-p 00029000 08:02 14947432                   /usr/lib/libexpat.so.1.6.0
7f61a1cc2000-7f61a1cca000 r-xp 00000000 08:02 14947394                   /usr/lib/libcrypt-2.22.so
7f61a1cca000-7f61a1eca000 ---p 00008000 08:02 14947394                   /usr/lib/libcrypt-2.22.so
7f61a1eca000-7f61a1ecb000 r--p 00008000 08:02 14947394                   /usr/lib/libcrypt-2.22.so
7f61a1ecb000-7f61a1ecc000 rw-p 00009000 08:02 14947394                   /usr/lib/libcrypt-2.22.so
7f61a1ecc000-7f61a1efa000 rw-p 00000000 00:00 0 
7f61a1efa000-7f61a1f48000 r-xp 00000000 08:02 14951274                   /usr/lib/libdbus-1.so.3.14.5
7f61a1f48000-7f61a2148000 ---p 0004e000 08:02 14951274                   /usr/lib/libdbus-1.so.3.14.5
7f61a2148000-7f61a2149000 r--p 0004e000 08:02 14951274                   /usr/lib/libdbus-1.so.3.14.5
7f61a2149000-7f61a214a000 rw-p 0004f000 08:02 14951274                   /usr/lib/libdbus-1.so.3.14.5
7f61a214a000-7f61a214b000 rw-p 00000000 00:00 0 
7f61a214b000-7f61a215b000 r-xp 00000000 08:02 14949079                   /usr/lib/libavahi-client.so.3.2.9
7f61a215b000-7f61a235a000 ---p 00010000 08:02 14949079                   /usr/lib/libavahi-client.so.3.2.9
7f61a235a000-7f61a235b000 r--p 0000f000 08:02 14949079                   /usr/lib/libavahi-client.so.3.2.9
7f61a235b000-7f61a235c000 rw-p 00010000 08:02 14949079                   /usr/lib/libavahi-client.so.3.2.9
7f61a235c000-7f61a2368000 r-xp 00000000 08:02 14949076                   /usr/lib/libavahi-common.so.3.5.3
7f61a2368000-7f61a2567000 ---p 0000c000 08:02 14949076                   /usr/lib/libavahi-common.so.3.5.3
7f61a2567000-7f61a2568000 r--p 0000b000 08:02 14949076                   /usr/lib/libavahi-common.so.3.5.3
7f61a2568000-7f61a2569000 rw-p 0000c000 08:02 14949076                   /usr/lib/libavahi-common.so.3.5.3
7f61a2569000-7f61a2690000 r-xp 00000000 08:02 14945778                   /usr/lib/libgnutls.so.30.5.0
7f61a2690000-7f61a2890000 ---p 00127000 08:02 14945778                   /usr/lib/libgnutls.so.30.5.0
7f61a2890000-7f61a289b000 r--p 00127000 08:02 14945778                   /usr/lib/libgnutls.so.30.5.0
7f61a289b000-7f61a289e000 rw-p 00132000 08:02 14945778                   /usr/lib/libgnutls.so.30.5.0
7f61a289e000-7f61a289f000 rw-p 00000000 00:00 0 
7f61a289f000-7f61a28cd000 r-xp 00000000 08:02 14947483                   /usr/lib/libk5crypto.so.3.1
7f61a28cd000-7f61a2acc000 ---p 0002e000 08:02 14947483                   /usr/lib/libk5crypto.so.3.1
7f61a2acc000-7f61a2ace000 r--p 0002d000 08:02 14947483                   /usr/lib/libk5crypto.so.3.1
7f61a2ace000-7f61a2acf000 rw-p 0002f000 08:02 14947483                   /usr/lib/libk5crypto.so.3.1
7f61a2acf000-7f61a2ad0000 rw-p 00000000 00:00 0 
7f61a2ad0000-7f61a2ba5000 r-xp 00000000 08:02 14947492                   /usr/lib/libkrb5.so.3.3
7f61a2ba5000-7f61a2da5000 ---p 000d5000 08:02 14947492                   /usr/lib/libkrb5.so.3.3
7f61a2da5000-7f61a2db2000 r--p 000d5000 08:02 14947492                   /usr/lib/libkrb5.so.3.3
7f61a2db2000-7f61a2db5000 rw-p 000e2000 08:02 14947492                   /usr/lib/libkrb5.so.3.3
7f61a2db5000-7f61a2dff000 r-xp 00000000 08:02 14947465                   /usr/lib/libgssapi_krb5.so.2.2
7f61a2dff000-7f61a2ffe000 ---p 0004a000 08:02 14947465                   /usr/lib/libgssapi_krb5.so.2.2
7f61a2ffe000-7f61a3000000 r--p 00049000 08:02 14947465                   /usr/lib/libgssapi_krb5.so.2.2
7f61a3000000-7f61a3002000 rw-p 0004b000 08:02 14947465                   /usr/lib/libgssapi_krb5.so.2.2
7f61a3002000-7f61a3023000 r-xp 00000000 08:02 14947661                   /usr/lib/libxcb.so.1.1.0
7f61a3023000-7f61a3223000 ---p 00021000 08:02 14947661                   /usr/lib/libxcb.so.1.1.0
7f61a3223000-7f61a3224000 r--p 00021000 08:02 14947661                   /usr/lib/libxcb.so.1.1.0
7f61a3224000-7f61a3225000 rw-p 00022000 08:02 14947661                   /usr/lib/libxcb.so.1.1.0
7f61a3225000-7f61a3331000 r-xp 00000000 08:02 14945764                   /usr/lib/libglib-2.0.so.0.4600.2
7f61a3331000-7f61a3530000 ---p 0010c000 08:02 14945764                   /usr/lib/libglib-2.0.so.0.4600.2
7f61a3530000-7f61a3531000 r--p 0010b000 08:02 14945764                   /usr/lib/libglib-2.0.so.0.4600.2
7f61a3531000-7f61a3532000 rw-p 0010c000 08:02 14945764                   /usr/lib/libglib-2.0.so.0.4600.2
7f61a3532000-7f61a3533000 rw-p 00000000 00:00 0 
7f61a3533000-7f61a3584000 r-xp 00000000 08:02 14945769                   /usr/lib/libgobject-2.0.so.0.4600.2
7f61a3584000-7f61a3783000 ---p 00051000 08:02 14945769                   /usr/lib/libgobject-2.0.so.0.4600.2
7f61a3783000-7f61a3784000 r--p 00050000 08:02 14945769                   /usr/lib/libgobject-2.0.so.0.4600.2
7f61a3784000-7f61a3785000 rw-p 00051000 08:02 14945769                   /usr/lib/libgobject-2.0.so.0.4600.2
7f61a3785000-7f61a38fd000 r-xp 00000000 08:02 14945770                   /usr/lib/libgio-2.0.so.0.4600.2
7f61a38fd000-7f61a3afc000 ---p 00178000 08:02 14945770                   /usr/lib/libgio-2.0.so.0.4600.2
7f61a3afc000-7f61a3b00000 r--p 00177000 08:02 14945770                   /usr/lib/libgio-2.0.so.0.4600.2
7f61a3b00000-7f61a3b02000 rw-p 0017b000 08:02 14945770                   /usr/lib/libgio-2.0.so.0.4600.2
7f61a3b02000-7f61a3b04000 rw-p 00000000 00:00 0 
7f61a3b04000-7f61a3bbb000 r-xp 00000000 08:02 14956821                   /usr/lib/libfreetype.so.6.12.1
7f61a3bbb000-7f61a3dba000 ---p 000b7000 08:02 14956821                   /usr/lib/libfreetype.so.6.12.1
7f61a3dba000-7f61a3dc0000 r--p 000b6000 08:02 14956821                   /usr/lib/libfreetype.so.6.12.1
7f61a3dc0000-7f61a3dc1000 rw-p 000bc000 08:02 14956821                   /usr/lib/libfreetype.so.6.12.1
7f61a3dc1000-7f61a3dfe000 r-xp 00000000 08:02 14956159                   /usr/lib/libfontconfig.so.1.8.0
7f61a3dfe000-7f61a3ffd000 ---p 0003d000 08:02 14956159                   /usr/lib/libfontconfig.so.1.8.0
7f61a3ffd000-7f61a3fff000 r--p 0003c000 08:02 14956159                   /usr/lib/libfontconfig.so.1.8.0
7f61a3fff000-7f61a4000000 rw-p 0003e000 08:02 14956159                   /usr/lib/libfontconfig.so.1.8.0
7f61a4000000-7f61a4021000 rw-p 00000000 00:00 0 
7f61a4021000-7f61a8000000 ---p 00000000 00:00 0 
7f61a8000000-7f61a8021000 rw-p 00000000 00:00 0 
7f61a8021000-7f61ac000000 ---p 00000000 00:00 0 
7f61ac000000-7f61ac021000 rw-p 00000000 00:00 0 
7f61ac021000-7f61b0000000 ---p 00000000 00:00 0 
7f61b0006000-7f61b0009000 r-xp 00000000 08:02 14947390                   /usr/lib/libcom_err.so.2.1
7f61b0009000-7f61b0208000 ---p 00003000 08:02 14947390                   /usr/lib/libcom_err.so.2.1
7f61b0208000-7f61b0209000 r--p 00002000 08:02 14947390                   /usr/lib/libcom_err.so.2.1
7f61b0209000-7f61b020a000 rw-p 00003000 08:02 14947390                   /usr/lib/libcom_err.so.2.1
7f61b020a000-7f61b0284000 r-xp 00000000 08:02 14956104                   /usr/lib/libcups.so.2
7f61b0284000-7f61b0484000 ---p 0007a000 08:02 14956104                   /usr/lib/libcups.so.2
7f61b0484000-7f61b048c000 rw-p 0007a000 08:02 14956104                   /usr/lib/libcups.so.2
7f61b048c000-7f61b049b000 r-xp 00000000 08:02 14955984                   /usr/lib/libXi.so.6.1.0
7f61b049b000-7f61b069a000 ---p 0000f000 08:02 14955984                   /usr/lib/libXi.so.6.1.0
7f61b069a000-7f61b069b000 r--p 0000e000 08:02 14955984                   /usr/lib/libXi.so.6.1.0
7f61b069b000-7f61b069c000 rw-p 0000f000 08:02 14955984                   /usr/lib/libXi.so.6.1.0
7f61b069c000-7f61b06a1000 r-xp 00000000 08:02 14955993                   /usr/lib/libXtst.so.6.1.0
7f61b06a1000-7f61b08a0000 ---p 00005000 08:02 14955993                   /usr/lib/libXtst.so.6.1.0
7f61b08a0000-7f61b08a1000 r--p 00004000 08:02 14955993                   /usr/lib/libXtst.so.6.1.0
7f61b08a1000-7f61b08a2000 rw-p 00005000 08:02 14955993                   /usr/lib/libXtst.so.6.1.0
7f61b08a2000-7f61b08ab000 r-xp 00000000 08:02 14955990                   /usr/lib/libXrender.so.1.3.0
7f61b08ab000-7f61b0aaa000 ---p 00009000 08:02 14955990                   /usr/lib/libXrender.so.1.3.0
7f61b0aaa000-7f61b0aab000 r--p 00008000 08:02 14955990                   /usr/lib/libXrender.so.1.3.0
7f61b0aab000-7f61b0aac000 rw-p 00009000 08:02 14955990                   /usr/lib/libXrender.so.1.3.0
7f61b0aac000-7f61b0be7000 r-xp 00000000 08:02 14947357                   /usr/lib/libX11.so.6.3.0
7f61b0be7000-7f61b0de6000 ---p 0013b000 08:02 14947357                   /usr/lib/libX11.so.6.3.0
7f61b0de6000-7f61b0de8000 r--p 0013a000 08:02 14947357                   /usr/lib/libX11.so.6.3.0
7f61b0de8000-7f61b0ded000 rw-p 0013c000 08:02 14947357                   /usr/lib/libX11.so.6.3.0
7f61b0ded000-7f61b0dee000 rw-p 00000000 00:00 0 
7f61b0dee000-7f61b0dff000 r-xp 00000000 08:02 14947361                   /usr/lib/libXext.so.6.4.0
7f61b0dff000-7f61b0ffe000 ---p 00011000 08:02 14947361                   /usr/lib/libXext.so.6.4.0
7f61b0ffe000-7f61b0fff000 r--p 00010000 08:02 14947361                   /usr/lib/libXext.so.6.4.0
7f61b0fff000-7f61b1000000 rw-p 00011000 08:02 14947361                   /usr/lib/libXext.so.6.4.0
7f61b1005000-7f61b1035000 r--p 00000000 08:02 15467783                   /usr/share/locale/ru/LC_MESSAGES/libc.mo
7f61b1035000-7f61b107c000 r-xp 00000000 08:02 16130267                   /usr/lib/jvm/java-7-openjdk/jre/lib/amd64/xawt/libmawt.so
7f61b107c000-7f61b127c000 ---p 00047000 08:02 16130267                   /usr/lib/jvm/java-7-openjdk/jre/lib/amd64/xawt/libmawt.so
7f61b127c000-7f61b127f000 rw-p 00047000 08:02 16130267                   /usr/lib/jvm/java-7-openjdk/jre/lib/amd64/xawt/libmawt.so
7f61b127f000-7f61b1280000 rw-p 00000000 00:00 0 
7f61b1280000-7f61b131e000 r-xp 00000000 08:02 15742067                   /usr/lib/jvm/java-7-openjdk/jre/lib/amd64/libawt.so
7f61b131e000-7f61b151e000 ---p 0009e000 08:02 15742067                   /usr/lib/jvm/java-7-openjdk/jre/lib/amd64/libawt.so
7f61b151e000-7f61b152a000 rw-p 0009e000 08:02 15742067                   /usr/lib/jvm/java-7-openjdk/jre/lib/amd64/libawt.so
7f61b152a000-7f61b154e000 rw-p 00000000 00:00 0 
7f61b154e000-7f61b154f000 r--s 00009000 08:02 2622325                    /home/fedor-m/.m2/repository/org/bytedeco/javacpp-presets/flandmark/1.07-1.1/flandmark-1.07-1.1-linux-x86_64.jar
7f61b154f000-7f61b1550000 r--s 00002000 08:02 2622323                    /home/fedor-m/.m2/repository/org/bytedeco/javacpp-presets/flandmark/1.07-1.1/flandmark-1.07-1.1.jar
7f61b1550000-7f61b1552000 r--s 0002a000 08:02 2622321                    /home/fedor-m/.m2/repository/org/bytedeco/javacpp-presets/artoolkitplus/2.3.1-1.1/artoolkitplus-2.3.1-1.1-linux-x86_64.jar
7f61b1552000-7f61b1553000 r--s 00005000 08:02 2622319                    /home/fedor-m/.m2/repository/org/bytedeco/javacpp-presets/artoolkitplus/2.3.1-1.1/artoolkitplus-2.3.1-1.1.jar
7f61b1553000-7f61b1554000 r--s 00000000 08:02 2622317                    /home/fedor-m/.m2/repository/org/bytedeco/javacpp-presets/videoinput/0.200-1.1/videoinput-0.200-1.1-linux-x86_64.jar
7f61b1554000-7f61b1555000 r--s 00003000 08:02 2622315                    /home/fedor-m/.m2/repository/org/bytedeco/javacpp-presets/videoinput/0.200-1.1/videoinput-0.200-1.1.jar
7f61b1555000-7f61b1556000 r--s 00014000 08:02 2622313                    /home/fedor-m/.m2/repository/org/bytedeco/javacpp-presets/libfreenect/0.5.3-1.1/libfreenect-0.5.3-1.1-linux-x86_64.jar
7f61b1556000-7f61b1558000 r--s 00004000 08:02 2622311                    /home/fedor-m/.m2/repository/org/bytedeco/javacpp-presets/libfreenect/0.5.3-1.1/libfreenect-0.5.3-1.1.jar
7f61b1558000-7f61b155a000 r--s 00006000 08:02 2622307                    /home/fedor-m/.m2/repository/org/bytedeco/javacpp-presets/libdc1394/2.2.3-1.1/libdc1394-2.2.3-1.1.jar
7f61b155a000-7f61b155c000 r--s 0003a000 08:02 2622305                    /home/fedor-m/.m2/repository/org/bytedeco/javacpp-presets/flycapture/2.8.3.1-1.1/flycapture-2.8.3.1-1.1-linux-x86_64.jar
7f61b155c000-7f61b1560000 r--s 0001f000 08:02 2622303                    /home/fedor-m/.m2/repository/org/bytedeco/javacpp-presets/flycapture/2.8.3.1-1.1/flycapture-2.8.3.1-1.1.jar
7f61b1560000-7f61b1567000 r--s 00033000 08:02 2622299                    /home/fedor-m/.m2/repository/org/bytedeco/javacpp-presets/ffmpeg/2.8.1-1.1/ffmpeg-2.8.1-1.1.jar
7f61b1567000-7f61b1569000 r--s 0076b000 08:02 2622297                    /home/fedor-m/.m2/repository/org/bytedeco/javacpp-presets/opencv/3.0.0-1.1/opencv-3.0.0-1.1-linux-x86_64.jar
7f61b1569000-7f61b156a000 ---p 00000000 00:00 0 
7f61b156a000-7f61b166a000 rw-p 00000000 00:00 0                          [stack:14997]
7f61b166a000-7f61b166d000 ---p 00000000 00:00 0 
7f61b166d000-7f61b176b000 rw-p 00000000 00:00 0                          [stack:14996]
7f61b176b000-7f61b176e000 ---p 00000000 00:00 0 
7f61b176e000-7f61b186c000 rw-p 00000000 00:00 0                          [stack:14995]
7f61b186c000-7f61b186f000 ---p 00000000 00:00 0 
7f61b186f000-7f61b196d000 rw-p 00000000 00:00 0                          [stack:14994]
7f61b196d000-7f61b1970000 ---p 00000000 00:00 0 
7f61b1970000-7f61b1a6e000 rw-p 00000000 00:00 0                          [stack:14993]
7f61b1a6e000-7f61b1d6c000 r--p 00000000 08:02 14956685                   /usr/lib/locale/locale-archive
7f61b1d6c000-7f61b1d6f000 ---p 00000000 00:00 0 
7f61b1d6f000-7f61b1e6d000 rw-p 00000000 00:00 0                          [stack:14992]
7f61b1e6d000-7f61b1e70000 ---p 00000000 00:00 0 
7f61b1e70000-7f61b1f6e000 rw-p 00000000 00:00 0                          [stack:14991]
7f61b1f6e000-7f61b1f6f000 ---p 00000000 00:00 0 
7f61b1f6f000-7f61b306c000 rw-p 00000000 00:00 0                          [stack:14990]
7f61b306c000-7f61b321e000 r--s 01d2e000 08:02 15740967                   /usr/lib/jvm/java-7-openjdk/jre/lib/rt.jar
7f61b321e000-7f61b3742000 rw-p 00000000 00:00 0 
7f61b3742000-7f61b3743000 ---p 00000000 00:00 0 
7f61b3743000-7f61b3843000 rw-p 00000000 00:00 0                          [stack:14989]
7f61b3843000-7f61b3844000 ---p 00000000 00:00 0 
7f61b3844000-7f61b396d000 rw-p 00000000 00:00 0                          [stack:14988]
7f61b396d000-7f61b3bd4000 rw-p 00000000 00:00 0 
7f61b3bd4000-7f61b3bdf000 rw-p 00000000 00:00 0 
7f61b3bdf000-7f61b3c27000 rw-p 00000000 00:00 0 
7f61b3c27000-7f61b3c50000 rw-p 00000000 00:00 0 
7f61b3c50000-7f61b3eb7000 rw-p 00000000 00:00 0 
7f61b3eb7000-7f61b3f2d000 rw-p 00000000 00:00 0 
7f61b3f2d000-7f61b3f37000 ---p 00000000 00:00 0 
7f61b3f37000-7f61b3fff000 rw-p 00000000 00:00 0 
7f61b3fff000-7f61b4000000 rw-p 00000000 00:00 0 
7f61b4000000-7f61b42b2000 rw-p 00000000 00:00 0 
7f61b42b2000-7f61b8000000 ---p 00000000 00:00 0 
7f61b8000000-7f61b8001000 r--s 00027000 08:02 2622309                    /home/fedor-m/.m2/repository/org/bytedeco/javacpp-presets/libdc1394/2.2.3-1.1/libdc1394-2.2.3-1.1-linux-x86_64.jar
7f61b8001000-7f61b8010000 r--s 00088000 08:02 2622295                    /home/fedor-m/.m2/repository/org/bytedeco/javacpp-presets/opencv/3.0.0-1.1/opencv-3.0.0-1.1.jar
7f61b8010000-7f61b8014000 r--s 0003a000 08:02 2622327                    /home/fedor-m/.m2/repository/org/bytedeco/javacpp/1.1/javacpp-1.1.jar
7f61b8014000-7f61b801f000 r--s 00203000 08:02 15740966                   /usr/lib/jvm/java-7-openjdk/jre/lib/charsets.jar
7f61b801f000-7f61b8020000 ---p 00000000 00:00 0 
7f61b8020000-7f61b8120000 rw-p 00000000 00:00 0                          [stack:14987]
7f61b8120000-7f61b8121000 ---p 00000000 00:00 0 
7f61b8121000-7f61b822c000 rw-p 00000000 00:00 0                          [stack:14986]
7f61b822c000-7f61b8274000 rw-p 00000000 00:00 0 
7f61b8274000-7f61b84e4000 rwxp 00000000 00:00 0 
7f61b84e4000-7f61bb274000 rw-p 00000000 00:00 0 
7f61bb274000-7f61bb27c000 r-xp 00000000 08:02 15742053                   /usr/lib/jvm/java-7-openjdk/jre/lib/amd64/libzip.so
7f61bb27c000-7f61bb47b000 ---p 00008000 08:02 15742053                   /usr/lib/jvm/java-7-openjdk/jre/lib/amd64/libzip.so
7f61bb47b000-7f61bb47c000 rw-p 00007000 08:02 15742053                   /usr/lib/jvm/java-7-openjdk/jre/lib/amd64/libzip.so
7f61bb47c000-7f61bb487000 r-xp 00000000 08:02 14947543                   /usr/lib/libnss_files-2.22.so
7f61bb487000-7f61bb686000 ---p 0000b000 08:02 14947543                   /usr/lib/libnss_files-2.22.so
7f61bb686000-7f61bb687000 r--p 0000a000 08:02 14947543                   /usr/lib/libnss_files-2.22.so
7f61bb687000-7f61bb688000 rw-p 0000b000 08:02 14947543                   /usr/lib/libnss_files-2.22.so
7f61bb688000-7f61bb68e000 rw-p 00000000 00:00 0 
7f61bb68e000-7f61bb6b9000 r-xp 00000000 08:02 15742052                   /usr/lib/jvm/java-7-openjdk/jre/lib/amd64/libjava.so
7f61bb6b9000-7f61bb8b9000 ---p 0002b000 08:02 15742052                   /usr/lib/jvm/java-7-openjdk/jre/lib/amd64/libjava.so
7f61bb8b9000-7f61bb8bb000 rw-p 0002b000 08:02 15742052                   /usr/lib/jvm/java-7-openjdk/jre/lib/amd64/libjava.so
7f61bb8bb000-7f61bb8c8000 r-xp 00000000 08:02 15742051                   /usr/lib/jvm/java-7-openjdk/jre/lib/amd64/libverify.so
7f61bb8c8000-7f61bbac7000 ---p 0000d000 08:02 15742051                   /usr/lib/jvm/java-7-openjdk/jre/lib/amd64/libverify.so
7f61bbac7000-7f61bbac9000 rw-p 0000c000 08:02 15742051                   /usr/lib/jvm/java-7-openjdk/jre/lib/amd64/libverify.so
7f61bbac9000-7f61bbad0000 r-xp 00000000 08:02 14947594                   /usr/lib/librt-2.22.so
7f61bbad0000-7f61bbccf000 ---p 00007000 08:02 14947594                   /usr/lib/librt-2.22.so
7f61bbccf000-7f61bbcd0000 r--p 00006000 08:02 14947594                   /usr/lib/librt-2.22.so
7f61bbcd0000-7f61bbcd1000 rw-p 00007000 08:02 14947594                   /usr/lib/librt-2.22.so
7f61bbcd1000-7f61bbce7000 r-xp 00000000 08:02 14947443                   /usr/lib/libgcc_s.so.1
7f61bbce7000-7f61bbee6000 ---p 00016000 08:02 14947443                   /usr/lib/libgcc_s.so.1
7f61bbee6000-7f61bbee7000 rw-p 00015000 08:02 14947443                   /usr/lib/libgcc_s.so.1
7f61bbee7000-7f61bbfe4000 r-xp 00000000 08:02 14947504                   /usr/lib/libm-2.22.so
7f61bbfe4000-7f61bc1e3000 ---p 000fd000 08:02 14947504                   /usr/lib/libm-2.22.so
7f61bc1e3000-7f61bc1e4000 r--p 000fc000 08:02 14947504                   /usr/lib/libm-2.22.so
7f61bc1e4000-7f61bc1e5000 rw-p 000fd000 08:02 14947504                   /usr/lib/libm-2.22.so
7f61bc1e5000-7f61bc357000 r-xp 00000000 08:02 14947606                   /usr/lib/libstdc++.so.6.0.21
7f61bc357000-7f61bc557000 ---p 00172000 08:02 14947606                   /usr/lib/libstdc++.so.6.0.21
7f61bc557000-7f61bc561000 r--p 00172000 08:02 14947606                   /usr/lib/libstdc++.so.6.0.21
7f61bc561000-7f61bc563000 rw-p 0017c000 08:02 14947606                   /usr/lib/libstdc++.so.6.0.21
7f61bc563000-7f61bc567000 rw-p 00000000 00:00 0 
7f61bc567000-7f61bd0b7000 r-xp 00000000 08:02 16130264                   /usr/lib/jvm/java-7-openjdk/jre/lib/amd64/server/libjvm.so
7f61bd0b7000-7f61bd2b6000 ---p 00b50000 08:02 16130264                   /usr/lib/jvm/java-7-openjdk/jre/lib/amd64/server/libjvm.so
7f61bd2b6000-7f61bd36a000 rw-p 00b4f000 08:02 16130264                   /usr/lib/jvm/java-7-openjdk/jre/lib/amd64/server/libjvm.so
7f61bd36a000-7f61bd395000 rw-p 00000000 00:00 0 
7f61bd395000-7f61bd3aa000 r-xp 00000000 08:02 14947665                   /usr/lib/libz.so.1.2.8
7f61bd3aa000-7f61bd5a9000 ---p 00015000 08:02 14947665                   /usr/lib/libz.so.1.2.8
7f61bd5a9000-7f61bd5aa000 r--p 00014000 08:02 14947665                   /usr/lib/libz.so.1.2.8
7f61bd5aa000-7f61bd5ab000 rw-p 00015000 08:02 14947665                   /usr/lib/libz.so.1.2.8
7f61bd5ab000-7f61bd746000 r-xp 00000000 08:02 14947381                   /usr/lib/libc-2.22.so
7f61bd746000-7f61bd945000 ---p 0019b000 08:02 14947381                   /usr/lib/libc-2.22.so
7f61bd945000-7f61bd949000 r--p 0019a000 08:02 14947381                   /usr/lib/libc-2.22.so
7f61bd949000-7f61bd94b000 rw-p 0019e000 08:02 14947381                   /usr/lib/libc-2.22.so
7f61bd94b000-7f61bd94f000 rw-p 00000000 00:00 0 
7f61bd94f000-7f61bd952000 r-xp 00000000 08:02 14947409                   /usr/lib/libdl-2.22.so
7f61bd952000-7f61bdb51000 ---p 00003000 08:02 14947409                   /usr/lib/libdl-2.22.so
7f61bdb51000-7f61bdb52000 r--p 00002000 08:02 14947409                   /usr/lib/libdl-2.22.so
7f61bdb52000-7f61bdb53000 rw-p 00003000 08:02 14947409                   /usr/lib/libdl-2.22.so
7f61bdb53000-7f61bdb60000 r-xp 00000000 08:02 16128183                   /usr/lib/jvm/java-7-openjdk/jre/lib/amd64/jli/libjli.so
7f61bdb60000-7f61bdd5f000 ---p 0000d000 08:02 16128183                   /usr/lib/jvm/java-7-openjdk/jre/lib/amd64/jli/libjli.so
7f61bdd5f000-7f61bdd60000 rw-p 0000c000 08:02 16128183                   /usr/lib/jvm/java-7-openjdk/jre/lib/amd64/jli/libjli.so
7f61bdd60000-7f61bdd78000 r-xp 00000000 08:02 14947580                   /usr/lib/libpthread-2.22.so
7f61bdd78000-7f61bdf77000 ---p 00018000 08:02 14947580                   /usr/lib/libpthread-2.22.so
7f61bdf77000-7f61bdf78000 r--p 00017000 08:02 14947580                   /usr/lib/libpthread-2.22.so
7f61bdf78000-7f61bdf79000 rw-p 00018000 08:02 14947580                   /usr/lib/libpthread-2.22.so
7f61bdf79000-7f61bdf7d000 rw-p 00000000 00:00 0 
7f61bdf7d000-7f61bdf9f000 r-xp 00000000 08:02 14947350                   /usr/lib/ld-2.22.so
7f61bdf9f000-7f61bdfa3000 r--s 00056000 08:02 53087107                   /home/fedor-m/.m2/repository/org/bytedeco/javacv/1.1/javacv-1.1.jar
7f61bdfa3000-7f61bdfad000 rw-p 00000000 00:00 0 
7f61bdfad000-7f61be063000 rw-p 00000000 00:00 0 
7f61be063000-7f61be066000 ---p 00000000 00:00 0 
7f61be066000-7f61be168000 rw-p 00000000 00:00 0                          [stack:14985]
7f61be168000-7f61be169000 r--s 00a24000 08:02 2622301                    /home/fedor-m/.m2/repository/org/bytedeco/javacpp-presets/ffmpeg/2.8.1-1.1/ffmpeg-2.8.1-1.1-linux-x86_64.jar
7f61be169000-7f61be193000 rw-p 00000000 00:00 0 
7f61be193000-7f61be19b000 rw-s 00000000 00:22 32                         /tmp/hsperfdata_fedor-m/14980
7f61be19b000-7f61be19c000 rw-p 00000000 00:00 0 
7f61be19c000-7f61be19d000 r--p 00000000 00:00 0 
7f61be19d000-7f61be19e000 rw-p 00000000 00:00 0 
7f61be19e000-7f61be19f000 r--p 00021000 08:02 14947350                   /usr/lib/ld-2.22.so
7f61be19f000-7f61be1a0000 rw-p 00022000 08:02 14947350                   /usr/lib/ld-2.22.so
7f61be1a0000-7f61be1a1000 rw-p 00000000 00:00 0 
7ffe76ab7000-7ffe76ad8000 rw-p 00000000 00:00 0                          [stack]
7ffe76b67000-7ffe76b69000 r--p 00000000 00:00 0                          [vvar]
7ffe76b69000-7ffe76b6b000 r-xp 00000000 00:00 0                          [vdso]
ffffffffff600000-ffffffffff601000 r-xp 00000000 00:00 0                  [vsyscall]

VM Arguments:
jvm_args: -Dfile.encoding=UTF-8 
java_command: ru.ang5545.scanning_system_2.App
Launcher Type: SUN_STANDARD

Environment Variables:
JAVA_HOME=/usr/lib/jvm/java-8-openjdk
JRE_HOME=/usr/lib/jvm/java-8-openjdk
PATH=/usr/local/sbin:/usr/local/bin:/usr/bin:/home/fedor-m/bin:/usr/lib/jvm/java-8-openjdk/bin:/home/fedor-m/bin:/usr/lib/jvm/java-8-openjdk/bin:/usr/lib/jvm/default/bin:/usr/bin/site_perl:/usr/bin/vendor_perl:/usr/bin/core_perl
LD_LIBRARY_PATH=\/usr\/lib
SHELL=/bin/bash
DISPLAY=:0.0

Signal Handlers:
SIGSEGV: [libjvm.so+0x995100], sa_mask[0]=0x7ffbfeff, sa_flags=0x10000004
SIGBUS: [libjvm.so+0x995100], sa_mask[0]=0x7ffbfeff, sa_flags=0x10000004
SIGFPE: [libjvm.so+0x7fc350], sa_mask[0]=0x7ffbfeff, sa_flags=0x10000004
SIGPIPE: [libjvm.so+0x7fc350], sa_mask[0]=0x7ffbfeff, sa_flags=0x10000004
SIGXFSZ: [libjvm.so+0x7fc350], sa_mask[0]=0x7ffbfeff, sa_flags=0x10000004
SIGILL: [libjvm.so+0x7fc350], sa_mask[0]=0x7ffbfeff, sa_flags=0x10000004
SIGUSR1: SIG_DFL, sa_mask[0]=0x00000000, sa_flags=0x00000000
SIGUSR2: [libjvm.so+0x7fc1d0], sa_mask[0]=0x00000004, sa_flags=0x10000004
SIGHUP: [libjvm.so+0x7fc360], sa_mask[0]=0x7ffbfeff, sa_flags=0x10000004
SIGINT: [libjvm.so+0x7fc360], sa_mask[0]=0x7ffbfeff, sa_flags=0x10000004
SIGTERM: [libjvm.so+0x7fc360], sa_mask[0]=0x7ffbfeff, sa_flags=0x10000004
SIGQUIT: [libjvm.so+0x7fc360], sa_mask[0]=0x7ffbfeff, sa_flags=0x10000004
SIGTRAP: SIG_DFL, sa_mask[0]=0x00000000, sa_flags=0x00000000


---------------  S Y S T E M  ---------------

OS:ManjaroLinux 15.09 (Bellatrix)
uname:Linux 4.1.13-1-MANJARO #1 SMP PREEMPT Tue Nov 10 22:11:15 UTC 2015 x86_64
libc:glibc 2.22 NPTL 2.22 
rlimit: STACK 8192k, CORE 0k, NPROC 30594, NOFILE 4096, AS infinity
load average:0,85 0,73 0,52

/proc/meminfo:
MemTotal:        8059640 kB
MemFree:         3017516 kB
MemAvailable:    5014824 kB
Buffers:          294480 kB
Cached:          1897208 kB
SwapCached:            0 kB
Active:          3483588 kB
Inactive:        1175672 kB
Active(anon):    2574932 kB
Inactive(anon):   266728 kB
Active(file):     908656 kB
Inactive(file):   908944 kB
Unevictable:         136 kB
Mlocked:             136 kB
SwapTotal:       9227464 kB
SwapFree:        9227464 kB
Dirty:               124 kB
Writeback:             0 kB
AnonPages:       2469804 kB
Mapped:           544892 kB
Shmem:            374092 kB
Slab:             254640 kB
SReclaimable:     221972 kB
SUnreclaim:        32668 kB
KernelStack:        7904 kB
PageTables:        38584 kB
NFS_Unstable:          0 kB
Bounce:                0 kB
WritebackTmp:          0 kB
CommitLimit:    13257284 kB
Committed_AS:    5836132 kB
VmallocTotal:   34359738367 kB
VmallocUsed:      385768 kB
VmallocChunk:   34358947836 kB
HardwareCorrupted:     0 kB
AnonHugePages:   1490944 kB
HugePages_Total:       0
HugePages_Free:        0
HugePages_Rsvd:        0
HugePages_Surp:        0
Hugepagesize:       2048 kB
DirectMap4k:      137136 kB
DirectMap2M:     7081984 kB
DirectMap1G:     2097152 kB


CPU:total 4 (4 cores per cpu, 1 threads per core) family 6 model 60 stepping 3, cmov, cx8, fxsr, mmx, sse, sse2, sse3, ssse3, sse4.1, sse4.2, popcnt, avx, avx2, aes, erms, tsc, tscinvbit

/proc/cpuinfo:
processor	: 0
vendor_id	: GenuineIntel
cpu family	: 6
model		: 60
model name	: Intel(R) Core(TM) i5-4440 CPU @ 3.10GHz
stepping	: 3
microcode	: 0x1c
cpu MHz		: 3270.863
cache size	: 6144 KB
physical id	: 0
siblings	: 4
core id		: 0
cpu cores	: 4
apicid		: 0
initial apicid	: 0
fpu		: yes
fpu_exception	: yes
cpuid level	: 13
wp		: yes
flags		: fpu vme de pse tsc msr pae mce cx8 apic sep mtrr pge mca cmov pat pse36 clflush dts acpi mmx fxsr sse sse2 ss ht tm pbe syscall nx pdpe1gb rdtscp lm constant_tsc arch_perfmon pebs bts rep_good nopl xtopology nonstop_tsc aperfmperf eagerfpu pni pclmulqdq dtes64 monitor ds_cpl vmx est tm2 ssse3 fma cx16 xtpr pdcm pcid sse4_1 sse4_2 x2apic movbe popcnt tsc_deadline_timer aes xsave avx f16c rdrand lahf_lm abm ida arat pln pts dtherm tpr_shadow vnmi flexpriority ept vpid fsgsbase tsc_adjust bmi1 avx2 smep bmi2 erms invpcid xsaveopt
bugs		:
bogomips	: 6188.51
clflush size	: 64
cache_alignment	: 64
address sizes	: 39 bits physical, 48 bits virtual
power management:

processor	: 1
vendor_id	: GenuineIntel
cpu family	: 6
model		: 60
model name	: Intel(R) Core(TM) i5-4440 CPU @ 3.10GHz
stepping	: 3
microcode	: 0x1c
cpu MHz		: 3267.230
cache size	: 6144 KB
physical id	: 0
siblings	: 4
core id		: 1
cpu cores	: 4
apicid		: 2
initial apicid	: 2
fpu		: yes
fpu_exception	: yes
cpuid level	: 13
wp		: yes
flags		: fpu vme de pse tsc msr pae mce cx8 apic sep mtrr pge mca cmov pat pse36 clflush dts acpi mmx fxsr sse sse2 ss ht tm pbe syscall nx pdpe1gb rdtscp lm constant_tsc arch_perfmon pebs bts rep_good nopl xtopology nonstop_tsc aperfmperf eagerfpu pni pclmulqdq dtes64 monitor ds_cpl vmx est tm2 ssse3 fma cx16 xtpr pdcm pcid sse4_1 sse4_2 x2apic movbe popcnt tsc_deadline_timer aes xsave avx f16c rdrand lahf_lm abm ida arat pln pts dtherm tpr_shadow vnmi flexpriority ept vpid fsgsbase tsc_adjust bmi1 avx2 smep bmi2 erms invpcid xsaveopt
bugs		:
bogomips	: 6188.51
clflush size	: 64
cache_alignment	: 64
address sizes	: 39 bits physical, 48 bits virtual
power management:

processor	: 2
vendor_id	: GenuineIntel
cpu family	: 6
model		: 60
model name	: Intel(R) Core(TM) i5-4440 CPU @ 3.10GHz
stepping	: 3
microcode	: 0x1c
cpu MHz		: 3270.863
cache size	: 6144 KB
physical id	: 0
siblings	: 4
core id		: 2
cpu cores	: 4
apicid		: 4
initial apicid	: 4
fpu		: yes
fpu_exception	: yes
cpuid level	: 13
wp		: yes
flags		: fpu vme de pse tsc msr pae mce cx8 apic sep mtrr pge mca cmov pat pse36 clflush dts acpi mmx fxsr sse sse2 ss ht tm pbe syscall nx pdpe1gb rdtscp lm constant_tsc arch_perfmon pebs bts rep_good nopl xtopology nonstop_tsc aperfmperf eagerfpu pni pclmulqdq dtes64 monitor ds_cpl vmx est tm2 ssse3 fma cx16 xtpr pdcm pcid sse4_1 sse4_2 x2apic movbe popcnt tsc_deadline_timer aes xsave avx f16c rdrand lahf_lm abm ida arat pln pts dtherm tpr_shadow vnmi flexpriority ept vpid fsgsbase tsc_adjust bmi1 avx2 smep bmi2 erms invpcid xsaveopt
bugs		:
bogomips	: 6188.51
clflush size	: 64
cache_alignment	: 64
address sizes	: 39 bits physical, 48 bits virtual
power management:

processor	: 3
vendor_id	: GenuineIntel
cpu family	: 6
model		: 60
model name	: Intel(R) Core(TM) i5-4440 CPU @ 3.10GHz
stepping	: 3
microcode	: 0x1c
cpu MHz		: 3200.871
cache size	: 6144 KB
physical id	: 0
siblings	: 4
core id		: 3
cpu cores	: 4
apicid		: 6
initial apicid	: 6
fpu		: yes
fpu_exception	: yes
cpuid level	: 13
wp		: yes
flags		: fpu vme de pse tsc msr pae mce cx8 apic sep mtrr pge mca cmov pat pse36 clflush dts acpi mmx fxsr sse sse2 ss ht tm pbe syscall nx pdpe1gb rdtscp lm constant_tsc arch_perfmon pebs bts rep_good nopl xtopology nonstop_tsc aperfmperf eagerfpu pni pclmulqdq dtes64 monitor ds_cpl vmx est tm2 ssse3 fma cx16 xtpr pdcm pcid sse4_1 sse4_2 x2apic movbe popcnt tsc_deadline_timer aes xsave avx f16c rdrand lahf_lm abm ida arat pln pts dtherm tpr_shadow vnmi flexpriority ept vpid fsgsbase tsc_adjust bmi1 avx2 smep bmi2 erms invpcid xsaveopt
bugs		:
bogomips	: 6188.51
clflush size	: 64
cache_alignment	: 64
address sizes	: 39 bits physical, 48 bits virtual
power management:



Memory: 4k page, physical 8059640k(3017516k free), swap 9227464k(9227464k free)

vm_info: OpenJDK 64-Bit Server VM (24.91-b01) for linux-amd64 JRE (1.7.0_91-b02), built on Nov 18 2015 11:22:39 by "builduser" with gcc 5.2.0

time: Fri Apr 15 17:46:10 2016
elapsed time: 11 seconds

