#
# A fatal error has been detected by the Java Runtime Environment:
#
#  SIGSEGV (0xb) at pc=0x00007f57c1333af0, pid=15324, tid=140014213474048
#
# JRE version: OpenJDK Runtime Environment (7.0_91-b02) (build 1.7.0_91-b02)
# Java VM: OpenJDK 64-Bit Server VM (24.91-b01 mixed mode linux-amd64 compressed oops)
# Derivative: IcedTea 2.6.3
# Distribution: Custom build (Wed Nov 18 11:18:35 UTC 2015)
# Problematic frame:
# C  [libc.so.6+0x14caf0]  __memset_avx2+0x30
#
# Failed to write core dump. Core dumps have been disabled. To enable core dumping, try "ulimit -c unlimited" before starting Java again
#
# If you would like to submit a bug report, please include
# instructions on how to reproduce the bug and visit:
#   http://icedtea.classpath.org/bugzilla
# The crash happened outside the Java Virtual Machine in native code.
# See problematic frame for where to report the bug.
#

---------------  T H R E A D  ---------------

Current thread (0x00007f57640bd800):  JavaThread "SwingWorker-pool-1-thread-2" daemon [_thread_in_native, id=15355, stack(0x00007f5799652000,0x00007f5799753000)]

siginfo:si_signo=SIGSEGV: si_errno=0, si_code=128 (), si_addr=0x0000000000000000

Registers:
RAX=0x00050000ba43d3d2, RBX=0x00050000ba43d3d2, RCX=0x0000000000007f57, RDX=0x0000000000000080
RSP=0x00007f57997509e8, RBP=0x0000000000000008, RSI=0x00050000ba43d452, RDI=0x00050000ba43d3d2
R8 =0x0000000000000289, R9 =0x00000000000004be, R10=0x0000000000000003, R11=0x00007f5799750c48
R12=0x0000000000000080, R13=0x00007f5768bdebb8, R14=0x00007f57680008f0, R15=0x000000004299500c
RIP=0x00007f57c1333af0, EFLAGS=0x0000000000010246, CSGSFS=0x0000000000000033, ERR=0x0000000000000000
  TRAPNO=0x000000000000000d

Top of Stack: (sp=0x00007f57997509e8)
0x00007f57997509e8:   00007f57993c2a01 0000000000000000
0x00007f57997509f8:   0000000000000001 0000000000000000
0x00007f5799750a08:   00007f5768bdeb18 0000000000000000
0x00007f5799750a18:   0000000000000000 00007f5768bdebb8
0x00007f5799750a28:   00007f5799750c38 0000000000000003
0x00007f5799750a38:   00007f5798c371f8 0000000000000000
0x00007f5799750a48:   0000000000000080 3fee201faccccccd
0x00007f5799750a58:   0100000000000000 00007f57680008f0
0x00007f5799750a68:   00007f5799750be0 00007f5799750b10
0x00007f5799750a78:   00007f5799750b20 00007f5799751030
0x00007f5799750a88:   00007f5799750b30 00007f579964b330
0x00007f5799750a98:   0000000242ff4000 0000000000000000
0x00007f5799750aa8:   0000000000000000 0000000000000000
0x00007f5799750ab8:   0000000000000000 0000000000000000
0x00007f5799750ac8:   0000000000000000 0000000000000000
0x00007f5799750ad8:   00007f5799750aa0 00007f5799750ae8
0x00007f5799750ae8:   0000000000000500 0000000000000001
0x00007f5799750af8:   0000000242ff4000 0000000000000000
0x00007f5799750b08:   0000000000000000 0000000000000000
0x00007f5799750b18:   0000000000000000 0000000000000000
0x00007f5799750b28:   0000000000000000 0000000000000000
0x00007f5799750b38:   00007f5799750b00 00007f5799750b70
0x00007f5799750b48:   0000000000000500 0000000000000000
0x00007f5799750b58:   0000000000000000 3ff0000000000000
0x00007f5799750b68:   00007f5700000000 00007f57880c54b0
0x00007f5799750b78:   00007f57880c5888 00000000000003d8
0x00007f5799750b88:   0000003000000030 00007f5799751a98
0x00007f5799750b98:   00007f57b50004e7 00007f57b50003d0
0x00007f5799750ba8:   00007f5700000000 00007f5799750c60
0x00007f5799750bb8:   00007f5799750d80 0000000000000000
0x00007f5799750bc8:   0000000000000000 00007f5768bccd70
0x00007f5799750bd8:   00007f57992d3c70 00007f5799750bf0 

Instructions: (pc=0x00007f57c1333af0)
0x00007f57c1333ad0:   e2 71 00 c0 48 83 fa 10 0f 82 c2 00 00 00 48 81
0x00007f57c1333ae0:   fa 00 01 00 00 0f 83 f5 00 00 00 80 fa 80 72 50
0x00007f57c1333af0:   c5 fa 7f 07 c5 fa 7f 47 10 c5 fa 7f 47 20 c5 fa
0x00007f57c1333b00:   7f 47 30 c5 fa 7f 47 40 c5 fa 7f 47 50 c5 fa 7f 

Register to memory mapping:

RAX=0x00050000ba43d3d2 is an unknown value
RBX=0x00050000ba43d3d2 is an unknown value
RCX=0x0000000000007f57 is an unknown value
RDX=0x0000000000000080 is an unknown value
RSP=0x00007f57997509e8 is pointing into the stack for thread: 0x00007f57640bd800
RBP=0x0000000000000008 is an unknown value
RSI=0x00050000ba43d452 is an unknown value
RDI=0x00050000ba43d3d2 is an unknown value
R8 =0x0000000000000289 is an unknown value
R9 =0x00000000000004be is an unknown value
R10=0x0000000000000003 is an unknown value
R11=0x00007f5799750c48 is pointing into the stack for thread: 0x00007f57640bd800
R12=0x0000000000000080 is an unknown value
R13=0x00007f5768bdebb8 is an unknown value
R14=0x00007f57680008f0 is an unknown value
R15=0x000000004299500c is an unknown value


Stack: [0x00007f5799652000,0x00007f5799753000],  sp=0x00007f57997509e8,  free space=1018k
Native frames: (J=compiled Java code, j=interpreted, Vv=VM code, C=native code)
C  [libc.so.6+0x14caf0]  __memset_avx2+0x30

[error occurred during error reporting (printing native stack), id 0xb]

Java frames: (J=compiled Java code, j=interpreted, Vv=VM code)
j  org.bytedeco.javacpp.opencv_imgproc.cvApproxPoly(Lorg/bytedeco/javacpp/Pointer;ILorg/bytedeco/javacpp/opencv_core$CvMemStorage;ID)Lorg/bytedeco/javacpp/opencv_core$CvSeq;+0
j  ru.ang5545.scanning_system_2.image_processing.ContourHandler.getPoints(Lorg/bytedeco/javacpp/opencv_core$CvSeq;)[Lorg/bytedeco/javacpp/opencv_core$CvPoint;+34
j  ru.ang5545.scanning_system_2.image_processing.ContourHandler.drawPoints(Lorg/bytedeco/javacpp/opencv_core$IplImage;)V+25
j  ru.ang5545.scanning_system_2.image_processing.ImageHandler.processImage(Lorg/bytedeco/javacpp/opencv_core$IplImage;Lru/ang5545/model/ThresholdParameters;Lru/ang5545/model/ThresholdParameters;Lru/ang5545/model/ThresholdParameters;)V+98
j  ru.ang5545.scanning_system_2.gui.MainFrame$AnswerWorker.doInBackground()Ljava/lang/String;+61
j  ru.ang5545.scanning_system_2.gui.MainFrame$AnswerWorker.doInBackground()Ljava/lang/Object;+1
j  javax.swing.SwingWorker$1.call()Ljava/lang/Object;+14
j  java.util.concurrent.FutureTask.run()V+42
j  javax.swing.SwingWorker.run()V+4
j  java.util.concurrent.ThreadPoolExecutor.runWorker(Ljava/util/concurrent/ThreadPoolExecutor$Worker;)V+95
j  java.util.concurrent.ThreadPoolExecutor$Worker.run()V+5
j  java.lang.Thread.run()V+11
v  ~StubRoutines::call_stub

---------------  P R O C E S S  ---------------

Java Threads: ( => current thread )
=>0x00007f57640bd800 JavaThread "SwingWorker-pool-1-thread-2" daemon [_thread_in_native, id=15355, stack(0x00007f5799652000,0x00007f5799753000)]
  0x00007f5764344800 JavaThread "SwingWorker-pool-1-thread-1" daemon [_thread_blocked, id=15349, stack(0x00007f57631d1000,0x00007f57632d2000)]
  0x00007f576421e800 JavaThread "TimerQueue" daemon [_thread_blocked, id=15348, stack(0x00007f57980be000,0x00007f57981bf000)]
  0x00007f57b8009800 JavaThread "DestroyJavaVM" [_thread_blocked, id=15330, stack(0x00007f57c1c9f000,0x00007f57c1da0000)]
  0x00007f57b828a000 JavaThread "AWT-EventQueue-0" [_thread_blocked, id=15346, stack(0x00007f5799753000,0x00007f5799854000)]
  0x00007f57b8289000 JavaThread "AWT-Shutdown" [_thread_blocked, id=15345, stack(0x00007f5799854000,0x00007f5799955000)]
  0x00007f57b8285000 JavaThread "AWT-XAWT" daemon [_thread_in_native, id=15344, stack(0x00007f5799955000,0x00007f5799a56000)]
  0x00007f57b826a000 JavaThread "Java2D Disposer" daemon [_thread_blocked, id=15343, stack(0x00007f57b4082000,0x00007f57b4183000)]
  0x00007f57b80ad800 JavaThread "Service Thread" daemon [_thread_blocked, id=15341, stack(0x00007f57bc2c5000,0x00007f57bc3c6000)]
  0x00007f57b80ab800 JavaThread "C2 CompilerThread1" daemon [_thread_blocked, id=15340, stack(0x00007f57bc3c6000,0x00007f57bc4c7000)]
  0x00007f57b80a8800 JavaThread "C2 CompilerThread0" daemon [_thread_blocked, id=15339, stack(0x00007f57bc4c7000,0x00007f57bc5c8000)]
  0x00007f57b80a6000 JavaThread "Signal Dispatcher" daemon [_thread_blocked, id=15338, stack(0x00007f57bc5c8000,0x00007f57bc6c9000)]
  0x00007f57b807b000 JavaThread "Finalizer" daemon [_thread_blocked, id=15337, stack(0x00007f57bc9c7000,0x00007f57bcac8000)]
  0x00007f57b8079000 JavaThread "Reference Handler" daemon [_thread_blocked, id=15336, stack(0x00007f57bcac8000,0x00007f57bcbc9000)]

Other Threads:
  0x00007f57b8075000 VMThread [stack: 0x00007f57bcbc9000,0x00007f57bccca000] [id=15335]
  0x00007f57b80c0800 WatcherThread [stack: 0x00007f57bc1c4000,0x00007f57bc2c5000] [id=15342]

VM state:not at safepoint (normal execution)

VM Mutex/Monitor currently owned by a thread: None

Heap
 PSYoungGen      total 65536K, used 27233K [0x00000007d7000000, 0x00000007e5100000, 0x0000000800000000)
  eden space 63488K, 40% used [0x00000007d7000000,0x00000007d88e2eb8,0x00000007dae00000)
  from space 2048K, 85% used [0x00000007e4c80000,0x00000007e4e35810,0x00000007e4e80000)
  to   space 2560K, 0% used [0x00000007e4e80000,0x00000007e4e80000,0x00000007e5100000)
 ParOldGen       total 83968K, used 2436K [0x0000000785000000, 0x000000078a200000, 0x00000007d7000000)
  object space 83968K, 2% used [0x0000000785000000,0x00000007852613c8,0x000000078a200000)
 PSPermGen       total 21504K, used 15379K [0x000000077aa00000, 0x000000077bf00000, 0x0000000785000000)
  object space 21504K, 71% used [0x000000077aa00000,0x000000077b904ff0,0x000000077bf00000)

Card table byte_map: [0x00007f57bea84000,0x00007f57beeb0000] byte_map_base: 0x00007f57baeaf000

Polling page: 0x00007f57c1dd8000

Code Cache  [0x00007f57b5000000, 0x00007f57b5270000, 0x00007f57b8000000)
 total_blobs=804 nmethods=223 adapters=534 free_code_cache=48155Kb largest_free_block=49278336

Compilation events (10 events):
Event: 39,375 Thread 0x00007f57b80ab800  230             java.util.EventObject::getSource (5 bytes)
Event: 39,375 Thread 0x00007f57b80ab800 nmethod 230 0x00007f57b50fb490 code [0x00007f57b50fb5c0, 0x00007f57b50fb638]
Event: 39,415 Thread 0x00007f57b80a8800  231             javax.swing.RepaintManager::isDoubleBufferingEnabled (5 bytes)
Event: 39,415 Thread 0x00007f57b80a8800 nmethod 231 0x00007f57b50fb290 code [0x00007f57b50fb3c0, 0x00007f57b50fb418]
Event: 39,431 Thread 0x00007f57b80ab800  232             java.util.ArrayList::ensureCapacityInternal (23 bytes)
Event: 39,431 Thread 0x00007f57b80a8800  233             java.util.ArrayList::ensureExplicitCapacity (26 bytes)
Event: 39,433 Thread 0x00007f57b80a8800 nmethod 233 0x00007f57b50fad10 code [0x00007f57b50fae60, 0x00007f57b50fb0c8]
Event: 39,433 Thread 0x00007f57b80ab800 nmethod 232 0x00007f57b50fcad0 code [0x00007f57b50fcc20, 0x00007f57b50fcec8]
Event: 39,465 Thread 0x00007f57b80a8800  234             java.util.ArrayList::add (29 bytes)
Event: 39,467 Thread 0x00007f57b80a8800 nmethod 234 0x00007f57b50fc350 code [0x00007f57b50fc4c0, 0x00007f57b50fc808]

GC Heap History (10 events):
Event: 37,956 GC heap before
{Heap before GC invocations=23 (full 0):
 PSYoungGen      total 76288K, used 72935K [0x00000007d7000000, 0x00000007e5700000, 0x0000000800000000)
  eden space 74240K, 96% used [0x00000007d7000000,0x00000007db5ac0e8,0x00000007db880000)
  from space 2048K, 77% used [0x00000007e5500000,0x00000007e568dc00,0x00000007e5700000)
  to   space 3072K, 0% used [0x00000007e5100000,0x00000007e5100000,0x00000007e5400000)
 ParOldGen       total 83968K, used 2356K [0x0000000785000000, 0x000000078a200000, 0x00000007d7000000)
  object space 83968K, 2% used [0x0000000785000000,0x000000078524d3c8,0x000000078a200000)
 PSPermGen       total 21504K, used 15366K [0x000000077aa00000, 0x000000077bf00000, 0x0000000785000000)
  object space 21504K, 71% used [0x000000077aa00000,0x000000077b901860,0x000000077bf00000)
Event: 37,957 GC heap after
Heap after GC invocations=23 (full 0):
 PSYoungGen      total 73728K, used 1591K [0x00000007d7000000, 0x00000007e5580000, 0x0000000800000000)
  eden space 71680K, 0% used [0x00000007d7000000,0x00000007d7000000,0x00000007db600000)
  from space 2048K, 77% used [0x00000007e5100000,0x00000007e528dc30,0x00000007e5300000)
  to   space 2560K, 0% used [0x00000007e5300000,0x00000007e5300000,0x00000007e5580000)
 ParOldGen       total 83968K, used 2372K [0x0000000785000000, 0x000000078a200000, 0x00000007d7000000)
  object space 83968K, 2% used [0x0000000785000000,0x00000007852513c8,0x000000078a200000)
 PSPermGen       total 21504K, used 15366K [0x000000077aa00000, 0x000000077bf00000, 0x0000000785000000)
  object space 21504K, 71% used [0x000000077aa00000,0x000000077b901860,0x000000077bf00000)
}
Event: 38,371 GC heap before
{Heap before GC invocations=24 (full 0):
 PSYoungGen      total 73728K, used 72713K [0x00000007d7000000, 0x00000007e5580000, 0x0000000800000000)
  eden space 71680K, 99% used [0x00000007d7000000,0x00000007db574890,0x00000007db600000)
  from space 2048K, 77% used [0x00000007e5100000,0x00000007e528dc30,0x00000007e5300000)
  to   space 2560K, 0% used [0x00000007e5300000,0x00000007e5300000,0x00000007e5580000)
 ParOldGen       total 83968K, used 2372K [0x0000000785000000, 0x000000078a200000, 0x00000007d7000000)
  object space 83968K, 2% used [0x0000000785000000,0x00000007852513c8,0x000000078a200000)
 PSPermGen       total 21504K, used 15369K [0x000000077aa00000, 0x000000077bf00000, 0x0000000785000000)
  object space 21504K, 71% used [0x000000077aa00000,0x000000077b902568,0x000000077bf00000)
Event: 38,371 GC heap after
Heap after GC invocations=24 (full 0):
 PSYoungGen      total 71168K, used 1161K [0x00000007d7000000, 0x00000007e5480000, 0x0000000800000000)
  eden space 69632K, 0% used [0x00000007d7000000,0x00000007d7000000,0x00000007db400000)
  from space 1536K, 75% used [0x00000007e5300000,0x00000007e5422638,0x00000007e5480000)
  to   space 3072K, 0% used [0x00000007e4e80000,0x00000007e4e80000,0x00000007e5180000)
 ParOldGen       total 83968K, used 2396K [0x0000000785000000, 0x000000078a200000, 0x00000007d7000000)
  object space 83968K, 2% used [0x0000000785000000,0x00000007852573c8,0x000000078a200000)
 PSPermGen       total 21504K, used 15369K [0x000000077aa00000, 0x000000077bf00000, 0x0000000785000000)
  object space 21504K, 71% used [0x000000077aa00000,0x000000077b902568,0x000000077bf00000)
}
Event: 38,813 GC heap before
{Heap before GC invocations=25 (full 0):
 PSYoungGen      total 71168K, used 69973K [0x00000007d7000000, 0x00000007e5480000, 0x0000000800000000)
  eden space 69632K, 98% used [0x00000007d7000000,0x00000007db333140,0x00000007db400000)
  from space 1536K, 75% used [0x00000007e5300000,0x00000007e5422638,0x00000007e5480000)
  to   space 3072K, 0% used [0x00000007e4e80000,0x00000007e4e80000,0x00000007e5180000)
 ParOldGen       total 83968K, used 2396K [0x0000000785000000, 0x000000078a200000, 0x00000007d7000000)
  object space 83968K, 2% used [0x0000000785000000,0x00000007852573c8,0x000000078a200000)
 PSPermGen       total 21504K, used 15369K [0x000000077aa00000, 0x000000077bf00000, 0x0000000785000000)
  object space 21504K, 71% used [0x000000077aa00000,0x000000077b902648,0x000000077bf00000)
Event: 38,814 GC heap after
Heap after GC invocations=25 (full 0):
 PSYoungGen      total 69632K, used 1718K [0x00000007d7000000, 0x00000007e5380000, 0x0000000800000000)
  eden space 67584K, 0% used [0x00000007d7000000,0x00000007d7000000,0x00000007db200000)
  from space 2048K, 83% used [0x00000007e4e80000,0x00000007e502d810,0x00000007e5080000)
  to   space 3072K, 0% used [0x00000007e5080000,0x00000007e5080000,0x00000007e5380000)
 ParOldGen       total 83968K, used 2412K [0x0000000785000000, 0x000000078a200000, 0x00000007d7000000)
  object space 83968K, 2% used [0x0000000785000000,0x000000078525b3c8,0x000000078a200000)
 PSPermGen       total 21504K, used 15369K [0x000000077aa00000, 0x000000077bf00000, 0x0000000785000000)
  object space 21504K, 71% used [0x000000077aa00000,0x000000077b902648,0x000000077bf00000)
}
Event: 39,243 GC heap before
{Heap before GC invocations=26 (full 0):
 PSYoungGen      total 69632K, used 69158K [0x00000007d7000000, 0x00000007e5380000, 0x0000000800000000)
  eden space 67584K, 99% used [0x00000007d7000000,0x00000007db1dc228,0x00000007db200000)
  from space 2048K, 83% used [0x00000007e4e80000,0x00000007e502d810,0x00000007e5080000)
  to   space 3072K, 0% used [0x00000007e5080000,0x00000007e5080000,0x00000007e5380000)
 ParOldGen       total 83968K, used 2412K [0x0000000785000000, 0x000000078a200000, 0x00000007d7000000)
  object space 83968K, 2% used [0x0000000785000000,0x000000078525b3c8,0x000000078a200000)
 PSPermGen       total 21504K, used 15374K [0x000000077aa00000, 0x000000077bf00000, 0x0000000785000000)
  object space 21504K, 71% used [0x000000077aa00000,0x000000077b903910,0x000000077bf00000)
Event: 39,244 GC heap after
Heap after GC invocations=26 (full 0):
 PSYoungGen      total 67584K, used 1591K [0x00000007d7000000, 0x00000007e5280000, 0x0000000800000000)
  eden space 65536K, 0% used [0x00000007d7000000,0x00000007d7000000,0x00000007db000000)
  from space 2048K, 77% used [0x00000007e5080000,0x00000007e520dc00,0x00000007e5280000)
  to   space 3072K, 0% used [0x00000007e4c80000,0x00000007e4c80000,0x00000007e4f80000)
 ParOldGen       total 83968K, used 2428K [0x0000000785000000, 0x000000078a200000, 0x00000007d7000000)
  object space 83968K, 2% used [0x0000000785000000,0x000000078525f3c8,0x000000078a200000)
 PSPermGen       total 21504K, used 15374K [0x000000077aa00000, 0x000000077bf00000, 0x0000000785000000)
  object space 21504K, 71% used [0x000000077aa00000,0x000000077b903910,0x000000077bf00000)
}
Event: 39,636 GC heap before
{Heap before GC invocations=27 (full 0):
 PSYoungGen      total 67584K, used 66562K [0x00000007d7000000, 0x00000007e5280000, 0x0000000800000000)
  eden space 65536K, 99% used [0x00000007d7000000,0x00000007daf72cd8,0x00000007db000000)
  from space 2048K, 77% used [0x00000007e5080000,0x00000007e520dc00,0x00000007e5280000)
  to   space 3072K, 0% used [0x00000007e4c80000,0x00000007e4c80000,0x00000007e4f80000)
 ParOldGen       total 83968K, used 2428K [0x0000000785000000, 0x000000078a200000, 0x00000007d7000000)
  object space 83968K, 2% used [0x0000000785000000,0x000000078525f3c8,0x000000078a200000)
 PSPermGen       total 21504K, used 15377K [0x000000077aa00000, 0x000000077bf00000, 0x0000000785000000)
  object space 21504K, 71% used [0x000000077aa00000,0x000000077b904750,0x000000077bf00000)
Event: 39,638 GC heap after
Heap after GC invocations=27 (full 0):
 PSYoungGen      total 65536K, used 1750K [0x00000007d7000000, 0x00000007e5100000, 0x0000000800000000)
  eden space 63488K, 0% used [0x00000007d7000000,0x00000007d7000000,0x00000007dae00000)
  from space 2048K, 85% used [0x00000007e4c80000,0x00000007e4e35810,0x00000007e4e80000)
  to   space 2560K, 0% used [0x00000007e4e80000,0x00000007e4e80000,0x00000007e5100000)
 ParOldGen       total 83968K, used 2436K [0x0000000785000000, 0x000000078a200000, 0x00000007d7000000)
  object space 83968K, 2% used [0x0000000785000000,0x00000007852613c8,0x000000078a200000)
 PSPermGen       total 21504K, used 15377K [0x000000077aa00000, 0x000000077bf00000, 0x0000000785000000)
  object space 21504K, 71% used [0x000000077aa00000,0x000000077b904750,0x000000077bf00000)
}

Deoptimization events (10 events):
Event: 6,747 Thread 0x00007f57b828a000 Uncommon trap: reason=array_check action=maybe_recompile pc=0x00007f57b50ddf24 method=java.util.TimSort.binarySort([Ljava/lang/Object;IIILjava/util/Comparator;)V @ 215
Event: 6,747 Thread 0x00007f57b828a000 Uncommon trap: reason=array_check action=maybe_recompile pc=0x00007f57b50de17c method=java.util.TimSort.binarySort([Ljava/lang/Object;IIILjava/util/Comparator;)V @ 183
Event: 7,451 Thread 0x00007f57b828a000 Uncommon trap: reason=class_check action=maybe_recompile pc=0x00007f57b508a790 method=java.lang.String.equals(Ljava/lang/Object;)Z @ 8
Event: 7,451 Thread 0x00007f57b828a000 Uncommon trap: reason=class_check action=maybe_recompile pc=0x00007f57b508a790 method=java.lang.String.equals(Ljava/lang/Object;)Z @ 8
Event: 7,631 Thread 0x00007f57b828a000 Uncommon trap: reason=class_check action=maybe_recompile pc=0x00007f57b508a790 method=java.lang.String.equals(Ljava/lang/Object;)Z @ 8
Event: 7,631 Thread 0x00007f57b828a000 Uncommon trap: reason=class_check action=maybe_recompile pc=0x00007f57b508a790 method=java.lang.String.equals(Ljava/lang/Object;)Z @ 8
Event: 8,365 Thread 0x00007f57b828a000 Uncommon trap: reason=array_check action=maybe_recompile pc=0x00007f57b50e27a0 method=java.util.TimSort.binarySort([Ljava/lang/Object;IIILjava/util/Comparator;)V @ 193
Event: 8,365 Thread 0x00007f57b828a000 Uncommon trap: reason=array_check action=maybe_recompile pc=0x00007f57b50e27a0 method=java.util.TimSort.binarySort([Ljava/lang/Object;IIILjava/util/Comparator;)V @ 193
Event: 38,119 Thread 0x00007f57b828a000 Uncommon trap: reason=unstable_if action=reinterpret pc=0x00007f57b50fdf1c method=java.awt.Container.getMouseEventTargetImpl(IIZLjava/awt/Container$EventTargetFilter;ZZ)Ljava/awt/Component; @ 218
Event: 39,447 Thread 0x00007f57b828a000 Uncommon trap: reason=unstable_if action=reinterpret pc=0x00007f57b50ea3ec method=java.util.concurrent.locks.ReentrantLock$Sync.nonfairTryAcquire(I)Z @ 19

Internal exceptions (10 events):
Event: 1,960 Thread 0x00007f57b828a000 Threw 0x00000007d8223588 at /build/java7-openjdk/src/icedtea-2.6.3/openjdk/hotspot/src/share/vm/prims/jvm.cpp:1322
Event: 1,960 Thread 0x00007f57b828a000 Threw 0x00000007d8229b20 at /build/java7-openjdk/src/icedtea-2.6.3/openjdk/hotspot/src/share/vm/prims/jvm.cpp:1322
Event: 1,961 Thread 0x00007f57b828a000 Threw 0x00000007d8230948 at /build/java7-openjdk/src/icedtea-2.6.3/openjdk/hotspot/src/share/vm/prims/jvm.cpp:1322
Event: 1,961 Thread 0x00007f57b828a000 Threw 0x00000007d8236308 at /build/java7-openjdk/src/icedtea-2.6.3/openjdk/hotspot/src/share/vm/prims/jvm.cpp:1322
Event: 1,961 Thread 0x00007f57b828a000 Threw 0x00000007d823b560 at /build/java7-openjdk/src/icedtea-2.6.3/openjdk/hotspot/src/share/vm/prims/jvm.cpp:1322
Event: 1,962 Thread 0x00007f57b828a000 Threw 0x00000007d8241028 at /build/java7-openjdk/src/icedtea-2.6.3/openjdk/hotspot/src/share/vm/prims/jvm.cpp:1322
Event: 1,993 Thread 0x00007f57b828a000 Threw 0x00000007d8287f78 at /build/java7-openjdk/src/icedtea-2.6.3/openjdk/hotspot/src/share/vm/prims/jvm.cpp:1322
Event: 1,995 Thread 0x00007f57b828a000 Threw 0x00000007d828c4f0 at /build/java7-openjdk/src/icedtea-2.6.3/openjdk/hotspot/src/share/vm/prims/jvm.cpp:1322
Event: 2,070 Thread 0x00007f5764344800 Threw 0x00000007d8346210 at /build/java7-openjdk/src/icedtea-2.6.3/openjdk/hotspot/src/share/vm/prims/jvm.cpp:1322
Event: 13,967 Thread 0x00007f5764344800 Threw 0x00000007db492270 at /build/java7-openjdk/src/icedtea-2.6.3/openjdk/hotspot/src/share/vm/prims/jni.cpp:747

Events (10 events):
Event: 38,735 Thread 0x00007f57b80a8800 flushing nmethod 0x00007f57b508a410
Event: 38,813 Executing VM operation: ParallelGCFailedAllocation
Event: 38,814 Executing VM operation: ParallelGCFailedAllocation done
Event: 39,243 Executing VM operation: ParallelGCFailedAllocation
Event: 39,244 Executing VM operation: ParallelGCFailedAllocation done
Event: 39,447 Thread 0x00007f57b828a000 Uncommon trap: trap_request=0xffffff75 fr.pc=0x00007f57b50ea3ec
Event: 39,447 Thread 0x00007f57b828a000 DEOPT PACKING pc=0x00007f57b50ea3ec sp=0x00007f5799850560
Event: 39,447 Thread 0x00007f57b828a000 DEOPT UNPACKING pc=0x00007f57b5039445 sp=0x00007f5799850510 mode 2
Event: 39,636 Executing VM operation: ParallelGCFailedAllocation
Event: 39,638 Executing VM operation: ParallelGCFailedAllocation done


Dynamic libraries:
00400000-00401000 r-xp 00000000 08:02 15742080                           /usr/lib/jvm/java-7-openjdk/jre/bin/java
00600000-00601000 rw-p 00000000 08:02 15742080                           /usr/lib/jvm/java-7-openjdk/jre/bin/java
015b2000-015d3000 rw-p 00000000 00:00 0                                  [heap]
77aa00000-77bf00000 rw-p 00000000 00:00 0 
77bf00000-785000000 rw-p 00000000 00:00 0 
785000000-78a200000 rw-p 00000000 00:00 0 
78a200000-7d7000000 rw-p 00000000 00:00 0 
7d7000000-7e5100000 rw-p 00000000 00:00 0 
7e5100000-7e7000000 ---p 00000000 00:00 0 
7e7000000-800000000 rw-p 00000000 00:00 0 
7f5754000000-7f5754e1e000 rw-p 00000000 00:00 0 
7f5754e1e000-7f5758000000 ---p 00000000 00:00 0 
7f575c000000-7f575c021000 rw-p 00000000 00:00 0 
7f575c021000-7f5760000000 ---p 00000000 00:00 0 
7f57601cb000-7f57601cc000 ---p 00000000 00:00 0 
7f57601cc000-7f57609cc000 rw-p 00000000 00:00 0                          [stack:15358]
7f57609cc000-7f57609cd000 ---p 00000000 00:00 0 
7f57609cd000-7f57611cd000 rw-p 00000000 00:00 0                          [stack:15357]
7f57611cd000-7f57611ce000 ---p 00000000 00:00 0 
7f57611ce000-7f57619ce000 rw-p 00000000 00:00 0                          [stack:15356]
7f57619ce000-7f57619cf000 ---p 00000000 00:00 0 
7f57619cf000-7f57621cf000 rw-p 00000000 00:00 0                          [stack:15352]
7f57621cf000-7f57621d0000 ---p 00000000 00:00 0 
7f57621d0000-7f57629d0000 rw-p 00000000 00:00 0                          [stack:15351]
7f57629d0000-7f57629d1000 ---p 00000000 00:00 0 
7f57629d1000-7f57631d1000 rw-p 00000000 00:00 0                          [stack:15350]
7f57631d1000-7f57631d4000 ---p 00000000 00:00 0 
7f57631d4000-7f57632d2000 rw-p 00000000 00:00 0                          [stack:15349]
7f57632d2000-7f57632ec000 r-xp 00000000 00:22 116                        /tmp/javacpp26106928172220/libjniopencv_imgcodecs.so
7f57632ec000-7f57634eb000 ---p 0001a000 00:22 116                        /tmp/javacpp26106928172220/libjniopencv_imgcodecs.so
7f57634eb000-7f57634ec000 rw-p 00019000 00:22 116                        /tmp/javacpp26106928172220/libjniopencv_imgcodecs.so
7f57634ec000-7f5763785000 r-xp 00000000 00:22 115                        /tmp/javacpp26106928172220/libopencv_imgcodecs.so.3.0
7f5763785000-7f5763985000 ---p 00299000 00:22 115                        /tmp/javacpp26106928172220/libopencv_imgcodecs.so.3.0
7f5763985000-7f5763992000 rw-p 00299000 00:22 115                        /tmp/javacpp26106928172220/libopencv_imgcodecs.so.3.0
7f5763992000-7f576399d000 rw-p 00000000 00:00 0 
7f576399d000-7f5763a55000 r-xp 00000000 00:22 114                        /tmp/javacpp26106928172220/libjniopencv_imgproc.so
7f5763a55000-7f5763c54000 ---p 000b8000 00:22 114                        /tmp/javacpp26106928172220/libjniopencv_imgproc.so
7f5763c54000-7f5763c56000 rw-p 000b7000 00:22 114                        /tmp/javacpp26106928172220/libjniopencv_imgproc.so
7f5763c56000-7f5763def000 rw-s 00000000 00:05 31293462                   /SYSV00000000 (deleted)
7f5763def000-7f5763dff000 r-xp 00000000 08:02 15742055                   /usr/lib/jvm/java-7-openjdk/jre/lib/amd64/libnio.so
7f5763dff000-7f5763fff000 ---p 00010000 08:02 15742055                   /usr/lib/jvm/java-7-openjdk/jre/lib/amd64/libnio.so
7f5763fff000-7f5764000000 rw-p 00010000 08:02 15742055                   /usr/lib/jvm/java-7-openjdk/jre/lib/amd64/libnio.so
7f5764000000-7f576542f000 rw-p 00000000 00:00 0 
7f576542f000-7f5768000000 ---p 00000000 00:00 0 
7f5768000000-7f5768c4d000 rw-p 00000000 00:00 0 
7f5768c4d000-7f576c000000 ---p 00000000 00:00 0 
7f576c000000-7f576c021000 rw-p 00000000 00:00 0 
7f576c021000-7f5770000000 ---p 00000000 00:00 0 
7f5770000000-7f5770021000 rw-p 00000000 00:00 0 
7f5770021000-7f5774000000 ---p 00000000 00:00 0 
7f5774000000-7f5774021000 rw-p 00000000 00:00 0 
7f5774021000-7f5778000000 ---p 00000000 00:00 0 
7f5778000000-7f5778021000 rw-p 00000000 00:00 0 
7f5778021000-7f577c000000 ---p 00000000 00:00 0 
7f577c000000-7f577c72b000 rw-p 00000000 00:00 0 
7f577c72b000-7f5780000000 ---p 00000000 00:00 0 
7f5780000000-7f5780021000 rw-p 00000000 00:00 0 
7f5780021000-7f5784000000 ---p 00000000 00:00 0 
7f5784000000-7f5784021000 rw-p 00000000 00:00 0 
7f5784021000-7f5788000000 ---p 00000000 00:00 0 
7f5788000000-7f5788330000 rw-p 00000000 00:00 0 
7f5788330000-7f578c000000 ---p 00000000 00:00 0 
7f578c000000-7f578c021000 rw-p 00000000 00:00 0 
7f578c021000-7f5790000000 ---p 00000000 00:00 0 
7f5790000000-7f5790021000 rw-p 00000000 00:00 0 
7f5790021000-7f5794000000 ---p 00000000 00:00 0 
7f5794000000-7f5794021000 rw-p 00000000 00:00 0 
7f5794021000-7f5798000000 ---p 00000000 00:00 0 
7f57980be000-7f57980c1000 ---p 00000000 00:00 0 
7f57980c1000-7f57981bf000 rw-p 00000000 00:00 0                          [stack:15348]
7f57981bf000-7f57981d6000 r-xp 00000000 08:02 15742054                   /usr/lib/jvm/java-7-openjdk/jre/lib/amd64/libnet.so
7f57981d6000-7f57983d6000 ---p 00017000 08:02 15742054                   /usr/lib/jvm/java-7-openjdk/jre/lib/amd64/libnet.so
7f57983d6000-7f57983d7000 rw-p 00017000 08:02 15742054                   /usr/lib/jvm/java-7-openjdk/jre/lib/amd64/libnet.so
7f57983d7000-7f5798429000 r-xp 00000000 08:02 15742070                   /usr/lib/jvm/java-7-openjdk/jre/lib/amd64/libfontmanager.so
7f5798429000-7f5798629000 ---p 00052000 08:02 15742070                   /usr/lib/jvm/java-7-openjdk/jre/lib/amd64/libfontmanager.so
7f5798629000-7f579862c000 rw-p 00052000 08:02 15742070                   /usr/lib/jvm/java-7-openjdk/jre/lib/amd64/libfontmanager.so
7f579862c000-7f579881c000 r-xp 00000000 00:22 113                        /tmp/javacpp26106928172220/libjniopencv_core.so
7f579881c000-7f5798a1c000 ---p 001f0000 00:22 113                        /tmp/javacpp26106928172220/libjniopencv_core.so
7f5798a1c000-7f5798a1f000 rw-p 001f0000 00:22 113                        /tmp/javacpp26106928172220/libjniopencv_core.so
7f5798a1f000-7f5798ce9000 r-xp 00000000 00:22 112                        /tmp/javacpp26106928172220/libopencv_imgproc.so.3.0
7f5798ce9000-7f5798ee9000 ---p 002ca000 00:22 112                        /tmp/javacpp26106928172220/libopencv_imgproc.so.3.0
7f5798ee9000-7f5798efb000 rw-p 002ca000 00:22 112                        /tmp/javacpp26106928172220/libopencv_imgproc.so.3.0
7f5798efb000-7f5798f90000 rw-p 00000000 00:00 0 
7f5798f90000-7f5798fb1000 r-xp 00000000 08:02 14947461                   /usr/lib/libgomp.so.1.0.0
7f5798fb1000-7f57991b1000 ---p 00021000 08:02 14947461                   /usr/lib/libgomp.so.1.0.0
7f57991b1000-7f57991b2000 rw-p 00021000 08:02 14947461                   /usr/lib/libgomp.so.1.0.0
7f57991b2000-7f5799449000 r-xp 00000000 00:22 111                        /tmp/javacpp26106928172220/libopencv_core.so.3.0
7f5799449000-7f5799648000 ---p 00297000 00:22 111                        /tmp/javacpp26106928172220/libopencv_core.so.3.0
7f5799648000-7f579964f000 rw-p 00296000 00:22 111                        /tmp/javacpp26106928172220/libopencv_core.so.3.0
7f579964f000-7f5799652000 rw-p 00000000 00:00 0 
7f5799652000-7f5799655000 ---p 00000000 00:00 0 
7f5799655000-7f5799753000 rw-p 00000000 00:00 0                          [stack:15355]
7f5799753000-7f5799756000 ---p 00000000 00:00 0 
7f5799756000-7f5799854000 rw-p 00000000 00:00 0                          [stack:15346]
7f5799854000-7f5799857000 ---p 00000000 00:00 0 
7f5799857000-7f5799955000 rw-p 00000000 00:00 0                          [stack:15345]
7f5799955000-7f5799958000 ---p 00000000 00:00 0 
7f5799958000-7f5799a56000 rw-p 00000000 00:00 0                          [stack:15344]
7f5799a56000-7f5799a5b000 r-xp 00000000 08:02 14947362                   /usr/lib/libXfixes.so.3.1.0
7f5799a5b000-7f5799c5a000 ---p 00005000 08:02 14947362                   /usr/lib/libXfixes.so.3.1.0
7f5799c5a000-7f5799c5b000 r--p 00004000 08:02 14947362                   /usr/lib/libXfixes.so.3.1.0
7f5799c5b000-7f5799c5c000 rw-p 00005000 08:02 14947362                   /usr/lib/libXfixes.so.3.1.0
7f5799c5c000-7f5799c66000 r-xp 00000000 08:02 14955981                   /usr/lib/libXcursor.so.1.0.2
7f5799c66000-7f5799e65000 ---p 0000a000 08:02 14955981                   /usr/lib/libXcursor.so.1.0.2
7f5799e65000-7f5799e66000 r--p 00009000 08:02 14955981                   /usr/lib/libXcursor.so.1.0.2
7f5799e66000-7f5799e67000 rw-p 0000a000 08:02 14955981                   /usr/lib/libXcursor.so.1.0.2
7f5799e67000-7f5799e6b000 r-xp 00000000 08:02 14947376                   /usr/lib/libattr.so.1.1.0
7f5799e6b000-7f579a06a000 ---p 00004000 08:02 14947376                   /usr/lib/libattr.so.1.1.0
7f579a06a000-7f579a06b000 r--p 00003000 08:02 14947376                   /usr/lib/libattr.so.1.1.0
7f579a06b000-7f579a06c000 rw-p 00004000 08:02 14947376                   /usr/lib/libattr.so.1.1.0
7f579a06c000-7f579a070000 r-xp 00000000 08:02 14947386                   /usr/lib/libcap.so.2.24
7f579a070000-7f579a26f000 ---p 00004000 08:02 14947386                   /usr/lib/libcap.so.2.24
7f579a26f000-7f579a270000 rw-p 00003000 08:02 14947386                   /usr/lib/libcap.so.2.24
7f579a270000-7f579a282000 r-xp 00000000 08:02 14947462                   /usr/lib/libgpg-error.so.0.16.0
7f579a282000-7f579a481000 ---p 00012000 08:02 14947462                   /usr/lib/libgpg-error.so.0.16.0
7f579a481000-7f579a482000 r--p 00011000 08:02 14947462                   /usr/lib/libgpg-error.so.0.16.0
7f579a482000-7f579a483000 rw-p 00012000 08:02 14947462                   /usr/lib/libgpg-error.so.0.16.0
7f579a483000-7f579a55b000 r-xp 00000000 08:02 14947444                   /usr/lib/libgcrypt.so.20.0.4
7f579a55b000-7f579a75b000 ---p 000d8000 08:02 14947444                   /usr/lib/libgcrypt.so.20.0.4
7f579a75b000-7f579a75c000 r--p 000d8000 08:02 14947444                   /usr/lib/libgcrypt.so.20.0.4
7f579a75c000-7f579a764000 rw-p 000d9000 08:02 14947444                   /usr/lib/libgcrypt.so.20.0.4
7f579a764000-7f579a765000 rw-p 00000000 00:00 0 
7f579a765000-7f579a776000 r-xp 00000000 08:02 14947501                   /usr/lib/liblz4.so.1.7.1
7f579a776000-7f579a975000 ---p 00011000 08:02 14947501                   /usr/lib/liblz4.so.1.7.1
7f579a975000-7f579a976000 r--p 00010000 08:02 14947501                   /usr/lib/liblz4.so.1.7.1
7f579a976000-7f579a977000 rw-p 00011000 08:02 14947501                   /usr/lib/liblz4.so.1.7.1
7f579a977000-7f579a99c000 r-xp 00000000 08:02 14943014                   /usr/lib/liblzma.so.5.2.2
7f579a99c000-7f579ab9b000 ---p 00025000 08:02 14943014                   /usr/lib/liblzma.so.5.2.2
7f579ab9b000-7f579ab9c000 r--p 00024000 08:02 14943014                   /usr/lib/liblzma.so.5.2.2
7f579ab9c000-7f579ab9d000 rw-p 00025000 08:02 14943014                   /usr/lib/liblzma.so.5.2.2
7f579ab9d000-7f579abc6000 r-xp 00000000 08:02 14955009                   /usr/lib/libgraphite2.so.3.0.1
7f579abc6000-7f579adc5000 ---p 00029000 08:02 14955009                   /usr/lib/libgraphite2.so.3.0.1
7f579adc5000-7f579adc7000 r--p 00028000 08:02 14955009                   /usr/lib/libgraphite2.so.3.0.1
7f579adc7000-7f579adc8000 rw-p 0002a000 08:02 14955009                   /usr/lib/libgraphite2.so.3.0.1
7f579adc8000-7f579ae59000 r-xp 00000000 08:02 14945771                   /usr/lib/libgmp.so.10.3.0
7f579ae59000-7f579b059000 ---p 00091000 08:02 14945771                   /usr/lib/libgmp.so.10.3.0
7f579b059000-7f579b05a000 r--p 00091000 08:02 14945771                   /usr/lib/libgmp.so.10.3.0
7f579b05a000-7f579b05b000 rw-p 00092000 08:02 14945771                   /usr/lib/libgmp.so.10.3.0
7f579b05b000-7f579b08d000 r-xp 00000000 08:02 14947473                   /usr/lib/libhogweed.so.4.1
7f579b08d000-7f579b28d000 ---p 00032000 08:02 14947473                   /usr/lib/libhogweed.so.4.1
7f579b28d000-7f579b28e000 r--p 00032000 08:02 14947473                   /usr/lib/libhogweed.so.4.1
7f579b28e000-7f579b28f000 rw-p 00033000 08:02 14947473                   /usr/lib/libhogweed.so.4.1
7f579b28f000-7f579b2c5000 r-xp 00000000 08:02 14947524                   /usr/lib/libnettle.so.6.1
7f579b2c5000-7f579b4c4000 ---p 00036000 08:02 14947524                   /usr/lib/libnettle.so.6.1
7f579b4c4000-7f579b4c6000 r--p 00035000 08:02 14947524                   /usr/lib/libnettle.so.6.1
7f579b4c6000-7f579b4c7000 rw-p 00037000 08:02 14947524                   /usr/lib/libnettle.so.6.1
7f579b4c7000-7f579b4d9000 r-xp 00000000 08:02 14947613                   /usr/lib/libtasn1.so.6.5.1
7f579b4d9000-7f579b6d8000 ---p 00012000 08:02 14947613                   /usr/lib/libtasn1.so.6.5.1
7f579b6d8000-7f579b6d9000 r--p 00011000 08:02 14947613                   /usr/lib/libtasn1.so.6.5.1
7f579b6d9000-7f579b6da000 rw-p 00012000 08:02 14947613                   /usr/lib/libtasn1.so.6.5.1
7f579b6da000-7f579b734000 r-xp 00000000 08:02 14947558                   /usr/lib/libp11-kit.so.0.1.0
7f579b734000-7f579b933000 ---p 0005a000 08:02 14947558                   /usr/lib/libp11-kit.so.0.1.0
7f579b933000-7f579b93d000 r--p 00059000 08:02 14947558                   /usr/lib/libp11-kit.so.0.1.0
7f579b93d000-7f579b93f000 rw-p 00063000 08:02 14947558                   /usr/lib/libp11-kit.so.0.1.0
7f579b93f000-7f579b942000 r-xp 00000000 08:02 14947488                   /usr/lib/libkeyutils.so.1.5
7f579b942000-7f579bb41000 ---p 00003000 08:02 14947488                   /usr/lib/libkeyutils.so.1.5
7f579bb41000-7f579bb42000 r--p 00002000 08:02 14947488                   /usr/lib/libkeyutils.so.1.5
7f579bb42000-7f579bb43000 rw-p 00003000 08:02 14947488                   /usr/lib/libkeyutils.so.1.5
7f579bb43000-7f579bb4f000 r-xp 00000000 08:02 14947493                   /usr/lib/libkrb5support.so.0.1
7f579bb4f000-7f579bd4e000 ---p 0000c000 08:02 14947493                   /usr/lib/libkrb5support.so.0.1
7f579bd4e000-7f579bd4f000 r--p 0000b000 08:02 14947493                   /usr/lib/libkrb5support.so.0.1
7f579bd4f000-7f579bd50000 rw-p 0000c000 08:02 14947493                   /usr/lib/libkrb5support.so.0.1
7f579bd50000-7f57a0000000 rw-p 00000000 00:00 0 
7f57a0000000-7f57a0021000 rw-p 00000000 00:00 0 
7f57a0021000-7f57a4000000 ---p 00000000 00:00 0 
7f57a4000000-7f57a4021000 rw-p 00000000 00:00 0 
7f57a4021000-7f57a8000000 ---p 00000000 00:00 0 
7f57a8000000-7f57a8021000 rw-p 00000000 00:00 0 
7f57a8021000-7f57ac000000 ---p 00000000 00:00 0 
7f57ac0bb000-7f57ac0c0000 r-xp 00000000 08:02 14947360                   /usr/lib/libXdmcp.so.6.0.0
7f57ac0c0000-7f57ac2bf000 ---p 00005000 08:02 14947360                   /usr/lib/libXdmcp.so.6.0.0
7f57ac2bf000-7f57ac2c0000 r--p 00004000 08:02 14947360                   /usr/lib/libXdmcp.so.6.0.0
7f57ac2c0000-7f57ac2c1000 rw-p 00005000 08:02 14947360                   /usr/lib/libXdmcp.so.6.0.0
7f57ac2c1000-7f57ac2c3000 r-xp 00000000 08:02 14947358                   /usr/lib/libXau.so.6.0.0
7f57ac2c3000-7f57ac4c3000 ---p 00002000 08:02 14947358                   /usr/lib/libXau.so.6.0.0
7f57ac4c3000-7f57ac4c4000 r--p 00002000 08:02 14947358                   /usr/lib/libXau.so.6.0.0
7f57ac4c4000-7f57ac4c5000 rw-p 00003000 08:02 14947358                   /usr/lib/libXau.so.6.0.0
7f57ac4c5000-7f57ac534000 r-xp 00000000 08:02 14947569                   /usr/lib/libpcre.so.1.2.5
7f57ac534000-7f57ac733000 ---p 0006f000 08:02 14947569                   /usr/lib/libpcre.so.1.2.5
7f57ac733000-7f57ac734000 r--p 0006e000 08:02 14947569                   /usr/lib/libpcre.so.1.2.5
7f57ac734000-7f57ac735000 rw-p 0006f000 08:02 14947569                   /usr/lib/libpcre.so.1.2.5
7f57ac735000-7f57ac73d000 r-xp 00000000 08:02 14947435                   /usr/lib/libffi.so.6.0.4
7f57ac73d000-7f57ac93c000 ---p 00008000 08:02 14947435                   /usr/lib/libffi.so.6.0.4
7f57ac93c000-7f57ac93d000 r--p 00007000 08:02 14947435                   /usr/lib/libffi.so.6.0.4
7f57ac93d000-7f57ac93e000 rw-p 00008000 08:02 14947435                   /usr/lib/libffi.so.6.0.4
7f57ac93e000-7f57ac952000 r-xp 00000000 08:02 14947591                   /usr/lib/libresolv-2.22.so
7f57ac952000-7f57acb51000 ---p 00014000 08:02 14947591                   /usr/lib/libresolv-2.22.so
7f57acb51000-7f57acb52000 r--p 00013000 08:02 14947591                   /usr/lib/libresolv-2.22.so
7f57acb52000-7f57acb53000 rw-p 00014000 08:02 14947591                   /usr/lib/libresolv-2.22.so
7f57acb53000-7f57acb55000 rw-p 00000000 00:00 0 
7f57acb55000-7f57acb58000 r-xp 00000000 08:02 14945767                   /usr/lib/libgmodule-2.0.so.0.4600.2
7f57acb58000-7f57acd57000 ---p 00003000 08:02 14945767                   /usr/lib/libgmodule-2.0.so.0.4600.2
7f57acd57000-7f57acd58000 r--p 00002000 08:02 14945767                   /usr/lib/libgmodule-2.0.so.0.4600.2
7f57acd58000-7f57acd59000 rw-p 00003000 08:02 14945767                   /usr/lib/libgmodule-2.0.so.0.4600.2
7f57acd59000-7f57acdbb000 r-xp 00000000 08:02 14953538                   /usr/lib/libharfbuzz.so.0.10102.0
7f57acdbb000-7f57acfbb000 ---p 00062000 08:02 14953538                   /usr/lib/libharfbuzz.so.0.10102.0
7f57acfbb000-7f57acfbc000 r--p 00062000 08:02 14953538                   /usr/lib/libharfbuzz.so.0.10102.0
7f57acfbc000-7f57acfbd000 rw-p 00063000 08:02 14953538                   /usr/lib/libharfbuzz.so.0.10102.0
7f57acfbd000-7f57acff1000 r-xp 00000000 08:02 14953416                   /usr/lib/libpng16.so.16.19.0
7f57acff1000-7f57ad1f0000 ---p 00034000 08:02 14953416                   /usr/lib/libpng16.so.16.19.0
7f57ad1f0000-7f57ad1f1000 r--p 00033000 08:02 14953416                   /usr/lib/libpng16.so.16.19.0
7f57ad1f1000-7f57ad1f2000 rw-p 00034000 08:02 14953416                   /usr/lib/libpng16.so.16.19.0
7f57ad1f2000-7f57ad201000 r-xp 00000000 08:02 14947380                   /usr/lib/libbz2.so.1.0.6
7f57ad201000-7f57ad400000 ---p 0000f000 08:02 14947380                   /usr/lib/libbz2.so.1.0.6
7f57ad400000-7f57ad402000 rw-p 0000e000 08:02 14947380                   /usr/lib/libbz2.so.1.0.6
7f57ad402000-7f57ad429000 r-xp 00000000 08:02 14947432                   /usr/lib/libexpat.so.1.6.0
7f57ad429000-7f57ad628000 ---p 00027000 08:02 14947432                   /usr/lib/libexpat.so.1.6.0
7f57ad628000-7f57ad62b000 r--p 00026000 08:02 14947432                   /usr/lib/libexpat.so.1.6.0
7f57ad62b000-7f57ad62c000 rw-p 00029000 08:02 14947432                   /usr/lib/libexpat.so.1.6.0
7f57ad62c000-7f57ad634000 r-xp 00000000 08:02 14947394                   /usr/lib/libcrypt-2.22.so
7f57ad634000-7f57ad834000 ---p 00008000 08:02 14947394                   /usr/lib/libcrypt-2.22.so
7f57ad834000-7f57ad835000 r--p 00008000 08:02 14947394                   /usr/lib/libcrypt-2.22.so
7f57ad835000-7f57ad836000 rw-p 00009000 08:02 14947394                   /usr/lib/libcrypt-2.22.so
7f57ad836000-7f57ad864000 rw-p 00000000 00:00 0 
7f57ad864000-7f57ad8b2000 r-xp 00000000 08:02 14951274                   /usr/lib/libdbus-1.so.3.14.5
7f57ad8b2000-7f57adab2000 ---p 0004e000 08:02 14951274                   /usr/lib/libdbus-1.so.3.14.5
7f57adab2000-7f57adab3000 r--p 0004e000 08:02 14951274                   /usr/lib/libdbus-1.so.3.14.5
7f57adab3000-7f57adab4000 rw-p 0004f000 08:02 14951274                   /usr/lib/libdbus-1.so.3.14.5
7f57adab4000-7f57adab5000 rw-p 00000000 00:00 0 
7f57adab5000-7f57adac5000 r-xp 00000000 08:02 14949079                   /usr/lib/libavahi-client.so.3.2.9
7f57adac5000-7f57adcc4000 ---p 00010000 08:02 14949079                   /usr/lib/libavahi-client.so.3.2.9
7f57adcc4000-7f57adcc5000 r--p 0000f000 08:02 14949079                   /usr/lib/libavahi-client.so.3.2.9
7f57adcc5000-7f57adcc6000 rw-p 00010000 08:02 14949079                   /usr/lib/libavahi-client.so.3.2.9
7f57adcc6000-7f57adcd2000 r-xp 00000000 08:02 14949076                   /usr/lib/libavahi-common.so.3.5.3
7f57adcd2000-7f57aded1000 ---p 0000c000 08:02 14949076                   /usr/lib/libavahi-common.so.3.5.3
7f57aded1000-7f57aded2000 r--p 0000b000 08:02 14949076                   /usr/lib/libavahi-common.so.3.5.3
7f57aded2000-7f57aded3000 rw-p 0000c000 08:02 14949076                   /usr/lib/libavahi-common.so.3.5.3
7f57aded3000-7f57adffa000 r-xp 00000000 08:02 14945778                   /usr/lib/libgnutls.so.30.5.0
7f57adffa000-7f57ae1fa000 ---p 00127000 08:02 14945778                   /usr/lib/libgnutls.so.30.5.0
7f57ae1fa000-7f57ae205000 r--p 00127000 08:02 14945778                   /usr/lib/libgnutls.so.30.5.0
7f57ae205000-7f57ae208000 rw-p 00132000 08:02 14945778                   /usr/lib/libgnutls.so.30.5.0
7f57ae208000-7f57ae209000 rw-p 00000000 00:00 0 
7f57ae209000-7f57ae20c000 r-xp 00000000 08:02 14947390                   /usr/lib/libcom_err.so.2.1
7f57ae20c000-7f57ae40b000 ---p 00003000 08:02 14947390                   /usr/lib/libcom_err.so.2.1
7f57ae40b000-7f57ae40c000 r--p 00002000 08:02 14947390                   /usr/lib/libcom_err.so.2.1
7f57ae40c000-7f57ae40d000 rw-p 00003000 08:02 14947390                   /usr/lib/libcom_err.so.2.1
7f57ae40d000-7f57ae43b000 r-xp 00000000 08:02 14947483                   /usr/lib/libk5crypto.so.3.1
7f57ae43b000-7f57ae63a000 ---p 0002e000 08:02 14947483                   /usr/lib/libk5crypto.so.3.1
7f57ae63a000-7f57ae63c000 r--p 0002d000 08:02 14947483                   /usr/lib/libk5crypto.so.3.1
7f57ae63c000-7f57ae63d000 rw-p 0002f000 08:02 14947483                   /usr/lib/libk5crypto.so.3.1
7f57ae63d000-7f57ae63e000 rw-p 00000000 00:00 0 
7f57ae63e000-7f57ae713000 r-xp 00000000 08:02 14947492                   /usr/lib/libkrb5.so.3.3
7f57ae713000-7f57ae913000 ---p 000d5000 08:02 14947492                   /usr/lib/libkrb5.so.3.3
7f57ae913000-7f57ae920000 r--p 000d5000 08:02 14947492                   /usr/lib/libkrb5.so.3.3
7f57ae920000-7f57ae923000 rw-p 000e2000 08:02 14947492                   /usr/lib/libkrb5.so.3.3
7f57ae923000-7f57ae96d000 r-xp 00000000 08:02 14947465                   /usr/lib/libgssapi_krb5.so.2.2
7f57ae96d000-7f57aeb6c000 ---p 0004a000 08:02 14947465                   /usr/lib/libgssapi_krb5.so.2.2
7f57aeb6c000-7f57aeb6e000 r--p 00049000 08:02 14947465                   /usr/lib/libgssapi_krb5.so.2.2
7f57aeb6e000-7f57aeb70000 rw-p 0004b000 08:02 14947465                   /usr/lib/libgssapi_krb5.so.2.2
7f57aeb70000-7f57aeb91000 r-xp 00000000 08:02 14947661                   /usr/lib/libxcb.so.1.1.0
7f57aeb91000-7f57aed91000 ---p 00021000 08:02 14947661                   /usr/lib/libxcb.so.1.1.0
7f57aed91000-7f57aed92000 r--p 00021000 08:02 14947661                   /usr/lib/libxcb.so.1.1.0
7f57aed92000-7f57aed93000 rw-p 00022000 08:02 14947661                   /usr/lib/libxcb.so.1.1.0
7f57aed93000-7f57aee9f000 r-xp 00000000 08:02 14945764                   /usr/lib/libglib-2.0.so.0.4600.2
7f57aee9f000-7f57af09e000 ---p 0010c000 08:02 14945764                   /usr/lib/libglib-2.0.so.0.4600.2
7f57af09e000-7f57af09f000 r--p 0010b000 08:02 14945764                   /usr/lib/libglib-2.0.so.0.4600.2
7f57af09f000-7f57af0a0000 rw-p 0010c000 08:02 14945764                   /usr/lib/libglib-2.0.so.0.4600.2
7f57af0a0000-7f57af0a1000 rw-p 00000000 00:00 0 
7f57af0a1000-7f57af0f2000 r-xp 00000000 08:02 14945769                   /usr/lib/libgobject-2.0.so.0.4600.2
7f57af0f2000-7f57af2f1000 ---p 00051000 08:02 14945769                   /usr/lib/libgobject-2.0.so.0.4600.2
7f57af2f1000-7f57af2f2000 r--p 00050000 08:02 14945769                   /usr/lib/libgobject-2.0.so.0.4600.2
7f57af2f2000-7f57af2f3000 rw-p 00051000 08:02 14945769                   /usr/lib/libgobject-2.0.so.0.4600.2
7f57af2f3000-7f57af46b000 r-xp 00000000 08:02 14945770                   /usr/lib/libgio-2.0.so.0.4600.2
7f57af46b000-7f57af66a000 ---p 00178000 08:02 14945770                   /usr/lib/libgio-2.0.so.0.4600.2
7f57af66a000-7f57af66e000 r--p 00177000 08:02 14945770                   /usr/lib/libgio-2.0.so.0.4600.2
7f57af66e000-7f57af670000 rw-p 0017b000 08:02 14945770                   /usr/lib/libgio-2.0.so.0.4600.2
7f57af670000-7f57af672000 rw-p 00000000 00:00 0 
7f57af672000-7f57af729000 r-xp 00000000 08:02 14956821                   /usr/lib/libfreetype.so.6.12.1
7f57af729000-7f57af928000 ---p 000b7000 08:02 14956821                   /usr/lib/libfreetype.so.6.12.1
7f57af928000-7f57af92e000 r--p 000b6000 08:02 14956821                   /usr/lib/libfreetype.so.6.12.1
7f57af92e000-7f57af92f000 rw-p 000bc000 08:02 14956821                   /usr/lib/libfreetype.so.6.12.1
7f57af92f000-7f57af96c000 r-xp 00000000 08:02 14956159                   /usr/lib/libfontconfig.so.1.8.0
7f57af96c000-7f57afb6b000 ---p 0003d000 08:02 14956159                   /usr/lib/libfontconfig.so.1.8.0
7f57afb6b000-7f57afb6d000 r--p 0003c000 08:02 14956159                   /usr/lib/libfontconfig.so.1.8.0
7f57afb6d000-7f57afb6e000 rw-p 0003e000 08:02 14956159                   /usr/lib/libfontconfig.so.1.8.0
7f57afb6e000-7f57afbe8000 r-xp 00000000 08:02 14956104                   /usr/lib/libcups.so.2
7f57afbe8000-7f57afde8000 ---p 0007a000 08:02 14956104                   /usr/lib/libcups.so.2
7f57afde8000-7f57afdf0000 rw-p 0007a000 08:02 14956104                   /usr/lib/libcups.so.2
7f57afdf0000-7f57afdff000 r-xp 00000000 08:02 14955984                   /usr/lib/libXi.so.6.1.0
7f57afdff000-7f57afffe000 ---p 0000f000 08:02 14955984                   /usr/lib/libXi.so.6.1.0
7f57afffe000-7f57affff000 r--p 0000e000 08:02 14955984                   /usr/lib/libXi.so.6.1.0
7f57affff000-7f57b0000000 rw-p 0000f000 08:02 14955984                   /usr/lib/libXi.so.6.1.0
7f57b0000000-7f57b0021000 rw-p 00000000 00:00 0 
7f57b0021000-7f57b4000000 ---p 00000000 00:00 0 
7f57b4082000-7f57b4085000 ---p 00000000 00:00 0 
7f57b4085000-7f57b4183000 rw-p 00000000 00:00 0                          [stack:15343]
7f57b4183000-7f57b4188000 r-xp 00000000 08:02 14955993                   /usr/lib/libXtst.so.6.1.0
7f57b4188000-7f57b4387000 ---p 00005000 08:02 14955993                   /usr/lib/libXtst.so.6.1.0
7f57b4387000-7f57b4388000 r--p 00004000 08:02 14955993                   /usr/lib/libXtst.so.6.1.0
7f57b4388000-7f57b4389000 rw-p 00005000 08:02 14955993                   /usr/lib/libXtst.so.6.1.0
7f57b4389000-7f57b4392000 r-xp 00000000 08:02 14955990                   /usr/lib/libXrender.so.1.3.0
7f57b4392000-7f57b4591000 ---p 00009000 08:02 14955990                   /usr/lib/libXrender.so.1.3.0
7f57b4591000-7f57b4592000 r--p 00008000 08:02 14955990                   /usr/lib/libXrender.so.1.3.0
7f57b4592000-7f57b4593000 rw-p 00009000 08:02 14955990                   /usr/lib/libXrender.so.1.3.0
7f57b4593000-7f57b46ce000 r-xp 00000000 08:02 14947357                   /usr/lib/libX11.so.6.3.0
7f57b46ce000-7f57b48cd000 ---p 0013b000 08:02 14947357                   /usr/lib/libX11.so.6.3.0
7f57b48cd000-7f57b48cf000 r--p 0013a000 08:02 14947357                   /usr/lib/libX11.so.6.3.0
7f57b48cf000-7f57b48d4000 rw-p 0013c000 08:02 14947357                   /usr/lib/libX11.so.6.3.0
7f57b48d4000-7f57b48d5000 rw-p 00000000 00:00 0 
7f57b48d5000-7f57b48e6000 r-xp 00000000 08:02 14947361                   /usr/lib/libXext.so.6.4.0
7f57b48e6000-7f57b4ae5000 ---p 00011000 08:02 14947361                   /usr/lib/libXext.so.6.4.0
7f57b4ae5000-7f57b4ae6000 r--p 00010000 08:02 14947361                   /usr/lib/libXext.so.6.4.0
7f57b4ae6000-7f57b4ae7000 rw-p 00011000 08:02 14947361                   /usr/lib/libXext.so.6.4.0
7f57b4ae7000-7f57b4b2e000 r-xp 00000000 08:02 16130267                   /usr/lib/jvm/java-7-openjdk/jre/lib/amd64/xawt/libmawt.so
7f57b4b2e000-7f57b4d2e000 ---p 00047000 08:02 16130267                   /usr/lib/jvm/java-7-openjdk/jre/lib/amd64/xawt/libmawt.so
7f57b4d2e000-7f57b4d31000 rw-p 00047000 08:02 16130267                   /usr/lib/jvm/java-7-openjdk/jre/lib/amd64/xawt/libmawt.so
7f57b4d31000-7f57b4d32000 rw-p 00000000 00:00 0 
7f57b4d32000-7f57b4dd0000 r-xp 00000000 08:02 15742067                   /usr/lib/jvm/java-7-openjdk/jre/lib/amd64/libawt.so
7f57b4dd0000-7f57b4fd0000 ---p 0009e000 08:02 15742067                   /usr/lib/jvm/java-7-openjdk/jre/lib/amd64/libawt.so
7f57b4fd0000-7f57b4fdc000 rw-p 0009e000 08:02 15742067                   /usr/lib/jvm/java-7-openjdk/jre/lib/amd64/libawt.so
7f57b4fdc000-7f57b5000000 rw-p 00000000 00:00 0 
7f57b5000000-7f57b5270000 rwxp 00000000 00:00 0 
7f57b5270000-7f57b82b2000 rw-p 00000000 00:00 0 
7f57b82b2000-7f57bc000000 ---p 00000000 00:00 0 
7f57bc077000-7f57bc0c7000 rw-s 00000000 00:05 31916055                   /SYSV00000000 (deleted)
7f57bc0c7000-7f57bc0d1000 r--s 000ae000 08:02 15740968                   /usr/lib/jvm/java-7-openjdk/jre/lib/resources.jar
7f57bc0d1000-7f57bc150000 r-xp 00000000 08:02 14947608                   /usr/lib/libsystemd.so.0.12.0
7f57bc150000-7f57bc151000 ---p 0007f000 08:02 14947608                   /usr/lib/libsystemd.so.0.12.0
7f57bc151000-7f57bc154000 r--p 0007f000 08:02 14947608                   /usr/lib/libsystemd.so.0.12.0
7f57bc154000-7f57bc155000 rw-p 00082000 08:02 14947608                   /usr/lib/libsystemd.so.0.12.0
7f57bc159000-7f57bc15a000 rw-p 00000000 00:00 0 
7f57bc15a000-7f57bc18a000 r--p 00000000 08:02 15467783                   /usr/share/locale/ru/LC_MESSAGES/libc.mo
7f57bc18a000-7f57bc18b000 r--s 00009000 08:02 2622325                    /home/fedor-m/.m2/repository/org/bytedeco/javacpp-presets/flandmark/1.07-1.1/flandmark-1.07-1.1-linux-x86_64.jar
7f57bc18b000-7f57bc18c000 r--s 00002000 08:02 2622323                    /home/fedor-m/.m2/repository/org/bytedeco/javacpp-presets/flandmark/1.07-1.1/flandmark-1.07-1.1.jar
7f57bc18c000-7f57bc18e000 r--s 0002a000 08:02 2622321                    /home/fedor-m/.m2/repository/org/bytedeco/javacpp-presets/artoolkitplus/2.3.1-1.1/artoolkitplus-2.3.1-1.1-linux-x86_64.jar
7f57bc18e000-7f57bc18f000 r--s 00005000 08:02 2622319                    /home/fedor-m/.m2/repository/org/bytedeco/javacpp-presets/artoolkitplus/2.3.1-1.1/artoolkitplus-2.3.1-1.1.jar
7f57bc18f000-7f57bc190000 r--s 00000000 08:02 2622317                    /home/fedor-m/.m2/repository/org/bytedeco/javacpp-presets/videoinput/0.200-1.1/videoinput-0.200-1.1-linux-x86_64.jar
7f57bc190000-7f57bc191000 r--s 00003000 08:02 2622315                    /home/fedor-m/.m2/repository/org/bytedeco/javacpp-presets/videoinput/0.200-1.1/videoinput-0.200-1.1.jar
7f57bc191000-7f57bc192000 r--s 00014000 08:02 2622313                    /home/fedor-m/.m2/repository/org/bytedeco/javacpp-presets/libfreenect/0.5.3-1.1/libfreenect-0.5.3-1.1-linux-x86_64.jar
7f57bc192000-7f57bc194000 r--s 00004000 08:02 2622311                    /home/fedor-m/.m2/repository/org/bytedeco/javacpp-presets/libfreenect/0.5.3-1.1/libfreenect-0.5.3-1.1.jar
7f57bc194000-7f57bc195000 r--s 00027000 08:02 2622309                    /home/fedor-m/.m2/repository/org/bytedeco/javacpp-presets/libdc1394/2.2.3-1.1/libdc1394-2.2.3-1.1-linux-x86_64.jar
7f57bc195000-7f57bc197000 r--s 00006000 08:02 2622307                    /home/fedor-m/.m2/repository/org/bytedeco/javacpp-presets/libdc1394/2.2.3-1.1/libdc1394-2.2.3-1.1.jar
7f57bc197000-7f57bc199000 r--s 0003a000 08:02 2622305                    /home/fedor-m/.m2/repository/org/bytedeco/javacpp-presets/flycapture/2.8.3.1-1.1/flycapture-2.8.3.1-1.1-linux-x86_64.jar
7f57bc199000-7f57bc19d000 r--s 0001f000 08:02 2622303                    /home/fedor-m/.m2/repository/org/bytedeco/javacpp-presets/flycapture/2.8.3.1-1.1/flycapture-2.8.3.1-1.1.jar
7f57bc19d000-7f57bc1a4000 r--s 00033000 08:02 2622299                    /home/fedor-m/.m2/repository/org/bytedeco/javacpp-presets/ffmpeg/2.8.1-1.1/ffmpeg-2.8.1-1.1.jar
7f57bc1a4000-7f57bc1a6000 r--s 0076b000 08:02 2622297                    /home/fedor-m/.m2/repository/org/bytedeco/javacpp-presets/opencv/3.0.0-1.1/opencv-3.0.0-1.1-linux-x86_64.jar
7f57bc1a6000-7f57bc1b5000 r--s 00088000 08:02 2622295                    /home/fedor-m/.m2/repository/org/bytedeco/javacpp-presets/opencv/3.0.0-1.1/opencv-3.0.0-1.1.jar
7f57bc1b5000-7f57bc1b9000 r--s 0003a000 08:02 2622327                    /home/fedor-m/.m2/repository/org/bytedeco/javacpp/1.1/javacpp-1.1.jar
7f57bc1b9000-7f57bc1c4000 r--s 00203000 08:02 15740966                   /usr/lib/jvm/java-7-openjdk/jre/lib/charsets.jar
7f57bc1c4000-7f57bc1c5000 ---p 00000000 00:00 0 
7f57bc1c5000-7f57bc2c5000 rw-p 00000000 00:00 0                          [stack:15342]
7f57bc2c5000-7f57bc2c8000 ---p 00000000 00:00 0 
7f57bc2c8000-7f57bc3c6000 rw-p 00000000 00:00 0                          [stack:15341]
7f57bc3c6000-7f57bc3c9000 ---p 00000000 00:00 0 
7f57bc3c9000-7f57bc4c7000 rw-p 00000000 00:00 0                          [stack:15340]
7f57bc4c7000-7f57bc4ca000 ---p 00000000 00:00 0 
7f57bc4ca000-7f57bc5c8000 rw-p 00000000 00:00 0                          [stack:15339]
7f57bc5c8000-7f57bc5cb000 ---p 00000000 00:00 0 
7f57bc5cb000-7f57bc6c9000 rw-p 00000000 00:00 0                          [stack:15338]
7f57bc6c9000-7f57bc9c7000 r--p 00000000 08:02 14956685                   /usr/lib/locale/locale-archive
7f57bc9c7000-7f57bc9ca000 ---p 00000000 00:00 0 
7f57bc9ca000-7f57bcac8000 rw-p 00000000 00:00 0                          [stack:15337]
7f57bcac8000-7f57bcacb000 ---p 00000000 00:00 0 
7f57bcacb000-7f57bcbc9000 rw-p 00000000 00:00 0                          [stack:15336]
7f57bcbc9000-7f57bcbca000 ---p 00000000 00:00 0 
7f57bcbca000-7f57bdcc7000 rw-p 00000000 00:00 0                          [stack:15335]
7f57bdcc7000-7f57bde79000 r--s 01d2e000 08:02 15740967                   /usr/lib/jvm/java-7-openjdk/jre/lib/rt.jar
7f57bde79000-7f57be39d000 rw-p 00000000 00:00 0 
7f57be39d000-7f57be39e000 ---p 00000000 00:00 0 
7f57be39e000-7f57be49e000 rw-p 00000000 00:00 0                          [stack:15334]
7f57be49e000-7f57be49f000 ---p 00000000 00:00 0 
7f57be49f000-7f57be59f000 rw-p 00000000 00:00 0                          [stack:15333]
7f57be59f000-7f57be5a0000 ---p 00000000 00:00 0 
7f57be5a0000-7f57be6a0000 rw-p 00000000 00:00 0                          [stack:15332]
7f57be6a0000-7f57be6a1000 ---p 00000000 00:00 0 
7f57be6a1000-7f57be7ac000 rw-p 00000000 00:00 0                          [stack:15331]
7f57be7ac000-7f57be7f4000 rw-p 00000000 00:00 0 
7f57be7f4000-7f57be81d000 rw-p 00000000 00:00 0 
7f57be81d000-7f57bea84000 rw-p 00000000 00:00 0 
7f57bea84000-7f57bea8f000 rw-p 00000000 00:00 0 
7f57bea8f000-7f57bead7000 rw-p 00000000 00:00 0 
7f57bead7000-7f57beb00000 rw-p 00000000 00:00 0 
7f57beb00000-7f57bed67000 rw-p 00000000 00:00 0 
7f57bed67000-7f57bedd8000 rw-p 00000000 00:00 0 
7f57bedd8000-7f57bede7000 ---p 00000000 00:00 0 
7f57bede7000-7f57beeaf000 rw-p 00000000 00:00 0 
7f57beeaf000-7f57beeb0000 rw-p 00000000 00:00 0 
7f57beeb0000-7f57beeb8000 r-xp 00000000 08:02 15742053                   /usr/lib/jvm/java-7-openjdk/jre/lib/amd64/libzip.so
7f57beeb8000-7f57bf0b7000 ---p 00008000 08:02 15742053                   /usr/lib/jvm/java-7-openjdk/jre/lib/amd64/libzip.so
7f57bf0b7000-7f57bf0b8000 rw-p 00007000 08:02 15742053                   /usr/lib/jvm/java-7-openjdk/jre/lib/amd64/libzip.so
7f57bf0b8000-7f57bf0c3000 r-xp 00000000 08:02 14947543                   /usr/lib/libnss_files-2.22.so
7f57bf0c3000-7f57bf2c2000 ---p 0000b000 08:02 14947543                   /usr/lib/libnss_files-2.22.so
7f57bf2c2000-7f57bf2c3000 r--p 0000a000 08:02 14947543                   /usr/lib/libnss_files-2.22.so
7f57bf2c3000-7f57bf2c4000 rw-p 0000b000 08:02 14947543                   /usr/lib/libnss_files-2.22.so
7f57bf2c4000-7f57bf2ca000 rw-p 00000000 00:00 0 
7f57bf2ca000-7f57bf2f5000 r-xp 00000000 08:02 15742052                   /usr/lib/jvm/java-7-openjdk/jre/lib/amd64/libjava.so
7f57bf2f5000-7f57bf4f5000 ---p 0002b000 08:02 15742052                   /usr/lib/jvm/java-7-openjdk/jre/lib/amd64/libjava.so
7f57bf4f5000-7f57bf4f7000 rw-p 0002b000 08:02 15742052                   /usr/lib/jvm/java-7-openjdk/jre/lib/amd64/libjava.so
7f57bf4f7000-7f57bf504000 r-xp 00000000 08:02 15742051                   /usr/lib/jvm/java-7-openjdk/jre/lib/amd64/libverify.so
7f57bf504000-7f57bf703000 ---p 0000d000 08:02 15742051                   /usr/lib/jvm/java-7-openjdk/jre/lib/amd64/libverify.so
7f57bf703000-7f57bf705000 rw-p 0000c000 08:02 15742051                   /usr/lib/jvm/java-7-openjdk/jre/lib/amd64/libverify.so
7f57bf705000-7f57bf70c000 r-xp 00000000 08:02 14947594                   /usr/lib/librt-2.22.so
7f57bf70c000-7f57bf90b000 ---p 00007000 08:02 14947594                   /usr/lib/librt-2.22.so
7f57bf90b000-7f57bf90c000 r--p 00006000 08:02 14947594                   /usr/lib/librt-2.22.so
7f57bf90c000-7f57bf90d000 rw-p 00007000 08:02 14947594                   /usr/lib/librt-2.22.so
7f57bf90d000-7f57bf923000 r-xp 00000000 08:02 14947443                   /usr/lib/libgcc_s.so.1
7f57bf923000-7f57bfb22000 ---p 00016000 08:02 14947443                   /usr/lib/libgcc_s.so.1
7f57bfb22000-7f57bfb23000 rw-p 00015000 08:02 14947443                   /usr/lib/libgcc_s.so.1
7f57bfb23000-7f57bfc20000 r-xp 00000000 08:02 14947504                   /usr/lib/libm-2.22.so
7f57bfc20000-7f57bfe1f000 ---p 000fd000 08:02 14947504                   /usr/lib/libm-2.22.so
7f57bfe1f000-7f57bfe20000 r--p 000fc000 08:02 14947504                   /usr/lib/libm-2.22.so
7f57bfe20000-7f57bfe21000 rw-p 000fd000 08:02 14947504                   /usr/lib/libm-2.22.so
7f57bfe21000-7f57bff93000 r-xp 00000000 08:02 14947606                   /usr/lib/libstdc++.so.6.0.21
7f57bff93000-7f57c0193000 ---p 00172000 08:02 14947606                   /usr/lib/libstdc++.so.6.0.21
7f57c0193000-7f57c019d000 r--p 00172000 08:02 14947606                   /usr/lib/libstdc++.so.6.0.21
7f57c019d000-7f57c019f000 rw-p 0017c000 08:02 14947606                   /usr/lib/libstdc++.so.6.0.21
7f57c019f000-7f57c01a3000 rw-p 00000000 00:00 0 
7f57c01a3000-7f57c0cf3000 r-xp 00000000 08:02 16130264                   /usr/lib/jvm/java-7-openjdk/jre/lib/amd64/server/libjvm.so
7f57c0cf3000-7f57c0ef2000 ---p 00b50000 08:02 16130264                   /usr/lib/jvm/java-7-openjdk/jre/lib/amd64/server/libjvm.so
7f57c0ef2000-7f57c0fa6000 rw-p 00b4f000 08:02 16130264                   /usr/lib/jvm/java-7-openjdk/jre/lib/amd64/server/libjvm.so
7f57c0fa6000-7f57c0fd1000 rw-p 00000000 00:00 0 
7f57c0fd1000-7f57c0fe6000 r-xp 00000000 08:02 14947665                   /usr/lib/libz.so.1.2.8
7f57c0fe6000-7f57c11e5000 ---p 00015000 08:02 14947665                   /usr/lib/libz.so.1.2.8
7f57c11e5000-7f57c11e6000 r--p 00014000 08:02 14947665                   /usr/lib/libz.so.1.2.8
7f57c11e6000-7f57c11e7000 rw-p 00015000 08:02 14947665                   /usr/lib/libz.so.1.2.8
7f57c11e7000-7f57c1382000 r-xp 00000000 08:02 14947381                   /usr/lib/libc-2.22.so
7f57c1382000-7f57c1581000 ---p 0019b000 08:02 14947381                   /usr/lib/libc-2.22.so
7f57c1581000-7f57c1585000 r--p 0019a000 08:02 14947381                   /usr/lib/libc-2.22.so
7f57c1585000-7f57c1587000 rw-p 0019e000 08:02 14947381                   /usr/lib/libc-2.22.so
7f57c1587000-7f57c158b000 rw-p 00000000 00:00 0 
7f57c158b000-7f57c158e000 r-xp 00000000 08:02 14947409                   /usr/lib/libdl-2.22.so
7f57c158e000-7f57c178d000 ---p 00003000 08:02 14947409                   /usr/lib/libdl-2.22.so
7f57c178d000-7f57c178e000 r--p 00002000 08:02 14947409                   /usr/lib/libdl-2.22.so
7f57c178e000-7f57c178f000 rw-p 00003000 08:02 14947409                   /usr/lib/libdl-2.22.so
7f57c178f000-7f57c179c000 r-xp 00000000 08:02 16128183                   /usr/lib/jvm/java-7-openjdk/jre/lib/amd64/jli/libjli.so
7f57c179c000-7f57c199b000 ---p 0000d000 08:02 16128183                   /usr/lib/jvm/java-7-openjdk/jre/lib/amd64/jli/libjli.so
7f57c199b000-7f57c199c000 rw-p 0000c000 08:02 16128183                   /usr/lib/jvm/java-7-openjdk/jre/lib/amd64/jli/libjli.so
7f57c199c000-7f57c19b4000 r-xp 00000000 08:02 14947580                   /usr/lib/libpthread-2.22.so
7f57c19b4000-7f57c1bb3000 ---p 00018000 08:02 14947580                   /usr/lib/libpthread-2.22.so
7f57c1bb3000-7f57c1bb4000 r--p 00017000 08:02 14947580                   /usr/lib/libpthread-2.22.so
7f57c1bb4000-7f57c1bb5000 rw-p 00018000 08:02 14947580                   /usr/lib/libpthread-2.22.so
7f57c1bb5000-7f57c1bb9000 rw-p 00000000 00:00 0 
7f57c1bb9000-7f57c1bdb000 r-xp 00000000 08:02 14947350                   /usr/lib/ld-2.22.so
7f57c1bdb000-7f57c1bdf000 r--s 00056000 08:02 53087107                   /home/fedor-m/.m2/repository/org/bytedeco/javacv/1.1/javacv-1.1.jar
7f57c1bdf000-7f57c1be9000 rw-p 00000000 00:00 0 
7f57c1be9000-7f57c1c9f000 rw-p 00000000 00:00 0 
7f57c1c9f000-7f57c1ca2000 ---p 00000000 00:00 0 
7f57c1ca2000-7f57c1da4000 rw-p 00000000 00:00 0                          [stack:15330]
7f57c1da4000-7f57c1da5000 r--s 00a24000 08:02 2622301                    /home/fedor-m/.m2/repository/org/bytedeco/javacpp-presets/ffmpeg/2.8.1-1.1/ffmpeg-2.8.1-1.1-linux-x86_64.jar
7f57c1da5000-7f57c1dcf000 rw-p 00000000 00:00 0 
7f57c1dcf000-7f57c1dd7000 rw-s 00000000 00:22 32                         /tmp/hsperfdata_fedor-m/15324
7f57c1dd7000-7f57c1dd8000 rw-p 00000000 00:00 0 
7f57c1dd8000-7f57c1dd9000 r--p 00000000 00:00 0 
7f57c1dd9000-7f57c1dda000 rw-p 00000000 00:00 0 
7f57c1dda000-7f57c1ddb000 r--p 00021000 08:02 14947350                   /usr/lib/ld-2.22.so
7f57c1ddb000-7f57c1ddc000 rw-p 00022000 08:02 14947350                   /usr/lib/ld-2.22.so
7f57c1ddc000-7f57c1ddd000 rw-p 00000000 00:00 0 
7ffcf9700000-7ffcf9721000 rw-p 00000000 00:00 0                          [stack]
7ffcf97ca000-7ffcf97cc000 r--p 00000000 00:00 0                          [vvar]
7ffcf97cc000-7ffcf97ce000 r-xp 00000000 00:00 0                          [vdso]
ffffffffff600000-ffffffffff601000 r-xp 00000000 00:00 0                  [vsyscall]

VM Arguments:
jvm_args: -Dfile.encoding=UTF-8 
java_command: ru.ang5545.scanning_system_2.App
Launcher Type: SUN_STANDARD

Environment Variables:
JAVA_HOME=/usr/lib/jvm/java-8-openjdk
JRE_HOME=/usr/lib/jvm/java-8-openjdk
PATH=/usr/local/sbin:/usr/local/bin:/usr/bin:/home/fedor-m/bin:/usr/lib/jvm/java-8-openjdk/bin:/home/fedor-m/bin:/usr/lib/jvm/java-8-openjdk/bin:/usr/lib/jvm/default/bin:/usr/bin/site_perl:/usr/bin/vendor_perl:/usr/bin/core_perl
LD_LIBRARY_PATH=\/usr\/lib
SHELL=/bin/bash
DISPLAY=:0.0

Signal Handlers:
SIGSEGV: [libjvm.so+0x995100], sa_mask[0]=0x7ffbfeff, sa_flags=0x10000004
SIGBUS: [libjvm.so+0x995100], sa_mask[0]=0x7ffbfeff, sa_flags=0x10000004
SIGFPE: [libjvm.so+0x7fc350], sa_mask[0]=0x7ffbfeff, sa_flags=0x10000004
SIGPIPE: [libjvm.so+0x7fc350], sa_mask[0]=0x7ffbfeff, sa_flags=0x10000004
SIGXFSZ: [libjvm.so+0x7fc350], sa_mask[0]=0x7ffbfeff, sa_flags=0x10000004
SIGILL: [libjvm.so+0x7fc350], sa_mask[0]=0x7ffbfeff, sa_flags=0x10000004
SIGUSR1: SIG_DFL, sa_mask[0]=0x00000000, sa_flags=0x00000000
SIGUSR2: [libjvm.so+0x7fc1d0], sa_mask[0]=0x00000004, sa_flags=0x10000004
SIGHUP: [libjvm.so+0x7fc360], sa_mask[0]=0x7ffbfeff, sa_flags=0x10000004
SIGINT: [libjvm.so+0x7fc360], sa_mask[0]=0x7ffbfeff, sa_flags=0x10000004
SIGTERM: [libjvm.so+0x7fc360], sa_mask[0]=0x7ffbfeff, sa_flags=0x10000004
SIGQUIT: [libjvm.so+0x7fc360], sa_mask[0]=0x7ffbfeff, sa_flags=0x10000004
SIGTRAP: SIG_DFL, sa_mask[0]=0x00000000, sa_flags=0x00000000


---------------  S Y S T E M  ---------------

OS:ManjaroLinux 15.09 (Bellatrix)
uname:Linux 4.1.13-1-MANJARO #1 SMP PREEMPT Tue Nov 10 22:11:15 UTC 2015 x86_64
libc:glibc 2.22 NPTL 2.22 
rlimit: STACK 8192k, CORE 0k, NPROC 30594, NOFILE 4096, AS infinity
load average:0,50 0,62 0,54

/proc/meminfo:
MemTotal:        8059640 kB
MemFree:         2929608 kB
MemAvailable:    4982816 kB
Buffers:          295040 kB
Cached:          1976780 kB
SwapCached:            0 kB
Active:          3535932 kB
Inactive:        1213136 kB
Active(anon):    2618088 kB
Inactive(anon):   258852 kB
Active(file):     917844 kB
Inactive(file):   954284 kB
Unevictable:         136 kB
Mlocked:             136 kB
SwapTotal:       9227464 kB
SwapFree:        9227464 kB
Dirty:                64 kB
Writeback:             0 kB
AnonPages:       2477444 kB
Mapped:           545384 kB
Shmem:            399696 kB
Slab:             255976 kB
SReclaimable:     223344 kB
SUnreclaim:        32632 kB
KernelStack:        7968 kB
PageTables:        38640 kB
NFS_Unstable:          0 kB
Bounce:                0 kB
WritebackTmp:          0 kB
CommitLimit:    13257284 kB
Committed_AS:    5858232 kB
VmallocTotal:   34359738367 kB
VmallocUsed:      385768 kB
VmallocChunk:   34358947836 kB
HardwareCorrupted:     0 kB
AnonHugePages:   1507328 kB
HugePages_Total:       0
HugePages_Free:        0
HugePages_Rsvd:        0
HugePages_Surp:        0
Hugepagesize:       2048 kB
DirectMap4k:      137136 kB
DirectMap2M:     7081984 kB
DirectMap1G:     2097152 kB


CPU:total 4 (4 cores per cpu, 1 threads per core) family 6 model 60 stepping 3, cmov, cx8, fxsr, mmx, sse, sse2, sse3, ssse3, sse4.1, sse4.2, popcnt, avx, avx2, aes, erms, tsc, tscinvbit

/proc/cpuinfo:
processor	: 0
vendor_id	: GenuineIntel
cpu family	: 6
model		: 60
model name	: Intel(R) Core(TM) i5-4440 CPU @ 3.10GHz
stepping	: 3
microcode	: 0x1c
cpu MHz		: 3278.855
cache size	: 6144 KB
physical id	: 0
siblings	: 4
core id		: 0
cpu cores	: 4
apicid		: 0
initial apicid	: 0
fpu		: yes
fpu_exception	: yes
cpuid level	: 13
wp		: yes
flags		: fpu vme de pse tsc msr pae mce cx8 apic sep mtrr pge mca cmov pat pse36 clflush dts acpi mmx fxsr sse sse2 ss ht tm pbe syscall nx pdpe1gb rdtscp lm constant_tsc arch_perfmon pebs bts rep_good nopl xtopology nonstop_tsc aperfmperf eagerfpu pni pclmulqdq dtes64 monitor ds_cpl vmx est tm2 ssse3 fma cx16 xtpr pdcm pcid sse4_1 sse4_2 x2apic movbe popcnt tsc_deadline_timer aes xsave avx f16c rdrand lahf_lm abm ida arat pln pts dtherm tpr_shadow vnmi flexpriority ept vpid fsgsbase tsc_adjust bmi1 avx2 smep bmi2 erms invpcid xsaveopt
bugs		:
bogomips	: 6188.51
clflush size	: 64
cache_alignment	: 64
address sizes	: 39 bits physical, 48 bits virtual
power management:

processor	: 1
vendor_id	: GenuineIntel
cpu family	: 6
model		: 60
model name	: Intel(R) Core(TM) i5-4440 CPU @ 3.10GHz
stepping	: 3
microcode	: 0x1c
cpu MHz		: 3230.417
cache size	: 6144 KB
physical id	: 0
siblings	: 4
core id		: 1
cpu cores	: 4
apicid		: 2
initial apicid	: 2
fpu		: yes
fpu_exception	: yes
cpuid level	: 13
wp		: yes
flags		: fpu vme de pse tsc msr pae mce cx8 apic sep mtrr pge mca cmov pat pse36 clflush dts acpi mmx fxsr sse sse2 ss ht tm pbe syscall nx pdpe1gb rdtscp lm constant_tsc arch_perfmon pebs bts rep_good nopl xtopology nonstop_tsc aperfmperf eagerfpu pni pclmulqdq dtes64 monitor ds_cpl vmx est tm2 ssse3 fma cx16 xtpr pdcm pcid sse4_1 sse4_2 x2apic movbe popcnt tsc_deadline_timer aes xsave avx f16c rdrand lahf_lm abm ida arat pln pts dtherm tpr_shadow vnmi flexpriority ept vpid fsgsbase tsc_adjust bmi1 avx2 smep bmi2 erms invpcid xsaveopt
bugs		:
bogomips	: 6188.51
clflush size	: 64
cache_alignment	: 64
address sizes	: 39 bits physical, 48 bits virtual
power management:

processor	: 2
vendor_id	: GenuineIntel
cpu family	: 6
model		: 60
model name	: Intel(R) Core(TM) i5-4440 CPU @ 3.10GHz
stepping	: 3
microcode	: 0x1c
cpu MHz		: 3296.414
cache size	: 6144 KB
physical id	: 0
siblings	: 4
core id		: 2
cpu cores	: 4
apicid		: 4
initial apicid	: 4
fpu		: yes
fpu_exception	: yes
cpuid level	: 13
wp		: yes
flags		: fpu vme de pse tsc msr pae mce cx8 apic sep mtrr pge mca cmov pat pse36 clflush dts acpi mmx fxsr sse sse2 ss ht tm pbe syscall nx pdpe1gb rdtscp lm constant_tsc arch_perfmon pebs bts rep_good nopl xtopology nonstop_tsc aperfmperf eagerfpu pni pclmulqdq dtes64 monitor ds_cpl vmx est tm2 ssse3 fma cx16 xtpr pdcm pcid sse4_1 sse4_2 x2apic movbe popcnt tsc_deadline_timer aes xsave avx f16c rdrand lahf_lm abm ida arat pln pts dtherm tpr_shadow vnmi flexpriority ept vpid fsgsbase tsc_adjust bmi1 avx2 smep bmi2 erms invpcid xsaveopt
bugs		:
bogomips	: 6188.51
clflush size	: 64
cache_alignment	: 64
address sizes	: 39 bits physical, 48 bits virtual
power management:

processor	: 3
vendor_id	: GenuineIntel
cpu family	: 6
model		: 60
model name	: Intel(R) Core(TM) i5-4440 CPU @ 3.10GHz
stepping	: 3
microcode	: 0x1c
cpu MHz		: 3243.859
cache size	: 6144 KB
physical id	: 0
siblings	: 4
core id		: 3
cpu cores	: 4
apicid		: 6
initial apicid	: 6
fpu		: yes
fpu_exception	: yes
cpuid level	: 13
wp		: yes
flags		: fpu vme de pse tsc msr pae mce cx8 apic sep mtrr pge mca cmov pat pse36 clflush dts acpi mmx fxsr sse sse2 ss ht tm pbe syscall nx pdpe1gb rdtscp lm constant_tsc arch_perfmon pebs bts rep_good nopl xtopology nonstop_tsc aperfmperf eagerfpu pni pclmulqdq dtes64 monitor ds_cpl vmx est tm2 ssse3 fma cx16 xtpr pdcm pcid sse4_1 sse4_2 x2apic movbe popcnt tsc_deadline_timer aes xsave avx f16c rdrand lahf_lm abm ida arat pln pts dtherm tpr_shadow vnmi flexpriority ept vpid fsgsbase tsc_adjust bmi1 avx2 smep bmi2 erms invpcid xsaveopt
bugs		:
bogomips	: 6188.51
clflush size	: 64
cache_alignment	: 64
address sizes	: 39 bits physical, 48 bits virtual
power management:



Memory: 4k page, physical 8059640k(2929608k free), swap 9227464k(9227464k free)

vm_info: OpenJDK 64-Bit Server VM (24.91-b01) for linux-amd64 JRE (1.7.0_91-b02), built on Nov 18 2015 11:22:39 by "builduser" with gcc 5.2.0

time: Fri Apr 15 17:51:31 2016
elapsed time: 39 seconds

