#
# A fatal error has been detected by the Java Runtime Environment:
#
#  SIGSEGV (0xb) at pc=0x00007f583c92daf0, pid=15436, tid=140015373321984
#
# JRE version: OpenJDK Runtime Environment (7.0_91-b02) (build 1.7.0_91-b02)
# Java VM: OpenJDK 64-Bit Server VM (24.91-b01 mixed mode linux-amd64 compressed oops)
# Derivative: IcedTea 2.6.3
# Distribution: Custom build (Wed Nov 18 11:18:35 UTC 2015)
# Problematic frame:
# C  [libc.so.6+0x14caf0]  __memset_avx2+0x30
#
# Failed to write core dump. Core dumps have been disabled. To enable core dumping, try "ulimit -c unlimited" before starting Java again
#
# If you would like to submit a bug report, please include
# instructions on how to reproduce the bug and visit:
#   http://icedtea.classpath.org/bugzilla
# The crash happened outside the Java Virtual Machine in native code.
# See problematic frame for where to report the bug.
#

---------------  T H R E A D  ---------------

Current thread (0x00007f57e02fe800):  JavaThread "SwingWorker-pool-1-thread-1" daemon [_thread_in_native, id=15460, stack(0x00007f57de870000,0x00007f57de971000)]

siginfo:si_signo=SIGSEGV: si_errno=0, si_code=128 (), si_addr=0x0000000000000000

Registers:
RAX=0x00050000271fc649, RBX=0x00050000271fc649, RCX=0x000000000000ec00, RDX=0x0000000000000080
RSP=0x00007f57de96e9e8, RBP=0x0000000000000008, RSI=0x00050000271fc6c9, RDI=0x00050000271fc649
R8 =0x00000000000000cd, R9 =0x000000000000018f, R10=0x0000000000000003, R11=0x00007f57d088cc80
R12=0x0000000000000080, R13=0x00007f57d085e118, R14=0x00007f57d00060a0, R15=0x000000004299d00c
RIP=0x00007f583c92daf0, EFLAGS=0x0000000000010246, CSGSFS=0x0000000000000033, ERR=0x0000000000000000
  TRAPNO=0x000000000000000d

Top of Stack: (sp=0x00007f57de96e9e8)
0x00007f57de96e9e8:   00007f57f89d4a01 00000000000000e2
0x00007f57de96e9f8:   00007f5800000001 0000000000000000
0x00007f57de96ea08:   00007f57d085e078 0000000000000000
0x00007f57de96ea18:   0000000000000000 00007f57d085e118
0x00007f57de96ea28:   00007f57d088cc70 0000000000000003
0x00007f57de96ea38:   00007f57f82491f8 0000000000000000
0x00007f57de96ea48:   0000000000000080 403a6927dd99999a
0x00007f57de96ea58:   0100000000000000 00007f57d00060a0
0x00007f57de96ea68:   00007f57de96ebe0 00007f57de96eb10
0x00007f57de96ea78:   00007f57de96eb20 00007f57de96f030
0x00007f57de96ea88:   00007f57de96eb30 00007f57f8c5d330
0x00007f57de96ea98:   0000000242ff4000 0000000000000000
0x00007f57de96eaa8:   0000000000000000 0000000000000000
0x00007f57de96eab8:   0000000000000000 0000000000000000
0x00007f57de96eac8:   0000000000000000 0000000000000000
0x00007f57de96ead8:   00007f57de96eaa0 00007f57de96eae8
0x00007f57de96eae8:   0000000000000500 0000000000000001
0x00007f57de96eaf8:   0000000242ff4000 0000000000000000
0x00007f57de96eb08:   0000000000000000 0000000000000000
0x00007f57de96eb18:   0000000000000000 0000000000000000
0x00007f57de96eb28:   0000000000000000 0000000000000000
0x00007f57de96eb38:   00007f57de96eb00 00007f57de96eb70
0x00007f57de96eb48:   0000000000000500 0000000000000000
0x00007f57de96eb58:   0000000000000000 3ff0000000000000
0x00007f57de96eb68:   00007f5700000000 0000000000000001
0x00007f57de96eb78:   0000000000000002 00007f57de96ebc0
0x00007f57de96eb88:   00007f583bf82ec3 00007f57de96ec90
0x00007f57de96eb98:   00007f57de96ebb0 000000077af24d48
0x00007f57de96eba8:   0000000000000001 00007f57de96ec60
0x00007f57de96ebb8:   00007f57de96ed80 0000000000000000
0x00007f57de96ebc8:   0000000000000000 00007f57d083d8a0
0x00007f57de96ebd8:   00007f57f88e5c70 00007f57d088c560 

Instructions: (pc=0x00007f583c92daf0)
0x00007f583c92dad0:   e2 71 00 c0 48 83 fa 10 0f 82 c2 00 00 00 48 81
0x00007f583c92dae0:   fa 00 01 00 00 0f 83 f5 00 00 00 80 fa 80 72 50
0x00007f583c92daf0:   c5 fa 7f 07 c5 fa 7f 47 10 c5 fa 7f 47 20 c5 fa
0x00007f583c92db00:   7f 47 30 c5 fa 7f 47 40 c5 fa 7f 47 50 c5 fa 7f 

Register to memory mapping:

RAX=0x00050000271fc649 is an unknown value
RBX=0x00050000271fc649 is an unknown value
RCX=0x000000000000ec00 is an unknown value
RDX=0x0000000000000080 is an unknown value
RSP=0x00007f57de96e9e8 is pointing into the stack for thread: 0x00007f57e02fe800
RBP=0x0000000000000008 is an unknown value
RSI=0x00050000271fc6c9 is an unknown value
RDI=0x00050000271fc649 is an unknown value
R8 =0x00000000000000cd is an unknown value
R9 =0x000000000000018f is an unknown value
R10=0x0000000000000003 is an unknown value
R11=0x00007f57d088cc80 is an unknown value
R12=0x0000000000000080 is an unknown value
R13=0x00007f57d085e118 is an unknown value
R14=0x00007f57d00060a0 is an unknown value
R15=0x000000004299d00c is an unknown value


Stack: [0x00007f57de870000,0x00007f57de971000],  sp=0x00007f57de96e9e8,  free space=1018k
Native frames: (J=compiled Java code, j=interpreted, Vv=VM code, C=native code)
C  [libc.so.6+0x14caf0]  __memset_avx2+0x30

[error occurred during error reporting (printing native stack), id 0xb]

Java frames: (J=compiled Java code, j=interpreted, Vv=VM code)
j  org.bytedeco.javacpp.opencv_imgproc.cvApproxPoly(Lorg/bytedeco/javacpp/Pointer;ILorg/bytedeco/javacpp/opencv_core$CvMemStorage;ID)Lorg/bytedeco/javacpp/opencv_core$CvSeq;+0
j  ru.ang5545.scanning_system_2.image_processing.ContourHandler.getPoints(Lorg/bytedeco/javacpp/opencv_core$CvSeq;)[Lorg/bytedeco/javacpp/opencv_core$CvPoint;+34
j  ru.ang5545.scanning_system_2.image_processing.ContourHandler.drawPoints(Lorg/bytedeco/javacpp/opencv_core$IplImage;)V+25
j  ru.ang5545.scanning_system_2.image_processing.ImageHandler.processImage(Lorg/bytedeco/javacpp/opencv_core$IplImage;Lru/ang5545/model/ThresholdParameters;Lru/ang5545/model/ThresholdParameters;Lru/ang5545/model/ThresholdParameters;)V+98
j  ru.ang5545.scanning_system_2.gui.MainFrame$AnswerWorker.doInBackground()Ljava/lang/String;+61
j  ru.ang5545.scanning_system_2.gui.MainFrame$AnswerWorker.doInBackground()Ljava/lang/Object;+1
j  javax.swing.SwingWorker$1.call()Ljava/lang/Object;+14
j  java.util.concurrent.FutureTask.run()V+42
j  javax.swing.SwingWorker.run()V+4
j  java.util.concurrent.ThreadPoolExecutor.runWorker(Ljava/util/concurrent/ThreadPoolExecutor$Worker;)V+95
j  java.util.concurrent.ThreadPoolExecutor$Worker.run()V+5
j  java.lang.Thread.run()V+11
v  ~StubRoutines::call_stub

---------------  P R O C E S S  ---------------

Java Threads: ( => current thread )
=>0x00007f57e02fe800 JavaThread "SwingWorker-pool-1-thread-1" daemon [_thread_in_native, id=15460, stack(0x00007f57de870000,0x00007f57de971000)]
  0x00007f57e021e800 JavaThread "TimerQueue" daemon [_thread_blocked, id=15459, stack(0x00007f57df48e000,0x00007f57df58f000)]
  0x00007f5834009800 JavaThread "DestroyJavaVM" [_thread_blocked, id=15441, stack(0x00007f583d299000,0x00007f583d39a000)]
  0x00007f583428a000 JavaThread "AWT-EventQueue-0" [_thread_blocked, id=15457, stack(0x00007f57f8d65000,0x00007f57f8e66000)]
  0x00007f5834289000 JavaThread "AWT-Shutdown" [_thread_blocked, id=15456, stack(0x00007f57f8e66000,0x00007f57f8f67000)]
  0x00007f5834285000 JavaThread "AWT-XAWT" daemon [_thread_in_native, id=15455, stack(0x00007f57f8f67000,0x00007f57f9068000)]
  0x00007f583426a000 JavaThread "Java2D Disposer" daemon [_thread_blocked, id=15454, stack(0x00007f58240a9000,0x00007f58241aa000)]
  0x00007f58340ad800 JavaThread "Service Thread" daemon [_thread_blocked, id=15452, stack(0x00007f582c54d000,0x00007f582c64e000)]
  0x00007f58340ab800 JavaThread "C2 CompilerThread1" daemon [_thread_blocked, id=15451, stack(0x00007f582c64e000,0x00007f582c74f000)]
  0x00007f58340a8800 JavaThread "C2 CompilerThread0" daemon [_thread_blocked, id=15450, stack(0x00007f582c74f000,0x00007f582c850000)]
  0x00007f58340a6000 JavaThread "Signal Dispatcher" daemon [_thread_blocked, id=15449, stack(0x00007f582c850000,0x00007f582c951000)]
  0x00007f583407b000 JavaThread "Finalizer" daemon [_thread_blocked, id=15448, stack(0x00007f582cc4f000,0x00007f582cd50000)]
  0x00007f5834079000 JavaThread "Reference Handler" daemon [_thread_blocked, id=15447, stack(0x00007f58380c2000,0x00007f58381c3000)]

Other Threads:
  0x00007f5834075000 VMThread [stack: 0x00007f58381c3000,0x00007f58382c4000] [id=15446]
  0x00007f58340b8800 WatcherThread [stack: 0x00007f582c44c000,0x00007f582c54d000] [id=15453]

VM state:not at safepoint (normal execution)

VM Mutex/Monitor currently owned by a thread: None

Heap
 PSYoungGen      total 25088K, used 5531K [0x00000007d7000000, 0x00000007e2700000, 0x0000000800000000)
  eden space 23552K, 17% used [0x00000007d7000000,0x00000007d73ed100,0x00000007d8700000)
  from space 1536K, 98% used [0x00000007e2280000,0x00000007e23f9e28,0x00000007e2400000)
  to   space 2560K, 0% used [0x00000007e2480000,0x00000007e2480000,0x00000007e2700000)
 ParOldGen       total 83968K, used 8436K [0x0000000785000000, 0x000000078a200000, 0x00000007d7000000)
  object space 83968K, 10% used [0x0000000785000000,0x000000078583d3d8,0x000000078a200000)
 PSPermGen       total 21504K, used 15437K [0x000000077aa00000, 0x000000077bf00000, 0x0000000785000000)
  object space 21504K, 71% used [0x000000077aa00000,0x000000077b9136e0,0x000000077bf00000)

Card table byte_map: [0x00007f583a07e000,0x00007f583a4aa000] byte_map_base: 0x00007f58364a9000

Polling page: 0x00007f583d3d2000

Code Cache  [0x00007f5831000000, 0x00007f5831270000, 0x00007f5834000000)
 total_blobs=858 nmethods=277 adapters=534 free_code_cache=48029Kb largest_free_block=49149120

Compilation events (10 events):
Event: 27,215 Thread 0x00007f58340a8800  284             java.lang.ref.Reference::<init> (25 bytes)
Event: 27,215 Thread 0x00007f58340a8800 nmethod 284 0x00007f5831120910 code [0x00007f5831120a40, 0x00007f5831120af8]
Event: 27,424 Thread 0x00007f58340ab800  285             java.awt.Component::getCursor_NoClientCode (30 bytes)
Event: 27,425 Thread 0x00007f58340ab800 nmethod 285 0x00007f5831120610 code [0x00007f5831120760, 0x00007f5831120828]
Event: 27,525 Thread 0x00007f58340a8800  286             sun.awt.X11.XToolkit::getDisplay (4 bytes)
Event: 27,526 Thread 0x00007f58340a8800 nmethod 286 0x00007f5831120410 code [0x00007f5831120540, 0x00007f5831120598]
Event: 27,550 Thread 0x00007f58340ab800  287  s          sun.java2d.loops.RenderCache::get (100 bytes)
Event: 27,552 Thread 0x00007f58340ab800 nmethod 287 0x00007f5831118610 code [0x00007f5831118760, 0x00007f5831118b18]
Event: 27,623 Thread 0x00007f58340a8800  288             java.awt.geom.Path2D::append (13 bytes)
Event: 27,625 Thread 0x00007f58340a8800 nmethod 288 0x00007f583111fd50 code [0x00007f583111fec0, 0x00007f5831120188]

GC Heap History (10 events):
Event: 27,529 GC heap before
{Heap before GC invocations=73 (full 0):
 PSYoungGen      total 26112K, used 25339K [0x00000007d7000000, 0x00000007e2980000, 0x0000000800000000)
  eden space 24576K, 98% used [0x00000007d7000000,0x00000007d8794858,0x00000007d8800000)
  from space 1536K, 77% used [0x00000007e2800000,0x00000007e292a638,0x00000007e2980000)
  to   space 2048K, 0% used [0x00000007e2580000,0x00000007e2580000,0x00000007e2780000)
 ParOldGen       total 83968K, used 7696K [0x0000000785000000, 0x000000078a200000, 0x00000007d7000000)
  object space 83968K, 9% used [0x0000000785000000,0x00000007857843f8,0x000000078a200000)
 PSPermGen       total 21504K, used 15436K [0x000000077aa00000, 0x000000077bf00000, 0x0000000785000000)
  object space 21504K, 71% used [0x000000077aa00000,0x000000077b9131c0,0x000000077bf00000)
Event: 27,530 GC heap after
Heap after GC invocations=73 (full 0):
 PSYoungGen      total 25600K, used 1273K [0x00000007d7000000, 0x00000007e2880000, 0x0000000800000000)
  eden space 24064K, 0% used [0x00000007d7000000,0x00000007d7000000,0x00000007d8780000)
  from space 1536K, 82% used [0x00000007e2580000,0x00000007e26be410,0x00000007e2700000)
  to   space 1536K, 0% used [0x00000007e2700000,0x00000007e2700000,0x00000007e2880000)
 ParOldGen       total 83968K, used 7712K [0x0000000785000000, 0x000000078a200000, 0x00000007d7000000)
  object space 83968K, 9% used [0x0000000785000000,0x00000007857883f8,0x000000078a200000)
 PSPermGen       total 21504K, used 15436K [0x000000077aa00000, 0x000000077bf00000, 0x0000000785000000)
  object space 21504K, 71% used [0x000000077aa00000,0x000000077b9131c0,0x000000077bf00000)
}
Event: 27,644 GC heap before
{Heap before GC invocations=74 (full 0):
 PSYoungGen      total 25600K, used 22790K [0x00000007d7000000, 0x00000007e2880000, 0x0000000800000000)
  eden space 24064K, 89% used [0x00000007d7000000,0x00000007d85036c8,0x00000007d8780000)
  from space 1536K, 82% used [0x00000007e2580000,0x00000007e26be410,0x00000007e2700000)
  to   space 1536K, 0% used [0x00000007e2700000,0x00000007e2700000,0x00000007e2880000)
 ParOldGen       total 83968K, used 7712K [0x0000000785000000, 0x000000078a200000, 0x00000007d7000000)
  object space 83968K, 9% used [0x0000000785000000,0x00000007857883f8,0x000000078a200000)
 PSPermGen       total 21504K, used 15436K [0x000000077aa00000, 0x000000077bf00000, 0x0000000785000000)
  object space 21504K, 71% used [0x000000077aa00000,0x000000077b913288,0x000000077bf00000)
Event: 27,645 GC heap after
Heap after GC invocations=74 (full 0):
 PSYoungGen      total 25088K, used 1114K [0x00000007d7000000, 0x00000007e2880000, 0x0000000800000000)
  eden space 23552K, 0% used [0x00000007d7000000,0x00000007d7000000,0x00000007d8700000)
  from space 1536K, 72% used [0x00000007e2700000,0x00000007e2816830,0x00000007e2880000)
  to   space 2048K, 0% used [0x00000007e2480000,0x00000007e2480000,0x00000007e2680000)
 ParOldGen       total 83968K, used 7736K [0x0000000785000000, 0x000000078a200000, 0x00000007d7000000)
  object space 83968K, 9% used [0x0000000785000000,0x000000078578e3f8,0x000000078a200000)
 PSPermGen       total 21504K, used 15436K [0x000000077aa00000, 0x000000077bf00000, 0x0000000785000000)
  object space 21504K, 71% used [0x000000077aa00000,0x000000077b913288,0x000000077bf00000)
}
Event: 27,813 GC heap before
{Heap before GC invocations=75 (full 0):
 PSYoungGen      total 25088K, used 21600K [0x00000007d7000000, 0x00000007e2880000, 0x0000000800000000)
  eden space 23552K, 86% used [0x00000007d7000000,0x00000007d8401910,0x00000007d8700000)
  from space 1536K, 72% used [0x00000007e2700000,0x00000007e2816830,0x00000007e2880000)
  to   space 2048K, 0% used [0x00000007e2480000,0x00000007e2480000,0x00000007e2680000)
 ParOldGen       total 83968K, used 7736K [0x0000000785000000, 0x000000078a200000, 0x00000007d7000000)
  object space 83968K, 9% used [0x0000000785000000,0x000000078578e3f8,0x000000078a200000)
 PSPermGen       total 21504K, used 15437K [0x000000077aa00000, 0x000000077bf00000, 0x0000000785000000)
  object space 21504K, 71% used [0x000000077aa00000,0x000000077b9135e8,0x000000077bf00000)
Event: 27,814 GC heap after
Heap after GC invocations=75 (full 0):
 PSYoungGen      total 25600K, used 1670K [0x00000007d7000000, 0x00000007e2780000, 0x0000000800000000)
  eden space 23552K, 0% used [0x00000007d7000000,0x00000007d7000000,0x00000007d8700000)
  from space 2048K, 81% used [0x00000007e2480000,0x00000007e2621a08,0x00000007e2680000)
  to   space 1024K, 0% used [0x00000007e2680000,0x00000007e2680000,0x00000007e2780000)
 ParOldGen       total 83968K, used 7752K [0x0000000785000000, 0x000000078a200000, 0x00000007d7000000)
  object space 83968K, 9% used [0x0000000785000000,0x00000007857923f8,0x000000078a200000)
 PSPermGen       total 21504K, used 15437K [0x000000077aa00000, 0x000000077bf00000, 0x0000000785000000)
  object space 21504K, 71% used [0x000000077aa00000,0x000000077b9135e8,0x000000077bf00000)
}
Event: 27,923 GC heap before
{Heap before GC invocations=76 (full 0):
 PSYoungGen      total 25600K, used 24466K [0x00000007d7000000, 0x00000007e2780000, 0x0000000800000000)
  eden space 23552K, 96% used [0x00000007d7000000,0x00000007d8642fa8,0x00000007d8700000)
  from space 2048K, 81% used [0x00000007e2480000,0x00000007e2621a08,0x00000007e2680000)
  to   space 1024K, 0% used [0x00000007e2680000,0x00000007e2680000,0x00000007e2780000)
 ParOldGen       total 83968K, used 7752K [0x0000000785000000, 0x000000078a200000, 0x00000007d7000000)
  object space 83968K, 9% used [0x0000000785000000,0x00000007857923f8,0x000000078a200000)
 PSPermGen       total 21504K, used 15437K [0x000000077aa00000, 0x000000077bf00000, 0x0000000785000000)
  object space 21504K, 71% used [0x000000077aa00000,0x000000077b9135e8,0x000000077bf00000)
Event: 27,924 GC heap after
Heap after GC invocations=76 (full 0):
 PSYoungGen      total 24576K, used 1002K [0x00000007d7000000, 0x00000007e2780000, 0x0000000800000000)
  eden space 23552K, 0% used [0x00000007d7000000,0x00000007d7000000,0x00000007d8700000)
  from space 1024K, 97% used [0x00000007e2680000,0x00000007e277aa28,0x00000007e2780000)
  to   space 2560K, 0% used [0x00000007e2280000,0x00000007e2280000,0x00000007e2500000)
 ParOldGen       total 83968K, used 8420K [0x0000000785000000, 0x000000078a200000, 0x00000007d7000000)
  object space 83968K, 10% used [0x0000000785000000,0x00000007858393d8,0x000000078a200000)
 PSPermGen       total 21504K, used 15437K [0x000000077aa00000, 0x000000077bf00000, 0x0000000785000000)
  object space 21504K, 71% used [0x000000077aa00000,0x000000077b9135e8,0x000000077bf00000)
}
Event: 28,035 GC heap before
{Heap before GC invocations=77 (full 0):
 PSYoungGen      total 24576K, used 23841K [0x00000007d7000000, 0x00000007e2780000, 0x0000000800000000)
  eden space 23552K, 96% used [0x00000007d7000000,0x00000007d864dc08,0x00000007d8700000)
  from space 1024K, 97% used [0x00000007e2680000,0x00000007e277aa28,0x00000007e2780000)
  to   space 2560K, 0% used [0x00000007e2280000,0x00000007e2280000,0x00000007e2500000)
 ParOldGen       total 83968K, used 8420K [0x0000000785000000, 0x000000078a200000, 0x00000007d7000000)
  object space 83968K, 10% used [0x0000000785000000,0x00000007858393d8,0x000000078a200000)
 PSPermGen       total 21504K, used 15437K [0x000000077aa00000, 0x000000077bf00000, 0x0000000785000000)
  object space 21504K, 71% used [0x000000077aa00000,0x000000077b9135e8,0x000000077bf00000)
Event: 28,036 GC heap after
Heap after GC invocations=77 (full 0):
 PSYoungGen      total 25088K, used 1511K [0x00000007d7000000, 0x00000007e2700000, 0x0000000800000000)
  eden space 23552K, 0% used [0x00000007d7000000,0x00000007d7000000,0x00000007d8700000)
  from space 1536K, 98% used [0x00000007e2280000,0x00000007e23f9e28,0x00000007e2400000)
  to   space 2560K, 0% used [0x00000007e2480000,0x00000007e2480000,0x00000007e2700000)
 ParOldGen       total 83968K, used 8436K [0x0000000785000000, 0x000000078a200000, 0x00000007d7000000)
  object space 83968K, 10% used [0x0000000785000000,0x000000078583d3d8,0x000000078a200000)
 PSPermGen       total 21504K, used 15437K [0x000000077aa00000, 0x000000077bf00000, 0x0000000785000000)
  object space 21504K, 71% used [0x000000077aa00000,0x000000077b9135e8,0x000000077bf00000)
}

Deoptimization events (10 events):
Event: 7,226 Thread 0x00007f583428a000 Uncommon trap: reason=array_check action=maybe_recompile pc=0x00007f58310deafc method=java.util.TimSort.binarySort([Ljava/lang/Object;IIILjava/util/Comparator;)V @ 183
Event: 7,235 Thread 0x00007f583428a000 Uncommon trap: reason=array_check action=maybe_recompile pc=0x00007f58310de8a4 method=java.util.TimSort.binarySort([Ljava/lang/Object;IIILjava/util/Comparator;)V @ 215
Event: 7,235 Thread 0x00007f583428a000 Uncommon trap: reason=array_check action=maybe_recompile pc=0x00007f58310deafc method=java.util.TimSort.binarySort([Ljava/lang/Object;IIILjava/util/Comparator;)V @ 183
Event: 8,831 Thread 0x00007f583428a000 Uncommon trap: reason=array_check action=maybe_recompile pc=0x00007f58310e8120 method=java.util.TimSort.binarySort([Ljava/lang/Object;IIILjava/util/Comparator;)V @ 193
Event: 8,831 Thread 0x00007f583428a000 Uncommon trap: reason=array_check action=maybe_recompile pc=0x00007f58310e8120 method=java.util.TimSort.binarySort([Ljava/lang/Object;IIILjava/util/Comparator;)V @ 193
Event: 19,538 Thread 0x00007f57e02fe800 Uncommon trap: reason=null_check action=make_not_entrant pc=0x00007f58310fd078 method=javax.swing.RepaintManager.extendDirtyRegion(Ljava/awt/Component;IIII)Z @ 10
Event: 23,865 Thread 0x00007f583428a000 Uncommon trap: reason=unstable_if action=reinterpret pc=0x00007f58310c013c method=javax.swing.SwingUtilities.computeIntersection(IIIILjava/awt/Rectangle;)Ljava/awt/Rectangle; @ 34
Event: 24,578 Thread 0x00007f583428a000 Uncommon trap: reason=unstable_if action=reinterpret pc=0x00007f58310f3e68 method=javax.swing.JComponent.getClientProperty(Ljava/lang/Object;)Ljava/lang/Object; @ 28
Event: 25,950 Thread 0x00007f583428a000 Uncommon trap: reason=class_check action=maybe_recompile pc=0x00007f5831088f50 method=java.lang.String.equals(Ljava/lang/Object;)Z @ 8
Event: 25,950 Thread 0x00007f583428a000 Uncommon trap: reason=class_check action=maybe_recompile pc=0x00007f5831088f50 method=java.lang.String.equals(Ljava/lang/Object;)Z @ 8

Internal exceptions (10 events):
Event: 2,474 Thread 0x00007f583428a000 Threw 0x00000007d8213d60 at /build/java7-openjdk/src/icedtea-2.6.3/openjdk/hotspot/src/share/vm/prims/jvm.cpp:1322
Event: 2,474 Thread 0x00007f583428a000 Threw 0x00000007d821a2f8 at /build/java7-openjdk/src/icedtea-2.6.3/openjdk/hotspot/src/share/vm/prims/jvm.cpp:1322
Event: 2,475 Thread 0x00007f583428a000 Threw 0x00000007d8221120 at /build/java7-openjdk/src/icedtea-2.6.3/openjdk/hotspot/src/share/vm/prims/jvm.cpp:1322
Event: 2,475 Thread 0x00007f583428a000 Threw 0x00000007d8226ae0 at /build/java7-openjdk/src/icedtea-2.6.3/openjdk/hotspot/src/share/vm/prims/jvm.cpp:1322
Event: 2,475 Thread 0x00007f583428a000 Threw 0x00000007d822bd38 at /build/java7-openjdk/src/icedtea-2.6.3/openjdk/hotspot/src/share/vm/prims/jvm.cpp:1322
Event: 2,475 Thread 0x00007f583428a000 Threw 0x00000007d8231800 at /build/java7-openjdk/src/icedtea-2.6.3/openjdk/hotspot/src/share/vm/prims/jvm.cpp:1322
Event: 2,508 Thread 0x00007f583428a000 Threw 0x00000007d82787f8 at /build/java7-openjdk/src/icedtea-2.6.3/openjdk/hotspot/src/share/vm/prims/jvm.cpp:1322
Event: 2,510 Thread 0x00007f583428a000 Threw 0x00000007d827cd70 at /build/java7-openjdk/src/icedtea-2.6.3/openjdk/hotspot/src/share/vm/prims/jvm.cpp:1322
Event: 2,585 Thread 0x00007f57e02fe800 Threw 0x00000007d837b938 at /build/java7-openjdk/src/icedtea-2.6.3/openjdk/hotspot/src/share/vm/prims/jvm.cpp:1322
Event: 19,537 Thread 0x00007f57e02fe800 Implicit null exception at 0x00007f58310fcde0 to 0x00007f58310fd06d

Events (10 events):
Event: 27,529 Executing VM operation: ParallelGCFailedAllocation
Event: 27,530 Executing VM operation: ParallelGCFailedAllocation done
Event: 27,644 Executing VM operation: ParallelGCFailedAllocation
Event: 27,645 Executing VM operation: ParallelGCFailedAllocation done
Event: 27,813 Executing VM operation: ParallelGCFailedAllocation
Event: 27,814 Executing VM operation: ParallelGCFailedAllocation done
Event: 27,923 Executing VM operation: ParallelGCFailedAllocation
Event: 27,924 Executing VM operation: ParallelGCFailedAllocation done
Event: 28,034 Executing VM operation: ParallelGCFailedAllocation
Event: 28,036 Executing VM operation: ParallelGCFailedAllocation done


Dynamic libraries:
00400000-00401000 r-xp 00000000 08:02 15742080                           /usr/lib/jvm/java-7-openjdk/jre/bin/java
00600000-00601000 rw-p 00000000 08:02 15742080                           /usr/lib/jvm/java-7-openjdk/jre/bin/java
01580000-015a1000 rw-p 00000000 00:00 0                                  [heap]
77aa00000-77bf00000 rw-p 00000000 00:00 0 
77bf00000-785000000 rw-p 00000000 00:00 0 
785000000-78a200000 rw-p 00000000 00:00 0 
78a200000-7d7000000 rw-p 00000000 00:00 0 
7d7000000-7e2700000 rw-p 00000000 00:00 0 
7e2700000-7e7000000 ---p 00000000 00:00 0 
7e7000000-800000000 rw-p 00000000 00:00 0 
7f57d0000000-7f57d0e1b000 rw-p 00000000 00:00 0 
7f57d0e1b000-7f57d4000000 ---p 00000000 00:00 0 
7f57d8000000-7f57d8021000 rw-p 00000000 00:00 0 
7f57d8021000-7f57dc000000 ---p 00000000 00:00 0 
7f57dd06d000-7f57dd06e000 ---p 00000000 00:00 0 
7f57dd06e000-7f57dd86e000 rw-p 00000000 00:00 0                          [stack:15463]
7f57dd86e000-7f57dd86f000 ---p 00000000 00:00 0 
7f57dd86f000-7f57de06f000 rw-p 00000000 00:00 0                          [stack:15462]
7f57de06f000-7f57de070000 ---p 00000000 00:00 0 
7f57de070000-7f57de870000 rw-p 00000000 00:00 0                          [stack:15461]
7f57de870000-7f57de873000 ---p 00000000 00:00 0 
7f57de873000-7f57de971000 rw-p 00000000 00:00 0                          [stack:15460]
7f57de971000-7f57de98b000 r-xp 00000000 00:22 137                        /tmp/javacpp26175537828032/libjniopencv_imgcodecs.so
7f57de98b000-7f57deb8a000 ---p 0001a000 00:22 137                        /tmp/javacpp26175537828032/libjniopencv_imgcodecs.so
7f57deb8a000-7f57deb8b000 rw-p 00019000 00:22 137                        /tmp/javacpp26175537828032/libjniopencv_imgcodecs.so
7f57deb8b000-7f57dee24000 r-xp 00000000 00:22 136                        /tmp/javacpp26175537828032/libopencv_imgcodecs.so.3.0
7f57dee24000-7f57df024000 ---p 00299000 00:22 136                        /tmp/javacpp26175537828032/libopencv_imgcodecs.so.3.0
7f57df024000-7f57df031000 rw-p 00299000 00:22 136                        /tmp/javacpp26175537828032/libopencv_imgcodecs.so.3.0
7f57df031000-7f57df03c000 rw-p 00000000 00:00 0 
7f57df03c000-7f57df0f4000 r-xp 00000000 00:22 135                        /tmp/javacpp26175537828032/libjniopencv_imgproc.so
7f57df0f4000-7f57df2f3000 ---p 000b8000 00:22 135                        /tmp/javacpp26175537828032/libjniopencv_imgproc.so
7f57df2f3000-7f57df2f5000 rw-p 000b7000 00:22 135                        /tmp/javacpp26175537828032/libjniopencv_imgproc.so
7f57df2f5000-7f57df48e000 rw-s 00000000 00:05 33062934                   /SYSV00000000 (deleted)
7f57df48e000-7f57df491000 ---p 00000000 00:00 0 
7f57df491000-7f57df58f000 rw-p 00000000 00:00 0                          [stack:15459]
7f57df58f000-7f57df59f000 r-xp 00000000 08:02 15742055                   /usr/lib/jvm/java-7-openjdk/jre/lib/amd64/libnio.so
7f57df59f000-7f57df79f000 ---p 00010000 08:02 15742055                   /usr/lib/jvm/java-7-openjdk/jre/lib/amd64/libnio.so
7f57df79f000-7f57df7a0000 rw-p 00010000 08:02 15742055                   /usr/lib/jvm/java-7-openjdk/jre/lib/amd64/libnio.so
7f57df7a0000-7f57df7b7000 r-xp 00000000 08:02 15742054                   /usr/lib/jvm/java-7-openjdk/jre/lib/amd64/libnet.so
7f57df7b7000-7f57df9b7000 ---p 00017000 08:02 15742054                   /usr/lib/jvm/java-7-openjdk/jre/lib/amd64/libnet.so
7f57df9b7000-7f57df9b8000 rw-p 00017000 08:02 15742054                   /usr/lib/jvm/java-7-openjdk/jre/lib/amd64/libnet.so
7f57df9b8000-7f57dfa0a000 r-xp 00000000 08:02 15742070                   /usr/lib/jvm/java-7-openjdk/jre/lib/amd64/libfontmanager.so
7f57dfa0a000-7f57dfc0a000 ---p 00052000 08:02 15742070                   /usr/lib/jvm/java-7-openjdk/jre/lib/amd64/libfontmanager.so
7f57dfc0a000-7f57dfc0d000 rw-p 00052000 08:02 15742070                   /usr/lib/jvm/java-7-openjdk/jre/lib/amd64/libfontmanager.so
7f57dfc0d000-7f57dfdfd000 r-xp 00000000 00:22 134                        /tmp/javacpp26175537828032/libjniopencv_core.so
7f57dfdfd000-7f57dfffd000 ---p 001f0000 00:22 134                        /tmp/javacpp26175537828032/libjniopencv_core.so
7f57dfffd000-7f57e0000000 rw-p 001f0000 00:22 134                        /tmp/javacpp26175537828032/libjniopencv_core.so
7f57e0000000-7f57e0bf7000 rw-p 00000000 00:00 0 
7f57e0bf7000-7f57e4000000 ---p 00000000 00:00 0 
7f57e4000000-7f57e4021000 rw-p 00000000 00:00 0 
7f57e4021000-7f57e8000000 ---p 00000000 00:00 0 
7f57e8000000-7f57e8021000 rw-p 00000000 00:00 0 
7f57e8021000-7f57ec000000 ---p 00000000 00:00 0 
7f57ec000000-7f57ec021000 rw-p 00000000 00:00 0 
7f57ec021000-7f57f0000000 ---p 00000000 00:00 0 
7f57f0000000-7f57f0021000 rw-p 00000000 00:00 0 
7f57f0021000-7f57f4000000 ---p 00000000 00:00 0 
7f57f4000000-7f57f4021000 rw-p 00000000 00:00 0 
7f57f4021000-7f57f8000000 ---p 00000000 00:00 0 
7f57f8031000-7f57f82fb000 r-xp 00000000 00:22 133                        /tmp/javacpp26175537828032/libopencv_imgproc.so.3.0
7f57f82fb000-7f57f84fb000 ---p 002ca000 00:22 133                        /tmp/javacpp26175537828032/libopencv_imgproc.so.3.0
7f57f84fb000-7f57f850d000 rw-p 002ca000 00:22 133                        /tmp/javacpp26175537828032/libopencv_imgproc.so.3.0
7f57f850d000-7f57f85a2000 rw-p 00000000 00:00 0 
7f57f85a2000-7f57f85c3000 r-xp 00000000 08:02 14947461                   /usr/lib/libgomp.so.1.0.0
7f57f85c3000-7f57f87c3000 ---p 00021000 08:02 14947461                   /usr/lib/libgomp.so.1.0.0
7f57f87c3000-7f57f87c4000 rw-p 00021000 08:02 14947461                   /usr/lib/libgomp.so.1.0.0
7f57f87c4000-7f57f8a5b000 r-xp 00000000 00:22 132                        /tmp/javacpp26175537828032/libopencv_core.so.3.0
7f57f8a5b000-7f57f8c5a000 ---p 00297000 00:22 132                        /tmp/javacpp26175537828032/libopencv_core.so.3.0
7f57f8c5a000-7f57f8c61000 rw-p 00296000 00:22 132                        /tmp/javacpp26175537828032/libopencv_core.so.3.0
7f57f8c61000-7f57f8c64000 rw-p 00000000 00:00 0 
7f57f8c64000-7f57f8c67000 ---p 00000000 00:00 0 
7f57f8c67000-7f57f8d65000 rw-p 00000000 00:00 0 
7f57f8d65000-7f57f8d68000 ---p 00000000 00:00 0 
7f57f8d68000-7f57f8e66000 rw-p 00000000 00:00 0                          [stack:15457]
7f57f8e66000-7f57f8e69000 ---p 00000000 00:00 0 
7f57f8e69000-7f57f8f67000 rw-p 00000000 00:00 0                          [stack:15456]
7f57f8f67000-7f57f8f6a000 ---p 00000000 00:00 0 
7f57f8f6a000-7f57f9068000 rw-p 00000000 00:00 0                          [stack:15455]
7f57f9068000-7f57f906d000 r-xp 00000000 08:02 14947362                   /usr/lib/libXfixes.so.3.1.0
7f57f906d000-7f57f926c000 ---p 00005000 08:02 14947362                   /usr/lib/libXfixes.so.3.1.0
7f57f926c000-7f57f926d000 r--p 00004000 08:02 14947362                   /usr/lib/libXfixes.so.3.1.0
7f57f926d000-7f57f926e000 rw-p 00005000 08:02 14947362                   /usr/lib/libXfixes.so.3.1.0
7f57f926e000-7f57f9278000 r-xp 00000000 08:02 14955981                   /usr/lib/libXcursor.so.1.0.2
7f57f9278000-7f57f9477000 ---p 0000a000 08:02 14955981                   /usr/lib/libXcursor.so.1.0.2
7f57f9477000-7f57f9478000 r--p 00009000 08:02 14955981                   /usr/lib/libXcursor.so.1.0.2
7f57f9478000-7f57f9479000 rw-p 0000a000 08:02 14955981                   /usr/lib/libXcursor.so.1.0.2
7f57f9479000-7f57f947d000 r-xp 00000000 08:02 14947376                   /usr/lib/libattr.so.1.1.0
7f57f947d000-7f57f967c000 ---p 00004000 08:02 14947376                   /usr/lib/libattr.so.1.1.0
7f57f967c000-7f57f967d000 r--p 00003000 08:02 14947376                   /usr/lib/libattr.so.1.1.0
7f57f967d000-7f57f967e000 rw-p 00004000 08:02 14947376                   /usr/lib/libattr.so.1.1.0
7f57f967e000-7f57f9682000 r-xp 00000000 08:02 14947386                   /usr/lib/libcap.so.2.24
7f57f9682000-7f57f9881000 ---p 00004000 08:02 14947386                   /usr/lib/libcap.so.2.24
7f57f9881000-7f57f9882000 rw-p 00003000 08:02 14947386                   /usr/lib/libcap.so.2.24
7f57f9882000-7f57f9894000 r-xp 00000000 08:02 14947462                   /usr/lib/libgpg-error.so.0.16.0
7f57f9894000-7f57f9a93000 ---p 00012000 08:02 14947462                   /usr/lib/libgpg-error.so.0.16.0
7f57f9a93000-7f57f9a94000 r--p 00011000 08:02 14947462                   /usr/lib/libgpg-error.so.0.16.0
7f57f9a94000-7f57f9a95000 rw-p 00012000 08:02 14947462                   /usr/lib/libgpg-error.so.0.16.0
7f57f9a95000-7f57f9b6d000 r-xp 00000000 08:02 14947444                   /usr/lib/libgcrypt.so.20.0.4
7f57f9b6d000-7f57f9d6d000 ---p 000d8000 08:02 14947444                   /usr/lib/libgcrypt.so.20.0.4
7f57f9d6d000-7f57f9d6e000 r--p 000d8000 08:02 14947444                   /usr/lib/libgcrypt.so.20.0.4
7f57f9d6e000-7f57f9d76000 rw-p 000d9000 08:02 14947444                   /usr/lib/libgcrypt.so.20.0.4
7f57f9d76000-7f57f9d77000 rw-p 00000000 00:00 0 
7f57f9d77000-7f57f9d88000 r-xp 00000000 08:02 14947501                   /usr/lib/liblz4.so.1.7.1
7f57f9d88000-7f57f9f87000 ---p 00011000 08:02 14947501                   /usr/lib/liblz4.so.1.7.1
7f57f9f87000-7f57f9f88000 r--p 00010000 08:02 14947501                   /usr/lib/liblz4.so.1.7.1
7f57f9f88000-7f57f9f89000 rw-p 00011000 08:02 14947501                   /usr/lib/liblz4.so.1.7.1
7f57f9f89000-7f57f9fae000 r-xp 00000000 08:02 14943014                   /usr/lib/liblzma.so.5.2.2
7f57f9fae000-7f57fa1ad000 ---p 00025000 08:02 14943014                   /usr/lib/liblzma.so.5.2.2
7f57fa1ad000-7f57fa1ae000 r--p 00024000 08:02 14943014                   /usr/lib/liblzma.so.5.2.2
7f57fa1ae000-7f57fa1af000 rw-p 00025000 08:02 14943014                   /usr/lib/liblzma.so.5.2.2
7f57fa1af000-7f57fa1d8000 r-xp 00000000 08:02 14955009                   /usr/lib/libgraphite2.so.3.0.1
7f57fa1d8000-7f57fa3d7000 ---p 00029000 08:02 14955009                   /usr/lib/libgraphite2.so.3.0.1
7f57fa3d7000-7f57fa3d9000 r--p 00028000 08:02 14955009                   /usr/lib/libgraphite2.so.3.0.1
7f57fa3d9000-7f57fa3da000 rw-p 0002a000 08:02 14955009                   /usr/lib/libgraphite2.so.3.0.1
7f57fa3da000-7f57fa46b000 r-xp 00000000 08:02 14945771                   /usr/lib/libgmp.so.10.3.0
7f57fa46b000-7f57fa66b000 ---p 00091000 08:02 14945771                   /usr/lib/libgmp.so.10.3.0
7f57fa66b000-7f57fa66c000 r--p 00091000 08:02 14945771                   /usr/lib/libgmp.so.10.3.0
7f57fa66c000-7f57fa66d000 rw-p 00092000 08:02 14945771                   /usr/lib/libgmp.so.10.3.0
7f57fa66d000-7f57fa69f000 r-xp 00000000 08:02 14947473                   /usr/lib/libhogweed.so.4.1
7f57fa69f000-7f57fa89f000 ---p 00032000 08:02 14947473                   /usr/lib/libhogweed.so.4.1
7f57fa89f000-7f57fa8a0000 r--p 00032000 08:02 14947473                   /usr/lib/libhogweed.so.4.1
7f57fa8a0000-7f57fa8a1000 rw-p 00033000 08:02 14947473                   /usr/lib/libhogweed.so.4.1
7f57fa8a1000-7f57fa8d7000 r-xp 00000000 08:02 14947524                   /usr/lib/libnettle.so.6.1
7f57fa8d7000-7f57faad6000 ---p 00036000 08:02 14947524                   /usr/lib/libnettle.so.6.1
7f57faad6000-7f57faad8000 r--p 00035000 08:02 14947524                   /usr/lib/libnettle.so.6.1
7f57faad8000-7f57faad9000 rw-p 00037000 08:02 14947524                   /usr/lib/libnettle.so.6.1
7f57faad9000-7f57faaeb000 r-xp 00000000 08:02 14947613                   /usr/lib/libtasn1.so.6.5.1
7f57faaeb000-7f57facea000 ---p 00012000 08:02 14947613                   /usr/lib/libtasn1.so.6.5.1
7f57facea000-7f57faceb000 r--p 00011000 08:02 14947613                   /usr/lib/libtasn1.so.6.5.1
7f57faceb000-7f57facec000 rw-p 00012000 08:02 14947613                   /usr/lib/libtasn1.so.6.5.1
7f57facec000-7f57fad46000 r-xp 00000000 08:02 14947558                   /usr/lib/libp11-kit.so.0.1.0
7f57fad46000-7f57faf45000 ---p 0005a000 08:02 14947558                   /usr/lib/libp11-kit.so.0.1.0
7f57faf45000-7f57faf4f000 r--p 00059000 08:02 14947558                   /usr/lib/libp11-kit.so.0.1.0
7f57faf4f000-7f57faf51000 rw-p 00063000 08:02 14947558                   /usr/lib/libp11-kit.so.0.1.0
7f57faf51000-7f57faf54000 r-xp 00000000 08:02 14947488                   /usr/lib/libkeyutils.so.1.5
7f57faf54000-7f57fb153000 ---p 00003000 08:02 14947488                   /usr/lib/libkeyutils.so.1.5
7f57fb153000-7f57fb154000 r--p 00002000 08:02 14947488                   /usr/lib/libkeyutils.so.1.5
7f57fb154000-7f57fb155000 rw-p 00003000 08:02 14947488                   /usr/lib/libkeyutils.so.1.5
7f57fb155000-7f57fb161000 r-xp 00000000 08:02 14947493                   /usr/lib/libkrb5support.so.0.1
7f57fb161000-7f57fb360000 ---p 0000c000 08:02 14947493                   /usr/lib/libkrb5support.so.0.1
7f57fb360000-7f57fb361000 r--p 0000b000 08:02 14947493                   /usr/lib/libkrb5support.so.0.1
7f57fb361000-7f57fb362000 rw-p 0000c000 08:02 14947493                   /usr/lib/libkrb5support.so.0.1
7f57fb362000-7f57fb367000 r-xp 00000000 08:02 14947360                   /usr/lib/libXdmcp.so.6.0.0
7f57fb367000-7f57fb566000 ---p 00005000 08:02 14947360                   /usr/lib/libXdmcp.so.6.0.0
7f57fb566000-7f57fb567000 r--p 00004000 08:02 14947360                   /usr/lib/libXdmcp.so.6.0.0
7f57fb567000-7f57fb568000 rw-p 00005000 08:02 14947360                   /usr/lib/libXdmcp.so.6.0.0
7f57fb568000-7f57fb56a000 r-xp 00000000 08:02 14947358                   /usr/lib/libXau.so.6.0.0
7f57fb56a000-7f57fb76a000 ---p 00002000 08:02 14947358                   /usr/lib/libXau.so.6.0.0
7f57fb76a000-7f57fb76b000 r--p 00002000 08:02 14947358                   /usr/lib/libXau.so.6.0.0
7f57fb76b000-7f57fb76c000 rw-p 00003000 08:02 14947358                   /usr/lib/libXau.so.6.0.0
7f57fb76c000-7f57fb7db000 r-xp 00000000 08:02 14947569                   /usr/lib/libpcre.so.1.2.5
7f57fb7db000-7f57fb9da000 ---p 0006f000 08:02 14947569                   /usr/lib/libpcre.so.1.2.5
7f57fb9da000-7f57fb9db000 r--p 0006e000 08:02 14947569                   /usr/lib/libpcre.so.1.2.5
7f57fb9db000-7f57fb9dc000 rw-p 0006f000 08:02 14947569                   /usr/lib/libpcre.so.1.2.5
7f57fb9dc000-7f57fb9e4000 r-xp 00000000 08:02 14947435                   /usr/lib/libffi.so.6.0.4
7f57fb9e4000-7f57fbbe3000 ---p 00008000 08:02 14947435                   /usr/lib/libffi.so.6.0.4
7f57fbbe3000-7f57fbbe4000 r--p 00007000 08:02 14947435                   /usr/lib/libffi.so.6.0.4
7f57fbbe4000-7f57fbbe5000 rw-p 00008000 08:02 14947435                   /usr/lib/libffi.so.6.0.4
7f57fbbe5000-7f57fbbf9000 r-xp 00000000 08:02 14947591                   /usr/lib/libresolv-2.22.so
7f57fbbf9000-7f57fbdf8000 ---p 00014000 08:02 14947591                   /usr/lib/libresolv-2.22.so
7f57fbdf8000-7f57fbdf9000 r--p 00013000 08:02 14947591                   /usr/lib/libresolv-2.22.so
7f57fbdf9000-7f57fbdfa000 rw-p 00014000 08:02 14947591                   /usr/lib/libresolv-2.22.so
7f57fbdfa000-7f57fbdfc000 rw-p 00000000 00:00 0 
7f57fbdfc000-7f57fbdff000 r-xp 00000000 08:02 14945767                   /usr/lib/libgmodule-2.0.so.0.4600.2
7f57fbdff000-7f57fbffe000 ---p 00003000 08:02 14945767                   /usr/lib/libgmodule-2.0.so.0.4600.2
7f57fbffe000-7f57fbfff000 r--p 00002000 08:02 14945767                   /usr/lib/libgmodule-2.0.so.0.4600.2
7f57fbfff000-7f57fc000000 rw-p 00003000 08:02 14945767                   /usr/lib/libgmodule-2.0.so.0.4600.2
7f57fc000000-7f57fc39f000 rw-p 00000000 00:00 0 
7f57fc39f000-7f5800000000 ---p 00000000 00:00 0 
7f5800000000-7f5800021000 rw-p 00000000 00:00 0 
7f5800021000-7f5804000000 ---p 00000000 00:00 0 
7f5804000000-7f5804021000 rw-p 00000000 00:00 0 
7f5804021000-7f5808000000 ---p 00000000 00:00 0 
7f5808000000-7f5808694000 rw-p 00000000 00:00 0 
7f5808694000-7f580c000000 ---p 00000000 00:00 0 
7f580c000000-7f580c021000 rw-p 00000000 00:00 0 
7f580c021000-7f5810000000 ---p 00000000 00:00 0 
7f5810000000-7f5810021000 rw-p 00000000 00:00 0 
7f5810021000-7f5814000000 ---p 00000000 00:00 0 
7f5814000000-7f5814021000 rw-p 00000000 00:00 0 
7f5814021000-7f5818000000 ---p 00000000 00:00 0 
7f5818000000-7f5818021000 rw-p 00000000 00:00 0 
7f5818021000-7f581c000000 ---p 00000000 00:00 0 
7f581c000000-7f581c021000 rw-p 00000000 00:00 0 
7f581c021000-7f5820000000 ---p 00000000 00:00 0 
7f5820000000-7f5820021000 rw-p 00000000 00:00 0 
7f5820021000-7f5824000000 ---p 00000000 00:00 0 
7f58240a9000-7f58240ac000 ---p 00000000 00:00 0 
7f58240ac000-7f58241aa000 rw-p 00000000 00:00 0                          [stack:15454]
7f58241aa000-7f582420c000 r-xp 00000000 08:02 14953538                   /usr/lib/libharfbuzz.so.0.10102.0
7f582420c000-7f582440c000 ---p 00062000 08:02 14953538                   /usr/lib/libharfbuzz.so.0.10102.0
7f582440c000-7f582440d000 r--p 00062000 08:02 14953538                   /usr/lib/libharfbuzz.so.0.10102.0
7f582440d000-7f582440e000 rw-p 00063000 08:02 14953538                   /usr/lib/libharfbuzz.so.0.10102.0
7f582440e000-7f5824442000 r-xp 00000000 08:02 14953416                   /usr/lib/libpng16.so.16.19.0
7f5824442000-7f5824641000 ---p 00034000 08:02 14953416                   /usr/lib/libpng16.so.16.19.0
7f5824641000-7f5824642000 r--p 00033000 08:02 14953416                   /usr/lib/libpng16.so.16.19.0
7f5824642000-7f5824643000 rw-p 00034000 08:02 14953416                   /usr/lib/libpng16.so.16.19.0
7f5824643000-7f5824652000 r-xp 00000000 08:02 14947380                   /usr/lib/libbz2.so.1.0.6
7f5824652000-7f5824851000 ---p 0000f000 08:02 14947380                   /usr/lib/libbz2.so.1.0.6
7f5824851000-7f5824853000 rw-p 0000e000 08:02 14947380                   /usr/lib/libbz2.so.1.0.6
7f5824853000-7f582487a000 r-xp 00000000 08:02 14947432                   /usr/lib/libexpat.so.1.6.0
7f582487a000-7f5824a79000 ---p 00027000 08:02 14947432                   /usr/lib/libexpat.so.1.6.0
7f5824a79000-7f5824a7c000 r--p 00026000 08:02 14947432                   /usr/lib/libexpat.so.1.6.0
7f5824a7c000-7f5824a7d000 rw-p 00029000 08:02 14947432                   /usr/lib/libexpat.so.1.6.0
7f5824a7d000-7f5824a85000 r-xp 00000000 08:02 14947394                   /usr/lib/libcrypt-2.22.so
7f5824a85000-7f5824c85000 ---p 00008000 08:02 14947394                   /usr/lib/libcrypt-2.22.so
7f5824c85000-7f5824c86000 r--p 00008000 08:02 14947394                   /usr/lib/libcrypt-2.22.so
7f5824c86000-7f5824c87000 rw-p 00009000 08:02 14947394                   /usr/lib/libcrypt-2.22.so
7f5824c87000-7f5824cb5000 rw-p 00000000 00:00 0 
7f5824cb5000-7f5824d03000 r-xp 00000000 08:02 14951274                   /usr/lib/libdbus-1.so.3.14.5
7f5824d03000-7f5824f03000 ---p 0004e000 08:02 14951274                   /usr/lib/libdbus-1.so.3.14.5
7f5824f03000-7f5824f04000 r--p 0004e000 08:02 14951274                   /usr/lib/libdbus-1.so.3.14.5
7f5824f04000-7f5824f05000 rw-p 0004f000 08:02 14951274                   /usr/lib/libdbus-1.so.3.14.5
7f5824f05000-7f5824f06000 rw-p 00000000 00:00 0 
7f5824f06000-7f5824f16000 r-xp 00000000 08:02 14949079                   /usr/lib/libavahi-client.so.3.2.9
7f5824f16000-7f5825115000 ---p 00010000 08:02 14949079                   /usr/lib/libavahi-client.so.3.2.9
7f5825115000-7f5825116000 r--p 0000f000 08:02 14949079                   /usr/lib/libavahi-client.so.3.2.9
7f5825116000-7f5825117000 rw-p 00010000 08:02 14949079                   /usr/lib/libavahi-client.so.3.2.9
7f5825117000-7f5825123000 r-xp 00000000 08:02 14949076                   /usr/lib/libavahi-common.so.3.5.3
7f5825123000-7f5825322000 ---p 0000c000 08:02 14949076                   /usr/lib/libavahi-common.so.3.5.3
7f5825322000-7f5825323000 r--p 0000b000 08:02 14949076                   /usr/lib/libavahi-common.so.3.5.3
7f5825323000-7f5825324000 rw-p 0000c000 08:02 14949076                   /usr/lib/libavahi-common.so.3.5.3
7f5825324000-7f582544b000 r-xp 00000000 08:02 14945778                   /usr/lib/libgnutls.so.30.5.0
7f582544b000-7f582564b000 ---p 00127000 08:02 14945778                   /usr/lib/libgnutls.so.30.5.0
7f582564b000-7f5825656000 r--p 00127000 08:02 14945778                   /usr/lib/libgnutls.so.30.5.0
7f5825656000-7f5825659000 rw-p 00132000 08:02 14945778                   /usr/lib/libgnutls.so.30.5.0
7f5825659000-7f582565a000 rw-p 00000000 00:00 0 
7f582565a000-7f582565d000 r-xp 00000000 08:02 14947390                   /usr/lib/libcom_err.so.2.1
7f582565d000-7f582585c000 ---p 00003000 08:02 14947390                   /usr/lib/libcom_err.so.2.1
7f582585c000-7f582585d000 r--p 00002000 08:02 14947390                   /usr/lib/libcom_err.so.2.1
7f582585d000-7f582585e000 rw-p 00003000 08:02 14947390                   /usr/lib/libcom_err.so.2.1
7f582585e000-7f582588c000 r-xp 00000000 08:02 14947483                   /usr/lib/libk5crypto.so.3.1
7f582588c000-7f5825a8b000 ---p 0002e000 08:02 14947483                   /usr/lib/libk5crypto.so.3.1
7f5825a8b000-7f5825a8d000 r--p 0002d000 08:02 14947483                   /usr/lib/libk5crypto.so.3.1
7f5825a8d000-7f5825a8e000 rw-p 0002f000 08:02 14947483                   /usr/lib/libk5crypto.so.3.1
7f5825a8e000-7f5825a8f000 rw-p 00000000 00:00 0 
7f5825a8f000-7f5825b64000 r-xp 00000000 08:02 14947492                   /usr/lib/libkrb5.so.3.3
7f5825b64000-7f5825d64000 ---p 000d5000 08:02 14947492                   /usr/lib/libkrb5.so.3.3
7f5825d64000-7f5825d71000 r--p 000d5000 08:02 14947492                   /usr/lib/libkrb5.so.3.3
7f5825d71000-7f5825d74000 rw-p 000e2000 08:02 14947492                   /usr/lib/libkrb5.so.3.3
7f5825d74000-7f5825dbe000 r-xp 00000000 08:02 14947465                   /usr/lib/libgssapi_krb5.so.2.2
7f5825dbe000-7f5825fbd000 ---p 0004a000 08:02 14947465                   /usr/lib/libgssapi_krb5.so.2.2
7f5825fbd000-7f5825fbf000 r--p 00049000 08:02 14947465                   /usr/lib/libgssapi_krb5.so.2.2
7f5825fbf000-7f5825fc1000 rw-p 0004b000 08:02 14947465                   /usr/lib/libgssapi_krb5.so.2.2
7f5825fc1000-7f5825fe2000 r-xp 00000000 08:02 14947661                   /usr/lib/libxcb.so.1.1.0
7f5825fe2000-7f58261e2000 ---p 00021000 08:02 14947661                   /usr/lib/libxcb.so.1.1.0
7f58261e2000-7f58261e3000 r--p 00021000 08:02 14947661                   /usr/lib/libxcb.so.1.1.0
7f58261e3000-7f58261e4000 rw-p 00022000 08:02 14947661                   /usr/lib/libxcb.so.1.1.0
7f58261e4000-7f58262f0000 r-xp 00000000 08:02 14945764                   /usr/lib/libglib-2.0.so.0.4600.2
7f58262f0000-7f58264ef000 ---p 0010c000 08:02 14945764                   /usr/lib/libglib-2.0.so.0.4600.2
7f58264ef000-7f58264f0000 r--p 0010b000 08:02 14945764                   /usr/lib/libglib-2.0.so.0.4600.2
7f58264f0000-7f58264f1000 rw-p 0010c000 08:02 14945764                   /usr/lib/libglib-2.0.so.0.4600.2
7f58264f1000-7f58264f2000 rw-p 00000000 00:00 0 
7f58264f2000-7f5826543000 r-xp 00000000 08:02 14945769                   /usr/lib/libgobject-2.0.so.0.4600.2
7f5826543000-7f5826742000 ---p 00051000 08:02 14945769                   /usr/lib/libgobject-2.0.so.0.4600.2
7f5826742000-7f5826743000 r--p 00050000 08:02 14945769                   /usr/lib/libgobject-2.0.so.0.4600.2
7f5826743000-7f5826744000 rw-p 00051000 08:02 14945769                   /usr/lib/libgobject-2.0.so.0.4600.2
7f5826744000-7f58268bc000 r-xp 00000000 08:02 14945770                   /usr/lib/libgio-2.0.so.0.4600.2
7f58268bc000-7f5826abb000 ---p 00178000 08:02 14945770                   /usr/lib/libgio-2.0.so.0.4600.2
7f5826abb000-7f5826abf000 r--p 00177000 08:02 14945770                   /usr/lib/libgio-2.0.so.0.4600.2
7f5826abf000-7f5826ac1000 rw-p 0017b000 08:02 14945770                   /usr/lib/libgio-2.0.so.0.4600.2
7f5826ac1000-7f5826ac3000 rw-p 00000000 00:00 0 
7f5826ac3000-7f5826b7a000 r-xp 00000000 08:02 14956821                   /usr/lib/libfreetype.so.6.12.1
7f5826b7a000-7f5826d79000 ---p 000b7000 08:02 14956821                   /usr/lib/libfreetype.so.6.12.1
7f5826d79000-7f5826d7f000 r--p 000b6000 08:02 14956821                   /usr/lib/libfreetype.so.6.12.1
7f5826d7f000-7f5826d80000 rw-p 000bc000 08:02 14956821                   /usr/lib/libfreetype.so.6.12.1
7f5826d80000-7f5826dbd000 r-xp 00000000 08:02 14956159                   /usr/lib/libfontconfig.so.1.8.0
7f5826dbd000-7f5826fbc000 ---p 0003d000 08:02 14956159                   /usr/lib/libfontconfig.so.1.8.0
7f5826fbc000-7f5826fbe000 r--p 0003c000 08:02 14956159                   /usr/lib/libfontconfig.so.1.8.0
7f5826fbe000-7f5826fbf000 rw-p 0003e000 08:02 14956159                   /usr/lib/libfontconfig.so.1.8.0
7f5826fbf000-7f5827039000 r-xp 00000000 08:02 14956104                   /usr/lib/libcups.so.2
7f5827039000-7f5827239000 ---p 0007a000 08:02 14956104                   /usr/lib/libcups.so.2
7f5827239000-7f5827241000 rw-p 0007a000 08:02 14956104                   /usr/lib/libcups.so.2
7f5827241000-7f5827250000 r-xp 00000000 08:02 14955984                   /usr/lib/libXi.so.6.1.0
7f5827250000-7f582744f000 ---p 0000f000 08:02 14955984                   /usr/lib/libXi.so.6.1.0
7f582744f000-7f5827450000 r--p 0000e000 08:02 14955984                   /usr/lib/libXi.so.6.1.0
7f5827450000-7f5827451000 rw-p 0000f000 08:02 14955984                   /usr/lib/libXi.so.6.1.0
7f5827451000-7f5827456000 r-xp 00000000 08:02 14955993                   /usr/lib/libXtst.so.6.1.0
7f5827456000-7f5827655000 ---p 00005000 08:02 14955993                   /usr/lib/libXtst.so.6.1.0
7f5827655000-7f5827656000 r--p 00004000 08:02 14955993                   /usr/lib/libXtst.so.6.1.0
7f5827656000-7f5827657000 rw-p 00005000 08:02 14955993                   /usr/lib/libXtst.so.6.1.0
7f5827657000-7f5827660000 r-xp 00000000 08:02 14955990                   /usr/lib/libXrender.so.1.3.0
7f5827660000-7f582785f000 ---p 00009000 08:02 14955990                   /usr/lib/libXrender.so.1.3.0
7f582785f000-7f5827860000 r--p 00008000 08:02 14955990                   /usr/lib/libXrender.so.1.3.0
7f5827860000-7f5827861000 rw-p 00009000 08:02 14955990                   /usr/lib/libXrender.so.1.3.0
7f5827861000-7f582799c000 r-xp 00000000 08:02 14947357                   /usr/lib/libX11.so.6.3.0
7f582799c000-7f5827b9b000 ---p 0013b000 08:02 14947357                   /usr/lib/libX11.so.6.3.0
7f5827b9b000-7f5827b9d000 r--p 0013a000 08:02 14947357                   /usr/lib/libX11.so.6.3.0
7f5827b9d000-7f5827ba2000 rw-p 0013c000 08:02 14947357                   /usr/lib/libX11.so.6.3.0
7f5827ba2000-7f5827ba3000 rw-p 00000000 00:00 0 
7f5827ba3000-7f5827bb4000 r-xp 00000000 08:02 14947361                   /usr/lib/libXext.so.6.4.0
7f5827bb4000-7f5827db3000 ---p 00011000 08:02 14947361                   /usr/lib/libXext.so.6.4.0
7f5827db3000-7f5827db4000 r--p 00010000 08:02 14947361                   /usr/lib/libXext.so.6.4.0
7f5827db4000-7f5827db5000 rw-p 00011000 08:02 14947361                   /usr/lib/libXext.so.6.4.0
7f5827db5000-7f5827dfc000 r-xp 00000000 08:02 16130267                   /usr/lib/jvm/java-7-openjdk/jre/lib/amd64/xawt/libmawt.so
7f5827dfc000-7f5827ffc000 ---p 00047000 08:02 16130267                   /usr/lib/jvm/java-7-openjdk/jre/lib/amd64/xawt/libmawt.so
7f5827ffc000-7f5827fff000 rw-p 00047000 08:02 16130267                   /usr/lib/jvm/java-7-openjdk/jre/lib/amd64/xawt/libmawt.so
7f5827fff000-7f5828000000 rw-p 00000000 00:00 0 
7f5828000000-7f5828021000 rw-p 00000000 00:00 0 
7f5828021000-7f582c000000 ---p 00000000 00:00 0 
7f582c0aa000-7f582c0fa000 rw-s 00000000 00:05 33619991                   /SYSV00000000 (deleted)
7f582c0fa000-7f582c179000 r-xp 00000000 08:02 14947608                   /usr/lib/libsystemd.so.0.12.0
7f582c179000-7f582c17a000 ---p 0007f000 08:02 14947608                   /usr/lib/libsystemd.so.0.12.0
7f582c17a000-7f582c17d000 r--p 0007f000 08:02 14947608                   /usr/lib/libsystemd.so.0.12.0
7f582c17d000-7f582c17e000 rw-p 00082000 08:02 14947608                   /usr/lib/libsystemd.so.0.12.0
7f582c17e000-7f582c21c000 r-xp 00000000 08:02 15742067                   /usr/lib/jvm/java-7-openjdk/jre/lib/amd64/libawt.so
7f582c21c000-7f582c41c000 ---p 0009e000 08:02 15742067                   /usr/lib/jvm/java-7-openjdk/jre/lib/amd64/libawt.so
7f582c41c000-7f582c428000 rw-p 0009e000 08:02 15742067                   /usr/lib/jvm/java-7-openjdk/jre/lib/amd64/libawt.so
7f582c428000-7f582c44c000 rw-p 00000000 00:00 0 
7f582c44c000-7f582c44d000 ---p 00000000 00:00 0 
7f582c44d000-7f582c54d000 rw-p 00000000 00:00 0                          [stack:15453]
7f582c54d000-7f582c550000 ---p 00000000 00:00 0 
7f582c550000-7f582c64e000 rw-p 00000000 00:00 0                          [stack:15452]
7f582c64e000-7f582c651000 ---p 00000000 00:00 0 
7f582c651000-7f582c74f000 rw-p 00000000 00:00 0                          [stack:15451]
7f582c74f000-7f582c752000 ---p 00000000 00:00 0 
7f582c752000-7f582c850000 rw-p 00000000 00:00 0                          [stack:15450]
7f582c850000-7f582c853000 ---p 00000000 00:00 0 
7f582c853000-7f582c951000 rw-p 00000000 00:00 0                          [stack:15449]
7f582c951000-7f582cc4f000 r--p 00000000 08:02 14956685                   /usr/lib/locale/locale-archive
7f582cc4f000-7f582cc52000 ---p 00000000 00:00 0 
7f582cc52000-7f5831000000 rw-p 00000000 00:00 0                          [stack:15448]
7f5831000000-7f5831270000 rwxp 00000000 00:00 0 
7f5831270000-7f58342b2000 rw-p 00000000 00:00 0 
7f58342b2000-7f5838000000 ---p 00000000 00:00 0 
7f583804d000-7f583804e000 rw-p 00000000 00:00 0 
7f583804e000-7f5838058000 r--s 000ae000 08:02 15740968                   /usr/lib/jvm/java-7-openjdk/jre/lib/resources.jar
7f5838058000-7f5838088000 r--p 00000000 08:02 15467783                   /usr/share/locale/ru/LC_MESSAGES/libc.mo
7f5838088000-7f5838089000 r--s 00009000 08:02 2622325                    /home/fedor-m/.m2/repository/org/bytedeco/javacpp-presets/flandmark/1.07-1.1/flandmark-1.07-1.1-linux-x86_64.jar
7f5838089000-7f583808a000 r--s 00002000 08:02 2622323                    /home/fedor-m/.m2/repository/org/bytedeco/javacpp-presets/flandmark/1.07-1.1/flandmark-1.07-1.1.jar
7f583808a000-7f583808c000 r--s 0002a000 08:02 2622321                    /home/fedor-m/.m2/repository/org/bytedeco/javacpp-presets/artoolkitplus/2.3.1-1.1/artoolkitplus-2.3.1-1.1-linux-x86_64.jar
7f583808c000-7f583808d000 r--s 00005000 08:02 2622319                    /home/fedor-m/.m2/repository/org/bytedeco/javacpp-presets/artoolkitplus/2.3.1-1.1/artoolkitplus-2.3.1-1.1.jar
7f583808d000-7f583808e000 r--s 00000000 08:02 2622317                    /home/fedor-m/.m2/repository/org/bytedeco/javacpp-presets/videoinput/0.200-1.1/videoinput-0.200-1.1-linux-x86_64.jar
7f583808e000-7f583808f000 r--s 00003000 08:02 2622315                    /home/fedor-m/.m2/repository/org/bytedeco/javacpp-presets/videoinput/0.200-1.1/videoinput-0.200-1.1.jar
7f583808f000-7f5838090000 r--s 00014000 08:02 2622313                    /home/fedor-m/.m2/repository/org/bytedeco/javacpp-presets/libfreenect/0.5.3-1.1/libfreenect-0.5.3-1.1-linux-x86_64.jar
7f5838090000-7f5838092000 r--s 00004000 08:02 2622311                    /home/fedor-m/.m2/repository/org/bytedeco/javacpp-presets/libfreenect/0.5.3-1.1/libfreenect-0.5.3-1.1.jar
7f5838092000-7f5838093000 r--s 00027000 08:02 2622309                    /home/fedor-m/.m2/repository/org/bytedeco/javacpp-presets/libdc1394/2.2.3-1.1/libdc1394-2.2.3-1.1-linux-x86_64.jar
7f5838093000-7f5838095000 r--s 00006000 08:02 2622307                    /home/fedor-m/.m2/repository/org/bytedeco/javacpp-presets/libdc1394/2.2.3-1.1/libdc1394-2.2.3-1.1.jar
7f5838095000-7f5838097000 r--s 0003a000 08:02 2622305                    /home/fedor-m/.m2/repository/org/bytedeco/javacpp-presets/flycapture/2.8.3.1-1.1/flycapture-2.8.3.1-1.1-linux-x86_64.jar
7f5838097000-7f583809b000 r--s 0001f000 08:02 2622303                    /home/fedor-m/.m2/repository/org/bytedeco/javacpp-presets/flycapture/2.8.3.1-1.1/flycapture-2.8.3.1-1.1.jar
7f583809b000-7f58380a2000 r--s 00033000 08:02 2622299                    /home/fedor-m/.m2/repository/org/bytedeco/javacpp-presets/ffmpeg/2.8.1-1.1/ffmpeg-2.8.1-1.1.jar
7f58380a2000-7f58380a4000 r--s 0076b000 08:02 2622297                    /home/fedor-m/.m2/repository/org/bytedeco/javacpp-presets/opencv/3.0.0-1.1/opencv-3.0.0-1.1-linux-x86_64.jar
7f58380a4000-7f58380b3000 r--s 00088000 08:02 2622295                    /home/fedor-m/.m2/repository/org/bytedeco/javacpp-presets/opencv/3.0.0-1.1/opencv-3.0.0-1.1.jar
7f58380b3000-7f58380b7000 r--s 0003a000 08:02 2622327                    /home/fedor-m/.m2/repository/org/bytedeco/javacpp/1.1/javacpp-1.1.jar
7f58380b7000-7f58380c2000 r--s 00203000 08:02 15740966                   /usr/lib/jvm/java-7-openjdk/jre/lib/charsets.jar
7f58380c2000-7f58380c5000 ---p 00000000 00:00 0 
7f58380c5000-7f58381c3000 rw-p 00000000 00:00 0                          [stack:15447]
7f58381c3000-7f58381c4000 ---p 00000000 00:00 0 
7f58381c4000-7f58392c1000 rw-p 00000000 00:00 0                          [stack:15446]
7f58392c1000-7f5839473000 r--s 01d2e000 08:02 15740967                   /usr/lib/jvm/java-7-openjdk/jre/lib/rt.jar
7f5839473000-7f5839997000 rw-p 00000000 00:00 0 
7f5839997000-7f5839998000 ---p 00000000 00:00 0 
7f5839998000-7f5839a98000 rw-p 00000000 00:00 0                          [stack:15445]
7f5839a98000-7f5839a99000 ---p 00000000 00:00 0 
7f5839a99000-7f5839b99000 rw-p 00000000 00:00 0                          [stack:15444]
7f5839b99000-7f5839b9a000 ---p 00000000 00:00 0 
7f5839b9a000-7f5839c9a000 rw-p 00000000 00:00 0                          [stack:15443]
7f5839c9a000-7f5839c9b000 ---p 00000000 00:00 0 
7f5839c9b000-7f5839da6000 rw-p 00000000 00:00 0                          [stack:15442]
7f5839da6000-7f5839dee000 rw-p 00000000 00:00 0 
7f5839dee000-7f5839e17000 rw-p 00000000 00:00 0 
7f5839e17000-7f583a07e000 rw-p 00000000 00:00 0 
7f583a07e000-7f583a089000 rw-p 00000000 00:00 0 
7f583a089000-7f583a0d1000 rw-p 00000000 00:00 0 
7f583a0d1000-7f583a0fa000 rw-p 00000000 00:00 0 
7f583a0fa000-7f583a361000 rw-p 00000000 00:00 0 
7f583a361000-7f583a3bd000 rw-p 00000000 00:00 0 
7f583a3bd000-7f583a3e1000 ---p 00000000 00:00 0 
7f583a3e1000-7f583a4a9000 rw-p 00000000 00:00 0 
7f583a4a9000-7f583a4aa000 rw-p 00000000 00:00 0 
7f583a4aa000-7f583a4b2000 r-xp 00000000 08:02 15742053                   /usr/lib/jvm/java-7-openjdk/jre/lib/amd64/libzip.so
7f583a4b2000-7f583a6b1000 ---p 00008000 08:02 15742053                   /usr/lib/jvm/java-7-openjdk/jre/lib/amd64/libzip.so
7f583a6b1000-7f583a6b2000 rw-p 00007000 08:02 15742053                   /usr/lib/jvm/java-7-openjdk/jre/lib/amd64/libzip.so
7f583a6b2000-7f583a6bd000 r-xp 00000000 08:02 14947543                   /usr/lib/libnss_files-2.22.so
7f583a6bd000-7f583a8bc000 ---p 0000b000 08:02 14947543                   /usr/lib/libnss_files-2.22.so
7f583a8bc000-7f583a8bd000 r--p 0000a000 08:02 14947543                   /usr/lib/libnss_files-2.22.so
7f583a8bd000-7f583a8be000 rw-p 0000b000 08:02 14947543                   /usr/lib/libnss_files-2.22.so
7f583a8be000-7f583a8c4000 rw-p 00000000 00:00 0 
7f583a8c4000-7f583a8ef000 r-xp 00000000 08:02 15742052                   /usr/lib/jvm/java-7-openjdk/jre/lib/amd64/libjava.so
7f583a8ef000-7f583aaef000 ---p 0002b000 08:02 15742052                   /usr/lib/jvm/java-7-openjdk/jre/lib/amd64/libjava.so
7f583aaef000-7f583aaf1000 rw-p 0002b000 08:02 15742052                   /usr/lib/jvm/java-7-openjdk/jre/lib/amd64/libjava.so
7f583aaf1000-7f583aafe000 r-xp 00000000 08:02 15742051                   /usr/lib/jvm/java-7-openjdk/jre/lib/amd64/libverify.so
7f583aafe000-7f583acfd000 ---p 0000d000 08:02 15742051                   /usr/lib/jvm/java-7-openjdk/jre/lib/amd64/libverify.so
7f583acfd000-7f583acff000 rw-p 0000c000 08:02 15742051                   /usr/lib/jvm/java-7-openjdk/jre/lib/amd64/libverify.so
7f583acff000-7f583ad06000 r-xp 00000000 08:02 14947594                   /usr/lib/librt-2.22.so
7f583ad06000-7f583af05000 ---p 00007000 08:02 14947594                   /usr/lib/librt-2.22.so
7f583af05000-7f583af06000 r--p 00006000 08:02 14947594                   /usr/lib/librt-2.22.so
7f583af06000-7f583af07000 rw-p 00007000 08:02 14947594                   /usr/lib/librt-2.22.so
7f583af07000-7f583af1d000 r-xp 00000000 08:02 14947443                   /usr/lib/libgcc_s.so.1
7f583af1d000-7f583b11c000 ---p 00016000 08:02 14947443                   /usr/lib/libgcc_s.so.1
7f583b11c000-7f583b11d000 rw-p 00015000 08:02 14947443                   /usr/lib/libgcc_s.so.1
7f583b11d000-7f583b21a000 r-xp 00000000 08:02 14947504                   /usr/lib/libm-2.22.so
7f583b21a000-7f583b419000 ---p 000fd000 08:02 14947504                   /usr/lib/libm-2.22.so
7f583b419000-7f583b41a000 r--p 000fc000 08:02 14947504                   /usr/lib/libm-2.22.so
7f583b41a000-7f583b41b000 rw-p 000fd000 08:02 14947504                   /usr/lib/libm-2.22.so
7f583b41b000-7f583b58d000 r-xp 00000000 08:02 14947606                   /usr/lib/libstdc++.so.6.0.21
7f583b58d000-7f583b78d000 ---p 00172000 08:02 14947606                   /usr/lib/libstdc++.so.6.0.21
7f583b78d000-7f583b797000 r--p 00172000 08:02 14947606                   /usr/lib/libstdc++.so.6.0.21
7f583b797000-7f583b799000 rw-p 0017c000 08:02 14947606                   /usr/lib/libstdc++.so.6.0.21
7f583b799000-7f583b79d000 rw-p 00000000 00:00 0 
7f583b79d000-7f583c2ed000 r-xp 00000000 08:02 16130264                   /usr/lib/jvm/java-7-openjdk/jre/lib/amd64/server/libjvm.so
7f583c2ed000-7f583c4ec000 ---p 00b50000 08:02 16130264                   /usr/lib/jvm/java-7-openjdk/jre/lib/amd64/server/libjvm.so
7f583c4ec000-7f583c5a0000 rw-p 00b4f000 08:02 16130264                   /usr/lib/jvm/java-7-openjdk/jre/lib/amd64/server/libjvm.so
7f583c5a0000-7f583c5cb000 rw-p 00000000 00:00 0 
7f583c5cb000-7f583c5e0000 r-xp 00000000 08:02 14947665                   /usr/lib/libz.so.1.2.8
7f583c5e0000-7f583c7df000 ---p 00015000 08:02 14947665                   /usr/lib/libz.so.1.2.8
7f583c7df000-7f583c7e0000 r--p 00014000 08:02 14947665                   /usr/lib/libz.so.1.2.8
7f583c7e0000-7f583c7e1000 rw-p 00015000 08:02 14947665                   /usr/lib/libz.so.1.2.8
7f583c7e1000-7f583c97c000 r-xp 00000000 08:02 14947381                   /usr/lib/libc-2.22.so
7f583c97c000-7f583cb7b000 ---p 0019b000 08:02 14947381                   /usr/lib/libc-2.22.so
7f583cb7b000-7f583cb7f000 r--p 0019a000 08:02 14947381                   /usr/lib/libc-2.22.so
7f583cb7f000-7f583cb81000 rw-p 0019e000 08:02 14947381                   /usr/lib/libc-2.22.so
7f583cb81000-7f583cb85000 rw-p 00000000 00:00 0 
7f583cb85000-7f583cb88000 r-xp 00000000 08:02 14947409                   /usr/lib/libdl-2.22.so
7f583cb88000-7f583cd87000 ---p 00003000 08:02 14947409                   /usr/lib/libdl-2.22.so
7f583cd87000-7f583cd88000 r--p 00002000 08:02 14947409                   /usr/lib/libdl-2.22.so
7f583cd88000-7f583cd89000 rw-p 00003000 08:02 14947409                   /usr/lib/libdl-2.22.so
7f583cd89000-7f583cd96000 r-xp 00000000 08:02 16128183                   /usr/lib/jvm/java-7-openjdk/jre/lib/amd64/jli/libjli.so
7f583cd96000-7f583cf95000 ---p 0000d000 08:02 16128183                   /usr/lib/jvm/java-7-openjdk/jre/lib/amd64/jli/libjli.so
7f583cf95000-7f583cf96000 rw-p 0000c000 08:02 16128183                   /usr/lib/jvm/java-7-openjdk/jre/lib/amd64/jli/libjli.so
7f583cf96000-7f583cfae000 r-xp 00000000 08:02 14947580                   /usr/lib/libpthread-2.22.so
7f583cfae000-7f583d1ad000 ---p 00018000 08:02 14947580                   /usr/lib/libpthread-2.22.so
7f583d1ad000-7f583d1ae000 r--p 00017000 08:02 14947580                   /usr/lib/libpthread-2.22.so
7f583d1ae000-7f583d1af000 rw-p 00018000 08:02 14947580                   /usr/lib/libpthread-2.22.so
7f583d1af000-7f583d1b3000 rw-p 00000000 00:00 0 
7f583d1b3000-7f583d1d5000 r-xp 00000000 08:02 14947350                   /usr/lib/ld-2.22.so
7f583d1d5000-7f583d1d9000 r--s 00056000 08:02 53087107                   /home/fedor-m/.m2/repository/org/bytedeco/javacv/1.1/javacv-1.1.jar
7f583d1d9000-7f583d1e3000 rw-p 00000000 00:00 0 
7f583d1e3000-7f583d299000 rw-p 00000000 00:00 0 
7f583d299000-7f583d29c000 ---p 00000000 00:00 0 
7f583d29c000-7f583d39e000 rw-p 00000000 00:00 0                          [stack:15441]
7f583d39e000-7f583d39f000 r--s 00a24000 08:02 2622301                    /home/fedor-m/.m2/repository/org/bytedeco/javacpp-presets/ffmpeg/2.8.1-1.1/ffmpeg-2.8.1-1.1-linux-x86_64.jar
7f583d39f000-7f583d3c9000 rw-p 00000000 00:00 0 
7f583d3c9000-7f583d3d1000 rw-s 00000000 00:22 32                         /tmp/hsperfdata_fedor-m/15436
7f583d3d1000-7f583d3d2000 rw-p 00000000 00:00 0 
7f583d3d2000-7f583d3d3000 r--p 00000000 00:00 0 
7f583d3d3000-7f583d3d4000 rw-p 00000000 00:00 0 
7f583d3d4000-7f583d3d5000 r--p 00021000 08:02 14947350                   /usr/lib/ld-2.22.so
7f583d3d5000-7f583d3d6000 rw-p 00022000 08:02 14947350                   /usr/lib/ld-2.22.so
7f583d3d6000-7f583d3d7000 rw-p 00000000 00:00 0 
7fff1b8d2000-7fff1b8f3000 rw-p 00000000 00:00 0                          [stack]
7fff1b989000-7fff1b98b000 r--p 00000000 00:00 0                          [vvar]
7fff1b98b000-7fff1b98d000 r-xp 00000000 00:00 0                          [vdso]
ffffffffff600000-ffffffffff601000 r-xp 00000000 00:00 0                  [vsyscall]

VM Arguments:
jvm_args: -Dfile.encoding=UTF-8 
java_command: ru.ang5545.scanning_system_2.App
Launcher Type: SUN_STANDARD

Environment Variables:
JAVA_HOME=/usr/lib/jvm/java-8-openjdk
JRE_HOME=/usr/lib/jvm/java-8-openjdk
PATH=/usr/local/sbin:/usr/local/bin:/usr/bin:/home/fedor-m/bin:/usr/lib/jvm/java-8-openjdk/bin:/home/fedor-m/bin:/usr/lib/jvm/java-8-openjdk/bin:/usr/lib/jvm/default/bin:/usr/bin/site_perl:/usr/bin/vendor_perl:/usr/bin/core_perl
LD_LIBRARY_PATH=\/usr\/lib
SHELL=/bin/bash
DISPLAY=:0.0

Signal Handlers:
SIGSEGV: [libjvm.so+0x995100], sa_mask[0]=0x7ffbfeff, sa_flags=0x10000004
SIGBUS: [libjvm.so+0x995100], sa_mask[0]=0x7ffbfeff, sa_flags=0x10000004
SIGFPE: [libjvm.so+0x7fc350], sa_mask[0]=0x7ffbfeff, sa_flags=0x10000004
SIGPIPE: [libjvm.so+0x7fc350], sa_mask[0]=0x7ffbfeff, sa_flags=0x10000004
SIGXFSZ: [libjvm.so+0x7fc350], sa_mask[0]=0x7ffbfeff, sa_flags=0x10000004
SIGILL: [libjvm.so+0x7fc350], sa_mask[0]=0x7ffbfeff, sa_flags=0x10000004
SIGUSR1: SIG_DFL, sa_mask[0]=0x00000000, sa_flags=0x00000000
SIGUSR2: [libjvm.so+0x7fc1d0], sa_mask[0]=0x00000004, sa_flags=0x10000004
SIGHUP: [libjvm.so+0x7fc360], sa_mask[0]=0x7ffbfeff, sa_flags=0x10000004
SIGINT: [libjvm.so+0x7fc360], sa_mask[0]=0x7ffbfeff, sa_flags=0x10000004
SIGTERM: [libjvm.so+0x7fc360], sa_mask[0]=0x7ffbfeff, sa_flags=0x10000004
SIGQUIT: [libjvm.so+0x7fc360], sa_mask[0]=0x7ffbfeff, sa_flags=0x10000004
SIGTRAP: SIG_DFL, sa_mask[0]=0x00000000, sa_flags=0x00000000


---------------  S Y S T E M  ---------------

OS:ManjaroLinux 15.09 (Bellatrix)
uname:Linux 4.1.13-1-MANJARO #1 SMP PREEMPT Tue Nov 10 22:11:15 UTC 2015 x86_64
libc:glibc 2.22 NPTL 2.22 
rlimit: STACK 8192k, CORE 0k, NPROC 30594, NOFILE 4096, AS infinity
load average:1,43 0,87 0,63

/proc/meminfo:
MemTotal:        8059640 kB
MemFree:         2835040 kB
MemAvailable:    4941936 kB
Buffers:          295252 kB
Cached:          2060004 kB
SwapCached:            0 kB
Active:          3583952 kB
Inactive:        1254176 kB
Active(anon):    2657192 kB
Inactive(anon):   256908 kB
Active(file):     926760 kB
Inactive(file):   997268 kB
Unevictable:         136 kB
Mlocked:             136 kB
SwapTotal:       9227464 kB
SwapFree:        9227464 kB
Dirty:                 4 kB
Writeback:             0 kB
AnonPages:       2485052 kB
Mapped:           544388 kB
Shmem:            431232 kB
Slab:             257812 kB
SReclaimable:     225132 kB
SUnreclaim:        32680 kB
KernelStack:        7808 kB
PageTables:        38720 kB
NFS_Unstable:          0 kB
Bounce:                0 kB
WritebackTmp:          0 kB
CommitLimit:    13257284 kB
Committed_AS:    5839660 kB
VmallocTotal:   34359738367 kB
VmallocUsed:      385768 kB
VmallocChunk:   34358947836 kB
HardwareCorrupted:     0 kB
AnonHugePages:   1505280 kB
HugePages_Total:       0
HugePages_Free:        0
HugePages_Rsvd:        0
HugePages_Surp:        0
Hugepagesize:       2048 kB
DirectMap4k:      137136 kB
DirectMap2M:     7081984 kB
DirectMap1G:     2097152 kB


CPU:total 4 (4 cores per cpu, 1 threads per core) family 6 model 60 stepping 3, cmov, cx8, fxsr, mmx, sse, sse2, sse3, ssse3, sse4.1, sse4.2, popcnt, avx, avx2, aes, erms, tsc, tscinvbit

/proc/cpuinfo:
processor	: 0
vendor_id	: GenuineIntel
cpu family	: 6
model		: 60
model name	: Intel(R) Core(TM) i5-4440 CPU @ 3.10GHz
stepping	: 3
microcode	: 0x1c
cpu MHz		: 3178.468
cache size	: 6144 KB
physical id	: 0
siblings	: 4
core id		: 0
cpu cores	: 4
apicid		: 0
initial apicid	: 0
fpu		: yes
fpu_exception	: yes
cpuid level	: 13
wp		: yes
flags		: fpu vme de pse tsc msr pae mce cx8 apic sep mtrr pge mca cmov pat pse36 clflush dts acpi mmx fxsr sse sse2 ss ht tm pbe syscall nx pdpe1gb rdtscp lm constant_tsc arch_perfmon pebs bts rep_good nopl xtopology nonstop_tsc aperfmperf eagerfpu pni pclmulqdq dtes64 monitor ds_cpl vmx est tm2 ssse3 fma cx16 xtpr pdcm pcid sse4_1 sse4_2 x2apic movbe popcnt tsc_deadline_timer aes xsave avx f16c rdrand lahf_lm abm ida arat pln pts dtherm tpr_shadow vnmi flexpriority ept vpid fsgsbase tsc_adjust bmi1 avx2 smep bmi2 erms invpcid xsaveopt
bugs		:
bogomips	: 6188.51
clflush size	: 64
cache_alignment	: 64
address sizes	: 39 bits physical, 48 bits virtual
power management:

processor	: 1
vendor_id	: GenuineIntel
cpu family	: 6
model		: 60
model name	: Intel(R) Core(TM) i5-4440 CPU @ 3.10GHz
stepping	: 3
microcode	: 0x1c
cpu MHz		: 3254.757
cache size	: 6144 KB
physical id	: 0
siblings	: 4
core id		: 1
cpu cores	: 4
apicid		: 2
initial apicid	: 2
fpu		: yes
fpu_exception	: yes
cpuid level	: 13
wp		: yes
flags		: fpu vme de pse tsc msr pae mce cx8 apic sep mtrr pge mca cmov pat pse36 clflush dts acpi mmx fxsr sse sse2 ss ht tm pbe syscall nx pdpe1gb rdtscp lm constant_tsc arch_perfmon pebs bts rep_good nopl xtopology nonstop_tsc aperfmperf eagerfpu pni pclmulqdq dtes64 monitor ds_cpl vmx est tm2 ssse3 fma cx16 xtpr pdcm pcid sse4_1 sse4_2 x2apic movbe popcnt tsc_deadline_timer aes xsave avx f16c rdrand lahf_lm abm ida arat pln pts dtherm tpr_shadow vnmi flexpriority ept vpid fsgsbase tsc_adjust bmi1 avx2 smep bmi2 erms invpcid xsaveopt
bugs		:
bogomips	: 6188.51
clflush size	: 64
cache_alignment	: 64
address sizes	: 39 bits physical, 48 bits virtual
power management:

processor	: 2
vendor_id	: GenuineIntel
cpu family	: 6
model		: 60
model name	: Intel(R) Core(TM) i5-4440 CPU @ 3.10GHz
stepping	: 3
microcode	: 0x1c
cpu MHz		: 3208.863
cache size	: 6144 KB
physical id	: 0
siblings	: 4
core id		: 2
cpu cores	: 4
apicid		: 4
initial apicid	: 4
fpu		: yes
fpu_exception	: yes
cpuid level	: 13
wp		: yes
flags		: fpu vme de pse tsc msr pae mce cx8 apic sep mtrr pge mca cmov pat pse36 clflush dts acpi mmx fxsr sse sse2 ss ht tm pbe syscall nx pdpe1gb rdtscp lm constant_tsc arch_perfmon pebs bts rep_good nopl xtopology nonstop_tsc aperfmperf eagerfpu pni pclmulqdq dtes64 monitor ds_cpl vmx est tm2 ssse3 fma cx16 xtpr pdcm pcid sse4_1 sse4_2 x2apic movbe popcnt tsc_deadline_timer aes xsave avx f16c rdrand lahf_lm abm ida arat pln pts dtherm tpr_shadow vnmi flexpriority ept vpid fsgsbase tsc_adjust bmi1 avx2 smep bmi2 erms invpcid xsaveopt
bugs		:
bogomips	: 6188.51
clflush size	: 64
cache_alignment	: 64
address sizes	: 39 bits physical, 48 bits virtual
power management:

processor	: 3
vendor_id	: GenuineIntel
cpu family	: 6
model		: 60
model name	: Intel(R) Core(TM) i5-4440 CPU @ 3.10GHz
stepping	: 3
microcode	: 0x1c
cpu MHz		: 3289.996
cache size	: 6144 KB
physical id	: 0
siblings	: 4
core id		: 3
cpu cores	: 4
apicid		: 6
initial apicid	: 6
fpu		: yes
fpu_exception	: yes
cpuid level	: 13
wp		: yes
flags		: fpu vme de pse tsc msr pae mce cx8 apic sep mtrr pge mca cmov pat pse36 clflush dts acpi mmx fxsr sse sse2 ss ht tm pbe syscall nx pdpe1gb rdtscp lm constant_tsc arch_perfmon pebs bts rep_good nopl xtopology nonstop_tsc aperfmperf eagerfpu pni pclmulqdq dtes64 monitor ds_cpl vmx est tm2 ssse3 fma cx16 xtpr pdcm pcid sse4_1 sse4_2 x2apic movbe popcnt tsc_deadline_timer aes xsave avx f16c rdrand lahf_lm abm ida arat pln pts dtherm tpr_shadow vnmi flexpriority ept vpid fsgsbase tsc_adjust bmi1 avx2 smep bmi2 erms invpcid xsaveopt
bugs		:
bogomips	: 6188.51
clflush size	: 64
cache_alignment	: 64
address sizes	: 39 bits physical, 48 bits virtual
power management:



Memory: 4k page, physical 8059640k(2835040k free), swap 9227464k(9227464k free)

vm_info: OpenJDK 64-Bit Server VM (24.91-b01) for linux-amd64 JRE (1.7.0_91-b02), built on Nov 18 2015 11:22:39 by "builduser" with gcc 5.2.0

time: Fri Apr 15 17:52:28 2016
elapsed time: 28 seconds

