#
# A fatal error has been detected by the Java Runtime Environment:
#
#  SIGSEGV (0xb) at pc=0x00007fee5f841af0, pid=15360, tid=140660473829120
#
# JRE version: OpenJDK Runtime Environment (7.0_91-b02) (build 1.7.0_91-b02)
# Java VM: OpenJDK 64-Bit Server VM (24.91-b01 mixed mode linux-amd64 compressed oops)
# Derivative: IcedTea 2.6.3
# Distribution: Custom build (Wed Nov 18 11:18:35 UTC 2015)
# Problematic frame:
# C  [libc.so.6+0x14caf0]  __memset_avx2+0x30
#
# Failed to write core dump. Core dumps have been disabled. To enable core dumping, try "ulimit -c unlimited" before starting Java again
#
# If you would like to submit a bug report, please include
# instructions on how to reproduce the bug and visit:
#   http://icedtea.classpath.org/bugzilla
# The crash happened outside the Java Virtual Machine in native code.
# See problematic frame for where to report the bug.
#

---------------  T H R E A D  ---------------

Current thread (0x00007fee0832d800):  JavaThread "SwingWorker-pool-1-thread-1" daemon [_thread_in_native, id=15393, stack(0x00007fee11839000,0x00007fee1193a000)]

siginfo:si_signo=SIGSEGV: si_errno=0, si_code=1 (SEGV_MAPERR), si_addr=0x00007fede7ffea4b

Registers:
RAX=0x00007fede7ffea4b, RBX=0x00007fede7ffea4b, RCX=0x0000000000007fed, RDX=0x0000000000000080
RSP=0x00007fee119379e8, RBP=0x0000000000000008, RSI=0x00007fede7ffeacb, RDI=0x00007fede7ffea4b
R8 =0x00000000000000d5, R9 =0x0000000000000169, R10=0x0000000000000004, R11=0x00007fee11937c28
R12=0x0000000000000080, R13=0x00007fedf48f1860, R14=0x00007fedf4004020, R15=0x000000004299d00c
RIP=0x00007fee5f841af0, EFLAGS=0x0000000000010246, CSGSFS=0x0000000000000033, ERR=0x0000000000000006
  TRAPNO=0x000000000000000e

Top of Stack: (sp=0x00007fee119379e8)
0x00007fee119379e8:   00007fee1396ca01 0000000000000000
0x00007fee119379f8:   0000000000000001 0000000000000000
0x00007fee11937a08:   00007fedf48f17c0 0000000000000000
0x00007fee11937a18:   0000000000000000 00007fedf48f1860
0x00007fee11937a28:   00007fee11937c10 0000000000000004
0x00007fee11937a38:   00007fee131e11f8 0000000000000000
0x00007fee11937a48:   0000000000000080 3fe21a184ccccccd
0x00007fee11937a58:   0100000000000000 00007fedf4004020
0x00007fee11937a68:   00007fee11937be0 00007fee11937b10
0x00007fee11937a78:   00007fee11937b20 00007fee11938030
0x00007fee11937a88:   00007fee11937b30 00007fee13bf5330
0x00007fee11937a98:   0000000242ff4000 0000000000000000
0x00007fee11937aa8:   0000000000000000 0000000000000000
0x00007fee11937ab8:   0000000000000000 0000000000000000
0x00007fee11937ac8:   0000000000000000 0000000000000000
0x00007fee11937ad8:   00007fee11937aa0 00007fee11937ae8
0x00007fee11937ae8:   0000000000000500 0000000000000001
0x00007fee11937af8:   0000000242ff4000 0000000000000000
0x00007fee11937b08:   0000000000000000 0000000000000000
0x00007fee11937b18:   0000000000000000 0000000000000000
0x00007fee11937b28:   0000000000000000 0000000000000000
0x00007fee11937b38:   00007fee11937b00 00007fee11937b70
0x00007fee11937b48:   0000000000000500 0000000000000000
0x00007fee11937b58:   0000000000000000 3ff0000000000000
0x00007fee11937b68:   00007fee00000000 00007fee2c09aeb0
0x00007fee11937b78:   00007fee2c09b288 00000000000003d8
0x00007fee11937b88:   0000003000000030 00007fee11938a98
0x00007fee11937b98:   00007fee550004e7 00007fee550003d0
0x00007fee11937ba8:   00007fee00000000 00007fee11937c60
0x00007fee11937bb8:   00007fee11937d80 0000000000000000
0x00007fee11937bc8:   0000000000000000 00007fedf483b040
0x00007fee11937bd8:   00007fee1387dc70 00007fee11937bf0 

Instructions: (pc=0x00007fee5f841af0)
0x00007fee5f841ad0:   e2 71 00 c0 48 83 fa 10 0f 82 c2 00 00 00 48 81
0x00007fee5f841ae0:   fa 00 01 00 00 0f 83 f5 00 00 00 80 fa 80 72 50
0x00007fee5f841af0:   c5 fa 7f 07 c5 fa 7f 47 10 c5 fa 7f 47 20 c5 fa
0x00007fee5f841b00:   7f 47 30 c5 fa 7f 47 40 c5 fa 7f 47 50 c5 fa 7f 

Register to memory mapping:

RAX=0x00007fede7ffea4b is an unknown value
RBX=0x00007fede7ffea4b is an unknown value
RCX=0x0000000000007fed is an unknown value
RDX=0x0000000000000080 is an unknown value
RSP=0x00007fee119379e8 is pointing into the stack for thread: 0x00007fee0832d800
RBP=0x0000000000000008 is an unknown value
RSI=0x00007fede7ffeacb is an unknown value
RDI=0x00007fede7ffea4b is an unknown value
R8 =0x00000000000000d5 is an unknown value
R9 =0x0000000000000169 is an unknown value
R10=0x0000000000000004 is an unknown value
R11=0x00007fee11937c28 is pointing into the stack for thread: 0x00007fee0832d800
R12=0x0000000000000080 is an unknown value
R13=0x00007fedf48f1860 is an unknown value
R14=0x00007fedf4004020 is an unknown value
R15=0x000000004299d00c is an unknown value


Stack: [0x00007fee11839000,0x00007fee1193a000],  sp=0x00007fee119379e8,  free space=1018k
Native frames: (J=compiled Java code, j=interpreted, Vv=VM code, C=native code)
C  [libc.so.6+0x14caf0]  __memset_avx2+0x30

[error occurred during error reporting (printing native stack), id 0xb]

Java frames: (J=compiled Java code, j=interpreted, Vv=VM code)
j  org.bytedeco.javacpp.opencv_imgproc.cvApproxPoly(Lorg/bytedeco/javacpp/Pointer;ILorg/bytedeco/javacpp/opencv_core$CvMemStorage;ID)Lorg/bytedeco/javacpp/opencv_core$CvSeq;+0
j  ru.ang5545.scanning_system_2.image_processing.ContourHandler.getPoints(Lorg/bytedeco/javacpp/opencv_core$CvSeq;)[Lorg/bytedeco/javacpp/opencv_core$CvPoint;+34
j  ru.ang5545.scanning_system_2.image_processing.ContourHandler.drawPoints(Lorg/bytedeco/javacpp/opencv_core$IplImage;)V+25
j  ru.ang5545.scanning_system_2.image_processing.ImageHandler.processImage(Lorg/bytedeco/javacpp/opencv_core$IplImage;Lru/ang5545/model/ThresholdParameters;Lru/ang5545/model/ThresholdParameters;Lru/ang5545/model/ThresholdParameters;)V+98
j  ru.ang5545.scanning_system_2.gui.MainFrame$AnswerWorker.doInBackground()Ljava/lang/String;+61
j  ru.ang5545.scanning_system_2.gui.MainFrame$AnswerWorker.doInBackground()Ljava/lang/Object;+1
j  javax.swing.SwingWorker$1.call()Ljava/lang/Object;+14
j  java.util.concurrent.FutureTask.run()V+42
j  javax.swing.SwingWorker.run()V+4
j  java.util.concurrent.ThreadPoolExecutor.runWorker(Ljava/util/concurrent/ThreadPoolExecutor$Worker;)V+95
j  java.util.concurrent.ThreadPoolExecutor$Worker.run()V+5
j  java.lang.Thread.run()V+11
v  ~StubRoutines::call_stub

---------------  P R O C E S S  ---------------

Java Threads: ( => current thread )
=>0x00007fee0832d800 JavaThread "SwingWorker-pool-1-thread-1" daemon [_thread_in_native, id=15393, stack(0x00007fee11839000,0x00007fee1193a000)]
  0x00007fee0824e800 JavaThread "TimerQueue" daemon [_thread_blocked, id=15392, stack(0x00007fee12457000,0x00007fee12558000)]
  0x00007fee58009800 JavaThread "DestroyJavaVM" [_thread_blocked, id=15365, stack(0x00007fee601ad000,0x00007fee602ae000)]
  0x00007fee5828a800 JavaThread "AWT-EventQueue-0" [_thread_blocked, id=15390, stack(0x00007fee13cfd000,0x00007fee13dfe000)]
  0x00007fee58289000 JavaThread "AWT-Shutdown" [_thread_blocked, id=15389, stack(0x00007fee13dfe000,0x00007fee13eff000)]
  0x00007fee58285000 JavaThread "AWT-XAWT" daemon [_thread_in_native, id=15388, stack(0x00007fee13eff000,0x00007fee14000000)]
  0x00007fee5826a000 JavaThread "Java2D Disposer" daemon [_thread_blocked, id=15387, stack(0x00007fee3c00f000,0x00007fee3c110000)]
  0x00007fee580ad800 JavaThread "Service Thread" daemon [_thread_blocked, id=15380, stack(0x00007fee3f44c000,0x00007fee3f54d000)]
  0x00007fee580ab800 JavaThread "C2 CompilerThread1" daemon [_thread_blocked, id=15379, stack(0x00007fee3f54d000,0x00007fee3f64e000)]
  0x00007fee580a8800 JavaThread "C2 CompilerThread0" daemon [_thread_blocked, id=15378, stack(0x00007fee3f64e000,0x00007fee3f74f000)]
  0x00007fee580a6000 JavaThread "Signal Dispatcher" daemon [_thread_blocked, id=15377, stack(0x00007fee3f74f000,0x00007fee3f850000)]
  0x00007fee5807b000 JavaThread "Finalizer" daemon [_thread_blocked, id=15372, stack(0x00007fee3fb4e000,0x00007fee3fc4f000)]
  0x00007fee58079000 JavaThread "Reference Handler" daemon [_thread_blocked, id=15371, stack(0x00007fee3fc4f000,0x00007fee3fd50000)]

Other Threads:
  0x00007fee58075000 VMThread [stack: 0x00007fee540d0000,0x00007fee541d1000] [id=15370]
  0x00007fee580c0800 WatcherThread [stack: 0x00007fee3f34b000,0x00007fee3f44c000] [id=15381]

VM state:not at safepoint (normal execution)

VM Mutex/Monitor currently owned by a thread: None

Heap
 PSYoungGen      total 107008K, used 34830K [0x00000007d7000000, 0x00000007e6680000, 0x0000000800000000)
  eden space 104960K, 31% used [0x00000007d7000000,0x00000007d90560c8,0x00000007dd680000)
  from space 2048K, 83% used [0x00000007e6480000,0x00000007e662d810,0x00000007e6680000)
  to   space 4096K, 0% used [0x00000007e5e80000,0x00000007e5e80000,0x00000007e6280000)
 ParOldGen       total 83968K, used 2004K [0x0000000785000000, 0x000000078a200000, 0x00000007d7000000)
  object space 83968K, 2% used [0x0000000785000000,0x00000007851f5090,0x000000078a200000)
 PSPermGen       total 21504K, used 14817K [0x000000077aa00000, 0x000000077bf00000, 0x0000000785000000)
  object space 21504K, 68% used [0x000000077aa00000,0x000000077b878708,0x000000077bf00000)

Card table byte_map: [0x00007fee5cf92000,0x00007fee5d3be000] byte_map_base: 0x00007fee593bd000

Polling page: 0x00007fee602e6000

Code Cache  [0x00007fee55000000, 0x00007fee55270000, 0x00007fee58000000)
 total_blobs=743 nmethods=164 adapters=532 free_code_cache=48252Kb largest_free_block=49375296

Compilation events (10 events):
Event: 7,496 Thread 0x00007fee580ab800  165             sun.util.logging.PlatformLogger::isLoggable (9 bytes)
Event: 7,496 Thread 0x00007fee580a8800  166             sun.util.logging.PlatformLogger$Level::valueOf (152 bytes)
Event: 7,497 Thread 0x00007fee580a8800 nmethod 166 0x00007fee55096dd0 code [0x00007fee55096f40, 0x00007fee55097138]
Event: 7,497 Thread 0x00007fee580a8800  167             sun.util.logging.PlatformLogger::isLoggable (38 bytes)
Event: 7,498 Thread 0x00007fee580a8800 nmethod 167 0x00007fee55096890 code [0x00007fee550969e0, 0x00007fee55096b58]
Event: 7,498 Thread 0x00007fee580ab800 nmethod 165 0x00007fee550e7590 code [0x00007fee550e7720, 0x00007fee550e7a38]
Event: 7,630 Thread 0x00007fee580a8800  168             sun.java2d.SunGraphics2D::invalidatePipe (41 bytes)
Event: 7,631 Thread 0x00007fee580a8800 nmethod 168 0x00007fee550e7d90 code [0x00007fee550e7ec0, 0x00007fee550e7f58]
Event: 7,633 Thread 0x00007fee580ab800  169             java.lang.Math::min (45 bytes)
Event: 7,634 Thread 0x00007fee580ab800 nmethod 169 0x00007fee550dfb10 code [0x00007fee550dfc80, 0x00007fee550dfd58]

GC Heap History (10 events):
Event: 4,750 GC heap before
{Heap before GC invocations=8 (full 0):
 PSYoungGen      total 131072K, used 127227K [0x00000007d7000000, 0x00000007e7000000, 0x0000000800000000)
  eden space 126976K, 99% used [0x00000007d7000000,0x00000007deb50038,0x00000007dec00000)
  from space 4096K, 23% used [0x00000007dec00000,0x00000007deceec20,0x00000007df000000)
  to   space 4096K, 0% used [0x00000007e6c00000,0x00000007e6c00000,0x00000007e7000000)
 ParOldGen       total 83968K, used 1900K [0x0000000785000000, 0x000000078a200000, 0x00000007d7000000)
  object space 83968K, 2% used [0x0000000785000000,0x00000007851db090,0x000000078a200000)
 PSPermGen       total 21504K, used 14766K [0x000000077aa00000, 0x000000077bf00000, 0x0000000785000000)
  object space 21504K, 68% used [0x000000077aa00000,0x000000077b86baf0,0x000000077bf00000)
Event: 4,751 GC heap after
Heap after GC invocations=8 (full 0):
 PSYoungGen      total 123904K, used 1193K [0x00000007d7000000, 0x00000007e6d80000, 0x0000000800000000)
  eden space 122368K, 0% used [0x00000007d7000000,0x00000007d7000000,0x00000007de780000)
  from space 1536K, 77% used [0x00000007e6c00000,0x00000007e6d2a638,0x00000007e6d80000)
  to   space 4608K, 0% used [0x00000007e6480000,0x00000007e6480000,0x00000007e6900000)
 ParOldGen       total 83968K, used 1908K [0x0000000785000000, 0x000000078a200000, 0x00000007d7000000)
  object space 83968K, 2% used [0x0000000785000000,0x00000007851dd090,0x000000078a200000)
 PSPermGen       total 21504K, used 14766K [0x000000077aa00000, 0x000000077bf00000, 0x0000000785000000)
  object space 21504K, 68% used [0x000000077aa00000,0x000000077b86baf0,0x000000077bf00000)
}
Event: 5,448 GC heap before
{Heap before GC invocations=9 (full 0):
 PSYoungGen      total 123904K, used 123236K [0x00000007d7000000, 0x00000007e6d80000, 0x0000000800000000)
  eden space 122368K, 99% used [0x00000007d7000000,0x00000007de72eca0,0x00000007de780000)
  from space 1536K, 77% used [0x00000007e6c00000,0x00000007e6d2a638,0x00000007e6d80000)
  to   space 4608K, 0% used [0x00000007e6480000,0x00000007e6480000,0x00000007e6900000)
 ParOldGen       total 83968K, used 1908K [0x0000000785000000, 0x000000078a200000, 0x00000007d7000000)
  object space 83968K, 2% used [0x0000000785000000,0x00000007851dd090,0x000000078a200000)
 PSPermGen       total 21504K, used 14781K [0x000000077aa00000, 0x000000077bf00000, 0x0000000785000000)
  object space 21504K, 68% used [0x000000077aa00000,0x000000077b86f420,0x000000077bf00000)
Event: 5,450 GC heap after
Heap after GC invocations=9 (full 0):
 PSYoungGen      total 119808K, used 1559K [0x00000007d7000000, 0x00000007e6c80000, 0x0000000800000000)
  eden space 117760K, 0% used [0x00000007d7000000,0x00000007d7000000,0x00000007de300000)
  from space 2048K, 76% used [0x00000007e6480000,0x00000007e6605c00,0x00000007e6680000)
  to   space 4608K, 0% used [0x00000007e6800000,0x00000007e6800000,0x00000007e6c80000)
 ParOldGen       total 83968K, used 1932K [0x0000000785000000, 0x000000078a200000, 0x00000007d7000000)
  object space 83968K, 2% used [0x0000000785000000,0x00000007851e3090,0x000000078a200000)
 PSPermGen       total 21504K, used 14781K [0x000000077aa00000, 0x000000077bf00000, 0x0000000785000000)
  object space 21504K, 68% used [0x000000077aa00000,0x000000077b86f420,0x000000077bf00000)
}
Event: 6,155 GC heap before
{Heap before GC invocations=10 (full 0):
 PSYoungGen      total 119808K, used 117470K [0x00000007d7000000, 0x00000007e6c80000, 0x0000000800000000)
  eden space 117760K, 98% used [0x00000007d7000000,0x00000007de131c98,0x00000007de300000)
  from space 2048K, 76% used [0x00000007e6480000,0x00000007e6605c00,0x00000007e6680000)
  to   space 4608K, 0% used [0x00000007e6800000,0x00000007e6800000,0x00000007e6c80000)
 ParOldGen       total 83968K, used 1932K [0x0000000785000000, 0x000000078a200000, 0x00000007d7000000)
  object space 83968K, 2% used [0x0000000785000000,0x00000007851e3090,0x000000078a200000)
 PSPermGen       total 21504K, used 14784K [0x000000077aa00000, 0x000000077bf00000, 0x0000000785000000)
  object space 21504K, 68% used [0x000000077aa00000,0x000000077b870300,0x000000077bf00000)
Event: 6,156 GC heap after
Heap after GC invocations=10 (full 0):
 PSYoungGen      total 115200K, used 1670K [0x00000007d7000000, 0x00000007e6a00000, 0x0000000800000000)
  eden space 113152K, 0% used [0x00000007d7000000,0x00000007d7000000,0x00000007dde80000)
  from space 2048K, 81% used [0x00000007e6800000,0x00000007e69a1a08,0x00000007e6a00000)
  to   space 4608K, 0% used [0x00000007e6100000,0x00000007e6100000,0x00000007e6580000)
 ParOldGen       total 83968K, used 1972K [0x0000000785000000, 0x000000078a200000, 0x00000007d7000000)
  object space 83968K, 2% used [0x0000000785000000,0x00000007851ed090,0x000000078a200000)
 PSPermGen       total 21504K, used 14784K [0x000000077aa00000, 0x000000077bf00000, 0x0000000785000000)
  object space 21504K, 68% used [0x000000077aa00000,0x000000077b870300,0x000000077bf00000)
}
Event: 6,832 GC heap before
{Heap before GC invocations=11 (full 0):
 PSYoungGen      total 115200K, used 113914K [0x00000007d7000000, 0x00000007e6a00000, 0x0000000800000000)
  eden space 113152K, 99% used [0x00000007d7000000,0x00000007ddd9cf00,0x00000007dde80000)
  from space 2048K, 81% used [0x00000007e6800000,0x00000007e69a1a08,0x00000007e6a00000)
  to   space 4608K, 0% used [0x00000007e6100000,0x00000007e6100000,0x00000007e6580000)
 ParOldGen       total 83968K, used 1972K [0x0000000785000000, 0x000000078a200000, 0x00000007d7000000)
  object space 83968K, 2% used [0x0000000785000000,0x00000007851ed090,0x000000078a200000)
 PSPermGen       total 21504K, used 14797K [0x000000077aa00000, 0x000000077bf00000, 0x0000000785000000)
  object space 21504K, 68% used [0x000000077aa00000,0x000000077b8734c0,0x000000077bf00000)
Event: 6,833 GC heap after
Heap after GC invocations=11 (full 0):
 PSYoungGen      total 111104K, used 1591K [0x00000007d7000000, 0x00000007e6880000, 0x0000000800000000)
  eden space 109056K, 0% used [0x00000007d7000000,0x00000007d7000000,0x00000007dda80000)
  from space 2048K, 77% used [0x00000007e6100000,0x00000007e628dc00,0x00000007e6300000)
  to   space 4096K, 0% used [0x00000007e6480000,0x00000007e6480000,0x00000007e6880000)
 ParOldGen       total 83968K, used 1988K [0x0000000785000000, 0x000000078a200000, 0x00000007d7000000)
  object space 83968K, 2% used [0x0000000785000000,0x00000007851f1090,0x000000078a200000)
 PSPermGen       total 21504K, used 14797K [0x000000077aa00000, 0x000000077bf00000, 0x0000000785000000)
  object space 21504K, 68% used [0x000000077aa00000,0x000000077b8734c0,0x000000077bf00000)
}
Event: 7,520 GC heap before
{Heap before GC invocations=12 (full 0):
 PSYoungGen      total 111104K, used 108574K [0x00000007d7000000, 0x00000007e6880000, 0x0000000800000000)
  eden space 109056K, 98% used [0x00000007d7000000,0x00000007dd879c68,0x00000007dda80000)
  from space 2048K, 77% used [0x00000007e6100000,0x00000007e628dc00,0x00000007e6300000)
  to   space 4096K, 0% used [0x00000007e6480000,0x00000007e6480000,0x00000007e6880000)
 ParOldGen       total 83968K, used 1988K [0x0000000785000000, 0x000000078a200000, 0x00000007d7000000)
  object space 83968K, 2% used [0x0000000785000000,0x00000007851f1090,0x000000078a200000)
 PSPermGen       total 21504K, used 14816K [0x000000077aa00000, 0x000000077bf00000, 0x0000000785000000)
  object space 21504K, 68% used [0x000000077aa00000,0x000000077b878038,0x000000077bf00000)
Event: 7,521 GC heap after
Heap after GC invocations=12 (full 0):
 PSYoungGen      total 107008K, used 1718K [0x00000007d7000000, 0x00000007e6680000, 0x0000000800000000)
  eden space 104960K, 0% used [0x00000007d7000000,0x00000007d7000000,0x00000007dd680000)
  from space 2048K, 83% used [0x00000007e6480000,0x00000007e662d810,0x00000007e6680000)
  to   space 4096K, 0% used [0x00000007e5e80000,0x00000007e5e80000,0x00000007e6280000)
 ParOldGen       total 83968K, used 2004K [0x0000000785000000, 0x000000078a200000, 0x00000007d7000000)
  object space 83968K, 2% used [0x0000000785000000,0x00000007851f5090,0x000000078a200000)
 PSPermGen       total 21504K, used 14816K [0x000000077aa00000, 0x000000077bf00000, 0x0000000785000000)
  object space 21504K, 68% used [0x000000077aa00000,0x000000077b878038,0x000000077bf00000)
}

Deoptimization events (10 events):
Event: 0,390 Thread 0x00007fee5828a800 Uncommon trap: reason=unstable_if action=reinterpret pc=0x00007fee550972ac method=org.bytedeco.javacv.Java2DFrameConverter.flipCopyWithGamma(Ljava/nio/ByteBuffer;ILjava/nio/ByteBuffer;IZDZI)V @ 50
Event: 0,423 Thread 0x00007fee5828a800 Uncommon trap: reason=unstable_if action=reinterpret pc=0x00007fee5509a7f8 method=java.util.Properties$LineReader.readLine()I @ 369
Event: 2,218 Thread 0x00007fee0832d800 Uncommon trap: reason=unstable_if action=reinterpret pc=0x00007fee550bd600 method=ru.ang5545.scanning_system_2.image_processing.ChannelHandler.sumChannels(Lorg/bytedeco/javacpp/opencv_core$IplImage;Lorg/bytedeco/javacpp/opencv_core$IplImage;Lorg/bytedeco/
Event: 2,218 Thread 0x00007fee0832d800 Uncommon trap: reason=unstable_if action=reinterpret pc=0x00007fee550b0948 method=ru.ang5545.scanning_system_2.image_processing.ChannelHandler.sumChannels(Lorg/bytedeco/javacpp/opencv_core$IplImage;Lorg/bytedeco/javacpp/opencv_core$IplImage;Lorg/bytedeco/
Event: 2,487 Thread 0x00007fee0832d800 Uncommon trap: reason=unstable_if action=reinterpret pc=0x00007fee550c323c method=ru.ang5545.scanning_system_2.image_processing.ChannelHandler.sumChannels(Lorg/bytedeco/javacpp/opencv_core$IplImage;Lorg/bytedeco/javacpp/opencv_core$IplImage;Lorg/bytedeco/
Event: 4,648 Thread 0x00007fee5828a800 Uncommon trap: reason=predicate action=maybe_recompile pc=0x00007fee550c1f6c method=java.util.TimSort.binarySort([Ljava/lang/Object;IIILjava/util/Comparator;)V @ 37
Event: 6,346 Thread 0x00007fee5828a800 Uncommon trap: reason=array_check action=maybe_recompile pc=0x00007fee550d70e4 method=java.util.TimSort.binarySort([Ljava/lang/Object;IIILjava/util/Comparator;)V @ 215
Event: 6,346 Thread 0x00007fee5828a800 Uncommon trap: reason=array_check action=maybe_recompile pc=0x00007fee550d733c method=java.util.TimSort.binarySort([Ljava/lang/Object;IIILjava/util/Comparator;)V @ 183
Event: 6,355 Thread 0x00007fee5828a800 Uncommon trap: reason=array_check action=maybe_recompile pc=0x00007fee550d70e4 method=java.util.TimSort.binarySort([Ljava/lang/Object;IIILjava/util/Comparator;)V @ 215
Event: 6,355 Thread 0x00007fee5828a800 Uncommon trap: reason=array_check action=maybe_recompile pc=0x00007fee550d733c method=java.util.TimSort.binarySort([Ljava/lang/Object;IIILjava/util/Comparator;)V @ 183

Internal exceptions (10 events):
Event: 1,608 Thread 0x00007fee5828a800 Threw 0x00000007d8204080 at /build/java7-openjdk/src/icedtea-2.6.3/openjdk/hotspot/src/share/vm/prims/jvm.cpp:1322
Event: 1,609 Thread 0x00007fee5828a800 Threw 0x00000007d820af38 at /build/java7-openjdk/src/icedtea-2.6.3/openjdk/hotspot/src/share/vm/prims/jvm.cpp:1322
Event: 1,609 Thread 0x00007fee5828a800 Threw 0x00000007d82114d0 at /build/java7-openjdk/src/icedtea-2.6.3/openjdk/hotspot/src/share/vm/prims/jvm.cpp:1322
Event: 1,609 Thread 0x00007fee5828a800 Threw 0x00000007d82182f8 at /build/java7-openjdk/src/icedtea-2.6.3/openjdk/hotspot/src/share/vm/prims/jvm.cpp:1322
Event: 1,610 Thread 0x00007fee5828a800 Threw 0x00000007d821dcb8 at /build/java7-openjdk/src/icedtea-2.6.3/openjdk/hotspot/src/share/vm/prims/jvm.cpp:1322
Event: 1,610 Thread 0x00007fee5828a800 Threw 0x00000007d8222f10 at /build/java7-openjdk/src/icedtea-2.6.3/openjdk/hotspot/src/share/vm/prims/jvm.cpp:1322
Event: 1,610 Thread 0x00007fee5828a800 Threw 0x00000007d82289d8 at /build/java7-openjdk/src/icedtea-2.6.3/openjdk/hotspot/src/share/vm/prims/jvm.cpp:1322
Event: 1,643 Thread 0x00007fee5828a800 Threw 0x00000007d826f948 at /build/java7-openjdk/src/icedtea-2.6.3/openjdk/hotspot/src/share/vm/prims/jvm.cpp:1322
Event: 1,645 Thread 0x00007fee5828a800 Threw 0x00000007d8273ec0 at /build/java7-openjdk/src/icedtea-2.6.3/openjdk/hotspot/src/share/vm/prims/jvm.cpp:1322
Event: 1,722 Thread 0x00007fee0832d800 Threw 0x00000007d8376330 at /build/java7-openjdk/src/icedtea-2.6.3/openjdk/hotspot/src/share/vm/prims/jvm.cpp:1322

Events (10 events):
Event: 6,355 Thread 0x00007fee5828a800 DEOPT PACKING pc=0x00007fee550d733c sp=0x00007fee13dfa200
Event: 6,355 Thread 0x00007fee5828a800 DEOPT UNPACKING pc=0x00007fee55039445 sp=0x00007fee13dfa1d8 mode 2
Event: 6,409 Thread 0x00007fee580ab800 flushing nmethod 0x00007fee5507c890
Event: 6,409 Thread 0x00007fee580ab800 flushing nmethod 0x00007fee55084c10
Event: 6,629 Thread 0x00007fee580a8800 flushing nmethod 0x00007fee55096890
Event: 6,629 Thread 0x00007fee580a8800 flushing nmethod 0x00007fee5509a190
Event: 6,832 Executing VM operation: ParallelGCFailedAllocation
Event: 6,833 Executing VM operation: ParallelGCFailedAllocation done
Event: 7,520 Executing VM operation: ParallelGCFailedAllocation
Event: 7,521 Executing VM operation: ParallelGCFailedAllocation done


Dynamic libraries:
00400000-00401000 r-xp 00000000 08:02 15742080                           /usr/lib/jvm/java-7-openjdk/jre/bin/java
00600000-00601000 rw-p 00000000 08:02 15742080                           /usr/lib/jvm/java-7-openjdk/jre/bin/java
02184000-021a5000 rw-p 00000000 00:00 0                                  [heap]
77aa00000-77bf00000 rw-p 00000000 00:00 0 
77bf00000-785000000 rw-p 00000000 00:00 0 
785000000-78a200000 rw-p 00000000 00:00 0 
78a200000-7d7000000 rw-p 00000000 00:00 0 
7d7000000-7e6680000 rw-p 00000000 00:00 0 
7e6680000-7e7000000 ---p 00000000 00:00 0 
7e7000000-800000000 rw-p 00000000 00:00 0 
7fedf4000000-7fedf4e19000 rw-p 00000000 00:00 0 
7fedf4e19000-7fedf8000000 ---p 00000000 00:00 0 
7fedfc000000-7fedfc021000 rw-p 00000000 00:00 0 
7fedfc021000-7fee00000000 ---p 00000000 00:00 0 
7fee00000000-7fee00021000 rw-p 00000000 00:00 0 
7fee00021000-7fee04000000 ---p 00000000 00:00 0 
7fee04000000-7fee04021000 rw-p 00000000 00:00 0 
7fee04021000-7fee08000000 ---p 00000000 00:00 0 
7fee08000000-7fee08c26000 rw-p 00000000 00:00 0 
7fee08c26000-7fee0c000000 ---p 00000000 00:00 0 
7fee0c000000-7fee0c021000 rw-p 00000000 00:00 0 
7fee0c021000-7fee10000000 ---p 00000000 00:00 0 
7fee10036000-7fee10037000 ---p 00000000 00:00 0 
7fee10037000-7fee10837000 rw-p 00000000 00:00 0                          [stack:15396]
7fee10837000-7fee10838000 ---p 00000000 00:00 0 
7fee10838000-7fee11038000 rw-p 00000000 00:00 0                          [stack:15395]
7fee11038000-7fee11039000 ---p 00000000 00:00 0 
7fee11039000-7fee11839000 rw-p 00000000 00:00 0                          [stack:15394]
7fee11839000-7fee1183c000 ---p 00000000 00:00 0 
7fee1183c000-7fee1193a000 rw-p 00000000 00:00 0                          [stack:15393]
7fee1193a000-7fee11954000 r-xp 00000000 00:22 123                        /tmp/javacpp26148891478251/libjniopencv_imgcodecs.so
7fee11954000-7fee11b53000 ---p 0001a000 00:22 123                        /tmp/javacpp26148891478251/libjniopencv_imgcodecs.so
7fee11b53000-7fee11b54000 rw-p 00019000 00:22 123                        /tmp/javacpp26148891478251/libjniopencv_imgcodecs.so
7fee11b54000-7fee11ded000 r-xp 00000000 00:22 122                        /tmp/javacpp26148891478251/libopencv_imgcodecs.so.3.0
7fee11ded000-7fee11fed000 ---p 00299000 00:22 122                        /tmp/javacpp26148891478251/libopencv_imgcodecs.so.3.0
7fee11fed000-7fee11ffa000 rw-p 00299000 00:22 122                        /tmp/javacpp26148891478251/libopencv_imgcodecs.so.3.0
7fee11ffa000-7fee12005000 rw-p 00000000 00:00 0 
7fee12005000-7fee120bd000 r-xp 00000000 00:22 121                        /tmp/javacpp26148891478251/libjniopencv_imgproc.so
7fee120bd000-7fee122bc000 ---p 000b8000 00:22 121                        /tmp/javacpp26148891478251/libjniopencv_imgproc.so
7fee122bc000-7fee122be000 rw-p 000b7000 00:22 121                        /tmp/javacpp26148891478251/libjniopencv_imgproc.so
7fee122be000-7fee12457000 rw-s 00000000 00:05 32047126                   /SYSV00000000 (deleted)
7fee12457000-7fee1245a000 ---p 00000000 00:00 0 
7fee1245a000-7fee12558000 rw-p 00000000 00:00 0                          [stack:15392]
7fee12558000-7fee12568000 r-xp 00000000 08:02 15742055                   /usr/lib/jvm/java-7-openjdk/jre/lib/amd64/libnio.so
7fee12568000-7fee12768000 ---p 00010000 08:02 15742055                   /usr/lib/jvm/java-7-openjdk/jre/lib/amd64/libnio.so
7fee12768000-7fee12769000 rw-p 00010000 08:02 15742055                   /usr/lib/jvm/java-7-openjdk/jre/lib/amd64/libnio.so
7fee12769000-7fee12780000 r-xp 00000000 08:02 15742054                   /usr/lib/jvm/java-7-openjdk/jre/lib/amd64/libnet.so
7fee12780000-7fee12980000 ---p 00017000 08:02 15742054                   /usr/lib/jvm/java-7-openjdk/jre/lib/amd64/libnet.so
7fee12980000-7fee12981000 rw-p 00017000 08:02 15742054                   /usr/lib/jvm/java-7-openjdk/jre/lib/amd64/libnet.so
7fee12981000-7fee129d3000 r-xp 00000000 08:02 15742070                   /usr/lib/jvm/java-7-openjdk/jre/lib/amd64/libfontmanager.so
7fee129d3000-7fee12bd3000 ---p 00052000 08:02 15742070                   /usr/lib/jvm/java-7-openjdk/jre/lib/amd64/libfontmanager.so
7fee12bd3000-7fee12bd6000 rw-p 00052000 08:02 15742070                   /usr/lib/jvm/java-7-openjdk/jre/lib/amd64/libfontmanager.so
7fee12bd6000-7fee12dc6000 r-xp 00000000 00:22 120                        /tmp/javacpp26148891478251/libjniopencv_core.so
7fee12dc6000-7fee12fc6000 ---p 001f0000 00:22 120                        /tmp/javacpp26148891478251/libjniopencv_core.so
7fee12fc6000-7fee12fc9000 rw-p 001f0000 00:22 120                        /tmp/javacpp26148891478251/libjniopencv_core.so
7fee12fc9000-7fee13293000 r-xp 00000000 00:22 119                        /tmp/javacpp26148891478251/libopencv_imgproc.so.3.0
7fee13293000-7fee13493000 ---p 002ca000 00:22 119                        /tmp/javacpp26148891478251/libopencv_imgproc.so.3.0
7fee13493000-7fee134a5000 rw-p 002ca000 00:22 119                        /tmp/javacpp26148891478251/libopencv_imgproc.so.3.0
7fee134a5000-7fee1353a000 rw-p 00000000 00:00 0 
7fee1353a000-7fee1355b000 r-xp 00000000 08:02 14947461                   /usr/lib/libgomp.so.1.0.0
7fee1355b000-7fee1375b000 ---p 00021000 08:02 14947461                   /usr/lib/libgomp.so.1.0.0
7fee1375b000-7fee1375c000 rw-p 00021000 08:02 14947461                   /usr/lib/libgomp.so.1.0.0
7fee1375c000-7fee139f3000 r-xp 00000000 00:22 118                        /tmp/javacpp26148891478251/libopencv_core.so.3.0
7fee139f3000-7fee13bf2000 ---p 00297000 00:22 118                        /tmp/javacpp26148891478251/libopencv_core.so.3.0
7fee13bf2000-7fee13bf9000 rw-p 00296000 00:22 118                        /tmp/javacpp26148891478251/libopencv_core.so.3.0
7fee13bf9000-7fee13bfc000 rw-p 00000000 00:00 0 
7fee13bfc000-7fee13bff000 ---p 00000000 00:00 0 
7fee13bff000-7fee13cfd000 rw-p 00000000 00:00 0 
7fee13cfd000-7fee13d00000 ---p 00000000 00:00 0 
7fee13d00000-7fee13dfe000 rw-p 00000000 00:00 0                          [stack:15390]
7fee13dfe000-7fee13e01000 ---p 00000000 00:00 0 
7fee13e01000-7fee13eff000 rw-p 00000000 00:00 0                          [stack:15389]
7fee13eff000-7fee13f02000 ---p 00000000 00:00 0 
7fee13f02000-7fee14000000 rw-p 00000000 00:00 0                          [stack:15388]
7fee14000000-7fee14021000 rw-p 00000000 00:00 0 
7fee14021000-7fee18000000 ---p 00000000 00:00 0 
7fee18000000-7fee18021000 rw-p 00000000 00:00 0 
7fee18021000-7fee1c000000 ---p 00000000 00:00 0 
7fee1c0fb000-7fee1c100000 r-xp 00000000 08:02 14947362                   /usr/lib/libXfixes.so.3.1.0
7fee1c100000-7fee1c2ff000 ---p 00005000 08:02 14947362                   /usr/lib/libXfixes.so.3.1.0
7fee1c2ff000-7fee1c300000 r--p 00004000 08:02 14947362                   /usr/lib/libXfixes.so.3.1.0
7fee1c300000-7fee1c301000 rw-p 00005000 08:02 14947362                   /usr/lib/libXfixes.so.3.1.0
7fee1c301000-7fee1c30b000 r-xp 00000000 08:02 14955981                   /usr/lib/libXcursor.so.1.0.2
7fee1c30b000-7fee1c50a000 ---p 0000a000 08:02 14955981                   /usr/lib/libXcursor.so.1.0.2
7fee1c50a000-7fee1c50b000 r--p 00009000 08:02 14955981                   /usr/lib/libXcursor.so.1.0.2
7fee1c50b000-7fee1c50c000 rw-p 0000a000 08:02 14955981                   /usr/lib/libXcursor.so.1.0.2
7fee1c50c000-7fee1c510000 r-xp 00000000 08:02 14947376                   /usr/lib/libattr.so.1.1.0
7fee1c510000-7fee1c70f000 ---p 00004000 08:02 14947376                   /usr/lib/libattr.so.1.1.0
7fee1c70f000-7fee1c710000 r--p 00003000 08:02 14947376                   /usr/lib/libattr.so.1.1.0
7fee1c710000-7fee1c711000 rw-p 00004000 08:02 14947376                   /usr/lib/libattr.so.1.1.0
7fee1c711000-7fee1c715000 r-xp 00000000 08:02 14947386                   /usr/lib/libcap.so.2.24
7fee1c715000-7fee1c914000 ---p 00004000 08:02 14947386                   /usr/lib/libcap.so.2.24
7fee1c914000-7fee1c915000 rw-p 00003000 08:02 14947386                   /usr/lib/libcap.so.2.24
7fee1c915000-7fee1c927000 r-xp 00000000 08:02 14947462                   /usr/lib/libgpg-error.so.0.16.0
7fee1c927000-7fee1cb26000 ---p 00012000 08:02 14947462                   /usr/lib/libgpg-error.so.0.16.0
7fee1cb26000-7fee1cb27000 r--p 00011000 08:02 14947462                   /usr/lib/libgpg-error.so.0.16.0
7fee1cb27000-7fee1cb28000 rw-p 00012000 08:02 14947462                   /usr/lib/libgpg-error.so.0.16.0
7fee1cb28000-7fee1cc00000 r-xp 00000000 08:02 14947444                   /usr/lib/libgcrypt.so.20.0.4
7fee1cc00000-7fee1ce00000 ---p 000d8000 08:02 14947444                   /usr/lib/libgcrypt.so.20.0.4
7fee1ce00000-7fee1ce01000 r--p 000d8000 08:02 14947444                   /usr/lib/libgcrypt.so.20.0.4
7fee1ce01000-7fee1ce09000 rw-p 000d9000 08:02 14947444                   /usr/lib/libgcrypt.so.20.0.4
7fee1ce09000-7fee1ce0a000 rw-p 00000000 00:00 0 
7fee1ce0a000-7fee1ce1b000 r-xp 00000000 08:02 14947501                   /usr/lib/liblz4.so.1.7.1
7fee1ce1b000-7fee1d01a000 ---p 00011000 08:02 14947501                   /usr/lib/liblz4.so.1.7.1
7fee1d01a000-7fee1d01b000 r--p 00010000 08:02 14947501                   /usr/lib/liblz4.so.1.7.1
7fee1d01b000-7fee1d01c000 rw-p 00011000 08:02 14947501                   /usr/lib/liblz4.so.1.7.1
7fee1d01c000-7fee1d041000 r-xp 00000000 08:02 14943014                   /usr/lib/liblzma.so.5.2.2
7fee1d041000-7fee1d240000 ---p 00025000 08:02 14943014                   /usr/lib/liblzma.so.5.2.2
7fee1d240000-7fee1d241000 r--p 00024000 08:02 14943014                   /usr/lib/liblzma.so.5.2.2
7fee1d241000-7fee1d242000 rw-p 00025000 08:02 14943014                   /usr/lib/liblzma.so.5.2.2
7fee1d242000-7fee1d26b000 r-xp 00000000 08:02 14955009                   /usr/lib/libgraphite2.so.3.0.1
7fee1d26b000-7fee1d46a000 ---p 00029000 08:02 14955009                   /usr/lib/libgraphite2.so.3.0.1
7fee1d46a000-7fee1d46c000 r--p 00028000 08:02 14955009                   /usr/lib/libgraphite2.so.3.0.1
7fee1d46c000-7fee1d46d000 rw-p 0002a000 08:02 14955009                   /usr/lib/libgraphite2.so.3.0.1
7fee1d46d000-7fee1d4fe000 r-xp 00000000 08:02 14945771                   /usr/lib/libgmp.so.10.3.0
7fee1d4fe000-7fee1d6fe000 ---p 00091000 08:02 14945771                   /usr/lib/libgmp.so.10.3.0
7fee1d6fe000-7fee1d6ff000 r--p 00091000 08:02 14945771                   /usr/lib/libgmp.so.10.3.0
7fee1d6ff000-7fee1d700000 rw-p 00092000 08:02 14945771                   /usr/lib/libgmp.so.10.3.0
7fee1d700000-7fee1d732000 r-xp 00000000 08:02 14947473                   /usr/lib/libhogweed.so.4.1
7fee1d732000-7fee1d932000 ---p 00032000 08:02 14947473                   /usr/lib/libhogweed.so.4.1
7fee1d932000-7fee1d933000 r--p 00032000 08:02 14947473                   /usr/lib/libhogweed.so.4.1
7fee1d933000-7fee1d934000 rw-p 00033000 08:02 14947473                   /usr/lib/libhogweed.so.4.1
7fee1d934000-7fee1d96a000 r-xp 00000000 08:02 14947524                   /usr/lib/libnettle.so.6.1
7fee1d96a000-7fee1db69000 ---p 00036000 08:02 14947524                   /usr/lib/libnettle.so.6.1
7fee1db69000-7fee1db6b000 r--p 00035000 08:02 14947524                   /usr/lib/libnettle.so.6.1
7fee1db6b000-7fee1db6c000 rw-p 00037000 08:02 14947524                   /usr/lib/libnettle.so.6.1
7fee1db6c000-7fee1db7e000 r-xp 00000000 08:02 14947613                   /usr/lib/libtasn1.so.6.5.1
7fee1db7e000-7fee1dd7d000 ---p 00012000 08:02 14947613                   /usr/lib/libtasn1.so.6.5.1
7fee1dd7d000-7fee1dd7e000 r--p 00011000 08:02 14947613                   /usr/lib/libtasn1.so.6.5.1
7fee1dd7e000-7fee1dd7f000 rw-p 00012000 08:02 14947613                   /usr/lib/libtasn1.so.6.5.1
7fee1dd7f000-7fee1ddd9000 r-xp 00000000 08:02 14947558                   /usr/lib/libp11-kit.so.0.1.0
7fee1ddd9000-7fee1dfd8000 ---p 0005a000 08:02 14947558                   /usr/lib/libp11-kit.so.0.1.0
7fee1dfd8000-7fee1dfe2000 r--p 00059000 08:02 14947558                   /usr/lib/libp11-kit.so.0.1.0
7fee1dfe2000-7fee1dfe4000 rw-p 00063000 08:02 14947558                   /usr/lib/libp11-kit.so.0.1.0
7fee1dfe4000-7fee1dfe7000 r-xp 00000000 08:02 14947488                   /usr/lib/libkeyutils.so.1.5
7fee1dfe7000-7fee1e1e6000 ---p 00003000 08:02 14947488                   /usr/lib/libkeyutils.so.1.5
7fee1e1e6000-7fee1e1e7000 r--p 00002000 08:02 14947488                   /usr/lib/libkeyutils.so.1.5
7fee1e1e7000-7fee1e1e8000 rw-p 00003000 08:02 14947488                   /usr/lib/libkeyutils.so.1.5
7fee1e1e8000-7fee1e1f4000 r-xp 00000000 08:02 14947493                   /usr/lib/libkrb5support.so.0.1
7fee1e1f4000-7fee1e3f3000 ---p 0000c000 08:02 14947493                   /usr/lib/libkrb5support.so.0.1
7fee1e3f3000-7fee1e3f4000 r--p 0000b000 08:02 14947493                   /usr/lib/libkrb5support.so.0.1
7fee1e3f4000-7fee1e3f5000 rw-p 0000c000 08:02 14947493                   /usr/lib/libkrb5support.so.0.1
7fee1e3f5000-7fee1e3fa000 r-xp 00000000 08:02 14947360                   /usr/lib/libXdmcp.so.6.0.0
7fee1e3fa000-7fee1e5f9000 ---p 00005000 08:02 14947360                   /usr/lib/libXdmcp.so.6.0.0
7fee1e5f9000-7fee1e5fa000 r--p 00004000 08:02 14947360                   /usr/lib/libXdmcp.so.6.0.0
7fee1e5fa000-7fee1e5fb000 rw-p 00005000 08:02 14947360                   /usr/lib/libXdmcp.so.6.0.0
7fee1e5fb000-7fee1e5fd000 r-xp 00000000 08:02 14947358                   /usr/lib/libXau.so.6.0.0
7fee1e5fd000-7fee1e7fd000 ---p 00002000 08:02 14947358                   /usr/lib/libXau.so.6.0.0
7fee1e7fd000-7fee1e7fe000 r--p 00002000 08:02 14947358                   /usr/lib/libXau.so.6.0.0
7fee1e7fe000-7fee1e7ff000 rw-p 00003000 08:02 14947358                   /usr/lib/libXau.so.6.0.0
7fee1e7ff000-7fee1e86e000 r-xp 00000000 08:02 14947569                   /usr/lib/libpcre.so.1.2.5
7fee1e86e000-7fee1ea6d000 ---p 0006f000 08:02 14947569                   /usr/lib/libpcre.so.1.2.5
7fee1ea6d000-7fee1ea6e000 r--p 0006e000 08:02 14947569                   /usr/lib/libpcre.so.1.2.5
7fee1ea6e000-7fee1ea6f000 rw-p 0006f000 08:02 14947569                   /usr/lib/libpcre.so.1.2.5
7fee1ea6f000-7fee1ea77000 r-xp 00000000 08:02 14947435                   /usr/lib/libffi.so.6.0.4
7fee1ea77000-7fee1ec76000 ---p 00008000 08:02 14947435                   /usr/lib/libffi.so.6.0.4
7fee1ec76000-7fee1ec77000 r--p 00007000 08:02 14947435                   /usr/lib/libffi.so.6.0.4
7fee1ec77000-7fee1ec78000 rw-p 00008000 08:02 14947435                   /usr/lib/libffi.so.6.0.4
7fee1ec78000-7fee1ec8c000 r-xp 00000000 08:02 14947591                   /usr/lib/libresolv-2.22.so
7fee1ec8c000-7fee1ee8b000 ---p 00014000 08:02 14947591                   /usr/lib/libresolv-2.22.so
7fee1ee8b000-7fee1ee8c000 r--p 00013000 08:02 14947591                   /usr/lib/libresolv-2.22.so
7fee1ee8c000-7fee1ee8d000 rw-p 00014000 08:02 14947591                   /usr/lib/libresolv-2.22.so
7fee1ee8d000-7fee1ee8f000 rw-p 00000000 00:00 0 
7fee1ee8f000-7fee1ee92000 r-xp 00000000 08:02 14945767                   /usr/lib/libgmodule-2.0.so.0.4600.2
7fee1ee92000-7fee1f091000 ---p 00003000 08:02 14945767                   /usr/lib/libgmodule-2.0.so.0.4600.2
7fee1f091000-7fee1f092000 r--p 00002000 08:02 14945767                   /usr/lib/libgmodule-2.0.so.0.4600.2
7fee1f092000-7fee1f093000 rw-p 00003000 08:02 14945767                   /usr/lib/libgmodule-2.0.so.0.4600.2
7fee1f093000-7fee1f0f5000 r-xp 00000000 08:02 14953538                   /usr/lib/libharfbuzz.so.0.10102.0
7fee1f0f5000-7fee1f2f5000 ---p 00062000 08:02 14953538                   /usr/lib/libharfbuzz.so.0.10102.0
7fee1f2f5000-7fee1f2f6000 r--p 00062000 08:02 14953538                   /usr/lib/libharfbuzz.so.0.10102.0
7fee1f2f6000-7fee1f2f7000 rw-p 00063000 08:02 14953538                   /usr/lib/libharfbuzz.so.0.10102.0
7fee1f2f7000-7fee1f32b000 r-xp 00000000 08:02 14953416                   /usr/lib/libpng16.so.16.19.0
7fee1f32b000-7fee1f52a000 ---p 00034000 08:02 14953416                   /usr/lib/libpng16.so.16.19.0
7fee1f52a000-7fee1f52b000 r--p 00033000 08:02 14953416                   /usr/lib/libpng16.so.16.19.0
7fee1f52b000-7fee1f52c000 rw-p 00034000 08:02 14953416                   /usr/lib/libpng16.so.16.19.0
7fee1f52c000-7fee1f53b000 r-xp 00000000 08:02 14947380                   /usr/lib/libbz2.so.1.0.6
7fee1f53b000-7fee1f73a000 ---p 0000f000 08:02 14947380                   /usr/lib/libbz2.so.1.0.6
7fee1f73a000-7fee1f73c000 rw-p 0000e000 08:02 14947380                   /usr/lib/libbz2.so.1.0.6
7fee1f73c000-7fee1f763000 r-xp 00000000 08:02 14947432                   /usr/lib/libexpat.so.1.6.0
7fee1f763000-7fee1f962000 ---p 00027000 08:02 14947432                   /usr/lib/libexpat.so.1.6.0
7fee1f962000-7fee1f965000 r--p 00026000 08:02 14947432                   /usr/lib/libexpat.so.1.6.0
7fee1f965000-7fee1f966000 rw-p 00029000 08:02 14947432                   /usr/lib/libexpat.so.1.6.0
7fee1f966000-7fee1f96e000 r-xp 00000000 08:02 14947394                   /usr/lib/libcrypt-2.22.so
7fee1f96e000-7fee1fb6e000 ---p 00008000 08:02 14947394                   /usr/lib/libcrypt-2.22.so
7fee1fb6e000-7fee1fb6f000 r--p 00008000 08:02 14947394                   /usr/lib/libcrypt-2.22.so
7fee1fb6f000-7fee1fb70000 rw-p 00009000 08:02 14947394                   /usr/lib/libcrypt-2.22.so
7fee1fb70000-7fee1fb9e000 rw-p 00000000 00:00 0 
7fee1fb9e000-7fee1fbec000 r-xp 00000000 08:02 14951274                   /usr/lib/libdbus-1.so.3.14.5
7fee1fbec000-7fee1fdec000 ---p 0004e000 08:02 14951274                   /usr/lib/libdbus-1.so.3.14.5
7fee1fdec000-7fee1fded000 r--p 0004e000 08:02 14951274                   /usr/lib/libdbus-1.so.3.14.5
7fee1fded000-7fee1fdee000 rw-p 0004f000 08:02 14951274                   /usr/lib/libdbus-1.so.3.14.5
7fee1fdee000-7fee1fdef000 rw-p 00000000 00:00 0 
7fee1fdef000-7fee1fdff000 r-xp 00000000 08:02 14949079                   /usr/lib/libavahi-client.so.3.2.9
7fee1fdff000-7fee1fffe000 ---p 00010000 08:02 14949079                   /usr/lib/libavahi-client.so.3.2.9
7fee1fffe000-7fee1ffff000 r--p 0000f000 08:02 14949079                   /usr/lib/libavahi-client.so.3.2.9
7fee1ffff000-7fee20000000 rw-p 00010000 08:02 14949079                   /usr/lib/libavahi-client.so.3.2.9
7fee20000000-7fee20678000 rw-p 00000000 00:00 0 
7fee20678000-7fee24000000 ---p 00000000 00:00 0 
7fee24000000-7fee24021000 rw-p 00000000 00:00 0 
7fee24021000-7fee28000000 ---p 00000000 00:00 0 
7fee28000000-7fee28021000 rw-p 00000000 00:00 0 
7fee28021000-7fee2c000000 ---p 00000000 00:00 0 
7fee2c000000-7fee2c313000 rw-p 00000000 00:00 0 
7fee2c313000-7fee30000000 ---p 00000000 00:00 0 
7fee30000000-7fee30021000 rw-p 00000000 00:00 0 
7fee30021000-7fee34000000 ---p 00000000 00:00 0 
7fee34000000-7fee34021000 rw-p 00000000 00:00 0 
7fee34021000-7fee38000000 ---p 00000000 00:00 0 
7fee38000000-7fee38021000 rw-p 00000000 00:00 0 
7fee38021000-7fee3c000000 ---p 00000000 00:00 0 
7fee3c00f000-7fee3c012000 ---p 00000000 00:00 0 
7fee3c012000-7fee3c110000 rw-p 00000000 00:00 0                          [stack:15387]
7fee3c110000-7fee3c18f000 r-xp 00000000 08:02 14947608                   /usr/lib/libsystemd.so.0.12.0
7fee3c18f000-7fee3c190000 ---p 0007f000 08:02 14947608                   /usr/lib/libsystemd.so.0.12.0
7fee3c190000-7fee3c193000 r--p 0007f000 08:02 14947608                   /usr/lib/libsystemd.so.0.12.0
7fee3c193000-7fee3c194000 rw-p 00082000 08:02 14947608                   /usr/lib/libsystemd.so.0.12.0
7fee3c194000-7fee3c1a0000 r-xp 00000000 08:02 14949076                   /usr/lib/libavahi-common.so.3.5.3
7fee3c1a0000-7fee3c39f000 ---p 0000c000 08:02 14949076                   /usr/lib/libavahi-common.so.3.5.3
7fee3c39f000-7fee3c3a0000 r--p 0000b000 08:02 14949076                   /usr/lib/libavahi-common.so.3.5.3
7fee3c3a0000-7fee3c3a1000 rw-p 0000c000 08:02 14949076                   /usr/lib/libavahi-common.so.3.5.3
7fee3c3a1000-7fee3c4c8000 r-xp 00000000 08:02 14945778                   /usr/lib/libgnutls.so.30.5.0
7fee3c4c8000-7fee3c6c8000 ---p 00127000 08:02 14945778                   /usr/lib/libgnutls.so.30.5.0
7fee3c6c8000-7fee3c6d3000 r--p 00127000 08:02 14945778                   /usr/lib/libgnutls.so.30.5.0
7fee3c6d3000-7fee3c6d6000 rw-p 00132000 08:02 14945778                   /usr/lib/libgnutls.so.30.5.0
7fee3c6d6000-7fee3c6d7000 rw-p 00000000 00:00 0 
7fee3c6d7000-7fee3c6da000 r-xp 00000000 08:02 14947390                   /usr/lib/libcom_err.so.2.1
7fee3c6da000-7fee3c8d9000 ---p 00003000 08:02 14947390                   /usr/lib/libcom_err.so.2.1
7fee3c8d9000-7fee3c8da000 r--p 00002000 08:02 14947390                   /usr/lib/libcom_err.so.2.1
7fee3c8da000-7fee3c8db000 rw-p 00003000 08:02 14947390                   /usr/lib/libcom_err.so.2.1
7fee3c8db000-7fee3c909000 r-xp 00000000 08:02 14947483                   /usr/lib/libk5crypto.so.3.1
7fee3c909000-7fee3cb08000 ---p 0002e000 08:02 14947483                   /usr/lib/libk5crypto.so.3.1
7fee3cb08000-7fee3cb0a000 r--p 0002d000 08:02 14947483                   /usr/lib/libk5crypto.so.3.1
7fee3cb0a000-7fee3cb0b000 rw-p 0002f000 08:02 14947483                   /usr/lib/libk5crypto.so.3.1
7fee3cb0b000-7fee3cb0c000 rw-p 00000000 00:00 0 
7fee3cb0c000-7fee3cbe1000 r-xp 00000000 08:02 14947492                   /usr/lib/libkrb5.so.3.3
7fee3cbe1000-7fee3cde1000 ---p 000d5000 08:02 14947492                   /usr/lib/libkrb5.so.3.3
7fee3cde1000-7fee3cdee000 r--p 000d5000 08:02 14947492                   /usr/lib/libkrb5.so.3.3
7fee3cdee000-7fee3cdf1000 rw-p 000e2000 08:02 14947492                   /usr/lib/libkrb5.so.3.3
7fee3cdf1000-7fee3ce3b000 r-xp 00000000 08:02 14947465                   /usr/lib/libgssapi_krb5.so.2.2
7fee3ce3b000-7fee3d03a000 ---p 0004a000 08:02 14947465                   /usr/lib/libgssapi_krb5.so.2.2
7fee3d03a000-7fee3d03c000 r--p 00049000 08:02 14947465                   /usr/lib/libgssapi_krb5.so.2.2
7fee3d03c000-7fee3d03e000 rw-p 0004b000 08:02 14947465                   /usr/lib/libgssapi_krb5.so.2.2
7fee3d03e000-7fee3d05f000 r-xp 00000000 08:02 14947661                   /usr/lib/libxcb.so.1.1.0
7fee3d05f000-7fee3d25f000 ---p 00021000 08:02 14947661                   /usr/lib/libxcb.so.1.1.0
7fee3d25f000-7fee3d260000 r--p 00021000 08:02 14947661                   /usr/lib/libxcb.so.1.1.0
7fee3d260000-7fee3d261000 rw-p 00022000 08:02 14947661                   /usr/lib/libxcb.so.1.1.0
7fee3d261000-7fee3d36d000 r-xp 00000000 08:02 14945764                   /usr/lib/libglib-2.0.so.0.4600.2
7fee3d36d000-7fee3d56c000 ---p 0010c000 08:02 14945764                   /usr/lib/libglib-2.0.so.0.4600.2
7fee3d56c000-7fee3d56d000 r--p 0010b000 08:02 14945764                   /usr/lib/libglib-2.0.so.0.4600.2
7fee3d56d000-7fee3d56e000 rw-p 0010c000 08:02 14945764                   /usr/lib/libglib-2.0.so.0.4600.2
7fee3d56e000-7fee3d56f000 rw-p 00000000 00:00 0 
7fee3d56f000-7fee3d5c0000 r-xp 00000000 08:02 14945769                   /usr/lib/libgobject-2.0.so.0.4600.2
7fee3d5c0000-7fee3d7bf000 ---p 00051000 08:02 14945769                   /usr/lib/libgobject-2.0.so.0.4600.2
7fee3d7bf000-7fee3d7c0000 r--p 00050000 08:02 14945769                   /usr/lib/libgobject-2.0.so.0.4600.2
7fee3d7c0000-7fee3d7c1000 rw-p 00051000 08:02 14945769                   /usr/lib/libgobject-2.0.so.0.4600.2
7fee3d7c1000-7fee3d939000 r-xp 00000000 08:02 14945770                   /usr/lib/libgio-2.0.so.0.4600.2
7fee3d939000-7fee3db38000 ---p 00178000 08:02 14945770                   /usr/lib/libgio-2.0.so.0.4600.2
7fee3db38000-7fee3db3c000 r--p 00177000 08:02 14945770                   /usr/lib/libgio-2.0.so.0.4600.2
7fee3db3c000-7fee3db3e000 rw-p 0017b000 08:02 14945770                   /usr/lib/libgio-2.0.so.0.4600.2
7fee3db3e000-7fee3db40000 rw-p 00000000 00:00 0 
7fee3db40000-7fee3dbf7000 r-xp 00000000 08:02 14956821                   /usr/lib/libfreetype.so.6.12.1
7fee3dbf7000-7fee3ddf6000 ---p 000b7000 08:02 14956821                   /usr/lib/libfreetype.so.6.12.1
7fee3ddf6000-7fee3ddfc000 r--p 000b6000 08:02 14956821                   /usr/lib/libfreetype.so.6.12.1
7fee3ddfc000-7fee3ddfd000 rw-p 000bc000 08:02 14956821                   /usr/lib/libfreetype.so.6.12.1
7fee3ddfd000-7fee3de3a000 r-xp 00000000 08:02 14956159                   /usr/lib/libfontconfig.so.1.8.0
7fee3de3a000-7fee3e039000 ---p 0003d000 08:02 14956159                   /usr/lib/libfontconfig.so.1.8.0
7fee3e039000-7fee3e03b000 r--p 0003c000 08:02 14956159                   /usr/lib/libfontconfig.so.1.8.0
7fee3e03b000-7fee3e03c000 rw-p 0003e000 08:02 14956159                   /usr/lib/libfontconfig.so.1.8.0
7fee3e03c000-7fee3e0b6000 r-xp 00000000 08:02 14956104                   /usr/lib/libcups.so.2
7fee3e0b6000-7fee3e2b6000 ---p 0007a000 08:02 14956104                   /usr/lib/libcups.so.2
7fee3e2b6000-7fee3e2be000 rw-p 0007a000 08:02 14956104                   /usr/lib/libcups.so.2
7fee3e2be000-7fee3e2cd000 r-xp 00000000 08:02 14955984                   /usr/lib/libXi.so.6.1.0
7fee3e2cd000-7fee3e4cc000 ---p 0000f000 08:02 14955984                   /usr/lib/libXi.so.6.1.0
7fee3e4cc000-7fee3e4cd000 r--p 0000e000 08:02 14955984                   /usr/lib/libXi.so.6.1.0
7fee3e4cd000-7fee3e4ce000 rw-p 0000f000 08:02 14955984                   /usr/lib/libXi.so.6.1.0
7fee3e4ce000-7fee3e4d3000 r-xp 00000000 08:02 14955993                   /usr/lib/libXtst.so.6.1.0
7fee3e4d3000-7fee3e6d2000 ---p 00005000 08:02 14955993                   /usr/lib/libXtst.so.6.1.0
7fee3e6d2000-7fee3e6d3000 r--p 00004000 08:02 14955993                   /usr/lib/libXtst.so.6.1.0
7fee3e6d3000-7fee3e6d4000 rw-p 00005000 08:02 14955993                   /usr/lib/libXtst.so.6.1.0
7fee3e6d4000-7fee3e6dd000 r-xp 00000000 08:02 14955990                   /usr/lib/libXrender.so.1.3.0
7fee3e6dd000-7fee3e8dc000 ---p 00009000 08:02 14955990                   /usr/lib/libXrender.so.1.3.0
7fee3e8dc000-7fee3e8dd000 r--p 00008000 08:02 14955990                   /usr/lib/libXrender.so.1.3.0
7fee3e8dd000-7fee3e8de000 rw-p 00009000 08:02 14955990                   /usr/lib/libXrender.so.1.3.0
7fee3e8de000-7fee3ea19000 r-xp 00000000 08:02 14947357                   /usr/lib/libX11.so.6.3.0
7fee3ea19000-7fee3ec18000 ---p 0013b000 08:02 14947357                   /usr/lib/libX11.so.6.3.0
7fee3ec18000-7fee3ec1a000 r--p 0013a000 08:02 14947357                   /usr/lib/libX11.so.6.3.0
7fee3ec1a000-7fee3ec1f000 rw-p 0013c000 08:02 14947357                   /usr/lib/libX11.so.6.3.0
7fee3ec1f000-7fee3ec20000 rw-p 00000000 00:00 0 
7fee3ec20000-7fee3ec31000 r-xp 00000000 08:02 14947361                   /usr/lib/libXext.so.6.4.0
7fee3ec31000-7fee3ee30000 ---p 00011000 08:02 14947361                   /usr/lib/libXext.so.6.4.0
7fee3ee30000-7fee3ee31000 r--p 00010000 08:02 14947361                   /usr/lib/libXext.so.6.4.0
7fee3ee31000-7fee3ee32000 rw-p 00011000 08:02 14947361                   /usr/lib/libXext.so.6.4.0
7fee3ee32000-7fee3ee79000 r-xp 00000000 08:02 16130267                   /usr/lib/jvm/java-7-openjdk/jre/lib/amd64/xawt/libmawt.so
7fee3ee79000-7fee3f079000 ---p 00047000 08:02 16130267                   /usr/lib/jvm/java-7-openjdk/jre/lib/amd64/xawt/libmawt.so
7fee3f079000-7fee3f07c000 rw-p 00047000 08:02 16130267                   /usr/lib/jvm/java-7-openjdk/jre/lib/amd64/xawt/libmawt.so
7fee3f07c000-7fee3f07d000 rw-p 00000000 00:00 0 
7fee3f07d000-7fee3f11b000 r-xp 00000000 08:02 15742067                   /usr/lib/jvm/java-7-openjdk/jre/lib/amd64/libawt.so
7fee3f11b000-7fee3f31b000 ---p 0009e000 08:02 15742067                   /usr/lib/jvm/java-7-openjdk/jre/lib/amd64/libawt.so
7fee3f31b000-7fee3f327000 rw-p 0009e000 08:02 15742067                   /usr/lib/jvm/java-7-openjdk/jre/lib/amd64/libawt.so
7fee3f327000-7fee3f34b000 rw-p 00000000 00:00 0 
7fee3f34b000-7fee3f34c000 ---p 00000000 00:00 0 
7fee3f34c000-7fee3f44c000 rw-p 00000000 00:00 0                          [stack:15381]
7fee3f44c000-7fee3f44f000 ---p 00000000 00:00 0 
7fee3f44f000-7fee3f54d000 rw-p 00000000 00:00 0                          [stack:15380]
7fee3f54d000-7fee3f550000 ---p 00000000 00:00 0 
7fee3f550000-7fee3f64e000 rw-p 00000000 00:00 0                          [stack:15379]
7fee3f64e000-7fee3f651000 ---p 00000000 00:00 0 
7fee3f651000-7fee3f74f000 rw-p 00000000 00:00 0                          [stack:15378]
7fee3f74f000-7fee3f752000 ---p 00000000 00:00 0 
7fee3f752000-7fee3f850000 rw-p 00000000 00:00 0                          [stack:15377]
7fee3f850000-7fee3fb4e000 r--p 00000000 08:02 14956685                   /usr/lib/locale/locale-archive
7fee3fb4e000-7fee3fb51000 ---p 00000000 00:00 0 
7fee3fb51000-7fee3fc4f000 rw-p 00000000 00:00 0                          [stack:15372]
7fee3fc4f000-7fee3fc52000 ---p 00000000 00:00 0 
7fee3fc52000-7fee44000000 rw-p 00000000 00:00 0                          [stack:15371]
7fee44000000-7fee44021000 rw-p 00000000 00:00 0 
7fee44021000-7fee48000000 ---p 00000000 00:00 0 
7fee48000000-7fee48021000 rw-p 00000000 00:00 0 
7fee48021000-7fee4c000000 ---p 00000000 00:00 0 
7fee4c000000-7fee4c021000 rw-p 00000000 00:00 0 
7fee4c021000-7fee50000000 ---p 00000000 00:00 0 
7fee50000000-7fee50021000 rw-p 00000000 00:00 0 
7fee50021000-7fee54000000 ---p 00000000 00:00 0 
7fee54012000-7fee54062000 rw-s 00000000 00:05 32440343                   /SYSV00000000 (deleted)
7fee54062000-7fee54063000 rw-p 00000000 00:00 0 
7fee54063000-7fee5406d000 r--s 000ae000 08:02 15740968                   /usr/lib/jvm/java-7-openjdk/jre/lib/resources.jar
7fee5406d000-7fee5409d000 r--p 00000000 08:02 15467783                   /usr/share/locale/ru/LC_MESSAGES/libc.mo
7fee5409d000-7fee5409e000 r--s 00009000 08:02 2622325                    /home/fedor-m/.m2/repository/org/bytedeco/javacpp-presets/flandmark/1.07-1.1/flandmark-1.07-1.1-linux-x86_64.jar
7fee5409e000-7fee5409f000 r--s 00002000 08:02 2622323                    /home/fedor-m/.m2/repository/org/bytedeco/javacpp-presets/flandmark/1.07-1.1/flandmark-1.07-1.1.jar
7fee5409f000-7fee540a1000 r--s 0002a000 08:02 2622321                    /home/fedor-m/.m2/repository/org/bytedeco/javacpp-presets/artoolkitplus/2.3.1-1.1/artoolkitplus-2.3.1-1.1-linux-x86_64.jar
7fee540a1000-7fee540a2000 r--s 00005000 08:02 2622319                    /home/fedor-m/.m2/repository/org/bytedeco/javacpp-presets/artoolkitplus/2.3.1-1.1/artoolkitplus-2.3.1-1.1.jar
7fee540a2000-7fee540a3000 r--s 00000000 08:02 2622317                    /home/fedor-m/.m2/repository/org/bytedeco/javacpp-presets/videoinput/0.200-1.1/videoinput-0.200-1.1-linux-x86_64.jar
7fee540a3000-7fee540a4000 r--s 00003000 08:02 2622315                    /home/fedor-m/.m2/repository/org/bytedeco/javacpp-presets/videoinput/0.200-1.1/videoinput-0.200-1.1.jar
7fee540a4000-7fee540a5000 r--s 00014000 08:02 2622313                    /home/fedor-m/.m2/repository/org/bytedeco/javacpp-presets/libfreenect/0.5.3-1.1/libfreenect-0.5.3-1.1-linux-x86_64.jar
7fee540a5000-7fee540a7000 r--s 00004000 08:02 2622311                    /home/fedor-m/.m2/repository/org/bytedeco/javacpp-presets/libfreenect/0.5.3-1.1/libfreenect-0.5.3-1.1.jar
7fee540a7000-7fee540a9000 r--s 00006000 08:02 2622307                    /home/fedor-m/.m2/repository/org/bytedeco/javacpp-presets/libdc1394/2.2.3-1.1/libdc1394-2.2.3-1.1.jar
7fee540a9000-7fee540ab000 r--s 0003a000 08:02 2622305                    /home/fedor-m/.m2/repository/org/bytedeco/javacpp-presets/flycapture/2.8.3.1-1.1/flycapture-2.8.3.1-1.1-linux-x86_64.jar
7fee540ab000-7fee540af000 r--s 0001f000 08:02 2622303                    /home/fedor-m/.m2/repository/org/bytedeco/javacpp-presets/flycapture/2.8.3.1-1.1/flycapture-2.8.3.1-1.1.jar
7fee540af000-7fee540b6000 r--s 00033000 08:02 2622299                    /home/fedor-m/.m2/repository/org/bytedeco/javacpp-presets/ffmpeg/2.8.1-1.1/ffmpeg-2.8.1-1.1.jar
7fee540b6000-7fee540c5000 r--s 00088000 08:02 2622295                    /home/fedor-m/.m2/repository/org/bytedeco/javacpp-presets/opencv/3.0.0-1.1/opencv-3.0.0-1.1.jar
7fee540c5000-7fee540d0000 r--s 00203000 08:02 15740966                   /usr/lib/jvm/java-7-openjdk/jre/lib/charsets.jar
7fee540d0000-7fee540d1000 ---p 00000000 00:00 0 
7fee540d1000-7fee55000000 rw-p 00000000 00:00 0                          [stack:15370]
7fee55000000-7fee55270000 rwxp 00000000 00:00 0 
7fee55270000-7fee582b2000 rw-p 00000000 00:00 0 
7fee582b2000-7fee5c000000 ---p 00000000 00:00 0 
7fee5c000000-7fee5c001000 r--s 00027000 08:02 2622309                    /home/fedor-m/.m2/repository/org/bytedeco/javacpp-presets/libdc1394/2.2.3-1.1/libdc1394-2.2.3-1.1-linux-x86_64.jar
7fee5c001000-7fee5c003000 r--s 0076b000 08:02 2622297                    /home/fedor-m/.m2/repository/org/bytedeco/javacpp-presets/opencv/3.0.0-1.1/opencv-3.0.0-1.1-linux-x86_64.jar
7fee5c003000-7fee5c007000 r--s 0003a000 08:02 2622327                    /home/fedor-m/.m2/repository/org/bytedeco/javacpp/1.1/javacpp-1.1.jar
7fee5c007000-7fee5c1d5000 rw-p 00000000 00:00 0 
7fee5c1d5000-7fee5c387000 r--s 01d2e000 08:02 15740967                   /usr/lib/jvm/java-7-openjdk/jre/lib/rt.jar
7fee5c387000-7fee5c8ab000 rw-p 00000000 00:00 0 
7fee5c8ab000-7fee5c8ac000 ---p 00000000 00:00 0 
7fee5c8ac000-7fee5c9ac000 rw-p 00000000 00:00 0                          [stack:15369]
7fee5c9ac000-7fee5c9ad000 ---p 00000000 00:00 0 
7fee5c9ad000-7fee5caad000 rw-p 00000000 00:00 0                          [stack:15368]
7fee5caad000-7fee5caae000 ---p 00000000 00:00 0 
7fee5caae000-7fee5cbae000 rw-p 00000000 00:00 0                          [stack:15367]
7fee5cbae000-7fee5cbaf000 ---p 00000000 00:00 0 
7fee5cbaf000-7fee5ccba000 rw-p 00000000 00:00 0                          [stack:15366]
7fee5ccba000-7fee5cd02000 rw-p 00000000 00:00 0 
7fee5cd02000-7fee5cd2b000 rw-p 00000000 00:00 0 
7fee5cd2b000-7fee5cf92000 rw-p 00000000 00:00 0 
7fee5cf92000-7fee5cf9d000 rw-p 00000000 00:00 0 
7fee5cf9d000-7fee5cfe5000 rw-p 00000000 00:00 0 
7fee5cfe5000-7fee5d00e000 rw-p 00000000 00:00 0 
7fee5d00e000-7fee5d275000 rw-p 00000000 00:00 0 
7fee5d275000-7fee5d2f1000 rw-p 00000000 00:00 0 
7fee5d2f1000-7fee5d2f5000 ---p 00000000 00:00 0 
7fee5d2f5000-7fee5d3bd000 rw-p 00000000 00:00 0 
7fee5d3bd000-7fee5d3be000 rw-p 00000000 00:00 0 
7fee5d3be000-7fee5d3c6000 r-xp 00000000 08:02 15742053                   /usr/lib/jvm/java-7-openjdk/jre/lib/amd64/libzip.so
7fee5d3c6000-7fee5d5c5000 ---p 00008000 08:02 15742053                   /usr/lib/jvm/java-7-openjdk/jre/lib/amd64/libzip.so
7fee5d5c5000-7fee5d5c6000 rw-p 00007000 08:02 15742053                   /usr/lib/jvm/java-7-openjdk/jre/lib/amd64/libzip.so
7fee5d5c6000-7fee5d5d1000 r-xp 00000000 08:02 14947543                   /usr/lib/libnss_files-2.22.so
7fee5d5d1000-7fee5d7d0000 ---p 0000b000 08:02 14947543                   /usr/lib/libnss_files-2.22.so
7fee5d7d0000-7fee5d7d1000 r--p 0000a000 08:02 14947543                   /usr/lib/libnss_files-2.22.so
7fee5d7d1000-7fee5d7d2000 rw-p 0000b000 08:02 14947543                   /usr/lib/libnss_files-2.22.so
7fee5d7d2000-7fee5d7d8000 rw-p 00000000 00:00 0 
7fee5d7d8000-7fee5d803000 r-xp 00000000 08:02 15742052                   /usr/lib/jvm/java-7-openjdk/jre/lib/amd64/libjava.so
7fee5d803000-7fee5da03000 ---p 0002b000 08:02 15742052                   /usr/lib/jvm/java-7-openjdk/jre/lib/amd64/libjava.so
7fee5da03000-7fee5da05000 rw-p 0002b000 08:02 15742052                   /usr/lib/jvm/java-7-openjdk/jre/lib/amd64/libjava.so
7fee5da05000-7fee5da12000 r-xp 00000000 08:02 15742051                   /usr/lib/jvm/java-7-openjdk/jre/lib/amd64/libverify.so
7fee5da12000-7fee5dc11000 ---p 0000d000 08:02 15742051                   /usr/lib/jvm/java-7-openjdk/jre/lib/amd64/libverify.so
7fee5dc11000-7fee5dc13000 rw-p 0000c000 08:02 15742051                   /usr/lib/jvm/java-7-openjdk/jre/lib/amd64/libverify.so
7fee5dc13000-7fee5dc1a000 r-xp 00000000 08:02 14947594                   /usr/lib/librt-2.22.so
7fee5dc1a000-7fee5de19000 ---p 00007000 08:02 14947594                   /usr/lib/librt-2.22.so
7fee5de19000-7fee5de1a000 r--p 00006000 08:02 14947594                   /usr/lib/librt-2.22.so
7fee5de1a000-7fee5de1b000 rw-p 00007000 08:02 14947594                   /usr/lib/librt-2.22.so
7fee5de1b000-7fee5de31000 r-xp 00000000 08:02 14947443                   /usr/lib/libgcc_s.so.1
7fee5de31000-7fee5e030000 ---p 00016000 08:02 14947443                   /usr/lib/libgcc_s.so.1
7fee5e030000-7fee5e031000 rw-p 00015000 08:02 14947443                   /usr/lib/libgcc_s.so.1
7fee5e031000-7fee5e12e000 r-xp 00000000 08:02 14947504                   /usr/lib/libm-2.22.so
7fee5e12e000-7fee5e32d000 ---p 000fd000 08:02 14947504                   /usr/lib/libm-2.22.so
7fee5e32d000-7fee5e32e000 r--p 000fc000 08:02 14947504                   /usr/lib/libm-2.22.so
7fee5e32e000-7fee5e32f000 rw-p 000fd000 08:02 14947504                   /usr/lib/libm-2.22.so
7fee5e32f000-7fee5e4a1000 r-xp 00000000 08:02 14947606                   /usr/lib/libstdc++.so.6.0.21
7fee5e4a1000-7fee5e6a1000 ---p 00172000 08:02 14947606                   /usr/lib/libstdc++.so.6.0.21
7fee5e6a1000-7fee5e6ab000 r--p 00172000 08:02 14947606                   /usr/lib/libstdc++.so.6.0.21
7fee5e6ab000-7fee5e6ad000 rw-p 0017c000 08:02 14947606                   /usr/lib/libstdc++.so.6.0.21
7fee5e6ad000-7fee5e6b1000 rw-p 00000000 00:00 0 
7fee5e6b1000-7fee5f201000 r-xp 00000000 08:02 16130264                   /usr/lib/jvm/java-7-openjdk/jre/lib/amd64/server/libjvm.so
7fee5f201000-7fee5f400000 ---p 00b50000 08:02 16130264                   /usr/lib/jvm/java-7-openjdk/jre/lib/amd64/server/libjvm.so
7fee5f400000-7fee5f4b4000 rw-p 00b4f000 08:02 16130264                   /usr/lib/jvm/java-7-openjdk/jre/lib/amd64/server/libjvm.so
7fee5f4b4000-7fee5f4df000 rw-p 00000000 00:00 0 
7fee5f4df000-7fee5f4f4000 r-xp 00000000 08:02 14947665                   /usr/lib/libz.so.1.2.8
7fee5f4f4000-7fee5f6f3000 ---p 00015000 08:02 14947665                   /usr/lib/libz.so.1.2.8
7fee5f6f3000-7fee5f6f4000 r--p 00014000 08:02 14947665                   /usr/lib/libz.so.1.2.8
7fee5f6f4000-7fee5f6f5000 rw-p 00015000 08:02 14947665                   /usr/lib/libz.so.1.2.8
7fee5f6f5000-7fee5f890000 r-xp 00000000 08:02 14947381                   /usr/lib/libc-2.22.so
7fee5f890000-7fee5fa8f000 ---p 0019b000 08:02 14947381                   /usr/lib/libc-2.22.so
7fee5fa8f000-7fee5fa93000 r--p 0019a000 08:02 14947381                   /usr/lib/libc-2.22.so
7fee5fa93000-7fee5fa95000 rw-p 0019e000 08:02 14947381                   /usr/lib/libc-2.22.so
7fee5fa95000-7fee5fa99000 rw-p 00000000 00:00 0 
7fee5fa99000-7fee5fa9c000 r-xp 00000000 08:02 14947409                   /usr/lib/libdl-2.22.so
7fee5fa9c000-7fee5fc9b000 ---p 00003000 08:02 14947409                   /usr/lib/libdl-2.22.so
7fee5fc9b000-7fee5fc9c000 r--p 00002000 08:02 14947409                   /usr/lib/libdl-2.22.so
7fee5fc9c000-7fee5fc9d000 rw-p 00003000 08:02 14947409                   /usr/lib/libdl-2.22.so
7fee5fc9d000-7fee5fcaa000 r-xp 00000000 08:02 16128183                   /usr/lib/jvm/java-7-openjdk/jre/lib/amd64/jli/libjli.so
7fee5fcaa000-7fee5fea9000 ---p 0000d000 08:02 16128183                   /usr/lib/jvm/java-7-openjdk/jre/lib/amd64/jli/libjli.so
7fee5fea9000-7fee5feaa000 rw-p 0000c000 08:02 16128183                   /usr/lib/jvm/java-7-openjdk/jre/lib/amd64/jli/libjli.so
7fee5feaa000-7fee5fec2000 r-xp 00000000 08:02 14947580                   /usr/lib/libpthread-2.22.so
7fee5fec2000-7fee600c1000 ---p 00018000 08:02 14947580                   /usr/lib/libpthread-2.22.so
7fee600c1000-7fee600c2000 r--p 00017000 08:02 14947580                   /usr/lib/libpthread-2.22.so
7fee600c2000-7fee600c3000 rw-p 00018000 08:02 14947580                   /usr/lib/libpthread-2.22.so
7fee600c3000-7fee600c7000 rw-p 00000000 00:00 0 
7fee600c7000-7fee600e9000 r-xp 00000000 08:02 14947350                   /usr/lib/ld-2.22.so
7fee600e9000-7fee600ed000 r--s 00056000 08:02 53087107                   /home/fedor-m/.m2/repository/org/bytedeco/javacv/1.1/javacv-1.1.jar
7fee600ed000-7fee600f7000 rw-p 00000000 00:00 0 
7fee600f7000-7fee601ad000 rw-p 00000000 00:00 0 
7fee601ad000-7fee601b0000 ---p 00000000 00:00 0 
7fee601b0000-7fee602b2000 rw-p 00000000 00:00 0                          [stack:15365]
7fee602b2000-7fee602b3000 r--s 00a24000 08:02 2622301                    /home/fedor-m/.m2/repository/org/bytedeco/javacpp-presets/ffmpeg/2.8.1-1.1/ffmpeg-2.8.1-1.1-linux-x86_64.jar
7fee602b3000-7fee602dd000 rw-p 00000000 00:00 0 
7fee602dd000-7fee602e5000 rw-s 00000000 00:22 32                         /tmp/hsperfdata_fedor-m/15360
7fee602e5000-7fee602e6000 rw-p 00000000 00:00 0 
7fee602e6000-7fee602e7000 r--p 00000000 00:00 0 
7fee602e7000-7fee602e8000 rw-p 00000000 00:00 0 
7fee602e8000-7fee602e9000 r--p 00021000 08:02 14947350                   /usr/lib/ld-2.22.so
7fee602e9000-7fee602ea000 rw-p 00022000 08:02 14947350                   /usr/lib/ld-2.22.so
7fee602ea000-7fee602eb000 rw-p 00000000 00:00 0 
7ffc5c112000-7ffc5c133000 rw-p 00000000 00:00 0                          [stack]
7ffc5c1db000-7ffc5c1dd000 r--p 00000000 00:00 0                          [vvar]
7ffc5c1dd000-7ffc5c1df000 r-xp 00000000 00:00 0                          [vdso]
ffffffffff600000-ffffffffff601000 r-xp 00000000 00:00 0                  [vsyscall]

VM Arguments:
jvm_args: -Dfile.encoding=UTF-8 
java_command: ru.ang5545.scanning_system_2.App
Launcher Type: SUN_STANDARD

Environment Variables:
JAVA_HOME=/usr/lib/jvm/java-8-openjdk
JRE_HOME=/usr/lib/jvm/java-8-openjdk
PATH=/usr/local/sbin:/usr/local/bin:/usr/bin:/home/fedor-m/bin:/usr/lib/jvm/java-8-openjdk/bin:/home/fedor-m/bin:/usr/lib/jvm/java-8-openjdk/bin:/usr/lib/jvm/default/bin:/usr/bin/site_perl:/usr/bin/vendor_perl:/usr/bin/core_perl
LD_LIBRARY_PATH=\/usr\/lib
SHELL=/bin/bash
DISPLAY=:0.0

Signal Handlers:
SIGSEGV: [libjvm.so+0x995100], sa_mask[0]=0x7ffbfeff, sa_flags=0x10000004
SIGBUS: [libjvm.so+0x995100], sa_mask[0]=0x7ffbfeff, sa_flags=0x10000004
SIGFPE: [libjvm.so+0x7fc350], sa_mask[0]=0x7ffbfeff, sa_flags=0x10000004
SIGPIPE: [libjvm.so+0x7fc350], sa_mask[0]=0x7ffbfeff, sa_flags=0x10000004
SIGXFSZ: [libjvm.so+0x7fc350], sa_mask[0]=0x7ffbfeff, sa_flags=0x10000004
SIGILL: [libjvm.so+0x7fc350], sa_mask[0]=0x7ffbfeff, sa_flags=0x10000004
SIGUSR1: SIG_DFL, sa_mask[0]=0x00000000, sa_flags=0x00000000
SIGUSR2: [libjvm.so+0x7fc1d0], sa_mask[0]=0x00000004, sa_flags=0x10000004
SIGHUP: [libjvm.so+0x7fc360], sa_mask[0]=0x7ffbfeff, sa_flags=0x10000004
SIGINT: [libjvm.so+0x7fc360], sa_mask[0]=0x7ffbfeff, sa_flags=0x10000004
SIGTERM: [libjvm.so+0x7fc360], sa_mask[0]=0x7ffbfeff, sa_flags=0x10000004
SIGQUIT: [libjvm.so+0x7fc360], sa_mask[0]=0x7ffbfeff, sa_flags=0x10000004
SIGTRAP: SIG_DFL, sa_mask[0]=0x00000000, sa_flags=0x00000000


---------------  S Y S T E M  ---------------

OS:ManjaroLinux 15.09 (Bellatrix)
uname:Linux 4.1.13-1-MANJARO #1 SMP PREEMPT Tue Nov 10 22:11:15 UTC 2015 x86_64
libc:glibc 2.22 NPTL 2.22 
rlimit: STACK 8192k, CORE 0k, NPROC 30594, NOFILE 4096, AS infinity
load average:0,81 0,69 0,56

/proc/meminfo:
MemTotal:        8059640 kB
MemFree:         2904760 kB
MemAvailable:    4976184 kB
Buffers:          295100 kB
Cached:          2022888 kB
SwapCached:            0 kB
Active:          3528332 kB
Inactive:        1245188 kB
Active(anon):    2607532 kB
Inactive(anon):   276312 kB
Active(file):     920800 kB
Inactive(file):   968876 kB
Unevictable:         136 kB
Mlocked:             136 kB
SwapTotal:       9227464 kB
SwapFree:        9227464 kB
Dirty:               580 kB
Writeback:             0 kB
AnonPages:       2455700 kB
Mapped:           547980 kB
Shmem:            428316 kB
Slab:             256680 kB
SReclaimable:     224012 kB
SUnreclaim:        32668 kB
KernelStack:        7920 kB
PageTables:        38712 kB
NFS_Unstable:          0 kB
Bounce:                0 kB
WritebackTmp:          0 kB
CommitLimit:    13257284 kB
Committed_AS:    5889520 kB
VmallocTotal:   34359738367 kB
VmallocUsed:      385768 kB
VmallocChunk:   34358947836 kB
HardwareCorrupted:     0 kB
AnonHugePages:   1501184 kB
HugePages_Total:       0
HugePages_Free:        0
HugePages_Rsvd:        0
HugePages_Surp:        0
Hugepagesize:       2048 kB
DirectMap4k:      137136 kB
DirectMap2M:     7081984 kB
DirectMap1G:     2097152 kB


CPU:total 4 (4 cores per cpu, 1 threads per core) family 6 model 60 stepping 3, cmov, cx8, fxsr, mmx, sse, sse2, sse3, ssse3, sse4.1, sse4.2, popcnt, avx, avx2, aes, erms, tsc, tscinvbit

/proc/cpuinfo:
processor	: 0
vendor_id	: GenuineIntel
cpu family	: 6
model		: 60
model name	: Intel(R) Core(TM) i5-4440 CPU @ 3.10GHz
stepping	: 3
microcode	: 0x1c
cpu MHz		: 3247.250
cache size	: 6144 KB
physical id	: 0
siblings	: 4
core id		: 0
cpu cores	: 4
apicid		: 0
initial apicid	: 0
fpu		: yes
fpu_exception	: yes
cpuid level	: 13
wp		: yes
flags		: fpu vme de pse tsc msr pae mce cx8 apic sep mtrr pge mca cmov pat pse36 clflush dts acpi mmx fxsr sse sse2 ss ht tm pbe syscall nx pdpe1gb rdtscp lm constant_tsc arch_perfmon pebs bts rep_good nopl xtopology nonstop_tsc aperfmperf eagerfpu pni pclmulqdq dtes64 monitor ds_cpl vmx est tm2 ssse3 fma cx16 xtpr pdcm pcid sse4_1 sse4_2 x2apic movbe popcnt tsc_deadline_timer aes xsave avx f16c rdrand lahf_lm abm ida arat pln pts dtherm tpr_shadow vnmi flexpriority ept vpid fsgsbase tsc_adjust bmi1 avx2 smep bmi2 erms invpcid xsaveopt
bugs		:
bogomips	: 6188.51
clflush size	: 64
cache_alignment	: 64
address sizes	: 39 bits physical, 48 bits virtual
power management:

processor	: 1
vendor_id	: GenuineIntel
cpu family	: 6
model		: 60
model name	: Intel(R) Core(TM) i5-4440 CPU @ 3.10GHz
stepping	: 3
microcode	: 0x1c
cpu MHz		: 3270.742
cache size	: 6144 KB
physical id	: 0
siblings	: 4
core id		: 1
cpu cores	: 4
apicid		: 2
initial apicid	: 2
fpu		: yes
fpu_exception	: yes
cpuid level	: 13
wp		: yes
flags		: fpu vme de pse tsc msr pae mce cx8 apic sep mtrr pge mca cmov pat pse36 clflush dts acpi mmx fxsr sse sse2 ss ht tm pbe syscall nx pdpe1gb rdtscp lm constant_tsc arch_perfmon pebs bts rep_good nopl xtopology nonstop_tsc aperfmperf eagerfpu pni pclmulqdq dtes64 monitor ds_cpl vmx est tm2 ssse3 fma cx16 xtpr pdcm pcid sse4_1 sse4_2 x2apic movbe popcnt tsc_deadline_timer aes xsave avx f16c rdrand lahf_lm abm ida arat pln pts dtherm tpr_shadow vnmi flexpriority ept vpid fsgsbase tsc_adjust bmi1 avx2 smep bmi2 erms invpcid xsaveopt
bugs		:
bogomips	: 6188.51
clflush size	: 64
cache_alignment	: 64
address sizes	: 39 bits physical, 48 bits virtual
power management:

processor	: 2
vendor_id	: GenuineIntel
cpu family	: 6
model		: 60
model name	: Intel(R) Core(TM) i5-4440 CPU @ 3.10GHz
stepping	: 3
microcode	: 0x1c
cpu MHz		: 3238.894
cache size	: 6144 KB
physical id	: 0
siblings	: 4
core id		: 2
cpu cores	: 4
apicid		: 4
initial apicid	: 4
fpu		: yes
fpu_exception	: yes
cpuid level	: 13
wp		: yes
flags		: fpu vme de pse tsc msr pae mce cx8 apic sep mtrr pge mca cmov pat pse36 clflush dts acpi mmx fxsr sse sse2 ss ht tm pbe syscall nx pdpe1gb rdtscp lm constant_tsc arch_perfmon pebs bts rep_good nopl xtopology nonstop_tsc aperfmperf eagerfpu pni pclmulqdq dtes64 monitor ds_cpl vmx est tm2 ssse3 fma cx16 xtpr pdcm pcid sse4_1 sse4_2 x2apic movbe popcnt tsc_deadline_timer aes xsave avx f16c rdrand lahf_lm abm ida arat pln pts dtherm tpr_shadow vnmi flexpriority ept vpid fsgsbase tsc_adjust bmi1 avx2 smep bmi2 erms invpcid xsaveopt
bugs		:
bogomips	: 6188.51
clflush size	: 64
cache_alignment	: 64
address sizes	: 39 bits physical, 48 bits virtual
power management:

processor	: 3
vendor_id	: GenuineIntel
cpu family	: 6
model		: 60
model name	: Intel(R) Core(TM) i5-4440 CPU @ 3.10GHz
stepping	: 3
microcode	: 0x1c
cpu MHz		: 3268.925
cache size	: 6144 KB
physical id	: 0
siblings	: 4
core id		: 3
cpu cores	: 4
apicid		: 6
initial apicid	: 6
fpu		: yes
fpu_exception	: yes
cpuid level	: 13
wp		: yes
flags		: fpu vme de pse tsc msr pae mce cx8 apic sep mtrr pge mca cmov pat pse36 clflush dts acpi mmx fxsr sse sse2 ss ht tm pbe syscall nx pdpe1gb rdtscp lm constant_tsc arch_perfmon pebs bts rep_good nopl xtopology nonstop_tsc aperfmperf eagerfpu pni pclmulqdq dtes64 monitor ds_cpl vmx est tm2 ssse3 fma cx16 xtpr pdcm pcid sse4_1 sse4_2 x2apic movbe popcnt tsc_deadline_timer aes xsave avx f16c rdrand lahf_lm abm ida arat pln pts dtherm tpr_shadow vnmi flexpriority ept vpid fsgsbase tsc_adjust bmi1 avx2 smep bmi2 erms invpcid xsaveopt
bugs		:
bogomips	: 6188.51
clflush size	: 64
cache_alignment	: 64
address sizes	: 39 bits physical, 48 bits virtual
power management:



Memory: 4k page, physical 8059640k(2904760k free), swap 9227464k(9227464k free)

vm_info: OpenJDK 64-Bit Server VM (24.91-b01) for linux-amd64 JRE (1.7.0_91-b02), built on Nov 18 2015 11:22:39 by "builduser" with gcc 5.2.0

time: Fri Apr 15 17:51:41 2016
elapsed time: 7 seconds

