#
# A fatal error has been detected by the Java Runtime Environment:
#
#  SIGSEGV (0xb) at pc=0x00007fff914c54dd, pid=712, tid=87055
#
# JRE version: Java(TM) SE Runtime Environment (7.0_79-b15) (build 1.7.0_79-b15)
# Java VM: Java HotSpot(TM) 64-Bit Server VM (24.79-b02 mixed mode bsd-amd64 compressed oops)
# Problematic frame:
# C  [libobjc.A.dylib+0x14dd]  objc_msgSend+0x1d
#
# Failed to write core dump. Core dumps have been disabled. To enable core dumping, try "ulimit -c unlimited" before starting Java again
#
# If you would like to submit a bug report, please visit:
#   http://bugreport.java.com/bugreport/crash.jsp
# The crash happened outside the Java Virtual Machine in native code.
# See problematic frame for where to report the bug.
#

---------------  T H R E A D  ---------------

Current thread (0x00007f9b1315d000):  JavaThread "SwingWorker-pool-2-thread-1" daemon [_thread_in_native, id=87055, stack(0x0000700001f09000,0x0000700002009000)]

siginfo:si_signo=SIGSEGV: si_errno=0, si_code=1 (SEGV_MAPERR), si_addr=0x000007f9b1b25870

Registers:
RAX=0x0000000000000000, RBX=0x00007f9b11e13c40, RCX=0x0000000000000000, RDX=0x0000700002008468
RSP=0x00007000020084f8, RBP=0x0000700002008540, RSI=0x00007fff95072b4e, RDI=0x00007f9b11e36920
R8 =0x00000000000001ff, R9 =0x00007f9b1b158950, R10=0x00007fff95072b4e, R11=0x000007f9b1b25858
R12=0x00007fff914c54c0, R13=0x00007fff8a1cd02b, R14=0x00007fff95072b4e, R15=0x00007f9b11c44e40
RIP=0x00007fff914c54dd, EFLAGS=0x0000000000010202, ERR=0x0000000000000004
  TRAPNO=0x000000000000000e

Top of Stack: (sp=0x00007000020084f8)
0x00007000020084f8:   0000000120d52d4b 00007f9b14902c90
0x0000700002008508:   4014000000000000 3fd47ae147ae147e
0x0000700002008518:   000000077ba3e3d8 0000000000000000
0x0000700002008528:   000000077ba3e3d8 00007f9b1315d1e8
0x0000700002008538:   00007f9b1315d000 0000700002008550
0x0000700002008548:   0000000120d47f71 0000700002008580
0x0000700002008558:   0000000120d6ae25 0000000120d6adf0
0x0000700002008568:   000000077ba3e3d8 0000700002008600
0x0000700002008578:   00007f9b1315d000 00007000020085e0
0x0000700002008588:   000000010ad80758 00007f9b1315d000
0x0000700002008598:   0000000000000000 00007000020085a0
0x00007000020085a8:   0000000000000000 0000700002008600
0x00007000020085b8:   000000077ba408d8 0000000000000000
0x00007000020085c8:   000000077ba3e3d8 0000000000000000
0x00007000020085d8:   0000700002008600 0000700002008648
0x00007000020085e8:   000000010ad741d4 000000078035ad80
0x00007000020085f8:   000000010ad7ccd6 0000000780357868
0x0000700002008608:   0000700002008608 000000077ba1e1f1
0x0000700002008618:   0000700002008668 000000077ba26f28
0x0000700002008628:   0000000000000000 000000077ba1e2c8
0x0000700002008638:   0000700002008600 0000700002008668
0x0000700002008648:   00007000020086b8 000000010ad74233
0x0000700002008658:   0000000000000000 00000007d7554dc8
0x0000700002008668:   00000007803573f0 0000000780357960
0x0000700002008678:   0000700002008678 000000077b203b88
0x0000700002008688:   00007000020086d0 000000077ba1b5a0
0x0000700002008698:   0000000000000000 000000077b203bc8
0x00007000020086a8:   0000700002008668 00007000020086d0
0x00007000020086b8:   0000700002008720 000000010ad74233
0x00007000020086c8:   0000000000000000 00000007803573d0
0x00007000020086d8:   00000007802d9720 00007000020086e0
0x00007000020086e8:   000000077b1ff82f 0000700002008748 

Instructions: (pc=0x00007fff914c54dd)
0x00007fff914c54bd:   44 00 00 48 85 ff 2e 74 62 40 f6 c7 01 2e 75 66
0x00007fff914c54cd:   49 bb f8 ff ff ff ff 7f 00 00 4c 23 1f 49 89 f2
0x00007fff914c54dd:   45 23 53 18 49 c1 e2 04 4d 03 53 10 49 3b 32 75
0x00007fff914c54ed:   04 41 ff 62 08 49 83 3a 01 76 0d 49 83 c2 10 49 

Register to memory mapping:

RAX=0x0000000000000000 is an unknown value
RBX=0x00007f9b11e13c40 is an unknown value
RCX=0x0000000000000000 is an unknown value
RDX=0x0000700002008468 is pointing into the stack for thread: 0x00007f9b1315d000
RSP=0x00007000020084f8 is pointing into the stack for thread: 0x00007f9b1315d000
RBP=0x0000700002008540 is pointing into the stack for thread: 0x00007f9b1315d000
RSI=0x00007fff95072b4e is an unknown value
RDI=0x00007f9b11e36920 is an unknown value
R8 =0x00000000000001ff is an unknown value
R9 =0x00007f9b1b158950 is an unknown value
R10=0x00007fff95072b4e is an unknown value
R11=0x000007f9b1b25858 is an unknown value
R12=0x00007fff914c54c0: objc_msgSend+0 in /usr/lib/libobjc.A.dylib at 0x00007fff914c4000
R13=0x00007fff8a1cd02b: -[NSTitlebarContainerView transparent]+0x46e13 in /System/Library/Frameworks/AppKit.framework/Versions/C/AppKit at 0x00007fff89761000
R14=0x00007fff95072b4e is an unknown value
R15=0x00007f9b11c44e40 is an unknown value


Stack: [0x0000700001f09000,0x0000700002009000],  sp=0x00007000020084f8,  free space=1021k
Native frames: (J=compiled Java code, j=interpreted, Vv=VM code, C=native code)
C  [libobjc.A.dylib+0x14dd]  objc_msgSend+0x1d
C  [libopencv_videoio.3.0.dylib+0x4f71]  cvGrabFrame+0x11
C  [libjniopencv_videoio.dylib+0x7e25]  Java_org_bytedeco_javacpp_opencv_1videoio_cvGrabFrame+0x35
j  org.bytedeco.javacpp.opencv_videoio.cvGrabFrame(Lorg/bytedeco/javacpp/opencv_videoio$CvCapture;)I+0
j  org.bytedeco.javacv.OpenCVFrameGrabber.grab()Lorg/bytedeco/javacv/Frame;+33
j  ru.ang5545.scanning_system_2.cam_acces.Grabber.grab()Lorg/bytedeco/javacpp/opencv_core$IplImage;+8
j  ru.ang5545.scanning_system_2.gui.MainFrame$AnswerWorker.doInBackground()Ljava/lang/String;+55
j  ru.ang5545.scanning_system_2.gui.MainFrame$AnswerWorker.doInBackground()Ljava/lang/Object;+1
j  javax.swing.SwingWorker$1.call()Ljava/lang/Object;+14
j  java.util.concurrent.FutureTask.run()V+42
j  javax.swing.SwingWorker.run()V+4
j  java.util.concurrent.ThreadPoolExecutor.runWorker(Ljava/util/concurrent/ThreadPoolExecutor$Worker;)V+95
j  java.util.concurrent.ThreadPoolExecutor$Worker.run()V+5
j  java.lang.Thread.run()V+11
v  ~StubRoutines::call_stub
V  [libjvm.dylib+0x2dbef8]  JavaCalls::call_helper(JavaValue*, methodHandle*, JavaCallArguments*, Thread*)+0x22a
V  [libjvm.dylib+0x2dc40f]  JavaCalls::call_virtual(JavaValue*, KlassHandle, Symbol*, Symbol*, JavaCallArguments*, Thread*)+0x11b
V  [libjvm.dylib+0x2dc54c]  JavaCalls::call_virtual(JavaValue*, Handle, KlassHandle, Symbol*, Symbol*, Thread*)+0x4a
V  [libjvm.dylib+0x32b43a]  thread_entry(JavaThread*, Thread*)+0xad
V  [libjvm.dylib+0x4f759d]  JavaThread::thread_main_inner()+0x9b
V  [libjvm.dylib+0x4f8ca5]  JavaThread::run()+0x1a3
V  [libjvm.dylib+0x421c4e]  java_start(Thread*)+0x126
C  [libsystem_pthread.dylib+0x3c13]  _pthread_body+0x83
C  [libsystem_pthread.dylib+0x3b90]  _pthread_body+0x0
C  [libsystem_pthread.dylib+0x1375]  thread_start+0xd

Java frames: (J=compiled Java code, j=interpreted, Vv=VM code)
j  org.bytedeco.javacpp.opencv_videoio.cvGrabFrame(Lorg/bytedeco/javacpp/opencv_videoio$CvCapture;)I+0
j  org.bytedeco.javacv.OpenCVFrameGrabber.grab()Lorg/bytedeco/javacv/Frame;+33
j  ru.ang5545.scanning_system_2.cam_acces.Grabber.grab()Lorg/bytedeco/javacpp/opencv_core$IplImage;+8
j  ru.ang5545.scanning_system_2.gui.MainFrame$AnswerWorker.doInBackground()Ljava/lang/String;+55
j  ru.ang5545.scanning_system_2.gui.MainFrame$AnswerWorker.doInBackground()Ljava/lang/Object;+1
j  javax.swing.SwingWorker$1.call()Ljava/lang/Object;+14
j  java.util.concurrent.FutureTask.run()V+42
j  javax.swing.SwingWorker.run()V+4
j  java.util.concurrent.ThreadPoolExecutor.runWorker(Ljava/util/concurrent/ThreadPoolExecutor$Worker;)V+95
j  java.util.concurrent.ThreadPoolExecutor$Worker.run()V+5
j  java.lang.Thread.run()V+11
v  ~StubRoutines::call_stub

---------------  P R O C E S S  ---------------

Java Threads: ( => current thread )
  0x00007f9b1500b000 JavaThread "RMI TCP Connection(2)-192.168.1.52" daemon [_thread_in_native, id=92947, stack(0x000070000251b000,0x000070000261b000)]
  0x00007f9b16004000 JavaThread "JMX server connection timeout 21" daemon [_thread_blocked, id=92423, stack(0x0000700002418000,0x0000700002518000)]
  0x00007f9b142d7000 JavaThread "RMI Scheduler(0)" daemon [_thread_blocked, id=91919, stack(0x0000700002315000,0x0000700002415000)]
  0x00007f9b14055000 JavaThread "RMI TCP Accept-0" daemon [_thread_in_native, id=91191, stack(0x000070000210f000,0x000070000220f000)]
  0x00007f9b16030800 JavaThread "Attach Listener" daemon [_thread_blocked, id=89587, stack(0x000070000200c000,0x000070000210c000)]
=>0x00007f9b1315d000 JavaThread "SwingWorker-pool-2-thread-1" daemon [_thread_in_native, id=87055, stack(0x0000700001f09000,0x0000700002009000)]
  0x00007f9b14154000 JavaThread "TimerQueue" daemon [_thread_blocked, id=58671, stack(0x0000700001af4000,0x0000700001bf4000)]
  0x00007f9b130c2800 JavaThread "Java2D Disposer" daemon [_thread_blocked, id=56839, stack(0x00007000019f1000,0x0000700001af1000)]
  0x00007f9b12921800 JavaThread "Java2D Queue Flusher" daemon [_thread_in_native, id=53515, stack(0x00007000018ee000,0x00007000019ee000)]
  0x00007f9b13819000 JavaThread "DestroyJavaVM" [_thread_blocked, id=5891, stack(0x000070000011a000,0x000070000021a000)]
  0x00007f9b1205f000 JavaThread "AWT-EventQueue-0" [_thread_blocked, id=45335, stack(0x00007000017eb000,0x00007000018eb000)]
  0x00007f9b12054800 JavaThread "AWT-Shutdown" [_thread_blocked, id=31251, stack(0x00007000014dc000,0x00007000015dc000)]
  0x00007f9b128d2800 JavaThread "AppKit Thread" daemon [_thread_in_native, id=2571, stack(0x00007fff56481000,0x00007fff56c81000)]
  0x00007f9b12019800 JavaThread "Service Thread" daemon [_thread_blocked, id=20227, stack(0x000070000114d000,0x000070000124d000)]
  0x00007f9b14012800 JavaThread "C2 CompilerThread1" daemon [_thread_blocked, id=19715, stack(0x000070000104a000,0x000070000114a000)]
  0x00007f9b13021800 JavaThread "C2 CompilerThread0" daemon [_thread_blocked, id=19203, stack(0x0000700000f47000,0x0000700001047000)]
  0x00007f9b1301e800 JavaThread "Signal Dispatcher" daemon [_thread_blocked, id=15119, stack(0x0000700000e44000,0x0000700000f44000)]
  0x00007f9b12012000 JavaThread "Finalizer" daemon [_thread_blocked, id=14339, stack(0x0000700000c3b000,0x0000700000d3b000)]
  0x00007f9b14004000 JavaThread "Reference Handler" daemon [_thread_blocked, id=13827, stack(0x0000700000b38000,0x0000700000c38000)]

Other Threads:
  0x00007f9b14001800 VMThread [stack: 0x0000700000a35000,0x0000700000b35000] [id=13315]
  0x00007f9b1300c000 WatcherThread [stack: 0x0000700001250000,0x0000700001350000] [id=20739]

VM state:not at safepoint (normal execution)

VM Mutex/Monitor currently owned by a thread: None

Heap
 PSYoungGen      total 43008K, used 35023K [0x00000007d5500000, 0x00000007d8500000, 0x0000000800000000)
  eden space 41472K, 80% used [0x00000007d5500000,0x00000007d75bdf98,0x00000007d7d80000)
  from space 1536K, 97% used [0x00000007d8380000,0x00000007d84f6020,0x00000007d8500000)
  to   space 2560K, 0% used [0x00000007d8000000,0x00000007d8000000,0x00000007d8280000)
 ParOldGen       total 58880K, used 45763K [0x0000000780000000, 0x0000000783980000, 0x00000007d5500000)
  object space 58880K, 77% used [0x0000000780000000,0x0000000782cb0c30,0x0000000783980000)
 PSPermGen       total 21504K, used 17203K [0x000000077ae00000, 0x000000077c300000, 0x0000000780000000)
  object space 21504K, 79% used [0x000000077ae00000,0x000000077beccc10,0x000000077c300000)

Card table byte_map: [0x000000010de2e000,0x000000010e258000] byte_map_base: 0x000000010a257000

Polling page: 0x000000010ad5b000

Code Cache  [0x000000010ad6e000, 0x000000010affe000, 0x000000010dd6e000)
 total_blobs=1434 nmethods=857 adapters=530 free_code_cache=46614Kb largest_free_block=47667200

Compilation events (10 events):
Event: 312.703 Thread 0x00007f9b13021800  898             java.util.HashMap$Entry::recordRemoval (1 bytes)
Event: 312.703 Thread 0x00007f9b13021800 nmethod 898 0x000000010af80010 code [0x000000010af80140, 0x000000010af80198]
Event: 326.338 Thread 0x00007f9b14012800  899             com.sun.jmx.mbeanserver.DefaultMXBeanMappingFactory$ArrayMapping::toNonNullOpenValue (64 bytes)
Event: 326.347 Thread 0x00007f9b14012800 nmethod 899 0x000000010af7f750 code [0x000000010af7f8e0, 0x000000010af7fca8]
Event: 333.350 Thread 0x00007f9b13021800  900   !         java.io.ObjectOutputStream::writeArray (611 bytes)
Event: 333.371 Thread 0x00007f9b13021800 nmethod 900 0x000000010aff2690 code [0x000000010aff28e0, 0x000000010aff3710]
Event: 507.746 Thread 0x00007f9b14012800  901             java.io.ObjectStreamClass::writeNonProxy (161 bytes)
Event: 507.761 Thread 0x00007f9b14012800 nmethod 901 0x000000010af80990 code [0x000000010af80be0, 0x000000010af81498]
Event: 509.196 Thread 0x00007f9b13021800  902 %           ru.ang5545.scanning_system_2.gui.MainFrame$AnswerWorker::doInBackground @ 8 (224 bytes)
Event: 509.223 Thread 0x00007f9b13021800 nmethod 902% 0x000000010aff4690 code [0x000000010aff4a80, 0x000000010aff65f0]

GC Heap History (10 events):
Event: 514.303 GC heap before
{Heap before GC invocations=2716 (full 30):
 PSYoungGen      total 46592K, used 45737K [0x00000007d5500000, 0x00000007d8900000, 0x0000000800000000)
  eden space 44544K, 98% used [0x00000007d5500000,0x00000007d7ff0bb0,0x00000007d8080000)
  from space 2048K, 86% used [0x00000007d8480000,0x00000007d8639a08,0x00000007d8680000)
  to   space 2560K, 0% used [0x00000007d8680000,0x00000007d8680000,0x00000007d8900000)
 ParOldGen       total 58880K, used 45373K [0x0000000780000000, 0x0000000783980000, 0x00000007d5500000)
  object space 58880K, 77% used [0x0000000780000000,0x0000000782c4f440,0x0000000783980000)
 PSPermGen       total 21504K, used 17201K [0x000000077ae00000, 0x000000077c300000, 0x0000000780000000)
  object space 21504K, 79% used [0x000000077ae00000,0x000000077becc5c0,0x000000077c300000)
Event: 514.304 GC heap after
Heap after GC invocations=2716 (full 30):
 PSYoungGen      total 45568K, used 2037K [0x00000007d5500000, 0x00000007d8880000, 0x0000000800000000)
  eden space 43520K, 0% used [0x00000007d5500000,0x00000007d5500000,0x00000007d7f80000)
  from space 2048K, 99% used [0x00000007d8680000,0x00000007d887d420,0x00000007d8880000)
  to   space 3072K, 0% used [0x00000007d8280000,0x00000007d8280000,0x00000007d8580000)
 ParOldGen       total 58880K, used 45381K [0x0000000780000000, 0x0000000783980000, 0x00000007d5500000)
  object space 58880K, 77% used [0x0000000780000000,0x0000000782c51440,0x0000000783980000)
 PSPermGen       total 21504K, used 17201K [0x000000077ae00000, 0x000000077c300000, 0x0000000780000000)
  object space 21504K, 79% used [0x000000077ae00000,0x000000077becc5c0,0x000000077c300000)
}
Event: 514.459 GC heap before
{Heap before GC invocations=2717 (full 30):
 PSYoungGen      total 45568K, used 44925K [0x00000007d5500000, 0x00000007d8880000, 0x0000000800000000)
  eden space 43520K, 98% used [0x00000007d5500000,0x00000007d7ee2118,0x00000007d7f80000)
  from space 2048K, 99% used [0x00000007d8680000,0x00000007d887d420,0x00000007d8880000)
  to   space 3072K, 0% used [0x00000007d8280000,0x00000007d8280000,0x00000007d8580000)
 ParOldGen       total 58880K, used 45381K [0x0000000780000000, 0x0000000783980000, 0x00000007d5500000)
  object space 58880K, 77% used [0x0000000780000000,0x0000000782c51440,0x0000000783980000)
 PSPermGen       total 21504K, used 17201K [0x000000077ae00000, 0x000000077c300000, 0x0000000780000000)
  object space 21504K, 79% used [0x000000077ae00000,0x000000077becc5c0,0x000000077c300000)
Event: 514.460 GC heap after
Heap after GC invocations=2717 (full 30):
 PSYoungGen      total 45056K, used 1973K [0x00000007d5500000, 0x00000007d8700000, 0x0000000800000000)
  eden space 43008K, 0% used [0x00000007d5500000,0x00000007d5500000,0x00000007d7f00000)
  from space 2048K, 96% used [0x00000007d8280000,0x00000007d846d420,0x00000007d8480000)
  to   space 2560K, 0% used [0x00000007d8480000,0x00000007d8480000,0x00000007d8700000)
 ParOldGen       total 58880K, used 45389K [0x0000000780000000, 0x0000000783980000, 0x00000007d5500000)
  object space 58880K, 77% used [0x0000000780000000,0x0000000782c53440,0x0000000783980000)
 PSPermGen       total 21504K, used 17201K [0x000000077ae00000, 0x000000077c300000, 0x0000000780000000)
  object space 21504K, 79% used [0x000000077ae00000,0x000000077becc5c0,0x000000077c300000)
}
Event: 514.606 GC heap before
{Heap before GC invocations=2718 (full 30):
 PSYoungGen      total 45056K, used 44234K [0x00000007d5500000, 0x00000007d8700000, 0x0000000800000000)
  eden space 43008K, 98% used [0x00000007d5500000,0x00000007d7e45730,0x00000007d7f00000)
  from space 2048K, 96% used [0x00000007d8280000,0x00000007d846d420,0x00000007d8480000)
  to   space 2560K, 0% used [0x00000007d8480000,0x00000007d8480000,0x00000007d8700000)
 ParOldGen       total 58880K, used 45389K [0x0000000780000000, 0x0000000783980000, 0x00000007d5500000)
  object space 58880K, 77% used [0x0000000780000000,0x0000000782c53440,0x0000000783980000)
 PSPermGen       total 21504K, used 17201K [0x000000077ae00000, 0x000000077c300000, 0x0000000780000000)
  object space 21504K, 79% used [0x000000077ae00000,0x000000077becc5c0,0x000000077c300000)
Event: 514.608 GC heap after
Heap after GC invocations=2718 (full 30):
 PSYoungGen      total 44544K, used 2005K [0x00000007d5500000, 0x00000007d8680000, 0x0000000800000000)
  eden space 42496K, 0% used [0x00000007d5500000,0x00000007d5500000,0x00000007d7e80000)
  from space 2048K, 97% used [0x00000007d8480000,0x00000007d8675420,0x00000007d8680000)
  to   space 2560K, 0% used [0x00000007d8180000,0x00000007d8180000,0x00000007d8400000)
 ParOldGen       total 58880K, used 45397K [0x0000000780000000, 0x0000000783980000, 0x00000007d5500000)
  object space 58880K, 77% used [0x0000000780000000,0x0000000782c55440,0x0000000783980000)
 PSPermGen       total 21504K, used 17201K [0x000000077ae00000, 0x000000077c300000, 0x0000000780000000)
  object space 21504K, 79% used [0x000000077ae00000,0x000000077becc5c0,0x000000077c300000)
}
Event: 514.800 GC heap before
{Heap before GC invocations=2719 (full 30):
 PSYoungGen      total 44544K, used 43716K [0x00000007d5500000, 0x00000007d8680000, 0x0000000800000000)
  eden space 42496K, 98% used [0x00000007d5500000,0x00000007d7dbbca0,0x00000007d7e80000)
  from space 2048K, 97% used [0x00000007d8480000,0x00000007d8675420,0x00000007d8680000)
  to   space 2560K, 0% used [0x00000007d8180000,0x00000007d8180000,0x00000007d8400000)
 ParOldGen       total 58880K, used 45397K [0x0000000780000000, 0x0000000783980000, 0x00000007d5500000)
  object space 58880K, 77% used [0x0000000780000000,0x0000000782c55440,0x0000000783980000)
 PSPermGen       total 21504K, used 17201K [0x000000077ae00000, 0x000000077c300000, 0x0000000780000000)
  object space 21504K, 79% used [0x000000077ae00000,0x000000077becc5c0,0x000000077c300000)
Event: 514.802 GC heap after
Heap after GC invocations=2719 (full 30):
 PSYoungGen      total 44032K, used 1846K [0x00000007d5500000, 0x00000007d8500000, 0x0000000800000000)
  eden space 41984K, 0% used [0x00000007d5500000,0x00000007d5500000,0x00000007d7e00000)
  from space 2048K, 90% used [0x00000007d8180000,0x00000007d834d810,0x00000007d8380000)
  to   space 1536K, 0% used [0x00000007d8380000,0x00000007d8380000,0x00000007d8500000)
 ParOldGen       total 58880K, used 45413K [0x0000000780000000, 0x0000000783980000, 0x00000007d5500000)
  object space 58880K, 77% used [0x0000000780000000,0x0000000782c59440,0x0000000783980000)
 PSPermGen       total 21504K, used 17201K [0x000000077ae00000, 0x000000077c300000, 0x0000000780000000)
  object space 21504K, 79% used [0x000000077ae00000,0x000000077becc5c0,0x000000077c300000)
}
Event: 514.954 GC heap before
{Heap before GC invocations=2720 (full 30):
 PSYoungGen      total 44032K, used 42827K [0x00000007d5500000, 0x00000007d8500000, 0x0000000800000000)
  eden space 41984K, 97% used [0x00000007d5500000,0x00000007d7d057a8,0x00000007d7e00000)
  from space 2048K, 90% used [0x00000007d8180000,0x00000007d834d810,0x00000007d8380000)
  to   space 1536K, 0% used [0x00000007d8380000,0x00000007d8380000,0x00000007d8500000)
 ParOldGen       total 58880K, used 45413K [0x0000000780000000, 0x0000000783980000, 0x00000007d5500000)
  object space 58880K, 77% used [0x0000000780000000,0x0000000782c59440,0x0000000783980000)
 PSPermGen       total 21504K, used 17201K [0x000000077ae00000, 0x000000077c300000, 0x0000000780000000)
  object space 21504K, 79% used [0x000000077ae00000,0x000000077becc5c0,0x000000077c300000)
Event: 514.955 GC heap after
Heap after GC invocations=2720 (full 30):
 PSYoungGen      total 43008K, used 1496K [0x00000007d5500000, 0x00000007d8500000, 0x0000000800000000)
  eden space 41472K, 0% used [0x00000007d5500000,0x00000007d5500000,0x00000007d7d80000)
  from space 1536K, 97% used [0x00000007d8380000,0x00000007d84f6020,0x00000007d8500000)
  to   space 2560K, 0% used [0x00000007d8000000,0x00000007d8000000,0x00000007d8280000)
 ParOldGen       total 58880K, used 45763K [0x0000000780000000, 0x0000000783980000, 0x00000007d5500000)
  object space 58880K, 77% used [0x0000000780000000,0x0000000782cb0c30,0x0000000783980000)
 PSPermGen       total 21504K, used 17201K [0x000000077ae00000, 0x000000077c300000, 0x0000000780000000)
  object space 21504K, 79% used [0x000000077ae00000,0x000000077becc5c0,0x000000077c300000)
}

Deoptimization events (10 events):
Event: 109.769 Thread 0x00007f9b1205f000 Uncommon trap: reason=class_check action=maybe_recompile pc=0x000000010af25f50 method=sun.java2d.Disposer.add(Ljava/lang/Object;Lsun/java2d/DisposerRecord;)V @ 1
Event: 110.032 Thread 0x00007f9b1205f000 Uncommon trap: reason=class_check action=maybe_recompile pc=0x000000010af25f50 method=sun.java2d.Disposer.add(Ljava/lang/Object;Lsun/java2d/DisposerRecord;)V @ 1
Event: 111.976 Thread 0x00007f9b1205f000 Uncommon trap: reason=class_check action=maybe_recompile pc=0x000000010af25f50 method=sun.java2d.Disposer.add(Ljava/lang/Object;Lsun/java2d/DisposerRecord;)V @ 1
Event: 111.977 Thread 0x00007f9b1205f000 Uncommon trap: reason=class_check action=maybe_recompile pc=0x000000010af205fc method=sun.java2d.Disposer.add(Ljava/lang/Object;Lsun/java2d/DisposerRecord;)V @ 1
Event: 120.674 Thread 0x00007f9b128d2800 Uncommon trap: reason=unreached action=reinterpret pc=0x000000010af07dd8 method=java.util.concurrent.locks.AbstractQueuedSynchronizer.acquireQueued(Ljava/util/concurrent/locks/AbstractQueuedSynchronizer$Node;I)Z @ 17
Event: 236.162 Thread 0x00007f9b1500b000 Uncommon trap: reason=unreached action=reinterpret pc=0x000000010afd4dd8 method=java.lang.Class.getName()Ljava/lang/String; @ 6
Event: 406.611 Thread 0x00007f9b1500b000 Uncommon trap: reason=unreached action=reinterpret pc=0x000000010aff33b0 method=java.io.ObjectOutputStream.writeArray(Ljava/lang/Object;Ljava/io/ObjectStreamClass;Z)V @ 97
Event: 514.943 Thread 0x00007f9b1205f000 Uncommon trap: reason=class_check action=maybe_recompile pc=0x000000010afa72fc method=java.awt.EventQueue.coalesceEvent(Ljava/awt/AWTEvent;I)Z @ 32
Event: 514.943 Thread 0x00007f9b1205f000 Uncommon trap: reason=class_check action=maybe_recompile pc=0x000000010afa72fc method=java.awt.EventQueue.coalesceEvent(Ljava/awt/AWTEvent;I)Z @ 32
Event: 515.428 Thread 0x00007f9b1205f000 Uncommon trap: reason=class_check action=maybe_recompile pc=0x000000010af830d8 method=java.beans.PropertyChangeSupport.firePropertyChange(Ljava/lang/String;Ljava/lang/Object;Ljava/lang/Object;)V @ 10

Internal exceptions (10 events):
Event: 106.585 Thread 0x00007f9b14267000 Threw 0x00000007d568e870 at /HUDSON/workspace/7u-2-build-macosx-x86_64/jdk7u79/2331/hotspot/src/share/vm/prims/jni.cpp:1632
Event: 106.601 Thread 0x00007f9b14267000 Threw 0x00000007d5692e58 at /HUDSON/workspace/7u-2-build-macosx-x86_64/jdk7u79/2331/hotspot/src/share/vm/classfile/systemDictionary.cpp:185
Event: 106.721 Thread 0x00007f9b14267000 Threw 0x00000007d6fed558 at /HUDSON/workspace/7u-2-build-macosx-x86_64/jdk7u79/2331/hotspot/src/share/vm/prims/jni.cpp:1632
Event: 106.724 Thread 0x00007f9b14267000 Threw 0x00000007d6ff9cc0 at /HUDSON/workspace/7u-2-build-macosx-x86_64/jdk7u79/2331/hotspot/src/share/vm/prims/jni.cpp:1632
Event: 106.724 Thread 0x00007f9b14267000 Threw 0x00000007d6ffa4a8 at /HUDSON/workspace/7u-2-build-macosx-x86_64/jdk7u79/2331/hotspot/src/share/vm/prims/jni.cpp:1632
Event: 106.731 Thread 0x00007f9b14267000 Threw 0x00000007d5889138 at /HUDSON/workspace/7u-2-build-macosx-x86_64/jdk7u79/2331/hotspot/src/share/vm/prims/jni.cpp:1632
Event: 106.731 Thread 0x00007f9b14267000 Threw 0x00000007d5889c18 at /HUDSON/workspace/7u-2-build-macosx-x86_64/jdk7u79/2331/hotspot/src/share/vm/prims/jni.cpp:1632
Event: 106.731 Thread 0x00007f9b14267000 Threw 0x00000007d588a6c8 at /HUDSON/workspace/7u-2-build-macosx-x86_64/jdk7u79/2331/hotspot/src/share/vm/prims/jni.cpp:1632
Event: 107.875 Thread 0x00007f9b14267000 Threw 0x00000007d5da3638 at /HUDSON/workspace/7u-2-build-macosx-x86_64/jdk7u79/2331/hotspot/src/share/vm/prims/jni.cpp:1632
Event: 107.891 Thread 0x00007f9b14267000 Threw 0x00000007d6ed5dc0 at /HUDSON/workspace/7u-2-build-macosx-x86_64/jdk7u79/2331/hotspot/src/share/vm/prims/jni.cpp:1632

Events (10 events):
Event: 514.943 Thread 0x00007f9b1205f000 Uncommon trap: trap_request=0xffffffde fr.pc=0x000000010afa72fc
Event: 514.943 Thread 0x00007f9b1205f000 DEOPT PACKING pc=0x000000010afa72fc sp=0x00007000018ea6a0
Event: 514.943 Thread 0x00007f9b1205f000 DEOPT UNPACKING pc=0x000000010ada7045 sp=0x00007000018ea598 mode 2
Event: 514.954 Executing VM operation: ParallelGCFailedAllocation
Event: 514.955 Executing VM operation: ParallelGCFailedAllocation done
Event: 515.428 loading class 0x00007f9b1304c8c0
Event: 515.428 loading class 0x00007f9b1304c8c0 done
Event: 515.428 Thread 0x00007f9b1205f000 Uncommon trap: trap_request=0xffffffde fr.pc=0x000000010af830d8
Event: 515.428 Thread 0x00007f9b1205f000 DEOPT PACKING pc=0x000000010af830d8 sp=0x00007000018e8700
Event: 515.428 Thread 0x00007f9b1205f000 DEOPT UNPACKING pc=0x000000010ada7045 sp=0x00007000018e86f0 mode 2


Dynamic libraries:
0x0000000002c2a000 	/System/Library/Frameworks/Cocoa.framework/Versions/A/Cocoa
0x0000000002c2a000 	/System/Library/Frameworks/Security.framework/Versions/A/Security
0x0000000002c2a000 	/System/Library/Frameworks/ApplicationServices.framework/Versions/A/ApplicationServices
0x0000000002c2a000 	/usr/lib/libz.1.dylib
0x0000000002c2a000 	/usr/lib/libSystem.B.dylib
0x0000000002c2a000 	/usr/lib/libobjc.A.dylib
0x0000000002c2a000 	/System/Library/Frameworks/CoreFoundation.framework/Versions/A/CoreFoundation
0x0000000002c2a000 	/System/Library/Frameworks/Foundation.framework/Versions/C/Foundation
0x0000000002c2a000 	/System/Library/Frameworks/AppKit.framework/Versions/C/AppKit
0x0000000002c2a000 	/System/Library/Frameworks/CoreData.framework/Versions/A/CoreData
0x0000000002c2a000 	/System/Library/PrivateFrameworks/RemoteViewServices.framework/Versions/A/RemoteViewServices
0x0000000002c2a000 	/System/Library/PrivateFrameworks/UIFoundation.framework/Versions/A/UIFoundation
0x0000000002c2a000 	/usr/lib/libScreenReader.dylib
0x0000000002c2a000 	/System/Library/Frameworks/Accelerate.framework/Versions/A/Accelerate
0x0000000002c2a000 	/System/Library/Frameworks/IOSurface.framework/Versions/A/IOSurface
0x0000000002c2a000 	/System/Library/Frameworks/AudioToolbox.framework/Versions/A/AudioToolbox
0x0000000002c2a000 	/System/Library/Frameworks/AudioUnit.framework/Versions/A/AudioUnit
0x0000000002c2a000 	/System/Library/PrivateFrameworks/DataDetectorsCore.framework/Versions/A/DataDetectorsCore
0x0000000002c2a000 	/System/Library/PrivateFrameworks/DesktopServicesPriv.framework/Versions/A/DesktopServicesPriv
0x0000000002c2a000 	/System/Library/Frameworks/Carbon.framework/Versions/A/Frameworks/HIToolbox.framework/Versions/A/HIToolbox
0x0000000002c2a000 	/System/Library/Frameworks/QuartzCore.framework/Versions/A/QuartzCore
0x0000000002c2a000 	/System/Library/Frameworks/Carbon.framework/Versions/A/Frameworks/SpeechRecognition.framework/Versions/A/SpeechRecognition
0x0000000002c2a000 	/usr/lib/libauto.dylib
0x0000000002c2a000 	/usr/lib/libicucore.A.dylib
0x0000000002c2a000 	/usr/lib/libxml2.2.dylib
0x0000000002c2a000 	/System/Library/PrivateFrameworks/CoreUI.framework/Versions/A/CoreUI
0x0000000002c2a000 	/System/Library/Frameworks/CoreAudio.framework/Versions/A/CoreAudio
0x0000000002c2a000 	/System/Library/Frameworks/DiskArbitration.framework/Versions/A/DiskArbitration
0x0000000002c2a000 	/usr/lib/liblangid.dylib
0x0000000002c2a000 	/System/Library/PrivateFrameworks/MultitouchSupport.framework/Versions/A/MultitouchSupport
0x0000000002c2a000 	/System/Library/Frameworks/IOKit.framework/Versions/A/IOKit
0x0000000002c2a000 	/usr/lib/libDiagnosticMessagesClient.dylib
0x0000000002c2a000 	/System/Library/Frameworks/CoreServices.framework/Versions/A/CoreServices
0x0000000002c2a000 	/System/Library/PrivateFrameworks/PerformanceAnalysis.framework/Versions/A/PerformanceAnalysis
0x0000000002c2a000 	/System/Library/PrivateFrameworks/GenerationalStorage.framework/Versions/A/GenerationalStorage
0x0000000002c2a000 	/System/Library/Frameworks/OpenGL.framework/Versions/A/OpenGL
0x0000000002c2a000 	/System/Library/PrivateFrameworks/Sharing.framework/Versions/A/Sharing
0x0000000002c2a000 	/System/Library/Frameworks/CoreGraphics.framework/Versions/A/CoreGraphics
0x0000000002c2a000 	/System/Library/Frameworks/CoreImage.framework/Versions/A/CoreImage
0x0000000002c2a000 	/System/Library/Frameworks/CoreText.framework/Versions/A/CoreText
0x0000000002c2a000 	/System/Library/Frameworks/ImageIO.framework/Versions/A/ImageIO
0x0000000002c2a000 	/System/Library/PrivateFrameworks/Backup.framework/Versions/A/Backup
0x0000000002c2a000 	/usr/lib/libextension.dylib
0x0000000002c2a000 	/usr/lib/libarchive.2.dylib
0x0000000002c2a000 	/System/Library/Frameworks/CFNetwork.framework/Versions/A/CFNetwork
0x0000000002c2a000 	/System/Library/Frameworks/SystemConfiguration.framework/Versions/A/SystemConfiguration
0x0000000002c2a000 	/usr/lib/libCRFSuite.dylib
0x0000000002c2a000 	/usr/lib/libc++.1.dylib
0x0000000002c2a000 	/usr/lib/libc++abi.dylib
0x0000000002c2a000 	/usr/lib/system/libcache.dylib
0x0000000002c2a000 	/usr/lib/system/libcommonCrypto.dylib
0x0000000002c2a000 	/usr/lib/system/libcompiler_rt.dylib
0x0000000002c2a000 	/usr/lib/system/libcopyfile.dylib
0x0000000002c2a000 	/usr/lib/system/libcorecrypto.dylib
0x0000000002c2a000 	/usr/lib/system/libdispatch.dylib
0x0000000002c2a000 	/usr/lib/system/libdyld.dylib
0x0000000002c2a000 	/usr/lib/system/libkeymgr.dylib
0x0000000002c2a000 	/usr/lib/system/liblaunch.dylib
0x0000000002c2a000 	/usr/lib/system/libmacho.dylib
0x0000000002c2a000 	/usr/lib/system/libquarantine.dylib
0x0000000002c2a000 	/usr/lib/system/libremovefile.dylib
0x0000000002c2a000 	/usr/lib/system/libsystem_asl.dylib
0x0000000002c2a000 	/usr/lib/system/libsystem_blocks.dylib
0x0000000002c2a000 	/usr/lib/system/libsystem_c.dylib
0x0000000002c2a000 	/usr/lib/system/libsystem_configuration.dylib
0x0000000002c2a000 	/usr/lib/system/libsystem_coreservices.dylib
0x0000000002c2a000 	/usr/lib/system/libsystem_coretls.dylib
0x0000000002c2a000 	/usr/lib/system/libsystem_dnssd.dylib
0x0000000002c2a000 	/usr/lib/system/libsystem_info.dylib
0x0000000002c2a000 	/usr/lib/system/libsystem_kernel.dylib
0x0000000002c2a000 	/usr/lib/system/libsystem_m.dylib
0x0000000002c2a000 	/usr/lib/system/libsystem_malloc.dylib
0x0000000002c2a000 	/usr/lib/system/libsystem_network.dylib
0x0000000002c2a000 	/usr/lib/system/libsystem_networkextension.dylib
0x0000000002c2a000 	/usr/lib/system/libsystem_notify.dylib
0x0000000002c2a000 	/usr/lib/system/libsystem_platform.dylib
0x0000000002c2a000 	/usr/lib/system/libsystem_pthread.dylib
0x0000000002c2a000 	/usr/lib/system/libsystem_sandbox.dylib
0x0000000002c2a000 	/usr/lib/system/libsystem_secinit.dylib
0x0000000002c2a000 	/usr/lib/system/libsystem_trace.dylib
0x0000000002c2a000 	/usr/lib/system/libunc.dylib
0x0000000002c2a000 	/usr/lib/system/libunwind.dylib
0x0000000002c2a000 	/usr/lib/system/libxpc.dylib
0x0000000002c2a000 	/usr/lib/libenergytrace.dylib
0x0000000002c2a000 	/usr/lib/libbsm.0.dylib
0x0000000002c2a000 	/usr/lib/system/libkxld.dylib
0x0000000002c2a000 	/usr/lib/libxar.1.dylib
0x0000000002c2a000 	/usr/lib/libsqlite3.dylib
0x0000000002c2a000 	/usr/lib/libpam.2.dylib
0x0000000002c2a000 	/usr/lib/libOpenScriptingUtil.dylib
0x0000000002c2a000 	/usr/lib/libbz2.1.0.dylib
0x0000000002c2a000 	/usr/lib/liblzma.5.dylib
0x0000000002c2a000 	/System/Library/Frameworks/CoreServices.framework/Versions/A/Frameworks/FSEvents.framework/Versions/A/FSEvents
0x0000000002c2a000 	/System/Library/Frameworks/CoreServices.framework/Versions/A/Frameworks/CarbonCore.framework/Versions/A/CarbonCore
0x0000000002c2a000 	/System/Library/Frameworks/CoreServices.framework/Versions/A/Frameworks/Metadata.framework/Versions/A/Metadata
0x0000000002c2a000 	/System/Library/Frameworks/CoreServices.framework/Versions/A/Frameworks/OSServices.framework/Versions/A/OSServices
0x0000000002c2a000 	/System/Library/Frameworks/CoreServices.framework/Versions/A/Frameworks/SearchKit.framework/Versions/A/SearchKit
0x0000000002c2a000 	/System/Library/Frameworks/CoreServices.framework/Versions/A/Frameworks/AE.framework/Versions/A/AE
0x0000000002c2a000 	/System/Library/Frameworks/CoreServices.framework/Versions/A/Frameworks/LaunchServices.framework/Versions/A/LaunchServices
0x0000000002c2a000 	/System/Library/Frameworks/CoreServices.framework/Versions/A/Frameworks/DictionaryServices.framework/Versions/A/DictionaryServices
0x0000000002c2a000 	/System/Library/Frameworks/CoreServices.framework/Versions/A/Frameworks/SharedFileList.framework/Versions/A/SharedFileList
0x0000000002c2a000 	/System/Library/Frameworks/NetFS.framework/Versions/A/NetFS
0x0000000002c2a000 	/System/Library/PrivateFrameworks/NetAuth.framework/Versions/A/NetAuth
0x0000000002c2a000 	/System/Library/PrivateFrameworks/login.framework/Versions/A/Frameworks/loginsupport.framework/Versions/A/loginsupport
0x0000000002c2a000 	/System/Library/PrivateFrameworks/TCC.framework/Versions/A/TCC
0x0000000002c2a000 	/usr/lib/libmecabra.dylib
0x0000000002c2a000 	/System/Library/Frameworks/ApplicationServices.framework/Versions/A/Frameworks/ATS.framework/Versions/A/ATS
0x0000000002c2a000 	/System/Library/Frameworks/ApplicationServices.framework/Versions/A/Frameworks/ColorSync.framework/Versions/A/ColorSync
0x0000000002c2a000 	/System/Library/Frameworks/ApplicationServices.framework/Versions/A/Frameworks/HIServices.framework/Versions/A/HIServices
0x0000000002c2a000 	/System/Library/Frameworks/ApplicationServices.framework/Versions/A/Frameworks/LangAnalysis.framework/Versions/A/LangAnalysis
0x0000000002c2a000 	/System/Library/Frameworks/ApplicationServices.framework/Versions/A/Frameworks/PrintCore.framework/Versions/A/PrintCore
0x0000000002c2a000 	/System/Library/Frameworks/ApplicationServices.framework/Versions/A/Frameworks/QD.framework/Versions/A/QD
0x0000000002c2a000 	/System/Library/Frameworks/ApplicationServices.framework/Versions/A/Frameworks/SpeechSynthesis.framework/Versions/A/SpeechSynthesis
0x0000000002c2a000 	/System/Library/Frameworks/Metal.framework/Versions/A/Metal
0x0000000002c2a000 	/System/Library/Frameworks/Accelerate.framework/Versions/A/Frameworks/vImage.framework/Versions/A/vImage
0x0000000002c2a000 	/System/Library/Frameworks/Accelerate.framework/Versions/A/Frameworks/vecLib.framework/Versions/A/vecLib
0x0000000002c2a000 	/System/Library/Frameworks/Accelerate.framework/Versions/A/Frameworks/vecLib.framework/Versions/A/libvDSP.dylib
0x0000000002c2a000 	/System/Library/Frameworks/Accelerate.framework/Versions/A/Frameworks/vecLib.framework/Versions/A/libvMisc.dylib
0x0000000002c2a000 	/System/Library/Frameworks/Accelerate.framework/Versions/A/Frameworks/vecLib.framework/Versions/A/libLAPACK.dylib
0x0000000002c2a000 	/System/Library/Frameworks/Accelerate.framework/Versions/A/Frameworks/vecLib.framework/Versions/A/libBLAS.dylib
0x0000000002c2a000 	/System/Library/Frameworks/Accelerate.framework/Versions/A/Frameworks/vecLib.framework/Versions/A/libLinearAlgebra.dylib
0x0000000002c2a000 	/System/Library/Frameworks/Accelerate.framework/Versions/A/Frameworks/vecLib.framework/Versions/A/libSparseBLAS.dylib
0x0000000002c2a000 	/System/Library/PrivateFrameworks/GPUCompiler.framework/libmetal_timestamp.dylib
0x0000000002c2a000 	/System/Library/Frameworks/OpenGL.framework/Versions/A/Libraries/libCoreFSCache.dylib
0x0000000002c2a000 	/System/Library/PrivateFrameworks/IOAccelerator.framework/Versions/A/IOAccelerator
0x0000000002c2a000 	/System/Library/Frameworks/ApplicationServices.framework/Versions/A/Frameworks/ATS.framework/Versions/A/Resources/libFontParser.dylib
0x0000000002c2a000 	/System/Library/Frameworks/ApplicationServices.framework/Versions/A/Frameworks/ATS.framework/Versions/A/Resources/libFontRegistry.dylib
0x0000000002c2a000 	/System/Library/PrivateFrameworks/AppleVPA.framework/Versions/A/AppleVPA
0x0000000002c2a000 	/System/Library/PrivateFrameworks/AppleJPEG.framework/Versions/A/AppleJPEG
0x0000000002c2a000 	/System/Library/Frameworks/ImageIO.framework/Versions/A/Resources/libJPEG.dylib
0x0000000002c2a000 	/System/Library/Frameworks/ImageIO.framework/Versions/A/Resources/libTIFF.dylib
0x0000000002c2a000 	/System/Library/Frameworks/ImageIO.framework/Versions/A/Resources/libPng.dylib
0x0000000002c2a000 	/System/Library/Frameworks/ImageIO.framework/Versions/A/Resources/libGIF.dylib
0x0000000002c2a000 	/System/Library/Frameworks/ImageIO.framework/Versions/A/Resources/libJP2.dylib
0x0000000002c2a000 	/System/Library/Frameworks/ImageIO.framework/Versions/A/Resources/libRadiance.dylib
0x0000000002c2a000 	/System/Library/Frameworks/CoreVideo.framework/Versions/A/CoreVideo
0x0000000002c2a000 	/System/Library/Frameworks/OpenGL.framework/Versions/A/Libraries/libGLU.dylib
0x0000000002c2a000 	/System/Library/Frameworks/OpenGL.framework/Versions/A/Libraries/libGFXShared.dylib
0x0000000002c2a000 	/System/Library/Frameworks/OpenGL.framework/Versions/A/Libraries/libGL.dylib
0x0000000002c2a000 	/System/Library/Frameworks/OpenGL.framework/Versions/A/Libraries/libGLImage.dylib
0x0000000002c2a000 	/System/Library/Frameworks/OpenGL.framework/Versions/A/Libraries/libCVMSPluginSupport.dylib
0x0000000002c2a000 	/System/Library/Frameworks/OpenGL.framework/Versions/A/Libraries/libCoreVMClient.dylib
0x0000000002c2a000 	/usr/lib/libcups.2.dylib
0x0000000002c2a000 	/System/Library/Frameworks/Kerberos.framework/Versions/A/Kerberos
0x0000000002c2a000 	/System/Library/Frameworks/GSS.framework/Versions/A/GSS
0x0000000002c2a000 	/usr/lib/libresolv.9.dylib
0x0000000002c2a000 	/usr/lib/libiconv.2.dylib
0x0000000002c2a000 	/System/Library/PrivateFrameworks/Heimdal.framework/Versions/A/Heimdal
0x0000000002c2a000 	/usr/lib/libheimdal-asn1.dylib
0x0000000002c2a000 	/System/Library/Frameworks/OpenDirectory.framework/Versions/A/OpenDirectory
0x0000000002c2a000 	/System/Library/PrivateFrameworks/CommonAuth.framework/Versions/A/CommonAuth
0x0000000002c2a000 	/System/Library/Frameworks/OpenDirectory.framework/Versions/A/Frameworks/CFOpenDirectory.framework/Versions/A/CFOpenDirectory
0x0000000002c2a000 	/System/Library/Frameworks/SecurityFoundation.framework/Versions/A/SecurityFoundation
0x0000000002c2a000 	/System/Library/PrivateFrameworks/LanguageModeling.framework/Versions/A/LanguageModeling
0x0000000002c2a000 	/usr/lib/libmarisa.dylib
0x0000000002c2a000 	/usr/lib/libChineseTokenizer.dylib
0x0000000002c2a000 	/usr/lib/libcmph.dylib
0x0000000002c2a000 	/usr/lib/libcompression.dylib
0x0000000002c2a000 	/System/Library/Frameworks/ServiceManagement.framework/Versions/A/ServiceManagement
0x0000000002c2a000 	/usr/lib/libxslt.1.dylib
0x0000000002c2a000 	/System/Library/Frameworks/Carbon.framework/Versions/A/Frameworks/Ink.framework/Versions/A/Ink
0x0000000002c2a000 	/usr/lib/libFosl_dynamic.dylib
0x0000000002c2a000 	/System/Library/PrivateFrameworks/FaceCore.framework/Versions/A/FaceCore
0x0000000002c2a000 	/System/Library/Frameworks/OpenCL.framework/Versions/A/OpenCL
0x0000000002c2a000 	/System/Library/PrivateFrameworks/CrashReporterSupport.framework/Versions/A/CrashReporterSupport
0x0000000002c2a000 	/System/Library/PrivateFrameworks/IconServices.framework/Versions/A/IconServices
0x0000000002c2a000 	/System/Library/PrivateFrameworks/Apple80211.framework/Versions/A/Apple80211
0x0000000002c2a000 	/System/Library/Frameworks/CoreWLAN.framework/Versions/A/CoreWLAN
0x0000000002c2a000 	/System/Library/Frameworks/IOBluetooth.framework/Versions/A/IOBluetooth
0x0000000002c2a000 	/System/Library/PrivateFrameworks/CoreWiFi.framework/Versions/A/CoreWiFi
0x0000000002c2a000 	/System/Library/Frameworks/CoreBluetooth.framework/Versions/A/CoreBluetooth
0x0000000002c2a000 	/System/Library/PrivateFrameworks/ChunkingLibrary.framework/Versions/A/ChunkingLibrary
0x0000000002c2a000 	/System/Library/PrivateFrameworks/DebugSymbols.framework/Versions/A/DebugSymbols
0x0000000002c2a000 	/System/Library/PrivateFrameworks/CoreSymbolication.framework/Versions/A/CoreSymbolication
0x0000000002c2a000 	/System/Library/PrivateFrameworks/Symbolication.framework/Versions/A/Symbolication
0x0000000002c2a000 	/System/Library/PrivateFrameworks/SpeechRecognitionCore.framework/Versions/A/SpeechRecognitionCore
0x000000004eeca000 	/System/Library/CoreServices/Encodings/libCyrillicConverter.dylib
0x000000010a200000 	/Library/Java/JavaVirtualMachines/jdk1.7.0_79.jdk/Contents/Home/jre/lib/server/libjvm.dylib
0x000000010ac67000 	/usr/lib/libstdc++.6.dylib
0x000000010ad1e000 	/Library/Java/JavaVirtualMachines/jdk1.7.0_79.jdk/Contents/Home/jre/lib/libverify.dylib
0x000000010ad2b000 	/Library/Java/JavaVirtualMachines/jdk1.7.0_79.jdk/Contents/Home/jre/lib/libjava.dylib
0x000000010ad65000 	/Library/Java/JavaVirtualMachines/jdk1.7.0_79.jdk/Contents/Home/jre/lib/libzip.dylib
0x0000000114b4a000 	/System/Library/Frameworks/JavaVM.framework/Frameworks/JavaRuntimeSupport.framework/JavaRuntimeSupport
0x0000000114b65000 	/System/Library/Frameworks/JavaVM.framework/Versions/A/Frameworks/JavaNativeFoundation.framework/Versions/A/JavaNativeFoundation
0x0000000114b7a000 	/System/Library/Frameworks/JavaVM.framework/Versions/A/JavaVM
0x0000000002c2a000 	/System/Library/Frameworks/Carbon.framework/Versions/A/Carbon
0x0000000114b87000 	/System/Library/PrivateFrameworks/JavaLaunching.framework/Versions/A/JavaLaunching
0x0000000002c2a000 	/System/Library/Frameworks/Carbon.framework/Versions/A/Frameworks/CommonPanels.framework/Versions/A/CommonPanels
0x0000000002c2a000 	/System/Library/Frameworks/Carbon.framework/Versions/A/Frameworks/Help.framework/Versions/A/Help
0x0000000002c2a000 	/System/Library/Frameworks/Carbon.framework/Versions/A/Frameworks/ImageCapture.framework/Versions/A/ImageCapture
0x0000000002c2a000 	/System/Library/Frameworks/Carbon.framework/Versions/A/Frameworks/OpenScripting.framework/Versions/A/OpenScripting
0x0000000002c2a000 	/System/Library/Frameworks/Carbon.framework/Versions/A/Frameworks/Print.framework/Versions/A/Print
0x0000000002c2a000 	/System/Library/Frameworks/Carbon.framework/Versions/A/Frameworks/SecurityHI.framework/Versions/A/SecurityHI
0x0000000116525000 	/Library/Java/JavaVirtualMachines/jdk1.7.0_79.jdk/Contents/Home/jre/lib/libawt.dylib
0x00000001165d4000 	/Library/Java/JavaVirtualMachines/jdk1.7.0_79.jdk/Contents/Home/jre/lib/./libmlib_image.dylib
0x00000001166a0000 	/Library/Java/JavaVirtualMachines/jdk1.7.0_79.jdk/Contents/Home/jre/lib/lwawt/liblwawt.dylib
0x0000000116756000 	/Library/Java/JavaVirtualMachines/jdk1.7.0_79.jdk/Contents/Home/jre/lib/libosxapp.dylib
0x0000000002c2a000 	/System/Library/Frameworks/ExceptionHandling.framework/Versions/A/ExceptionHandling
0x0000000002c2a000 	/System/Library/PrivateFrameworks/CoreServicesInternal.framework/Versions/A/CoreServicesInternal
0x0000000002c2a000 	/System/Library/Frameworks/CoreGraphics.framework/Versions/A/Resources/libRIP.A.dylib
0x0000000117766000 	/System/Library/Frameworks/Accelerate.framework/Frameworks/vImage.framework/Versions/A/Libraries/libCGInterfaces.dylib
0x0000000002c2a000 	/System/Library/Frameworks/CoreGraphics.framework/Versions/A/Resources/libCGXType.A.dylib
0x0000000002c2a000 	/System/Library/Frameworks/OpenCL.framework/Versions/A/Libraries/libcldcpuengine.dylib
0x0000000002c2a000 	/System/Library/PrivateFrameworks/DiskImages.framework/Versions/A/DiskImages
0x0000000002c2a000 	/System/Library/Frameworks/DiscRecording.framework/Versions/A/DiscRecording
0x0000000002c2a000 	/usr/lib/libcsfde.dylib
0x0000000002c2a000 	/usr/lib/libcurl.4.dylib
0x0000000002c2a000 	/System/Library/PrivateFrameworks/MediaKit.framework/Versions/A/MediaKit
0x0000000002c2a000 	/System/Library/PrivateFrameworks/ProtectedCloudStorage.framework/Versions/A/ProtectedCloudStorage
0x0000000002c2a000 	/usr/lib/libCoreStorage.dylib
0x0000000002c2a000 	/System/Library/PrivateFrameworks/EFILogin.framework/Versions/A/EFILogin
0x0000000002c2a000 	/usr/lib/libutil.dylib
0x0000000002c2a000 	/System/Library/PrivateFrameworks/FindMyDevice.framework/Versions/A/FindMyDevice
0x0000000002c2a000 	/System/Library/Frameworks/LDAP.framework/Versions/A/LDAP
0x0000000002c2a000 	/usr/lib/libsasl2.2.dylib
0x0000000002c2a000 	/System/Library/PrivateFrameworks/CoreDaemon.framework/Versions/B/CoreDaemon
0x0000000002c2a000 	/usr/lib/libcrypto.0.9.8.dylib
0x0000000002c2a000 	/System/Library/PrivateFrameworks/AppleSRP.framework/Versions/A/AppleSRP
0x0000000002c2a000 	/System/Library/PrivateFrameworks/TrustEvaluationAgent.framework/Versions/A/TrustEvaluationAgent
0x0000000118576000 	cl_kernels
0x0000000002c2a000 	/System/Library/Frameworks/OpenCL.framework/Versions/A/Libraries/ImageFormats/unorm8_bgra.dylib
0x0000000002c2a000 	/System/Library/Frameworks/OpenCL.framework/Versions/A/Libraries/ImageFormats/unorm8_rgba.dylib
0x0000000002c2a000 	/System/Library/PrivateFrameworks/FamilyControls.framework/Versions/A/FamilyControls
0x0000000002c2a000 	/System/Library/PrivateFrameworks/CommerceKit.framework/Versions/A/Frameworks/CommerceCore.framework/Versions/A/CommerceCore
0x0000000002c2a000 	/System/Library/PrivateFrameworks/SystemAdministration.framework/Versions/A/SystemAdministration
0x0000000002c2a000 	/System/Library/PrivateFrameworks/AppContainer.framework/Versions/A/AppContainer
0x0000000002c2a000 	/System/Library/PrivateFrameworks/SecCodeWrapper.framework/Versions/A/SecCodeWrapper
0x0000000002c2a000 	/System/Library/Frameworks/DirectoryService.framework/Versions/A/DirectoryService
0x0000000002c2a000 	/System/Library/PrivateFrameworks/LoginUIKit.framework/Versions/A/Frameworks/LoginUICore.framework/Versions/A/LoginUICore
0x0000000002c2a000 	/usr/lib/libodfde.dylib
0x0000000119724000 	/Library/Java/JavaVirtualMachines/jdk1.7.0_79.jdk/Contents/Home/jre/lib/libfontmanager.dylib
0x000000011978b000 	/System/Library/Frameworks/OpenGL.framework/Resources/GLEngine.bundle/GLEngine
0x0000000002c2a000 	/System/Library/Frameworks/OpenGL.framework/Versions/A/Libraries/libGLProgrammability.dylib
0x0000000119973000 	/System/Library/Extensions/AppleIntelHD5000GraphicsGLDriver.bundle/Contents/MacOS/AppleIntelHD5000GraphicsGLDriver
0x0000000002c2a000 	/System/Library/PrivateFrameworks/GPUSupport.framework/Versions/A/Libraries/libGPUSupportMercury.dylib
0x000000011a0c3000 	/System/Library/Frameworks/OpenGL.framework/Resources//GLRendererFloat.bundle/GLRendererFloat
0x000000011a995000 	/Library/Java/JavaVirtualMachines/jdk1.7.0_79.jdk/Contents/Home/jre/lib/libosxui.dylib
0x000000011b3f4000 	/private/var/folders/08/nswmbsb176s05ytyr928rhl80000gn/T/javacpp1460670160675873000/libopencv_core.3.0.dylib
0x000000011b67c000 	/private/var/folders/08/nswmbsb176s05ytyr928rhl80000gn/T/javacpp1460670160675873000/libopencv_imgproc.3.0.dylib
0x000000011b9c9000 	/private/var/folders/08/nswmbsb176s05ytyr928rhl80000gn/T/javacpp1460670160675873000/libjniopencv_core.dylib
0x000000011bd9f000 	/Library/Java/JavaVirtualMachines/jdk1.7.0_79.jdk/Contents/Home/jre/lib/libnet.dylib
0x00000001181a1000 	/Library/Java/JavaVirtualMachines/jdk1.7.0_79.jdk/Contents/Home/jre/lib/libnio.dylib
0x000000011dbcc000 	/System/Library/Extensions/AppleIntelHD5000GraphicsMTLDriver.bundle/Contents/MacOS/AppleIntelHD5000GraphicsMTLDriver
0x0000000120c84000 	/private/var/folders/08/nswmbsb176s05ytyr928rhl80000gn/T/javacpp1460670160675873000/libjniopencv_imgproc.dylib
0x0000000121692000 	/private/var/folders/08/nswmbsb176s05ytyr928rhl80000gn/T/javacpp1460670160675873000/libopencv_imgcodecs.3.0.dylib
0x000000011dd9d000 	/private/var/folders/08/nswmbsb176s05ytyr928rhl80000gn/T/javacpp1460670160675873000/libjniopencv_imgcodecs.dylib
0x0000000120d43000 	/private/var/folders/08/nswmbsb176s05ytyr928rhl80000gn/T/javacpp1460670160675873000/libopencv_videoio.3.0.dylib
0x0000000002c2a000 	/System/Library/Frameworks/QTKit.framework/Versions/A/QTKit
0x0000000002c2a000 	/System/Library/Frameworks/AVFoundation.framework/Versions/A/AVFoundation
0x0000000002c2a000 	/System/Library/Frameworks/CoreMedia.framework/Versions/A/CoreMedia
0x0000000002c2a000 	/System/Library/Frameworks/MediaToolbox.framework/Versions/A/MediaToolbox
0x0000000002c2a000 	/System/Library/Frameworks/VideoToolbox.framework/Versions/A/VideoToolbox
0x0000000002c2a000 	/System/Library/PrivateFrameworks/CoreMediaAuthoring.framework/Versions/A/CoreMediaAuthoring
0x0000000002c2a000 	/System/Library/Frameworks/CoreMediaIO.framework/Versions/A/CoreMediaIO
0x0000000002c2a000 	/System/Library/Frameworks/AVFoundation.framework/Versions/A/Resources/libAVFAudio.dylib
0x0000000002c2a000 	/usr/lib/libspindump.dylib
0x0000000002c2a000 	/System/Library/PrivateFrameworks/CoreAVCHD.framework/Versions/A/CoreAVCHD
0x0000000002c2a000 	/System/Library/Frameworks/MediaAccessibility.framework/Versions/A/MediaAccessibility
0x0000000002c2a000 	/System/Library/PrivateFrameworks/Mangrove.framework/Versions/A/Mangrove
0x0000000002c2a000 	/System/Library/PrivateFrameworks/CoreAUC.framework/Versions/A/CoreAUC
0x0000000002c2a000 	/System/Library/PrivateFrameworks/AppleVA.framework/Versions/A/AppleVA
0x0000000002c2a000 	/System/Library/PrivateFrameworks/XPCService.framework/Versions/A/XPCService
0x0000000002c2a000 	/System/Library/PrivateFrameworks/AppSandbox.framework/Versions/A/AppSandbox
0x0000000002c2a000 	/usr/lib/libsandbox.1.dylib
0x0000000002c2a000 	/usr/lib/libMatch.1.dylib
0x0000000120d63000 	/private/var/folders/08/nswmbsb176s05ytyr928rhl80000gn/T/javacpp1460670160675873000/libjniopencv_videoio.dylib
0x000000011ddb7000 	/System/Library/Extensions/AppleHDA.kext/Contents/PlugIns/AppleHDAHALPlugIn.bundle/Contents/MacOS/AppleHDAHALPlugIn
0x0000000120d76000 	/Library/CoreMediaIO/Plug-Ins/DAL/AppleCamera.plugin/Contents/MacOS/AppleCamera
0x0000000121917000 	/System/Library/Frameworks/CoreMediaIO.framework/Resources/VDC.plugin/Contents/MacOS/VDC
0x0000000124287000 	/System/Library/Frameworks/CoreMediaIO.framework/Resources/CMIOUnits.bundle/Contents/MacOS/CMIOUnits
0x0000000121947000 	/System/Library/PrivateFrameworks/FWAVC.framework/Versions/A/FWAVC
0x000000011970c000 	/Library/Java/JavaVirtualMachines/jdk1.7.0_79.jdk/Contents/Home/jre/lib/libmanagement.dylib

VM Arguments:
jvm_args: -Dfile.encoding=UTF-8 
java_command: ru.ang5545.scanning_system_2.App
Launcher Type: SUN_STANDARD

Environment Variables:
PATH=/usr/bin:/bin:/usr/sbin:/sbin
SHELL=/bin/bash
DISPLAY=/private/tmp/com.apple.launchd.DDDI9qTUim/org.macosforge.xquartz:0

Signal Handlers:
SIGSEGV: [libjvm.dylib+0x52daf1], sa_mask[0]=0xfffefeff, sa_flags=0x00000043
SIGBUS: [libjvm.dylib+0x52daf1], sa_mask[0]=0xfffefeff, sa_flags=0x00000042
SIGFPE: [libjvm.dylib+0x41f34e], sa_mask[0]=0xfffefeff, sa_flags=0x00000042
SIGPIPE: [libjvm.dylib+0x41f34e], sa_mask[0]=0xfffefeff, sa_flags=0x00000042
SIGXFSZ: [libjvm.dylib+0x41f34e], sa_mask[0]=0xfffefeff, sa_flags=0x00000042
SIGILL: [libjvm.dylib+0x41f34e], sa_mask[0]=0xfffefeff, sa_flags=0x00000042
SIGUSR1: SIG_DFL, sa_mask[0]=0x00000000, sa_flags=0x00000000
SIGUSR2: [libjvm.dylib+0x41ee40], sa_mask[0]=0x00000004, sa_flags=0x00000042
SIGHUP: [libjvm.dylib+0x41d0d1], sa_mask[0]=0xfffefeff, sa_flags=0x00000042
SIGINT: [libjvm.dylib+0x41d0d1], sa_mask[0]=0xfffefeff, sa_flags=0x00000042
SIGTERM: [libjvm.dylib+0x41d0d1], sa_mask[0]=0xfffefeff, sa_flags=0x00000042
SIGQUIT: [libjvm.dylib+0x41d0d1], sa_mask[0]=0xfffefeff, sa_flags=0x00000042


---------------  S Y S T E M  ---------------

OS:Bsduname:Darwin 15.3.0 Darwin Kernel Version 15.3.0: Thu Dec 10 18:40:58 PST 2015; root:xnu-3248.30.4~1/RELEASE_X86_64 x86_64
rlimit: STACK 8192k, CORE 0k, NPROC 709, NOFILE 10240, AS infinity
load average:3.37 2.49 2.18

CPU:total 8 (4 cores per cpu, 2 threads per core) family 6 model 70 stepping 1, cmov, cx8, fxsr, mmx, sse, sse2, sse3, ssse3, sse4.1, sse4.2, popcnt, avx, avx2, aes, erms, ht, tsc, tscinvbit

Memory: 4k page, physical 8388608k(2097152k free)

/proc/meminfo:


vm_info: Java HotSpot(TM) 64-Bit Server VM (24.79-b02) for bsd-amd64 JRE (1.7.0_79-b15), built on Apr 10 2015 11:35:04 by "java_re" with gcc 4.2.1 (Based on Apple Inc. build 5658) (LLVM build 2336.11.00)

time: Fri Apr 15 00:51:15 2016
elapsed time: 515 seconds

