#
# A fatal error has been detected by the Java Runtime Environment:
#
#  SIGSEGV (0xb) at pc=0x00007fff914c54dd, pid=867, tid=87071
#
# JRE version: Java(TM) SE Runtime Environment (7.0_79-b15) (build 1.7.0_79-b15)
# Java VM: Java HotSpot(TM) 64-Bit Server VM (24.79-b02 mixed mode bsd-amd64 compressed oops)
# Problematic frame:
# C  [libobjc.A.dylib+0x14dd]  objc_msgSend+0x1d
#
# Failed to write core dump. Core dumps have been disabled. To enable core dumping, try "ulimit -c unlimited" before starting Java again
#
# If you would like to submit a bug report, please visit:
#   http://bugreport.java.com/bugreport/crash.jsp
# The crash happened outside the Java Virtual Machine in native code.
# See problematic frame for where to report the bug.
#

---------------  T H R E A D  ---------------

Current thread (0x00007f851c1fb800):  JavaThread "SwingWorker-pool-2-thread-1" daemon [_thread_in_native, id=87071, stack(0x0000700001f09000,0x0000700002009000)]

siginfo:si_signo=SIGSEGV: si_errno=0, si_code=1 (SEGV_MAPERR), si_addr=0x0000000000000018

Registers:
RAX=0x0000000000000000, RBX=0x00007f851da00d50, RCX=0x0000000000000000, RDX=0x0000700002008468
RSP=0x00007000020084f8, RBP=0x0000700002008540, RSI=0x00007fff95072b4e, RDI=0x00007f851da01a80
R8 =0x000000000000003f, R9 =0x00007f8521018c40, R10=0x00007fff95072b4e, R11=0x0000000000000000
R12=0x00007fff914c54c0, R13=0x00007fff8a1cd02b, R14=0x00007fff95072b4e, R15=0x00007f851b6313d0
RIP=0x00007fff914c54dd, EFLAGS=0x0000000000010246, ERR=0x0000000000000004
  TRAPNO=0x000000000000000e

Top of Stack: (sp=0x00007000020084f8)
0x00007000020084f8:   0000000120f9dd4b 00007f851b44a6e0
0x0000700002008508:   4014000000000000 3fd47ae147ae147e
0x0000700002008518:   000000077ba3ebd8 0000000000000000
0x0000700002008528:   000000077ba3ebd8 00007f851c1fb9e8
0x0000700002008538:   00007f851c1fb800 0000700002008550
0x0000700002008548:   0000000120f92f71 0000700002008580
0x0000700002008558:   0000000120fb5e25 0000000120fb5df0
0x0000700002008568:   000000077ba3ebd8 00007000020085f8
0x0000700002008578:   00007f851c1fb800 00007000020085d8
0x0000700002008588:   000000010b075758 00007f851c1fb800
0x0000700002008598:   0000700002008598 0000000000000000
0x00007000020085a8:   00007000020085f8 000000077ba410d8
0x00007000020085b8:   0000000000000000 000000077ba3ebd8
0x00007000020085c8:   0000000000000000 00007000020085f8
0x00007000020085d8:   0000700002008640 000000010b0691d4
0x00007000020085e8:   000000078060e6e8 000000010b071cd6
0x00007000020085f8:   0000000780608140 0000700002008600
0x0000700002008608:   000000077ba1e9c1 0000700002008660
0x0000700002008618:   000000077ba276f8 0000000000000000
0x0000700002008628:   000000077ba1ea98 00007000020085f8
0x0000700002008638:   0000700002008660 00007000020086b8
0x0000700002008648:   000000010b069233 0000000000000000
0x0000700002008658:   00000007d95135f0 0000000780607f10
0x0000700002008668:   0000000780657bf8 0000000780657be0
0x0000700002008678:   0000700002008678 000000077b1fedd1
0x0000700002008688:   00007000020086d0 000000077ba1bd30
0x0000700002008698:   0000000000000000 000000077b1fee18
0x00007000020086a8:   0000700002008660 00007000020086d0
0x00007000020086b8:   0000700002008720 000000010b069233
0x00007000020086c8:   0000000000000000 0000000780657be0
0x00007000020086d8:   0000000780583d70 00007000020086e0
0x00007000020086e8:   000000077b200d5f 0000700002008748 

Instructions: (pc=0x00007fff914c54dd)
0x00007fff914c54bd:   44 00 00 48 85 ff 2e 74 62 40 f6 c7 01 2e 75 66
0x00007fff914c54cd:   49 bb f8 ff ff ff ff 7f 00 00 4c 23 1f 49 89 f2
0x00007fff914c54dd:   45 23 53 18 49 c1 e2 04 4d 03 53 10 49 3b 32 75
0x00007fff914c54ed:   04 41 ff 62 08 49 83 3a 01 76 0d 49 83 c2 10 49 

Register to memory mapping:

RAX=0x0000000000000000 is an unknown value
RBX=0x00007f851da00d50 is an unknown value
RCX=0x0000000000000000 is an unknown value
RDX=0x0000700002008468 is pointing into the stack for thread: 0x00007f851c1fb800
RSP=0x00007000020084f8 is pointing into the stack for thread: 0x00007f851c1fb800
RBP=0x0000700002008540 is pointing into the stack for thread: 0x00007f851c1fb800
RSI=0x00007fff95072b4e is an unknown value
RDI=0x00007f851da01a80 is an unknown value
R8 =0x000000000000003f is an unknown value
R9 =0x00007f8521018c40 is an unknown value
R10=0x00007fff95072b4e is an unknown value
R11=0x0000000000000000 is an unknown value
R12=0x00007fff914c54c0: objc_msgSend+0 in /usr/lib/libobjc.A.dylib at 0x00007fff914c4000
R13=0x00007fff8a1cd02b: -[NSTitlebarContainerView transparent]+0x46e13 in /System/Library/Frameworks/AppKit.framework/Versions/C/AppKit at 0x00007fff89761000
R14=0x00007fff95072b4e is an unknown value
R15=0x00007f851b6313d0 is an unknown value


Stack: [0x0000700001f09000,0x0000700002009000],  sp=0x00007000020084f8,  free space=1021k
Native frames: (J=compiled Java code, j=interpreted, Vv=VM code, C=native code)
C  [libobjc.A.dylib+0x14dd]  objc_msgSend+0x1d
C  [libopencv_videoio.3.0.dylib+0x4f71]  cvGrabFrame+0x11
C  [libjniopencv_videoio.dylib+0x7e25]  Java_org_bytedeco_javacpp_opencv_1videoio_cvGrabFrame+0x35
j  org.bytedeco.javacpp.opencv_videoio.cvGrabFrame(Lorg/bytedeco/javacpp/opencv_videoio$CvCapture;)I+0
j  org.bytedeco.javacv.OpenCVFrameGrabber.grab()Lorg/bytedeco/javacv/Frame;+33
j  ru.ang5545.scanning_system_2.cam_acces.Grabber.grab()Lorg/bytedeco/javacpp/opencv_core$IplImage;+9
j  ru.ang5545.scanning_system_2.gui.MainFrame$AnswerWorker.doInBackground()Ljava/lang/String;+55
j  ru.ang5545.scanning_system_2.gui.MainFrame$AnswerWorker.doInBackground()Ljava/lang/Object;+1
j  javax.swing.SwingWorker$1.call()Ljava/lang/Object;+14
j  java.util.concurrent.FutureTask.run()V+42
j  javax.swing.SwingWorker.run()V+4
j  java.util.concurrent.ThreadPoolExecutor.runWorker(Ljava/util/concurrent/ThreadPoolExecutor$Worker;)V+95
j  java.util.concurrent.ThreadPoolExecutor$Worker.run()V+5
j  java.lang.Thread.run()V+11
v  ~StubRoutines::call_stub
V  [libjvm.dylib+0x2dbef8]
V  [libjvm.dylib+0x2dc40f]
V  [libjvm.dylib+0x2dc54c]
V  [libjvm.dylib+0x32b43a]
V  [libjvm.dylib+0x4f759d]
V  [libjvm.dylib+0x4f8ca5]
V  [libjvm.dylib+0x421c4e]
C  [libsystem_pthread.dylib+0x3c13]  _pthread_body+0x83
C  [libsystem_pthread.dylib+0x3b90]  _pthread_body+0x0
C  [libsystem_pthread.dylib+0x1375]  thread_start+0xd

Java frames: (J=compiled Java code, j=interpreted, Vv=VM code)
j  org.bytedeco.javacpp.opencv_videoio.cvGrabFrame(Lorg/bytedeco/javacpp/opencv_videoio$CvCapture;)I+0
j  org.bytedeco.javacv.OpenCVFrameGrabber.grab()Lorg/bytedeco/javacv/Frame;+33
j  ru.ang5545.scanning_system_2.cam_acces.Grabber.grab()Lorg/bytedeco/javacpp/opencv_core$IplImage;+9
j  ru.ang5545.scanning_system_2.gui.MainFrame$AnswerWorker.doInBackground()Ljava/lang/String;+55
j  ru.ang5545.scanning_system_2.gui.MainFrame$AnswerWorker.doInBackground()Ljava/lang/Object;+1
j  javax.swing.SwingWorker$1.call()Ljava/lang/Object;+14
j  java.util.concurrent.FutureTask.run()V+42
j  javax.swing.SwingWorker.run()V+4
j  java.util.concurrent.ThreadPoolExecutor.runWorker(Ljava/util/concurrent/ThreadPoolExecutor$Worker;)V+95
j  java.util.concurrent.ThreadPoolExecutor$Worker.run()V+5
j  java.lang.Thread.run()V+11
v  ~StubRoutines::call_stub

---------------  P R O C E S S  ---------------

Java Threads: ( => current thread )
=>0x00007f851c1fb800 JavaThread "SwingWorker-pool-2-thread-1" daemon [_thread_in_native, id=87071, stack(0x0000700001f09000,0x0000700002009000)]
  0x00007f851c1d5000 JavaThread "TimerQueue" daemon [_thread_blocked, id=57671, stack(0x0000700001af4000,0x0000700001bf4000)]
  0x00007f851c893000 JavaThread "Java2D Disposer" daemon [_thread_blocked, id=54023, stack(0x00007000019f1000,0x0000700001af1000)]
  0x00007f851c003000 JavaThread "Java2D Queue Flusher" daemon [_thread_blocked, id=51979, stack(0x00007000018ee000,0x00007000019ee000)]
  0x00007f851b8f3800 JavaThread "DestroyJavaVM" [_thread_blocked, id=5891, stack(0x000070000011a000,0x000070000021a000)]
  0x00007f851c0f5000 JavaThread "AWT-EventQueue-0" [_thread_in_Java, id=51467, stack(0x00007000017eb000,0x00007000018eb000)]
  0x00007f851c0b1000 JavaThread "AWT-Shutdown" [_thread_blocked, id=30739, stack(0x0000700001459000,0x0000700001559000)]
  0x00007f851b8e3000 JavaThread "AppKit Thread" daemon [_thread_in_native, id=2571, stack(0x00007fff56236000,0x00007fff56a36000)]
  0x00007f851c066000 JavaThread "Service Thread" daemon [_thread_blocked, id=20227, stack(0x000070000114d000,0x000070000124d000)]
  0x00007f851c065000 JavaThread "C2 CompilerThread1" daemon [_thread_blocked, id=19715, stack(0x000070000104a000,0x000070000114a000)]
  0x00007f851d017800 JavaThread "C2 CompilerThread0" daemon [_thread_in_native, id=19203, stack(0x0000700000f47000,0x0000700001047000)]
  0x00007f851d004800 JavaThread "Signal Dispatcher" daemon [_thread_blocked, id=15119, stack(0x0000700000e44000,0x0000700000f44000)]
  0x00007f851c052800 JavaThread "Finalizer" daemon [_thread_blocked, id=14339, stack(0x0000700000c3b000,0x0000700000d3b000)]
  0x00007f851c051800 JavaThread "Reference Handler" daemon [_thread_blocked, id=13827, stack(0x0000700000b38000,0x0000700000c38000)]

Other Threads:
  0x00007f851c04f000 VMThread [stack: 0x0000700000a35000,0x0000700000b35000] [id=13315]
  0x00007f851c076800 WatcherThread [stack: 0x0000700001250000,0x0000700001350000] [id=20739]

VM state:not at safepoint (normal execution)

VM Mutex/Monitor currently owned by a thread: None

Heap
 PSYoungGen      total 261120K, used 77165K [0x00000007d5500000, 0x00000007f0700000, 0x0000000800000000)
  eden space 258560K, 29% used [0x00000007d5500000,0x00000007d9e4a278,0x00000007e5180000)
  from space 2560K, 82% used [0x00000007f0480000,0x00000007f0691228,0x00000007f0700000)
  to   space 9216K, 0% used [0x00000007ef500000,0x00000007ef500000,0x00000007efe00000)
 ParOldGen       total 87040K, used 7751K [0x0000000780000000, 0x0000000785500000, 0x00000007d5500000)
  object space 87040K, 8% used [0x0000000780000000,0x0000000780791f68,0x0000000785500000)
 PSPermGen       total 21504K, used 13106K [0x000000077ae00000, 0x000000077c300000, 0x0000000780000000)
  object space 21504K, 60% used [0x000000077ae00000,0x000000077bacc918,0x000000077c300000)

Card table byte_map: [0x000000010e123000,0x000000010e54d000] byte_map_base: 0x000000010a54c000

Polling page: 0x0000000109543000

Code Cache  [0x000000010b063000, 0x000000010b2d3000, 0x000000010e063000)
 total_blobs=760 nmethods=213 adapters=501 free_code_cache=48162Kb largest_free_block=49273984

Compilation events (10 events):
Event: 7.519 Thread 0x00007f851d017800  211             java.util.HashMap::put (142 bytes)
Event: 7.526 Thread 0x00007f851d017800 nmethod 211 0x000000010b15de90 code [0x000000010b15e0a0, 0x000000010b15e880]
Event: 7.553 Thread 0x00007f851c065000  212             sun.java2d.SunGraphics2D::dispose (12 bytes)
Event: 7.554 Thread 0x00007f851c065000 nmethod 212 0x000000010b0cd0d0 code [0x000000010b0cd200, 0x000000010b0cd298]
Event: 7.555 Thread 0x00007f851d017800  213             java.awt.geom.AffineTransform::translate (546 bytes)
Event: 7.557 Thread 0x00007f851d017800 nmethod 213 0x000000010b148090 code [0x000000010b148220, 0x000000010b148588]
Event: 7.572 Thread 0x00007f851c065000  214             java.util.IdentityHashMap::hash (18 bytes)
Event: 7.572 Thread 0x00007f851d017800  215             java.util.IdentityHashMap::maskNull (12 bytes)
Event: 7.573 Thread 0x00007f851d017800 nmethod 215 0x000000010b0ce810 code [0x000000010b0ce940, 0x000000010b0ce998]
Event: 7.573 Thread 0x00007f851c065000 nmethod 214 0x000000010b151650 code [0x000000010b1517a0, 0x000000010b151848]

GC Heap History (10 events):
Event: 4.292 GC heap before
{Heap before GC invocations=6 (full 0):
 PSYoungGen      total 72704K, used 70335K [0x00000007d5500000, 0x00000007ded00000, 0x0000000800000000)
  eden space 67584K, 98% used [0x00000007d5500000,0x00000007d9644d98,0x00000007d9700000)
  from space 5120K, 68% used [0x00000007d9700000,0x00000007d9a6afa8,0x00000007d9c00000)
  to   space 10240K, 0% used [0x00000007de300000,0x00000007de300000,0x00000007ded00000)
 ParOldGen       total 87040K, used 5163K [0x0000000780000000, 0x0000000785500000, 0x00000007d5500000)
  object space 87040K, 5% used [0x0000000780000000,0x000000078050ace8,0x0000000785500000)
 PSPermGen       total 21504K, used 12991K [0x000000077ae00000, 0x000000077c300000, 0x0000000780000000)
  object space 21504K, 60% used [0x000000077ae00000,0x000000077baafea0,0x000000077c300000)
Event: 4.297 GC heap after
Heap after GC invocations=6 (full 0):
 PSYoungGen      total 144384K, used 3547K [0x00000007d5500000, 0x00000007dec00000, 0x0000000800000000)
  eden space 135168K, 0% used [0x00000007d5500000,0x00000007d5500000,0x00000007dd900000)
  from space 9216K, 38% used [0x00000007de300000,0x00000007de676db0,0x00000007dec00000)
  to   space 9728K, 0% used [0x00000007dd900000,0x00000007dd900000,0x00000007de280000)
 ParOldGen       total 87040K, used 5163K [0x0000000780000000, 0x0000000785500000, 0x00000007d5500000)
  object space 87040K, 5% used [0x0000000780000000,0x000000078050ace8,0x0000000785500000)
 PSPermGen       total 21504K, used 12991K [0x000000077ae00000, 0x000000077c300000, 0x0000000780000000)
  object space 21504K, 60% used [0x000000077ae00000,0x000000077baafea0,0x000000077c300000)
}
Event: 4.811 GC heap before
{Heap before GC invocations=7 (full 0):
 PSYoungGen      total 144384K, used 136210K [0x00000007d5500000, 0x00000007dec00000, 0x0000000800000000)
  eden space 135168K, 98% used [0x00000007d5500000,0x00000007dd68dc80,0x00000007dd900000)
  from space 9216K, 38% used [0x00000007de300000,0x00000007de676db0,0x00000007dec00000)
  to   space 9728K, 0% used [0x00000007dd900000,0x00000007dd900000,0x00000007de280000)
 ParOldGen       total 87040K, used 5163K [0x0000000780000000, 0x0000000785500000, 0x00000007d5500000)
  object space 87040K, 5% used [0x0000000780000000,0x000000078050ace8,0x0000000785500000)
 PSPermGen       total 21504K, used 13015K [0x000000077ae00000, 0x000000077c300000, 0x0000000780000000)
  object space 21504K, 60% used [0x000000077ae00000,0x000000077bab5c98,0x000000077c300000)
Event: 4.816 GC heap after
Heap after GC invocations=7 (full 0):
 PSYoungGen      total 144896K, used 1401K [0x00000007d5500000, 0x00000007e7000000, 0x0000000800000000)
  eden space 135168K, 0% used [0x00000007d5500000,0x00000007d5500000,0x00000007dd900000)
  from space 9728K, 14% used [0x00000007dd900000,0x00000007dda5e440,0x00000007de280000)
  to   space 9728K, 0% used [0x00000007e6680000,0x00000007e6680000,0x00000007e7000000)
 ParOldGen       total 87040K, used 7671K [0x0000000780000000, 0x0000000785500000, 0x00000007d5500000)
  object space 87040K, 8% used [0x0000000780000000,0x000000078077df68,0x0000000785500000)
 PSPermGen       total 21504K, used 13015K [0x000000077ae00000, 0x000000077c300000, 0x0000000780000000)
  object space 21504K, 60% used [0x000000077ae00000,0x000000077bab5c98,0x000000077c300000)
}
Event: 5.332 GC heap before
{Heap before GC invocations=8 (full 0):
 PSYoungGen      total 144896K, used 135868K [0x00000007d5500000, 0x00000007e7000000, 0x0000000800000000)
  eden space 135168K, 99% used [0x00000007d5500000,0x00000007dd850e58,0x00000007dd900000)
  from space 9728K, 14% used [0x00000007dd900000,0x00000007dda5e440,0x00000007de280000)
  to   space 9728K, 0% used [0x00000007e6680000,0x00000007e6680000,0x00000007e7000000)
 ParOldGen       total 87040K, used 7671K [0x0000000780000000, 0x0000000785500000, 0x00000007d5500000)
  object space 87040K, 8% used [0x0000000780000000,0x000000078077df68,0x0000000785500000)
 PSPermGen       total 21504K, used 13033K [0x000000077ae00000, 0x000000077c300000, 0x0000000780000000)
  object space 21504K, 60% used [0x000000077ae00000,0x000000077baba570,0x000000077c300000)
Event: 5.334 GC heap after
Heap after GC invocations=8 (full 0):
 PSYoungGen      total 280064K, used 2164K [0x00000007d5500000, 0x00000007e7000000, 0x0000000800000000)
  eden space 270336K, 0% used [0x00000007d5500000,0x00000007d5500000,0x00000007e5d00000)
  from space 9728K, 22% used [0x00000007e6680000,0x00000007e689d030,0x00000007e7000000)
  to   space 9728K, 0% used [0x00000007e5d00000,0x00000007e5d00000,0x00000007e6680000)
 ParOldGen       total 87040K, used 7687K [0x0000000780000000, 0x0000000785500000, 0x00000007d5500000)
  object space 87040K, 8% used [0x0000000780000000,0x0000000780781f68,0x0000000785500000)
 PSPermGen       total 21504K, used 13033K [0x000000077ae00000, 0x000000077c300000, 0x0000000780000000)
  object space 21504K, 60% used [0x000000077ae00000,0x000000077baba570,0x000000077c300000)
}
Event: 6.374 GC heap before
{Heap before GC invocations=9 (full 0):
 PSYoungGen      total 280064K, used 271565K [0x00000007d5500000, 0x00000007e7000000, 0x0000000800000000)
  eden space 270336K, 99% used [0x00000007d5500000,0x00000007e5c167a0,0x00000007e5d00000)
  from space 9728K, 22% used [0x00000007e6680000,0x00000007e689d030,0x00000007e7000000)
  to   space 9728K, 0% used [0x00000007e5d00000,0x00000007e5d00000,0x00000007e6680000)
 ParOldGen       total 87040K, used 7687K [0x0000000780000000, 0x0000000785500000, 0x00000007d5500000)
  object space 87040K, 8% used [0x0000000780000000,0x0000000780781f68,0x0000000785500000)
 PSPermGen       total 21504K, used 13063K [0x000000077ae00000, 0x000000077c300000, 0x0000000780000000)
  object space 21504K, 60% used [0x000000077ae00000,0x000000077bac1fa0,0x000000077c300000)
Event: 6.375 GC heap after
Heap after GC invocations=9 (full 0):
 PSYoungGen      total 280064K, used 2196K [0x00000007d5500000, 0x00000007f0d80000, 0x0000000800000000)
  eden space 270336K, 0% used [0x00000007d5500000,0x00000007d5500000,0x00000007e5d00000)
  from space 9728K, 22% used [0x00000007e5d00000,0x00000007e5f25030,0x00000007e6680000)
  to   space 9216K, 0% used [0x00000007f0480000,0x00000007f0480000,0x00000007f0d80000)
 ParOldGen       total 87040K, used 7711K [0x0000000780000000, 0x0000000785500000, 0x00000007d5500000)
  object space 87040K, 8% used [0x0000000780000000,0x0000000780787f68,0x0000000785500000)
 PSPermGen       total 21504K, used 13063K [0x000000077ae00000, 0x000000077c300000, 0x0000000780000000)
  object space 21504K, 60% used [0x000000077ae00000,0x000000077bac1fa0,0x000000077c300000)
}
Event: 7.373 GC heap before
{Heap before GC invocations=10 (full 0):
 PSYoungGen      total 280064K, used 272386K [0x00000007d5500000, 0x00000007f0d80000, 0x0000000800000000)
  eden space 270336K, 99% used [0x00000007d5500000,0x00000007e5cdbb38,0x00000007e5d00000)
  from space 9728K, 22% used [0x00000007e5d00000,0x00000007e5f25030,0x00000007e6680000)
  to   space 9216K, 0% used [0x00000007f0480000,0x00000007f0480000,0x00000007f0d80000)
 ParOldGen       total 87040K, used 7711K [0x0000000780000000, 0x0000000785500000, 0x00000007d5500000)
  object space 87040K, 8% used [0x0000000780000000,0x0000000780787f68,0x0000000785500000)
 PSPermGen       total 21504K, used 13086K [0x000000077ae00000, 0x000000077c300000, 0x0000000780000000)
  object space 21504K, 60% used [0x000000077ae00000,0x000000077bac7b98,0x000000077c300000)
Event: 7.374 GC heap after
Heap after GC invocations=10 (full 0):
 PSYoungGen      total 261120K, used 2116K [0x00000007d5500000, 0x00000007f0700000, 0x0000000800000000)
  eden space 258560K, 0% used [0x00000007d5500000,0x00000007d5500000,0x00000007e5180000)
  from space 2560K, 82% used [0x00000007f0480000,0x00000007f0691228,0x00000007f0700000)
  to   space 9216K, 0% used [0x00000007ef500000,0x00000007ef500000,0x00000007efe00000)
 ParOldGen       total 87040K, used 7751K [0x0000000780000000, 0x0000000785500000, 0x00000007d5500000)
  object space 87040K, 8% used [0x0000000780000000,0x0000000780791f68,0x0000000785500000)
 PSPermGen       total 21504K, used 13086K [0x000000077ae00000, 0x000000077c300000, 0x0000000780000000)
  object space 21504K, 60% used [0x000000077ae00000,0x000000077bac7b98,0x000000077c300000)
}

Deoptimization events (10 events):
Event: 5.000 Thread 0x00007f851c0f5000 Uncommon trap: reason=array_check action=maybe_recompile pc=0x000000010b133004 method=java.util.TimSort.binarySort([Ljava/lang/Object;IIILjava/util/Comparator;)V @ 215
Event: 5.000 Thread 0x00007f851c0f5000 Uncommon trap: reason=array_check action=maybe_recompile pc=0x000000010b1331e4 method=java.util.TimSort.binarySort([Ljava/lang/Object;IIILjava/util/Comparator;)V @ 183
Event: 5.004 Thread 0x00007f851c0f5000 Uncommon trap: reason=array_check action=maybe_recompile pc=0x000000010b133004 method=java.util.TimSort.binarySort([Ljava/lang/Object;IIILjava/util/Comparator;)V @ 215
Event: 5.004 Thread 0x00007f851c0f5000 Uncommon trap: reason=array_check action=maybe_recompile pc=0x000000010b1331e4 method=java.util.TimSort.binarySort([Ljava/lang/Object;IIILjava/util/Comparator;)V @ 183
Event: 5.504 Thread 0x00007f851c003000 Uncommon trap: reason=array_check action=maybe_recompile pc=0x000000010b131bf8 method=java.util.Arrays.fill([Ljava/lang/Object;Ljava/lang/Object;)V @ 13
Event: 5.504 Thread 0x00007f851c003000 Uncommon trap: reason=array_check action=maybe_recompile pc=0x000000010b131bf8 method=java.util.Arrays.fill([Ljava/lang/Object;Ljava/lang/Object;)V @ 13
Event: 5.508 Thread 0x00007f851c003000 Uncommon trap: reason=array_check action=maybe_recompile pc=0x000000010b131bf8 method=java.util.Arrays.fill([Ljava/lang/Object;Ljava/lang/Object;)V @ 13
Event: 5.509 Thread 0x00007f851c003000 Uncommon trap: reason=array_check action=maybe_recompile pc=0x000000010b131bf8 method=java.util.Arrays.fill([Ljava/lang/Object;Ljava/lang/Object;)V @ 13
Event: 5.571 Thread 0x00007f851c0f5000 Uncommon trap: reason=array_check action=maybe_recompile pc=0x000000010b142330 method=java.util.TimSort.binarySort([Ljava/lang/Object;IIILjava/util/Comparator;)V @ 193
Event: 5.571 Thread 0x00007f851c0f5000 Uncommon trap: reason=array_check action=maybe_recompile pc=0x000000010b142330 method=java.util.TimSort.binarySort([Ljava/lang/Object;IIILjava/util/Comparator;)V @ 193

Internal exceptions (10 events):
Event: 2.136 Thread 0x00007f851c0f5000 Threw 0x00000007d6e31968 at /HUDSON/workspace/7u-2-build-macosx-x86_64/jdk7u79/2331/hotspot/src/share/vm/prims/jvm.cpp:1304
Event: 2.136 Thread 0x00007f851c0f5000 Threw 0x00000007d6e38a90 at /HUDSON/workspace/7u-2-build-macosx-x86_64/jdk7u79/2331/hotspot/src/share/vm/prims/jvm.cpp:1304
Event: 2.137 Thread 0x00007f851c0f5000 Threw 0x00000007d6e44a00 at /HUDSON/workspace/7u-2-build-macosx-x86_64/jdk7u79/2331/hotspot/src/share/vm/prims/jvm.cpp:1304
Event: 2.138 Thread 0x00007f851c0f5000 Threw 0x00000007d6e536e8 at /HUDSON/workspace/7u-2-build-macosx-x86_64/jdk7u79/2331/hotspot/src/share/vm/prims/jvm.cpp:1304
Event: 2.184 Thread 0x00007f851c0f5000 Threw 0x00000007d704df00 at /HUDSON/workspace/7u-2-build-macosx-x86_64/jdk7u79/2331/hotspot/src/share/vm/prims/jvm.cpp:1304
Event: 2.185 Thread 0x00007f851c0f5000 Threw 0x00000007d70575e8 at /HUDSON/workspace/7u-2-build-macosx-x86_64/jdk7u79/2331/hotspot/src/share/vm/prims/jvm.cpp:1304
Event: 3.345 Thread 0x00007f851c0f5000 Threw 0x00000007d705f8b8 at /HUDSON/workspace/7u-2-build-macosx-x86_64/jdk7u79/2331/hotspot/src/share/vm/prims/jvm.cpp:1304
Event: 3.367 Thread 0x00007f851c0f5000 Threw 0x00000007d7066c88 at /HUDSON/workspace/7u-2-build-macosx-x86_64/jdk7u79/2331/hotspot/src/share/vm/prims/jvm.cpp:1304
Event: 3.370 Thread 0x00007f851c0f5000 Threw 0x00000007d706cd60 at /HUDSON/workspace/7u-2-build-macosx-x86_64/jdk7u79/2331/hotspot/src/share/vm/prims/jvm.cpp:1304
Event: 3.440 Thread 0x00007f851c1fb800 Threw 0x00000007d575adb0 at /HUDSON/workspace/7u-2-build-macosx-x86_64/jdk7u79/2331/hotspot/src/share/vm/prims/jvm.cpp:1304

Events (10 events):
Event: 5.571 Thread 0x00007f851c0f5000 Uncommon trap: trap_request=0xffffffd6 fr.pc=0x000000010b142330
Event: 5.571 Thread 0x00007f851c0f5000 DEOPT PACKING pc=0x000000010b142330 sp=0x00007000018e8090
Event: 5.571 Thread 0x00007f851c0f5000 DEOPT UNPACKING pc=0x000000010b09c045 sp=0x00007000018e8078 mode 2
Event: 6.374 Executing VM operation: ParallelGCFailedAllocation
Event: 6.375 Executing VM operation: ParallelGCFailedAllocation done
Event: 6.500 Thread 0x00007f851d017800 flushing nmethod 0x000000010b0ccdd0
Event: 7.372 Executing VM operation: ParallelGCFailedAllocation
Event: 7.374 Executing VM operation: ParallelGCFailedAllocation done
Event: 8.024 loading class 0x00007f851e815cc0
Event: 8.024 loading class 0x00007f851e815cc0 done


Dynamic libraries:
0x0000000002c2a000 	/System/Library/Frameworks/Cocoa.framework/Versions/A/Cocoa
0x0000000002c2a000 	/System/Library/Frameworks/Security.framework/Versions/A/Security
0x0000000002c2a000 	/System/Library/Frameworks/ApplicationServices.framework/Versions/A/ApplicationServices
0x0000000002c2a000 	/usr/lib/libz.1.dylib
0x0000000002c2a000 	/usr/lib/libSystem.B.dylib
0x0000000002c2a000 	/usr/lib/libobjc.A.dylib
0x0000000002c2a000 	/System/Library/Frameworks/CoreFoundation.framework/Versions/A/CoreFoundation
0x0000000002c2a000 	/System/Library/Frameworks/Foundation.framework/Versions/C/Foundation
0x0000000002c2a000 	/System/Library/Frameworks/AppKit.framework/Versions/C/AppKit
0x0000000002c2a000 	/System/Library/Frameworks/CoreData.framework/Versions/A/CoreData
0x0000000002c2a000 	/System/Library/PrivateFrameworks/RemoteViewServices.framework/Versions/A/RemoteViewServices
0x0000000002c2a000 	/System/Library/PrivateFrameworks/UIFoundation.framework/Versions/A/UIFoundation
0x0000000002c2a000 	/usr/lib/libScreenReader.dylib
0x0000000002c2a000 	/System/Library/Frameworks/Accelerate.framework/Versions/A/Accelerate
0x0000000002c2a000 	/System/Library/Frameworks/IOSurface.framework/Versions/A/IOSurface
0x0000000002c2a000 	/System/Library/Frameworks/AudioToolbox.framework/Versions/A/AudioToolbox
0x0000000002c2a000 	/System/Library/Frameworks/AudioUnit.framework/Versions/A/AudioUnit
0x0000000002c2a000 	/System/Library/PrivateFrameworks/DataDetectorsCore.framework/Versions/A/DataDetectorsCore
0x0000000002c2a000 	/System/Library/PrivateFrameworks/DesktopServicesPriv.framework/Versions/A/DesktopServicesPriv
0x0000000002c2a000 	/System/Library/Frameworks/Carbon.framework/Versions/A/Frameworks/HIToolbox.framework/Versions/A/HIToolbox
0x0000000002c2a000 	/System/Library/Frameworks/QuartzCore.framework/Versions/A/QuartzCore
0x0000000002c2a000 	/System/Library/Frameworks/Carbon.framework/Versions/A/Frameworks/SpeechRecognition.framework/Versions/A/SpeechRecognition
0x0000000002c2a000 	/usr/lib/libauto.dylib
0x0000000002c2a000 	/usr/lib/libicucore.A.dylib
0x0000000002c2a000 	/usr/lib/libxml2.2.dylib
0x0000000002c2a000 	/System/Library/PrivateFrameworks/CoreUI.framework/Versions/A/CoreUI
0x0000000002c2a000 	/System/Library/Frameworks/CoreAudio.framework/Versions/A/CoreAudio
0x0000000002c2a000 	/System/Library/Frameworks/DiskArbitration.framework/Versions/A/DiskArbitration
0x0000000002c2a000 	/usr/lib/liblangid.dylib
0x0000000002c2a000 	/System/Library/PrivateFrameworks/MultitouchSupport.framework/Versions/A/MultitouchSupport
0x0000000002c2a000 	/System/Library/Frameworks/IOKit.framework/Versions/A/IOKit
0x0000000002c2a000 	/usr/lib/libDiagnosticMessagesClient.dylib
0x0000000002c2a000 	/System/Library/Frameworks/CoreServices.framework/Versions/A/CoreServices
0x0000000002c2a000 	/System/Library/PrivateFrameworks/PerformanceAnalysis.framework/Versions/A/PerformanceAnalysis
0x0000000002c2a000 	/System/Library/PrivateFrameworks/GenerationalStorage.framework/Versions/A/GenerationalStorage
0x0000000002c2a000 	/System/Library/Frameworks/OpenGL.framework/Versions/A/OpenGL
0x0000000002c2a000 	/System/Library/PrivateFrameworks/Sharing.framework/Versions/A/Sharing
0x0000000002c2a000 	/System/Library/Frameworks/CoreGraphics.framework/Versions/A/CoreGraphics
0x0000000002c2a000 	/System/Library/Frameworks/CoreImage.framework/Versions/A/CoreImage
0x0000000002c2a000 	/System/Library/Frameworks/CoreText.framework/Versions/A/CoreText
0x0000000002c2a000 	/System/Library/Frameworks/ImageIO.framework/Versions/A/ImageIO
0x0000000002c2a000 	/System/Library/PrivateFrameworks/Backup.framework/Versions/A/Backup
0x0000000002c2a000 	/usr/lib/libextension.dylib
0x0000000002c2a000 	/usr/lib/libarchive.2.dylib
0x0000000002c2a000 	/System/Library/Frameworks/CFNetwork.framework/Versions/A/CFNetwork
0x0000000002c2a000 	/System/Library/Frameworks/SystemConfiguration.framework/Versions/A/SystemConfiguration
0x0000000002c2a000 	/usr/lib/libCRFSuite.dylib
0x0000000002c2a000 	/usr/lib/libc++.1.dylib
0x0000000002c2a000 	/usr/lib/libc++abi.dylib
0x0000000002c2a000 	/usr/lib/system/libcache.dylib
0x0000000002c2a000 	/usr/lib/system/libcommonCrypto.dylib
0x0000000002c2a000 	/usr/lib/system/libcompiler_rt.dylib
0x0000000002c2a000 	/usr/lib/system/libcopyfile.dylib
0x0000000002c2a000 	/usr/lib/system/libcorecrypto.dylib
0x0000000002c2a000 	/usr/lib/system/libdispatch.dylib
0x0000000002c2a000 	/usr/lib/system/libdyld.dylib
0x0000000002c2a000 	/usr/lib/system/libkeymgr.dylib
0x0000000002c2a000 	/usr/lib/system/liblaunch.dylib
0x0000000002c2a000 	/usr/lib/system/libmacho.dylib
0x0000000002c2a000 	/usr/lib/system/libquarantine.dylib
0x0000000002c2a000 	/usr/lib/system/libremovefile.dylib
0x0000000002c2a000 	/usr/lib/system/libsystem_asl.dylib
0x0000000002c2a000 	/usr/lib/system/libsystem_blocks.dylib
0x0000000002c2a000 	/usr/lib/system/libsystem_c.dylib
0x0000000002c2a000 	/usr/lib/system/libsystem_configuration.dylib
0x0000000002c2a000 	/usr/lib/system/libsystem_coreservices.dylib
0x0000000002c2a000 	/usr/lib/system/libsystem_coretls.dylib
0x0000000002c2a000 	/usr/lib/system/libsystem_dnssd.dylib
0x0000000002c2a000 	/usr/lib/system/libsystem_info.dylib
0x0000000002c2a000 	/usr/lib/system/libsystem_kernel.dylib
0x0000000002c2a000 	/usr/lib/system/libsystem_m.dylib
0x0000000002c2a000 	/usr/lib/system/libsystem_malloc.dylib
0x0000000002c2a000 	/usr/lib/system/libsystem_network.dylib
0x0000000002c2a000 	/usr/lib/system/libsystem_networkextension.dylib
0x0000000002c2a000 	/usr/lib/system/libsystem_notify.dylib
0x0000000002c2a000 	/usr/lib/system/libsystem_platform.dylib
0x0000000002c2a000 	/usr/lib/system/libsystem_pthread.dylib
0x0000000002c2a000 	/usr/lib/system/libsystem_sandbox.dylib
0x0000000002c2a000 	/usr/lib/system/libsystem_secinit.dylib
0x0000000002c2a000 	/usr/lib/system/libsystem_trace.dylib
0x0000000002c2a000 	/usr/lib/system/libunc.dylib
0x0000000002c2a000 	/usr/lib/system/libunwind.dylib
0x0000000002c2a000 	/usr/lib/system/libxpc.dylib
0x0000000002c2a000 	/usr/lib/libenergytrace.dylib
0x0000000002c2a000 	/usr/lib/libbsm.0.dylib
0x0000000002c2a000 	/usr/lib/system/libkxld.dylib
0x0000000002c2a000 	/usr/lib/libxar.1.dylib
0x0000000002c2a000 	/usr/lib/libsqlite3.dylib
0x0000000002c2a000 	/usr/lib/libpam.2.dylib
0x0000000002c2a000 	/usr/lib/libOpenScriptingUtil.dylib
0x0000000002c2a000 	/usr/lib/libbz2.1.0.dylib
0x0000000002c2a000 	/usr/lib/liblzma.5.dylib
0x0000000002c2a000 	/System/Library/Frameworks/CoreServices.framework/Versions/A/Frameworks/FSEvents.framework/Versions/A/FSEvents
0x0000000002c2a000 	/System/Library/Frameworks/CoreServices.framework/Versions/A/Frameworks/CarbonCore.framework/Versions/A/CarbonCore
0x0000000002c2a000 	/System/Library/Frameworks/CoreServices.framework/Versions/A/Frameworks/Metadata.framework/Versions/A/Metadata
0x0000000002c2a000 	/System/Library/Frameworks/CoreServices.framework/Versions/A/Frameworks/OSServices.framework/Versions/A/OSServices
0x0000000002c2a000 	/System/Library/Frameworks/CoreServices.framework/Versions/A/Frameworks/SearchKit.framework/Versions/A/SearchKit
0x0000000002c2a000 	/System/Library/Frameworks/CoreServices.framework/Versions/A/Frameworks/AE.framework/Versions/A/AE
0x0000000002c2a000 	/System/Library/Frameworks/CoreServices.framework/Versions/A/Frameworks/LaunchServices.framework/Versions/A/LaunchServices
0x0000000002c2a000 	/System/Library/Frameworks/CoreServices.framework/Versions/A/Frameworks/DictionaryServices.framework/Versions/A/DictionaryServices
0x0000000002c2a000 	/System/Library/Frameworks/CoreServices.framework/Versions/A/Frameworks/SharedFileList.framework/Versions/A/SharedFileList
0x0000000002c2a000 	/System/Library/Frameworks/NetFS.framework/Versions/A/NetFS
0x0000000002c2a000 	/System/Library/PrivateFrameworks/NetAuth.framework/Versions/A/NetAuth
0x0000000002c2a000 	/System/Library/PrivateFrameworks/login.framework/Versions/A/Frameworks/loginsupport.framework/Versions/A/loginsupport
0x0000000002c2a000 	/System/Library/PrivateFrameworks/TCC.framework/Versions/A/TCC
0x0000000002c2a000 	/usr/lib/libmecabra.dylib
0x0000000002c2a000 	/System/Library/Frameworks/ApplicationServices.framework/Versions/A/Frameworks/ATS.framework/Versions/A/ATS
0x0000000002c2a000 	/System/Library/Frameworks/ApplicationServices.framework/Versions/A/Frameworks/ColorSync.framework/Versions/A/ColorSync
0x0000000002c2a000 	/System/Library/Frameworks/ApplicationServices.framework/Versions/A/Frameworks/HIServices.framework/Versions/A/HIServices
0x0000000002c2a000 	/System/Library/Frameworks/ApplicationServices.framework/Versions/A/Frameworks/LangAnalysis.framework/Versions/A/LangAnalysis
0x0000000002c2a000 	/System/Library/Frameworks/ApplicationServices.framework/Versions/A/Frameworks/PrintCore.framework/Versions/A/PrintCore
0x0000000002c2a000 	/System/Library/Frameworks/ApplicationServices.framework/Versions/A/Frameworks/QD.framework/Versions/A/QD
0x0000000002c2a000 	/System/Library/Frameworks/ApplicationServices.framework/Versions/A/Frameworks/SpeechSynthesis.framework/Versions/A/SpeechSynthesis
0x0000000002c2a000 	/System/Library/Frameworks/Metal.framework/Versions/A/Metal
0x0000000002c2a000 	/System/Library/Frameworks/Accelerate.framework/Versions/A/Frameworks/vImage.framework/Versions/A/vImage
0x0000000002c2a000 	/System/Library/Frameworks/Accelerate.framework/Versions/A/Frameworks/vecLib.framework/Versions/A/vecLib
0x0000000002c2a000 	/System/Library/Frameworks/Accelerate.framework/Versions/A/Frameworks/vecLib.framework/Versions/A/libvDSP.dylib
0x0000000002c2a000 	/System/Library/Frameworks/Accelerate.framework/Versions/A/Frameworks/vecLib.framework/Versions/A/libvMisc.dylib
0x0000000002c2a000 	/System/Library/Frameworks/Accelerate.framework/Versions/A/Frameworks/vecLib.framework/Versions/A/libLAPACK.dylib
0x0000000002c2a000 	/System/Library/Frameworks/Accelerate.framework/Versions/A/Frameworks/vecLib.framework/Versions/A/libBLAS.dylib
0x0000000002c2a000 	/System/Library/Frameworks/Accelerate.framework/Versions/A/Frameworks/vecLib.framework/Versions/A/libLinearAlgebra.dylib
0x0000000002c2a000 	/System/Library/Frameworks/Accelerate.framework/Versions/A/Frameworks/vecLib.framework/Versions/A/libSparseBLAS.dylib
0x0000000002c2a000 	/System/Library/PrivateFrameworks/GPUCompiler.framework/libmetal_timestamp.dylib
0x0000000002c2a000 	/System/Library/Frameworks/OpenGL.framework/Versions/A/Libraries/libCoreFSCache.dylib
0x0000000002c2a000 	/System/Library/PrivateFrameworks/IOAccelerator.framework/Versions/A/IOAccelerator
0x0000000002c2a000 	/System/Library/Frameworks/ApplicationServices.framework/Versions/A/Frameworks/ATS.framework/Versions/A/Resources/libFontParser.dylib
0x0000000002c2a000 	/System/Library/Frameworks/ApplicationServices.framework/Versions/A/Frameworks/ATS.framework/Versions/A/Resources/libFontRegistry.dylib
0x0000000002c2a000 	/System/Library/PrivateFrameworks/AppleVPA.framework/Versions/A/AppleVPA
0x0000000002c2a000 	/System/Library/PrivateFrameworks/AppleJPEG.framework/Versions/A/AppleJPEG
0x0000000002c2a000 	/System/Library/Frameworks/ImageIO.framework/Versions/A/Resources/libJPEG.dylib
0x0000000002c2a000 	/System/Library/Frameworks/ImageIO.framework/Versions/A/Resources/libTIFF.dylib
0x0000000002c2a000 	/System/Library/Frameworks/ImageIO.framework/Versions/A/Resources/libPng.dylib
0x0000000002c2a000 	/System/Library/Frameworks/ImageIO.framework/Versions/A/Resources/libGIF.dylib
0x0000000002c2a000 	/System/Library/Frameworks/ImageIO.framework/Versions/A/Resources/libJP2.dylib
0x0000000002c2a000 	/System/Library/Frameworks/ImageIO.framework/Versions/A/Resources/libRadiance.dylib
0x0000000002c2a000 	/System/Library/Frameworks/CoreVideo.framework/Versions/A/CoreVideo
0x0000000002c2a000 	/System/Library/Frameworks/OpenGL.framework/Versions/A/Libraries/libGLU.dylib
0x0000000002c2a000 	/System/Library/Frameworks/OpenGL.framework/Versions/A/Libraries/libGFXShared.dylib
0x0000000002c2a000 	/System/Library/Frameworks/OpenGL.framework/Versions/A/Libraries/libGL.dylib
0x0000000002c2a000 	/System/Library/Frameworks/OpenGL.framework/Versions/A/Libraries/libGLImage.dylib
0x0000000002c2a000 	/System/Library/Frameworks/OpenGL.framework/Versions/A/Libraries/libCVMSPluginSupport.dylib
0x0000000002c2a000 	/System/Library/Frameworks/OpenGL.framework/Versions/A/Libraries/libCoreVMClient.dylib
0x0000000002c2a000 	/usr/lib/libcups.2.dylib
0x0000000002c2a000 	/System/Library/Frameworks/Kerberos.framework/Versions/A/Kerberos
0x0000000002c2a000 	/System/Library/Frameworks/GSS.framework/Versions/A/GSS
0x0000000002c2a000 	/usr/lib/libresolv.9.dylib
0x0000000002c2a000 	/usr/lib/libiconv.2.dylib
0x0000000002c2a000 	/System/Library/PrivateFrameworks/Heimdal.framework/Versions/A/Heimdal
0x0000000002c2a000 	/usr/lib/libheimdal-asn1.dylib
0x0000000002c2a000 	/System/Library/Frameworks/OpenDirectory.framework/Versions/A/OpenDirectory
0x0000000002c2a000 	/System/Library/PrivateFrameworks/CommonAuth.framework/Versions/A/CommonAuth
0x0000000002c2a000 	/System/Library/Frameworks/OpenDirectory.framework/Versions/A/Frameworks/CFOpenDirectory.framework/Versions/A/CFOpenDirectory
0x0000000002c2a000 	/System/Library/Frameworks/SecurityFoundation.framework/Versions/A/SecurityFoundation
0x0000000002c2a000 	/System/Library/PrivateFrameworks/LanguageModeling.framework/Versions/A/LanguageModeling
0x0000000002c2a000 	/usr/lib/libmarisa.dylib
0x0000000002c2a000 	/usr/lib/libChineseTokenizer.dylib
0x0000000002c2a000 	/usr/lib/libcmph.dylib
0x0000000002c2a000 	/usr/lib/libcompression.dylib
0x0000000002c2a000 	/System/Library/Frameworks/ServiceManagement.framework/Versions/A/ServiceManagement
0x0000000002c2a000 	/usr/lib/libxslt.1.dylib
0x0000000002c2a000 	/System/Library/Frameworks/Carbon.framework/Versions/A/Frameworks/Ink.framework/Versions/A/Ink
0x0000000002c2a000 	/usr/lib/libFosl_dynamic.dylib
0x0000000002c2a000 	/System/Library/PrivateFrameworks/FaceCore.framework/Versions/A/FaceCore
0x0000000002c2a000 	/System/Library/Frameworks/OpenCL.framework/Versions/A/OpenCL
0x0000000002c2a000 	/System/Library/PrivateFrameworks/CrashReporterSupport.framework/Versions/A/CrashReporterSupport
0x0000000002c2a000 	/System/Library/PrivateFrameworks/IconServices.framework/Versions/A/IconServices
0x0000000002c2a000 	/System/Library/PrivateFrameworks/Apple80211.framework/Versions/A/Apple80211
0x0000000002c2a000 	/System/Library/Frameworks/CoreWLAN.framework/Versions/A/CoreWLAN
0x0000000002c2a000 	/System/Library/Frameworks/IOBluetooth.framework/Versions/A/IOBluetooth
0x0000000002c2a000 	/System/Library/PrivateFrameworks/CoreWiFi.framework/Versions/A/CoreWiFi
0x0000000002c2a000 	/System/Library/Frameworks/CoreBluetooth.framework/Versions/A/CoreBluetooth
0x0000000002c2a000 	/System/Library/PrivateFrameworks/ChunkingLibrary.framework/Versions/A/ChunkingLibrary
0x0000000002c2a000 	/System/Library/PrivateFrameworks/DebugSymbols.framework/Versions/A/DebugSymbols
0x0000000002c2a000 	/System/Library/PrivateFrameworks/CoreSymbolication.framework/Versions/A/CoreSymbolication
0x0000000002c2a000 	/System/Library/PrivateFrameworks/Symbolication.framework/Versions/A/Symbolication
0x0000000002c2a000 	/System/Library/PrivateFrameworks/SpeechRecognitionCore.framework/Versions/A/SpeechRecognitionCore
0x000000004f115000 	/System/Library/CoreServices/Encodings/libCyrillicConverter.dylib
0x000000010a600000 	/Library/Java/JavaVirtualMachines/jdk1.7.0_79.jdk/Contents/Home/jre/lib/server/libjvm.dylib
0x000000010944f000 	/usr/lib/libstdc++.6.dylib
0x0000000109506000 	/Library/Java/JavaVirtualMachines/jdk1.7.0_79.jdk/Contents/Home/jre/lib/libverify.dylib
0x0000000109513000 	/Library/Java/JavaVirtualMachines/jdk1.7.0_79.jdk/Contents/Home/jre/lib/libjava.dylib
0x000000010954d000 	/Library/Java/JavaVirtualMachines/jdk1.7.0_79.jdk/Contents/Home/jre/lib/libzip.dylib
0x0000000114da3000 	/System/Library/Frameworks/JavaVM.framework/Frameworks/JavaRuntimeSupport.framework/JavaRuntimeSupport
0x0000000114dbe000 	/System/Library/Frameworks/JavaVM.framework/Versions/A/Frameworks/JavaNativeFoundation.framework/Versions/A/JavaNativeFoundation
0x00000001095f2000 	/System/Library/Frameworks/JavaVM.framework/Versions/A/JavaVM
0x0000000002c2a000 	/System/Library/Frameworks/Carbon.framework/Versions/A/Carbon
0x0000000114dd3000 	/System/Library/PrivateFrameworks/JavaLaunching.framework/Versions/A/JavaLaunching
0x0000000002c2a000 	/System/Library/Frameworks/Carbon.framework/Versions/A/Frameworks/CommonPanels.framework/Versions/A/CommonPanels
0x0000000002c2a000 	/System/Library/Frameworks/Carbon.framework/Versions/A/Frameworks/Help.framework/Versions/A/Help
0x0000000002c2a000 	/System/Library/Frameworks/Carbon.framework/Versions/A/Frameworks/ImageCapture.framework/Versions/A/ImageCapture
0x0000000002c2a000 	/System/Library/Frameworks/Carbon.framework/Versions/A/Frameworks/OpenScripting.framework/Versions/A/OpenScripting
0x0000000002c2a000 	/System/Library/Frameworks/Carbon.framework/Versions/A/Frameworks/Print.framework/Versions/A/Print
0x0000000002c2a000 	/System/Library/Frameworks/Carbon.framework/Versions/A/Frameworks/SecurityHI.framework/Versions/A/SecurityHI
0x0000000116770000 	/Library/Java/JavaVirtualMachines/jdk1.7.0_79.jdk/Contents/Home/jre/lib/libawt.dylib
0x000000011681f000 	/Library/Java/JavaVirtualMachines/jdk1.7.0_79.jdk/Contents/Home/jre/lib/./libmlib_image.dylib
0x00000001168eb000 	/Library/Java/JavaVirtualMachines/jdk1.7.0_79.jdk/Contents/Home/jre/lib/lwawt/liblwawt.dylib
0x00000001169a1000 	/Library/Java/JavaVirtualMachines/jdk1.7.0_79.jdk/Contents/Home/jre/lib/libosxapp.dylib
0x0000000002c2a000 	/System/Library/Frameworks/ExceptionHandling.framework/Versions/A/ExceptionHandling
0x0000000002c2a000 	/System/Library/PrivateFrameworks/CoreServicesInternal.framework/Versions/A/CoreServicesInternal
0x0000000002c2a000 	/System/Library/Frameworks/CoreGraphics.framework/Versions/A/Resources/libRIP.A.dylib
0x00000001179b1000 	/System/Library/Frameworks/Accelerate.framework/Frameworks/vImage.framework/Versions/A/Libraries/libCGInterfaces.dylib
0x0000000002c2a000 	/System/Library/Frameworks/CoreGraphics.framework/Versions/A/Resources/libCGXType.A.dylib
0x0000000002c2a000 	/System/Library/Frameworks/OpenCL.framework/Versions/A/Libraries/libcldcpuengine.dylib
0x0000000002c2a000 	/System/Library/PrivateFrameworks/DiskImages.framework/Versions/A/DiskImages
0x0000000002c2a000 	/System/Library/Frameworks/DiscRecording.framework/Versions/A/DiscRecording
0x0000000002c2a000 	/usr/lib/libcsfde.dylib
0x0000000002c2a000 	/usr/lib/libcurl.4.dylib
0x0000000002c2a000 	/System/Library/PrivateFrameworks/MediaKit.framework/Versions/A/MediaKit
0x0000000002c2a000 	/System/Library/PrivateFrameworks/ProtectedCloudStorage.framework/Versions/A/ProtectedCloudStorage
0x0000000002c2a000 	/usr/lib/libCoreStorage.dylib
0x0000000002c2a000 	/System/Library/PrivateFrameworks/EFILogin.framework/Versions/A/EFILogin
0x0000000002c2a000 	/usr/lib/libutil.dylib
0x0000000002c2a000 	/System/Library/PrivateFrameworks/FindMyDevice.framework/Versions/A/FindMyDevice
0x0000000002c2a000 	/System/Library/Frameworks/LDAP.framework/Versions/A/LDAP
0x0000000002c2a000 	/usr/lib/libsasl2.2.dylib
0x0000000002c2a000 	/System/Library/PrivateFrameworks/CoreDaemon.framework/Versions/B/CoreDaemon
0x0000000002c2a000 	/usr/lib/libcrypto.0.9.8.dylib
0x0000000002c2a000 	/System/Library/PrivateFrameworks/AppleSRP.framework/Versions/A/AppleSRP
0x0000000002c2a000 	/System/Library/PrivateFrameworks/TrustEvaluationAgent.framework/Versions/A/TrustEvaluationAgent
0x00000001187c1000 	cl_kernels
0x0000000002c2a000 	/System/Library/Frameworks/OpenCL.framework/Versions/A/Libraries/ImageFormats/unorm8_bgra.dylib
0x0000000002c2a000 	/System/Library/Frameworks/OpenCL.framework/Versions/A/Libraries/ImageFormats/unorm8_rgba.dylib
0x0000000002c2a000 	/System/Library/PrivateFrameworks/FamilyControls.framework/Versions/A/FamilyControls
0x0000000002c2a000 	/System/Library/PrivateFrameworks/CommerceKit.framework/Versions/A/Frameworks/CommerceCore.framework/Versions/A/CommerceCore
0x0000000002c2a000 	/System/Library/PrivateFrameworks/SystemAdministration.framework/Versions/A/SystemAdministration
0x0000000002c2a000 	/System/Library/PrivateFrameworks/AppContainer.framework/Versions/A/AppContainer
0x0000000002c2a000 	/System/Library/PrivateFrameworks/SecCodeWrapper.framework/Versions/A/SecCodeWrapper
0x0000000002c2a000 	/System/Library/Frameworks/DirectoryService.framework/Versions/A/DirectoryService
0x0000000002c2a000 	/System/Library/PrivateFrameworks/LoginUIKit.framework/Versions/A/Frameworks/LoginUICore.framework/Versions/A/LoginUICore
0x0000000002c2a000 	/usr/lib/libodfde.dylib
0x000000011996f000 	/Library/Java/JavaVirtualMachines/jdk1.7.0_79.jdk/Contents/Home/jre/lib/libfontmanager.dylib
0x00000001199d6000 	/System/Library/Frameworks/OpenGL.framework/Resources/GLEngine.bundle/GLEngine
0x0000000002c2a000 	/System/Library/Frameworks/OpenGL.framework/Versions/A/Libraries/libGLProgrammability.dylib
0x0000000119bbe000 	/System/Library/Extensions/AppleIntelHD5000GraphicsGLDriver.bundle/Contents/MacOS/AppleIntelHD5000GraphicsGLDriver
0x0000000002c2a000 	/System/Library/PrivateFrameworks/GPUSupport.framework/Versions/A/Libraries/libGPUSupportMercury.dylib
0x000000011a30e000 	/System/Library/Frameworks/OpenGL.framework/Resources//GLRendererFloat.bundle/GLRendererFloat
0x000000011abe0000 	/Library/Java/JavaVirtualMachines/jdk1.7.0_79.jdk/Contents/Home/jre/lib/libosxui.dylib
0x000000011b63f000 	/private/var/folders/08/nswmbsb176s05ytyr928rhl80000gn/T/javacpp1460670871990727000/libopencv_core.3.0.dylib
0x000000011b8c7000 	/private/var/folders/08/nswmbsb176s05ytyr928rhl80000gn/T/javacpp1460670871990727000/libopencv_imgproc.3.0.dylib
0x000000011bc14000 	/private/var/folders/08/nswmbsb176s05ytyr928rhl80000gn/T/javacpp1460670871990727000/libjniopencv_core.dylib
0x000000011bfea000 	/Library/Java/JavaVirtualMachines/jdk1.7.0_79.jdk/Contents/Home/jre/lib/libnet.dylib
0x00000001185f8000 	/Library/Java/JavaVirtualMachines/jdk1.7.0_79.jdk/Contents/Home/jre/lib/libnio.dylib
0x000000011de17000 	/System/Library/Extensions/AppleIntelHD5000GraphicsMTLDriver.bundle/Contents/MacOS/AppleIntelHD5000GraphicsMTLDriver
0x0000000120ecf000 	/private/var/folders/08/nswmbsb176s05ytyr928rhl80000gn/T/javacpp1460670871990727000/libjniopencv_imgproc.dylib
0x00000001218dd000 	/private/var/folders/08/nswmbsb176s05ytyr928rhl80000gn/T/javacpp1460670871990727000/libopencv_imgcodecs.3.0.dylib
0x000000011dfe8000 	/private/var/folders/08/nswmbsb176s05ytyr928rhl80000gn/T/javacpp1460670871990727000/libjniopencv_imgcodecs.dylib
0x0000000120f8e000 	/private/var/folders/08/nswmbsb176s05ytyr928rhl80000gn/T/javacpp1460670871990727000/libopencv_videoio.3.0.dylib
0x0000000002c2a000 	/System/Library/Frameworks/QTKit.framework/Versions/A/QTKit
0x0000000002c2a000 	/System/Library/Frameworks/AVFoundation.framework/Versions/A/AVFoundation
0x0000000002c2a000 	/System/Library/Frameworks/CoreMedia.framework/Versions/A/CoreMedia
0x0000000002c2a000 	/System/Library/Frameworks/MediaToolbox.framework/Versions/A/MediaToolbox
0x0000000002c2a000 	/System/Library/Frameworks/VideoToolbox.framework/Versions/A/VideoToolbox
0x0000000002c2a000 	/System/Library/PrivateFrameworks/CoreMediaAuthoring.framework/Versions/A/CoreMediaAuthoring
0x0000000002c2a000 	/System/Library/Frameworks/CoreMediaIO.framework/Versions/A/CoreMediaIO
0x0000000002c2a000 	/System/Library/Frameworks/AVFoundation.framework/Versions/A/Resources/libAVFAudio.dylib
0x0000000002c2a000 	/usr/lib/libspindump.dylib
0x0000000002c2a000 	/System/Library/PrivateFrameworks/CoreAVCHD.framework/Versions/A/CoreAVCHD
0x0000000002c2a000 	/System/Library/Frameworks/MediaAccessibility.framework/Versions/A/MediaAccessibility
0x0000000002c2a000 	/System/Library/PrivateFrameworks/Mangrove.framework/Versions/A/Mangrove
0x0000000002c2a000 	/System/Library/PrivateFrameworks/CoreAUC.framework/Versions/A/CoreAUC
0x0000000002c2a000 	/System/Library/PrivateFrameworks/AppleVA.framework/Versions/A/AppleVA
0x0000000002c2a000 	/System/Library/PrivateFrameworks/XPCService.framework/Versions/A/XPCService
0x0000000002c2a000 	/System/Library/PrivateFrameworks/AppSandbox.framework/Versions/A/AppSandbox
0x0000000002c2a000 	/usr/lib/libsandbox.1.dylib
0x0000000002c2a000 	/usr/lib/libMatch.1.dylib
0x0000000120fae000 	/private/var/folders/08/nswmbsb176s05ytyr928rhl80000gn/T/javacpp1460670871990727000/libjniopencv_videoio.dylib
0x000000011e002000 	/System/Library/Extensions/AppleHDA.kext/Contents/PlugIns/AppleHDAHALPlugIn.bundle/Contents/MacOS/AppleHDAHALPlugIn
0x0000000120fc1000 	/Library/CoreMediaIO/Plug-Ins/DAL/AppleCamera.plugin/Contents/MacOS/AppleCamera
0x0000000121b62000 	/System/Library/Frameworks/CoreMediaIO.framework/Resources/VDC.plugin/Contents/MacOS/VDC
0x00000001244d2000 	/System/Library/Frameworks/CoreMediaIO.framework/Resources/CMIOUnits.bundle/Contents/MacOS/CMIOUnits
0x0000000121b92000 	/System/Library/PrivateFrameworks/FWAVC.framework/Versions/A/FWAVC

VM Arguments:
jvm_args: -Dfile.encoding=UTF-8 
java_command: ru.ang5545.scanning_system_2.App
Launcher Type: SUN_STANDARD

Environment Variables:
PATH=/usr/bin:/bin:/usr/sbin:/sbin
SHELL=/bin/bash
DISPLAY=/private/tmp/com.apple.launchd.DDDI9qTUim/org.macosforge.xquartz:0

Signal Handlers:
SIGSEGV: [libjvm.dylib+0x52daf1], sa_mask[0]=0xfffefeff, sa_flags=0x00000043
SIGBUS: [libjvm.dylib+0x52daf1], sa_mask[0]=0xfffefeff, sa_flags=0x00000042
SIGFPE: [libjvm.dylib+0x41f34e], sa_mask[0]=0xfffefeff, sa_flags=0x00000042
SIGPIPE: [libjvm.dylib+0x41f34e], sa_mask[0]=0xfffefeff, sa_flags=0x00000042
SIGXFSZ: [libjvm.dylib+0x41f34e], sa_mask[0]=0xfffefeff, sa_flags=0x00000042
SIGILL: [libjvm.dylib+0x41f34e], sa_mask[0]=0xfffefeff, sa_flags=0x00000042
SIGUSR1: SIG_DFL, sa_mask[0]=0x00000000, sa_flags=0x00000000
SIGUSR2: [libjvm.dylib+0x41ee40], sa_mask[0]=0x00000004, sa_flags=0x00000042
SIGHUP: [libjvm.dylib+0x41d0d1], sa_mask[0]=0xfffefeff, sa_flags=0x00000042
SIGINT: [libjvm.dylib+0x41d0d1], sa_mask[0]=0xfffefeff, sa_flags=0x00000042
SIGTERM: [libjvm.dylib+0x41d0d1], sa_mask[0]=0xfffefeff, sa_flags=0x00000042
SIGQUIT: [libjvm.dylib+0x41d0d1], sa_mask[0]=0xfffefeff, sa_flags=0x00000042


---------------  S Y S T E M  ---------------

OS:Bsduname:Darwin 15.3.0 Darwin Kernel Version 15.3.0: Thu Dec 10 18:40:58 PST 2015; root:xnu-3248.30.4~1/RELEASE_X86_64 x86_64
rlimit: STACK 8192k, CORE 0k, NPROC 709, NOFILE 10240, AS infinity
load average:2.21 2.27 2.14

CPU:total 8 (4 cores per cpu, 2 threads per core) family 6 model 70 stepping 1, cmov, cx8, fxsr, mmx, sse, sse2, sse3, ssse3, sse4.1, sse4.2, popcnt, avx, avx2, aes, erms, ht, tsc, tscinvbit

Memory: 4k page, physical 8388608k(2097152k free)

/proc/meminfo:


vm_info: Java HotSpot(TM) 64-Bit Server VM (24.79-b02) for bsd-amd64 JRE (1.7.0_79-b15), built on Apr 10 2015 11:35:04 by "java_re" with gcc 4.2.1 (Based on Apple Inc. build 5658) (LLVM build 2336.11.00)

time: Fri Apr 15 00:54:39 2016
elapsed time: 8 seconds

