#
# A fatal error has been detected by the Java Runtime Environment:
#
#  SIGSEGV (0xb) at pc=0x00007fe8f7ca8af0, pid=14634, tid=140637795714816
#
# JRE version: OpenJDK Runtime Environment (7.0_91-b02) (build 1.7.0_91-b02)
# Java VM: OpenJDK 64-Bit Server VM (24.91-b01 mixed mode linux-amd64 compressed oops)
# Derivative: IcedTea 2.6.3
# Distribution: Custom build (Wed Nov 18 11:18:35 UTC 2015)
# Problematic frame:
# C  [libc.so.6+0x14caf0]  __memset_avx2+0x30
#
# Failed to write core dump. Core dumps have been disabled. To enable core dumping, try "ulimit -c unlimited" before starting Java again
#
# If you would like to submit a bug report, please include
# instructions on how to reproduce the bug and visit:
#   http://icedtea.classpath.org/bugzilla
# The crash happened outside the Java Virtual Machine in native code.
# See problematic frame for where to report the bug.
#

---------------  T H R E A D  ---------------

Current thread (0x00007fe8a02f5800):  JavaThread "SwingWorker-pool-1-thread-1" daemon [_thread_in_native, id=14659, stack(0x00007fe8c9cb0000,0x00007fe8c9db1000)]

siginfo:si_signo=SIGSEGV: si_errno=0, si_code=1 (SEGV_MAPERR), si_addr=0x00007fe818848570

Registers:
RAX=0x00007fe818848570, RBX=0x00007fe818848570, RCX=0x0000000000007fe8, RDX=0x0000000000000080
RSP=0x00007fe8c9dae9e8, RBP=0x0000000000000008, RSI=0x00007fe8188485f0, RDI=0x00007fe818848570
R8 =0x00000000000000cd, R9 =0x000000000000018e, R10=0x0000000000000003, R11=0x00007fe88c840128
R12=0x0000000000000080, R13=0x00007fe88c86e790, R14=0x00007fe88c83e5d0, R15=0x000000004299d00c
RIP=0x00007fe8f7ca8af0, EFLAGS=0x0000000000010246, CSGSFS=0x0000000000000033, ERR=0x0000000000000006
  TRAPNO=0x000000000000000e

Top of Stack: (sp=0x00007fe8c9dae9e8)
0x00007fe8c9dae9e8:   00007fe8cbac0a01 00000000000000e5
0x00007fe8c9dae9f8:   00007fe800000001 0000000000000000
0x00007fe8c9daea08:   00007fe88c86e6f0 0000000000000000
0x00007fe8c9daea18:   0000000000000000 00007fe88c86e790
0x00007fe8c9daea28:   00007fe88c840118 0000000000000003
0x00007fe8c9daea38:   00007fe8cb5571f8 0000000000000000
0x00007fe8c9daea48:   0000000000000080 403a80efb7666667
0x00007fe8c9daea58:   0100000000000000 00007fe88c83e5d0
0x00007fe8c9daea68:   00007fe8c9daebe0 00007fe8c9daeb10
0x00007fe8c9daea78:   00007fe8c9daeb20 00007fe8c9daf030
0x00007fe8c9daea88:   00007fe8c9daeb30 00007fe8cbd49330
0x00007fe8c9daea98:   0000000242ff4000 0000000000000000
0x00007fe8c9daeaa8:   0000000000000000 0000000000000000
0x00007fe8c9daeab8:   0000000000000000 0000000000000000
0x00007fe8c9daeac8:   0000000000000000 0000000000000000
0x00007fe8c9daead8:   00007fe8c9daeaa0 00007fe8c9daeae8
0x00007fe8c9daeae8:   0000000000000500 0000000000000001
0x00007fe8c9daeaf8:   0000000242ff4000 0000000000000000
0x00007fe8c9daeb08:   0000000000000000 0000000000000000
0x00007fe8c9daeb18:   0000000000000000 0000000000000000
0x00007fe8c9daeb28:   0000000000000000 0000000000000000
0x00007fe8c9daeb38:   00007fe8c9daeb00 00007fe8c9daeb70
0x00007fe8c9daeb48:   0000000000000500 0000000000000000
0x00007fe8c9daeb58:   0000000000000000 3ff0000000000000
0x00007fe8c9daeb68:   00007fe800000000 00007fe8b40afdd0
0x00007fe8c9daeb78:   00007fe8b40b01a8 00000000000003d8
0x00007fe8c9daeb88:   0000003000000030 00007fe8c9dafa98
0x00007fe8c9daeb98:   00007fe8ed0004e7 00007fe8ed0003d0
0x00007fe8c9daeba8:   00007fe800000000 00007fe8c9daec60
0x00007fe8c9daebb8:   00007fe8c9daed80 0000000000000000
0x00007fe8c9daebc8:   0000000000000000 00007fe88c83e330
0x00007fe8c9daebd8:   00007fe8cb9d1c70 00007fe88c83f9f0 

Instructions: (pc=0x00007fe8f7ca8af0)
0x00007fe8f7ca8ad0:   e2 71 00 c0 48 83 fa 10 0f 82 c2 00 00 00 48 81
0x00007fe8f7ca8ae0:   fa 00 01 00 00 0f 83 f5 00 00 00 80 fa 80 72 50
0x00007fe8f7ca8af0:   c5 fa 7f 07 c5 fa 7f 47 10 c5 fa 7f 47 20 c5 fa
0x00007fe8f7ca8b00:   7f 47 30 c5 fa 7f 47 40 c5 fa 7f 47 50 c5 fa 7f 

Register to memory mapping:

RAX=0x00007fe818848570 is an unknown value
RBX=0x00007fe818848570 is an unknown value
RCX=0x0000000000007fe8 is an unknown value
RDX=0x0000000000000080 is an unknown value
RSP=0x00007fe8c9dae9e8 is pointing into the stack for thread: 0x00007fe8a02f5800
RBP=0x0000000000000008 is an unknown value
RSI=0x00007fe8188485f0 is an unknown value
RDI=0x00007fe818848570 is an unknown value
R8 =0x00000000000000cd is an unknown value
R9 =0x000000000000018e is an unknown value
R10=0x0000000000000003 is an unknown value
R11=0x00007fe88c840128 is an unknown value
R12=0x0000000000000080 is an unknown value
R13=0x00007fe88c86e790 is an unknown value
R14=0x00007fe88c83e5d0 is an unknown value
R15=0x000000004299d00c is an unknown value


Stack: [0x00007fe8c9cb0000,0x00007fe8c9db1000],  sp=0x00007fe8c9dae9e8,  free space=1018k
Native frames: (J=compiled Java code, j=interpreted, Vv=VM code, C=native code)
C  [libc.so.6+0x14caf0]  __memset_avx2+0x30

[error occurred during error reporting (printing native stack), id 0xb]

Java frames: (J=compiled Java code, j=interpreted, Vv=VM code)
j  org.bytedeco.javacpp.opencv_imgproc.cvApproxPoly(Lorg/bytedeco/javacpp/Pointer;ILorg/bytedeco/javacpp/opencv_core$CvMemStorage;ID)Lorg/bytedeco/javacpp/opencv_core$CvSeq;+0
j  ru.ang5545.scanning_system_2.image_processing.ContourHandler.getPoints(Lorg/bytedeco/javacpp/opencv_core$CvSeq;)[Lorg/bytedeco/javacpp/opencv_core$CvPoint;+34
j  ru.ang5545.scanning_system_2.image_processing.ContourHandler.drawPoints(Lorg/bytedeco/javacpp/opencv_core$IplImage;)V+25
j  ru.ang5545.scanning_system_2.image_processing.ImageHandler.processImage(Lorg/bytedeco/javacpp/opencv_core$IplImage;Lru/ang5545/model/ThresholdParameters;Lru/ang5545/model/ThresholdParameters;Lru/ang5545/model/ThresholdParameters;)V+98
j  ru.ang5545.scanning_system_2.gui.MainFrame$AnswerWorker.doInBackground()Ljava/lang/String;+61
j  ru.ang5545.scanning_system_2.gui.MainFrame$AnswerWorker.doInBackground()Ljava/lang/Object;+1
j  javax.swing.SwingWorker$1.call()Ljava/lang/Object;+14
j  java.util.concurrent.FutureTask.run()V+42
j  javax.swing.SwingWorker.run()V+4
j  java.util.concurrent.ThreadPoolExecutor.runWorker(Ljava/util/concurrent/ThreadPoolExecutor$Worker;)V+95
j  java.util.concurrent.ThreadPoolExecutor$Worker.run()V+5
j  java.lang.Thread.run()V+11
v  ~StubRoutines::call_stub

---------------  P R O C E S S  ---------------

Java Threads: ( => current thread )
=>0x00007fe8a02f5800 JavaThread "SwingWorker-pool-1-thread-1" daemon [_thread_in_native, id=14659, stack(0x00007fe8c9cb0000,0x00007fe8c9db1000)]
  0x00007fe8a0216800 JavaThread "TimerQueue" daemon [_thread_blocked, id=14657, stack(0x00007fe8dc06e000,0x00007fe8dc16f000)]
  0x00007fe8f0009800 JavaThread "DestroyJavaVM" [_thread_blocked, id=14639, stack(0x00007fe8f8614000,0x00007fe8f8715000)]
  0x00007fe8f028a000 JavaThread "AWT-EventQueue-0" [_thread_blocked, id=14655, stack(0x00007fe8dc492000,0x00007fe8dc593000)]
  0x00007fe8f0289000 JavaThread "AWT-Shutdown" [_thread_blocked, id=14654, stack(0x00007fe8dc593000,0x00007fe8dc694000)]
  0x00007fe8f0285000 JavaThread "AWT-XAWT" daemon [_thread_in_native, id=14653, stack(0x00007fe8dc694000,0x00007fe8dc795000)]
  0x00007fe8f026a000 JavaThread "Java2D Disposer" daemon [_thread_blocked, id=14652, stack(0x00007fe8e40ad000,0x00007fe8e41ae000)]
  0x00007fe8f00ad800 JavaThread "Service Thread" daemon [_thread_blocked, id=14650, stack(0x00007fe8e7b00000,0x00007fe8e7c01000)]
  0x00007fe8f00ab800 JavaThread "C2 CompilerThread1" daemon [_thread_blocked, id=14649, stack(0x00007fe8e7c01000,0x00007fe8e7d02000)]
  0x00007fe8f00a8800 JavaThread "C2 CompilerThread0" daemon [_thread_blocked, id=14648, stack(0x00007fe8ec0f1000,0x00007fe8ec1f2000)]
  0x00007fe8f00a6000 JavaThread "Signal Dispatcher" daemon [_thread_blocked, id=14647, stack(0x00007fe8ec1f2000,0x00007fe8ec2f3000)]
  0x00007fe8f007b000 JavaThread "Finalizer" daemon [_thread_blocked, id=14646, stack(0x00007fe8ec2f3000,0x00007fe8ec3f4000)]
  0x00007fe8f0079000 JavaThread "Reference Handler" daemon [_thread_blocked, id=14645, stack(0x00007fe8ec3f4000,0x00007fe8ec4f5000)]

Other Threads:
  0x00007fe8f0075000 VMThread [stack: 0x00007fe8ec4f5000,0x00007fe8ec5f6000] [id=14644]
  0x00007fe8f00b8000 WatcherThread [stack: 0x00007fe8e79ff000,0x00007fe8e7b00000] [id=14651]

VM state:not at safepoint (normal execution)

VM Mutex/Monitor currently owned by a thread: None

Heap
 PSYoungGen      total 48128K, used 47533K [0x00000007d7000000, 0x00000007e4600000, 0x0000000800000000)
  eden space 46080K, 99% used [0x00000007d7000000,0x00000007d9cd1d08,0x00000007d9d00000)
  from space 2048K, 80% used [0x00000007e4280000,0x00000007e4419a38,0x00000007e4480000)
  to   space 1536K, 0% used [0x00000007e4480000,0x00000007e4480000,0x00000007e4600000)
 ParOldGen       total 83968K, used 5396K [0x0000000785000000, 0x000000078a200000, 0x00000007d7000000)
  object space 83968K, 6% used [0x0000000785000000,0x00000007855453d8,0x000000078a200000)
 PSPermGen       total 21504K, used 15357K [0x000000077aa00000, 0x000000077bf00000, 0x0000000785000000)
  object space 21504K, 71% used [0x000000077aa00000,0x000000077b8ff438,0x000000077bf00000)

Card table byte_map: [0x00007fe8f53f9000,0x00007fe8f5825000] byte_map_base: 0x00007fe8f1824000

Polling page: 0x00007fe8f874d000

Code Cache  [0x00007fe8ed000000, 0x00007fe8ed270000, 0x00007fe8f0000000)
 total_blobs=813 nmethods=232 adapters=534 free_code_cache=48144Kb largest_free_block=49267968

Compilation events (10 events):
Event: 18,211 Thread 0x00007fe8f00ab800  238   !         javax.swing.RepaintManager::addDirtyRegion0 (205 bytes)
Event: 18,213 Thread 0x00007fe8f00ab800 nmethod 238 0x00007fe8ed0fa9d0 code [0x00007fe8ed0fab40, 0x00007fe8ed0fafe8]
Event: 18,406 Thread 0x00007fe8f00a8800  240             sun.java2d.SunGraphics2D::setColor (108 bytes)
Event: 18,407 Thread 0x00007fe8f00a8800 nmethod 240 0x00007fe8ed0fcdd0 code [0x00007fe8ed0fcf40, 0x00007fe8ed0fd108]
Event: 18,519 Thread 0x00007fe8f00ab800  241             java.awt.Rectangle::<init> (9 bytes)
Event: 18,520 Thread 0x00007fe8f00ab800 nmethod 241 0x00007fe8ed0fa410 code [0x00007fe8ed0fa540, 0x00007fe8ed0fa5b8]
Event: 18,606 Thread 0x00007fe8f00a8800  242             javax.swing.JComponent::isDoubleBuffered (6 bytes)
Event: 18,606 Thread 0x00007fe8f00a8800 nmethod 242 0x00007fe8ed0fa210 code [0x00007fe8ed0fa340, 0x00007fe8ed0fa3b8]
Event: 18,813 Thread 0x00007fe8f00ab800  243             javax.swing.RepaintManager::collectDirtyComponents (344 bytes)
Event: 18,826 Thread 0x00007fe8f00ab800 nmethod 243 0x00007fe8ed101450 code [0x00007fe8ed1016a0, 0x00007fe8ed102730]

GC Heap History (10 events):
Event: 17,511 GC heap before
{Heap before GC invocations=35 (full 0):
 PSYoungGen      total 54272K, used 51239K [0x00000007d7000000, 0x00000007e4a00000, 0x0000000800000000)
  eden space 52224K, 94% used [0x00000007d7000000,0x00000007da0685a0,0x00000007da300000)
  from space 2048K, 81% used [0x00000007e4800000,0x00000007e49a1a08,0x00000007e4a00000)
  to   space 2560K, 0% used [0x00000007e4500000,0x00000007e4500000,0x00000007e4780000)
 ParOldGen       total 83968K, used 4974K [0x0000000785000000, 0x000000078a200000, 0x00000007d7000000)
  object space 83968K, 5% used [0x0000000785000000,0x00000007854dbbe8,0x000000078a200000)
 PSPermGen       total 21504K, used 15342K [0x000000077aa00000, 0x000000077bf00000, 0x0000000785000000)
  object space 21504K, 71% used [0x000000077aa00000,0x000000077b8fb908,0x000000077bf00000)
Event: 17,513 GC heap after
Heap after GC invocations=35 (full 0):
 PSYoungGen      total 52736K, used 1670K [0x00000007d7000000, 0x00000007e4880000, 0x0000000800000000)
  eden space 50688K, 0% used [0x00000007d7000000,0x00000007d7000000,0x00000007da180000)
  from space 2048K, 81% used [0x00000007e4500000,0x00000007e46a1a08,0x00000007e4700000)
  to   space 1536K, 0% used [0x00000007e4700000,0x00000007e4700000,0x00000007e4880000)
 ParOldGen       total 83968K, used 5006K [0x0000000785000000, 0x000000078a200000, 0x00000007d7000000)
  object space 83968K, 5% used [0x0000000785000000,0x00000007854e3be8,0x000000078a200000)
 PSPermGen       total 21504K, used 15342K [0x000000077aa00000, 0x000000077bf00000, 0x0000000785000000)
  object space 21504K, 71% used [0x000000077aa00000,0x000000077b8fb908,0x000000077bf00000)
}
Event: 17,802 GC heap before
{Heap before GC invocations=36 (full 0):
 PSYoungGen      total 52736K, used 51227K [0x00000007d7000000, 0x00000007e4880000, 0x0000000800000000)
  eden space 50688K, 97% used [0x00000007d7000000,0x00000007da065328,0x00000007da180000)
  from space 2048K, 81% used [0x00000007e4500000,0x00000007e46a1a08,0x00000007e4700000)
  to   space 1536K, 0% used [0x00000007e4700000,0x00000007e4700000,0x00000007e4880000)
 ParOldGen       total 83968K, used 5006K [0x0000000785000000, 0x000000078a200000, 0x00000007d7000000)
  object space 83968K, 5% used [0x0000000785000000,0x00000007854e3be8,0x000000078a200000)
 PSPermGen       total 21504K, used 15343K [0x000000077aa00000, 0x000000077bf00000, 0x0000000785000000)
  object space 21504K, 71% used [0x000000077aa00000,0x000000077b8fbff0,0x000000077bf00000)
Event: 17,803 GC heap after
Heap after GC invocations=36 (full 0):
 PSYoungGen      total 50688K, used 1432K [0x00000007d7000000, 0x00000007e4880000, 0x0000000800000000)
  eden space 49152K, 0% used [0x00000007d7000000,0x00000007d7000000,0x00000007da000000)
  from space 1536K, 93% used [0x00000007e4700000,0x00000007e4866020,0x00000007e4880000)
  to   space 2560K, 0% used [0x00000007e4380000,0x00000007e4380000,0x00000007e4600000)
 ParOldGen       total 83968K, used 5340K [0x0000000785000000, 0x000000078a200000, 0x00000007d7000000)
  object space 83968K, 6% used [0x0000000785000000,0x00000007855373d8,0x000000078a200000)
 PSPermGen       total 21504K, used 15343K [0x000000077aa00000, 0x000000077bf00000, 0x0000000785000000)
  object space 21504K, 71% used [0x000000077aa00000,0x000000077b8fbff0,0x000000077bf00000)
}
Event: 18,099 GC heap before
{Heap before GC invocations=37 (full 0):
 PSYoungGen      total 50688K, used 47293K [0x00000007d7000000, 0x00000007e4880000, 0x0000000800000000)
  eden space 49152K, 93% used [0x00000007d7000000,0x00000007d9cc94a0,0x00000007da000000)
  from space 1536K, 93% used [0x00000007e4700000,0x00000007e4866020,0x00000007e4880000)
  to   space 2560K, 0% used [0x00000007e4380000,0x00000007e4380000,0x00000007e4600000)
 ParOldGen       total 83968K, used 5340K [0x0000000785000000, 0x000000078a200000, 0x00000007d7000000)
  object space 83968K, 6% used [0x0000000785000000,0x00000007855373d8,0x000000078a200000)
 PSPermGen       total 21504K, used 15345K [0x000000077aa00000, 0x000000077bf00000, 0x0000000785000000)
  object space 21504K, 71% used [0x000000077aa00000,0x000000077b8fc428,0x000000077bf00000)
Event: 18,100 GC heap after
Heap after GC invocations=37 (full 0):
 PSYoungGen      total 50176K, used 1670K [0x00000007d7000000, 0x00000007e4780000, 0x0000000800000000)
  eden space 48128K, 0% used [0x00000007d7000000,0x00000007d7000000,0x00000007d9f00000)
  from space 2048K, 81% used [0x00000007e4380000,0x00000007e4521a08,0x00000007e4580000)
  to   space 2048K, 0% used [0x00000007e4580000,0x00000007e4580000,0x00000007e4780000)
 ParOldGen       total 83968K, used 5356K [0x0000000785000000, 0x000000078a200000, 0x00000007d7000000)
  object space 83968K, 6% used [0x0000000785000000,0x000000078553b3d8,0x000000078a200000)
 PSPermGen       total 21504K, used 15345K [0x000000077aa00000, 0x000000077bf00000, 0x0000000785000000)
  object space 21504K, 71% used [0x000000077aa00000,0x000000077b8fc428,0x000000077bf00000)
}
Event: 18,401 GC heap before
{Heap before GC invocations=38 (full 0):
 PSYoungGen      total 50176K, used 48670K [0x00000007d7000000, 0x00000007e4780000, 0x0000000800000000)
  eden space 48128K, 97% used [0x00000007d7000000,0x00000007d9de5e98,0x00000007d9f00000)
  from space 2048K, 81% used [0x00000007e4380000,0x00000007e4521a08,0x00000007e4580000)
  to   space 2048K, 0% used [0x00000007e4580000,0x00000007e4580000,0x00000007e4780000)
 ParOldGen       total 83968K, used 5356K [0x0000000785000000, 0x000000078a200000, 0x00000007d7000000)
  object space 83968K, 6% used [0x0000000785000000,0x000000078553b3d8,0x000000078a200000)
 PSPermGen       total 21504K, used 15346K [0x000000077aa00000, 0x000000077bf00000, 0x0000000785000000)
  object space 21504K, 71% used [0x000000077aa00000,0x000000077b8fca48,0x000000077bf00000)
Event: 18,402 GC heap after
Heap after GC invocations=38 (full 0):
 PSYoungGen      total 49152K, used 1670K [0x00000007d7000000, 0x00000007e4780000, 0x0000000800000000)
  eden space 47104K, 0% used [0x00000007d7000000,0x00000007d7000000,0x00000007d9e00000)
  from space 2048K, 81% used [0x00000007e4580000,0x00000007e4721a08,0x00000007e4780000)
  to   space 2560K, 0% used [0x00000007e4280000,0x00000007e4280000,0x00000007e4500000)
 ParOldGen       total 83968K, used 5372K [0x0000000785000000, 0x000000078a200000, 0x00000007d7000000)
  object space 83968K, 6% used [0x0000000785000000,0x000000078553f3d8,0x000000078a200000)
 PSPermGen       total 21504K, used 15346K [0x000000077aa00000, 0x000000077bf00000, 0x0000000785000000)
  object space 21504K, 71% used [0x000000077aa00000,0x000000077b8fca48,0x000000077bf00000)
}
Event: 18,694 GC heap before
{Heap before GC invocations=39 (full 0):
 PSYoungGen      total 49152K, used 48635K [0x00000007d7000000, 0x00000007e4780000, 0x0000000800000000)
  eden space 47104K, 99% used [0x00000007d7000000,0x00000007d9ddd4d0,0x00000007d9e00000)
  from space 2048K, 81% used [0x00000007e4580000,0x00000007e4721a08,0x00000007e4780000)
  to   space 2560K, 0% used [0x00000007e4280000,0x00000007e4280000,0x00000007e4500000)
 ParOldGen       total 83968K, used 5372K [0x0000000785000000, 0x000000078a200000, 0x00000007d7000000)
  object space 83968K, 6% used [0x0000000785000000,0x000000078553f3d8,0x000000078a200000)
 PSPermGen       total 21504K, used 15351K [0x000000077aa00000, 0x000000077bf00000, 0x0000000785000000)
  object space 21504K, 71% used [0x000000077aa00000,0x000000077b8fdce8,0x000000077bf00000)
Event: 18,695 GC heap after
Heap after GC invocations=39 (full 0):
 PSYoungGen      total 48128K, used 1638K [0x00000007d7000000, 0x00000007e4600000, 0x0000000800000000)
  eden space 46080K, 0% used [0x00000007d7000000,0x00000007d7000000,0x00000007d9d00000)
  from space 2048K, 80% used [0x00000007e4280000,0x00000007e4419a38,0x00000007e4480000)
  to   space 1536K, 0% used [0x00000007e4480000,0x00000007e4480000,0x00000007e4600000)
 ParOldGen       total 83968K, used 5396K [0x0000000785000000, 0x000000078a200000, 0x00000007d7000000)
  object space 83968K, 6% used [0x0000000785000000,0x00000007855453d8,0x000000078a200000)
 PSPermGen       total 21504K, used 15351K [0x000000077aa00000, 0x000000077bf00000, 0x0000000785000000)
  object space 21504K, 71% used [0x000000077aa00000,0x000000077b8fdce8,0x000000077bf00000)
}

Deoptimization events (10 events):
Event: 5,325 Thread 0x00007fe8f028a000 Uncommon trap: reason=class_check action=maybe_recompile pc=0x00007fe8ed08a790 method=java.lang.String.equals(Ljava/lang/Object;)Z @ 8
Event: 5,325 Thread 0x00007fe8f028a000 Uncommon trap: reason=class_check action=maybe_recompile pc=0x00007fe8ed08a790 method=java.lang.String.equals(Ljava/lang/Object;)Z @ 8
Event: 6,387 Thread 0x00007fe8f028a000 Uncommon trap: reason=array_check action=maybe_recompile pc=0x00007fe8ed0deb24 method=java.util.TimSort.binarySort([Ljava/lang/Object;IIILjava/util/Comparator;)V @ 215
Event: 6,388 Thread 0x00007fe8f028a000 Uncommon trap: reason=array_check action=maybe_recompile pc=0x00007fe8ed0ded7c method=java.util.TimSort.binarySort([Ljava/lang/Object;IIILjava/util/Comparator;)V @ 183
Event: 6,397 Thread 0x00007fe8f028a000 Uncommon trap: reason=array_check action=maybe_recompile pc=0x00007fe8ed0deb24 method=java.util.TimSort.binarySort([Ljava/lang/Object;IIILjava/util/Comparator;)V @ 215
Event: 6,397 Thread 0x00007fe8f028a000 Uncommon trap: reason=array_check action=maybe_recompile pc=0x00007fe8ed0ded7c method=java.util.TimSort.binarySort([Ljava/lang/Object;IIILjava/util/Comparator;)V @ 183
Event: 7,022 Thread 0x00007fe8f028a000 Uncommon trap: reason=class_check action=maybe_recompile pc=0x00007fe8ed0db9ec method=java.awt.geom.Path2D$Float.append(Ljava/awt/geom/PathIterator;Z)V @ 6
Event: 7,969 Thread 0x00007fe8f028a000 Uncommon trap: reason=array_check action=maybe_recompile pc=0x00007fe8ed0e41e0 method=java.util.TimSort.binarySort([Ljava/lang/Object;IIILjava/util/Comparator;)V @ 193
Event: 7,969 Thread 0x00007fe8f028a000 Uncommon trap: reason=array_check action=maybe_recompile pc=0x00007fe8ed0e41e0 method=java.util.TimSort.binarySort([Ljava/lang/Object;IIILjava/util/Comparator;)V @ 193
Event: 18,220 Thread 0x00007fe8a02f5800 Uncommon trap: reason=null_check action=make_not_entrant pc=0x00007fe8ed0fafa4 method=javax.swing.RepaintManager.extendDirtyRegion(Ljava/awt/Component;IIII)Z @ 10

Internal exceptions (10 events):
Event: 1,653 Thread 0x00007fe8f028a000 Threw 0x00000007d820cbd8 at /build/java7-openjdk/src/icedtea-2.6.3/openjdk/hotspot/src/share/vm/prims/jvm.cpp:1322
Event: 1,654 Thread 0x00007fe8f028a000 Threw 0x00000007d8213170 at /build/java7-openjdk/src/icedtea-2.6.3/openjdk/hotspot/src/share/vm/prims/jvm.cpp:1322
Event: 1,654 Thread 0x00007fe8f028a000 Threw 0x00000007d8219f98 at /build/java7-openjdk/src/icedtea-2.6.3/openjdk/hotspot/src/share/vm/prims/jvm.cpp:1322
Event: 1,654 Thread 0x00007fe8f028a000 Threw 0x00000007d821f958 at /build/java7-openjdk/src/icedtea-2.6.3/openjdk/hotspot/src/share/vm/prims/jvm.cpp:1322
Event: 1,654 Thread 0x00007fe8f028a000 Threw 0x00000007d8224bb0 at /build/java7-openjdk/src/icedtea-2.6.3/openjdk/hotspot/src/share/vm/prims/jvm.cpp:1322
Event: 1,655 Thread 0x00007fe8f028a000 Threw 0x00000007d822a678 at /build/java7-openjdk/src/icedtea-2.6.3/openjdk/hotspot/src/share/vm/prims/jvm.cpp:1322
Event: 1,688 Thread 0x00007fe8f028a000 Threw 0x00000007d8271670 at /build/java7-openjdk/src/icedtea-2.6.3/openjdk/hotspot/src/share/vm/prims/jvm.cpp:1322
Event: 1,690 Thread 0x00007fe8f028a000 Threw 0x00000007d8275be8 at /build/java7-openjdk/src/icedtea-2.6.3/openjdk/hotspot/src/share/vm/prims/jvm.cpp:1322
Event: 1,766 Thread 0x00007fe8a02f5800 Threw 0x00000007d8373c40 at /build/java7-openjdk/src/icedtea-2.6.3/openjdk/hotspot/src/share/vm/prims/jvm.cpp:1322
Event: 18,220 Thread 0x00007fe8a02f5800 Implicit null exception at 0x00007fe8ed0fac3c to 0x00007fe8ed0faf98

Events (10 events):
Event: 17,803 Executing VM operation: ParallelGCFailedAllocation done
Event: 18,099 Executing VM operation: ParallelGCFailedAllocation
Event: 18,100 Executing VM operation: ParallelGCFailedAllocation done
Event: 18,220 Thread 0x00007fe8a02f5800 Uncommon trap: trap_request=0xfffffff4 fr.pc=0x00007fe8ed0fafa4
Event: 18,220 Thread 0x00007fe8a02f5800 DEOPT PACKING pc=0x00007fe8ed0fafa4 sp=0x00007fe8c9daf480
Event: 18,220 Thread 0x00007fe8a02f5800 DEOPT UNPACKING pc=0x00007fe8ed039445 sp=0x00007fe8c9daf3c8 mode 2
Event: 18,401 Executing VM operation: ParallelGCFailedAllocation
Event: 18,402 Executing VM operation: ParallelGCFailedAllocation done
Event: 18,694 Executing VM operation: ParallelGCFailedAllocation
Event: 18,695 Executing VM operation: ParallelGCFailedAllocation done


Dynamic libraries:
00400000-00401000 r-xp 00000000 08:02 15742080                           /usr/lib/jvm/java-7-openjdk/jre/bin/java
00600000-00601000 rw-p 00000000 08:02 15742080                           /usr/lib/jvm/java-7-openjdk/jre/bin/java
0242e000-0244f000 rw-p 00000000 00:00 0                                  [heap]
77aa00000-77bf00000 rw-p 00000000 00:00 0 
77bf00000-785000000 rw-p 00000000 00:00 0 
785000000-78a200000 rw-p 00000000 00:00 0 
78a200000-7d7000000 rw-p 00000000 00:00 0 
7d7000000-7e4600000 rw-p 00000000 00:00 0 
7e4600000-7e7000000 ---p 00000000 00:00 0 
7e7000000-800000000 rw-p 00000000 00:00 0 
7fe88c000000-7fe88ce1d000 rw-p 00000000 00:00 0 
7fe88ce1d000-7fe890000000 ---p 00000000 00:00 0 
7fe894000000-7fe894021000 rw-p 00000000 00:00 0 
7fe894021000-7fe898000000 ---p 00000000 00:00 0 
7fe898000000-7fe898021000 rw-p 00000000 00:00 0 
7fe898021000-7fe89c000000 ---p 00000000 00:00 0 
7fe89c000000-7fe89c021000 rw-p 00000000 00:00 0 
7fe89c021000-7fe8a0000000 ---p 00000000 00:00 0 
7fe8a0000000-7fe8a0bee000 rw-p 00000000 00:00 0 
7fe8a0bee000-7fe8a4000000 ---p 00000000 00:00 0 
7fe8a4000000-7fe8a4021000 rw-p 00000000 00:00 0 
7fe8a4021000-7fe8a8000000 ---p 00000000 00:00 0 
7fe8a8000000-7fe8a802e000 rw-p 00000000 00:00 0 
7fe8a802e000-7fe8ac000000 ---p 00000000 00:00 0 
7fe8ac000000-7fe8ac021000 rw-p 00000000 00:00 0 
7fe8ac021000-7fe8b0000000 ---p 00000000 00:00 0 
7fe8b0000000-7fe8b0021000 rw-p 00000000 00:00 0 
7fe8b0021000-7fe8b4000000 ---p 00000000 00:00 0 
7fe8b4000000-7fe8b439e000 rw-p 00000000 00:00 0 
7fe8b439e000-7fe8b8000000 ---p 00000000 00:00 0 
7fe8b8000000-7fe8b8677000 rw-p 00000000 00:00 0 
7fe8b8677000-7fe8bc000000 ---p 00000000 00:00 0 
7fe8bc000000-7fe8bc021000 rw-p 00000000 00:00 0 
7fe8bc021000-7fe8c0000000 ---p 00000000 00:00 0 
7fe8c0000000-7fe8c0021000 rw-p 00000000 00:00 0 
7fe8c0021000-7fe8c4000000 ---p 00000000 00:00 0 
7fe8c4000000-7fe8c4021000 rw-p 00000000 00:00 0 
7fe8c4021000-7fe8c8000000 ---p 00000000 00:00 0 
7fe8c84ad000-7fe8c84ae000 ---p 00000000 00:00 0 
7fe8c84ae000-7fe8c8cae000 rw-p 00000000 00:00 0                          [stack:14662]
7fe8c8cae000-7fe8c8caf000 ---p 00000000 00:00 0 
7fe8c8caf000-7fe8c94af000 rw-p 00000000 00:00 0                          [stack:14661]
7fe8c94af000-7fe8c94b0000 ---p 00000000 00:00 0 
7fe8c94b0000-7fe8c9cb0000 rw-p 00000000 00:00 0                          [stack:14660]
7fe8c9cb0000-7fe8c9cb3000 ---p 00000000 00:00 0 
7fe8c9cb3000-7fe8c9db1000 rw-p 00000000 00:00 0                          [stack:14659]
7fe8c9db1000-7fe8c9dcb000 r-xp 00000000 00:22 46                         /tmp/javacpp25471144559569/libjniopencv_imgcodecs.so
7fe8c9dcb000-7fe8c9fca000 ---p 0001a000 00:22 46                         /tmp/javacpp25471144559569/libjniopencv_imgcodecs.so
7fe8c9fca000-7fe8c9fcb000 rw-p 00019000 00:22 46                         /tmp/javacpp25471144559569/libjniopencv_imgcodecs.so
7fe8c9fcb000-7fe8ca264000 r-xp 00000000 00:22 45                         /tmp/javacpp25471144559569/libopencv_imgcodecs.so.3.0
7fe8ca264000-7fe8ca464000 ---p 00299000 00:22 45                         /tmp/javacpp25471144559569/libopencv_imgcodecs.so.3.0
7fe8ca464000-7fe8ca471000 rw-p 00299000 00:22 45                         /tmp/javacpp25471144559569/libopencv_imgcodecs.so.3.0
7fe8ca471000-7fe8ca47c000 rw-p 00000000 00:00 0 
7fe8ca47c000-7fe8ca534000 r-xp 00000000 00:22 44                         /tmp/javacpp25471144559569/libjniopencv_imgproc.so
7fe8ca534000-7fe8ca733000 ---p 000b8000 00:22 44                         /tmp/javacpp25471144559569/libjniopencv_imgproc.so
7fe8ca733000-7fe8ca735000 rw-p 000b7000 00:22 44                         /tmp/javacpp25471144559569/libjniopencv_imgproc.so
7fe8ca735000-7fe8ca8ce000 rw-s 00000000 00:05 23560214                   /SYSV00000000 (deleted)
7fe8ca8ce000-7fe8ca8de000 r-xp 00000000 08:02 15742055                   /usr/lib/jvm/java-7-openjdk/jre/lib/amd64/libnio.so
7fe8ca8de000-7fe8caade000 ---p 00010000 08:02 15742055                   /usr/lib/jvm/java-7-openjdk/jre/lib/amd64/libnio.so
7fe8caade000-7fe8caadf000 rw-p 00010000 08:02 15742055                   /usr/lib/jvm/java-7-openjdk/jre/lib/amd64/libnio.so
7fe8caadf000-7fe8caaf6000 r-xp 00000000 08:02 15742054                   /usr/lib/jvm/java-7-openjdk/jre/lib/amd64/libnet.so
7fe8caaf6000-7fe8cacf6000 ---p 00017000 08:02 15742054                   /usr/lib/jvm/java-7-openjdk/jre/lib/amd64/libnet.so
7fe8cacf6000-7fe8cacf7000 rw-p 00017000 08:02 15742054                   /usr/lib/jvm/java-7-openjdk/jre/lib/amd64/libnet.so
7fe8cacf7000-7fe8cad49000 r-xp 00000000 08:02 15742070                   /usr/lib/jvm/java-7-openjdk/jre/lib/amd64/libfontmanager.so
7fe8cad49000-7fe8caf49000 ---p 00052000 08:02 15742070                   /usr/lib/jvm/java-7-openjdk/jre/lib/amd64/libfontmanager.so
7fe8caf49000-7fe8caf4c000 rw-p 00052000 08:02 15742070                   /usr/lib/jvm/java-7-openjdk/jre/lib/amd64/libfontmanager.so
7fe8caf4c000-7fe8cb13c000 r-xp 00000000 00:22 43                         /tmp/javacpp25471144559569/libjniopencv_core.so
7fe8cb13c000-7fe8cb33c000 ---p 001f0000 00:22 43                         /tmp/javacpp25471144559569/libjniopencv_core.so
7fe8cb33c000-7fe8cb33f000 rw-p 001f0000 00:22 43                         /tmp/javacpp25471144559569/libjniopencv_core.so
7fe8cb33f000-7fe8cb609000 r-xp 00000000 00:22 42                         /tmp/javacpp25471144559569/libopencv_imgproc.so.3.0
7fe8cb609000-7fe8cb809000 ---p 002ca000 00:22 42                         /tmp/javacpp25471144559569/libopencv_imgproc.so.3.0
7fe8cb809000-7fe8cb81b000 rw-p 002ca000 00:22 42                         /tmp/javacpp25471144559569/libopencv_imgproc.so.3.0
7fe8cb81b000-7fe8cb8b0000 rw-p 00000000 00:00 0 
7fe8cb8b0000-7fe8cbb47000 r-xp 00000000 00:22 41                         /tmp/javacpp25471144559569/libopencv_core.so.3.0
7fe8cbb47000-7fe8cbd46000 ---p 00297000 00:22 41                         /tmp/javacpp25471144559569/libopencv_core.so.3.0
7fe8cbd46000-7fe8cbd4d000 rw-p 00296000 00:22 41                         /tmp/javacpp25471144559569/libopencv_core.so.3.0
7fe8cbd4d000-7fe8d0000000 rw-p 00000000 00:00 0 
7fe8d0000000-7fe8d0021000 rw-p 00000000 00:00 0 
7fe8d0021000-7fe8d4000000 ---p 00000000 00:00 0 
7fe8d4000000-7fe8d4021000 rw-p 00000000 00:00 0 
7fe8d4021000-7fe8d8000000 ---p 00000000 00:00 0 
7fe8d8000000-7fe8d8021000 rw-p 00000000 00:00 0 
7fe8d8021000-7fe8dc000000 ---p 00000000 00:00 0 
7fe8dc06e000-7fe8dc071000 ---p 00000000 00:00 0 
7fe8dc071000-7fe8dc16f000 rw-p 00000000 00:00 0                          [stack:14657]
7fe8dc16f000-7fe8dc190000 r-xp 00000000 08:02 14947461                   /usr/lib/libgomp.so.1.0.0
7fe8dc190000-7fe8dc390000 ---p 00021000 08:02 14947461                   /usr/lib/libgomp.so.1.0.0
7fe8dc390000-7fe8dc391000 rw-p 00021000 08:02 14947461                   /usr/lib/libgomp.so.1.0.0
7fe8dc391000-7fe8dc394000 ---p 00000000 00:00 0 
7fe8dc394000-7fe8dc492000 rw-p 00000000 00:00 0 
7fe8dc492000-7fe8dc495000 ---p 00000000 00:00 0 
7fe8dc495000-7fe8dc593000 rw-p 00000000 00:00 0                          [stack:14655]
7fe8dc593000-7fe8dc596000 ---p 00000000 00:00 0 
7fe8dc596000-7fe8dc694000 rw-p 00000000 00:00 0                          [stack:14654]
7fe8dc694000-7fe8dc697000 ---p 00000000 00:00 0 
7fe8dc697000-7fe8dc795000 rw-p 00000000 00:00 0                          [stack:14653]
7fe8dc795000-7fe8dc79a000 r-xp 00000000 08:02 14947362                   /usr/lib/libXfixes.so.3.1.0
7fe8dc79a000-7fe8dc999000 ---p 00005000 08:02 14947362                   /usr/lib/libXfixes.so.3.1.0
7fe8dc999000-7fe8dc99a000 r--p 00004000 08:02 14947362                   /usr/lib/libXfixes.so.3.1.0
7fe8dc99a000-7fe8dc99b000 rw-p 00005000 08:02 14947362                   /usr/lib/libXfixes.so.3.1.0
7fe8dc99b000-7fe8dc9a5000 r-xp 00000000 08:02 14955981                   /usr/lib/libXcursor.so.1.0.2
7fe8dc9a5000-7fe8dcba4000 ---p 0000a000 08:02 14955981                   /usr/lib/libXcursor.so.1.0.2
7fe8dcba4000-7fe8dcba5000 r--p 00009000 08:02 14955981                   /usr/lib/libXcursor.so.1.0.2
7fe8dcba5000-7fe8dcba6000 rw-p 0000a000 08:02 14955981                   /usr/lib/libXcursor.so.1.0.2
7fe8dcba6000-7fe8dcbaa000 r-xp 00000000 08:02 14947376                   /usr/lib/libattr.so.1.1.0
7fe8dcbaa000-7fe8dcda9000 ---p 00004000 08:02 14947376                   /usr/lib/libattr.so.1.1.0
7fe8dcda9000-7fe8dcdaa000 r--p 00003000 08:02 14947376                   /usr/lib/libattr.so.1.1.0
7fe8dcdaa000-7fe8dcdab000 rw-p 00004000 08:02 14947376                   /usr/lib/libattr.so.1.1.0
7fe8dcdab000-7fe8dcdaf000 r-xp 00000000 08:02 14947386                   /usr/lib/libcap.so.2.24
7fe8dcdaf000-7fe8dcfae000 ---p 00004000 08:02 14947386                   /usr/lib/libcap.so.2.24
7fe8dcfae000-7fe8dcfaf000 rw-p 00003000 08:02 14947386                   /usr/lib/libcap.so.2.24
7fe8dcfaf000-7fe8dcfc1000 r-xp 00000000 08:02 14947462                   /usr/lib/libgpg-error.so.0.16.0
7fe8dcfc1000-7fe8dd1c0000 ---p 00012000 08:02 14947462                   /usr/lib/libgpg-error.so.0.16.0
7fe8dd1c0000-7fe8dd1c1000 r--p 00011000 08:02 14947462                   /usr/lib/libgpg-error.so.0.16.0
7fe8dd1c1000-7fe8dd1c2000 rw-p 00012000 08:02 14947462                   /usr/lib/libgpg-error.so.0.16.0
7fe8dd1c2000-7fe8dd29a000 r-xp 00000000 08:02 14947444                   /usr/lib/libgcrypt.so.20.0.4
7fe8dd29a000-7fe8dd49a000 ---p 000d8000 08:02 14947444                   /usr/lib/libgcrypt.so.20.0.4
7fe8dd49a000-7fe8dd49b000 r--p 000d8000 08:02 14947444                   /usr/lib/libgcrypt.so.20.0.4
7fe8dd49b000-7fe8dd4a3000 rw-p 000d9000 08:02 14947444                   /usr/lib/libgcrypt.so.20.0.4
7fe8dd4a3000-7fe8dd4a4000 rw-p 00000000 00:00 0 
7fe8dd4a4000-7fe8dd4b5000 r-xp 00000000 08:02 14947501                   /usr/lib/liblz4.so.1.7.1
7fe8dd4b5000-7fe8dd6b4000 ---p 00011000 08:02 14947501                   /usr/lib/liblz4.so.1.7.1
7fe8dd6b4000-7fe8dd6b5000 r--p 00010000 08:02 14947501                   /usr/lib/liblz4.so.1.7.1
7fe8dd6b5000-7fe8dd6b6000 rw-p 00011000 08:02 14947501                   /usr/lib/liblz4.so.1.7.1
7fe8dd6b6000-7fe8dd6db000 r-xp 00000000 08:02 14943014                   /usr/lib/liblzma.so.5.2.2
7fe8dd6db000-7fe8dd8da000 ---p 00025000 08:02 14943014                   /usr/lib/liblzma.so.5.2.2
7fe8dd8da000-7fe8dd8db000 r--p 00024000 08:02 14943014                   /usr/lib/liblzma.so.5.2.2
7fe8dd8db000-7fe8dd8dc000 rw-p 00025000 08:02 14943014                   /usr/lib/liblzma.so.5.2.2
7fe8dd8dc000-7fe8dd905000 r-xp 00000000 08:02 14955009                   /usr/lib/libgraphite2.so.3.0.1
7fe8dd905000-7fe8ddb04000 ---p 00029000 08:02 14955009                   /usr/lib/libgraphite2.so.3.0.1
7fe8ddb04000-7fe8ddb06000 r--p 00028000 08:02 14955009                   /usr/lib/libgraphite2.so.3.0.1
7fe8ddb06000-7fe8ddb07000 rw-p 0002a000 08:02 14955009                   /usr/lib/libgraphite2.so.3.0.1
7fe8ddb07000-7fe8ddb98000 r-xp 00000000 08:02 14945771                   /usr/lib/libgmp.so.10.3.0
7fe8ddb98000-7fe8ddd98000 ---p 00091000 08:02 14945771                   /usr/lib/libgmp.so.10.3.0
7fe8ddd98000-7fe8ddd99000 r--p 00091000 08:02 14945771                   /usr/lib/libgmp.so.10.3.0
7fe8ddd99000-7fe8ddd9a000 rw-p 00092000 08:02 14945771                   /usr/lib/libgmp.so.10.3.0
7fe8ddd9a000-7fe8dddcc000 r-xp 00000000 08:02 14947473                   /usr/lib/libhogweed.so.4.1
7fe8dddcc000-7fe8ddfcc000 ---p 00032000 08:02 14947473                   /usr/lib/libhogweed.so.4.1
7fe8ddfcc000-7fe8ddfcd000 r--p 00032000 08:02 14947473                   /usr/lib/libhogweed.so.4.1
7fe8ddfcd000-7fe8ddfce000 rw-p 00033000 08:02 14947473                   /usr/lib/libhogweed.so.4.1
7fe8ddfce000-7fe8de004000 r-xp 00000000 08:02 14947524                   /usr/lib/libnettle.so.6.1
7fe8de004000-7fe8de203000 ---p 00036000 08:02 14947524                   /usr/lib/libnettle.so.6.1
7fe8de203000-7fe8de205000 r--p 00035000 08:02 14947524                   /usr/lib/libnettle.so.6.1
7fe8de205000-7fe8de206000 rw-p 00037000 08:02 14947524                   /usr/lib/libnettle.so.6.1
7fe8de206000-7fe8de218000 r-xp 00000000 08:02 14947613                   /usr/lib/libtasn1.so.6.5.1
7fe8de218000-7fe8de417000 ---p 00012000 08:02 14947613                   /usr/lib/libtasn1.so.6.5.1
7fe8de417000-7fe8de418000 r--p 00011000 08:02 14947613                   /usr/lib/libtasn1.so.6.5.1
7fe8de418000-7fe8de419000 rw-p 00012000 08:02 14947613                   /usr/lib/libtasn1.so.6.5.1
7fe8de419000-7fe8de473000 r-xp 00000000 08:02 14947558                   /usr/lib/libp11-kit.so.0.1.0
7fe8de473000-7fe8de672000 ---p 0005a000 08:02 14947558                   /usr/lib/libp11-kit.so.0.1.0
7fe8de672000-7fe8de67c000 r--p 00059000 08:02 14947558                   /usr/lib/libp11-kit.so.0.1.0
7fe8de67c000-7fe8de67e000 rw-p 00063000 08:02 14947558                   /usr/lib/libp11-kit.so.0.1.0
7fe8de67e000-7fe8de681000 r-xp 00000000 08:02 14947488                   /usr/lib/libkeyutils.so.1.5
7fe8de681000-7fe8de880000 ---p 00003000 08:02 14947488                   /usr/lib/libkeyutils.so.1.5
7fe8de880000-7fe8de881000 r--p 00002000 08:02 14947488                   /usr/lib/libkeyutils.so.1.5
7fe8de881000-7fe8de882000 rw-p 00003000 08:02 14947488                   /usr/lib/libkeyutils.so.1.5
7fe8de882000-7fe8de88e000 r-xp 00000000 08:02 14947493                   /usr/lib/libkrb5support.so.0.1
7fe8de88e000-7fe8dea8d000 ---p 0000c000 08:02 14947493                   /usr/lib/libkrb5support.so.0.1
7fe8dea8d000-7fe8dea8e000 r--p 0000b000 08:02 14947493                   /usr/lib/libkrb5support.so.0.1
7fe8dea8e000-7fe8dea8f000 rw-p 0000c000 08:02 14947493                   /usr/lib/libkrb5support.so.0.1
7fe8dea8f000-7fe8dea94000 r-xp 00000000 08:02 14947360                   /usr/lib/libXdmcp.so.6.0.0
7fe8dea94000-7fe8dec93000 ---p 00005000 08:02 14947360                   /usr/lib/libXdmcp.so.6.0.0
7fe8dec93000-7fe8dec94000 r--p 00004000 08:02 14947360                   /usr/lib/libXdmcp.so.6.0.0
7fe8dec94000-7fe8dec95000 rw-p 00005000 08:02 14947360                   /usr/lib/libXdmcp.so.6.0.0
7fe8dec95000-7fe8dec97000 r-xp 00000000 08:02 14947358                   /usr/lib/libXau.so.6.0.0
7fe8dec97000-7fe8dee97000 ---p 00002000 08:02 14947358                   /usr/lib/libXau.so.6.0.0
7fe8dee97000-7fe8dee98000 r--p 00002000 08:02 14947358                   /usr/lib/libXau.so.6.0.0
7fe8dee98000-7fe8dee99000 rw-p 00003000 08:02 14947358                   /usr/lib/libXau.so.6.0.0
7fe8dee99000-7fe8def08000 r-xp 00000000 08:02 14947569                   /usr/lib/libpcre.so.1.2.5
7fe8def08000-7fe8df107000 ---p 0006f000 08:02 14947569                   /usr/lib/libpcre.so.1.2.5
7fe8df107000-7fe8df108000 r--p 0006e000 08:02 14947569                   /usr/lib/libpcre.so.1.2.5
7fe8df108000-7fe8df109000 rw-p 0006f000 08:02 14947569                   /usr/lib/libpcre.so.1.2.5
7fe8df109000-7fe8df111000 r-xp 00000000 08:02 14947435                   /usr/lib/libffi.so.6.0.4
7fe8df111000-7fe8df310000 ---p 00008000 08:02 14947435                   /usr/lib/libffi.so.6.0.4
7fe8df310000-7fe8df311000 r--p 00007000 08:02 14947435                   /usr/lib/libffi.so.6.0.4
7fe8df311000-7fe8df312000 rw-p 00008000 08:02 14947435                   /usr/lib/libffi.so.6.0.4
7fe8df312000-7fe8df326000 r-xp 00000000 08:02 14947591                   /usr/lib/libresolv-2.22.so
7fe8df326000-7fe8df525000 ---p 00014000 08:02 14947591                   /usr/lib/libresolv-2.22.so
7fe8df525000-7fe8df526000 r--p 00013000 08:02 14947591                   /usr/lib/libresolv-2.22.so
7fe8df526000-7fe8df527000 rw-p 00014000 08:02 14947591                   /usr/lib/libresolv-2.22.so
7fe8df527000-7fe8df529000 rw-p 00000000 00:00 0 
7fe8df529000-7fe8df52c000 r-xp 00000000 08:02 14945767                   /usr/lib/libgmodule-2.0.so.0.4600.2
7fe8df52c000-7fe8df72b000 ---p 00003000 08:02 14945767                   /usr/lib/libgmodule-2.0.so.0.4600.2
7fe8df72b000-7fe8df72c000 r--p 00002000 08:02 14945767                   /usr/lib/libgmodule-2.0.so.0.4600.2
7fe8df72c000-7fe8df72d000 rw-p 00003000 08:02 14945767                   /usr/lib/libgmodule-2.0.so.0.4600.2
7fe8df72d000-7fe8df78f000 r-xp 00000000 08:02 14953538                   /usr/lib/libharfbuzz.so.0.10102.0
7fe8df78f000-7fe8df98f000 ---p 00062000 08:02 14953538                   /usr/lib/libharfbuzz.so.0.10102.0
7fe8df98f000-7fe8df990000 r--p 00062000 08:02 14953538                   /usr/lib/libharfbuzz.so.0.10102.0
7fe8df990000-7fe8df991000 rw-p 00063000 08:02 14953538                   /usr/lib/libharfbuzz.so.0.10102.0
7fe8df991000-7fe8df9c5000 r-xp 00000000 08:02 14953416                   /usr/lib/libpng16.so.16.19.0
7fe8df9c5000-7fe8dfbc4000 ---p 00034000 08:02 14953416                   /usr/lib/libpng16.so.16.19.0
7fe8dfbc4000-7fe8dfbc5000 r--p 00033000 08:02 14953416                   /usr/lib/libpng16.so.16.19.0
7fe8dfbc5000-7fe8dfbc6000 rw-p 00034000 08:02 14953416                   /usr/lib/libpng16.so.16.19.0
7fe8dfbc6000-7fe8dfbd5000 r-xp 00000000 08:02 14947380                   /usr/lib/libbz2.so.1.0.6
7fe8dfbd5000-7fe8dfdd4000 ---p 0000f000 08:02 14947380                   /usr/lib/libbz2.so.1.0.6
7fe8dfdd4000-7fe8dfdd6000 rw-p 0000e000 08:02 14947380                   /usr/lib/libbz2.so.1.0.6
7fe8dfdd6000-7fe8dfdfd000 r-xp 00000000 08:02 14947432                   /usr/lib/libexpat.so.1.6.0
7fe8dfdfd000-7fe8dfffc000 ---p 00027000 08:02 14947432                   /usr/lib/libexpat.so.1.6.0
7fe8dfffc000-7fe8dffff000 r--p 00026000 08:02 14947432                   /usr/lib/libexpat.so.1.6.0
7fe8dffff000-7fe8e0000000 rw-p 00029000 08:02 14947432                   /usr/lib/libexpat.so.1.6.0
7fe8e0000000-7fe8e0021000 rw-p 00000000 00:00 0 
7fe8e0021000-7fe8e4000000 ---p 00000000 00:00 0 
7fe8e405d000-7fe8e40ad000 rw-s 00000000 00:05 24182807                   /SYSV00000000 (deleted)
7fe8e40ad000-7fe8e40b0000 ---p 00000000 00:00 0 
7fe8e40b0000-7fe8e41ae000 rw-p 00000000 00:00 0                          [stack:14652]
7fe8e41ae000-7fe8e41b6000 r-xp 00000000 08:02 14947394                   /usr/lib/libcrypt-2.22.so
7fe8e41b6000-7fe8e43b6000 ---p 00008000 08:02 14947394                   /usr/lib/libcrypt-2.22.so
7fe8e43b6000-7fe8e43b7000 r--p 00008000 08:02 14947394                   /usr/lib/libcrypt-2.22.so
7fe8e43b7000-7fe8e43b8000 rw-p 00009000 08:02 14947394                   /usr/lib/libcrypt-2.22.so
7fe8e43b8000-7fe8e43e6000 rw-p 00000000 00:00 0 
7fe8e43e6000-7fe8e4434000 r-xp 00000000 08:02 14951274                   /usr/lib/libdbus-1.so.3.14.5
7fe8e4434000-7fe8e4634000 ---p 0004e000 08:02 14951274                   /usr/lib/libdbus-1.so.3.14.5
7fe8e4634000-7fe8e4635000 r--p 0004e000 08:02 14951274                   /usr/lib/libdbus-1.so.3.14.5
7fe8e4635000-7fe8e4636000 rw-p 0004f000 08:02 14951274                   /usr/lib/libdbus-1.so.3.14.5
7fe8e4636000-7fe8e4637000 rw-p 00000000 00:00 0 
7fe8e4637000-7fe8e4647000 r-xp 00000000 08:02 14949079                   /usr/lib/libavahi-client.so.3.2.9
7fe8e4647000-7fe8e4846000 ---p 00010000 08:02 14949079                   /usr/lib/libavahi-client.so.3.2.9
7fe8e4846000-7fe8e4847000 r--p 0000f000 08:02 14949079                   /usr/lib/libavahi-client.so.3.2.9
7fe8e4847000-7fe8e4848000 rw-p 00010000 08:02 14949079                   /usr/lib/libavahi-client.so.3.2.9
7fe8e4848000-7fe8e4854000 r-xp 00000000 08:02 14949076                   /usr/lib/libavahi-common.so.3.5.3
7fe8e4854000-7fe8e4a53000 ---p 0000c000 08:02 14949076                   /usr/lib/libavahi-common.so.3.5.3
7fe8e4a53000-7fe8e4a54000 r--p 0000b000 08:02 14949076                   /usr/lib/libavahi-common.so.3.5.3
7fe8e4a54000-7fe8e4a55000 rw-p 0000c000 08:02 14949076                   /usr/lib/libavahi-common.so.3.5.3
7fe8e4a55000-7fe8e4b7c000 r-xp 00000000 08:02 14945778                   /usr/lib/libgnutls.so.30.5.0
7fe8e4b7c000-7fe8e4d7c000 ---p 00127000 08:02 14945778                   /usr/lib/libgnutls.so.30.5.0
7fe8e4d7c000-7fe8e4d87000 r--p 00127000 08:02 14945778                   /usr/lib/libgnutls.so.30.5.0
7fe8e4d87000-7fe8e4d8a000 rw-p 00132000 08:02 14945778                   /usr/lib/libgnutls.so.30.5.0
7fe8e4d8a000-7fe8e4d8b000 rw-p 00000000 00:00 0 
7fe8e4d8b000-7fe8e4d8e000 r-xp 00000000 08:02 14947390                   /usr/lib/libcom_err.so.2.1
7fe8e4d8e000-7fe8e4f8d000 ---p 00003000 08:02 14947390                   /usr/lib/libcom_err.so.2.1
7fe8e4f8d000-7fe8e4f8e000 r--p 00002000 08:02 14947390                   /usr/lib/libcom_err.so.2.1
7fe8e4f8e000-7fe8e4f8f000 rw-p 00003000 08:02 14947390                   /usr/lib/libcom_err.so.2.1
7fe8e4f8f000-7fe8e4fbd000 r-xp 00000000 08:02 14947483                   /usr/lib/libk5crypto.so.3.1
7fe8e4fbd000-7fe8e51bc000 ---p 0002e000 08:02 14947483                   /usr/lib/libk5crypto.so.3.1
7fe8e51bc000-7fe8e51be000 r--p 0002d000 08:02 14947483                   /usr/lib/libk5crypto.so.3.1
7fe8e51be000-7fe8e51bf000 rw-p 0002f000 08:02 14947483                   /usr/lib/libk5crypto.so.3.1
7fe8e51bf000-7fe8e51c0000 rw-p 00000000 00:00 0 
7fe8e51c0000-7fe8e5295000 r-xp 00000000 08:02 14947492                   /usr/lib/libkrb5.so.3.3
7fe8e5295000-7fe8e5495000 ---p 000d5000 08:02 14947492                   /usr/lib/libkrb5.so.3.3
7fe8e5495000-7fe8e54a2000 r--p 000d5000 08:02 14947492                   /usr/lib/libkrb5.so.3.3
7fe8e54a2000-7fe8e54a5000 rw-p 000e2000 08:02 14947492                   /usr/lib/libkrb5.so.3.3
7fe8e54a5000-7fe8e54ef000 r-xp 00000000 08:02 14947465                   /usr/lib/libgssapi_krb5.so.2.2
7fe8e54ef000-7fe8e56ee000 ---p 0004a000 08:02 14947465                   /usr/lib/libgssapi_krb5.so.2.2
7fe8e56ee000-7fe8e56f0000 r--p 00049000 08:02 14947465                   /usr/lib/libgssapi_krb5.so.2.2
7fe8e56f0000-7fe8e56f2000 rw-p 0004b000 08:02 14947465                   /usr/lib/libgssapi_krb5.so.2.2
7fe8e56f2000-7fe8e5713000 r-xp 00000000 08:02 14947661                   /usr/lib/libxcb.so.1.1.0
7fe8e5713000-7fe8e5913000 ---p 00021000 08:02 14947661                   /usr/lib/libxcb.so.1.1.0
7fe8e5913000-7fe8e5914000 r--p 00021000 08:02 14947661                   /usr/lib/libxcb.so.1.1.0
7fe8e5914000-7fe8e5915000 rw-p 00022000 08:02 14947661                   /usr/lib/libxcb.so.1.1.0
7fe8e5915000-7fe8e5a21000 r-xp 00000000 08:02 14945764                   /usr/lib/libglib-2.0.so.0.4600.2
7fe8e5a21000-7fe8e5c20000 ---p 0010c000 08:02 14945764                   /usr/lib/libglib-2.0.so.0.4600.2
7fe8e5c20000-7fe8e5c21000 r--p 0010b000 08:02 14945764                   /usr/lib/libglib-2.0.so.0.4600.2
7fe8e5c21000-7fe8e5c22000 rw-p 0010c000 08:02 14945764                   /usr/lib/libglib-2.0.so.0.4600.2
7fe8e5c22000-7fe8e5c23000 rw-p 00000000 00:00 0 
7fe8e5c23000-7fe8e5c74000 r-xp 00000000 08:02 14945769                   /usr/lib/libgobject-2.0.so.0.4600.2
7fe8e5c74000-7fe8e5e73000 ---p 00051000 08:02 14945769                   /usr/lib/libgobject-2.0.so.0.4600.2
7fe8e5e73000-7fe8e5e74000 r--p 00050000 08:02 14945769                   /usr/lib/libgobject-2.0.so.0.4600.2
7fe8e5e74000-7fe8e5e75000 rw-p 00051000 08:02 14945769                   /usr/lib/libgobject-2.0.so.0.4600.2
7fe8e5e75000-7fe8e5fed000 r-xp 00000000 08:02 14945770                   /usr/lib/libgio-2.0.so.0.4600.2
7fe8e5fed000-7fe8e61ec000 ---p 00178000 08:02 14945770                   /usr/lib/libgio-2.0.so.0.4600.2
7fe8e61ec000-7fe8e61f0000 r--p 00177000 08:02 14945770                   /usr/lib/libgio-2.0.so.0.4600.2
7fe8e61f0000-7fe8e61f2000 rw-p 0017b000 08:02 14945770                   /usr/lib/libgio-2.0.so.0.4600.2
7fe8e61f2000-7fe8e61f4000 rw-p 00000000 00:00 0 
7fe8e61f4000-7fe8e62ab000 r-xp 00000000 08:02 14956821                   /usr/lib/libfreetype.so.6.12.1
7fe8e62ab000-7fe8e64aa000 ---p 000b7000 08:02 14956821                   /usr/lib/libfreetype.so.6.12.1
7fe8e64aa000-7fe8e64b0000 r--p 000b6000 08:02 14956821                   /usr/lib/libfreetype.so.6.12.1
7fe8e64b0000-7fe8e64b1000 rw-p 000bc000 08:02 14956821                   /usr/lib/libfreetype.so.6.12.1
7fe8e64b1000-7fe8e64ee000 r-xp 00000000 08:02 14956159                   /usr/lib/libfontconfig.so.1.8.0
7fe8e64ee000-7fe8e66ed000 ---p 0003d000 08:02 14956159                   /usr/lib/libfontconfig.so.1.8.0
7fe8e66ed000-7fe8e66ef000 r--p 0003c000 08:02 14956159                   /usr/lib/libfontconfig.so.1.8.0
7fe8e66ef000-7fe8e66f0000 rw-p 0003e000 08:02 14956159                   /usr/lib/libfontconfig.so.1.8.0
7fe8e66f0000-7fe8e676a000 r-xp 00000000 08:02 14956104                   /usr/lib/libcups.so.2
7fe8e676a000-7fe8e696a000 ---p 0007a000 08:02 14956104                   /usr/lib/libcups.so.2
7fe8e696a000-7fe8e6972000 rw-p 0007a000 08:02 14956104                   /usr/lib/libcups.so.2
7fe8e6972000-7fe8e6981000 r-xp 00000000 08:02 14955984                   /usr/lib/libXi.so.6.1.0
7fe8e6981000-7fe8e6b80000 ---p 0000f000 08:02 14955984                   /usr/lib/libXi.so.6.1.0
7fe8e6b80000-7fe8e6b81000 r--p 0000e000 08:02 14955984                   /usr/lib/libXi.so.6.1.0
7fe8e6b81000-7fe8e6b82000 rw-p 0000f000 08:02 14955984                   /usr/lib/libXi.so.6.1.0
7fe8e6b82000-7fe8e6b87000 r-xp 00000000 08:02 14955993                   /usr/lib/libXtst.so.6.1.0
7fe8e6b87000-7fe8e6d86000 ---p 00005000 08:02 14955993                   /usr/lib/libXtst.so.6.1.0
7fe8e6d86000-7fe8e6d87000 r--p 00004000 08:02 14955993                   /usr/lib/libXtst.so.6.1.0
7fe8e6d87000-7fe8e6d88000 rw-p 00005000 08:02 14955993                   /usr/lib/libXtst.so.6.1.0
7fe8e6d88000-7fe8e6d91000 r-xp 00000000 08:02 14955990                   /usr/lib/libXrender.so.1.3.0
7fe8e6d91000-7fe8e6f90000 ---p 00009000 08:02 14955990                   /usr/lib/libXrender.so.1.3.0
7fe8e6f90000-7fe8e6f91000 r--p 00008000 08:02 14955990                   /usr/lib/libXrender.so.1.3.0
7fe8e6f91000-7fe8e6f92000 rw-p 00009000 08:02 14955990                   /usr/lib/libXrender.so.1.3.0
7fe8e6f92000-7fe8e70cd000 r-xp 00000000 08:02 14947357                   /usr/lib/libX11.so.6.3.0
7fe8e70cd000-7fe8e72cc000 ---p 0013b000 08:02 14947357                   /usr/lib/libX11.so.6.3.0
7fe8e72cc000-7fe8e72ce000 r--p 0013a000 08:02 14947357                   /usr/lib/libX11.so.6.3.0
7fe8e72ce000-7fe8e72d3000 rw-p 0013c000 08:02 14947357                   /usr/lib/libX11.so.6.3.0
7fe8e72d3000-7fe8e72d4000 rw-p 00000000 00:00 0 
7fe8e72d4000-7fe8e72e5000 r-xp 00000000 08:02 14947361                   /usr/lib/libXext.so.6.4.0
7fe8e72e5000-7fe8e74e4000 ---p 00011000 08:02 14947361                   /usr/lib/libXext.so.6.4.0
7fe8e74e4000-7fe8e74e5000 r--p 00010000 08:02 14947361                   /usr/lib/libXext.so.6.4.0
7fe8e74e5000-7fe8e74e6000 rw-p 00011000 08:02 14947361                   /usr/lib/libXext.so.6.4.0
7fe8e74e6000-7fe8e752d000 r-xp 00000000 08:02 16130267                   /usr/lib/jvm/java-7-openjdk/jre/lib/amd64/xawt/libmawt.so
7fe8e752d000-7fe8e772d000 ---p 00047000 08:02 16130267                   /usr/lib/jvm/java-7-openjdk/jre/lib/amd64/xawt/libmawt.so
7fe8e772d000-7fe8e7730000 rw-p 00047000 08:02 16130267                   /usr/lib/jvm/java-7-openjdk/jre/lib/amd64/xawt/libmawt.so
7fe8e7730000-7fe8e7731000 rw-p 00000000 00:00 0 
7fe8e7731000-7fe8e77cf000 r-xp 00000000 08:02 15742067                   /usr/lib/jvm/java-7-openjdk/jre/lib/amd64/libawt.so
7fe8e77cf000-7fe8e79cf000 ---p 0009e000 08:02 15742067                   /usr/lib/jvm/java-7-openjdk/jre/lib/amd64/libawt.so
7fe8e79cf000-7fe8e79db000 rw-p 0009e000 08:02 15742067                   /usr/lib/jvm/java-7-openjdk/jre/lib/amd64/libawt.so
7fe8e79db000-7fe8e79ff000 rw-p 00000000 00:00 0 
7fe8e79ff000-7fe8e7a00000 ---p 00000000 00:00 0 
7fe8e7a00000-7fe8e7b00000 rw-p 00000000 00:00 0                          [stack:14651]
7fe8e7b00000-7fe8e7b03000 ---p 00000000 00:00 0 
7fe8e7b03000-7fe8e7c01000 rw-p 00000000 00:00 0                          [stack:14650]
7fe8e7c01000-7fe8e7c04000 ---p 00000000 00:00 0 
7fe8e7c04000-7fe8e7d02000 rw-p 00000000 00:00 0                          [stack:14649]
7fe8e7d02000-7fe8e8000000 r--p 00000000 08:02 14956685                   /usr/lib/locale/locale-archive
7fe8e8000000-7fe8e8021000 rw-p 00000000 00:00 0 
7fe8e8021000-7fe8ec000000 ---p 00000000 00:00 0 
7fe8ec038000-7fe8ec0b7000 r-xp 00000000 08:02 14947608                   /usr/lib/libsystemd.so.0.12.0
7fe8ec0b7000-7fe8ec0b8000 ---p 0007f000 08:02 14947608                   /usr/lib/libsystemd.so.0.12.0
7fe8ec0b8000-7fe8ec0bb000 r--p 0007f000 08:02 14947608                   /usr/lib/libsystemd.so.0.12.0
7fe8ec0bb000-7fe8ec0bc000 rw-p 00082000 08:02 14947608                   /usr/lib/libsystemd.so.0.12.0
7fe8ec0c1000-7fe8ec0f1000 r--p 00000000 08:02 15467783                   /usr/share/locale/ru/LC_MESSAGES/libc.mo
7fe8ec0f1000-7fe8ec0f4000 ---p 00000000 00:00 0 
7fe8ec0f4000-7fe8ec1f2000 rw-p 00000000 00:00 0                          [stack:14648]
7fe8ec1f2000-7fe8ec1f5000 ---p 00000000 00:00 0 
7fe8ec1f5000-7fe8ec2f3000 rw-p 00000000 00:00 0                          [stack:14647]
7fe8ec2f3000-7fe8ec2f6000 ---p 00000000 00:00 0 
7fe8ec2f6000-7fe8ec3f4000 rw-p 00000000 00:00 0                          [stack:14646]
7fe8ec3f4000-7fe8ec3f7000 ---p 00000000 00:00 0 
7fe8ec3f7000-7fe8ec4f5000 rw-p 00000000 00:00 0                          [stack:14645]
7fe8ec4f5000-7fe8ec4f6000 ---p 00000000 00:00 0 
7fe8ec4f6000-7fe8ed000000 rw-p 00000000 00:00 0                          [stack:14644]
7fe8ed000000-7fe8ed270000 rwxp 00000000 00:00 0 
7fe8ed270000-7fe8f02b2000 rw-p 00000000 00:00 0 
7fe8f02b2000-7fe8f4000000 ---p 00000000 00:00 0 
7fe8f4004000-7fe8f4005000 rw-p 00000000 00:00 0 
7fe8f4005000-7fe8f400f000 r--s 000ae000 08:02 15740968                   /usr/lib/jvm/java-7-openjdk/jre/lib/resources.jar
7fe8f400f000-7fe8f4010000 r--s 00009000 08:02 2622325                    /home/fedor-m/.m2/repository/org/bytedeco/javacpp-presets/flandmark/1.07-1.1/flandmark-1.07-1.1-linux-x86_64.jar
7fe8f4010000-7fe8f4011000 r--s 00002000 08:02 2622323                    /home/fedor-m/.m2/repository/org/bytedeco/javacpp-presets/flandmark/1.07-1.1/flandmark-1.07-1.1.jar
7fe8f4011000-7fe8f4013000 r--s 0002a000 08:02 2622321                    /home/fedor-m/.m2/repository/org/bytedeco/javacpp-presets/artoolkitplus/2.3.1-1.1/artoolkitplus-2.3.1-1.1-linux-x86_64.jar
7fe8f4013000-7fe8f4014000 r--s 00005000 08:02 2622319                    /home/fedor-m/.m2/repository/org/bytedeco/javacpp-presets/artoolkitplus/2.3.1-1.1/artoolkitplus-2.3.1-1.1.jar
7fe8f4014000-7fe8f4015000 r--s 00000000 08:02 2622317                    /home/fedor-m/.m2/repository/org/bytedeco/javacpp-presets/videoinput/0.200-1.1/videoinput-0.200-1.1-linux-x86_64.jar
7fe8f4015000-7fe8f4016000 r--s 00003000 08:02 2622315                    /home/fedor-m/.m2/repository/org/bytedeco/javacpp-presets/videoinput/0.200-1.1/videoinput-0.200-1.1.jar
7fe8f4016000-7fe8f4017000 r--s 00014000 08:02 2622313                    /home/fedor-m/.m2/repository/org/bytedeco/javacpp-presets/libfreenect/0.5.3-1.1/libfreenect-0.5.3-1.1-linux-x86_64.jar
7fe8f4017000-7fe8f4019000 r--s 00004000 08:02 2622311                    /home/fedor-m/.m2/repository/org/bytedeco/javacpp-presets/libfreenect/0.5.3-1.1/libfreenect-0.5.3-1.1.jar
7fe8f4019000-7fe8f401a000 r--s 00027000 08:02 2622309                    /home/fedor-m/.m2/repository/org/bytedeco/javacpp-presets/libdc1394/2.2.3-1.1/libdc1394-2.2.3-1.1-linux-x86_64.jar
7fe8f401a000-7fe8f401c000 r--s 00006000 08:02 2622307                    /home/fedor-m/.m2/repository/org/bytedeco/javacpp-presets/libdc1394/2.2.3-1.1/libdc1394-2.2.3-1.1.jar
7fe8f401c000-7fe8f401e000 r--s 0003a000 08:02 2622305                    /home/fedor-m/.m2/repository/org/bytedeco/javacpp-presets/flycapture/2.8.3.1-1.1/flycapture-2.8.3.1-1.1-linux-x86_64.jar
7fe8f401e000-7fe8f4022000 r--s 0001f000 08:02 2622303                    /home/fedor-m/.m2/repository/org/bytedeco/javacpp-presets/flycapture/2.8.3.1-1.1/flycapture-2.8.3.1-1.1.jar
7fe8f4022000-7fe8f4029000 r--s 00033000 08:02 2622299                    /home/fedor-m/.m2/repository/org/bytedeco/javacpp-presets/ffmpeg/2.8.1-1.1/ffmpeg-2.8.1-1.1.jar
7fe8f4029000-7fe8f402b000 r--s 0076b000 08:02 2622297                    /home/fedor-m/.m2/repository/org/bytedeco/javacpp-presets/opencv/3.0.0-1.1/opencv-3.0.0-1.1-linux-x86_64.jar
7fe8f402b000-7fe8f403a000 r--s 00088000 08:02 2622295                    /home/fedor-m/.m2/repository/org/bytedeco/javacpp-presets/opencv/3.0.0-1.1/opencv-3.0.0-1.1.jar
7fe8f403a000-7fe8f403e000 r--s 0003a000 08:02 2622327                    /home/fedor-m/.m2/repository/org/bytedeco/javacpp/1.1/javacpp-1.1.jar
7fe8f403e000-7fe8f4049000 r--s 00203000 08:02 15740966                   /usr/lib/jvm/java-7-openjdk/jre/lib/charsets.jar
7fe8f4049000-7fe8f463c000 rw-p 00000000 00:00 0 
7fe8f463c000-7fe8f47ee000 r--s 01d2e000 08:02 15740967                   /usr/lib/jvm/java-7-openjdk/jre/lib/rt.jar
7fe8f47ee000-7fe8f4d12000 rw-p 00000000 00:00 0 
7fe8f4d12000-7fe8f4d13000 ---p 00000000 00:00 0 
7fe8f4d13000-7fe8f4e13000 rw-p 00000000 00:00 0                          [stack:14643]
7fe8f4e13000-7fe8f4e14000 ---p 00000000 00:00 0 
7fe8f4e14000-7fe8f4f14000 rw-p 00000000 00:00 0                          [stack:14642]
7fe8f4f14000-7fe8f4f15000 ---p 00000000 00:00 0 
7fe8f4f15000-7fe8f5015000 rw-p 00000000 00:00 0                          [stack:14641]
7fe8f5015000-7fe8f5016000 ---p 00000000 00:00 0 
7fe8f5016000-7fe8f5121000 rw-p 00000000 00:00 0                          [stack:14640]
7fe8f5121000-7fe8f5169000 rw-p 00000000 00:00 0 
7fe8f5169000-7fe8f5192000 rw-p 00000000 00:00 0 
7fe8f5192000-7fe8f53f9000 rw-p 00000000 00:00 0 
7fe8f53f9000-7fe8f5404000 rw-p 00000000 00:00 0 
7fe8f5404000-7fe8f544c000 rw-p 00000000 00:00 0 
7fe8f544c000-7fe8f5475000 rw-p 00000000 00:00 0 
7fe8f5475000-7fe8f56dc000 rw-p 00000000 00:00 0 
7fe8f56dc000-7fe8f5747000 rw-p 00000000 00:00 0 
7fe8f5747000-7fe8f575c000 ---p 00000000 00:00 0 
7fe8f575c000-7fe8f5824000 rw-p 00000000 00:00 0 
7fe8f5824000-7fe8f5825000 rw-p 00000000 00:00 0 
7fe8f5825000-7fe8f582d000 r-xp 00000000 08:02 15742053                   /usr/lib/jvm/java-7-openjdk/jre/lib/amd64/libzip.so
7fe8f582d000-7fe8f5a2c000 ---p 00008000 08:02 15742053                   /usr/lib/jvm/java-7-openjdk/jre/lib/amd64/libzip.so
7fe8f5a2c000-7fe8f5a2d000 rw-p 00007000 08:02 15742053                   /usr/lib/jvm/java-7-openjdk/jre/lib/amd64/libzip.so
7fe8f5a2d000-7fe8f5a38000 r-xp 00000000 08:02 14947543                   /usr/lib/libnss_files-2.22.so
7fe8f5a38000-7fe8f5c37000 ---p 0000b000 08:02 14947543                   /usr/lib/libnss_files-2.22.so
7fe8f5c37000-7fe8f5c38000 r--p 0000a000 08:02 14947543                   /usr/lib/libnss_files-2.22.so
7fe8f5c38000-7fe8f5c39000 rw-p 0000b000 08:02 14947543                   /usr/lib/libnss_files-2.22.so
7fe8f5c39000-7fe8f5c3f000 rw-p 00000000 00:00 0 
7fe8f5c3f000-7fe8f5c6a000 r-xp 00000000 08:02 15742052                   /usr/lib/jvm/java-7-openjdk/jre/lib/amd64/libjava.so
7fe8f5c6a000-7fe8f5e6a000 ---p 0002b000 08:02 15742052                   /usr/lib/jvm/java-7-openjdk/jre/lib/amd64/libjava.so
7fe8f5e6a000-7fe8f5e6c000 rw-p 0002b000 08:02 15742052                   /usr/lib/jvm/java-7-openjdk/jre/lib/amd64/libjava.so
7fe8f5e6c000-7fe8f5e79000 r-xp 00000000 08:02 15742051                   /usr/lib/jvm/java-7-openjdk/jre/lib/amd64/libverify.so
7fe8f5e79000-7fe8f6078000 ---p 0000d000 08:02 15742051                   /usr/lib/jvm/java-7-openjdk/jre/lib/amd64/libverify.so
7fe8f6078000-7fe8f607a000 rw-p 0000c000 08:02 15742051                   /usr/lib/jvm/java-7-openjdk/jre/lib/amd64/libverify.so
7fe8f607a000-7fe8f6081000 r-xp 00000000 08:02 14947594                   /usr/lib/librt-2.22.so
7fe8f6081000-7fe8f6280000 ---p 00007000 08:02 14947594                   /usr/lib/librt-2.22.so
7fe8f6280000-7fe8f6281000 r--p 00006000 08:02 14947594                   /usr/lib/librt-2.22.so
7fe8f6281000-7fe8f6282000 rw-p 00007000 08:02 14947594                   /usr/lib/librt-2.22.so
7fe8f6282000-7fe8f6298000 r-xp 00000000 08:02 14947443                   /usr/lib/libgcc_s.so.1
7fe8f6298000-7fe8f6497000 ---p 00016000 08:02 14947443                   /usr/lib/libgcc_s.so.1
7fe8f6497000-7fe8f6498000 rw-p 00015000 08:02 14947443                   /usr/lib/libgcc_s.so.1
7fe8f6498000-7fe8f6595000 r-xp 00000000 08:02 14947504                   /usr/lib/libm-2.22.so
7fe8f6595000-7fe8f6794000 ---p 000fd000 08:02 14947504                   /usr/lib/libm-2.22.so
7fe8f6794000-7fe8f6795000 r--p 000fc000 08:02 14947504                   /usr/lib/libm-2.22.so
7fe8f6795000-7fe8f6796000 rw-p 000fd000 08:02 14947504                   /usr/lib/libm-2.22.so
7fe8f6796000-7fe8f6908000 r-xp 00000000 08:02 14947606                   /usr/lib/libstdc++.so.6.0.21
7fe8f6908000-7fe8f6b08000 ---p 00172000 08:02 14947606                   /usr/lib/libstdc++.so.6.0.21
7fe8f6b08000-7fe8f6b12000 r--p 00172000 08:02 14947606                   /usr/lib/libstdc++.so.6.0.21
7fe8f6b12000-7fe8f6b14000 rw-p 0017c000 08:02 14947606                   /usr/lib/libstdc++.so.6.0.21
7fe8f6b14000-7fe8f6b18000 rw-p 00000000 00:00 0 
7fe8f6b18000-7fe8f7668000 r-xp 00000000 08:02 16130264                   /usr/lib/jvm/java-7-openjdk/jre/lib/amd64/server/libjvm.so
7fe8f7668000-7fe8f7867000 ---p 00b50000 08:02 16130264                   /usr/lib/jvm/java-7-openjdk/jre/lib/amd64/server/libjvm.so
7fe8f7867000-7fe8f791b000 rw-p 00b4f000 08:02 16130264                   /usr/lib/jvm/java-7-openjdk/jre/lib/amd64/server/libjvm.so
7fe8f791b000-7fe8f7946000 rw-p 00000000 00:00 0 
7fe8f7946000-7fe8f795b000 r-xp 00000000 08:02 14947665                   /usr/lib/libz.so.1.2.8
7fe8f795b000-7fe8f7b5a000 ---p 00015000 08:02 14947665                   /usr/lib/libz.so.1.2.8
7fe8f7b5a000-7fe8f7b5b000 r--p 00014000 08:02 14947665                   /usr/lib/libz.so.1.2.8
7fe8f7b5b000-7fe8f7b5c000 rw-p 00015000 08:02 14947665                   /usr/lib/libz.so.1.2.8
7fe8f7b5c000-7fe8f7cf7000 r-xp 00000000 08:02 14947381                   /usr/lib/libc-2.22.so
7fe8f7cf7000-7fe8f7ef6000 ---p 0019b000 08:02 14947381                   /usr/lib/libc-2.22.so
7fe8f7ef6000-7fe8f7efa000 r--p 0019a000 08:02 14947381                   /usr/lib/libc-2.22.so
7fe8f7efa000-7fe8f7efc000 rw-p 0019e000 08:02 14947381                   /usr/lib/libc-2.22.so
7fe8f7efc000-7fe8f7f00000 rw-p 00000000 00:00 0 
7fe8f7f00000-7fe8f7f03000 r-xp 00000000 08:02 14947409                   /usr/lib/libdl-2.22.so
7fe8f7f03000-7fe8f8102000 ---p 00003000 08:02 14947409                   /usr/lib/libdl-2.22.so
7fe8f8102000-7fe8f8103000 r--p 00002000 08:02 14947409                   /usr/lib/libdl-2.22.so
7fe8f8103000-7fe8f8104000 rw-p 00003000 08:02 14947409                   /usr/lib/libdl-2.22.so
7fe8f8104000-7fe8f8111000 r-xp 00000000 08:02 16128183                   /usr/lib/jvm/java-7-openjdk/jre/lib/amd64/jli/libjli.so
7fe8f8111000-7fe8f8310000 ---p 0000d000 08:02 16128183                   /usr/lib/jvm/java-7-openjdk/jre/lib/amd64/jli/libjli.so
7fe8f8310000-7fe8f8311000 rw-p 0000c000 08:02 16128183                   /usr/lib/jvm/java-7-openjdk/jre/lib/amd64/jli/libjli.so
7fe8f8311000-7fe8f8329000 r-xp 00000000 08:02 14947580                   /usr/lib/libpthread-2.22.so
7fe8f8329000-7fe8f8528000 ---p 00018000 08:02 14947580                   /usr/lib/libpthread-2.22.so
7fe8f8528000-7fe8f8529000 r--p 00017000 08:02 14947580                   /usr/lib/libpthread-2.22.so
7fe8f8529000-7fe8f852a000 rw-p 00018000 08:02 14947580                   /usr/lib/libpthread-2.22.so
7fe8f852a000-7fe8f852e000 rw-p 00000000 00:00 0 
7fe8f852e000-7fe8f8550000 r-xp 00000000 08:02 14947350                   /usr/lib/ld-2.22.so
7fe8f8550000-7fe8f8554000 r--s 00056000 08:02 53087107                   /home/fedor-m/.m2/repository/org/bytedeco/javacv/1.1/javacv-1.1.jar
7fe8f8554000-7fe8f855e000 rw-p 00000000 00:00 0 
7fe8f855e000-7fe8f8614000 rw-p 00000000 00:00 0 
7fe8f8614000-7fe8f8617000 ---p 00000000 00:00 0 
7fe8f8617000-7fe8f8719000 rw-p 00000000 00:00 0                          [stack:14639]
7fe8f8719000-7fe8f871a000 r--s 00a24000 08:02 2622301                    /home/fedor-m/.m2/repository/org/bytedeco/javacpp-presets/ffmpeg/2.8.1-1.1/ffmpeg-2.8.1-1.1-linux-x86_64.jar
7fe8f871a000-7fe8f8744000 rw-p 00000000 00:00 0 
7fe8f8744000-7fe8f874c000 rw-s 00000000 00:22 32                         /tmp/hsperfdata_fedor-m/14634
7fe8f874c000-7fe8f874d000 rw-p 00000000 00:00 0 
7fe8f874d000-7fe8f874e000 r--p 00000000 00:00 0 
7fe8f874e000-7fe8f874f000 rw-p 00000000 00:00 0 
7fe8f874f000-7fe8f8750000 r--p 00021000 08:02 14947350                   /usr/lib/ld-2.22.so
7fe8f8750000-7fe8f8751000 rw-p 00022000 08:02 14947350                   /usr/lib/ld-2.22.so
7fe8f8751000-7fe8f8752000 rw-p 00000000 00:00 0 
7fff3b5ee000-7fff3b60f000 rw-p 00000000 00:00 0                          [stack]
7fff3b62f000-7fff3b631000 r--p 00000000 00:00 0                          [vvar]
7fff3b631000-7fff3b633000 r-xp 00000000 00:00 0                          [vdso]
ffffffffff600000-ffffffffff601000 r-xp 00000000 00:00 0                  [vsyscall]

VM Arguments:
jvm_args: -Dfile.encoding=UTF-8 
java_command: ru.ang5545.scanning_system_2.App
Launcher Type: SUN_STANDARD

Environment Variables:
JAVA_HOME=/usr/lib/jvm/java-8-openjdk
JRE_HOME=/usr/lib/jvm/java-8-openjdk
PATH=/usr/local/sbin:/usr/local/bin:/usr/bin:/home/fedor-m/bin:/usr/lib/jvm/java-8-openjdk/bin:/home/fedor-m/bin:/usr/lib/jvm/java-8-openjdk/bin:/usr/lib/jvm/default/bin:/usr/bin/site_perl:/usr/bin/vendor_perl:/usr/bin/core_perl
LD_LIBRARY_PATH=\/usr\/lib
SHELL=/bin/bash
DISPLAY=:0.0

Signal Handlers:
SIGSEGV: [libjvm.so+0x995100], sa_mask[0]=0x7ffbfeff, sa_flags=0x10000004
SIGBUS: [libjvm.so+0x995100], sa_mask[0]=0x7ffbfeff, sa_flags=0x10000004
SIGFPE: [libjvm.so+0x7fc350], sa_mask[0]=0x7ffbfeff, sa_flags=0x10000004
SIGPIPE: [libjvm.so+0x7fc350], sa_mask[0]=0x7ffbfeff, sa_flags=0x10000004
SIGXFSZ: [libjvm.so+0x7fc350], sa_mask[0]=0x7ffbfeff, sa_flags=0x10000004
SIGILL: [libjvm.so+0x7fc350], sa_mask[0]=0x7ffbfeff, sa_flags=0x10000004
SIGUSR1: SIG_DFL, sa_mask[0]=0x00000000, sa_flags=0x00000000
SIGUSR2: [libjvm.so+0x7fc1d0], sa_mask[0]=0x00000004, sa_flags=0x10000004
SIGHUP: [libjvm.so+0x7fc360], sa_mask[0]=0x7ffbfeff, sa_flags=0x10000004
SIGINT: [libjvm.so+0x7fc360], sa_mask[0]=0x7ffbfeff, sa_flags=0x10000004
SIGTERM: [libjvm.so+0x7fc360], sa_mask[0]=0x7ffbfeff, sa_flags=0x10000004
SIGQUIT: [libjvm.so+0x7fc360], sa_mask[0]=0x7ffbfeff, sa_flags=0x10000004
SIGTRAP: SIG_DFL, sa_mask[0]=0x00000000, sa_flags=0x00000000


---------------  S Y S T E M  ---------------

OS:ManjaroLinux 15.09 (Bellatrix)
uname:Linux 4.1.13-1-MANJARO #1 SMP PREEMPT Tue Nov 10 22:11:15 UTC 2015 x86_64
libc:glibc 2.22 NPTL 2.22 
rlimit: STACK 8192k, CORE 0k, NPROC 30594, NOFILE 4096, AS infinity
load average:0,67 0,41 0,35

/proc/meminfo:
MemTotal:        8059640 kB
MemFree:         3186056 kB
MemAvailable:    5044712 kB
Buffers:          293248 kB
Cached:          1708828 kB
SwapCached:            0 kB
Active:          3406840 kB
Inactive:        1088996 kB
Active(anon):    2523000 kB
Inactive(anon):   289716 kB
Active(file):     883840 kB
Inactive(file):   799280 kB
Unevictable:         136 kB
Mlocked:             136 kB
SwapTotal:       9227464 kB
SwapFree:        9227464 kB
Dirty:               336 kB
Writeback:             0 kB
AnonPages:       2493952 kB
Mapped:           570188 kB
Shmem:            318960 kB
Slab:             249676 kB
SReclaimable:     217800 kB
SUnreclaim:        31876 kB
KernelStack:        7952 kB
PageTables:        39656 kB
NFS_Unstable:          0 kB
Bounce:                0 kB
WritebackTmp:          0 kB
CommitLimit:    13257284 kB
Committed_AS:    5834940 kB
VmallocTotal:   34359738367 kB
VmallocUsed:      385780 kB
VmallocChunk:   34358947836 kB
HardwareCorrupted:     0 kB
AnonHugePages:   1544192 kB
HugePages_Total:       0
HugePages_Free:        0
HugePages_Rsvd:        0
HugePages_Surp:        0
Hugepagesize:       2048 kB
DirectMap4k:      137136 kB
DirectMap2M:     7081984 kB
DirectMap1G:     2097152 kB


CPU:total 4 (4 cores per cpu, 1 threads per core) family 6 model 60 stepping 3, cmov, cx8, fxsr, mmx, sse, sse2, sse3, ssse3, sse4.1, sse4.2, popcnt, avx, avx2, aes, erms, tsc, tscinvbit

/proc/cpuinfo:
processor	: 0
vendor_id	: GenuineIntel
cpu family	: 6
model		: 60
model name	: Intel(R) Core(TM) i5-4440 CPU @ 3.10GHz
stepping	: 3
microcode	: 0x1c
cpu MHz		: 3280.308
cache size	: 6144 KB
physical id	: 0
siblings	: 4
core id		: 0
cpu cores	: 4
apicid		: 0
initial apicid	: 0
fpu		: yes
fpu_exception	: yes
cpuid level	: 13
wp		: yes
flags		: fpu vme de pse tsc msr pae mce cx8 apic sep mtrr pge mca cmov pat pse36 clflush dts acpi mmx fxsr sse sse2 ss ht tm pbe syscall nx pdpe1gb rdtscp lm constant_tsc arch_perfmon pebs bts rep_good nopl xtopology nonstop_tsc aperfmperf eagerfpu pni pclmulqdq dtes64 monitor ds_cpl vmx est tm2 ssse3 fma cx16 xtpr pdcm pcid sse4_1 sse4_2 x2apic movbe popcnt tsc_deadline_timer aes xsave avx f16c rdrand lahf_lm abm ida arat pln pts dtherm tpr_shadow vnmi flexpriority ept vpid fsgsbase tsc_adjust bmi1 avx2 smep bmi2 erms invpcid xsaveopt
bugs		:
bogomips	: 6188.51
clflush size	: 64
cache_alignment	: 64
address sizes	: 39 bits physical, 48 bits virtual
power management:

processor	: 1
vendor_id	: GenuineIntel
cpu family	: 6
model		: 60
model name	: Intel(R) Core(TM) i5-4440 CPU @ 3.10GHz
stepping	: 3
microcode	: 0x1c
cpu MHz		: 3179.679
cache size	: 6144 KB
physical id	: 0
siblings	: 4
core id		: 1
cpu cores	: 4
apicid		: 2
initial apicid	: 2
fpu		: yes
fpu_exception	: yes
cpuid level	: 13
wp		: yes
flags		: fpu vme de pse tsc msr pae mce cx8 apic sep mtrr pge mca cmov pat pse36 clflush dts acpi mmx fxsr sse sse2 ss ht tm pbe syscall nx pdpe1gb rdtscp lm constant_tsc arch_perfmon pebs bts rep_good nopl xtopology nonstop_tsc aperfmperf eagerfpu pni pclmulqdq dtes64 monitor ds_cpl vmx est tm2 ssse3 fma cx16 xtpr pdcm pcid sse4_1 sse4_2 x2apic movbe popcnt tsc_deadline_timer aes xsave avx f16c rdrand lahf_lm abm ida arat pln pts dtherm tpr_shadow vnmi flexpriority ept vpid fsgsbase tsc_adjust bmi1 avx2 smep bmi2 erms invpcid xsaveopt
bugs		:
bogomips	: 6188.51
clflush size	: 64
cache_alignment	: 64
address sizes	: 39 bits physical, 48 bits virtual
power management:

processor	: 2
vendor_id	: GenuineIntel
cpu family	: 6
model		: 60
model name	: Intel(R) Core(TM) i5-4440 CPU @ 3.10GHz
stepping	: 3
microcode	: 0x1c
cpu MHz		: 3299.199
cache size	: 6144 KB
physical id	: 0
siblings	: 4
core id		: 2
cpu cores	: 4
apicid		: 4
initial apicid	: 4
fpu		: yes
fpu_exception	: yes
cpuid level	: 13
wp		: yes
flags		: fpu vme de pse tsc msr pae mce cx8 apic sep mtrr pge mca cmov pat pse36 clflush dts acpi mmx fxsr sse sse2 ss ht tm pbe syscall nx pdpe1gb rdtscp lm constant_tsc arch_perfmon pebs bts rep_good nopl xtopology nonstop_tsc aperfmperf eagerfpu pni pclmulqdq dtes64 monitor ds_cpl vmx est tm2 ssse3 fma cx16 xtpr pdcm pcid sse4_1 sse4_2 x2apic movbe popcnt tsc_deadline_timer aes xsave avx f16c rdrand lahf_lm abm ida arat pln pts dtherm tpr_shadow vnmi flexpriority ept vpid fsgsbase tsc_adjust bmi1 avx2 smep bmi2 erms invpcid xsaveopt
bugs		:
bogomips	: 6188.51
clflush size	: 64
cache_alignment	: 64
address sizes	: 39 bits physical, 48 bits virtual
power management:

processor	: 3
vendor_id	: GenuineIntel
cpu family	: 6
model		: 60
model name	: Intel(R) Core(TM) i5-4440 CPU @ 3.10GHz
stepping	: 3
microcode	: 0x1c
cpu MHz		: 3251.488
cache size	: 6144 KB
physical id	: 0
siblings	: 4
core id		: 3
cpu cores	: 4
apicid		: 6
initial apicid	: 6
fpu		: yes
fpu_exception	: yes
cpuid level	: 13
wp		: yes
flags		: fpu vme de pse tsc msr pae mce cx8 apic sep mtrr pge mca cmov pat pse36 clflush dts acpi mmx fxsr sse sse2 ss ht tm pbe syscall nx pdpe1gb rdtscp lm constant_tsc arch_perfmon pebs bts rep_good nopl xtopology nonstop_tsc aperfmperf eagerfpu pni pclmulqdq dtes64 monitor ds_cpl vmx est tm2 ssse3 fma cx16 xtpr pdcm pcid sse4_1 sse4_2 x2apic movbe popcnt tsc_deadline_timer aes xsave avx f16c rdrand lahf_lm abm ida arat pln pts dtherm tpr_shadow vnmi flexpriority ept vpid fsgsbase tsc_adjust bmi1 avx2 smep bmi2 erms invpcid xsaveopt
bugs		:
bogomips	: 6188.51
clflush size	: 64
cache_alignment	: 64
address sizes	: 39 bits physical, 48 bits virtual
power management:



Memory: 4k page, physical 8059640k(3186056k free), swap 9227464k(9227464k free)

vm_info: OpenJDK 64-Bit Server VM (24.91-b01) for linux-amd64 JRE (1.7.0_91-b02), built on Nov 18 2015 11:22:39 by "builduser" with gcc 5.2.0

time: Fri Apr 15 17:40:34 2016
elapsed time: 18 seconds

