#
# A fatal error has been detected by the Java Runtime Environment:
#
#  SIGSEGV (0xb) at pc=0x00007fff8e3ecf49, pid=3125, tid=62715
#
# JRE version: Java(TM) SE Runtime Environment (7.0_79-b15) (build 1.7.0_79-b15)
# Java VM: Java HotSpot(TM) 64-Bit Server VM (24.79-b02 mixed mode bsd-amd64 compressed oops)
# Problematic frame:
# C  [libsystem_platform.dylib+0x4f49]  _platform_memmove$VARIANT$Haswell+0x29
#
# Failed to write core dump. Core dumps have been disabled. To enable core dumping, try "ulimit -c unlimited" before starting Java again
#
# If you would like to submit a bug report, please visit:
#   http://bugreport.java.com/bugreport/crash.jsp
# The crash happened outside the Java Virtual Machine in native code.
# See problematic frame for where to report the bug.
#

---------------  T H R E A D  ---------------

Current thread (0x00007fbe6498a000):  JavaThread "SwingWorker-pool-1-thread-1" daemon [_thread_in_native, id=62715, stack(0x0000700001d7d000,0x0000700001e7d000)]

siginfo:si_signo=SIGSEGV: si_errno=0, si_code=1 (SEGV_MAPERR), si_addr=0x0000000000000000

Registers:
RAX=0x0000000125a93010, RBX=0x00007fbe62cf6150, RCX=0x0000000000384000, RDX=0x0000000000384000
RSP=0x0000700001e7c560, RBP=0x0000700001e7c560, RSI=0x0000000000000000, RDI=0x0000000125a93010
R8 =0x0000000000000001, R9 =0x0000000000000008, R10=0x000000010866f280, R11=0x0000000125a93010
R12=0x0000000000000000, R13=0x000000077b50e278, R14=0x00007fbe6901e710, R15=0x0000000000384000
RIP=0x00007fff8e3ecf49, EFLAGS=0x0000000000010206, ERR=0x0000000000000004
  TRAPNO=0x000000000000000e

Top of Stack: (sp=0x0000700001e7c560)
0x0000700001e7c560:   0000700001e7c5b0 000000011ad03ef2
0x0000700001e7c570:   0000700001e7c5a0 0000000109d0a193
0x0000700001e7c580:   00007fbe62d90760 0000000000000000
0x0000700001e7c590:   0000700001e7c668 0000000000000000
0x0000700001e7c5a0:   00007fbe6498a1e8 00007fbe6901e710
0x0000700001e7c5b0:   0000700001e7c5e0 000000011791b520
0x0000700001e7c5c0:   000000011791b4c0 000000077b50e278
0x0000700001e7c5d0:   0000700001e7c658 00007fbe6498a000
0x0000700001e7c5e0:   0000700001e7c638 000000010a475758
0x0000700001e7c5f0:   000000010a469058 0000700001e7c5f8
0x0000700001e7c600:   0000000000000000 0000700001e7c658
0x0000700001e7c610:   000000077b54f338 0000000000000000
0x0000700001e7c620:   000000077b50e278 0000000000000000
0x0000700001e7c630:   0000700001e7c658 0000700001e7c6a8
0x0000700001e7c640:   000000010a469233 000000078182f6d8
0x0000700001e7c650:   000000010a471cdb 00000007d747c018
0x0000700001e7c660:   00000007817ed480 0000700001e7c668
0x0000700001e7c670:   000000077b2003ba 0000700001e7c6d8
0x0000700001e7c680:   000000077ba292c0 0000000000000000
0x0000700001e7c690:   000000077b2004b8 0000700001e7c658
0x0000700001e7c6a0:   0000700001e7c6b8 0000700001e7c720
0x0000700001e7c6b0:   000000010a469058 00000007817ed508
0x0000700001e7c6c0:   00000007817ed4f0 00000007817ed4d8
0x0000700001e7c6d0:   00000007d747c018 00000007817ed480
0x0000700001e7c6e0:   0000700001e7c6e0 000000077b201ad5
0x0000700001e7c6f0:   0000700001e7c748 000000077ba83c40
0x0000700001e7c700:   0000000000000000 000000077b201be8
0x0000700001e7c710:   0000700001e7c6b8 0000700001e7c748
0x0000700001e7c720:   0000700001e7c790 000000010a469233
0x0000700001e7c730:   00000007817ed508 00000007817ed4f0
0x0000700001e7c740:   00000007817ed4d8 00000007817ed4a8
0x0000700001e7c750:   0000700001e7c750 000000077b201dc1 

Instructions: (pc=0x00007fff8e3ecf49)
0x00007fff8e3ecf29:   f3 48 89 f8 49 39 d3 72 1b 48 83 fa 60 76 2f 48
0x00007fff8e3ecf39:   81 fa 00 40 00 00 0f 82 bb 00 00 00 48 89 d1 fc
0x00007fff8e3ecf49:   f3 a4 5d c3 48 39 fe 74 f9 48 01 d6 48 01 d7 48
0x00007fff8e3ecf59:   83 fa 60 0f 82 5c 01 00 00 e9 79 01 00 00 48 83 

Register to memory mapping:

RAX=0x0000000125a93010 is an unknown value
RBX=0x00007fbe62cf6150 is an unknown value
RCX=0x0000000000384000 is an unknown value
RDX=0x0000000000384000 is an unknown value
RSP=0x0000700001e7c560 is pointing into the stack for thread: 0x00007fbe6498a000
RBP=0x0000700001e7c560 is pointing into the stack for thread: 0x00007fbe6498a000
RSI=0x0000000000000000 is an unknown value
RDI=0x0000000125a93010 is an unknown value
R8 =0x0000000000000001 is an unknown value
R9 =0x0000000000000008 is an unknown value
R10=0x000000010866f280 is an unknown value
R11=0x0000000125a93010 is an unknown value
R12=0x0000000000000000 is an unknown value
R13=0x000000077b50e278 is an oop
{method} 
 - klass: {other class}
R14=0x00007fbe6901e710 is an unknown value
R15=0x0000000000384000 is an unknown value


Stack: [0x0000700001d7d000,0x0000700001e7d000],  sp=0x0000700001e7c560,  free space=1021k
Native frames: (J=compiled Java code, j=interpreted, Vv=VM code, C=native code)
C  [libsystem_platform.dylib+0x4f49]  _platform_memmove$VARIANT$Haswell+0x29
C  [libopencv_core.3.0.dylib+0x31ef2]  cvCloneImage+0x152
C  [libjniopencv_core.dylib+0xb2520]  Java_org_bytedeco_javacpp_opencv_1core_cvCloneImage+0x60
j  org.bytedeco.javacpp.opencv_core.cvCloneImage(Lorg/bytedeco/javacpp/opencv_core$IplImage;)Lorg/bytedeco/javacpp/opencv_core$IplImage;+0
j  ru.ang5545.scanning_system_2.image_processing.ImageHandler.processImage(Lorg/bytedeco/javacpp/opencv_core$IplImage;Lru/ang5545/model/ThresholdParameters;Lru/ang5545/model/ThresholdParameters;Lru/ang5545/model/ThresholdParameters;)V+2
j  ru.ang5545.scanning_system_2.gui.MainFrame$AnswerWorker.doInBackground()Ljava/lang/String;+61
j  ru.ang5545.scanning_system_2.gui.MainFrame$AnswerWorker.doInBackground()Ljava/lang/Object;+1
j  javax.swing.SwingWorker$1.call()Ljava/lang/Object;+14
j  java.util.concurrent.FutureTask.run()V+42
j  javax.swing.SwingWorker.run()V+4
j  java.util.concurrent.ThreadPoolExecutor.runWorker(Ljava/util/concurrent/ThreadPoolExecutor$Worker;)V+95
j  java.util.concurrent.ThreadPoolExecutor$Worker.run()V+5
j  java.lang.Thread.run()V+11
v  ~StubRoutines::call_stub
V  [libjvm.dylib+0x2dbef8]  JavaCalls::call_helper(JavaValue*, methodHandle*, JavaCallArguments*, Thread*)+0x22a
V  [libjvm.dylib+0x2dc40f]  JavaCalls::call_virtual(JavaValue*, KlassHandle, Symbol*, Symbol*, JavaCallArguments*, Thread*)+0x11b
V  [libjvm.dylib+0x2dc54c]  JavaCalls::call_virtual(JavaValue*, Handle, KlassHandle, Symbol*, Symbol*, Thread*)+0x4a
V  [libjvm.dylib+0x32b43a]  thread_entry(JavaThread*, Thread*)+0xad
V  [libjvm.dylib+0x4f759d]  JavaThread::thread_main_inner()+0x9b
V  [libjvm.dylib+0x4f8ca5]  JavaThread::run()+0x1a3
V  [libjvm.dylib+0x421c4e]  java_start(Thread*)+0x126
C  [libsystem_pthread.dylib+0x399d]  _pthread_body+0x83
C  [libsystem_pthread.dylib+0x391a]  _pthread_body+0x0
C  [libsystem_pthread.dylib+0x1351]  thread_start+0xd

Java frames: (J=compiled Java code, j=interpreted, Vv=VM code)
j  org.bytedeco.javacpp.opencv_core.cvCloneImage(Lorg/bytedeco/javacpp/opencv_core$IplImage;)Lorg/bytedeco/javacpp/opencv_core$IplImage;+0
j  ru.ang5545.scanning_system_2.image_processing.ImageHandler.processImage(Lorg/bytedeco/javacpp/opencv_core$IplImage;Lru/ang5545/model/ThresholdParameters;Lru/ang5545/model/ThresholdParameters;Lru/ang5545/model/ThresholdParameters;)V+2
j  ru.ang5545.scanning_system_2.gui.MainFrame$AnswerWorker.doInBackground()Ljava/lang/String;+61
j  ru.ang5545.scanning_system_2.gui.MainFrame$AnswerWorker.doInBackground()Ljava/lang/Object;+1
j  javax.swing.SwingWorker$1.call()Ljava/lang/Object;+14
j  java.util.concurrent.FutureTask.run()V+42
j  javax.swing.SwingWorker.run()V+4
j  java.util.concurrent.ThreadPoolExecutor.runWorker(Ljava/util/concurrent/ThreadPoolExecutor$Worker;)V+95
j  java.util.concurrent.ThreadPoolExecutor$Worker.run()V+5
j  java.lang.Thread.run()V+11
v  ~StubRoutines::call_stub

---------------  P R O C E S S  ---------------

Java Threads: ( => current thread )
=>0x00007fbe6498a000 JavaThread "SwingWorker-pool-1-thread-1" daemon [_thread_in_native, id=62715, stack(0x0000700001d7d000,0x0000700001e7d000)]
  0x00007fbe63968000 JavaThread "TimerQueue" daemon [_thread_blocked, id=58423, stack(0x0000700001bf7000,0x0000700001cf7000)]
  0x00007fbe6317a800 JavaThread "Java2D Disposer" daemon [_thread_blocked, id=56067, stack(0x00007000019f1000,0x0000700001af1000)]
  0x00007fbe63891800 JavaThread "Java2D Queue Flusher" daemon [_thread_blocked, id=52999, stack(0x00007000018ee000,0x00007000019ee000)]
  0x00007fbe63803800 JavaThread "DestroyJavaVM" [_thread_blocked, id=5891, stack(0x000070000011a000,0x000070000021a000)]
  0x00007fbe630e8000 JavaThread "AWT-EventQueue-0" [_thread_blocked, id=45883, stack(0x00007000017eb000,0x00007000018eb000)]
  0x00007fbe640c8800 JavaThread "AWT-Shutdown" [_thread_blocked, id=30739, stack(0x0000700001459000,0x0000700001559000)]
  0x00007fbe630b8800 JavaThread "AppKit Thread" daemon [_thread_in_native, id=2571, stack(0x00007fff56dac000,0x00007fff575ac000)]
  0x00007fbe6483c800 JavaThread "Service Thread" daemon [_thread_blocked, id=20227, stack(0x000070000114d000,0x000070000124d000)]
  0x00007fbe6483c000 JavaThread "C2 CompilerThread1" daemon [_thread_in_native, id=19715, stack(0x000070000104a000,0x000070000114a000)]
  0x00007fbe63818800 JavaThread "C2 CompilerThread0" daemon [_thread_blocked, id=19203, stack(0x0000700000f47000,0x0000700001047000)]
  0x00007fbe63819800 JavaThread "Signal Dispatcher" daemon [_thread_blocked, id=15119, stack(0x0000700000e44000,0x0000700000f44000)]
  0x00007fbe63816000 JavaThread "Finalizer" daemon [_thread_blocked, id=14339, stack(0x0000700000c3b000,0x0000700000d3b000)]
  0x00007fbe63815000 JavaThread "Reference Handler" daemon [_thread_blocked, id=13827, stack(0x0000700000b38000,0x0000700000c38000)]

Other Threads:
  0x00007fbe63812800 VMThread [stack: 0x0000700000a35000,0x0000700000b35000] [id=13315]
  0x00007fbe64801000 WatcherThread [stack: 0x0000700001250000,0x0000700001350000] [id=20739]

VM state:not at safepoint (normal execution)

VM Mutex/Monitor currently owned by a thread: None

Heap
 PSYoungGen      total 132608K, used 34733K [0x00000007d5500000, 0x00000007e6d00000, 0x0000000800000000)
  eden space 130048K, 24% used [0x00000007d5500000,0x00000007d74bd9d0,0x00000007dd400000)
  from space 2560K, 87% used [0x00000007e6a80000,0x00000007e6caddb8,0x00000007e6d00000)
  to   space 14336K, 0% used [0x00000007e5100000,0x00000007e5100000,0x00000007e5f00000)
 ParOldGen       total 87040K, used 31677K [0x0000000780000000, 0x0000000785500000, 0x00000007d5500000)
  object space 87040K, 36% used [0x0000000780000000,0x0000000781eef7d8,0x0000000785500000)
 PSPermGen       total 21504K, used 13063K [0x000000077ae00000, 0x000000077c300000, 0x0000000780000000)
  object space 21504K, 60% used [0x000000077ae00000,0x000000077bac1dc8,0x000000077c300000)

Card table byte_map: [0x000000010d523000,0x000000010d94d000] byte_map_base: 0x000000010994c000

Polling page: 0x00000001089cd000

Code Cache  [0x000000010a463000, 0x000000010a6d3000, 0x000000010d463000)
 total_blobs=674 nmethods=125 adapters=503 free_code_cache=48315Kb largest_free_block=49444096

Compilation events (10 events):
Event: 6.179 Thread 0x00007fbe6483c000 nmethod 119 0x000000010a52cd90 code [0x000000010a52cec0, 0x000000010a52cf58]
Event: 6.199 Thread 0x00007fbe63818800  121             java.util.HashMap::get (29 bytes)
Event: 6.203 Thread 0x00007fbe63818800 nmethod 121 0x000000010a52c6d0 code [0x000000010a52c840, 0x000000010a52cae8]
Event: 6.336 Thread 0x00007fbe6483c000  122             java.awt.geom.RectangularShape::<init> (5 bytes)
Event: 6.336 Thread 0x00007fbe63818800  123             java.awt.geom.Rectangle2D::<init> (5 bytes)
Event: 6.336 Thread 0x00007fbe63818800 nmethod 123 0x000000010a52cfd0 code [0x000000010a52d100, 0x000000010a52d158]
Event: 6.336 Thread 0x00007fbe6483c000 nmethod 122 0x000000010a52c4d0 code [0x000000010a52c600, 0x000000010a52c658]
Event: 6.500 Thread 0x00007fbe63818800  125             java.lang.Math::min (45 bytes)
Event: 6.501 Thread 0x00007fbe63818800 nmethod 125 0x000000010a52bf10 code [0x000000010a52c060, 0x000000010a52c0f8]
Event: 6.558 Thread 0x00007fbe6483c000  126   !         sun.awt.AppContext::get (121 bytes)

GC Heap History (10 events):
Event: 3.254 GC heap before
{Heap before GC invocations=4 (full 0):
 PSYoungGen      total 38912K, used 36636K [0x00000007d5500000, 0x00000007da100000, 0x0000000800000000)
  eden space 33792K, 93% used [0x00000007d5500000,0x00000007d73e2928,0x00000007d7600000)
  from space 5120K, 97% used [0x00000007d7600000,0x00000007d7ae47a8,0x00000007d7b00000)
  to   space 5120K, 0% used [0x00000007d9c00000,0x00000007d9c00000,0x00000007da100000)
 ParOldGen       total 87040K, used 14890K [0x0000000780000000, 0x0000000785500000, 0x00000007d5500000)
  object space 87040K, 17% used [0x0000000780000000,0x0000000780e8aa38,0x0000000785500000)
 PSPermGen       total 21504K, used 13032K [0x000000077ae00000, 0x000000077c300000, 0x0000000780000000)
  object space 21504K, 60% used [0x000000077ae00000,0x000000077baba2c0,0x000000077c300000)
Event: 3.258 GC heap after
Heap after GC invocations=4 (full 0):
 PSYoungGen      total 72704K, used 5104K [0x00000007d5500000, 0x00000007da100000, 0x0000000800000000)
  eden space 67584K, 0% used [0x00000007d5500000,0x00000007d5500000,0x00000007d9700000)
  from space 5120K, 99% used [0x00000007d9c00000,0x00000007da0fc3b8,0x00000007da100000)
  to   space 5120K, 0% used [0x00000007d9700000,0x00000007d9700000,0x00000007d9c00000)
 ParOldGen       total 87040K, used 19082K [0x0000000780000000, 0x0000000785500000, 0x00000007d5500000)
  object space 87040K, 21% used [0x0000000780000000,0x00000007812a2ad8,0x0000000785500000)
 PSPermGen       total 21504K, used 13032K [0x000000077ae00000, 0x000000077c300000, 0x0000000780000000)
  object space 21504K, 60% used [0x000000077ae00000,0x000000077baba2c0,0x000000077c300000)
}
Event: 3.818 GC heap before
{Heap before GC invocations=5 (full 0):
 PSYoungGen      total 72704K, used 69699K [0x00000007d5500000, 0x00000007da100000, 0x0000000800000000)
  eden space 67584K, 95% used [0x00000007d5500000,0x00000007d9414a88,0x00000007d9700000)
  from space 5120K, 99% used [0x00000007d9c00000,0x00000007da0fc3b8,0x00000007da100000)
  to   space 5120K, 0% used [0x00000007d9700000,0x00000007d9700000,0x00000007d9c00000)
 ParOldGen       total 87040K, used 19082K [0x0000000780000000, 0x0000000785500000, 0x00000007d5500000)
  object space 87040K, 21% used [0x0000000780000000,0x00000007812a2ad8,0x0000000785500000)
 PSPermGen       total 21504K, used 13037K [0x000000077ae00000, 0x000000077c300000, 0x0000000780000000)
  object space 21504K, 60% used [0x000000077ae00000,0x000000077babb450,0x000000077c300000)
Event: 3.822 GC heap after
Heap after GC invocations=5 (full 0):
 PSYoungGen      total 72704K, used 5108K [0x00000007d5500000, 0x00000007df200000, 0x0000000800000000)
  eden space 67584K, 0% used [0x00000007d5500000,0x00000007d5500000,0x00000007d9700000)
  from space 5120K, 99% used [0x00000007d9700000,0x00000007d9bfd230,0x00000007d9c00000)
  to   space 12800K, 0% used [0x00000007de580000,0x00000007de580000,0x00000007df200000)
 ParOldGen       total 87040K, used 23667K [0x0000000780000000, 0x0000000785500000, 0x00000007d5500000)
  object space 87040K, 27% used [0x0000000780000000,0x000000078171ce20,0x0000000785500000)
 PSPermGen       total 21504K, used 13037K [0x000000077ae00000, 0x000000077c300000, 0x0000000780000000)
  object space 21504K, 60% used [0x000000077ae00000,0x000000077babb450,0x000000077c300000)
}
Event: 4.283 GC heap before
{Heap before GC invocations=6 (full 0):
 PSYoungGen      total 72704K, used 71951K [0x00000007d5500000, 0x00000007df200000, 0x0000000800000000)
  eden space 67584K, 98% used [0x00000007d5500000,0x00000007d9646c88,0x00000007d9700000)
  from space 5120K, 99% used [0x00000007d9700000,0x00000007d9bfd230,0x00000007d9c00000)
  to   space 12800K, 0% used [0x00000007de580000,0x00000007de580000,0x00000007df200000)
 ParOldGen       total 87040K, used 23667K [0x0000000780000000, 0x0000000785500000, 0x00000007d5500000)
  object space 87040K, 27% used [0x0000000780000000,0x000000078171ce20,0x0000000785500000)
 PSPermGen       total 21504K, used 13038K [0x000000077ae00000, 0x000000077c300000, 0x0000000780000000)
  object space 21504K, 60% used [0x000000077ae00000,0x000000077babb8a0,0x000000077c300000)
Event: 4.288 GC heap after
Heap after GC invocations=6 (full 0):
 PSYoungGen      total 147968K, used 9448K [0x00000007d5500000, 0x00000007df200000, 0x0000000800000000)
  eden space 135168K, 0% used [0x00000007d5500000,0x00000007d5500000,0x00000007dd900000)
  from space 12800K, 73% used [0x00000007de580000,0x00000007deeba260,0x00000007df200000)
  to   space 12800K, 0% used [0x00000007dd900000,0x00000007dd900000,0x00000007de580000)
 ParOldGen       total 87040K, used 23667K [0x0000000780000000, 0x0000000785500000, 0x00000007d5500000)
  object space 87040K, 27% used [0x0000000780000000,0x000000078171ce20,0x0000000785500000)
 PSPermGen       total 21504K, used 13038K [0x000000077ae00000, 0x000000077c300000, 0x0000000780000000)
  object space 21504K, 60% used [0x000000077ae00000,0x000000077babb8a0,0x000000077c300000)
}
Event: 5.294 GC heap before
{Heap before GC invocations=7 (full 0):
 PSYoungGen      total 147968K, used 142293K [0x00000007d5500000, 0x00000007df200000, 0x0000000800000000)
  eden space 135168K, 98% used [0x00000007d5500000,0x00000007dd6bb250,0x00000007dd900000)
  from space 12800K, 73% used [0x00000007de580000,0x00000007deeba260,0x00000007df200000)
  to   space 12800K, 0% used [0x00000007dd900000,0x00000007dd900000,0x00000007de580000)
 ParOldGen       total 87040K, used 23667K [0x0000000780000000, 0x0000000785500000, 0x00000007d5500000)
  object space 87040K, 27% used [0x0000000780000000,0x000000078171ce20,0x0000000785500000)
 PSPermGen       total 21504K, used 13050K [0x000000077ae00000, 0x000000077c300000, 0x0000000780000000)
  object space 21504K, 60% used [0x000000077ae00000,0x000000077babea50,0x000000077c300000)
Event: 5.299 GC heap after
Heap after GC invocations=7 (full 0):
 PSYoungGen      total 147968K, used 1518K [0x00000007d5500000, 0x00000007e7800000, 0x0000000800000000)
  eden space 135168K, 0% used [0x00000007d5500000,0x00000007d5500000,0x00000007dd900000)
  from space 12800K, 11% used [0x00000007dd900000,0x00000007dda7bb78,0x00000007de580000)
  to   space 13824K, 0% used [0x00000007e6a80000,0x00000007e6a80000,0x00000007e7800000)
 ParOldGen       total 87040K, used 31637K [0x0000000780000000, 0x0000000785500000, 0x00000007d5500000)
  object space 87040K, 36% used [0x0000000780000000,0x0000000781ee57d8,0x0000000785500000)
 PSPermGen       total 21504K, used 13050K [0x000000077ae00000, 0x000000077c300000, 0x0000000780000000)
  object space 21504K, 60% used [0x000000077ae00000,0x000000077babea50,0x000000077c300000)
}
Event: 6.345 GC heap before
{Heap before GC invocations=8 (full 0):
 PSYoungGen      total 147968K, used 135395K [0x00000007d5500000, 0x00000007e7800000, 0x0000000800000000)
  eden space 135168K, 99% used [0x00000007d5500000,0x00000007dd7bd3e8,0x00000007dd900000)
  from space 12800K, 11% used [0x00000007dd900000,0x00000007dda7bb78,0x00000007de580000)
  to   space 13824K, 0% used [0x00000007e6a80000,0x00000007e6a80000,0x00000007e7800000)
 ParOldGen       total 87040K, used 31637K [0x0000000780000000, 0x0000000785500000, 0x00000007d5500000)
  object space 87040K, 36% used [0x0000000780000000,0x0000000781ee57d8,0x0000000785500000)
 PSPermGen       total 21504K, used 13058K [0x000000077ae00000, 0x000000077c300000, 0x0000000780000000)
  object space 21504K, 60% used [0x000000077ae00000,0x000000077bac0bd8,0x000000077c300000)
Event: 6.346 GC heap after
Heap after GC invocations=8 (full 0):
 PSYoungGen      total 132608K, used 2231K [0x00000007d5500000, 0x00000007e6d00000, 0x0000000800000000)
  eden space 130048K, 0% used [0x00000007d5500000,0x00000007d5500000,0x00000007dd400000)
  from space 2560K, 87% used [0x00000007e6a80000,0x00000007e6caddb8,0x00000007e6d00000)
  to   space 14336K, 0% used [0x00000007e5100000,0x00000007e5100000,0x00000007e5f00000)
 ParOldGen       total 87040K, used 31677K [0x0000000780000000, 0x0000000785500000, 0x00000007d5500000)
  object space 87040K, 36% used [0x0000000780000000,0x0000000781eef7d8,0x0000000785500000)
 PSPermGen       total 21504K, used 13058K [0x000000077ae00000, 0x000000077c300000, 0x0000000780000000)
  object space 21504K, 60% used [0x000000077ae00000,0x000000077bac0bd8,0x000000077c300000)
}

Deoptimization events (5 events):
Event: 0.357 Thread 0x00007fbe630e8000 Uncommon trap: reason=class_check action=maybe_recompile pc=0x000000010a4df390 method=java.lang.String.equals(Ljava/lang/Object;)Z @ 8
Event: 0.357 Thread 0x00007fbe630e8000 Uncommon trap: reason=class_check action=maybe_recompile pc=0x000000010a4df390 method=java.lang.String.equals(Ljava/lang/Object;)Z @ 8
Event: 0.357 Thread 0x00007fbe630e8000 Uncommon trap: reason=class_check action=maybe_recompile pc=0x000000010a4df390 method=java.lang.String.equals(Ljava/lang/Object;)Z @ 8
Event: 0.615 Thread 0x00007fbe630e8000 Uncommon trap: reason=unreached action=reinterpret pc=0x000000010a4f2c18 method=java.util.HashMap.get(Ljava/lang/Object;)Ljava/lang/Object; @ 1
Event: 6.170 Thread 0x00007fbe630e8000 Uncommon trap: reason=predicate action=maybe_recompile pc=0x000000010a529b74 method=java.util.TimSort.binarySort([Ljava/lang/Object;IIILjava/util/Comparator;)V @ 37

Internal exceptions (10 events):
Event: 2.389 Thread 0x00007fbe630e8000 Threw 0x00000007d6f104f0 at /HUDSON/workspace/7u-2-build-macosx-x86_64/jdk7u79/2331/hotspot/src/share/vm/prims/jvm.cpp:1304
Event: 2.390 Thread 0x00007fbe630e8000 Threw 0x00000007d6f182f0 at /HUDSON/workspace/7u-2-build-macosx-x86_64/jdk7u79/2331/hotspot/src/share/vm/prims/jvm.cpp:1304
Event: 2.390 Thread 0x00007fbe630e8000 Threw 0x00000007d6f205c8 at /HUDSON/workspace/7u-2-build-macosx-x86_64/jdk7u79/2331/hotspot/src/share/vm/prims/jvm.cpp:1304
Event: 2.391 Thread 0x00007fbe630e8000 Threw 0x00000007d6f27190 at /HUDSON/workspace/7u-2-build-macosx-x86_64/jdk7u79/2331/hotspot/src/share/vm/prims/jvm.cpp:1304
Event: 2.391 Thread 0x00007fbe630e8000 Threw 0x00000007d6f2de50 at /HUDSON/workspace/7u-2-build-macosx-x86_64/jdk7u79/2331/hotspot/src/share/vm/prims/jvm.cpp:1304
Event: 2.391 Thread 0x00007fbe630e8000 Threw 0x00000007d6f34c18 at /HUDSON/workspace/7u-2-build-macosx-x86_64/jdk7u79/2331/hotspot/src/share/vm/prims/jvm.cpp:1304
Event: 2.442 Thread 0x00007fbe630e8000 Threw 0x00000007d6fe59a8 at /HUDSON/workspace/7u-2-build-macosx-x86_64/jdk7u79/2331/hotspot/src/share/vm/prims/jvm.cpp:1304
Event: 2.445 Thread 0x00007fbe630e8000 Threw 0x00000007d6feb9b8 at /HUDSON/workspace/7u-2-build-macosx-x86_64/jdk7u79/2331/hotspot/src/share/vm/prims/jvm.cpp:1304
Event: 2.445 Thread 0x00007fbe630e8000 Threw 0x00000007d6ff4628 at /HUDSON/workspace/7u-2-build-macosx-x86_64/jdk7u79/2331/hotspot/src/share/vm/prims/jvm.cpp:1304
Event: 2.558 Thread 0x00007fbe6498a000 Threw 0x00000007d71431e0 at /HUDSON/workspace/7u-2-build-macosx-x86_64/jdk7u79/2331/hotspot/src/share/vm/prims/jvm.cpp:1304

Events (10 events):
Event: 5.294 Executing VM operation: ParallelGCFailedAllocation
Event: 5.299 Executing VM operation: ParallelGCFailedAllocation done
Event: 5.328 Thread 0x00007fbe63918800 Thread exited: 0x00007fbe63918800
Event: 6.170 Thread 0x00007fbe630e8000 Uncommon trap: trap_request=0xffffff86 fr.pc=0x000000010a529b74
Event: 6.170 Thread 0x00007fbe630e8000 DEOPT PACKING pc=0x000000010a529b74 sp=0x00007000018e7fc0
Event: 6.170 Thread 0x00007fbe630e8000 DEOPT UNPACKING pc=0x000000010a49c045 sp=0x00007000018e7fb0 mode 2
Event: 6.345 Executing VM operation: ParallelGCFailedAllocation
Event: 6.346 Executing VM operation: ParallelGCFailedAllocation done
Event: 6.558 loading class 0x00007fbe630500a0
Event: 6.558 loading class 0x00007fbe630500a0 done


Dynamic libraries:
0x0000000009073000 	/System/Library/Frameworks/Cocoa.framework/Versions/A/Cocoa
0x0000000009073000 	/System/Library/Frameworks/Security.framework/Versions/A/Security
0x0000000009073000 	/System/Library/Frameworks/ApplicationServices.framework/Versions/A/ApplicationServices
0x0000000009073000 	/usr/lib/libz.1.dylib
0x0000000009073000 	/usr/lib/libSystem.B.dylib
0x0000000009073000 	/usr/lib/libobjc.A.dylib
0x0000000009073000 	/System/Library/Frameworks/CoreFoundation.framework/Versions/A/CoreFoundation
0x0000000009073000 	/System/Library/Frameworks/Foundation.framework/Versions/C/Foundation
0x0000000009073000 	/System/Library/Frameworks/AppKit.framework/Versions/C/AppKit
0x0000000009073000 	/System/Library/Frameworks/CoreData.framework/Versions/A/CoreData
0x0000000009073000 	/System/Library/PrivateFrameworks/RemoteViewServices.framework/Versions/A/RemoteViewServices
0x0000000009073000 	/System/Library/PrivateFrameworks/UIFoundation.framework/Versions/A/UIFoundation
0x0000000009073000 	/usr/lib/libScreenReader.dylib
0x0000000009073000 	/System/Library/Frameworks/Accelerate.framework/Versions/A/Accelerate
0x0000000009073000 	/System/Library/Frameworks/IOSurface.framework/Versions/A/IOSurface
0x0000000009073000 	/System/Library/Frameworks/AudioToolbox.framework/Versions/A/AudioToolbox
0x0000000009073000 	/System/Library/Frameworks/AudioUnit.framework/Versions/A/AudioUnit
0x0000000009073000 	/System/Library/PrivateFrameworks/DataDetectorsCore.framework/Versions/A/DataDetectorsCore
0x0000000009073000 	/System/Library/PrivateFrameworks/DesktopServicesPriv.framework/Versions/A/DesktopServicesPriv
0x0000000009073000 	/System/Library/Frameworks/Carbon.framework/Versions/A/Frameworks/HIToolbox.framework/Versions/A/HIToolbox
0x0000000009073000 	/System/Library/Frameworks/QuartzCore.framework/Versions/A/QuartzCore
0x0000000009073000 	/System/Library/Frameworks/Carbon.framework/Versions/A/Frameworks/SpeechRecognition.framework/Versions/A/SpeechRecognition
0x0000000009073000 	/usr/lib/libauto.dylib
0x0000000009073000 	/usr/lib/libicucore.A.dylib
0x0000000009073000 	/usr/lib/libxml2.2.dylib
0x0000000009073000 	/System/Library/PrivateFrameworks/CoreUI.framework/Versions/A/CoreUI
0x0000000009073000 	/System/Library/Frameworks/CoreAudio.framework/Versions/A/CoreAudio
0x0000000009073000 	/System/Library/Frameworks/DiskArbitration.framework/Versions/A/DiskArbitration
0x0000000009073000 	/usr/lib/liblangid.dylib
0x0000000009073000 	/System/Library/PrivateFrameworks/MultitouchSupport.framework/Versions/A/MultitouchSupport
0x0000000009073000 	/System/Library/Frameworks/IOKit.framework/Versions/A/IOKit
0x0000000009073000 	/usr/lib/libDiagnosticMessagesClient.dylib
0x0000000009073000 	/System/Library/Frameworks/CoreServices.framework/Versions/A/CoreServices
0x0000000009073000 	/System/Library/PrivateFrameworks/PerformanceAnalysis.framework/Versions/A/PerformanceAnalysis
0x0000000009073000 	/System/Library/PrivateFrameworks/GenerationalStorage.framework/Versions/A/GenerationalStorage
0x0000000009073000 	/System/Library/Frameworks/OpenGL.framework/Versions/A/OpenGL
0x0000000009073000 	/System/Library/PrivateFrameworks/Sharing.framework/Versions/A/Sharing
0x0000000009073000 	/System/Library/Frameworks/CoreGraphics.framework/Versions/A/CoreGraphics
0x0000000009073000 	/System/Library/Frameworks/CoreImage.framework/Versions/A/CoreImage
0x0000000009073000 	/System/Library/Frameworks/CoreText.framework/Versions/A/CoreText
0x0000000009073000 	/System/Library/Frameworks/ImageIO.framework/Versions/A/ImageIO
0x0000000009073000 	/System/Library/PrivateFrameworks/Backup.framework/Versions/A/Backup
0x0000000009073000 	/usr/lib/libextension.dylib
0x0000000009073000 	/usr/lib/libarchive.2.dylib
0x0000000009073000 	/System/Library/Frameworks/CFNetwork.framework/Versions/A/CFNetwork
0x0000000009073000 	/System/Library/Frameworks/SystemConfiguration.framework/Versions/A/SystemConfiguration
0x0000000009073000 	/usr/lib/libCRFSuite.dylib
0x0000000009073000 	/usr/lib/libc++.1.dylib
0x0000000009073000 	/usr/lib/libc++abi.dylib
0x0000000009073000 	/usr/lib/system/libcache.dylib
0x0000000009073000 	/usr/lib/system/libcommonCrypto.dylib
0x0000000009073000 	/usr/lib/system/libcompiler_rt.dylib
0x0000000009073000 	/usr/lib/system/libcopyfile.dylib
0x0000000009073000 	/usr/lib/system/libcorecrypto.dylib
0x0000000009073000 	/usr/lib/system/libdispatch.dylib
0x0000000009073000 	/usr/lib/system/libdyld.dylib
0x0000000009073000 	/usr/lib/system/libkeymgr.dylib
0x0000000009073000 	/usr/lib/system/liblaunch.dylib
0x0000000009073000 	/usr/lib/system/libmacho.dylib
0x0000000009073000 	/usr/lib/system/libquarantine.dylib
0x0000000009073000 	/usr/lib/system/libremovefile.dylib
0x0000000009073000 	/usr/lib/system/libsystem_asl.dylib
0x0000000009073000 	/usr/lib/system/libsystem_blocks.dylib
0x0000000009073000 	/usr/lib/system/libsystem_c.dylib
0x0000000009073000 	/usr/lib/system/libsystem_configuration.dylib
0x0000000009073000 	/usr/lib/system/libsystem_coreservices.dylib
0x0000000009073000 	/usr/lib/system/libsystem_coretls.dylib
0x0000000009073000 	/usr/lib/system/libsystem_dnssd.dylib
0x0000000009073000 	/usr/lib/system/libsystem_info.dylib
0x0000000009073000 	/usr/lib/system/libsystem_kernel.dylib
0x0000000009073000 	/usr/lib/system/libsystem_m.dylib
0x0000000009073000 	/usr/lib/system/libsystem_malloc.dylib
0x0000000009073000 	/usr/lib/system/libsystem_network.dylib
0x0000000009073000 	/usr/lib/system/libsystem_networkextension.dylib
0x0000000009073000 	/usr/lib/system/libsystem_notify.dylib
0x0000000009073000 	/usr/lib/system/libsystem_platform.dylib
0x0000000009073000 	/usr/lib/system/libsystem_pthread.dylib
0x0000000009073000 	/usr/lib/system/libsystem_sandbox.dylib
0x0000000009073000 	/usr/lib/system/libsystem_secinit.dylib
0x0000000009073000 	/usr/lib/system/libsystem_trace.dylib
0x0000000009073000 	/usr/lib/system/libunc.dylib
0x0000000009073000 	/usr/lib/system/libunwind.dylib
0x0000000009073000 	/usr/lib/system/libxpc.dylib
0x0000000009073000 	/usr/lib/libenergytrace.dylib
0x0000000009073000 	/usr/lib/libbsm.0.dylib
0x0000000009073000 	/usr/lib/system/libkxld.dylib
0x0000000009073000 	/usr/lib/libxar.1.dylib
0x0000000009073000 	/usr/lib/libsqlite3.dylib
0x0000000009073000 	/usr/lib/libpam.2.dylib
0x0000000009073000 	/usr/lib/libOpenScriptingUtil.dylib
0x0000000009073000 	/usr/lib/libbz2.1.0.dylib
0x0000000009073000 	/usr/lib/liblzma.5.dylib
0x0000000009073000 	/System/Library/Frameworks/CoreServices.framework/Versions/A/Frameworks/FSEvents.framework/Versions/A/FSEvents
0x0000000009073000 	/System/Library/Frameworks/CoreServices.framework/Versions/A/Frameworks/CarbonCore.framework/Versions/A/CarbonCore
0x0000000009073000 	/System/Library/Frameworks/CoreServices.framework/Versions/A/Frameworks/Metadata.framework/Versions/A/Metadata
0x0000000009073000 	/System/Library/Frameworks/CoreServices.framework/Versions/A/Frameworks/OSServices.framework/Versions/A/OSServices
0x0000000009073000 	/System/Library/Frameworks/CoreServices.framework/Versions/A/Frameworks/SearchKit.framework/Versions/A/SearchKit
0x0000000009073000 	/System/Library/Frameworks/CoreServices.framework/Versions/A/Frameworks/AE.framework/Versions/A/AE
0x0000000009073000 	/System/Library/Frameworks/CoreServices.framework/Versions/A/Frameworks/LaunchServices.framework/Versions/A/LaunchServices
0x0000000009073000 	/System/Library/Frameworks/CoreServices.framework/Versions/A/Frameworks/DictionaryServices.framework/Versions/A/DictionaryServices
0x0000000009073000 	/System/Library/Frameworks/CoreServices.framework/Versions/A/Frameworks/SharedFileList.framework/Versions/A/SharedFileList
0x0000000009073000 	/System/Library/Frameworks/NetFS.framework/Versions/A/NetFS
0x0000000009073000 	/System/Library/PrivateFrameworks/NetAuth.framework/Versions/A/NetAuth
0x0000000009073000 	/System/Library/PrivateFrameworks/login.framework/Versions/A/Frameworks/loginsupport.framework/Versions/A/loginsupport
0x0000000009073000 	/System/Library/PrivateFrameworks/TCC.framework/Versions/A/TCC
0x0000000009073000 	/usr/lib/libmecabra.dylib
0x0000000009073000 	/System/Library/Frameworks/ApplicationServices.framework/Versions/A/Frameworks/ATS.framework/Versions/A/ATS
0x0000000009073000 	/System/Library/Frameworks/ApplicationServices.framework/Versions/A/Frameworks/ColorSync.framework/Versions/A/ColorSync
0x0000000009073000 	/System/Library/Frameworks/ApplicationServices.framework/Versions/A/Frameworks/HIServices.framework/Versions/A/HIServices
0x0000000009073000 	/System/Library/Frameworks/ApplicationServices.framework/Versions/A/Frameworks/LangAnalysis.framework/Versions/A/LangAnalysis
0x0000000009073000 	/System/Library/Frameworks/ApplicationServices.framework/Versions/A/Frameworks/PrintCore.framework/Versions/A/PrintCore
0x0000000009073000 	/System/Library/Frameworks/ApplicationServices.framework/Versions/A/Frameworks/QD.framework/Versions/A/QD
0x0000000009073000 	/System/Library/Frameworks/ApplicationServices.framework/Versions/A/Frameworks/SpeechSynthesis.framework/Versions/A/SpeechSynthesis
0x0000000009073000 	/System/Library/Frameworks/Metal.framework/Versions/A/Metal
0x0000000009073000 	/System/Library/Frameworks/Accelerate.framework/Versions/A/Frameworks/vImage.framework/Versions/A/vImage
0x0000000009073000 	/System/Library/Frameworks/Accelerate.framework/Versions/A/Frameworks/vecLib.framework/Versions/A/vecLib
0x0000000009073000 	/System/Library/Frameworks/Accelerate.framework/Versions/A/Frameworks/vecLib.framework/Versions/A/libvDSP.dylib
0x0000000009073000 	/System/Library/Frameworks/Accelerate.framework/Versions/A/Frameworks/vecLib.framework/Versions/A/libvMisc.dylib
0x0000000009073000 	/System/Library/Frameworks/Accelerate.framework/Versions/A/Frameworks/vecLib.framework/Versions/A/libLAPACK.dylib
0x0000000009073000 	/System/Library/Frameworks/Accelerate.framework/Versions/A/Frameworks/vecLib.framework/Versions/A/libBLAS.dylib
0x0000000009073000 	/System/Library/Frameworks/Accelerate.framework/Versions/A/Frameworks/vecLib.framework/Versions/A/libLinearAlgebra.dylib
0x0000000009073000 	/System/Library/Frameworks/Accelerate.framework/Versions/A/Frameworks/vecLib.framework/Versions/A/libSparseBLAS.dylib
0x0000000009073000 	/System/Library/PrivateFrameworks/GPUCompiler.framework/libmetal_timestamp.dylib
0x0000000009073000 	/System/Library/Frameworks/OpenGL.framework/Versions/A/Libraries/libCoreFSCache.dylib
0x0000000009073000 	/System/Library/PrivateFrameworks/IOAccelerator.framework/Versions/A/IOAccelerator
0x0000000009073000 	/System/Library/Frameworks/ApplicationServices.framework/Versions/A/Frameworks/ATS.framework/Versions/A/Resources/libFontParser.dylib
0x0000000009073000 	/System/Library/Frameworks/ApplicationServices.framework/Versions/A/Frameworks/ATS.framework/Versions/A/Resources/libFontRegistry.dylib
0x0000000009073000 	/System/Library/PrivateFrameworks/AppleVPA.framework/Versions/A/AppleVPA
0x0000000009073000 	/System/Library/PrivateFrameworks/AppleJPEG.framework/Versions/A/AppleJPEG
0x0000000009073000 	/System/Library/Frameworks/ImageIO.framework/Versions/A/Resources/libJPEG.dylib
0x0000000009073000 	/System/Library/Frameworks/ImageIO.framework/Versions/A/Resources/libTIFF.dylib
0x0000000009073000 	/System/Library/Frameworks/ImageIO.framework/Versions/A/Resources/libPng.dylib
0x0000000009073000 	/System/Library/Frameworks/ImageIO.framework/Versions/A/Resources/libGIF.dylib
0x0000000009073000 	/System/Library/Frameworks/ImageIO.framework/Versions/A/Resources/libJP2.dylib
0x0000000009073000 	/System/Library/Frameworks/ImageIO.framework/Versions/A/Resources/libRadiance.dylib
0x0000000009073000 	/System/Library/Frameworks/CoreVideo.framework/Versions/A/CoreVideo
0x0000000009073000 	/System/Library/Frameworks/OpenGL.framework/Versions/A/Libraries/libGLU.dylib
0x0000000009073000 	/System/Library/Frameworks/OpenGL.framework/Versions/A/Libraries/libGFXShared.dylib
0x0000000009073000 	/System/Library/Frameworks/OpenGL.framework/Versions/A/Libraries/libGL.dylib
0x0000000009073000 	/System/Library/Frameworks/OpenGL.framework/Versions/A/Libraries/libGLImage.dylib
0x0000000009073000 	/System/Library/Frameworks/OpenGL.framework/Versions/A/Libraries/libCVMSPluginSupport.dylib
0x0000000009073000 	/System/Library/Frameworks/OpenGL.framework/Versions/A/Libraries/libCoreVMClient.dylib
0x0000000009073000 	/usr/lib/libcups.2.dylib
0x0000000009073000 	/System/Library/Frameworks/Kerberos.framework/Versions/A/Kerberos
0x0000000009073000 	/System/Library/Frameworks/GSS.framework/Versions/A/GSS
0x0000000009073000 	/usr/lib/libresolv.9.dylib
0x0000000009073000 	/usr/lib/libiconv.2.dylib
0x0000000009073000 	/System/Library/PrivateFrameworks/Heimdal.framework/Versions/A/Heimdal
0x0000000009073000 	/usr/lib/libheimdal-asn1.dylib
0x0000000009073000 	/System/Library/Frameworks/OpenDirectory.framework/Versions/A/OpenDirectory
0x0000000009073000 	/System/Library/PrivateFrameworks/CommonAuth.framework/Versions/A/CommonAuth
0x0000000009073000 	/System/Library/Frameworks/OpenDirectory.framework/Versions/A/Frameworks/CFOpenDirectory.framework/Versions/A/CFOpenDirectory
0x0000000009073000 	/System/Library/Frameworks/SecurityFoundation.framework/Versions/A/SecurityFoundation
0x0000000009073000 	/System/Library/PrivateFrameworks/LanguageModeling.framework/Versions/A/LanguageModeling
0x0000000009073000 	/usr/lib/libmarisa.dylib
0x0000000009073000 	/usr/lib/libChineseTokenizer.dylib
0x0000000009073000 	/usr/lib/libcmph.dylib
0x0000000009073000 	/usr/lib/libcompression.dylib
0x0000000009073000 	/System/Library/Frameworks/ServiceManagement.framework/Versions/A/ServiceManagement
0x0000000009073000 	/usr/lib/libxslt.1.dylib
0x0000000009073000 	/System/Library/Frameworks/Carbon.framework/Versions/A/Frameworks/Ink.framework/Versions/A/Ink
0x0000000009073000 	/usr/lib/libFosl_dynamic.dylib
0x0000000009073000 	/System/Library/PrivateFrameworks/FaceCore.framework/Versions/A/FaceCore
0x0000000009073000 	/System/Library/Frameworks/OpenCL.framework/Versions/A/OpenCL
0x0000000009073000 	/System/Library/PrivateFrameworks/CrashReporterSupport.framework/Versions/A/CrashReporterSupport
0x0000000009073000 	/System/Library/PrivateFrameworks/IconServices.framework/Versions/A/IconServices
0x0000000009073000 	/System/Library/PrivateFrameworks/Apple80211.framework/Versions/A/Apple80211
0x0000000009073000 	/System/Library/Frameworks/CoreWLAN.framework/Versions/A/CoreWLAN
0x0000000009073000 	/System/Library/Frameworks/IOBluetooth.framework/Versions/A/IOBluetooth
0x0000000009073000 	/System/Library/PrivateFrameworks/CoreWiFi.framework/Versions/A/CoreWiFi
0x0000000009073000 	/System/Library/Frameworks/CoreBluetooth.framework/Versions/A/CoreBluetooth
0x0000000009073000 	/System/Library/PrivateFrameworks/ChunkingLibrary.framework/Versions/A/ChunkingLibrary
0x0000000009073000 	/System/Library/PrivateFrameworks/DebugSymbols.framework/Versions/A/DebugSymbols
0x0000000009073000 	/System/Library/PrivateFrameworks/CoreSymbolication.framework/Versions/A/CoreSymbolication
0x0000000009073000 	/System/Library/PrivateFrameworks/Symbolication.framework/Versions/A/Symbolication
0x0000000009073000 	/System/Library/PrivateFrameworks/SpeechRecognitionCore.framework/Versions/A/SpeechRecognitionCore
0x000000004e59f000 	/System/Library/CoreServices/Encodings/libCyrillicConverter.dylib
0x0000000109a00000 	/Library/Java/JavaVirtualMachines/jdk1.7.0_79.jdk/Contents/Home/jre/lib/server/libjvm.dylib
0x00000001088d9000 	/usr/lib/libstdc++.6.dylib
0x0000000108990000 	/Library/Java/JavaVirtualMachines/jdk1.7.0_79.jdk/Contents/Home/jre/lib/libverify.dylib
0x000000010899d000 	/Library/Java/JavaVirtualMachines/jdk1.7.0_79.jdk/Contents/Home/jre/lib/libjava.dylib
0x00000001089d7000 	/Library/Java/JavaVirtualMachines/jdk1.7.0_79.jdk/Contents/Home/jre/lib/libzip.dylib
0x00000001089e1000 	/System/Library/Frameworks/JavaVM.framework/Frameworks/JavaRuntimeSupport.framework/JavaRuntimeSupport
0x000000011423e000 	/System/Library/Frameworks/JavaVM.framework/Versions/A/Frameworks/JavaNativeFoundation.framework/Versions/A/JavaNativeFoundation
0x0000000114253000 	/System/Library/Frameworks/JavaVM.framework/Versions/A/JavaVM
0x0000000009073000 	/System/Library/Frameworks/Carbon.framework/Versions/A/Carbon
0x0000000114260000 	/System/Library/PrivateFrameworks/JavaLaunching.framework/Versions/A/JavaLaunching
0x0000000009073000 	/System/Library/Frameworks/Carbon.framework/Versions/A/Frameworks/CommonPanels.framework/Versions/A/CommonPanels
0x0000000009073000 	/System/Library/Frameworks/Carbon.framework/Versions/A/Frameworks/Help.framework/Versions/A/Help
0x0000000009073000 	/System/Library/Frameworks/Carbon.framework/Versions/A/Frameworks/ImageCapture.framework/Versions/A/ImageCapture
0x0000000009073000 	/System/Library/Frameworks/Carbon.framework/Versions/A/Frameworks/OpenScripting.framework/Versions/A/OpenScripting
0x0000000009073000 	/System/Library/Frameworks/Carbon.framework/Versions/A/Frameworks/Print.framework/Versions/A/Print
0x0000000009073000 	/System/Library/Frameworks/Carbon.framework/Versions/A/Frameworks/SecurityHI.framework/Versions/A/SecurityHI
0x0000000115bfb000 	/Library/Java/JavaVirtualMachines/jdk1.7.0_79.jdk/Contents/Home/jre/lib/libawt.dylib
0x0000000115caa000 	/Library/Java/JavaVirtualMachines/jdk1.7.0_79.jdk/Contents/Home/jre/lib/./libmlib_image.dylib
0x0000000115d76000 	/Library/Java/JavaVirtualMachines/jdk1.7.0_79.jdk/Contents/Home/jre/lib/lwawt/liblwawt.dylib
0x0000000115e2c000 	/Library/Java/JavaVirtualMachines/jdk1.7.0_79.jdk/Contents/Home/jre/lib/libosxapp.dylib
0x0000000009073000 	/System/Library/Frameworks/ExceptionHandling.framework/Versions/A/ExceptionHandling
0x0000000009073000 	/System/Library/PrivateFrameworks/CoreServicesInternal.framework/Versions/A/CoreServicesInternal
0x0000000009073000 	/System/Library/Frameworks/CoreGraphics.framework/Versions/A/Resources/libRIP.A.dylib
0x0000000116ec4000 	/System/Library/Frameworks/Accelerate.framework/Frameworks/vImage.framework/Versions/A/Libraries/libCGInterfaces.dylib
0x0000000009073000 	/System/Library/Frameworks/CoreGraphics.framework/Versions/A/Resources/libCGXType.A.dylib
0x0000000009073000 	/System/Library/Frameworks/OpenCL.framework/Versions/A/Libraries/libcldcpuengine.dylib
0x0000000009073000 	/System/Library/PrivateFrameworks/DiskImages.framework/Versions/A/DiskImages
0x0000000009073000 	/System/Library/Frameworks/DiscRecording.framework/Versions/A/DiscRecording
0x0000000009073000 	/usr/lib/libcsfde.dylib
0x0000000009073000 	/usr/lib/libcurl.4.dylib
0x0000000009073000 	/System/Library/PrivateFrameworks/MediaKit.framework/Versions/A/MediaKit
0x0000000009073000 	/System/Library/PrivateFrameworks/ProtectedCloudStorage.framework/Versions/A/ProtectedCloudStorage
0x0000000009073000 	/usr/lib/libCoreStorage.dylib
0x0000000009073000 	/System/Library/PrivateFrameworks/EFILogin.framework/Versions/A/EFILogin
0x0000000009073000 	/usr/lib/libutil.dylib
0x0000000009073000 	/System/Library/PrivateFrameworks/FindMyDevice.framework/Versions/A/FindMyDevice
0x0000000009073000 	/System/Library/Frameworks/LDAP.framework/Versions/A/LDAP
0x0000000009073000 	/usr/lib/libsasl2.2.dylib
0x0000000009073000 	/System/Library/PrivateFrameworks/CoreDaemon.framework/Versions/B/CoreDaemon
0x0000000009073000 	/usr/lib/libcrypto.0.9.8.dylib
0x0000000009073000 	/System/Library/PrivateFrameworks/AppleSRP.framework/Versions/A/AppleSRP
0x0000000009073000 	/System/Library/PrivateFrameworks/TrustEvaluationAgent.framework/Versions/A/TrustEvaluationAgent
0x0000000117cd4000 	cl_kernels
0x0000000009073000 	/System/Library/Frameworks/OpenCL.framework/Versions/A/Libraries/ImageFormats/unorm8_bgra.dylib
0x0000000009073000 	/System/Library/Frameworks/OpenCL.framework/Versions/A/Libraries/ImageFormats/unorm8_rgba.dylib
0x0000000009073000 	/System/Library/PrivateFrameworks/FamilyControls.framework/Versions/A/FamilyControls
0x0000000009073000 	/System/Library/PrivateFrameworks/CommerceKit.framework/Versions/A/Frameworks/CommerceCore.framework/Versions/A/CommerceCore
0x0000000009073000 	/System/Library/PrivateFrameworks/SystemAdministration.framework/Versions/A/SystemAdministration
0x0000000009073000 	/System/Library/PrivateFrameworks/AppContainer.framework/Versions/A/AppContainer
0x0000000009073000 	/System/Library/PrivateFrameworks/SecCodeWrapper.framework/Versions/A/SecCodeWrapper
0x0000000009073000 	/System/Library/Frameworks/DirectoryService.framework/Versions/A/DirectoryService
0x0000000009073000 	/System/Library/PrivateFrameworks/LoginUIKit.framework/Versions/A/Frameworks/LoginUICore.framework/Versions/A/LoginUICore
0x0000000009073000 	/usr/lib/libodfde.dylib
0x0000000118e82000 	/Library/Java/JavaVirtualMachines/jdk1.7.0_79.jdk/Contents/Home/jre/lib/libfontmanager.dylib
0x0000000118ee9000 	/System/Library/Frameworks/OpenGL.framework/Resources/GLEngine.bundle/GLEngine
0x0000000009073000 	/System/Library/Frameworks/OpenGL.framework/Versions/A/Libraries/libGLProgrammability.dylib
0x00000001190d1000 	/System/Library/Extensions/AppleIntelHD5000GraphicsGLDriver.bundle/Contents/MacOS/AppleIntelHD5000GraphicsGLDriver
0x0000000009073000 	/System/Library/PrivateFrameworks/GPUSupport.framework/Versions/A/Libraries/libGPUSupportMercury.dylib
0x0000000119820000 	/System/Library/Frameworks/OpenGL.framework/Resources//GLRendererFloat.bundle/GLRendererFloat
0x000000011a0f2000 	/Library/Java/JavaVirtualMachines/jdk1.7.0_79.jdk/Contents/Home/jre/lib/libosxui.dylib
0x000000011acd2000 	/private/var/folders/08/nswmbsb176s05ytyr928rhl80000gn/T/javacpp1464277062077684000/libopencv_core.3.0.dylib
0x000000011af5a000 	/private/var/folders/08/nswmbsb176s05ytyr928rhl80000gn/T/javacpp1464277062077684000/libopencv_imgproc.3.0.dylib
0x0000000117869000 	/private/var/folders/08/nswmbsb176s05ytyr928rhl80000gn/T/javacpp1464277062077684000/libjniopencv_core.dylib
0x0000000117bc7000 	/Library/Java/JavaVirtualMachines/jdk1.7.0_79.jdk/Contents/Home/jre/lib/libnet.dylib
0x0000000116f44000 	/Library/Java/JavaVirtualMachines/jdk1.7.0_79.jdk/Contents/Home/jre/lib/libnio.dylib
0x000000011d28a000 	/System/Library/Extensions/AppleIntelHD5000GraphicsMTLDriver.bundle/Contents/MacOS/AppleIntelHD5000GraphicsMTLDriver
0x0000000120dfe000 	/private/var/folders/08/nswmbsb176s05ytyr928rhl80000gn/T/javacpp1464277062077684000/libjniopencv_imgproc.dylib
0x000000012441b000 	/private/var/folders/08/nswmbsb176s05ytyr928rhl80000gn/T/javacpp1464277062077684000/libopencv_imgcodecs.3.0.dylib
0x0000000120ebd000 	/private/var/folders/08/nswmbsb176s05ytyr928rhl80000gn/T/javacpp1464277062077684000/libjniopencv_imgcodecs.dylib

VM Arguments:
jvm_args: -Dfile.encoding=UTF-8 
java_command: ru.ang5545.scanning_system_2.App
Launcher Type: SUN_STANDARD

Environment Variables:
PATH=/usr/bin:/bin:/usr/sbin:/sbin
SHELL=/bin/bash
DISPLAY=/private/tmp/com.apple.launchd.mWShdat9mw/org.macosforge.xquartz:0

Signal Handlers:
SIGSEGV: [libjvm.dylib+0x52daf1], sa_mask[0]=0xfffefeff, sa_flags=0x00000043
SIGBUS: [libjvm.dylib+0x52daf1], sa_mask[0]=0xfffefeff, sa_flags=0x00000042
SIGFPE: [libjvm.dylib+0x41f34e], sa_mask[0]=0xfffefeff, sa_flags=0x00000042
SIGPIPE: [libjvm.dylib+0x41f34e], sa_mask[0]=0xfffefeff, sa_flags=0x00000042
SIGXFSZ: [libjvm.dylib+0x41f34e], sa_mask[0]=0xfffefeff, sa_flags=0x00000042
SIGILL: [libjvm.dylib+0x41f34e], sa_mask[0]=0xfffefeff, sa_flags=0x00000042
SIGUSR1: SIG_DFL, sa_mask[0]=0x00000000, sa_flags=0x00000000
SIGUSR2: [libjvm.dylib+0x41ee40], sa_mask[0]=0x00000004, sa_flags=0x00000042
SIGHUP: [libjvm.dylib+0x41d0d1], sa_mask[0]=0xfffefeff, sa_flags=0x00000042
SIGINT: [libjvm.dylib+0x41d0d1], sa_mask[0]=0xfffefeff, sa_flags=0x00000042
SIGTERM: [libjvm.dylib+0x41d0d1], sa_mask[0]=0xfffefeff, sa_flags=0x00000042
SIGQUIT: [libjvm.dylib+0x41d0d1], sa_mask[0]=0xfffefeff, sa_flags=0x00000042


---------------  S Y S T E M  ---------------

OS:Bsduname:Darwin 15.4.0 Darwin Kernel Version 15.4.0: Fri Feb 26 22:08:05 PST 2016; root:xnu-3248.40.184~3/RELEASE_X86_64 x86_64
rlimit: STACK 8192k, CORE 0k, NPROC 709, NOFILE 10240, AS infinity
load average:1.99 1.81 1.55

CPU:total 8 (4 cores per cpu, 2 threads per core) family 6 model 70 stepping 1, cmov, cx8, fxsr, mmx, sse, sse2, sse3, ssse3, sse4.1, sse4.2, popcnt, avx, avx2, aes, erms, ht, tsc, tscinvbit

Memory: 4k page, physical 8388608k(2097152k free)

/proc/meminfo:


vm_info: Java HotSpot(TM) 64-Bit Server VM (24.79-b02) for bsd-amd64 JRE (1.7.0_79-b15), built on Apr 10 2015 11:35:04 by "java_re" with gcc 4.2.1 (Based on Apple Inc. build 5658) (LLVM build 2336.11.00)

time: Thu May 26 18:37:48 2016
elapsed time: 6 seconds

