#
# A fatal error has been detected by the Java Runtime Environment:
#
#  SIGSEGV (0xb) at pc=0x00007f463b041c14, pid=14761, tid=139939580466944
#
# JRE version: OpenJDK Runtime Environment (7.0_91-b02) (build 1.7.0_91-b02)
# Java VM: OpenJDK 64-Bit Server VM (24.91-b01 mixed mode linux-amd64 compressed oops)
# Derivative: IcedTea 2.6.3
# Distribution: Custom build (Wed Nov 18 11:18:35 UTC 2015)
# Problematic frame:
# C  [libopencv_core.so.3.0+0x211c14]  cvStartReadSeq+0x64
#
# Failed to write core dump. Core dumps have been disabled. To enable core dumping, try "ulimit -c unlimited" before starting Java again
#
# If you would like to submit a bug report, please include
# instructions on how to reproduce the bug and visit:
#   http://icedtea.classpath.org/bugzilla
# The crash happened outside the Java Virtual Machine in native code.
# See problematic frame for where to report the bug.
#

---------------  T H R E A D  ---------------

Current thread (0x00007f462030d000):  JavaThread "SwingWorker-pool-1-thread-1" daemon [_thread_in_native, id=14786, stack(0x00007f4638ebd000,0x00007f4638fbe000)]

siginfo:si_signo=SIGSEGV: si_errno=0, si_code=1 (SEGV_MAPERR), si_addr=0x000003070000046c

Registers:
RAX=0x000003070000046c, RBX=0x00007f4638fbc300, RCX=0x00000000ffffffff, RDX=0x0000000000000000
RSP=0x00007f4638fbbea0, RBP=0x00007f461c857af0, RSI=0x00007f4638fbc300, RDI=0x00007f461c857af0
R8 =0x0000000042ff4010, R9 =0x00007f4638fbc390, R10=0x0000000000000500, R11=0x0000000000004000
R12=0x0000000000000000, R13=0x00007f4638fbc520, R14=0x00007f461c857af0, R15=0x00007f4638fbc270
RIP=0x00007f463b041c14, EFLAGS=0x0000000000010206, CSGSFS=0x0000000000000033, ERR=0x0000000000000004
  TRAPNO=0x000000000000000e

Top of Stack: (sp=0x00007f4638fbbea0)
0x00007f4638fbbea0:   0000007d000000da 0000000000000000
0x00007f4638fbbeb0:   0000000000000000 0000000000000000
0x00007f4638fbbec0:   0000000000000000 00007f46201b0820
0x00007f4638fbbed0:   00007f4638fbc520 00007f463a8ac795
0x00007f4638fbbee0:   0000000000000000 0000000000000000
0x00007f4638fbbef0:   00007f4638fbbeb8 00007f4638fbbf00
0x00007f4638fbbf00:   00007f4638fbc340 000000001c857b90
0x00007f4638fbbf10:   00007f4638fbc120 00007f4638fbc040
0x00007f4638fbbf20:   0000000000000000 3fffffff00000006
0x00007f4638fbbf30:   000000081c853010 00007f463a821a94
0x00007f4638fbbf40:   0000000000000000 0000000000000000
0x00007f4638fbbf50:   0000000000000000 0000000000000000
0x00007f4638fbbf60:   00007f4638fbbf28 00007f4638fbc2d0
0x00007f4638fbbf70:   00007f4638fbc300 0000000000000080
0x00007f4638fbbf80:   00007f4638fbc2f8 00007f4600030000
0x00007f4638fbbf90:   0000000000000000 0000000000000000
0x00007f4638fbbfa0:   00007f461c857ae8 00007f4638fbc160
0x00007f4638fbbfb0:   0000000000000400 00007f463b041a19
0x00007f4638fbbfc0:   00007f4638fbbf88 00007f4638fbc160
0x00007f4638fbbfd0:   00000000000004ff 00007f463b041756
0x00007f4638fbbfe0:   00000000000004ff 00007f461c84e220
0x00007f4638fbbff0:   0000000000000000 0000000000000001
0x00007f4638fbc000:   0000000001010000 00007f4638fbc040
0x00007f4638fbc010:   0000000000000000 00007f461c84e260
0x00007f4638fbc020:   00007f461c857ae8 fffffffe0000046c
0x00007f4638fbc030:   0000000000000000 00007f461c84e220
0x00007f4638fbc040:   0000000242ff400c 0000000000000000
0x00007f4638fbc050:   0000000000000000 0000000000000000
0x00007f4638fbc060:   0000000000000000 00007f4638fbc270
0x00007f4638fbc070:   0000000000000000 00007f4638fbc290
0x00007f4638fbc080:   00007f4638fbc1e0 00007f4638fbc090
0x00007f4638fbc090:   0000000000000003 0000000000000008 

Instructions: (pc=0x00007f463b041c14)
0x00007f463b041bf4:   00 00 00 0f 84 83 00 00 00 48 8b 45 58 c7 03 40
0x00007f463b041c04:   00 00 00 48 89 6b 08 48 85 c0 0f 84 bc 00 00 00
0x00007f463b041c14:   48 8b 38 44 8b 45 2c 48 8b 48 18 44 8b 50 10 8b
0x00007f463b041c24:   57 14 4c 8b 4f 18 48 89 4b 18 44 89 53 30 8d 72 

Register to memory mapping:

RAX=0x000003070000046c is an unknown value
RBX=0x00007f4638fbc300 is pointing into the stack for thread: 0x00007f462030d000
RCX=0x00000000ffffffff is an unknown value
RDX=0x0000000000000000 is an unknown value
RSP=0x00007f4638fbbea0 is pointing into the stack for thread: 0x00007f462030d000
RBP=0x00007f461c857af0 is an unknown value
RSI=0x00007f4638fbc300 is pointing into the stack for thread: 0x00007f462030d000
RDI=0x00007f461c857af0 is an unknown value
R8 =0x0000000042ff4010 is an unknown value
R9 =0x00007f4638fbc390 is pointing into the stack for thread: 0x00007f462030d000
R10=0x0000000000000500 is an unknown value
R11=0x0000000000004000 is an unknown value
R12=0x0000000000000000 is an unknown value
R13=0x00007f4638fbc520 is pointing into the stack for thread: 0x00007f462030d000
R14=0x00007f461c857af0 is an unknown value
R15=0x00007f4638fbc270 is pointing into the stack for thread: 0x00007f462030d000


Stack: [0x00007f4638ebd000,0x00007f4638fbe000],  sp=0x00007f4638fbbea0,  free space=1019k
Native frames: (J=compiled Java code, j=interpreted, Vv=VM code, C=native code)
C  [libopencv_core.so.3.0+0x211c14]  cvStartReadSeq+0x64

Java frames: (J=compiled Java code, j=interpreted, Vv=VM code)
j  org.bytedeco.javacpp.opencv_imgproc.cvDrawContours(Lorg/bytedeco/javacpp/helper/opencv_core$CvArr;Lorg/bytedeco/javacpp/opencv_core$CvSeq;Lorg/bytedeco/javacpp/opencv_core$CvScalar;Lorg/bytedeco/javacpp/opencv_core$CvScalar;IIILorg/bytedeco/javacpp/opencv_core$CvPoint;)V+0
j  org.bytedeco.javacpp.helper.opencv_imgproc.cvDrawContours(Lorg/bytedeco/javacpp/helper/opencv_core$CvArr;Lorg/bytedeco/javacpp/opencv_core$CvSeq;Lorg/bytedeco/javacpp/opencv_core$CvScalar;Lorg/bytedeco/javacpp/opencv_core$CvScalar;III)V+13
j  ru.ang5545.scanning_system_2.image_processing.ContourHandler.drawContour(Lorg/bytedeco/javacpp/opencv_core$IplImage;Lorg/bytedeco/javacpp/opencv_core$CvSeq;Lorg/bytedeco/javacpp/opencv_core$CvScalar;I)V+9
j  ru.ang5545.scanning_system_2.image_processing.ContourHandler.drawContours(Lorg/bytedeco/javacpp/opencv_core$IplImage;Lorg/bytedeco/javacpp/opencv_core$CvScalar;Lorg/bytedeco/javacpp/opencv_core$CvScalar;I)V+9
j  ru.ang5545.scanning_system_2.image_processing.ImageHandler.processImage(Lorg/bytedeco/javacpp/opencv_core$IplImage;Lru/ang5545/model/ThresholdParameters;Lru/ang5545/model/ThresholdParameters;Lru/ang5545/model/ThresholdParameters;)V+68
j  ru.ang5545.scanning_system_2.gui.MainFrame$AnswerWorker.doInBackground()Ljava/lang/String;+61
j  ru.ang5545.scanning_system_2.gui.MainFrame$AnswerWorker.doInBackground()Ljava/lang/Object;+1
j  javax.swing.SwingWorker$1.call()Ljava/lang/Object;+14
j  java.util.concurrent.FutureTask.run()V+42
j  javax.swing.SwingWorker.run()V+4
j  java.util.concurrent.ThreadPoolExecutor.runWorker(Ljava/util/concurrent/ThreadPoolExecutor$Worker;)V+95
j  java.util.concurrent.ThreadPoolExecutor$Worker.run()V+5
j  java.lang.Thread.run()V+11
v  ~StubRoutines::call_stub

---------------  P R O C E S S  ---------------

Java Threads: ( => current thread )
=>0x00007f462030d000 JavaThread "SwingWorker-pool-1-thread-1" daemon [_thread_in_native, id=14786, stack(0x00007f4638ebd000,0x00007f4638fbe000)]
  0x00007f462022e800 JavaThread "TimerQueue" daemon [_thread_blocked, id=14785, stack(0x00007f4639b2b000,0x00007f4639c2c000)]
  0x00007f4678009800 JavaThread "DestroyJavaVM" [_thread_blocked, id=14766, stack(0x00007f467f77e000,0x00007f467f87f000)]
  0x00007f467828a000 JavaThread "AWT-EventQueue-0" [_thread_blocked, id=14782, stack(0x00007f463b3d1000,0x00007f463b4d2000)]
  0x00007f4678289000 JavaThread "AWT-Shutdown" [_thread_blocked, id=14781, stack(0x00007f463b4d2000,0x00007f463b5d3000)]
  0x00007f4678285000 JavaThread "AWT-XAWT" daemon [_thread_in_native, id=14780, stack(0x00007f4658030000,0x00007f4658131000)]
  0x00007f467826a000 JavaThread "Java2D Disposer" daemon [_thread_blocked, id=14779, stack(0x00007f466c035000,0x00007f466c136000)]
  0x00007f46780ad800 JavaThread "Service Thread" daemon [_thread_blocked, id=14777, stack(0x00007f466ed90000,0x00007f466ee91000)]
  0x00007f46780ab800 JavaThread "C2 CompilerThread1" daemon [_thread_blocked, id=14776, stack(0x00007f466ee91000,0x00007f466ef92000)]
  0x00007f46780a8800 JavaThread "C2 CompilerThread0" daemon [_thread_blocked, id=14775, stack(0x00007f466ef92000,0x00007f466f093000)]
  0x00007f46780a6000 JavaThread "Signal Dispatcher" daemon [_thread_blocked, id=14774, stack(0x00007f466f093000,0x00007f466f194000)]
  0x00007f467807b000 JavaThread "Finalizer" daemon [_thread_blocked, id=14773, stack(0x00007f466f492000,0x00007f466f593000)]
  0x00007f4678079000 JavaThread "Reference Handler" daemon [_thread_blocked, id=14772, stack(0x00007f466f593000,0x00007f466f694000)]

Other Threads:
  0x00007f4678075000 VMThread [stack: 0x00007f466f694000,0x00007f466f795000] [id=14771]
  0x00007f46780b8800 WatcherThread [stack: 0x00007f466ec8f000,0x00007f466ed90000] [id=14778]

VM state:not at safepoint (normal execution)

VM Mutex/Monitor currently owned by a thread: None

Heap
 PSYoungGen      total 36864K, used 10619K [0x00000007d7000000, 0x00000007e2200000, 0x0000000800000000)
  eden space 34816K, 25% used [0x00000007d7000000,0x00000007d78bd568,0x00000007d9200000)
  from space 2048K, 81% used [0x00000007e1d80000,0x00000007e1f21a08,0x00000007e1f80000)
  to   space 2560K, 0% used [0x00000007e1f80000,0x00000007e1f80000,0x00000007e2200000)
 ParOldGen       total 83968K, used 26264K [0x0000000785000000, 0x000000078a200000, 0x00000007d7000000)
  object space 83968K, 31% used [0x0000000785000000,0x00000007869a62d0,0x000000078a200000)
 PSPermGen       total 21504K, used 15438K [0x000000077aa00000, 0x000000077bf00000, 0x0000000785000000)
  object space 21504K, 71% used [0x000000077aa00000,0x000000077b9138d0,0x000000077bf00000)

Card table byte_map: [0x00007f467c563000,0x00007f467c98f000] byte_map_base: 0x00007f467898e000

Polling page: 0x00007f467f8b7000

Code Cache  [0x00007f4675000000, 0x00007f4675270000, 0x00007f4678000000)
 total_blobs=867 nmethods=286 adapters=534 free_code_cache=48014Kb largest_free_block=49131456

Compilation events (10 events):
Event: 27,140 Thread 0x00007f46780a8800  294             javax.swing.SwingUtilities::getWindowAncestor (31 bytes)
Event: 27,141 Thread 0x00007f46780a8800 nmethod 294 0x00007f467510cd10 code [0x00007f467510ce60, 0x00007f467510cf38]
Event: 27,630 Thread 0x00007f46780ab800  295  s          sun.java2d.loops.RenderCache::get (100 bytes)
Event: 27,632 Thread 0x00007f46780ab800 nmethod 295 0x00007f467510afd0 code [0x00007f467510b120, 0x00007f467510b4d8]
Event: 27,924 Thread 0x00007f46780a8800  296             sun.java2d.pipe.Region::getIntersectionXYXY (108 bytes)
Event: 27,924 Thread 0x00007f46780ab800  297             sun.java2d.pipe.Region::isInsideXYXY (39 bytes)
Event: 27,924 Thread 0x00007f46780ab800 nmethod 297 0x00007f467510cad0 code [0x00007f467510cc00, 0x00007f467510cc98]
Event: 27,925 Thread 0x00007f46780a8800 nmethod 296 0x00007f467510aa90 code [0x00007f467510abe0, 0x00007f467510ae38]
Event: 28,224 Thread 0x00007f46780ab800  298             java.awt.Component::getComponentOrientation (5 bytes)
Event: 28,224 Thread 0x00007f46780ab800 nmethod 298 0x00007f467510c2d0 code [0x00007f467510c400, 0x00007f467510c478]

GC Heap History (10 events):
Event: 27,746 GC heap before
{Heap before GC invocations=85 (full 0):
 PSYoungGen      total 26624K, used 23099K [0x00000007d7000000, 0x00000007e2700000, 0x0000000800000000)
  eden space 24576K, 87% used [0x00000007d7000000,0x00000007d85011d8,0x00000007d8800000)
  from space 2048K, 77% used [0x00000007e2500000,0x00000007e268dc00,0x00000007e2700000)
  to   space 2560K, 0% used [0x00000007e2200000,0x00000007e2200000,0x00000007e2480000)
 ParOldGen       total 83968K, used 26192K [0x0000000785000000, 0x000000078a200000, 0x00000007d7000000)
  object space 83968K, 31% used [0x0000000785000000,0x00000007869942d0,0x000000078a200000)
 PSPermGen       total 21504K, used 15436K [0x000000077aa00000, 0x000000077bf00000, 0x0000000785000000)
  object space 21504K, 71% used [0x000000077aa00000,0x000000077b9133e0,0x000000077bf00000)
Event: 27,747 GC heap after
Heap after GC invocations=85 (full 0):
 PSYoungGen      total 25600K, used 1193K [0x00000007d7000000, 0x00000007e2580000, 0x0000000800000000)
  eden space 24064K, 0% used [0x00000007d7000000,0x00000007d7000000,0x00000007d8780000)
  from space 1536K, 77% used [0x00000007e2200000,0x00000007e232a638,0x00000007e2380000)
  to   space 2048K, 0% used [0x00000007e2380000,0x00000007e2380000,0x00000007e2580000)
 ParOldGen       total 83968K, used 26208K [0x0000000785000000, 0x000000078a200000, 0x00000007d7000000)
  object space 83968K, 31% used [0x0000000785000000,0x00000007869982d0,0x000000078a200000)
 PSPermGen       total 21504K, used 15436K [0x000000077aa00000, 0x000000077bf00000, 0x0000000785000000)
  object space 21504K, 71% used [0x000000077aa00000,0x000000077b9133e0,0x000000077bf00000)
}
Event: 27,904 GC heap before
{Heap before GC invocations=86 (full 0):
 PSYoungGen      total 25600K, used 21658K [0x00000007d7000000, 0x00000007e2580000, 0x0000000800000000)
  eden space 24064K, 85% used [0x00000007d7000000,0x00000007d83fc290,0x00000007d8780000)
  from space 1536K, 77% used [0x00000007e2200000,0x00000007e232a638,0x00000007e2380000)
  to   space 2048K, 0% used [0x00000007e2380000,0x00000007e2380000,0x00000007e2580000)
 ParOldGen       total 83968K, used 26208K [0x0000000785000000, 0x000000078a200000, 0x00000007d7000000)
  object space 83968K, 31% used [0x0000000785000000,0x00000007869982d0,0x000000078a200000)
 PSPermGen       total 21504K, used 15436K [0x000000077aa00000, 0x000000077bf00000, 0x0000000785000000)
  object space 21504K, 71% used [0x000000077aa00000,0x000000077b9133e0,0x000000077bf00000)
Event: 27,906 GC heap after
Heap after GC invocations=86 (full 0):
 PSYoungGen      total 24576K, used 859K [0x00000007d7000000, 0x00000007e2480000, 0x0000000800000000)
  eden space 23552K, 0% used [0x00000007d7000000,0x00000007d7000000,0x00000007d8700000)
  from space 1024K, 83% used [0x00000007e2380000,0x00000007e2456c20,0x00000007e2480000)
  to   space 2560K, 0% used [0x00000007e1f80000,0x00000007e1f80000,0x00000007e2200000)
 ParOldGen       total 83968K, used 26216K [0x0000000785000000, 0x000000078a200000, 0x00000007d7000000)
  object space 83968K, 31% used [0x0000000785000000,0x000000078699a2d0,0x000000078a200000)
 PSPermGen       total 21504K, used 15436K [0x000000077aa00000, 0x000000077bf00000, 0x0000000785000000)
  object space 21504K, 71% used [0x000000077aa00000,0x000000077b9133e0,0x000000077bf00000)
}
Event: 28,023 GC heap before
{Heap before GC invocations=87 (full 0):
 PSYoungGen      total 24576K, used 23654K [0x00000007d7000000, 0x00000007e2480000, 0x0000000800000000)
  eden space 23552K, 96% used [0x00000007d7000000,0x00000007d8642ea0,0x00000007d8700000)
  from space 1024K, 83% used [0x00000007e2380000,0x00000007e2456c20,0x00000007e2480000)
  to   space 2560K, 0% used [0x00000007e1f80000,0x00000007e1f80000,0x00000007e2200000)
 ParOldGen       total 83968K, used 26216K [0x0000000785000000, 0x000000078a200000, 0x00000007d7000000)
  object space 83968K, 31% used [0x0000000785000000,0x000000078699a2d0,0x000000078a200000)
 PSPermGen       total 21504K, used 15436K [0x000000077aa00000, 0x000000077bf00000, 0x0000000785000000)
  object space 21504K, 71% used [0x000000077aa00000,0x000000077b9133e0,0x000000077bf00000)
Event: 28,025 GC heap after
Heap after GC invocations=87 (full 0):
 PSYoungGen      total 25600K, used 1750K [0x00000007d7000000, 0x00000007e2400000, 0x0000000800000000)
  eden space 23552K, 0% used [0x00000007d7000000,0x00000007d7000000,0x00000007d8700000)
  from space 2048K, 85% used [0x00000007e1f80000,0x00000007e2135810,0x00000007e2180000)
  to   space 2560K, 0% used [0x00000007e2180000,0x00000007e2180000,0x00000007e2400000)
 ParOldGen       total 83968K, used 26232K [0x0000000785000000, 0x000000078a200000, 0x00000007d7000000)
  object space 83968K, 31% used [0x0000000785000000,0x000000078699e2d0,0x000000078a200000)
 PSPermGen       total 21504K, used 15436K [0x000000077aa00000, 0x000000077bf00000, 0x0000000785000000)
  object space 21504K, 71% used [0x000000077aa00000,0x000000077b9133e0,0x000000077bf00000)
}
Event: 28,141 GC heap before
{Heap before GC invocations=88 (full 0):
 PSYoungGen      total 25600K, used 24569K [0x00000007d7000000, 0x00000007e2400000, 0x0000000800000000)
  eden space 23552K, 96% used [0x00000007d7000000,0x00000007d8648cd8,0x00000007d8700000)
  from space 2048K, 85% used [0x00000007e1f80000,0x00000007e2135810,0x00000007e2180000)
  to   space 2560K, 0% used [0x00000007e2180000,0x00000007e2180000,0x00000007e2400000)
 ParOldGen       total 83968K, used 26232K [0x0000000785000000, 0x000000078a200000, 0x00000007d7000000)
  object space 83968K, 31% used [0x0000000785000000,0x000000078699e2d0,0x000000078a200000)
 PSPermGen       total 21504K, used 15438K [0x000000077aa00000, 0x000000077bf00000, 0x0000000785000000)
  object space 21504K, 71% used [0x000000077aa00000,0x000000077b913828,0x000000077bf00000)
Event: 28,143 GC heap after
Heap after GC invocations=88 (full 0):
 PSYoungGen      total 29696K, used 970K [0x00000007d7000000, 0x00000007e2280000, 0x0000000800000000)
  eden space 28672K, 0% used [0x00000007d7000000,0x00000007d7000000,0x00000007d8c00000)
  from space 1024K, 94% used [0x00000007e2180000,0x00000007e2272a28,0x00000007e2280000)
  to   space 2560K, 0% used [0x00000007e1d80000,0x00000007e1d80000,0x00000007e2000000)
 ParOldGen       total 83968K, used 26240K [0x0000000785000000, 0x000000078a200000, 0x00000007d7000000)
  object space 83968K, 31% used [0x0000000785000000,0x00000007869a02d0,0x000000078a200000)
 PSPermGen       total 21504K, used 15438K [0x000000077aa00000, 0x000000077bf00000, 0x0000000785000000)
  object space 21504K, 71% used [0x000000077aa00000,0x000000077b913828,0x000000077bf00000)
}
Event: 28,334 GC heap before
{Heap before GC invocations=89 (full 0):
 PSYoungGen      total 29696K, used 29019K [0x00000007d7000000, 0x00000007e2280000, 0x0000000800000000)
  eden space 28672K, 97% used [0x00000007d7000000,0x00000007d8b64540,0x00000007d8c00000)
  from space 1024K, 94% used [0x00000007e2180000,0x00000007e2272a28,0x00000007e2280000)
  to   space 2560K, 0% used [0x00000007e1d80000,0x00000007e1d80000,0x00000007e2000000)
 ParOldGen       total 83968K, used 26240K [0x0000000785000000, 0x000000078a200000, 0x00000007d7000000)
  object space 83968K, 31% used [0x0000000785000000,0x00000007869a02d0,0x000000078a200000)
 PSPermGen       total 21504K, used 15438K [0x000000077aa00000, 0x000000077bf00000, 0x0000000785000000)
  object space 21504K, 71% used [0x000000077aa00000,0x000000077b9138d0,0x000000077bf00000)
Event: 28,335 GC heap after
Heap after GC invocations=89 (full 0):
 PSYoungGen      total 36864K, used 1670K [0x00000007d7000000, 0x00000007e2200000, 0x0000000800000000)
  eden space 34816K, 0% used [0x00000007d7000000,0x00000007d7000000,0x00000007d9200000)
  from space 2048K, 81% used [0x00000007e1d80000,0x00000007e1f21a08,0x00000007e1f80000)
  to   space 2560K, 0% used [0x00000007e1f80000,0x00000007e1f80000,0x00000007e2200000)
 ParOldGen       total 83968K, used 26264K [0x0000000785000000, 0x000000078a200000, 0x00000007d7000000)
  object space 83968K, 31% used [0x0000000785000000,0x00000007869a62d0,0x000000078a200000)
 PSPermGen       total 21504K, used 15438K [0x000000077aa00000, 0x000000077bf00000, 0x0000000785000000)
  object space 21504K, 71% used [0x000000077aa00000,0x000000077b9138d0,0x000000077bf00000)
}

Deoptimization events (10 events):
Event: 5,079 Thread 0x00007f467828a000 Uncommon trap: reason=class_check action=maybe_recompile pc=0x00007f4675087190 method=java.lang.String.equals(Ljava/lang/Object;)Z @ 8
Event: 5,079 Thread 0x00007f467828a000 Uncommon trap: reason=class_check action=maybe_recompile pc=0x00007f4675087190 method=java.lang.String.equals(Ljava/lang/Object;)Z @ 8
Event: 5,182 Thread 0x00007f467828a000 Uncommon trap: reason=predicate action=maybe_recompile pc=0x00007f46750c82ac method=java.util.TimSort.binarySort([Ljava/lang/Object;IIILjava/util/Comparator;)V @ 37
Event: 6,879 Thread 0x00007f467828a000 Uncommon trap: reason=array_check action=maybe_recompile pc=0x00007f46750df3a4 method=java.util.TimSort.binarySort([Ljava/lang/Object;IIILjava/util/Comparator;)V @ 215
Event: 6,879 Thread 0x00007f467828a000 Uncommon trap: reason=array_check action=maybe_recompile pc=0x00007f46750df5fc method=java.util.TimSort.binarySort([Ljava/lang/Object;IIILjava/util/Comparator;)V @ 183
Event: 6,889 Thread 0x00007f467828a000 Uncommon trap: reason=array_check action=maybe_recompile pc=0x00007f46750df3a4 method=java.util.TimSort.binarySort([Ljava/lang/Object;IIILjava/util/Comparator;)V @ 215
Event: 6,889 Thread 0x00007f467828a000 Uncommon trap: reason=array_check action=maybe_recompile pc=0x00007f46750df5fc method=java.util.TimSort.binarySort([Ljava/lang/Object;IIILjava/util/Comparator;)V @ 183
Event: 8,449 Thread 0x00007f467828a000 Uncommon trap: reason=array_check action=maybe_recompile pc=0x00007f46750e0ba0 method=java.util.TimSort.binarySort([Ljava/lang/Object;IIILjava/util/Comparator;)V @ 193
Event: 8,449 Thread 0x00007f467828a000 Uncommon trap: reason=array_check action=maybe_recompile pc=0x00007f46750e0ba0 method=java.util.TimSort.binarySort([Ljava/lang/Object;IIILjava/util/Comparator;)V @ 193
Event: 18,097 Thread 0x00007f462030d000 Uncommon trap: reason=null_check action=make_not_entrant pc=0x00007f46750fcd24 method=javax.swing.RepaintManager.extendDirtyRegion(Ljava/awt/Component;IIII)Z @ 10

Internal exceptions (10 events):
Event: 2,239 Thread 0x00007f467828a000 Threw 0x00000007d81ffe00 at /build/java7-openjdk/src/icedtea-2.6.3/openjdk/hotspot/src/share/vm/prims/jvm.cpp:1322
Event: 2,240 Thread 0x00007f467828a000 Threw 0x00000007d8206398 at /build/java7-openjdk/src/icedtea-2.6.3/openjdk/hotspot/src/share/vm/prims/jvm.cpp:1322
Event: 2,240 Thread 0x00007f467828a000 Threw 0x00000007d820d1c0 at /build/java7-openjdk/src/icedtea-2.6.3/openjdk/hotspot/src/share/vm/prims/jvm.cpp:1322
Event: 2,240 Thread 0x00007f467828a000 Threw 0x00000007d8212b80 at /build/java7-openjdk/src/icedtea-2.6.3/openjdk/hotspot/src/share/vm/prims/jvm.cpp:1322
Event: 2,240 Thread 0x00007f467828a000 Threw 0x00000007d8217dd8 at /build/java7-openjdk/src/icedtea-2.6.3/openjdk/hotspot/src/share/vm/prims/jvm.cpp:1322
Event: 2,241 Thread 0x00007f467828a000 Threw 0x00000007d821d8a0 at /build/java7-openjdk/src/icedtea-2.6.3/openjdk/hotspot/src/share/vm/prims/jvm.cpp:1322
Event: 2,275 Thread 0x00007f467828a000 Threw 0x00000007d8264828 at /build/java7-openjdk/src/icedtea-2.6.3/openjdk/hotspot/src/share/vm/prims/jvm.cpp:1322
Event: 2,277 Thread 0x00007f467828a000 Threw 0x00000007d8268da0 at /build/java7-openjdk/src/icedtea-2.6.3/openjdk/hotspot/src/share/vm/prims/jvm.cpp:1322
Event: 2,351 Thread 0x00007f462030d000 Threw 0x00000007d8363f08 at /build/java7-openjdk/src/icedtea-2.6.3/openjdk/hotspot/src/share/vm/prims/jvm.cpp:1322
Event: 18,097 Thread 0x00007f462030d000 Implicit null exception at 0x00007f46750fc9bc to 0x00007f46750fcd18

Events (10 events):
Event: 27,746 Executing VM operation: ParallelGCFailedAllocation
Event: 27,747 Executing VM operation: ParallelGCFailedAllocation done
Event: 27,904 Executing VM operation: ParallelGCFailedAllocation
Event: 27,906 Executing VM operation: ParallelGCFailedAllocation done
Event: 28,023 Executing VM operation: ParallelGCFailedAllocation
Event: 28,025 Executing VM operation: ParallelGCFailedAllocation done
Event: 28,141 Executing VM operation: ParallelGCFailedAllocation
Event: 28,143 Executing VM operation: ParallelGCFailedAllocation done
Event: 28,334 Executing VM operation: ParallelGCFailedAllocation
Event: 28,335 Executing VM operation: ParallelGCFailedAllocation done


Dynamic libraries:
00400000-00401000 r-xp 00000000 08:02 15742080                           /usr/lib/jvm/java-7-openjdk/jre/bin/java
00600000-00601000 rw-p 00000000 08:02 15742080                           /usr/lib/jvm/java-7-openjdk/jre/bin/java
008c4000-008e5000 rw-p 00000000 00:00 0                                  [heap]
77aa00000-77bf00000 rw-p 00000000 00:00 0 
77bf00000-785000000 rw-p 00000000 00:00 0 
785000000-78a200000 rw-p 00000000 00:00 0 
78a200000-7d7000000 rw-p 00000000 00:00 0 
7d7000000-7e2200000 rw-p 00000000 00:00 0 
7e2200000-7e7100000 ---p 00000000 00:00 0 
7e7100000-800000000 rw-p 00000000 00:00 0 
7f4616ffe000-7f4616fff000 ---p 00000000 00:00 0 
7f4616fff000-7f46177ff000 rw-p 00000000 00:00 0                          [stack:14789]
7f46177ff000-7f4617800000 ---p 00000000 00:00 0 
7f4617800000-7f4618000000 rw-p 00000000 00:00 0                          [stack:14788]
7f4618000000-7f4618021000 rw-p 00000000 00:00 0 
7f4618021000-7f461c000000 ---p 00000000 00:00 0 
7f461c000000-7f461ce1b000 rw-p 00000000 00:00 0 
7f461ce1b000-7f4620000000 ---p 00000000 00:00 0 
7f4620000000-7f4620c05000 rw-p 00000000 00:00 0 
7f4620c05000-7f4624000000 ---p 00000000 00:00 0 
7f4624000000-7f4624021000 rw-p 00000000 00:00 0 
7f4624021000-7f4628000000 ---p 00000000 00:00 0 
7f4628000000-7f4628021000 rw-p 00000000 00:00 0 
7f4628021000-7f462c000000 ---p 00000000 00:00 0 
7f462c000000-7f462c021000 rw-p 00000000 00:00 0 
7f462c021000-7f4630000000 ---p 00000000 00:00 0 
7f4630000000-7f4630021000 rw-p 00000000 00:00 0 
7f4630021000-7f4634000000 ---p 00000000 00:00 0 
7f4634000000-7f4634021000 rw-p 00000000 00:00 0 
7f4634021000-7f4638000000 ---p 00000000 00:00 0 
7f46386bc000-7f46386bd000 ---p 00000000 00:00 0 
7f46386bd000-7f4638ebd000 rw-p 00000000 00:00 0                          [stack:14787]
7f4638ebd000-7f4638ec0000 ---p 00000000 00:00 0 
7f4638ec0000-7f4638fbe000 rw-p 00000000 00:00 0                          [stack:14786]
7f4638fbe000-7f4638fd8000 r-xp 00000000 00:22 53                         /tmp/javacpp25590070200938/libjniopencv_imgcodecs.so
7f4638fd8000-7f46391d7000 ---p 0001a000 00:22 53                         /tmp/javacpp25590070200938/libjniopencv_imgcodecs.so
7f46391d7000-7f46391d8000 rw-p 00019000 00:22 53                         /tmp/javacpp25590070200938/libjniopencv_imgcodecs.so
7f46391d8000-7f4639471000 r-xp 00000000 00:22 52                         /tmp/javacpp25590070200938/libopencv_imgcodecs.so.3.0
7f4639471000-7f4639671000 ---p 00299000 00:22 52                         /tmp/javacpp25590070200938/libopencv_imgcodecs.so.3.0
7f4639671000-7f463967e000 rw-p 00299000 00:22 52                         /tmp/javacpp25590070200938/libopencv_imgcodecs.so.3.0
7f463967e000-7f4639689000 rw-p 00000000 00:00 0 
7f4639689000-7f4639741000 r-xp 00000000 00:22 51                         /tmp/javacpp25590070200938/libjniopencv_imgproc.so
7f4639741000-7f4639940000 ---p 000b8000 00:22 51                         /tmp/javacpp25590070200938/libjniopencv_imgproc.so
7f4639940000-7f4639942000 rw-p 000b7000 00:22 51                         /tmp/javacpp25590070200938/libjniopencv_imgproc.so
7f4639942000-7f4639992000 rw-s 00000000 00:05 25559063                   /SYSV00000000 (deleted)
7f4639992000-7f4639b2b000 rw-s 00000000 00:05 24936470                   /SYSV00000000 (deleted)
7f4639b2b000-7f4639b2e000 ---p 00000000 00:00 0 
7f4639b2e000-7f4639c2c000 rw-p 00000000 00:00 0                          [stack:14785]
7f4639c2c000-7f4639c3c000 r-xp 00000000 08:02 15742055                   /usr/lib/jvm/java-7-openjdk/jre/lib/amd64/libnio.so
7f4639c3c000-7f4639e3c000 ---p 00010000 08:02 15742055                   /usr/lib/jvm/java-7-openjdk/jre/lib/amd64/libnio.so
7f4639e3c000-7f4639e3d000 rw-p 00010000 08:02 15742055                   /usr/lib/jvm/java-7-openjdk/jre/lib/amd64/libnio.so
7f4639e3d000-7f4639e54000 r-xp 00000000 08:02 15742054                   /usr/lib/jvm/java-7-openjdk/jre/lib/amd64/libnet.so
7f4639e54000-7f463a054000 ---p 00017000 08:02 15742054                   /usr/lib/jvm/java-7-openjdk/jre/lib/amd64/libnet.so
7f463a054000-7f463a055000 rw-p 00017000 08:02 15742054                   /usr/lib/jvm/java-7-openjdk/jre/lib/amd64/libnet.so
7f463a055000-7f463a0a7000 r-xp 00000000 08:02 15742070                   /usr/lib/jvm/java-7-openjdk/jre/lib/amd64/libfontmanager.so
7f463a0a7000-7f463a2a7000 ---p 00052000 08:02 15742070                   /usr/lib/jvm/java-7-openjdk/jre/lib/amd64/libfontmanager.so
7f463a2a7000-7f463a2aa000 rw-p 00052000 08:02 15742070                   /usr/lib/jvm/java-7-openjdk/jre/lib/amd64/libfontmanager.so
7f463a2aa000-7f463a49a000 r-xp 00000000 00:22 50                         /tmp/javacpp25590070200938/libjniopencv_core.so
7f463a49a000-7f463a69a000 ---p 001f0000 00:22 50                         /tmp/javacpp25590070200938/libjniopencv_core.so
7f463a69a000-7f463a69d000 rw-p 001f0000 00:22 50                         /tmp/javacpp25590070200938/libjniopencv_core.so
7f463a69d000-7f463a967000 r-xp 00000000 00:22 49                         /tmp/javacpp25590070200938/libopencv_imgproc.so.3.0
7f463a967000-7f463ab67000 ---p 002ca000 00:22 49                         /tmp/javacpp25590070200938/libopencv_imgproc.so.3.0
7f463ab67000-7f463ab79000 rw-p 002ca000 00:22 49                         /tmp/javacpp25590070200938/libopencv_imgproc.so.3.0
7f463ab79000-7f463ac0e000 rw-p 00000000 00:00 0 
7f463ac0e000-7f463ac2f000 r-xp 00000000 08:02 14947461                   /usr/lib/libgomp.so.1.0.0
7f463ac2f000-7f463ae2f000 ---p 00021000 08:02 14947461                   /usr/lib/libgomp.so.1.0.0
7f463ae2f000-7f463ae30000 rw-p 00021000 08:02 14947461                   /usr/lib/libgomp.so.1.0.0
7f463ae30000-7f463b0c7000 r-xp 00000000 00:22 48                         /tmp/javacpp25590070200938/libopencv_core.so.3.0
7f463b0c7000-7f463b2c6000 ---p 00297000 00:22 48                         /tmp/javacpp25590070200938/libopencv_core.so.3.0
7f463b2c6000-7f463b2cd000 rw-p 00296000 00:22 48                         /tmp/javacpp25590070200938/libopencv_core.so.3.0
7f463b2cd000-7f463b2d0000 rw-p 00000000 00:00 0 
7f463b2d0000-7f463b2d3000 ---p 00000000 00:00 0 
7f463b2d3000-7f463b3d1000 rw-p 00000000 00:00 0 
7f463b3d1000-7f463b3d4000 ---p 00000000 00:00 0 
7f463b3d4000-7f463b4d2000 rw-p 00000000 00:00 0                          [stack:14782]
7f463b4d2000-7f463b4d5000 ---p 00000000 00:00 0 
7f463b4d5000-7f463b5d3000 rw-p 00000000 00:00 0                          [stack:14781]
7f463b5d3000-7f463b5d8000 r-xp 00000000 08:02 14947362                   /usr/lib/libXfixes.so.3.1.0
7f463b5d8000-7f463b7d7000 ---p 00005000 08:02 14947362                   /usr/lib/libXfixes.so.3.1.0
7f463b7d7000-7f463b7d8000 r--p 00004000 08:02 14947362                   /usr/lib/libXfixes.so.3.1.0
7f463b7d8000-7f463b7d9000 rw-p 00005000 08:02 14947362                   /usr/lib/libXfixes.so.3.1.0
7f463b7d9000-7f463b7e3000 r-xp 00000000 08:02 14955981                   /usr/lib/libXcursor.so.1.0.2
7f463b7e3000-7f463b9e2000 ---p 0000a000 08:02 14955981                   /usr/lib/libXcursor.so.1.0.2
7f463b9e2000-7f463b9e3000 r--p 00009000 08:02 14955981                   /usr/lib/libXcursor.so.1.0.2
7f463b9e3000-7f463b9e4000 rw-p 0000a000 08:02 14955981                   /usr/lib/libXcursor.so.1.0.2
7f463b9e4000-7f463b9e8000 r-xp 00000000 08:02 14947376                   /usr/lib/libattr.so.1.1.0
7f463b9e8000-7f463bbe7000 ---p 00004000 08:02 14947376                   /usr/lib/libattr.so.1.1.0
7f463bbe7000-7f463bbe8000 r--p 00003000 08:02 14947376                   /usr/lib/libattr.so.1.1.0
7f463bbe8000-7f463bbe9000 rw-p 00004000 08:02 14947376                   /usr/lib/libattr.so.1.1.0
7f463bbe9000-7f463bbed000 r-xp 00000000 08:02 14947386                   /usr/lib/libcap.so.2.24
7f463bbed000-7f463bdec000 ---p 00004000 08:02 14947386                   /usr/lib/libcap.so.2.24
7f463bdec000-7f463bded000 rw-p 00003000 08:02 14947386                   /usr/lib/libcap.so.2.24
7f463bded000-7f463bdff000 r-xp 00000000 08:02 14947462                   /usr/lib/libgpg-error.so.0.16.0
7f463bdff000-7f463bffe000 ---p 00012000 08:02 14947462                   /usr/lib/libgpg-error.so.0.16.0
7f463bffe000-7f463bfff000 r--p 00011000 08:02 14947462                   /usr/lib/libgpg-error.so.0.16.0
7f463bfff000-7f463c000000 rw-p 00012000 08:02 14947462                   /usr/lib/libgpg-error.so.0.16.0
7f463c000000-7f463c664000 rw-p 00000000 00:00 0 
7f463c664000-7f4640000000 ---p 00000000 00:00 0 
7f4640000000-7f4640021000 rw-p 00000000 00:00 0 
7f4640021000-7f4644000000 ---p 00000000 00:00 0 
7f4644000000-7f4644021000 rw-p 00000000 00:00 0 
7f4644021000-7f4648000000 ---p 00000000 00:00 0 
7f4648000000-7f464837a000 rw-p 00000000 00:00 0 
7f464837a000-7f464c000000 ---p 00000000 00:00 0 
7f464c000000-7f464c021000 rw-p 00000000 00:00 0 
7f464c021000-7f4650000000 ---p 00000000 00:00 0 
7f4650000000-7f4650021000 rw-p 00000000 00:00 0 
7f4650021000-7f4654000000 ---p 00000000 00:00 0 
7f4654000000-7f4654021000 rw-p 00000000 00:00 0 
7f4654021000-7f4658000000 ---p 00000000 00:00 0 
7f4658030000-7f4658033000 ---p 00000000 00:00 0 
7f4658033000-7f4658131000 rw-p 00000000 00:00 0                          [stack:14780]
7f4658131000-7f4658209000 r-xp 00000000 08:02 14947444                   /usr/lib/libgcrypt.so.20.0.4
7f4658209000-7f4658409000 ---p 000d8000 08:02 14947444                   /usr/lib/libgcrypt.so.20.0.4
7f4658409000-7f465840a000 r--p 000d8000 08:02 14947444                   /usr/lib/libgcrypt.so.20.0.4
7f465840a000-7f4658412000 rw-p 000d9000 08:02 14947444                   /usr/lib/libgcrypt.so.20.0.4
7f4658412000-7f4658413000 rw-p 00000000 00:00 0 
7f4658413000-7f4658424000 r-xp 00000000 08:02 14947501                   /usr/lib/liblz4.so.1.7.1
7f4658424000-7f4658623000 ---p 00011000 08:02 14947501                   /usr/lib/liblz4.so.1.7.1
7f4658623000-7f4658624000 r--p 00010000 08:02 14947501                   /usr/lib/liblz4.so.1.7.1
7f4658624000-7f4658625000 rw-p 00011000 08:02 14947501                   /usr/lib/liblz4.so.1.7.1
7f4658625000-7f465864a000 r-xp 00000000 08:02 14943014                   /usr/lib/liblzma.so.5.2.2
7f465864a000-7f4658849000 ---p 00025000 08:02 14943014                   /usr/lib/liblzma.so.5.2.2
7f4658849000-7f465884a000 r--p 00024000 08:02 14943014                   /usr/lib/liblzma.so.5.2.2
7f465884a000-7f465884b000 rw-p 00025000 08:02 14943014                   /usr/lib/liblzma.so.5.2.2
7f465884b000-7f4658874000 r-xp 00000000 08:02 14955009                   /usr/lib/libgraphite2.so.3.0.1
7f4658874000-7f4658a73000 ---p 00029000 08:02 14955009                   /usr/lib/libgraphite2.so.3.0.1
7f4658a73000-7f4658a75000 r--p 00028000 08:02 14955009                   /usr/lib/libgraphite2.so.3.0.1
7f4658a75000-7f4658a76000 rw-p 0002a000 08:02 14955009                   /usr/lib/libgraphite2.so.3.0.1
7f4658a76000-7f4658b07000 r-xp 00000000 08:02 14945771                   /usr/lib/libgmp.so.10.3.0
7f4658b07000-7f4658d07000 ---p 00091000 08:02 14945771                   /usr/lib/libgmp.so.10.3.0
7f4658d07000-7f4658d08000 r--p 00091000 08:02 14945771                   /usr/lib/libgmp.so.10.3.0
7f4658d08000-7f4658d09000 rw-p 00092000 08:02 14945771                   /usr/lib/libgmp.so.10.3.0
7f4658d09000-7f4658d3b000 r-xp 00000000 08:02 14947473                   /usr/lib/libhogweed.so.4.1
7f4658d3b000-7f4658f3b000 ---p 00032000 08:02 14947473                   /usr/lib/libhogweed.so.4.1
7f4658f3b000-7f4658f3c000 r--p 00032000 08:02 14947473                   /usr/lib/libhogweed.so.4.1
7f4658f3c000-7f4658f3d000 rw-p 00033000 08:02 14947473                   /usr/lib/libhogweed.so.4.1
7f4658f3d000-7f4658f73000 r-xp 00000000 08:02 14947524                   /usr/lib/libnettle.so.6.1
7f4658f73000-7f4659172000 ---p 00036000 08:02 14947524                   /usr/lib/libnettle.so.6.1
7f4659172000-7f4659174000 r--p 00035000 08:02 14947524                   /usr/lib/libnettle.so.6.1
7f4659174000-7f4659175000 rw-p 00037000 08:02 14947524                   /usr/lib/libnettle.so.6.1
7f4659175000-7f4659187000 r-xp 00000000 08:02 14947613                   /usr/lib/libtasn1.so.6.5.1
7f4659187000-7f4659386000 ---p 00012000 08:02 14947613                   /usr/lib/libtasn1.so.6.5.1
7f4659386000-7f4659387000 r--p 00011000 08:02 14947613                   /usr/lib/libtasn1.so.6.5.1
7f4659387000-7f4659388000 rw-p 00012000 08:02 14947613                   /usr/lib/libtasn1.so.6.5.1
7f4659388000-7f46593e2000 r-xp 00000000 08:02 14947558                   /usr/lib/libp11-kit.so.0.1.0
7f46593e2000-7f46595e1000 ---p 0005a000 08:02 14947558                   /usr/lib/libp11-kit.so.0.1.0
7f46595e1000-7f46595eb000 r--p 00059000 08:02 14947558                   /usr/lib/libp11-kit.so.0.1.0
7f46595eb000-7f46595ed000 rw-p 00063000 08:02 14947558                   /usr/lib/libp11-kit.so.0.1.0
7f46595ed000-7f46595f0000 r-xp 00000000 08:02 14947488                   /usr/lib/libkeyutils.so.1.5
7f46595f0000-7f46597ef000 ---p 00003000 08:02 14947488                   /usr/lib/libkeyutils.so.1.5
7f46597ef000-7f46597f0000 r--p 00002000 08:02 14947488                   /usr/lib/libkeyutils.so.1.5
7f46597f0000-7f46597f1000 rw-p 00003000 08:02 14947488                   /usr/lib/libkeyutils.so.1.5
7f46597f1000-7f46597fd000 r-xp 00000000 08:02 14947493                   /usr/lib/libkrb5support.so.0.1
7f46597fd000-7f46599fc000 ---p 0000c000 08:02 14947493                   /usr/lib/libkrb5support.so.0.1
7f46599fc000-7f46599fd000 r--p 0000b000 08:02 14947493                   /usr/lib/libkrb5support.so.0.1
7f46599fd000-7f46599fe000 rw-p 0000c000 08:02 14947493                   /usr/lib/libkrb5support.so.0.1
7f46599fe000-7f4659a03000 r-xp 00000000 08:02 14947360                   /usr/lib/libXdmcp.so.6.0.0
7f4659a03000-7f4659c02000 ---p 00005000 08:02 14947360                   /usr/lib/libXdmcp.so.6.0.0
7f4659c02000-7f4659c03000 r--p 00004000 08:02 14947360                   /usr/lib/libXdmcp.so.6.0.0
7f4659c03000-7f4659c04000 rw-p 00005000 08:02 14947360                   /usr/lib/libXdmcp.so.6.0.0
7f4659c04000-7f4659c06000 r-xp 00000000 08:02 14947358                   /usr/lib/libXau.so.6.0.0
7f4659c06000-7f4659e06000 ---p 00002000 08:02 14947358                   /usr/lib/libXau.so.6.0.0
7f4659e06000-7f4659e07000 r--p 00002000 08:02 14947358                   /usr/lib/libXau.so.6.0.0
7f4659e07000-7f4659e08000 rw-p 00003000 08:02 14947358                   /usr/lib/libXau.so.6.0.0
7f4659e08000-7f4659e77000 r-xp 00000000 08:02 14947569                   /usr/lib/libpcre.so.1.2.5
7f4659e77000-7f465a076000 ---p 0006f000 08:02 14947569                   /usr/lib/libpcre.so.1.2.5
7f465a076000-7f465a077000 r--p 0006e000 08:02 14947569                   /usr/lib/libpcre.so.1.2.5
7f465a077000-7f465a078000 rw-p 0006f000 08:02 14947569                   /usr/lib/libpcre.so.1.2.5
7f465a078000-7f465a080000 r-xp 00000000 08:02 14947435                   /usr/lib/libffi.so.6.0.4
7f465a080000-7f465a27f000 ---p 00008000 08:02 14947435                   /usr/lib/libffi.so.6.0.4
7f465a27f000-7f465a280000 r--p 00007000 08:02 14947435                   /usr/lib/libffi.so.6.0.4
7f465a280000-7f465a281000 rw-p 00008000 08:02 14947435                   /usr/lib/libffi.so.6.0.4
7f465a281000-7f465a295000 r-xp 00000000 08:02 14947591                   /usr/lib/libresolv-2.22.so
7f465a295000-7f465a494000 ---p 00014000 08:02 14947591                   /usr/lib/libresolv-2.22.so
7f465a494000-7f465a495000 r--p 00013000 08:02 14947591                   /usr/lib/libresolv-2.22.so
7f465a495000-7f465a496000 rw-p 00014000 08:02 14947591                   /usr/lib/libresolv-2.22.so
7f465a496000-7f465a498000 rw-p 00000000 00:00 0 
7f465a498000-7f465a49b000 r-xp 00000000 08:02 14945767                   /usr/lib/libgmodule-2.0.so.0.4600.2
7f465a49b000-7f465a69a000 ---p 00003000 08:02 14945767                   /usr/lib/libgmodule-2.0.so.0.4600.2
7f465a69a000-7f465a69b000 r--p 00002000 08:02 14945767                   /usr/lib/libgmodule-2.0.so.0.4600.2
7f465a69b000-7f465a69c000 rw-p 00003000 08:02 14945767                   /usr/lib/libgmodule-2.0.so.0.4600.2
7f465a69c000-7f465a6fe000 r-xp 00000000 08:02 14953538                   /usr/lib/libharfbuzz.so.0.10102.0
7f465a6fe000-7f465a8fe000 ---p 00062000 08:02 14953538                   /usr/lib/libharfbuzz.so.0.10102.0
7f465a8fe000-7f465a8ff000 r--p 00062000 08:02 14953538                   /usr/lib/libharfbuzz.so.0.10102.0
7f465a8ff000-7f465a900000 rw-p 00063000 08:02 14953538                   /usr/lib/libharfbuzz.so.0.10102.0
7f465a900000-7f465a934000 r-xp 00000000 08:02 14953416                   /usr/lib/libpng16.so.16.19.0
7f465a934000-7f465ab33000 ---p 00034000 08:02 14953416                   /usr/lib/libpng16.so.16.19.0
7f465ab33000-7f465ab34000 r--p 00033000 08:02 14953416                   /usr/lib/libpng16.so.16.19.0
7f465ab34000-7f465ab35000 rw-p 00034000 08:02 14953416                   /usr/lib/libpng16.so.16.19.0
7f465ab35000-7f465ab44000 r-xp 00000000 08:02 14947380                   /usr/lib/libbz2.so.1.0.6
7f465ab44000-7f465ad43000 ---p 0000f000 08:02 14947380                   /usr/lib/libbz2.so.1.0.6
7f465ad43000-7f465ad45000 rw-p 0000e000 08:02 14947380                   /usr/lib/libbz2.so.1.0.6
7f465ad45000-7f465ad6c000 r-xp 00000000 08:02 14947432                   /usr/lib/libexpat.so.1.6.0
7f465ad6c000-7f465af6b000 ---p 00027000 08:02 14947432                   /usr/lib/libexpat.so.1.6.0
7f465af6b000-7f465af6e000 r--p 00026000 08:02 14947432                   /usr/lib/libexpat.so.1.6.0
7f465af6e000-7f465af6f000 rw-p 00029000 08:02 14947432                   /usr/lib/libexpat.so.1.6.0
7f465af6f000-7f465af77000 r-xp 00000000 08:02 14947394                   /usr/lib/libcrypt-2.22.so
7f465af77000-7f465b177000 ---p 00008000 08:02 14947394                   /usr/lib/libcrypt-2.22.so
7f465b177000-7f465b178000 r--p 00008000 08:02 14947394                   /usr/lib/libcrypt-2.22.so
7f465b178000-7f465b179000 rw-p 00009000 08:02 14947394                   /usr/lib/libcrypt-2.22.so
7f465b179000-7f465b1a7000 rw-p 00000000 00:00 0 
7f465b1a7000-7f465b1f5000 r-xp 00000000 08:02 14951274                   /usr/lib/libdbus-1.so.3.14.5
7f465b1f5000-7f465b3f5000 ---p 0004e000 08:02 14951274                   /usr/lib/libdbus-1.so.3.14.5
7f465b3f5000-7f465b3f6000 r--p 0004e000 08:02 14951274                   /usr/lib/libdbus-1.so.3.14.5
7f465b3f6000-7f465b3f7000 rw-p 0004f000 08:02 14951274                   /usr/lib/libdbus-1.so.3.14.5
7f465b3f7000-7f465b3f8000 rw-p 00000000 00:00 0 
7f465b3f8000-7f465b408000 r-xp 00000000 08:02 14949079                   /usr/lib/libavahi-client.so.3.2.9
7f465b408000-7f465b607000 ---p 00010000 08:02 14949079                   /usr/lib/libavahi-client.so.3.2.9
7f465b607000-7f465b608000 r--p 0000f000 08:02 14949079                   /usr/lib/libavahi-client.so.3.2.9
7f465b608000-7f465b609000 rw-p 00010000 08:02 14949079                   /usr/lib/libavahi-client.so.3.2.9
7f465b609000-7f465b615000 r-xp 00000000 08:02 14949076                   /usr/lib/libavahi-common.so.3.5.3
7f465b615000-7f465b814000 ---p 0000c000 08:02 14949076                   /usr/lib/libavahi-common.so.3.5.3
7f465b814000-7f465b815000 r--p 0000b000 08:02 14949076                   /usr/lib/libavahi-common.so.3.5.3
7f465b815000-7f465b816000 rw-p 0000c000 08:02 14949076                   /usr/lib/libavahi-common.so.3.5.3
7f465b816000-7f465b93d000 r-xp 00000000 08:02 14945778                   /usr/lib/libgnutls.so.30.5.0
7f465b93d000-7f465bb3d000 ---p 00127000 08:02 14945778                   /usr/lib/libgnutls.so.30.5.0
7f465bb3d000-7f465bb48000 r--p 00127000 08:02 14945778                   /usr/lib/libgnutls.so.30.5.0
7f465bb48000-7f465bb4b000 rw-p 00132000 08:02 14945778                   /usr/lib/libgnutls.so.30.5.0
7f465bb4b000-7f465bb4c000 rw-p 00000000 00:00 0 
7f465bb4c000-7f465bb4f000 r-xp 00000000 08:02 14947390                   /usr/lib/libcom_err.so.2.1
7f465bb4f000-7f465bd4e000 ---p 00003000 08:02 14947390                   /usr/lib/libcom_err.so.2.1
7f465bd4e000-7f465bd4f000 r--p 00002000 08:02 14947390                   /usr/lib/libcom_err.so.2.1
7f465bd4f000-7f465bd50000 rw-p 00003000 08:02 14947390                   /usr/lib/libcom_err.so.2.1
7f465bd50000-7f4660000000 rw-p 00000000 00:00 0 
7f4660000000-7f4660021000 rw-p 00000000 00:00 0 
7f4660021000-7f4664000000 ---p 00000000 00:00 0 
7f4664000000-7f4664021000 rw-p 00000000 00:00 0 
7f4664021000-7f4668000000 ---p 00000000 00:00 0 
7f4668000000-7f4668021000 rw-p 00000000 00:00 0 
7f4668021000-7f466c000000 ---p 00000000 00:00 0 
7f466c035000-7f466c038000 ---p 00000000 00:00 0 
7f466c038000-7f466c136000 rw-p 00000000 00:00 0                          [stack:14779]
7f466c136000-7f466c140000 r--s 000ae000 08:02 15740968                   /usr/lib/jvm/java-7-openjdk/jre/lib/resources.jar
7f466c140000-7f466c1bf000 r-xp 00000000 08:02 14947608                   /usr/lib/libsystemd.so.0.12.0
7f466c1bf000-7f466c1c0000 ---p 0007f000 08:02 14947608                   /usr/lib/libsystemd.so.0.12.0
7f466c1c0000-7f466c1c3000 r--p 0007f000 08:02 14947608                   /usr/lib/libsystemd.so.0.12.0
7f466c1c3000-7f466c1c4000 rw-p 00082000 08:02 14947608                   /usr/lib/libsystemd.so.0.12.0
7f466c1c4000-7f466c1f2000 r-xp 00000000 08:02 14947483                   /usr/lib/libk5crypto.so.3.1
7f466c1f2000-7f466c3f1000 ---p 0002e000 08:02 14947483                   /usr/lib/libk5crypto.so.3.1
7f466c3f1000-7f466c3f3000 r--p 0002d000 08:02 14947483                   /usr/lib/libk5crypto.so.3.1
7f466c3f3000-7f466c3f4000 rw-p 0002f000 08:02 14947483                   /usr/lib/libk5crypto.so.3.1
7f466c3f4000-7f466c3f5000 rw-p 00000000 00:00 0 
7f466c3f5000-7f466c4ca000 r-xp 00000000 08:02 14947492                   /usr/lib/libkrb5.so.3.3
7f466c4ca000-7f466c6ca000 ---p 000d5000 08:02 14947492                   /usr/lib/libkrb5.so.3.3
7f466c6ca000-7f466c6d7000 r--p 000d5000 08:02 14947492                   /usr/lib/libkrb5.so.3.3
7f466c6d7000-7f466c6da000 rw-p 000e2000 08:02 14947492                   /usr/lib/libkrb5.so.3.3
7f466c6da000-7f466c724000 r-xp 00000000 08:02 14947465                   /usr/lib/libgssapi_krb5.so.2.2
7f466c724000-7f466c923000 ---p 0004a000 08:02 14947465                   /usr/lib/libgssapi_krb5.so.2.2
7f466c923000-7f466c925000 r--p 00049000 08:02 14947465                   /usr/lib/libgssapi_krb5.so.2.2
7f466c925000-7f466c927000 rw-p 0004b000 08:02 14947465                   /usr/lib/libgssapi_krb5.so.2.2
7f466c927000-7f466c948000 r-xp 00000000 08:02 14947661                   /usr/lib/libxcb.so.1.1.0
7f466c948000-7f466cb48000 ---p 00021000 08:02 14947661                   /usr/lib/libxcb.so.1.1.0
7f466cb48000-7f466cb49000 r--p 00021000 08:02 14947661                   /usr/lib/libxcb.so.1.1.0
7f466cb49000-7f466cb4a000 rw-p 00022000 08:02 14947661                   /usr/lib/libxcb.so.1.1.0
7f466cb4a000-7f466cc56000 r-xp 00000000 08:02 14945764                   /usr/lib/libglib-2.0.so.0.4600.2
7f466cc56000-7f466ce55000 ---p 0010c000 08:02 14945764                   /usr/lib/libglib-2.0.so.0.4600.2
7f466ce55000-7f466ce56000 r--p 0010b000 08:02 14945764                   /usr/lib/libglib-2.0.so.0.4600.2
7f466ce56000-7f466ce57000 rw-p 0010c000 08:02 14945764                   /usr/lib/libglib-2.0.so.0.4600.2
7f466ce57000-7f466ce58000 rw-p 00000000 00:00 0 
7f466ce58000-7f466cea9000 r-xp 00000000 08:02 14945769                   /usr/lib/libgobject-2.0.so.0.4600.2
7f466cea9000-7f466d0a8000 ---p 00051000 08:02 14945769                   /usr/lib/libgobject-2.0.so.0.4600.2
7f466d0a8000-7f466d0a9000 r--p 00050000 08:02 14945769                   /usr/lib/libgobject-2.0.so.0.4600.2
7f466d0a9000-7f466d0aa000 rw-p 00051000 08:02 14945769                   /usr/lib/libgobject-2.0.so.0.4600.2
7f466d0aa000-7f466d222000 r-xp 00000000 08:02 14945770                   /usr/lib/libgio-2.0.so.0.4600.2
7f466d222000-7f466d421000 ---p 00178000 08:02 14945770                   /usr/lib/libgio-2.0.so.0.4600.2
7f466d421000-7f466d425000 r--p 00177000 08:02 14945770                   /usr/lib/libgio-2.0.so.0.4600.2
7f466d425000-7f466d427000 rw-p 0017b000 08:02 14945770                   /usr/lib/libgio-2.0.so.0.4600.2
7f466d427000-7f466d429000 rw-p 00000000 00:00 0 
7f466d429000-7f466d4e0000 r-xp 00000000 08:02 14956821                   /usr/lib/libfreetype.so.6.12.1
7f466d4e0000-7f466d6df000 ---p 000b7000 08:02 14956821                   /usr/lib/libfreetype.so.6.12.1
7f466d6df000-7f466d6e5000 r--p 000b6000 08:02 14956821                   /usr/lib/libfreetype.so.6.12.1
7f466d6e5000-7f466d6e6000 rw-p 000bc000 08:02 14956821                   /usr/lib/libfreetype.so.6.12.1
7f466d6e6000-7f466d723000 r-xp 00000000 08:02 14956159                   /usr/lib/libfontconfig.so.1.8.0
7f466d723000-7f466d922000 ---p 0003d000 08:02 14956159                   /usr/lib/libfontconfig.so.1.8.0
7f466d922000-7f466d924000 r--p 0003c000 08:02 14956159                   /usr/lib/libfontconfig.so.1.8.0
7f466d924000-7f466d925000 rw-p 0003e000 08:02 14956159                   /usr/lib/libfontconfig.so.1.8.0
7f466d925000-7f466d99f000 r-xp 00000000 08:02 14956104                   /usr/lib/libcups.so.2
7f466d99f000-7f466db9f000 ---p 0007a000 08:02 14956104                   /usr/lib/libcups.so.2
7f466db9f000-7f466dba7000 rw-p 0007a000 08:02 14956104                   /usr/lib/libcups.so.2
7f466dba7000-7f466dbb6000 r-xp 00000000 08:02 14955984                   /usr/lib/libXi.so.6.1.0
7f466dbb6000-7f466ddb5000 ---p 0000f000 08:02 14955984                   /usr/lib/libXi.so.6.1.0
7f466ddb5000-7f466ddb6000 r--p 0000e000 08:02 14955984                   /usr/lib/libXi.so.6.1.0
7f466ddb6000-7f466ddb7000 rw-p 0000f000 08:02 14955984                   /usr/lib/libXi.so.6.1.0
7f466ddb7000-7f466ddbc000 r-xp 00000000 08:02 14955993                   /usr/lib/libXtst.so.6.1.0
7f466ddbc000-7f466dfbb000 ---p 00005000 08:02 14955993                   /usr/lib/libXtst.so.6.1.0
7f466dfbb000-7f466dfbc000 r--p 00004000 08:02 14955993                   /usr/lib/libXtst.so.6.1.0
7f466dfbc000-7f466dfbd000 rw-p 00005000 08:02 14955993                   /usr/lib/libXtst.so.6.1.0
7f466dfbd000-7f466dfc6000 r-xp 00000000 08:02 14955990                   /usr/lib/libXrender.so.1.3.0
7f466dfc6000-7f466e1c5000 ---p 00009000 08:02 14955990                   /usr/lib/libXrender.so.1.3.0
7f466e1c5000-7f466e1c6000 r--p 00008000 08:02 14955990                   /usr/lib/libXrender.so.1.3.0
7f466e1c6000-7f466e1c7000 rw-p 00009000 08:02 14955990                   /usr/lib/libXrender.so.1.3.0
7f466e1c7000-7f466e302000 r-xp 00000000 08:02 14947357                   /usr/lib/libX11.so.6.3.0
7f466e302000-7f466e501000 ---p 0013b000 08:02 14947357                   /usr/lib/libX11.so.6.3.0
7f466e501000-7f466e503000 r--p 0013a000 08:02 14947357                   /usr/lib/libX11.so.6.3.0
7f466e503000-7f466e508000 rw-p 0013c000 08:02 14947357                   /usr/lib/libX11.so.6.3.0
7f466e508000-7f466e509000 rw-p 00000000 00:00 0 
7f466e509000-7f466e51a000 r-xp 00000000 08:02 14947361                   /usr/lib/libXext.so.6.4.0
7f466e51a000-7f466e719000 ---p 00011000 08:02 14947361                   /usr/lib/libXext.so.6.4.0
7f466e719000-7f466e71a000 r--p 00010000 08:02 14947361                   /usr/lib/libXext.so.6.4.0
7f466e71a000-7f466e71b000 rw-p 00011000 08:02 14947361                   /usr/lib/libXext.so.6.4.0
7f466e720000-7f466e750000 r--p 00000000 08:02 15467783                   /usr/share/locale/ru/LC_MESSAGES/libc.mo
7f466e750000-7f466e797000 r-xp 00000000 08:02 16130267                   /usr/lib/jvm/java-7-openjdk/jre/lib/amd64/xawt/libmawt.so
7f466e797000-7f466e997000 ---p 00047000 08:02 16130267                   /usr/lib/jvm/java-7-openjdk/jre/lib/amd64/xawt/libmawt.so
7f466e997000-7f466e99a000 rw-p 00047000 08:02 16130267                   /usr/lib/jvm/java-7-openjdk/jre/lib/amd64/xawt/libmawt.so
7f466e99a000-7f466e99b000 rw-p 00000000 00:00 0 
7f466e99b000-7f466ea39000 r-xp 00000000 08:02 15742067                   /usr/lib/jvm/java-7-openjdk/jre/lib/amd64/libawt.so
7f466ea39000-7f466ec39000 ---p 0009e000 08:02 15742067                   /usr/lib/jvm/java-7-openjdk/jre/lib/amd64/libawt.so
7f466ec39000-7f466ec45000 rw-p 0009e000 08:02 15742067                   /usr/lib/jvm/java-7-openjdk/jre/lib/amd64/libawt.so
7f466ec45000-7f466ec69000 rw-p 00000000 00:00 0 
7f466ec69000-7f466ec6a000 r--s 00009000 08:02 2622325                    /home/fedor-m/.m2/repository/org/bytedeco/javacpp-presets/flandmark/1.07-1.1/flandmark-1.07-1.1-linux-x86_64.jar
7f466ec6a000-7f466ec6b000 r--s 00002000 08:02 2622323                    /home/fedor-m/.m2/repository/org/bytedeco/javacpp-presets/flandmark/1.07-1.1/flandmark-1.07-1.1.jar
7f466ec6b000-7f466ec6d000 r--s 0002a000 08:02 2622321                    /home/fedor-m/.m2/repository/org/bytedeco/javacpp-presets/artoolkitplus/2.3.1-1.1/artoolkitplus-2.3.1-1.1-linux-x86_64.jar
7f466ec6d000-7f466ec6e000 r--s 00005000 08:02 2622319                    /home/fedor-m/.m2/repository/org/bytedeco/javacpp-presets/artoolkitplus/2.3.1-1.1/artoolkitplus-2.3.1-1.1.jar
7f466ec6e000-7f466ec6f000 r--s 00000000 08:02 2622317                    /home/fedor-m/.m2/repository/org/bytedeco/javacpp-presets/videoinput/0.200-1.1/videoinput-0.200-1.1-linux-x86_64.jar
7f466ec6f000-7f466ec70000 r--s 00003000 08:02 2622315                    /home/fedor-m/.m2/repository/org/bytedeco/javacpp-presets/videoinput/0.200-1.1/videoinput-0.200-1.1.jar
7f466ec70000-7f466ec71000 r--s 00014000 08:02 2622313                    /home/fedor-m/.m2/repository/org/bytedeco/javacpp-presets/libfreenect/0.5.3-1.1/libfreenect-0.5.3-1.1-linux-x86_64.jar
7f466ec71000-7f466ec73000 r--s 00004000 08:02 2622311                    /home/fedor-m/.m2/repository/org/bytedeco/javacpp-presets/libfreenect/0.5.3-1.1/libfreenect-0.5.3-1.1.jar
7f466ec73000-7f466ec75000 r--s 00006000 08:02 2622307                    /home/fedor-m/.m2/repository/org/bytedeco/javacpp-presets/libdc1394/2.2.3-1.1/libdc1394-2.2.3-1.1.jar
7f466ec75000-7f466ec79000 r--s 0001f000 08:02 2622303                    /home/fedor-m/.m2/repository/org/bytedeco/javacpp-presets/flycapture/2.8.3.1-1.1/flycapture-2.8.3.1-1.1.jar
7f466ec79000-7f466ec80000 r--s 00033000 08:02 2622299                    /home/fedor-m/.m2/repository/org/bytedeco/javacpp-presets/ffmpeg/2.8.1-1.1/ffmpeg-2.8.1-1.1.jar
7f466ec80000-7f466ec8f000 r--s 00088000 08:02 2622295                    /home/fedor-m/.m2/repository/org/bytedeco/javacpp-presets/opencv/3.0.0-1.1/opencv-3.0.0-1.1.jar
7f466ec8f000-7f466ec90000 ---p 00000000 00:00 0 
7f466ec90000-7f466ed90000 rw-p 00000000 00:00 0                          [stack:14778]
7f466ed90000-7f466ed93000 ---p 00000000 00:00 0 
7f466ed93000-7f466ee91000 rw-p 00000000 00:00 0                          [stack:14777]
7f466ee91000-7f466ee94000 ---p 00000000 00:00 0 
7f466ee94000-7f466ef92000 rw-p 00000000 00:00 0                          [stack:14776]
7f466ef92000-7f466ef95000 ---p 00000000 00:00 0 
7f466ef95000-7f466f093000 rw-p 00000000 00:00 0                          [stack:14775]
7f466f093000-7f466f096000 ---p 00000000 00:00 0 
7f466f096000-7f466f194000 rw-p 00000000 00:00 0                          [stack:14774]
7f466f194000-7f466f492000 r--p 00000000 08:02 14956685                   /usr/lib/locale/locale-archive
7f466f492000-7f466f495000 ---p 00000000 00:00 0 
7f466f495000-7f466f593000 rw-p 00000000 00:00 0                          [stack:14773]
7f466f593000-7f466f596000 ---p 00000000 00:00 0 
7f466f596000-7f466f694000 rw-p 00000000 00:00 0                          [stack:14772]
7f466f694000-7f466f695000 ---p 00000000 00:00 0 
7f466f695000-7f4670000000 rw-p 00000000 00:00 0                          [stack:14771]
7f4670000000-7f4670021000 rw-p 00000000 00:00 0 
7f4670021000-7f4674000000 ---p 00000000 00:00 0 
7f4674000000-7f4674001000 r--s 00027000 08:02 2622309                    /home/fedor-m/.m2/repository/org/bytedeco/javacpp-presets/libdc1394/2.2.3-1.1/libdc1394-2.2.3-1.1-linux-x86_64.jar
7f4674001000-7f4674003000 r--s 0003a000 08:02 2622305                    /home/fedor-m/.m2/repository/org/bytedeco/javacpp-presets/flycapture/2.8.3.1-1.1/flycapture-2.8.3.1-1.1-linux-x86_64.jar
7f4674003000-7f4674007000 r--s 0003a000 08:02 2622327                    /home/fedor-m/.m2/repository/org/bytedeco/javacpp/1.1/javacpp-1.1.jar
7f4674007000-7f4674750000 rw-p 00000000 00:00 0 
7f4674750000-7f4674902000 r--s 01d2e000 08:02 15740967                   /usr/lib/jvm/java-7-openjdk/jre/lib/rt.jar
7f4674902000-7f4674dfe000 rw-p 00000000 00:00 0 
7f4674dfe000-7f4674dff000 ---p 00000000 00:00 0 
7f4674dff000-7f4674eff000 rw-p 00000000 00:00 0                          [stack:14770]
7f4674eff000-7f4674f00000 ---p 00000000 00:00 0 
7f4674f00000-7f4675000000 rw-p 00000000 00:00 0                          [stack:14769]
7f4675000000-7f4675270000 rwxp 00000000 00:00 0 
7f4675270000-7f46782b2000 rw-p 00000000 00:00 0 
7f46782b2000-7f467c000000 ---p 00000000 00:00 0 
7f467c000000-7f467c002000 r--s 0076b000 08:02 2622297                    /home/fedor-m/.m2/repository/org/bytedeco/javacpp-presets/opencv/3.0.0-1.1/opencv-3.0.0-1.1-linux-x86_64.jar
7f467c002000-7f467c00d000 r--s 00203000 08:02 15740966                   /usr/lib/jvm/java-7-openjdk/jre/lib/charsets.jar
7f467c00d000-7f467c07e000 rw-p 00000000 00:00 0 
7f467c07e000-7f467c07f000 ---p 00000000 00:00 0 
7f467c07f000-7f467c17f000 rw-p 00000000 00:00 0                          [stack:14768]
7f467c17f000-7f467c180000 ---p 00000000 00:00 0 
7f467c180000-7f467c28b000 rw-p 00000000 00:00 0                          [stack:14767]
7f467c28b000-7f467c2d3000 rw-p 00000000 00:00 0 
7f467c2d3000-7f467c2fc000 rw-p 00000000 00:00 0 
7f467c2fc000-7f467c563000 rw-p 00000000 00:00 0 
7f467c563000-7f467c56e000 rw-p 00000000 00:00 0 
7f467c56e000-7f467c5b6000 rw-p 00000000 00:00 0 
7f467c5b6000-7f467c5df000 rw-p 00000000 00:00 0 
7f467c5df000-7f467c846000 rw-p 00000000 00:00 0 
7f467c846000-7f467c89f000 rw-p 00000000 00:00 0 
7f467c89f000-7f467c8c7000 ---p 00000000 00:00 0 
7f467c8c7000-7f467c98e000 rw-p 00000000 00:00 0 
7f467c98e000-7f467c98f000 rw-p 00000000 00:00 0 
7f467c98f000-7f467c997000 r-xp 00000000 08:02 15742053                   /usr/lib/jvm/java-7-openjdk/jre/lib/amd64/libzip.so
7f467c997000-7f467cb96000 ---p 00008000 08:02 15742053                   /usr/lib/jvm/java-7-openjdk/jre/lib/amd64/libzip.so
7f467cb96000-7f467cb97000 rw-p 00007000 08:02 15742053                   /usr/lib/jvm/java-7-openjdk/jre/lib/amd64/libzip.so
7f467cb97000-7f467cba2000 r-xp 00000000 08:02 14947543                   /usr/lib/libnss_files-2.22.so
7f467cba2000-7f467cda1000 ---p 0000b000 08:02 14947543                   /usr/lib/libnss_files-2.22.so
7f467cda1000-7f467cda2000 r--p 0000a000 08:02 14947543                   /usr/lib/libnss_files-2.22.so
7f467cda2000-7f467cda3000 rw-p 0000b000 08:02 14947543                   /usr/lib/libnss_files-2.22.so
7f467cda3000-7f467cda9000 rw-p 00000000 00:00 0 
7f467cda9000-7f467cdd4000 r-xp 00000000 08:02 15742052                   /usr/lib/jvm/java-7-openjdk/jre/lib/amd64/libjava.so
7f467cdd4000-7f467cfd4000 ---p 0002b000 08:02 15742052                   /usr/lib/jvm/java-7-openjdk/jre/lib/amd64/libjava.so
7f467cfd4000-7f467cfd6000 rw-p 0002b000 08:02 15742052                   /usr/lib/jvm/java-7-openjdk/jre/lib/amd64/libjava.so
7f467cfd6000-7f467cfe3000 r-xp 00000000 08:02 15742051                   /usr/lib/jvm/java-7-openjdk/jre/lib/amd64/libverify.so
7f467cfe3000-7f467d1e2000 ---p 0000d000 08:02 15742051                   /usr/lib/jvm/java-7-openjdk/jre/lib/amd64/libverify.so
7f467d1e2000-7f467d1e4000 rw-p 0000c000 08:02 15742051                   /usr/lib/jvm/java-7-openjdk/jre/lib/amd64/libverify.so
7f467d1e4000-7f467d1eb000 r-xp 00000000 08:02 14947594                   /usr/lib/librt-2.22.so
7f467d1eb000-7f467d3ea000 ---p 00007000 08:02 14947594                   /usr/lib/librt-2.22.so
7f467d3ea000-7f467d3eb000 r--p 00006000 08:02 14947594                   /usr/lib/librt-2.22.so
7f467d3eb000-7f467d3ec000 rw-p 00007000 08:02 14947594                   /usr/lib/librt-2.22.so
7f467d3ec000-7f467d402000 r-xp 00000000 08:02 14947443                   /usr/lib/libgcc_s.so.1
7f467d402000-7f467d601000 ---p 00016000 08:02 14947443                   /usr/lib/libgcc_s.so.1
7f467d601000-7f467d602000 rw-p 00015000 08:02 14947443                   /usr/lib/libgcc_s.so.1
7f467d602000-7f467d6ff000 r-xp 00000000 08:02 14947504                   /usr/lib/libm-2.22.so
7f467d6ff000-7f467d8fe000 ---p 000fd000 08:02 14947504                   /usr/lib/libm-2.22.so
7f467d8fe000-7f467d8ff000 r--p 000fc000 08:02 14947504                   /usr/lib/libm-2.22.so
7f467d8ff000-7f467d900000 rw-p 000fd000 08:02 14947504                   /usr/lib/libm-2.22.so
7f467d900000-7f467da72000 r-xp 00000000 08:02 14947606                   /usr/lib/libstdc++.so.6.0.21
7f467da72000-7f467dc72000 ---p 00172000 08:02 14947606                   /usr/lib/libstdc++.so.6.0.21
7f467dc72000-7f467dc7c000 r--p 00172000 08:02 14947606                   /usr/lib/libstdc++.so.6.0.21
7f467dc7c000-7f467dc7e000 rw-p 0017c000 08:02 14947606                   /usr/lib/libstdc++.so.6.0.21
7f467dc7e000-7f467dc82000 rw-p 00000000 00:00 0 
7f467dc82000-7f467e7d2000 r-xp 00000000 08:02 16130264                   /usr/lib/jvm/java-7-openjdk/jre/lib/amd64/server/libjvm.so
7f467e7d2000-7f467e9d1000 ---p 00b50000 08:02 16130264                   /usr/lib/jvm/java-7-openjdk/jre/lib/amd64/server/libjvm.so
7f467e9d1000-7f467ea85000 rw-p 00b4f000 08:02 16130264                   /usr/lib/jvm/java-7-openjdk/jre/lib/amd64/server/libjvm.so
7f467ea85000-7f467eab0000 rw-p 00000000 00:00 0 
7f467eab0000-7f467eac5000 r-xp 00000000 08:02 14947665                   /usr/lib/libz.so.1.2.8
7f467eac5000-7f467ecc4000 ---p 00015000 08:02 14947665                   /usr/lib/libz.so.1.2.8
7f467ecc4000-7f467ecc5000 r--p 00014000 08:02 14947665                   /usr/lib/libz.so.1.2.8
7f467ecc5000-7f467ecc6000 rw-p 00015000 08:02 14947665                   /usr/lib/libz.so.1.2.8
7f467ecc6000-7f467ee61000 r-xp 00000000 08:02 14947381                   /usr/lib/libc-2.22.so
7f467ee61000-7f467f060000 ---p 0019b000 08:02 14947381                   /usr/lib/libc-2.22.so
7f467f060000-7f467f064000 r--p 0019a000 08:02 14947381                   /usr/lib/libc-2.22.so
7f467f064000-7f467f066000 rw-p 0019e000 08:02 14947381                   /usr/lib/libc-2.22.so
7f467f066000-7f467f06a000 rw-p 00000000 00:00 0 
7f467f06a000-7f467f06d000 r-xp 00000000 08:02 14947409                   /usr/lib/libdl-2.22.so
7f467f06d000-7f467f26c000 ---p 00003000 08:02 14947409                   /usr/lib/libdl-2.22.so
7f467f26c000-7f467f26d000 r--p 00002000 08:02 14947409                   /usr/lib/libdl-2.22.so
7f467f26d000-7f467f26e000 rw-p 00003000 08:02 14947409                   /usr/lib/libdl-2.22.so
7f467f26e000-7f467f27b000 r-xp 00000000 08:02 16128183                   /usr/lib/jvm/java-7-openjdk/jre/lib/amd64/jli/libjli.so
7f467f27b000-7f467f47a000 ---p 0000d000 08:02 16128183                   /usr/lib/jvm/java-7-openjdk/jre/lib/amd64/jli/libjli.so
7f467f47a000-7f467f47b000 rw-p 0000c000 08:02 16128183                   /usr/lib/jvm/java-7-openjdk/jre/lib/amd64/jli/libjli.so
7f467f47b000-7f467f493000 r-xp 00000000 08:02 14947580                   /usr/lib/libpthread-2.22.so
7f467f493000-7f467f692000 ---p 00018000 08:02 14947580                   /usr/lib/libpthread-2.22.so
7f467f692000-7f467f693000 r--p 00017000 08:02 14947580                   /usr/lib/libpthread-2.22.so
7f467f693000-7f467f694000 rw-p 00018000 08:02 14947580                   /usr/lib/libpthread-2.22.so
7f467f694000-7f467f698000 rw-p 00000000 00:00 0 
7f467f698000-7f467f6ba000 r-xp 00000000 08:02 14947350                   /usr/lib/ld-2.22.so
7f467f6ba000-7f467f6be000 r--s 00056000 08:02 53087107                   /home/fedor-m/.m2/repository/org/bytedeco/javacv/1.1/javacv-1.1.jar
7f467f6be000-7f467f6c8000 rw-p 00000000 00:00 0 
7f467f6c8000-7f467f77e000 rw-p 00000000 00:00 0 
7f467f77e000-7f467f781000 ---p 00000000 00:00 0 
7f467f781000-7f467f883000 rw-p 00000000 00:00 0                          [stack:14766]
7f467f883000-7f467f884000 r--s 00a24000 08:02 2622301                    /home/fedor-m/.m2/repository/org/bytedeco/javacpp-presets/ffmpeg/2.8.1-1.1/ffmpeg-2.8.1-1.1-linux-x86_64.jar
7f467f884000-7f467f8ae000 rw-p 00000000 00:00 0 
7f467f8ae000-7f467f8b6000 rw-s 00000000 00:22 32                         /tmp/hsperfdata_fedor-m/14761
7f467f8b6000-7f467f8b7000 rw-p 00000000 00:00 0 
7f467f8b7000-7f467f8b8000 r--p 00000000 00:00 0 
7f467f8b8000-7f467f8b9000 rw-p 00000000 00:00 0 
7f467f8b9000-7f467f8ba000 r--p 00021000 08:02 14947350                   /usr/lib/ld-2.22.so
7f467f8ba000-7f467f8bb000 rw-p 00022000 08:02 14947350                   /usr/lib/ld-2.22.so
7f467f8bb000-7f467f8bc000 rw-p 00000000 00:00 0 
7ffebda02000-7ffebda23000 rw-p 00000000 00:00 0                          [stack]
7ffebdb19000-7ffebdb1b000 r--p 00000000 00:00 0                          [vvar]
7ffebdb1b000-7ffebdb1d000 r-xp 00000000 00:00 0                          [vdso]
ffffffffff600000-ffffffffff601000 r-xp 00000000 00:00 0                  [vsyscall]

VM Arguments:
jvm_args: -Dfile.encoding=UTF-8 
java_command: ru.ang5545.scanning_system_2.App
Launcher Type: SUN_STANDARD

Environment Variables:
JAVA_HOME=/usr/lib/jvm/java-8-openjdk
JRE_HOME=/usr/lib/jvm/java-8-openjdk
PATH=/usr/local/sbin:/usr/local/bin:/usr/bin:/home/fedor-m/bin:/usr/lib/jvm/java-8-openjdk/bin:/home/fedor-m/bin:/usr/lib/jvm/java-8-openjdk/bin:/usr/lib/jvm/default/bin:/usr/bin/site_perl:/usr/bin/vendor_perl:/usr/bin/core_perl
LD_LIBRARY_PATH=\/usr\/lib
SHELL=/bin/bash
DISPLAY=:0.0

Signal Handlers:
SIGSEGV: [libjvm.so+0x995100], sa_mask[0]=0x7ffbfeff, sa_flags=0x10000004
SIGBUS: [libjvm.so+0x995100], sa_mask[0]=0x7ffbfeff, sa_flags=0x10000004
SIGFPE: [libjvm.so+0x7fc350], sa_mask[0]=0x7ffbfeff, sa_flags=0x10000004
SIGPIPE: [libjvm.so+0x7fc350], sa_mask[0]=0x7ffbfeff, sa_flags=0x10000004
SIGXFSZ: [libjvm.so+0x7fc350], sa_mask[0]=0x7ffbfeff, sa_flags=0x10000004
SIGILL: [libjvm.so+0x7fc350], sa_mask[0]=0x7ffbfeff, sa_flags=0x10000004
SIGUSR1: SIG_DFL, sa_mask[0]=0x00000000, sa_flags=0x00000000
SIGUSR2: [libjvm.so+0x7fc1d0], sa_mask[0]=0x00000004, sa_flags=0x10000004
SIGHUP: [libjvm.so+0x7fc360], sa_mask[0]=0x7ffbfeff, sa_flags=0x10000004
SIGINT: [libjvm.so+0x7fc360], sa_mask[0]=0x7ffbfeff, sa_flags=0x10000004
SIGTERM: [libjvm.so+0x7fc360], sa_mask[0]=0x7ffbfeff, sa_flags=0x10000004
SIGQUIT: [libjvm.so+0x7fc360], sa_mask[0]=0x7ffbfeff, sa_flags=0x10000004
SIGTRAP: SIG_DFL, sa_mask[0]=0x00000000, sa_flags=0x00000000


---------------  S Y S T E M  ---------------

OS:ManjaroLinux 15.09 (Bellatrix)
uname:Linux 4.1.13-1-MANJARO #1 SMP PREEMPT Tue Nov 10 22:11:15 UTC 2015 x86_64
libc:glibc 2.22 NPTL 2.22 
rlimit: STACK 8192k, CORE 0k, NPROC 30594, NOFILE 4096, AS infinity
load average:1,25 0,72 0,47

/proc/meminfo:
MemTotal:        8059640 kB
MemFree:         3183032 kB
MemAvailable:    5067580 kB
Buffers:          293832 kB
Cached:          1706920 kB
SwapCached:            0 kB
Active:          3427896 kB
Inactive:        1069116 kB
Active(anon):    2536844 kB
Inactive(anon):   251620 kB
Active(file):     891052 kB
Inactive(file):   817496 kB
Unevictable:         136 kB
Mlocked:             136 kB
SwapTotal:       9227464 kB
SwapFree:        9227464 kB
Dirty:                20 kB
Writeback:             0 kB
AnonPages:       2498472 kB
Mapped:           533532 kB
Shmem:            292208 kB
Slab:             251032 kB
SReclaimable:     218264 kB
SUnreclaim:        32768 kB
KernelStack:        7856 kB
PageTables:        38724 kB
NFS_Unstable:          0 kB
Bounce:                0 kB
WritebackTmp:          0 kB
CommitLimit:    13257284 kB
Committed_AS:    5685596 kB
VmallocTotal:   34359738367 kB
VmallocUsed:      385768 kB
VmallocChunk:   34358947836 kB
HardwareCorrupted:     0 kB
AnonHugePages:   1476608 kB
HugePages_Total:       0
HugePages_Free:        0
HugePages_Rsvd:        0
HugePages_Surp:        0
Hugepagesize:       2048 kB
DirectMap4k:      137136 kB
DirectMap2M:     7081984 kB
DirectMap1G:     2097152 kB


CPU:total 4 (4 cores per cpu, 1 threads per core) family 6 model 60 stepping 3, cmov, cx8, fxsr, mmx, sse, sse2, sse3, ssse3, sse4.1, sse4.2, popcnt, avx, avx2, aes, erms, tsc, tscinvbit

/proc/cpuinfo:
processor	: 0
vendor_id	: GenuineIntel
cpu family	: 6
model		: 60
model name	: Intel(R) Core(TM) i5-4440 CPU @ 3.10GHz
stepping	: 3
microcode	: 0x1c
cpu MHz		: 3200.992
cache size	: 6144 KB
physical id	: 0
siblings	: 4
core id		: 0
cpu cores	: 4
apicid		: 0
initial apicid	: 0
fpu		: yes
fpu_exception	: yes
cpuid level	: 13
wp		: yes
flags		: fpu vme de pse tsc msr pae mce cx8 apic sep mtrr pge mca cmov pat pse36 clflush dts acpi mmx fxsr sse sse2 ss ht tm pbe syscall nx pdpe1gb rdtscp lm constant_tsc arch_perfmon pebs bts rep_good nopl xtopology nonstop_tsc aperfmperf eagerfpu pni pclmulqdq dtes64 monitor ds_cpl vmx est tm2 ssse3 fma cx16 xtpr pdcm pcid sse4_1 sse4_2 x2apic movbe popcnt tsc_deadline_timer aes xsave avx f16c rdrand lahf_lm abm ida arat pln pts dtherm tpr_shadow vnmi flexpriority ept vpid fsgsbase tsc_adjust bmi1 avx2 smep bmi2 erms invpcid xsaveopt
bugs		:
bogomips	: 6188.51
clflush size	: 64
cache_alignment	: 64
address sizes	: 39 bits physical, 48 bits virtual
power management:

processor	: 1
vendor_id	: GenuineIntel
cpu family	: 6
model		: 60
model name	: Intel(R) Core(TM) i5-4440 CPU @ 3.10GHz
stepping	: 3
microcode	: 0x1c
cpu MHz		: 3114.894
cache size	: 6144 KB
physical id	: 0
siblings	: 4
core id		: 1
cpu cores	: 4
apicid		: 2
initial apicid	: 2
fpu		: yes
fpu_exception	: yes
cpuid level	: 13
wp		: yes
flags		: fpu vme de pse tsc msr pae mce cx8 apic sep mtrr pge mca cmov pat pse36 clflush dts acpi mmx fxsr sse sse2 ss ht tm pbe syscall nx pdpe1gb rdtscp lm constant_tsc arch_perfmon pebs bts rep_good nopl xtopology nonstop_tsc aperfmperf eagerfpu pni pclmulqdq dtes64 monitor ds_cpl vmx est tm2 ssse3 fma cx16 xtpr pdcm pcid sse4_1 sse4_2 x2apic movbe popcnt tsc_deadline_timer aes xsave avx f16c rdrand lahf_lm abm ida arat pln pts dtherm tpr_shadow vnmi flexpriority ept vpid fsgsbase tsc_adjust bmi1 avx2 smep bmi2 erms invpcid xsaveopt
bugs		:
bogomips	: 6188.51
clflush size	: 64
cache_alignment	: 64
address sizes	: 39 bits physical, 48 bits virtual
power management:

processor	: 2
vendor_id	: GenuineIntel
cpu family	: 6
model		: 60
model name	: Intel(R) Core(TM) i5-4440 CPU @ 3.10GHz
stepping	: 3
microcode	: 0x1c
cpu MHz		: 3138.144
cache size	: 6144 KB
physical id	: 0
siblings	: 4
core id		: 2
cpu cores	: 4
apicid		: 4
initial apicid	: 4
fpu		: yes
fpu_exception	: yes
cpuid level	: 13
wp		: yes
flags		: fpu vme de pse tsc msr pae mce cx8 apic sep mtrr pge mca cmov pat pse36 clflush dts acpi mmx fxsr sse sse2 ss ht tm pbe syscall nx pdpe1gb rdtscp lm constant_tsc arch_perfmon pebs bts rep_good nopl xtopology nonstop_tsc aperfmperf eagerfpu pni pclmulqdq dtes64 monitor ds_cpl vmx est tm2 ssse3 fma cx16 xtpr pdcm pcid sse4_1 sse4_2 x2apic movbe popcnt tsc_deadline_timer aes xsave avx f16c rdrand lahf_lm abm ida arat pln pts dtherm tpr_shadow vnmi flexpriority ept vpid fsgsbase tsc_adjust bmi1 avx2 smep bmi2 erms invpcid xsaveopt
bugs		:
bogomips	: 6188.51
clflush size	: 64
cache_alignment	: 64
address sizes	: 39 bits physical, 48 bits virtual
power management:

processor	: 3
vendor_id	: GenuineIntel
cpu family	: 6
model		: 60
model name	: Intel(R) Core(TM) i5-4440 CPU @ 3.10GHz
stepping	: 3
microcode	: 0x1c
cpu MHz		: 3298.230
cache size	: 6144 KB
physical id	: 0
siblings	: 4
core id		: 3
cpu cores	: 4
apicid		: 6
initial apicid	: 6
fpu		: yes
fpu_exception	: yes
cpuid level	: 13
wp		: yes
flags		: fpu vme de pse tsc msr pae mce cx8 apic sep mtrr pge mca cmov pat pse36 clflush dts acpi mmx fxsr sse sse2 ss ht tm pbe syscall nx pdpe1gb rdtscp lm constant_tsc arch_perfmon pebs bts rep_good nopl xtopology nonstop_tsc aperfmperf eagerfpu pni pclmulqdq dtes64 monitor ds_cpl vmx est tm2 ssse3 fma cx16 xtpr pdcm pcid sse4_1 sse4_2 x2apic movbe popcnt tsc_deadline_timer aes xsave avx f16c rdrand lahf_lm abm ida arat pln pts dtherm tpr_shadow vnmi flexpriority ept vpid fsgsbase tsc_adjust bmi1 avx2 smep bmi2 erms invpcid xsaveopt
bugs		:
bogomips	: 6188.51
clflush size	: 64
cache_alignment	: 64
address sizes	: 39 bits physical, 48 bits virtual
power management:



Memory: 4k page, physical 8059640k(3183032k free), swap 9227464k(9227464k free)

vm_info: OpenJDK 64-Bit Server VM (24.91-b01) for linux-amd64 JRE (1.7.0_91-b02), built on Nov 18 2015 11:22:39 by "builduser" with gcc 5.2.0

time: Fri Apr 15 17:42:43 2016
elapsed time: 28 seconds

