#
# A fatal error has been detected by the Java Runtime Environment:
#
#  SIGSEGV (0xb) at pc=0x00007f6aeb357c14, pid=14842, tid=140097155643136
#
# JRE version: OpenJDK Runtime Environment (7.0_91-b02) (build 1.7.0_91-b02)
# Java VM: OpenJDK 64-Bit Server VM (24.91-b01 mixed mode linux-amd64 compressed oops)
# Derivative: IcedTea 2.6.3
# Distribution: Custom build (Wed Nov 18 11:18:35 UTC 2015)
# Problematic frame:
# C  [libopencv_core.so.3.0+0x211c14]  cvStartReadSeq+0x64
#
# Failed to write core dump. Core dumps have been disabled. To enable core dumping, try "ulimit -c unlimited" before starting Java again
#
# If you would like to submit a bug report, please include
# instructions on how to reproduce the bug and visit:
#   http://icedtea.classpath.org/bugzilla
# The crash happened outside the Java Virtual Machine in native code.
# See problematic frame for where to report the bug.
#

---------------  T H R E A D  ---------------

Current thread (0x00007f6ad4335800):  JavaThread "SwingWorker-pool-1-thread-1" daemon [_thread_in_native, id=14866, stack(0x00007f6ae9223000,0x00007f6ae9324000)]

siginfo:si_signo=SIGSEGV: si_errno=0, si_code=1 (SEGV_MAPERR), si_addr=0x0000000000000080

Registers:
RAX=0x0000000000000080, RBX=0x00007f6ae9322300, RCX=0x0000000000000000, RDX=0x0000000000000000
RSP=0x00007f6ae9321ea0, RBP=0x00007f6ad0c01500, RSI=0x00007f6ae9322300, RDI=0x00007f6ad0c01500
R8 =0x0000000042ff4010, R9 =0x00007f6ae9322390, R10=0x0000000000000500, R11=0x0000000000004000
R12=0x0000000000000000, R13=0x00007f6ae9322520, R14=0x00007f6ad0c01500, R15=0x00007f6ae9322270
RIP=0x00007f6aeb357c14, EFLAGS=0x0000000000010202, CSGSFS=0x0000000000000033, ERR=0x0000000000000004
  TRAPNO=0x000000000000000e

Top of Stack: (sp=0x00007f6ae9321ea0)
0x00007f6ae9321ea0:   0000007d000000da 0000000000000000
0x00007f6ae9321eb0:   0000000000000000 00000000d0c01508
0x00007f6ae9321ec0:   0000000000000000 00007f6ad41d8810
0x00007f6ae9321ed0:   00007f6ae9322520 00007f6aeabc2795
0x00007f6ae9321ee0:   0000000000000000 0000000000000000
0x00007f6ae9321ef0:   00007f6ae9321eb8 00007f6ae9321f00
0x00007f6ae9321f00:   00007f6ae9322340 00000000d0c01468
0x00007f6ae9321f10:   00007f6ae9322120 00007f6ae9322040
0x00007f6ae9321f20:   0000000000000000 3fffffff00000006
0x00007f6ae9321f30:   00000008d0c00c40 00007f6aeab37a94
0x00007f6ae9321f40:   0000000000000000 0000000000000000
0x00007f6ae9321f50:   0000000000000000 0000000000000000
0x00007f6ae9321f60:   00007f6ae9321f28 00007f6ae93222d0
0x00007f6ae9321f70:   00007f6ae9322300 0000000000000080
0x00007f6ae9321f80:   00007f6ae93222f8 00007f6a00030000
0x00007f6ae9321f90:   0000000000000000 0000000000000000
0x00007f6ae9321fa0:   00007f6ad0c04338 00007f6ae9322160
0x00007f6ae9321fb0:   0000000000000400 00007f6aeb357a19
0x00007f6ae9321fc0:   00007f6ae9321f88 00007f6ae9322160
0x00007f6ae9321fd0:   00000000000004ff 00007f6aeb357756
0x00007f6ae9321fe0:   00000000000004ff 00007f6ad0bc0990
0x00007f6ae9321ff0:   0000000000000000 0000000000000001
0x00007f6ae9322000:   0000000001010000 00007f6ae9322040
0x00007f6ae9322010:   0000000000000000 00007f6ad0bc09d0
0x00007f6ae9322020:   00007f6ad0c04338 fffffffe00000429
0x00007f6ae9322030:   0000000000000000 00007f6ad0bc0990
0x00007f6ae9322040:   0000000242ff400c 0000000000000000
0x00007f6ae9322050:   0000000000000000 0000000000000000
0x00007f6ae9322060:   0000000000000000 00007f6ae9322270
0x00007f6ae9322070:   0000000000000000 00007f6ae9322290
0x00007f6ae9322080:   00007f6ae93221e0 00007f6ae9322090
0x00007f6ae9322090:   0000000000000003 0000000000000008 

Instructions: (pc=0x00007f6aeb357c14)
0x00007f6aeb357bf4:   00 00 00 0f 84 83 00 00 00 48 8b 45 58 c7 03 40
0x00007f6aeb357c04:   00 00 00 48 89 6b 08 48 85 c0 0f 84 bc 00 00 00
0x00007f6aeb357c14:   48 8b 38 44 8b 45 2c 48 8b 48 18 44 8b 50 10 8b
0x00007f6aeb357c24:   57 14 4c 8b 4f 18 48 89 4b 18 44 89 53 30 8d 72 

Register to memory mapping:

RAX=0x0000000000000080 is an unknown value
RBX=0x00007f6ae9322300 is pointing into the stack for thread: 0x00007f6ad4335800
RCX=0x0000000000000000 is an unknown value
RDX=0x0000000000000000 is an unknown value
RSP=0x00007f6ae9321ea0 is pointing into the stack for thread: 0x00007f6ad4335800
RBP=0x00007f6ad0c01500 is an unknown value
RSI=0x00007f6ae9322300 is pointing into the stack for thread: 0x00007f6ad4335800
RDI=0x00007f6ad0c01500 is an unknown value
R8 =0x0000000042ff4010 is an unknown value
R9 =0x00007f6ae9322390 is pointing into the stack for thread: 0x00007f6ad4335800
R10=0x0000000000000500 is an unknown value
R11=0x0000000000004000 is an unknown value
R12=0x0000000000000000 is an unknown value
R13=0x00007f6ae9322520 is pointing into the stack for thread: 0x00007f6ad4335800
R14=0x00007f6ad0c01500 is an unknown value
R15=0x00007f6ae9322270 is pointing into the stack for thread: 0x00007f6ad4335800


Stack: [0x00007f6ae9223000,0x00007f6ae9324000],  sp=0x00007f6ae9321ea0,  free space=1019k
Native frames: (J=compiled Java code, j=interpreted, Vv=VM code, C=native code)
C  [libopencv_core.so.3.0+0x211c14]  cvStartReadSeq+0x64
C  0x0000006200000305

Java frames: (J=compiled Java code, j=interpreted, Vv=VM code)
j  org.bytedeco.javacpp.opencv_imgproc.cvDrawContours(Lorg/bytedeco/javacpp/helper/opencv_core$CvArr;Lorg/bytedeco/javacpp/opencv_core$CvSeq;Lorg/bytedeco/javacpp/opencv_core$CvScalar;Lorg/bytedeco/javacpp/opencv_core$CvScalar;IIILorg/bytedeco/javacpp/opencv_core$CvPoint;)V+0
j  org.bytedeco.javacpp.helper.opencv_imgproc.cvDrawContours(Lorg/bytedeco/javacpp/helper/opencv_core$CvArr;Lorg/bytedeco/javacpp/opencv_core$CvSeq;Lorg/bytedeco/javacpp/opencv_core$CvScalar;Lorg/bytedeco/javacpp/opencv_core$CvScalar;III)V+13
j  ru.ang5545.scanning_system_2.image_processing.ContourHandler.drawContour(Lorg/bytedeco/javacpp/opencv_core$IplImage;Lorg/bytedeco/javacpp/opencv_core$CvSeq;Lorg/bytedeco/javacpp/opencv_core$CvScalar;I)V+9
j  ru.ang5545.scanning_system_2.image_processing.ContourHandler.drawContours(Lorg/bytedeco/javacpp/opencv_core$IplImage;Lorg/bytedeco/javacpp/opencv_core$CvScalar;Lorg/bytedeco/javacpp/opencv_core$CvScalar;I)V+9
j  ru.ang5545.scanning_system_2.image_processing.ImageHandler.processImage(Lorg/bytedeco/javacpp/opencv_core$IplImage;Lru/ang5545/model/ThresholdParameters;Lru/ang5545/model/ThresholdParameters;Lru/ang5545/model/ThresholdParameters;)V+68
j  ru.ang5545.scanning_system_2.gui.MainFrame$AnswerWorker.doInBackground()Ljava/lang/String;+61
j  ru.ang5545.scanning_system_2.gui.MainFrame$AnswerWorker.doInBackground()Ljava/lang/Object;+1
j  javax.swing.SwingWorker$1.call()Ljava/lang/Object;+14
j  java.util.concurrent.FutureTask.run()V+42
j  javax.swing.SwingWorker.run()V+4
j  java.util.concurrent.ThreadPoolExecutor.runWorker(Ljava/util/concurrent/ThreadPoolExecutor$Worker;)V+95
j  java.util.concurrent.ThreadPoolExecutor$Worker.run()V+5
j  java.lang.Thread.run()V+11
v  ~StubRoutines::call_stub

---------------  P R O C E S S  ---------------

Java Threads: ( => current thread )
=>0x00007f6ad4335800 JavaThread "SwingWorker-pool-1-thread-1" daemon [_thread_in_native, id=14866, stack(0x00007f6ae9223000,0x00007f6ae9324000)]
  0x00007f6ad4256800 JavaThread "TimerQueue" daemon [_thread_blocked, id=14865, stack(0x00007f6ae9e41000,0x00007f6ae9f42000)]
  0x00007f6b2c009800 JavaThread "DestroyJavaVM" [_thread_blocked, id=14843, stack(0x00007f6b33bd0000,0x00007f6b33cd1000)]
  0x00007f6b2c292800 JavaThread "AWT-EventQueue-0" [_thread_blocked, id=14863, stack(0x00007f6aeb6e7000,0x00007f6aeb7e8000)]
  0x00007f6b2c291000 JavaThread "AWT-Shutdown" [_thread_blocked, id=14862, stack(0x00007f6aeb7e8000,0x00007f6aeb8e9000)]
  0x00007f6b2c28d000 JavaThread "AWT-XAWT" daemon [_thread_in_native, id=14861, stack(0x00007f6aeb8e9000,0x00007f6aeb9ea000)]
  0x00007f6b2c272000 JavaThread "Java2D Disposer" daemon [_thread_blocked, id=14860, stack(0x00007f6af00cd000,0x00007f6af01ce000)]
  0x00007f6b2c0ad800 JavaThread "Service Thread" daemon [_thread_blocked, id=14858, stack(0x00007f6b16ef4000,0x00007f6b16ff5000)]
  0x00007f6b2c0ab800 JavaThread "C2 CompilerThread1" daemon [_thread_blocked, id=14857, stack(0x00007f6b16ff5000,0x00007f6b170f6000)]
  0x00007f6b2c0a8800 JavaThread "C2 CompilerThread0" daemon [_thread_blocked, id=14856, stack(0x00007f6b170f6000,0x00007f6b171f7000)]
  0x00007f6b2c0a6000 JavaThread "Signal Dispatcher" daemon [_thread_blocked, id=14855, stack(0x00007f6b171f7000,0x00007f6b172f8000)]
  0x00007f6b2c07b000 JavaThread "Finalizer" daemon [_thread_blocked, id=14854, stack(0x00007f6b175f6000,0x00007f6b176f7000)]
  0x00007f6b2c079000 JavaThread "Reference Handler" daemon [_thread_blocked, id=14853, stack(0x00007f6b176f7000,0x00007f6b177f8000)]

Other Threads:
  0x00007f6b2c075000 VMThread [stack: 0x00007f6b177f8000,0x00007f6b178f9000] [id=14852]
  0x00007f6b2c0b8000 WatcherThread [stack: 0x00007f6b16df3000,0x00007f6b16ef4000] [id=14859]

VM state:not at safepoint (normal execution)

VM Mutex/Monitor currently owned by a thread: None

Heap
 PSYoungGen      total 81408K, used 75420K [0x00000007d7000000, 0x00000007e5980000, 0x0000000800000000)
  eden space 79360K, 92% used [0x00000007d7000000,0x00000007db8059b0,0x00000007dbd80000)
  from space 2048K, 81% used [0x00000007e5780000,0x00000007e5921a08,0x00000007e5980000)
  to   space 4096K, 0% used [0x00000007e5180000,0x00000007e5180000,0x00000007e5580000)
 ParOldGen       total 83968K, used 14120K [0x0000000785000000, 0x000000078a200000, 0x00000007d7000000)
  object space 83968K, 16% used [0x0000000785000000,0x0000000785dca0e0,0x000000078a200000)
 PSPermGen       total 21504K, used 14853K [0x000000077aa00000, 0x000000077bf00000, 0x0000000785000000)
  object space 21504K, 69% used [0x000000077aa00000,0x000000077b881798,0x000000077bf00000)

Card table byte_map: [0x00007f6b309b5000,0x00007f6b30de1000] byte_map_base: 0x00007f6b2cde0000

Polling page: 0x00007f6b33d09000

Code Cache  [0x00007f6b29000000, 0x00007f6b29270000, 0x00007f6b2c000000)
 total_blobs=775 nmethods=196 adapters=532 free_code_cache=48189Kb largest_free_block=49311424

Compilation events (10 events):
Event: 12,366 Thread 0x00007f6b2c0a8800  200             java.awt.Component::getPeer (5 bytes)
Event: 12,366 Thread 0x00007f6b2c0a8800 nmethod 200 0x00007f6b290e62d0 code [0x00007f6b290e6400, 0x00007f6b290e6478]
Event: 12,559 Thread 0x00007f6b2c0ab800  201             sun.awt.geom.Order1::compareTo (347 bytes)
Event: 12,559 Thread 0x00007f6b2c0a8800  202             sun.awt.geom.Order1::XforY (72 bytes)
Event: 12,560 Thread 0x00007f6b2c0a8800 nmethod 202 0x00007f6b290c3310 code [0x00007f6b290c3440, 0x00007f6b290c34f8]
Event: 12,561 Thread 0x00007f6b2c0ab800 nmethod 201 0x00007f6b290e75d0 code [0x00007f6b290e7760, 0x00007f6b290e7af8]
Event: 12,674 Thread 0x00007f6b2c0a8800  203             java.util.EventObject::getSource (5 bytes)
Event: 12,674 Thread 0x00007f6b2c0a8800 nmethod 203 0x00007f6b290e60d0 code [0x00007f6b290e6200, 0x00007f6b290e6278]
Event: 12,685 Thread 0x00007f6b2c0ab800  204             sun.font.CompositeGlyphMapper::charsToGlyphsNS (158 bytes)
Event: 12,689 Thread 0x00007f6b2c0ab800 nmethod 204 0x00007f6b290e6e90 code [0x00007f6b290e6fe0, 0x00007f6b290e73d8]

GC Heap History (10 events):
Event: 10,205 GC heap before
{Heap before GC invocations=16 (full 0):
 PSYoungGen      total 98304K, used 97908K [0x00000007d7000000, 0x00000007e6180000, 0x0000000800000000)
  eden space 94208K, 99% used [0x00000007d7000000,0x00000007dcbb74e8,0x00000007dcc00000)
  from space 4096K, 97% used [0x00000007e5b00000,0x00000007e5ee5c20,0x00000007e5f00000)
  to   space 2560K, 0% used [0x00000007e5f00000,0x00000007e5f00000,0x00000007e6180000)
 ParOldGen       total 83968K, used 3224K [0x0000000785000000, 0x000000078a200000, 0x00000007d7000000)
  object space 83968K, 3% used [0x0000000785000000,0x00000007853260b0,0x000000078a200000)
 PSPermGen       total 21504K, used 14835K [0x000000077aa00000, 0x000000077bf00000, 0x0000000785000000)
  object space 21504K, 68% used [0x000000077aa00000,0x000000077b87ccd0,0x000000077bf00000)
Event: 10,207 GC heap after
Heap after GC invocations=16 (full 0):
 PSYoungGen      total 92672K, used 1352K [0x00000007d7000000, 0x00000007e6080000, 0x0000000800000000)
  eden space 91136K, 0% used [0x00000007d7000000,0x00000007d7000000,0x00000007dc900000)
  from space 1536K, 88% used [0x00000007e5f00000,0x00000007e6052218,0x00000007e6080000)
  to   space 4608K, 0% used [0x00000007e5780000,0x00000007e5780000,0x00000007e5c00000)
 ParOldGen       total 83968K, used 14040K [0x0000000785000000, 0x000000078a200000, 0x00000007d7000000)
  object space 83968K, 16% used [0x0000000785000000,0x0000000785db60e0,0x000000078a200000)
 PSPermGen       total 21504K, used 14835K [0x000000077aa00000, 0x000000077bf00000, 0x0000000785000000)
  object space 21504K, 68% used [0x000000077aa00000,0x000000077b87ccd0,0x000000077bf00000)
}
Event: 10,811 GC heap before
{Heap before GC invocations=17 (full 0):
 PSYoungGen      total 92672K, used 92041K [0x00000007d7000000, 0x00000007e6080000, 0x0000000800000000)
  eden space 91136K, 99% used [0x00000007d7000000,0x00000007dc890250,0x00000007dc900000)
  from space 1536K, 88% used [0x00000007e5f00000,0x00000007e6052218,0x00000007e6080000)
  to   space 4608K, 0% used [0x00000007e5780000,0x00000007e5780000,0x00000007e5c00000)
 ParOldGen       total 83968K, used 14040K [0x0000000785000000, 0x000000078a200000, 0x00000007d7000000)
  object space 83968K, 16% used [0x0000000785000000,0x0000000785db60e0,0x000000078a200000)
 PSPermGen       total 21504K, used 14842K [0x000000077aa00000, 0x000000077bf00000, 0x0000000785000000)
  object space 21504K, 69% used [0x000000077aa00000,0x000000077b87e8a8,0x000000077bf00000)
Event: 10,812 GC heap after
Heap after GC invocations=17 (full 0):
 PSYoungGen      total 89600K, used 1193K [0x00000007d7000000, 0x00000007e5f80000, 0x0000000800000000)
  eden space 88064K, 0% used [0x00000007d7000000,0x00000007d7000000,0x00000007dc600000)
  from space 1536K, 77% used [0x00000007e5780000,0x00000007e58aa638,0x00000007e5900000)
  to   space 4608K, 0% used [0x00000007e5b00000,0x00000007e5b00000,0x00000007e5f80000)
 ParOldGen       total 83968K, used 14056K [0x0000000785000000, 0x000000078a200000, 0x00000007d7000000)
  object space 83968K, 16% used [0x0000000785000000,0x0000000785dba0e0,0x000000078a200000)
 PSPermGen       total 21504K, used 14842K [0x000000077aa00000, 0x000000077bf00000, 0x0000000785000000)
  object space 21504K, 69% used [0x000000077aa00000,0x000000077b87e8a8,0x000000077bf00000)
}
Event: 11,339 GC heap before
{Heap before GC invocations=18 (full 0):
 PSYoungGen      total 89600K, used 88812K [0x00000007d7000000, 0x00000007e5f80000, 0x0000000800000000)
  eden space 88064K, 99% used [0x00000007d7000000,0x00000007dc590cb8,0x00000007dc600000)
  from space 1536K, 77% used [0x00000007e5780000,0x00000007e58aa638,0x00000007e5900000)
  to   space 4608K, 0% used [0x00000007e5b00000,0x00000007e5b00000,0x00000007e5f80000)
 ParOldGen       total 83968K, used 14056K [0x0000000785000000, 0x000000078a200000, 0x00000007d7000000)
  object space 83968K, 16% used [0x0000000785000000,0x0000000785dba0e0,0x000000078a200000)
 PSPermGen       total 21504K, used 14843K [0x000000077aa00000, 0x000000077bf00000, 0x0000000785000000)
  object space 21504K, 69% used [0x000000077aa00000,0x000000077b87ecd0,0x000000077bf00000)
Event: 11,339 GC heap after
Heap after GC invocations=18 (full 0):
 PSYoungGen      total 86016K, used 1002K [0x00000007d7000000, 0x00000007e5c00000, 0x0000000800000000)
  eden space 84992K, 0% used [0x00000007d7000000,0x00000007d7000000,0x00000007dc300000)
  from space 1024K, 97% used [0x00000007e5b00000,0x00000007e5bfaa28,0x00000007e5c00000)
  to   space 4608K, 0% used [0x00000007e5300000,0x00000007e5300000,0x00000007e5780000)
 ParOldGen       total 83968K, used 14080K [0x0000000785000000, 0x000000078a200000, 0x00000007d7000000)
  object space 83968K, 16% used [0x0000000785000000,0x0000000785dc00e0,0x000000078a200000)
 PSPermGen       total 21504K, used 14843K [0x000000077aa00000, 0x000000077bf00000, 0x0000000785000000)
  object space 21504K, 69% used [0x000000077aa00000,0x000000077b87ecd0,0x000000077bf00000)
}
Event: 11,871 GC heap before
{Heap before GC invocations=19 (full 0):
 PSYoungGen      total 86016K, used 83668K [0x00000007d7000000, 0x00000007e5c00000, 0x0000000800000000)
  eden space 84992K, 97% used [0x00000007d7000000,0x00000007dc0ba988,0x00000007dc300000)
  from space 1024K, 97% used [0x00000007e5b00000,0x00000007e5bfaa28,0x00000007e5c00000)
  to   space 4608K, 0% used [0x00000007e5300000,0x00000007e5300000,0x00000007e5780000)
 ParOldGen       total 83968K, used 14080K [0x0000000785000000, 0x000000078a200000, 0x00000007d7000000)
  object space 83968K, 16% used [0x0000000785000000,0x0000000785dc00e0,0x000000078a200000)
 PSPermGen       total 21504K, used 14850K [0x000000077aa00000, 0x000000077bf00000, 0x0000000785000000)
  object space 21504K, 69% used [0x000000077aa00000,0x000000077b8808e0,0x000000077bf00000)
Event: 11,873 GC heap after
Heap after GC invocations=19 (full 0):
 PSYoungGen      total 86528K, used 1670K [0x00000007d7000000, 0x00000007e5b80000, 0x0000000800000000)
  eden space 81920K, 0% used [0x00000007d7000000,0x00000007d7000000,0x00000007dc000000)
  from space 4608K, 36% used [0x00000007e5300000,0x00000007e54a1a08,0x00000007e5780000)
  to   space 4096K, 0% used [0x00000007e5780000,0x00000007e5780000,0x00000007e5b80000)
 ParOldGen       total 83968K, used 14096K [0x0000000785000000, 0x000000078a200000, 0x00000007d7000000)
  object space 83968K, 16% used [0x0000000785000000,0x0000000785dc40e0,0x000000078a200000)
 PSPermGen       total 21504K, used 14850K [0x000000077aa00000, 0x000000077bf00000, 0x0000000785000000)
  object space 21504K, 69% used [0x000000077aa00000,0x000000077b8808e0,0x000000077bf00000)
}
Event: 12,376 GC heap before
{Heap before GC invocations=20 (full 0):
 PSYoungGen      total 86528K, used 80729K [0x00000007d7000000, 0x00000007e5b80000, 0x0000000800000000)
  eden space 81920K, 96% used [0x00000007d7000000,0x00000007dbd34a58,0x00000007dc000000)
  from space 4608K, 36% used [0x00000007e5300000,0x00000007e54a1a08,0x00000007e5780000)
  to   space 4096K, 0% used [0x00000007e5780000,0x00000007e5780000,0x00000007e5b80000)
 ParOldGen       total 83968K, used 14096K [0x0000000785000000, 0x000000078a200000, 0x00000007d7000000)
  object space 83968K, 16% used [0x0000000785000000,0x0000000785dc40e0,0x000000078a200000)
 PSPermGen       total 21504K, used 14853K [0x000000077aa00000, 0x000000077bf00000, 0x0000000785000000)
  object space 21504K, 69% used [0x000000077aa00000,0x000000077b881558,0x000000077bf00000)
Event: 12,377 GC heap after
Heap after GC invocations=20 (full 0):
 PSYoungGen      total 81408K, used 1670K [0x00000007d7000000, 0x00000007e5980000, 0x0000000800000000)
  eden space 79360K, 0% used [0x00000007d7000000,0x00000007d7000000,0x00000007dbd80000)
  from space 2048K, 81% used [0x00000007e5780000,0x00000007e5921a08,0x00000007e5980000)
  to   space 4096K, 0% used [0x00000007e5180000,0x00000007e5180000,0x00000007e5580000)
 ParOldGen       total 83968K, used 14120K [0x0000000785000000, 0x000000078a200000, 0x00000007d7000000)
  object space 83968K, 16% used [0x0000000785000000,0x0000000785dca0e0,0x000000078a200000)
 PSPermGen       total 21504K, used 14853K [0x000000077aa00000, 0x000000077bf00000, 0x0000000785000000)
  object space 21504K, 69% used [0x000000077aa00000,0x000000077b881558,0x000000077bf00000)
}

Deoptimization events (10 events):
Event: 2,228 Thread 0x00007f6ad4335800 Uncommon trap: reason=unstable_if action=reinterpret pc=0x00007f6b290bd7c0 method=ru.ang5545.scanning_system_2.image_processing.ChannelHandler.sumChannels(Lorg/bytedeco/javacpp/opencv_core$IplImage;Lorg/bytedeco/javacpp/opencv_core$IplImage;Lorg/bytedeco/
Event: 2,229 Thread 0x00007f6ad4335800 Uncommon trap: reason=unstable_if action=reinterpret pc=0x00007f6b290b0b0c method=ru.ang5545.scanning_system_2.image_processing.ChannelHandler.sumChannels(Lorg/bytedeco/javacpp/opencv_core$IplImage;Lorg/bytedeco/javacpp/opencv_core$IplImage;Lorg/bytedeco/
Event: 2,503 Thread 0x00007f6ad4335800 Uncommon trap: reason=unstable_if action=reinterpret pc=0x00007f6b290c33fc method=ru.ang5545.scanning_system_2.image_processing.ChannelHandler.sumChannels(Lorg/bytedeco/javacpp/opencv_core$IplImage;Lorg/bytedeco/javacpp/opencv_core$IplImage;Lorg/bytedeco/
Event: 4,720 Thread 0x00007f6b2c292800 Uncommon trap: reason=predicate action=maybe_recompile pc=0x00007f6b290cab2c method=java.util.TimSort.binarySort([Ljava/lang/Object;IIILjava/util/Comparator;)V @ 37
Event: 6,521 Thread 0x00007f6b2c292800 Uncommon trap: reason=array_check action=maybe_recompile pc=0x00007f6b290d9664 method=java.util.TimSort.binarySort([Ljava/lang/Object;IIILjava/util/Comparator;)V @ 215
Event: 6,521 Thread 0x00007f6b2c292800 Uncommon trap: reason=array_check action=maybe_recompile pc=0x00007f6b290d98bc method=java.util.TimSort.binarySort([Ljava/lang/Object;IIILjava/util/Comparator;)V @ 183
Event: 6,531 Thread 0x00007f6b2c292800 Uncommon trap: reason=array_check action=maybe_recompile pc=0x00007f6b290d9664 method=java.util.TimSort.binarySort([Ljava/lang/Object;IIILjava/util/Comparator;)V @ 215
Event: 6,531 Thread 0x00007f6b2c292800 Uncommon trap: reason=array_check action=maybe_recompile pc=0x00007f6b290d98bc method=java.util.TimSort.binarySort([Ljava/lang/Object;IIILjava/util/Comparator;)V @ 183
Event: 8,204 Thread 0x00007f6b2c292800 Uncommon trap: reason=array_check action=maybe_recompile pc=0x00007f6b290dfa20 method=java.util.TimSort.binarySort([Ljava/lang/Object;IIILjava/util/Comparator;)V @ 193
Event: 8,204 Thread 0x00007f6b2c292800 Uncommon trap: reason=array_check action=maybe_recompile pc=0x00007f6b290dfa20 method=java.util.TimSort.binarySort([Ljava/lang/Object;IIILjava/util/Comparator;)V @ 193

Internal exceptions (10 events):
Event: 1,618 Thread 0x00007f6b2c292800 Threw 0x00000007d82040f0 at /build/java7-openjdk/src/icedtea-2.6.3/openjdk/hotspot/src/share/vm/prims/jvm.cpp:1322
Event: 1,619 Thread 0x00007f6b2c292800 Threw 0x00000007d820afa8 at /build/java7-openjdk/src/icedtea-2.6.3/openjdk/hotspot/src/share/vm/prims/jvm.cpp:1322
Event: 1,619 Thread 0x00007f6b2c292800 Threw 0x00000007d8211540 at /build/java7-openjdk/src/icedtea-2.6.3/openjdk/hotspot/src/share/vm/prims/jvm.cpp:1322
Event: 1,619 Thread 0x00007f6b2c292800 Threw 0x00000007d8218368 at /build/java7-openjdk/src/icedtea-2.6.3/openjdk/hotspot/src/share/vm/prims/jvm.cpp:1322
Event: 1,620 Thread 0x00007f6b2c292800 Threw 0x00000007d821dd28 at /build/java7-openjdk/src/icedtea-2.6.3/openjdk/hotspot/src/share/vm/prims/jvm.cpp:1322
Event: 1,620 Thread 0x00007f6b2c292800 Threw 0x00000007d8222f80 at /build/java7-openjdk/src/icedtea-2.6.3/openjdk/hotspot/src/share/vm/prims/jvm.cpp:1322
Event: 1,620 Thread 0x00007f6b2c292800 Threw 0x00000007d8228a48 at /build/java7-openjdk/src/icedtea-2.6.3/openjdk/hotspot/src/share/vm/prims/jvm.cpp:1322
Event: 1,654 Thread 0x00007f6b2c292800 Threw 0x00000007d826f9b8 at /build/java7-openjdk/src/icedtea-2.6.3/openjdk/hotspot/src/share/vm/prims/jvm.cpp:1322
Event: 1,655 Thread 0x00007f6b2c292800 Threw 0x00000007d8273f30 at /build/java7-openjdk/src/icedtea-2.6.3/openjdk/hotspot/src/share/vm/prims/jvm.cpp:1322
Event: 1,732 Thread 0x00007f6ad4335800 Threw 0x00000007d83763a0 at /build/java7-openjdk/src/icedtea-2.6.3/openjdk/hotspot/src/share/vm/prims/jvm.cpp:1322

Events (10 events):
Event: 10,207 Executing VM operation: ParallelGCFailedAllocation done
Event: 10,627 Thread 0x00007f6b2c0ab800 flushing nmethod 0x00007f6b290c2ed0
Event: 10,811 Executing VM operation: ParallelGCFailedAllocation
Event: 10,812 Executing VM operation: ParallelGCFailedAllocation done
Event: 11,338 Executing VM operation: ParallelGCFailedAllocation
Event: 11,339 Executing VM operation: ParallelGCFailedAllocation done
Event: 11,871 Executing VM operation: ParallelGCFailedAllocation
Event: 11,873 Executing VM operation: ParallelGCFailedAllocation done
Event: 12,375 Executing VM operation: ParallelGCFailedAllocation
Event: 12,377 Executing VM operation: ParallelGCFailedAllocation done


Dynamic libraries:
00400000-00401000 r-xp 00000000 08:02 15742080                           /usr/lib/jvm/java-7-openjdk/jre/bin/java
00600000-00601000 rw-p 00000000 08:02 15742080                           /usr/lib/jvm/java-7-openjdk/jre/bin/java
00ebf000-00ee0000 rw-p 00000000 00:00 0                                  [heap]
77aa00000-77bf00000 rw-p 00000000 00:00 0 
77bf00000-785000000 rw-p 00000000 00:00 0 
785000000-78a200000 rw-p 00000000 00:00 0 
78a200000-7d7000000 rw-p 00000000 00:00 0 
7d7000000-7e5980000 rw-p 00000000 00:00 0 
7e5980000-7e7000000 ---p 00000000 00:00 0 
7e7000000-800000000 rw-p 00000000 00:00 0 
7f6acb7ff000-7f6acb800000 ---p 00000000 00:00 0 
7f6acb800000-7f6acc000000 rw-p 00000000 00:00 0                          [stack:14869]
7f6acc000000-7f6acc021000 rw-p 00000000 00:00 0 
7f6acc021000-7f6ad0000000 ---p 00000000 00:00 0 
7f6ad0000000-7f6ad0e19000 rw-p 00000000 00:00 0 
7f6ad0e19000-7f6ad4000000 ---p 00000000 00:00 0 
7f6ad4000000-7f6ad4c2e000 rw-p 00000000 00:00 0 
7f6ad4c2e000-7f6ad8000000 ---p 00000000 00:00 0 
7f6ad8000000-7f6ad8021000 rw-p 00000000 00:00 0 
7f6ad8021000-7f6adc000000 ---p 00000000 00:00 0 
7f6adc000000-7f6adc021000 rw-p 00000000 00:00 0 
7f6adc021000-7f6ae0000000 ---p 00000000 00:00 0 
7f6ae0000000-7f6ae0021000 rw-p 00000000 00:00 0 
7f6ae0021000-7f6ae4000000 ---p 00000000 00:00 0 
7f6ae4000000-7f6ae4021000 rw-p 00000000 00:00 0 
7f6ae4021000-7f6ae8000000 ---p 00000000 00:00 0 
7f6ae8221000-7f6ae8222000 ---p 00000000 00:00 0 
7f6ae8222000-7f6ae8a22000 rw-p 00000000 00:00 0                          [stack:14868]
7f6ae8a22000-7f6ae8a23000 ---p 00000000 00:00 0 
7f6ae8a23000-7f6ae9223000 rw-p 00000000 00:00 0                          [stack:14867]
7f6ae9223000-7f6ae9226000 ---p 00000000 00:00 0 
7f6ae9226000-7f6ae9324000 rw-p 00000000 00:00 0                          [stack:14866]
7f6ae9324000-7f6ae933e000 r-xp 00000000 00:22 67                         /tmp/javacpp25667425836140/libjniopencv_imgcodecs.so
7f6ae933e000-7f6ae953d000 ---p 0001a000 00:22 67                         /tmp/javacpp25667425836140/libjniopencv_imgcodecs.so
7f6ae953d000-7f6ae953e000 rw-p 00019000 00:22 67                         /tmp/javacpp25667425836140/libjniopencv_imgcodecs.so
7f6ae953e000-7f6ae97d7000 r-xp 00000000 00:22 66                         /tmp/javacpp25667425836140/libopencv_imgcodecs.so.3.0
7f6ae97d7000-7f6ae99d7000 ---p 00299000 00:22 66                         /tmp/javacpp25667425836140/libopencv_imgcodecs.so.3.0
7f6ae99d7000-7f6ae99e4000 rw-p 00299000 00:22 66                         /tmp/javacpp25667425836140/libopencv_imgcodecs.so.3.0
7f6ae99e4000-7f6ae99ef000 rw-p 00000000 00:00 0 
7f6ae99ef000-7f6ae9aa7000 r-xp 00000000 00:22 65                         /tmp/javacpp25667425836140/libjniopencv_imgproc.so
7f6ae9aa7000-7f6ae9ca6000 ---p 000b8000 00:22 65                         /tmp/javacpp25667425836140/libjniopencv_imgproc.so
7f6ae9ca6000-7f6ae9ca8000 rw-p 000b7000 00:22 65                         /tmp/javacpp25667425836140/libjniopencv_imgproc.so
7f6ae9ca8000-7f6ae9e41000 rw-s 00000000 00:05 26312726                   /SYSV00000000 (deleted)
7f6ae9e41000-7f6ae9e44000 ---p 00000000 00:00 0 
7f6ae9e44000-7f6ae9f42000 rw-p 00000000 00:00 0                          [stack:14865]
7f6ae9f42000-7f6ae9f52000 r-xp 00000000 08:02 15742055                   /usr/lib/jvm/java-7-openjdk/jre/lib/amd64/libnio.so
7f6ae9f52000-7f6aea152000 ---p 00010000 08:02 15742055                   /usr/lib/jvm/java-7-openjdk/jre/lib/amd64/libnio.so
7f6aea152000-7f6aea153000 rw-p 00010000 08:02 15742055                   /usr/lib/jvm/java-7-openjdk/jre/lib/amd64/libnio.so
7f6aea153000-7f6aea16a000 r-xp 00000000 08:02 15742054                   /usr/lib/jvm/java-7-openjdk/jre/lib/amd64/libnet.so
7f6aea16a000-7f6aea36a000 ---p 00017000 08:02 15742054                   /usr/lib/jvm/java-7-openjdk/jre/lib/amd64/libnet.so
7f6aea36a000-7f6aea36b000 rw-p 00017000 08:02 15742054                   /usr/lib/jvm/java-7-openjdk/jre/lib/amd64/libnet.so
7f6aea36b000-7f6aea3bd000 r-xp 00000000 08:02 15742070                   /usr/lib/jvm/java-7-openjdk/jre/lib/amd64/libfontmanager.so
7f6aea3bd000-7f6aea5bd000 ---p 00052000 08:02 15742070                   /usr/lib/jvm/java-7-openjdk/jre/lib/amd64/libfontmanager.so
7f6aea5bd000-7f6aea5c0000 rw-p 00052000 08:02 15742070                   /usr/lib/jvm/java-7-openjdk/jre/lib/amd64/libfontmanager.so
7f6aea5c0000-7f6aea7b0000 r-xp 00000000 00:22 64                         /tmp/javacpp25667425836140/libjniopencv_core.so
7f6aea7b0000-7f6aea9b0000 ---p 001f0000 00:22 64                         /tmp/javacpp25667425836140/libjniopencv_core.so
7f6aea9b0000-7f6aea9b3000 rw-p 001f0000 00:22 64                         /tmp/javacpp25667425836140/libjniopencv_core.so
7f6aea9b3000-7f6aeac7d000 r-xp 00000000 00:22 63                         /tmp/javacpp25667425836140/libopencv_imgproc.so.3.0
7f6aeac7d000-7f6aeae7d000 ---p 002ca000 00:22 63                         /tmp/javacpp25667425836140/libopencv_imgproc.so.3.0
7f6aeae7d000-7f6aeae8f000 rw-p 002ca000 00:22 63                         /tmp/javacpp25667425836140/libopencv_imgproc.so.3.0
7f6aeae8f000-7f6aeaf24000 rw-p 00000000 00:00 0 
7f6aeaf24000-7f6aeaf45000 r-xp 00000000 08:02 14947461                   /usr/lib/libgomp.so.1.0.0
7f6aeaf45000-7f6aeb145000 ---p 00021000 08:02 14947461                   /usr/lib/libgomp.so.1.0.0
7f6aeb145000-7f6aeb146000 rw-p 00021000 08:02 14947461                   /usr/lib/libgomp.so.1.0.0
7f6aeb146000-7f6aeb3dd000 r-xp 00000000 00:22 62                         /tmp/javacpp25667425836140/libopencv_core.so.3.0
7f6aeb3dd000-7f6aeb5dc000 ---p 00297000 00:22 62                         /tmp/javacpp25667425836140/libopencv_core.so.3.0
7f6aeb5dc000-7f6aeb5e3000 rw-p 00296000 00:22 62                         /tmp/javacpp25667425836140/libopencv_core.so.3.0
7f6aeb5e3000-7f6aeb5e6000 rw-p 00000000 00:00 0 
7f6aeb5e6000-7f6aeb5e9000 ---p 00000000 00:00 0 
7f6aeb5e9000-7f6aeb6e7000 rw-p 00000000 00:00 0 
7f6aeb6e7000-7f6aeb6ea000 ---p 00000000 00:00 0 
7f6aeb6ea000-7f6aeb7e8000 rw-p 00000000 00:00 0                          [stack:14863]
7f6aeb7e8000-7f6aeb7eb000 ---p 00000000 00:00 0 
7f6aeb7eb000-7f6aeb8e9000 rw-p 00000000 00:00 0                          [stack:14862]
7f6aeb8e9000-7f6aeb8ec000 ---p 00000000 00:00 0 
7f6aeb8ec000-7f6aeb9ea000 rw-p 00000000 00:00 0                          [stack:14861]
7f6aeb9ea000-7f6aeb9ef000 r-xp 00000000 08:02 14947362                   /usr/lib/libXfixes.so.3.1.0
7f6aeb9ef000-7f6aebbee000 ---p 00005000 08:02 14947362                   /usr/lib/libXfixes.so.3.1.0
7f6aebbee000-7f6aebbef000 r--p 00004000 08:02 14947362                   /usr/lib/libXfixes.so.3.1.0
7f6aebbef000-7f6aebbf0000 rw-p 00005000 08:02 14947362                   /usr/lib/libXfixes.so.3.1.0
7f6aebbf0000-7f6aebbfa000 r-xp 00000000 08:02 14955981                   /usr/lib/libXcursor.so.1.0.2
7f6aebbfa000-7f6aebdf9000 ---p 0000a000 08:02 14955981                   /usr/lib/libXcursor.so.1.0.2
7f6aebdf9000-7f6aebdfa000 r--p 00009000 08:02 14955981                   /usr/lib/libXcursor.so.1.0.2
7f6aebdfa000-7f6aebdfb000 rw-p 0000a000 08:02 14955981                   /usr/lib/libXcursor.so.1.0.2
7f6aebdfb000-7f6aebdff000 r-xp 00000000 08:02 14947376                   /usr/lib/libattr.so.1.1.0
7f6aebdff000-7f6aebffe000 ---p 00004000 08:02 14947376                   /usr/lib/libattr.so.1.1.0
7f6aebffe000-7f6aebfff000 r--p 00003000 08:02 14947376                   /usr/lib/libattr.so.1.1.0
7f6aebfff000-7f6aec000000 rw-p 00004000 08:02 14947376                   /usr/lib/libattr.so.1.1.0
7f6aec000000-7f6aec021000 rw-p 00000000 00:00 0 
7f6aec021000-7f6af0000000 ---p 00000000 00:00 0 
7f6af00cd000-7f6af00d0000 ---p 00000000 00:00 0 
7f6af00d0000-7f6af01ce000 rw-p 00000000 00:00 0                          [stack:14860]
7f6af01ce000-7f6af01d2000 r-xp 00000000 08:02 14947386                   /usr/lib/libcap.so.2.24
7f6af01d2000-7f6af03d1000 ---p 00004000 08:02 14947386                   /usr/lib/libcap.so.2.24
7f6af03d1000-7f6af03d2000 rw-p 00003000 08:02 14947386                   /usr/lib/libcap.so.2.24
7f6af03d2000-7f6af03e4000 r-xp 00000000 08:02 14947462                   /usr/lib/libgpg-error.so.0.16.0
7f6af03e4000-7f6af05e3000 ---p 00012000 08:02 14947462                   /usr/lib/libgpg-error.so.0.16.0
7f6af05e3000-7f6af05e4000 r--p 00011000 08:02 14947462                   /usr/lib/libgpg-error.so.0.16.0
7f6af05e4000-7f6af05e5000 rw-p 00012000 08:02 14947462                   /usr/lib/libgpg-error.so.0.16.0
7f6af05e5000-7f6af06bd000 r-xp 00000000 08:02 14947444                   /usr/lib/libgcrypt.so.20.0.4
7f6af06bd000-7f6af08bd000 ---p 000d8000 08:02 14947444                   /usr/lib/libgcrypt.so.20.0.4
7f6af08bd000-7f6af08be000 r--p 000d8000 08:02 14947444                   /usr/lib/libgcrypt.so.20.0.4
7f6af08be000-7f6af08c6000 rw-p 000d9000 08:02 14947444                   /usr/lib/libgcrypt.so.20.0.4
7f6af08c6000-7f6af08c7000 rw-p 00000000 00:00 0 
7f6af08c7000-7f6af08d8000 r-xp 00000000 08:02 14947501                   /usr/lib/liblz4.so.1.7.1
7f6af08d8000-7f6af0ad7000 ---p 00011000 08:02 14947501                   /usr/lib/liblz4.so.1.7.1
7f6af0ad7000-7f6af0ad8000 r--p 00010000 08:02 14947501                   /usr/lib/liblz4.so.1.7.1
7f6af0ad8000-7f6af0ad9000 rw-p 00011000 08:02 14947501                   /usr/lib/liblz4.so.1.7.1
7f6af0ad9000-7f6af0afe000 r-xp 00000000 08:02 14943014                   /usr/lib/liblzma.so.5.2.2
7f6af0afe000-7f6af0cfd000 ---p 00025000 08:02 14943014                   /usr/lib/liblzma.so.5.2.2
7f6af0cfd000-7f6af0cfe000 r--p 00024000 08:02 14943014                   /usr/lib/liblzma.so.5.2.2
7f6af0cfe000-7f6af0cff000 rw-p 00025000 08:02 14943014                   /usr/lib/liblzma.so.5.2.2
7f6af0cff000-7f6af0d28000 r-xp 00000000 08:02 14955009                   /usr/lib/libgraphite2.so.3.0.1
7f6af0d28000-7f6af0f27000 ---p 00029000 08:02 14955009                   /usr/lib/libgraphite2.so.3.0.1
7f6af0f27000-7f6af0f29000 r--p 00028000 08:02 14955009                   /usr/lib/libgraphite2.so.3.0.1
7f6af0f29000-7f6af0f2a000 rw-p 0002a000 08:02 14955009                   /usr/lib/libgraphite2.so.3.0.1
7f6af0f2a000-7f6af0fbb000 r-xp 00000000 08:02 14945771                   /usr/lib/libgmp.so.10.3.0
7f6af0fbb000-7f6af11bb000 ---p 00091000 08:02 14945771                   /usr/lib/libgmp.so.10.3.0
7f6af11bb000-7f6af11bc000 r--p 00091000 08:02 14945771                   /usr/lib/libgmp.so.10.3.0
7f6af11bc000-7f6af11bd000 rw-p 00092000 08:02 14945771                   /usr/lib/libgmp.so.10.3.0
7f6af11bd000-7f6af11ef000 r-xp 00000000 08:02 14947473                   /usr/lib/libhogweed.so.4.1
7f6af11ef000-7f6af13ef000 ---p 00032000 08:02 14947473                   /usr/lib/libhogweed.so.4.1
7f6af13ef000-7f6af13f0000 r--p 00032000 08:02 14947473                   /usr/lib/libhogweed.so.4.1
7f6af13f0000-7f6af13f1000 rw-p 00033000 08:02 14947473                   /usr/lib/libhogweed.so.4.1
7f6af13f1000-7f6af1427000 r-xp 00000000 08:02 14947524                   /usr/lib/libnettle.so.6.1
7f6af1427000-7f6af1626000 ---p 00036000 08:02 14947524                   /usr/lib/libnettle.so.6.1
7f6af1626000-7f6af1628000 r--p 00035000 08:02 14947524                   /usr/lib/libnettle.so.6.1
7f6af1628000-7f6af1629000 rw-p 00037000 08:02 14947524                   /usr/lib/libnettle.so.6.1
7f6af1629000-7f6af163b000 r-xp 00000000 08:02 14947613                   /usr/lib/libtasn1.so.6.5.1
7f6af163b000-7f6af183a000 ---p 00012000 08:02 14947613                   /usr/lib/libtasn1.so.6.5.1
7f6af183a000-7f6af183b000 r--p 00011000 08:02 14947613                   /usr/lib/libtasn1.so.6.5.1
7f6af183b000-7f6af183c000 rw-p 00012000 08:02 14947613                   /usr/lib/libtasn1.so.6.5.1
7f6af183c000-7f6af1896000 r-xp 00000000 08:02 14947558                   /usr/lib/libp11-kit.so.0.1.0
7f6af1896000-7f6af1a95000 ---p 0005a000 08:02 14947558                   /usr/lib/libp11-kit.so.0.1.0
7f6af1a95000-7f6af1a9f000 r--p 00059000 08:02 14947558                   /usr/lib/libp11-kit.so.0.1.0
7f6af1a9f000-7f6af1aa1000 rw-p 00063000 08:02 14947558                   /usr/lib/libp11-kit.so.0.1.0
7f6af1aa1000-7f6af1aa4000 r-xp 00000000 08:02 14947488                   /usr/lib/libkeyutils.so.1.5
7f6af1aa4000-7f6af1ca3000 ---p 00003000 08:02 14947488                   /usr/lib/libkeyutils.so.1.5
7f6af1ca3000-7f6af1ca4000 r--p 00002000 08:02 14947488                   /usr/lib/libkeyutils.so.1.5
7f6af1ca4000-7f6af1ca5000 rw-p 00003000 08:02 14947488                   /usr/lib/libkeyutils.so.1.5
7f6af1ca5000-7f6af1cb1000 r-xp 00000000 08:02 14947493                   /usr/lib/libkrb5support.so.0.1
7f6af1cb1000-7f6af1eb0000 ---p 0000c000 08:02 14947493                   /usr/lib/libkrb5support.so.0.1
7f6af1eb0000-7f6af1eb1000 r--p 0000b000 08:02 14947493                   /usr/lib/libkrb5support.so.0.1
7f6af1eb1000-7f6af1eb2000 rw-p 0000c000 08:02 14947493                   /usr/lib/libkrb5support.so.0.1
7f6af1eb2000-7f6af1eb7000 r-xp 00000000 08:02 14947360                   /usr/lib/libXdmcp.so.6.0.0
7f6af1eb7000-7f6af20b6000 ---p 00005000 08:02 14947360                   /usr/lib/libXdmcp.so.6.0.0
7f6af20b6000-7f6af20b7000 r--p 00004000 08:02 14947360                   /usr/lib/libXdmcp.so.6.0.0
7f6af20b7000-7f6af20b8000 rw-p 00005000 08:02 14947360                   /usr/lib/libXdmcp.so.6.0.0
7f6af20b8000-7f6af20ba000 r-xp 00000000 08:02 14947358                   /usr/lib/libXau.so.6.0.0
7f6af20ba000-7f6af22ba000 ---p 00002000 08:02 14947358                   /usr/lib/libXau.so.6.0.0
7f6af22ba000-7f6af22bb000 r--p 00002000 08:02 14947358                   /usr/lib/libXau.so.6.0.0
7f6af22bb000-7f6af22bc000 rw-p 00003000 08:02 14947358                   /usr/lib/libXau.so.6.0.0
7f6af22bc000-7f6af232b000 r-xp 00000000 08:02 14947569                   /usr/lib/libpcre.so.1.2.5
7f6af232b000-7f6af252a000 ---p 0006f000 08:02 14947569                   /usr/lib/libpcre.so.1.2.5
7f6af252a000-7f6af252b000 r--p 0006e000 08:02 14947569                   /usr/lib/libpcre.so.1.2.5
7f6af252b000-7f6af252c000 rw-p 0006f000 08:02 14947569                   /usr/lib/libpcre.so.1.2.5
7f6af252c000-7f6af2534000 r-xp 00000000 08:02 14947435                   /usr/lib/libffi.so.6.0.4
7f6af2534000-7f6af2733000 ---p 00008000 08:02 14947435                   /usr/lib/libffi.so.6.0.4
7f6af2733000-7f6af2734000 r--p 00007000 08:02 14947435                   /usr/lib/libffi.so.6.0.4
7f6af2734000-7f6af2735000 rw-p 00008000 08:02 14947435                   /usr/lib/libffi.so.6.0.4
7f6af2735000-7f6af2749000 r-xp 00000000 08:02 14947591                   /usr/lib/libresolv-2.22.so
7f6af2749000-7f6af2948000 ---p 00014000 08:02 14947591                   /usr/lib/libresolv-2.22.so
7f6af2948000-7f6af2949000 r--p 00013000 08:02 14947591                   /usr/lib/libresolv-2.22.so
7f6af2949000-7f6af294a000 rw-p 00014000 08:02 14947591                   /usr/lib/libresolv-2.22.so
7f6af294a000-7f6af294c000 rw-p 00000000 00:00 0 
7f6af294c000-7f6af294f000 r-xp 00000000 08:02 14945767                   /usr/lib/libgmodule-2.0.so.0.4600.2
7f6af294f000-7f6af2b4e000 ---p 00003000 08:02 14945767                   /usr/lib/libgmodule-2.0.so.0.4600.2
7f6af2b4e000-7f6af2b4f000 r--p 00002000 08:02 14945767                   /usr/lib/libgmodule-2.0.so.0.4600.2
7f6af2b4f000-7f6af2b50000 rw-p 00003000 08:02 14945767                   /usr/lib/libgmodule-2.0.so.0.4600.2
7f6af2b50000-7f6af2bb2000 r-xp 00000000 08:02 14953538                   /usr/lib/libharfbuzz.so.0.10102.0
7f6af2bb2000-7f6af2db2000 ---p 00062000 08:02 14953538                   /usr/lib/libharfbuzz.so.0.10102.0
7f6af2db2000-7f6af2db3000 r--p 00062000 08:02 14953538                   /usr/lib/libharfbuzz.so.0.10102.0
7f6af2db3000-7f6af2db4000 rw-p 00063000 08:02 14953538                   /usr/lib/libharfbuzz.so.0.10102.0
7f6af2db4000-7f6af2de8000 r-xp 00000000 08:02 14953416                   /usr/lib/libpng16.so.16.19.0
7f6af2de8000-7f6af2fe7000 ---p 00034000 08:02 14953416                   /usr/lib/libpng16.so.16.19.0
7f6af2fe7000-7f6af2fe8000 r--p 00033000 08:02 14953416                   /usr/lib/libpng16.so.16.19.0
7f6af2fe8000-7f6af2fe9000 rw-p 00034000 08:02 14953416                   /usr/lib/libpng16.so.16.19.0
7f6af2fe9000-7f6af2ff8000 r-xp 00000000 08:02 14947380                   /usr/lib/libbz2.so.1.0.6
7f6af2ff8000-7f6af31f7000 ---p 0000f000 08:02 14947380                   /usr/lib/libbz2.so.1.0.6
7f6af31f7000-7f6af31f9000 rw-p 0000e000 08:02 14947380                   /usr/lib/libbz2.so.1.0.6
7f6af31f9000-7f6af3220000 r-xp 00000000 08:02 14947432                   /usr/lib/libexpat.so.1.6.0
7f6af3220000-7f6af341f000 ---p 00027000 08:02 14947432                   /usr/lib/libexpat.so.1.6.0
7f6af341f000-7f6af3422000 r--p 00026000 08:02 14947432                   /usr/lib/libexpat.so.1.6.0
7f6af3422000-7f6af3423000 rw-p 00029000 08:02 14947432                   /usr/lib/libexpat.so.1.6.0
7f6af3423000-7f6af342b000 r-xp 00000000 08:02 14947394                   /usr/lib/libcrypt-2.22.so
7f6af342b000-7f6af362b000 ---p 00008000 08:02 14947394                   /usr/lib/libcrypt-2.22.so
7f6af362b000-7f6af362c000 r--p 00008000 08:02 14947394                   /usr/lib/libcrypt-2.22.so
7f6af362c000-7f6af362d000 rw-p 00009000 08:02 14947394                   /usr/lib/libcrypt-2.22.so
7f6af362d000-7f6af365b000 rw-p 00000000 00:00 0 
7f6af365b000-7f6af36a9000 r-xp 00000000 08:02 14951274                   /usr/lib/libdbus-1.so.3.14.5
7f6af36a9000-7f6af38a9000 ---p 0004e000 08:02 14951274                   /usr/lib/libdbus-1.so.3.14.5
7f6af38a9000-7f6af38aa000 r--p 0004e000 08:02 14951274                   /usr/lib/libdbus-1.so.3.14.5
7f6af38aa000-7f6af38ab000 rw-p 0004f000 08:02 14951274                   /usr/lib/libdbus-1.so.3.14.5
7f6af38ab000-7f6af38ac000 rw-p 00000000 00:00 0 
7f6af38ac000-7f6af38bc000 r-xp 00000000 08:02 14949079                   /usr/lib/libavahi-client.so.3.2.9
7f6af38bc000-7f6af3abb000 ---p 00010000 08:02 14949079                   /usr/lib/libavahi-client.so.3.2.9
7f6af3abb000-7f6af3abc000 r--p 0000f000 08:02 14949079                   /usr/lib/libavahi-client.so.3.2.9
7f6af3abc000-7f6af3abd000 rw-p 00010000 08:02 14949079                   /usr/lib/libavahi-client.so.3.2.9
7f6af3abd000-7f6af3ac9000 r-xp 00000000 08:02 14949076                   /usr/lib/libavahi-common.so.3.5.3
7f6af3ac9000-7f6af3cc8000 ---p 0000c000 08:02 14949076                   /usr/lib/libavahi-common.so.3.5.3
7f6af3cc8000-7f6af3cc9000 r--p 0000b000 08:02 14949076                   /usr/lib/libavahi-common.so.3.5.3
7f6af3cc9000-7f6af3cca000 rw-p 0000c000 08:02 14949076                   /usr/lib/libavahi-common.so.3.5.3
7f6af3cca000-7f6af3df1000 r-xp 00000000 08:02 14945778                   /usr/lib/libgnutls.so.30.5.0
7f6af3df1000-7f6af3ff1000 ---p 00127000 08:02 14945778                   /usr/lib/libgnutls.so.30.5.0
7f6af3ff1000-7f6af3ffc000 r--p 00127000 08:02 14945778                   /usr/lib/libgnutls.so.30.5.0
7f6af3ffc000-7f6af3fff000 rw-p 00132000 08:02 14945778                   /usr/lib/libgnutls.so.30.5.0
7f6af3fff000-7f6af4000000 rw-p 00000000 00:00 0 
7f6af4000000-7f6af4706000 rw-p 00000000 00:00 0 
7f6af4706000-7f6af8000000 ---p 00000000 00:00 0 
7f6af8000000-7f6af8021000 rw-p 00000000 00:00 0 
7f6af8021000-7f6afc000000 ---p 00000000 00:00 0 
7f6afc000000-7f6afc021000 rw-p 00000000 00:00 0 
7f6afc021000-7f6b00000000 ---p 00000000 00:00 0 
7f6b00000000-7f6b00418000 rw-p 00000000 00:00 0 
7f6b00418000-7f6b04000000 ---p 00000000 00:00 0 
7f6b04000000-7f6b04021000 rw-p 00000000 00:00 0 
7f6b04021000-7f6b08000000 ---p 00000000 00:00 0 
7f6b08000000-7f6b08021000 rw-p 00000000 00:00 0 
7f6b08021000-7f6b0c000000 ---p 00000000 00:00 0 
7f6b0c000000-7f6b0c021000 rw-p 00000000 00:00 0 
7f6b0c021000-7f6b10000000 ---p 00000000 00:00 0 
7f6b10000000-7f6b10021000 rw-p 00000000 00:00 0 
7f6b10021000-7f6b14000000 ---p 00000000 00:00 0 
7f6b14076000-7f6b140c6000 rw-s 00000000 00:05 26837015                   /SYSV00000000 (deleted)
7f6b140c6000-7f6b14145000 r-xp 00000000 08:02 14947608                   /usr/lib/libsystemd.so.0.12.0
7f6b14145000-7f6b14146000 ---p 0007f000 08:02 14947608                   /usr/lib/libsystemd.so.0.12.0
7f6b14146000-7f6b14149000 r--p 0007f000 08:02 14947608                   /usr/lib/libsystemd.so.0.12.0
7f6b14149000-7f6b1414a000 rw-p 00082000 08:02 14947608                   /usr/lib/libsystemd.so.0.12.0
7f6b1414a000-7f6b1414d000 r-xp 00000000 08:02 14947390                   /usr/lib/libcom_err.so.2.1
7f6b1414d000-7f6b1434c000 ---p 00003000 08:02 14947390                   /usr/lib/libcom_err.so.2.1
7f6b1434c000-7f6b1434d000 r--p 00002000 08:02 14947390                   /usr/lib/libcom_err.so.2.1
7f6b1434d000-7f6b1434e000 rw-p 00003000 08:02 14947390                   /usr/lib/libcom_err.so.2.1
7f6b1434e000-7f6b1437c000 r-xp 00000000 08:02 14947483                   /usr/lib/libk5crypto.so.3.1
7f6b1437c000-7f6b1457b000 ---p 0002e000 08:02 14947483                   /usr/lib/libk5crypto.so.3.1
7f6b1457b000-7f6b1457d000 r--p 0002d000 08:02 14947483                   /usr/lib/libk5crypto.so.3.1
7f6b1457d000-7f6b1457e000 rw-p 0002f000 08:02 14947483                   /usr/lib/libk5crypto.so.3.1
7f6b1457e000-7f6b1457f000 rw-p 00000000 00:00 0 
7f6b1457f000-7f6b14654000 r-xp 00000000 08:02 14947492                   /usr/lib/libkrb5.so.3.3
7f6b14654000-7f6b14854000 ---p 000d5000 08:02 14947492                   /usr/lib/libkrb5.so.3.3
7f6b14854000-7f6b14861000 r--p 000d5000 08:02 14947492                   /usr/lib/libkrb5.so.3.3
7f6b14861000-7f6b14864000 rw-p 000e2000 08:02 14947492                   /usr/lib/libkrb5.so.3.3
7f6b14864000-7f6b148ae000 r-xp 00000000 08:02 14947465                   /usr/lib/libgssapi_krb5.so.2.2
7f6b148ae000-7f6b14aad000 ---p 0004a000 08:02 14947465                   /usr/lib/libgssapi_krb5.so.2.2
7f6b14aad000-7f6b14aaf000 r--p 00049000 08:02 14947465                   /usr/lib/libgssapi_krb5.so.2.2
7f6b14aaf000-7f6b14ab1000 rw-p 0004b000 08:02 14947465                   /usr/lib/libgssapi_krb5.so.2.2
7f6b14ab1000-7f6b14ad2000 r-xp 00000000 08:02 14947661                   /usr/lib/libxcb.so.1.1.0
7f6b14ad2000-7f6b14cd2000 ---p 00021000 08:02 14947661                   /usr/lib/libxcb.so.1.1.0
7f6b14cd2000-7f6b14cd3000 r--p 00021000 08:02 14947661                   /usr/lib/libxcb.so.1.1.0
7f6b14cd3000-7f6b14cd4000 rw-p 00022000 08:02 14947661                   /usr/lib/libxcb.so.1.1.0
7f6b14cd4000-7f6b14de0000 r-xp 00000000 08:02 14945764                   /usr/lib/libglib-2.0.so.0.4600.2
7f6b14de0000-7f6b14fdf000 ---p 0010c000 08:02 14945764                   /usr/lib/libglib-2.0.so.0.4600.2
7f6b14fdf000-7f6b14fe0000 r--p 0010b000 08:02 14945764                   /usr/lib/libglib-2.0.so.0.4600.2
7f6b14fe0000-7f6b14fe1000 rw-p 0010c000 08:02 14945764                   /usr/lib/libglib-2.0.so.0.4600.2
7f6b14fe1000-7f6b14fe2000 rw-p 00000000 00:00 0 
7f6b14fe2000-7f6b15033000 r-xp 00000000 08:02 14945769                   /usr/lib/libgobject-2.0.so.0.4600.2
7f6b15033000-7f6b15232000 ---p 00051000 08:02 14945769                   /usr/lib/libgobject-2.0.so.0.4600.2
7f6b15232000-7f6b15233000 r--p 00050000 08:02 14945769                   /usr/lib/libgobject-2.0.so.0.4600.2
7f6b15233000-7f6b15234000 rw-p 00051000 08:02 14945769                   /usr/lib/libgobject-2.0.so.0.4600.2
7f6b15234000-7f6b153ac000 r-xp 00000000 08:02 14945770                   /usr/lib/libgio-2.0.so.0.4600.2
7f6b153ac000-7f6b155ab000 ---p 00178000 08:02 14945770                   /usr/lib/libgio-2.0.so.0.4600.2
7f6b155ab000-7f6b155af000 r--p 00177000 08:02 14945770                   /usr/lib/libgio-2.0.so.0.4600.2
7f6b155af000-7f6b155b1000 rw-p 0017b000 08:02 14945770                   /usr/lib/libgio-2.0.so.0.4600.2
7f6b155b1000-7f6b155b3000 rw-p 00000000 00:00 0 
7f6b155b3000-7f6b1566a000 r-xp 00000000 08:02 14956821                   /usr/lib/libfreetype.so.6.12.1
7f6b1566a000-7f6b15869000 ---p 000b7000 08:02 14956821                   /usr/lib/libfreetype.so.6.12.1
7f6b15869000-7f6b1586f000 r--p 000b6000 08:02 14956821                   /usr/lib/libfreetype.so.6.12.1
7f6b1586f000-7f6b15870000 rw-p 000bc000 08:02 14956821                   /usr/lib/libfreetype.so.6.12.1
7f6b15870000-7f6b158ad000 r-xp 00000000 08:02 14956159                   /usr/lib/libfontconfig.so.1.8.0
7f6b158ad000-7f6b15aac000 ---p 0003d000 08:02 14956159                   /usr/lib/libfontconfig.so.1.8.0
7f6b15aac000-7f6b15aae000 r--p 0003c000 08:02 14956159                   /usr/lib/libfontconfig.so.1.8.0
7f6b15aae000-7f6b15aaf000 rw-p 0003e000 08:02 14956159                   /usr/lib/libfontconfig.so.1.8.0
7f6b15aaf000-7f6b15b29000 r-xp 00000000 08:02 14956104                   /usr/lib/libcups.so.2
7f6b15b29000-7f6b15d29000 ---p 0007a000 08:02 14956104                   /usr/lib/libcups.so.2
7f6b15d29000-7f6b15d31000 rw-p 0007a000 08:02 14956104                   /usr/lib/libcups.so.2
7f6b15d31000-7f6b15d40000 r-xp 00000000 08:02 14955984                   /usr/lib/libXi.so.6.1.0
7f6b15d40000-7f6b15f3f000 ---p 0000f000 08:02 14955984                   /usr/lib/libXi.so.6.1.0
7f6b15f3f000-7f6b15f40000 r--p 0000e000 08:02 14955984                   /usr/lib/libXi.so.6.1.0
7f6b15f40000-7f6b15f41000 rw-p 0000f000 08:02 14955984                   /usr/lib/libXi.so.6.1.0
7f6b15f41000-7f6b15f46000 r-xp 00000000 08:02 14955993                   /usr/lib/libXtst.so.6.1.0
7f6b15f46000-7f6b16145000 ---p 00005000 08:02 14955993                   /usr/lib/libXtst.so.6.1.0
7f6b16145000-7f6b16146000 r--p 00004000 08:02 14955993                   /usr/lib/libXtst.so.6.1.0
7f6b16146000-7f6b16147000 rw-p 00005000 08:02 14955993                   /usr/lib/libXtst.so.6.1.0
7f6b16147000-7f6b16150000 r-xp 00000000 08:02 14955990                   /usr/lib/libXrender.so.1.3.0
7f6b16150000-7f6b1634f000 ---p 00009000 08:02 14955990                   /usr/lib/libXrender.so.1.3.0
7f6b1634f000-7f6b16350000 r--p 00008000 08:02 14955990                   /usr/lib/libXrender.so.1.3.0
7f6b16350000-7f6b16351000 rw-p 00009000 08:02 14955990                   /usr/lib/libXrender.so.1.3.0
7f6b16351000-7f6b1648c000 r-xp 00000000 08:02 14947357                   /usr/lib/libX11.so.6.3.0
7f6b1648c000-7f6b1668b000 ---p 0013b000 08:02 14947357                   /usr/lib/libX11.so.6.3.0
7f6b1668b000-7f6b1668d000 r--p 0013a000 08:02 14947357                   /usr/lib/libX11.so.6.3.0
7f6b1668d000-7f6b16692000 rw-p 0013c000 08:02 14947357                   /usr/lib/libX11.so.6.3.0
7f6b16692000-7f6b16693000 rw-p 00000000 00:00 0 
7f6b16693000-7f6b166a4000 r-xp 00000000 08:02 14947361                   /usr/lib/libXext.so.6.4.0
7f6b166a4000-7f6b168a3000 ---p 00011000 08:02 14947361                   /usr/lib/libXext.so.6.4.0
7f6b168a3000-7f6b168a4000 r--p 00010000 08:02 14947361                   /usr/lib/libXext.so.6.4.0
7f6b168a4000-7f6b168a5000 rw-p 00011000 08:02 14947361                   /usr/lib/libXext.so.6.4.0
7f6b168aa000-7f6b168da000 r--p 00000000 08:02 15467783                   /usr/share/locale/ru/LC_MESSAGES/libc.mo
7f6b168da000-7f6b16921000 r-xp 00000000 08:02 16130267                   /usr/lib/jvm/java-7-openjdk/jre/lib/amd64/xawt/libmawt.so
7f6b16921000-7f6b16b21000 ---p 00047000 08:02 16130267                   /usr/lib/jvm/java-7-openjdk/jre/lib/amd64/xawt/libmawt.so
7f6b16b21000-7f6b16b24000 rw-p 00047000 08:02 16130267                   /usr/lib/jvm/java-7-openjdk/jre/lib/amd64/xawt/libmawt.so
7f6b16b24000-7f6b16b25000 rw-p 00000000 00:00 0 
7f6b16b25000-7f6b16bc3000 r-xp 00000000 08:02 15742067                   /usr/lib/jvm/java-7-openjdk/jre/lib/amd64/libawt.so
7f6b16bc3000-7f6b16dc3000 ---p 0009e000 08:02 15742067                   /usr/lib/jvm/java-7-openjdk/jre/lib/amd64/libawt.so
7f6b16dc3000-7f6b16dcf000 rw-p 0009e000 08:02 15742067                   /usr/lib/jvm/java-7-openjdk/jre/lib/amd64/libawt.so
7f6b16dcf000-7f6b16df3000 rw-p 00000000 00:00 0 
7f6b16df3000-7f6b16df4000 ---p 00000000 00:00 0 
7f6b16df4000-7f6b16ef4000 rw-p 00000000 00:00 0                          [stack:14859]
7f6b16ef4000-7f6b16ef7000 ---p 00000000 00:00 0 
7f6b16ef7000-7f6b16ff5000 rw-p 00000000 00:00 0                          [stack:14858]
7f6b16ff5000-7f6b16ff8000 ---p 00000000 00:00 0 
7f6b16ff8000-7f6b170f6000 rw-p 00000000 00:00 0                          [stack:14857]
7f6b170f6000-7f6b170f9000 ---p 00000000 00:00 0 
7f6b170f9000-7f6b171f7000 rw-p 00000000 00:00 0                          [stack:14856]
7f6b171f7000-7f6b171fa000 ---p 00000000 00:00 0 
7f6b171fa000-7f6b172f8000 rw-p 00000000 00:00 0                          [stack:14855]
7f6b172f8000-7f6b175f6000 r--p 00000000 08:02 14956685                   /usr/lib/locale/locale-archive
7f6b175f6000-7f6b175f9000 ---p 00000000 00:00 0 
7f6b175f9000-7f6b176f7000 rw-p 00000000 00:00 0                          [stack:14854]
7f6b176f7000-7f6b176fa000 ---p 00000000 00:00 0 
7f6b176fa000-7f6b177f8000 rw-p 00000000 00:00 0                          [stack:14853]
7f6b177f8000-7f6b177f9000 ---p 00000000 00:00 0 
7f6b177f9000-7f6b18000000 rw-p 00000000 00:00 0                          [stack:14852]
7f6b18000000-7f6b18021000 rw-p 00000000 00:00 0 
7f6b18021000-7f6b1c000000 ---p 00000000 00:00 0 
7f6b1c000000-7f6b1c021000 rw-p 00000000 00:00 0 
7f6b1c021000-7f6b20000000 ---p 00000000 00:00 0 
7f6b20000000-7f6b20021000 rw-p 00000000 00:00 0 
7f6b20021000-7f6b24000000 ---p 00000000 00:00 0 
7f6b2400e000-7f6b24018000 r--s 000ae000 08:02 15740968                   /usr/lib/jvm/java-7-openjdk/jre/lib/resources.jar
7f6b24018000-7f6b24019000 r--s 00009000 08:02 2622325                    /home/fedor-m/.m2/repository/org/bytedeco/javacpp-presets/flandmark/1.07-1.1/flandmark-1.07-1.1-linux-x86_64.jar
7f6b24019000-7f6b2401a000 r--s 00002000 08:02 2622323                    /home/fedor-m/.m2/repository/org/bytedeco/javacpp-presets/flandmark/1.07-1.1/flandmark-1.07-1.1.jar
7f6b2401a000-7f6b2401c000 r--s 0002a000 08:02 2622321                    /home/fedor-m/.m2/repository/org/bytedeco/javacpp-presets/artoolkitplus/2.3.1-1.1/artoolkitplus-2.3.1-1.1-linux-x86_64.jar
7f6b2401c000-7f6b2401d000 r--s 00005000 08:02 2622319                    /home/fedor-m/.m2/repository/org/bytedeco/javacpp-presets/artoolkitplus/2.3.1-1.1/artoolkitplus-2.3.1-1.1.jar
7f6b2401d000-7f6b2401e000 r--s 00000000 08:02 2622317                    /home/fedor-m/.m2/repository/org/bytedeco/javacpp-presets/videoinput/0.200-1.1/videoinput-0.200-1.1-linux-x86_64.jar
7f6b2401e000-7f6b2401f000 r--s 00003000 08:02 2622315                    /home/fedor-m/.m2/repository/org/bytedeco/javacpp-presets/videoinput/0.200-1.1/videoinput-0.200-1.1.jar
7f6b2401f000-7f6b24020000 r--s 00014000 08:02 2622313                    /home/fedor-m/.m2/repository/org/bytedeco/javacpp-presets/libfreenect/0.5.3-1.1/libfreenect-0.5.3-1.1-linux-x86_64.jar
7f6b24020000-7f6b24022000 r--s 00004000 08:02 2622311                    /home/fedor-m/.m2/repository/org/bytedeco/javacpp-presets/libfreenect/0.5.3-1.1/libfreenect-0.5.3-1.1.jar
7f6b24022000-7f6b24023000 r--s 00027000 08:02 2622309                    /home/fedor-m/.m2/repository/org/bytedeco/javacpp-presets/libdc1394/2.2.3-1.1/libdc1394-2.2.3-1.1-linux-x86_64.jar
7f6b24023000-7f6b24025000 r--s 00006000 08:02 2622307                    /home/fedor-m/.m2/repository/org/bytedeco/javacpp-presets/libdc1394/2.2.3-1.1/libdc1394-2.2.3-1.1.jar
7f6b24025000-7f6b24027000 r--s 0003a000 08:02 2622305                    /home/fedor-m/.m2/repository/org/bytedeco/javacpp-presets/flycapture/2.8.3.1-1.1/flycapture-2.8.3.1-1.1-linux-x86_64.jar
7f6b24027000-7f6b2402b000 r--s 0001f000 08:02 2622303                    /home/fedor-m/.m2/repository/org/bytedeco/javacpp-presets/flycapture/2.8.3.1-1.1/flycapture-2.8.3.1-1.1.jar
7f6b2402b000-7f6b24032000 r--s 00033000 08:02 2622299                    /home/fedor-m/.m2/repository/org/bytedeco/javacpp-presets/ffmpeg/2.8.1-1.1/ffmpeg-2.8.1-1.1.jar
7f6b24032000-7f6b24041000 r--s 00088000 08:02 2622295                    /home/fedor-m/.m2/repository/org/bytedeco/javacpp-presets/opencv/3.0.0-1.1/opencv-3.0.0-1.1.jar
7f6b24041000-7f6b24045000 r--s 0003a000 08:02 2622327                    /home/fedor-m/.m2/repository/org/bytedeco/javacpp/1.1/javacpp-1.1.jar
7f6b24045000-7f6b24050000 r--s 00203000 08:02 15740966                   /usr/lib/jvm/java-7-openjdk/jre/lib/charsets.jar
7f6b24050000-7f6b29000000 rw-p 00000000 00:00 0 
7f6b29000000-7f6b29270000 rwxp 00000000 00:00 0 
7f6b29270000-7f6b2c2ba000 rw-p 00000000 00:00 0 
7f6b2c2ba000-7f6b30000000 ---p 00000000 00:00 0 
7f6b30000000-7f6b30002000 r--s 0076b000 08:02 2622297                    /home/fedor-m/.m2/repository/org/bytedeco/javacpp-presets/opencv/3.0.0-1.1/opencv-3.0.0-1.1-linux-x86_64.jar
7f6b30002000-7f6b30023000 rw-p 00000000 00:00 0 
7f6b30023000-7f6b301d5000 r--s 01d2e000 08:02 15740967                   /usr/lib/jvm/java-7-openjdk/jre/lib/rt.jar
7f6b301d5000-7f6b302ce000 rw-p 00000000 00:00 0 
7f6b302ce000-7f6b302cf000 ---p 00000000 00:00 0 
7f6b302cf000-7f6b303cf000 rw-p 00000000 00:00 0                          [stack:14850]
7f6b303cf000-7f6b303d0000 ---p 00000000 00:00 0 
7f6b303d0000-7f6b304d0000 rw-p 00000000 00:00 0                          [stack:14847]
7f6b304d0000-7f6b304d1000 ---p 00000000 00:00 0 
7f6b304d1000-7f6b305d1000 rw-p 00000000 00:00 0                          [stack:14846]
7f6b305d1000-7f6b305d2000 ---p 00000000 00:00 0 
7f6b305d2000-7f6b306dd000 rw-p 00000000 00:00 0                          [stack:14844]
7f6b306dd000-7f6b30725000 rw-p 00000000 00:00 0 
7f6b30725000-7f6b3074e000 rw-p 00000000 00:00 0 
7f6b3074e000-7f6b309b5000 rw-p 00000000 00:00 0 
7f6b309b5000-7f6b309c0000 rw-p 00000000 00:00 0 
7f6b309c0000-7f6b30a08000 rw-p 00000000 00:00 0 
7f6b30a08000-7f6b30a31000 rw-p 00000000 00:00 0 
7f6b30a31000-7f6b30c98000 rw-p 00000000 00:00 0 
7f6b30c98000-7f6b30d0d000 rw-p 00000000 00:00 0 
7f6b30d0d000-7f6b30d18000 ---p 00000000 00:00 0 
7f6b30d18000-7f6b30de0000 rw-p 00000000 00:00 0 
7f6b30de0000-7f6b30de1000 rw-p 00000000 00:00 0 
7f6b30de1000-7f6b30de9000 r-xp 00000000 08:02 15742053                   /usr/lib/jvm/java-7-openjdk/jre/lib/amd64/libzip.so
7f6b30de9000-7f6b30fe8000 ---p 00008000 08:02 15742053                   /usr/lib/jvm/java-7-openjdk/jre/lib/amd64/libzip.so
7f6b30fe8000-7f6b30fe9000 rw-p 00007000 08:02 15742053                   /usr/lib/jvm/java-7-openjdk/jre/lib/amd64/libzip.so
7f6b30fe9000-7f6b30ff4000 r-xp 00000000 08:02 14947543                   /usr/lib/libnss_files-2.22.so
7f6b30ff4000-7f6b311f3000 ---p 0000b000 08:02 14947543                   /usr/lib/libnss_files-2.22.so
7f6b311f3000-7f6b311f4000 r--p 0000a000 08:02 14947543                   /usr/lib/libnss_files-2.22.so
7f6b311f4000-7f6b311f5000 rw-p 0000b000 08:02 14947543                   /usr/lib/libnss_files-2.22.so
7f6b311f5000-7f6b311fb000 rw-p 00000000 00:00 0 
7f6b311fb000-7f6b31226000 r-xp 00000000 08:02 15742052                   /usr/lib/jvm/java-7-openjdk/jre/lib/amd64/libjava.so
7f6b31226000-7f6b31426000 ---p 0002b000 08:02 15742052                   /usr/lib/jvm/java-7-openjdk/jre/lib/amd64/libjava.so
7f6b31426000-7f6b31428000 rw-p 0002b000 08:02 15742052                   /usr/lib/jvm/java-7-openjdk/jre/lib/amd64/libjava.so
7f6b31428000-7f6b31435000 r-xp 00000000 08:02 15742051                   /usr/lib/jvm/java-7-openjdk/jre/lib/amd64/libverify.so
7f6b31435000-7f6b31634000 ---p 0000d000 08:02 15742051                   /usr/lib/jvm/java-7-openjdk/jre/lib/amd64/libverify.so
7f6b31634000-7f6b31636000 rw-p 0000c000 08:02 15742051                   /usr/lib/jvm/java-7-openjdk/jre/lib/amd64/libverify.so
7f6b31636000-7f6b3163d000 r-xp 00000000 08:02 14947594                   /usr/lib/librt-2.22.so
7f6b3163d000-7f6b3183c000 ---p 00007000 08:02 14947594                   /usr/lib/librt-2.22.so
7f6b3183c000-7f6b3183d000 r--p 00006000 08:02 14947594                   /usr/lib/librt-2.22.so
7f6b3183d000-7f6b3183e000 rw-p 00007000 08:02 14947594                   /usr/lib/librt-2.22.so
7f6b3183e000-7f6b31854000 r-xp 00000000 08:02 14947443                   /usr/lib/libgcc_s.so.1
7f6b31854000-7f6b31a53000 ---p 00016000 08:02 14947443                   /usr/lib/libgcc_s.so.1
7f6b31a53000-7f6b31a54000 rw-p 00015000 08:02 14947443                   /usr/lib/libgcc_s.so.1
7f6b31a54000-7f6b31b51000 r-xp 00000000 08:02 14947504                   /usr/lib/libm-2.22.so
7f6b31b51000-7f6b31d50000 ---p 000fd000 08:02 14947504                   /usr/lib/libm-2.22.so
7f6b31d50000-7f6b31d51000 r--p 000fc000 08:02 14947504                   /usr/lib/libm-2.22.so
7f6b31d51000-7f6b31d52000 rw-p 000fd000 08:02 14947504                   /usr/lib/libm-2.22.so
7f6b31d52000-7f6b31ec4000 r-xp 00000000 08:02 14947606                   /usr/lib/libstdc++.so.6.0.21
7f6b31ec4000-7f6b320c4000 ---p 00172000 08:02 14947606                   /usr/lib/libstdc++.so.6.0.21
7f6b320c4000-7f6b320ce000 r--p 00172000 08:02 14947606                   /usr/lib/libstdc++.so.6.0.21
7f6b320ce000-7f6b320d0000 rw-p 0017c000 08:02 14947606                   /usr/lib/libstdc++.so.6.0.21
7f6b320d0000-7f6b320d4000 rw-p 00000000 00:00 0 
7f6b320d4000-7f6b32c24000 r-xp 00000000 08:02 16130264                   /usr/lib/jvm/java-7-openjdk/jre/lib/amd64/server/libjvm.so
7f6b32c24000-7f6b32e23000 ---p 00b50000 08:02 16130264                   /usr/lib/jvm/java-7-openjdk/jre/lib/amd64/server/libjvm.so
7f6b32e23000-7f6b32ed7000 rw-p 00b4f000 08:02 16130264                   /usr/lib/jvm/java-7-openjdk/jre/lib/amd64/server/libjvm.so
7f6b32ed7000-7f6b32f02000 rw-p 00000000 00:00 0 
7f6b32f02000-7f6b32f17000 r-xp 00000000 08:02 14947665                   /usr/lib/libz.so.1.2.8
7f6b32f17000-7f6b33116000 ---p 00015000 08:02 14947665                   /usr/lib/libz.so.1.2.8
7f6b33116000-7f6b33117000 r--p 00014000 08:02 14947665                   /usr/lib/libz.so.1.2.8
7f6b33117000-7f6b33118000 rw-p 00015000 08:02 14947665                   /usr/lib/libz.so.1.2.8
7f6b33118000-7f6b332b3000 r-xp 00000000 08:02 14947381                   /usr/lib/libc-2.22.so
7f6b332b3000-7f6b334b2000 ---p 0019b000 08:02 14947381                   /usr/lib/libc-2.22.so
7f6b334b2000-7f6b334b6000 r--p 0019a000 08:02 14947381                   /usr/lib/libc-2.22.so
7f6b334b6000-7f6b334b8000 rw-p 0019e000 08:02 14947381                   /usr/lib/libc-2.22.so
7f6b334b8000-7f6b334bc000 rw-p 00000000 00:00 0 
7f6b334bc000-7f6b334bf000 r-xp 00000000 08:02 14947409                   /usr/lib/libdl-2.22.so
7f6b334bf000-7f6b336be000 ---p 00003000 08:02 14947409                   /usr/lib/libdl-2.22.so
7f6b336be000-7f6b336bf000 r--p 00002000 08:02 14947409                   /usr/lib/libdl-2.22.so
7f6b336bf000-7f6b336c0000 rw-p 00003000 08:02 14947409                   /usr/lib/libdl-2.22.so
7f6b336c0000-7f6b336cd000 r-xp 00000000 08:02 16128183                   /usr/lib/jvm/java-7-openjdk/jre/lib/amd64/jli/libjli.so
7f6b336cd000-7f6b338cc000 ---p 0000d000 08:02 16128183                   /usr/lib/jvm/java-7-openjdk/jre/lib/amd64/jli/libjli.so
7f6b338cc000-7f6b338cd000 rw-p 0000c000 08:02 16128183                   /usr/lib/jvm/java-7-openjdk/jre/lib/amd64/jli/libjli.so
7f6b338cd000-7f6b338e5000 r-xp 00000000 08:02 14947580                   /usr/lib/libpthread-2.22.so
7f6b338e5000-7f6b33ae4000 ---p 00018000 08:02 14947580                   /usr/lib/libpthread-2.22.so
7f6b33ae4000-7f6b33ae5000 r--p 00017000 08:02 14947580                   /usr/lib/libpthread-2.22.so
7f6b33ae5000-7f6b33ae6000 rw-p 00018000 08:02 14947580                   /usr/lib/libpthread-2.22.so
7f6b33ae6000-7f6b33aea000 rw-p 00000000 00:00 0 
7f6b33aea000-7f6b33b0c000 r-xp 00000000 08:02 14947350                   /usr/lib/ld-2.22.so
7f6b33b0c000-7f6b33b10000 r--s 00056000 08:02 53087107                   /home/fedor-m/.m2/repository/org/bytedeco/javacv/1.1/javacv-1.1.jar
7f6b33b10000-7f6b33b1a000 rw-p 00000000 00:00 0 
7f6b33b1a000-7f6b33bd0000 rw-p 00000000 00:00 0 
7f6b33bd0000-7f6b33bd3000 ---p 00000000 00:00 0 
7f6b33bd3000-7f6b33cd5000 rw-p 00000000 00:00 0                          [stack:14843]
7f6b33cd5000-7f6b33cd6000 r--s 00a24000 08:02 2622301                    /home/fedor-m/.m2/repository/org/bytedeco/javacpp-presets/ffmpeg/2.8.1-1.1/ffmpeg-2.8.1-1.1-linux-x86_64.jar
7f6b33cd6000-7f6b33d00000 rw-p 00000000 00:00 0 
7f6b33d00000-7f6b33d08000 rw-s 00000000 00:22 32                         /tmp/hsperfdata_fedor-m/14842
7f6b33d08000-7f6b33d09000 rw-p 00000000 00:00 0 
7f6b33d09000-7f6b33d0a000 r--p 00000000 00:00 0 
7f6b33d0a000-7f6b33d0b000 rw-p 00000000 00:00 0 
7f6b33d0b000-7f6b33d0c000 r--p 00021000 08:02 14947350                   /usr/lib/ld-2.22.so
7f6b33d0c000-7f6b33d0d000 rw-p 00022000 08:02 14947350                   /usr/lib/ld-2.22.so
7f6b33d0d000-7f6b33d0e000 rw-p 00000000 00:00 0 
7ffc496c2000-7ffc496e3000 rw-p 00000000 00:00 0                          [stack]
7ffc497a1000-7ffc497a3000 r--p 00000000 00:00 0                          [vvar]
7ffc497a3000-7ffc497a5000 r-xp 00000000 00:00 0                          [vdso]
ffffffffff600000-ffffffffff601000 r-xp 00000000 00:00 0                  [vsyscall]

VM Arguments:
jvm_args: -Dfile.encoding=UTF-8 
java_command: ru.ang5545.scanning_system_2.App
Launcher Type: SUN_STANDARD

Environment Variables:
JAVA_HOME=/usr/lib/jvm/java-8-openjdk
JRE_HOME=/usr/lib/jvm/java-8-openjdk
PATH=/usr/local/sbin:/usr/local/bin:/usr/bin:/home/fedor-m/bin:/usr/lib/jvm/java-8-openjdk/bin:/home/fedor-m/bin:/usr/lib/jvm/java-8-openjdk/bin:/usr/lib/jvm/default/bin:/usr/bin/site_perl:/usr/bin/vendor_perl:/usr/bin/core_perl
LD_LIBRARY_PATH=\/usr\/lib
SHELL=/bin/bash
DISPLAY=:0.0

Signal Handlers:
SIGSEGV: [libjvm.so+0x995100], sa_mask[0]=0x7ffbfeff, sa_flags=0x10000004
SIGBUS: [libjvm.so+0x995100], sa_mask[0]=0x7ffbfeff, sa_flags=0x10000004
SIGFPE: [libjvm.so+0x7fc350], sa_mask[0]=0x7ffbfeff, sa_flags=0x10000004
SIGPIPE: [libjvm.so+0x7fc350], sa_mask[0]=0x7ffbfeff, sa_flags=0x10000004
SIGXFSZ: [libjvm.so+0x7fc350], sa_mask[0]=0x7ffbfeff, sa_flags=0x10000004
SIGILL: [libjvm.so+0x7fc350], sa_mask[0]=0x7ffbfeff, sa_flags=0x10000004
SIGUSR1: SIG_DFL, sa_mask[0]=0x00000000, sa_flags=0x00000000
SIGUSR2: [libjvm.so+0x7fc1d0], sa_mask[0]=0x00000004, sa_flags=0x10000004
SIGHUP: [libjvm.so+0x7fc360], sa_mask[0]=0x7ffbfeff, sa_flags=0x10000004
SIGINT: [libjvm.so+0x7fc360], sa_mask[0]=0x7ffbfeff, sa_flags=0x10000004
SIGTERM: [libjvm.so+0x7fc360], sa_mask[0]=0x7ffbfeff, sa_flags=0x10000004
SIGQUIT: [libjvm.so+0x7fc360], sa_mask[0]=0x7ffbfeff, sa_flags=0x10000004
SIGTRAP: SIG_DFL, sa_mask[0]=0x00000000, sa_flags=0x00000000


---------------  S Y S T E M  ---------------

OS:ManjaroLinux 15.09 (Bellatrix)
uname:Linux 4.1.13-1-MANJARO #1 SMP PREEMPT Tue Nov 10 22:11:15 UTC 2015 x86_64
libc:glibc 2.22 NPTL 2.22 
rlimit: STACK 8192k, CORE 0k, NPROC 30594, NOFILE 4096, AS infinity
load average:1,00 0,74 0,49

/proc/meminfo:
MemTotal:        8059640 kB
MemFree:         3118640 kB
MemAvailable:    5042968 kB
Buffers:          294064 kB
Cached:          1782672 kB
SwapCached:            0 kB
Active:          3442500 kB
Inactive:        1117296 kB
Active(anon):    2545780 kB
Inactive(anon):   267192 kB
Active(file):     896720 kB
Inactive(file):   850104 kB
Unevictable:         136 kB
Mlocked:             136 kB
SwapTotal:       9227464 kB
SwapFree:        9227464 kB
Dirty:                92 kB
Writeback:             0 kB
AnonPages:       2485112 kB
Mapped:           546372 kB
Shmem:            329916 kB
Slab:             252512 kB
SReclaimable:     219768 kB
SUnreclaim:        32744 kB
KernelStack:        7872 kB
PageTables:        38632 kB
NFS_Unstable:          0 kB
Bounce:                0 kB
WritebackTmp:          0 kB
CommitLimit:    13257284 kB
Committed_AS:    5784340 kB
VmallocTotal:   34359738367 kB
VmallocUsed:      385768 kB
VmallocChunk:   34358947836 kB
HardwareCorrupted:     0 kB
AnonHugePages:   1464320 kB
HugePages_Total:       0
HugePages_Free:        0
HugePages_Rsvd:        0
HugePages_Surp:        0
Hugepagesize:       2048 kB
DirectMap4k:      137136 kB
DirectMap2M:     7081984 kB
DirectMap1G:     2097152 kB


CPU:total 4 (4 cores per cpu, 1 threads per core) family 6 model 60 stepping 3, cmov, cx8, fxsr, mmx, sse, sse2, sse3, ssse3, sse4.1, sse4.2, popcnt, avx, avx2, aes, erms, tsc, tscinvbit

/proc/cpuinfo:
processor	: 0
vendor_id	: GenuineIntel
cpu family	: 6
model		: 60
model name	: Intel(R) Core(TM) i5-4440 CPU @ 3.10GHz
stepping	: 3
microcode	: 0x1c
cpu MHz		: 3242.890
cache size	: 6144 KB
physical id	: 0
siblings	: 4
core id		: 0
cpu cores	: 4
apicid		: 0
initial apicid	: 0
fpu		: yes
fpu_exception	: yes
cpuid level	: 13
wp		: yes
flags		: fpu vme de pse tsc msr pae mce cx8 apic sep mtrr pge mca cmov pat pse36 clflush dts acpi mmx fxsr sse sse2 ss ht tm pbe syscall nx pdpe1gb rdtscp lm constant_tsc arch_perfmon pebs bts rep_good nopl xtopology nonstop_tsc aperfmperf eagerfpu pni pclmulqdq dtes64 monitor ds_cpl vmx est tm2 ssse3 fma cx16 xtpr pdcm pcid sse4_1 sse4_2 x2apic movbe popcnt tsc_deadline_timer aes xsave avx f16c rdrand lahf_lm abm ida arat pln pts dtherm tpr_shadow vnmi flexpriority ept vpid fsgsbase tsc_adjust bmi1 avx2 smep bmi2 erms invpcid xsaveopt
bugs		:
bogomips	: 6188.51
clflush size	: 64
cache_alignment	: 64
address sizes	: 39 bits physical, 48 bits virtual
power management:

processor	: 1
vendor_id	: GenuineIntel
cpu family	: 6
model		: 60
model name	: Intel(R) Core(TM) i5-4440 CPU @ 3.10GHz
stepping	: 3
microcode	: 0x1c
cpu MHz		: 3268.804
cache size	: 6144 KB
physical id	: 0
siblings	: 4
core id		: 1
cpu cores	: 4
apicid		: 2
initial apicid	: 2
fpu		: yes
fpu_exception	: yes
cpuid level	: 13
wp		: yes
flags		: fpu vme de pse tsc msr pae mce cx8 apic sep mtrr pge mca cmov pat pse36 clflush dts acpi mmx fxsr sse sse2 ss ht tm pbe syscall nx pdpe1gb rdtscp lm constant_tsc arch_perfmon pebs bts rep_good nopl xtopology nonstop_tsc aperfmperf eagerfpu pni pclmulqdq dtes64 monitor ds_cpl vmx est tm2 ssse3 fma cx16 xtpr pdcm pcid sse4_1 sse4_2 x2apic movbe popcnt tsc_deadline_timer aes xsave avx f16c rdrand lahf_lm abm ida arat pln pts dtherm tpr_shadow vnmi flexpriority ept vpid fsgsbase tsc_adjust bmi1 avx2 smep bmi2 erms invpcid xsaveopt
bugs		:
bogomips	: 6188.51
clflush size	: 64
cache_alignment	: 64
address sizes	: 39 bits physical, 48 bits virtual
power management:

processor	: 2
vendor_id	: GenuineIntel
cpu family	: 6
model		: 60
model name	: Intel(R) Core(TM) i5-4440 CPU @ 3.10GHz
stepping	: 3
microcode	: 0x1c
cpu MHz		: 3125.187
cache size	: 6144 KB
physical id	: 0
siblings	: 4
core id		: 2
cpu cores	: 4
apicid		: 4
initial apicid	: 4
fpu		: yes
fpu_exception	: yes
cpuid level	: 13
wp		: yes
flags		: fpu vme de pse tsc msr pae mce cx8 apic sep mtrr pge mca cmov pat pse36 clflush dts acpi mmx fxsr sse sse2 ss ht tm pbe syscall nx pdpe1gb rdtscp lm constant_tsc arch_perfmon pebs bts rep_good nopl xtopology nonstop_tsc aperfmperf eagerfpu pni pclmulqdq dtes64 monitor ds_cpl vmx est tm2 ssse3 fma cx16 xtpr pdcm pcid sse4_1 sse4_2 x2apic movbe popcnt tsc_deadline_timer aes xsave avx f16c rdrand lahf_lm abm ida arat pln pts dtherm tpr_shadow vnmi flexpriority ept vpid fsgsbase tsc_adjust bmi1 avx2 smep bmi2 erms invpcid xsaveopt
bugs		:
bogomips	: 6188.51
clflush size	: 64
cache_alignment	: 64
address sizes	: 39 bits physical, 48 bits virtual
power management:

processor	: 3
vendor_id	: GenuineIntel
cpu family	: 6
model		: 60
model name	: Intel(R) Core(TM) i5-4440 CPU @ 3.10GHz
stepping	: 3
microcode	: 0x1c
cpu MHz		: 3276.433
cache size	: 6144 KB
physical id	: 0
siblings	: 4
core id		: 3
cpu cores	: 4
apicid		: 6
initial apicid	: 6
fpu		: yes
fpu_exception	: yes
cpuid level	: 13
wp		: yes
flags		: fpu vme de pse tsc msr pae mce cx8 apic sep mtrr pge mca cmov pat pse36 clflush dts acpi mmx fxsr sse sse2 ss ht tm pbe syscall nx pdpe1gb rdtscp lm constant_tsc arch_perfmon pebs bts rep_good nopl xtopology nonstop_tsc aperfmperf eagerfpu pni pclmulqdq dtes64 monitor ds_cpl vmx est tm2 ssse3 fma cx16 xtpr pdcm pcid sse4_1 sse4_2 x2apic movbe popcnt tsc_deadline_timer aes xsave avx f16c rdrand lahf_lm abm ida arat pln pts dtherm tpr_shadow vnmi flexpriority ept vpid fsgsbase tsc_adjust bmi1 avx2 smep bmi2 erms invpcid xsaveopt
bugs		:
bogomips	: 6188.51
clflush size	: 64
cache_alignment	: 64
address sizes	: 39 bits physical, 48 bits virtual
power management:



Memory: 4k page, physical 8059640k(3118640k free), swap 9227464k(9227464k free)

vm_info: OpenJDK 64-Bit Server VM (24.91-b01) for linux-amd64 JRE (1.7.0_91-b02), built on Nov 18 2015 11:22:39 by "builduser" with gcc 5.2.0

time: Fri Apr 15 17:43:44 2016
elapsed time: 12 seconds

