#
# A fatal error has been detected by the Java Runtime Environment:
#
#  SIGSEGV (0xb) at pc=0x00007fff914c54dd, pid=861, tid=82455
#
# JRE version: Java(TM) SE Runtime Environment (7.0_79-b15) (build 1.7.0_79-b15)
# Java VM: Java HotSpot(TM) 64-Bit Server VM (24.79-b02 mixed mode bsd-amd64 compressed oops)
# Problematic frame:
# C  [libobjc.A.dylib+0x14dd]  objc_msgSend+0x1d
#
# Failed to write core dump. Core dumps have been disabled. To enable core dumping, try "ulimit -c unlimited" before starting Java again
#
# If you would like to submit a bug report, please visit:
#   http://bugreport.java.com/bugreport/crash.jsp
# The crash happened outside the Java Virtual Machine in native code.
# See problematic frame for where to report the bug.
#

---------------  T H R E A D  ---------------

Current thread (0x00007fa1bc94b800):  JavaThread "SwingWorker-pool-2-thread-2" daemon [_thread_in_native, id=82455, stack(0x0000700001e03000,0x0000700001f03000)]

siginfo:si_signo=SIGSEGV: si_errno=0, si_code=1 (SEGV_MAPERR), si_addr=0x000007fa1bbe5070

Registers:
RAX=0x0000000000000000, RBX=0x00007fa1bbe0fab0, RCX=0x0000000000000000, RDX=0x0000700001f02468
RSP=0x0000700001f024f8, RBP=0x0000700001f02540, RSI=0x00007fff95072b4e, RDI=0x00007fa1c2879d60
R8 =0x000000000000007f, R9 =0x00007fa1bda030c0, R10=0x00007fff95072b4e, R11=0x000007fa1bbe5058
R12=0x00007fff914c54c0, R13=0x00007fff8a1cd02b, R14=0x00007fff95072b4e, R15=0x00007fa1bbf84960
RIP=0x00007fff914c54dd, EFLAGS=0x0000000000010202, ERR=0x0000000000000004
  TRAPNO=0x000000000000000e

Top of Stack: (sp=0x0000700001f024f8)
0x0000700001f024f8:   0000000125f6dd4b 00007fa1c2881df0
0x0000700001f02508:   4014000000000000 3fd3333333333336
0x0000700001f02518:   000000077ba3ec90 0000000000000000
0x0000700001f02528:   000000077ba3ec90 00007fa1bc94b9e8
0x0000700001f02538:   00007fa1bc94b800 0000700001f02550
0x0000700001f02548:   0000000125f62f71 0000700001f02580
0x0000700001f02558:   0000000125f85e25 0000000125f85df0
0x0000700001f02568:   000000077ba3ec90 0000700001f025f8
0x0000700001f02578:   00007fa1bc94b800 0000700001f025d8
0x0000700001f02588:   0000000110075758 00007fa1bc94b800
0x0000700001f02598:   0000700001f02598 0000000000000000
0x0000700001f025a8:   0000700001f025f8 000000077ba41190
0x0000700001f025b8:   0000000000000000 000000077ba3ec90
0x0000700001f025c8:   0000000000000000 0000700001f025f8
0x0000700001f025d8:   0000700001f02640 00000001100691d4
0x0000700001f025e8:   0000000781088768 0000000110071cd6
0x0000700001f025f8:   00000007f0781080 0000700001f02600
0x0000700001f02608:   000000077ba1ea79 0000700001f02660
0x0000700001f02618:   000000077ba277b0 0000000000000000
0x0000700001f02628:   000000077ba1eb50 0000700001f025f8
0x0000700001f02638:   0000700001f02660 0000700001f026b8
0x0000700001f02648:   0000000110069233 0000000000000000
0x0000700001f02658:   00000007d8943030 00000007f0780c58
0x0000700001f02668:   00000007f07811a0 00000007f0780c40
0x0000700001f02678:   0000700001f02678 000000077b1fedd1
0x0000700001f02688:   0000700001f026d0 000000077ba1bde8
0x0000700001f02698:   0000000000000000 000000077b1fee18
0x0000700001f026a8:   0000700001f02660 0000700001f026d0
0x0000700001f026b8:   0000700001f02720 0000000110069233
0x0000700001f026c8:   0000000000000000 00000007f0780c40
0x0000700001f026d8:   00000007f0780198 0000700001f026e0
0x0000700001f026e8:   000000077b200d5f 0000700001f02748 

Instructions: (pc=0x00007fff914c54dd)
0x00007fff914c54bd:   44 00 00 48 85 ff 2e 74 62 40 f6 c7 01 2e 75 66
0x00007fff914c54cd:   49 bb f8 ff ff ff ff 7f 00 00 4c 23 1f 49 89 f2
0x00007fff914c54dd:   45 23 53 18 49 c1 e2 04 4d 03 53 10 49 3b 32 75
0x00007fff914c54ed:   04 41 ff 62 08 49 83 3a 01 76 0d 49 83 c2 10 49 

Register to memory mapping:

RAX=0x0000000000000000 is an unknown value
RBX=0x00007fa1bbe0fab0 is an unknown value
RCX=0x0000000000000000 is an unknown value
RDX=0x0000700001f02468 is pointing into the stack for thread: 0x00007fa1bc94b800
RSP=0x0000700001f024f8 is pointing into the stack for thread: 0x00007fa1bc94b800
RBP=0x0000700001f02540 is pointing into the stack for thread: 0x00007fa1bc94b800
RSI=0x00007fff95072b4e is an unknown value
RDI=0x00007fa1c2879d60 is an unknown value
R8 =0x000000000000007f is an unknown value
R9 =0x00007fa1bda030c0 is an unknown value
R10=0x00007fff95072b4e is an unknown value
R11=0x000007fa1bbe5058 is an unknown value
R12=0x00007fff914c54c0: objc_msgSend+0 in /usr/lib/libobjc.A.dylib at 0x00007fff914c4000
R13=0x00007fff8a1cd02b: -[NSTitlebarContainerView transparent]+0x46e13 in /System/Library/Frameworks/AppKit.framework/Versions/C/AppKit at 0x00007fff89761000
R14=0x00007fff95072b4e is an unknown value
R15=0x00007fa1bbf84960 is an unknown value


Stack: [0x0000700001e03000,0x0000700001f03000],  sp=0x0000700001f024f8,  free space=1021k
Native frames: (J=compiled Java code, j=interpreted, Vv=VM code, C=native code)
C  [libobjc.A.dylib+0x14dd]  objc_msgSend+0x1d
C  [libopencv_videoio.3.0.dylib+0x4f71]  cvGrabFrame+0x11
C  [libjniopencv_videoio.dylib+0x7e25]  Java_org_bytedeco_javacpp_opencv_1videoio_cvGrabFrame+0x35
j  org.bytedeco.javacpp.opencv_videoio.cvGrabFrame(Lorg/bytedeco/javacpp/opencv_videoio$CvCapture;)I+0
j  org.bytedeco.javacv.OpenCVFrameGrabber.grab()Lorg/bytedeco/javacv/Frame;+33
j  ru.ang5545.scanning_system_2.cam_acces.Grabber.grab()Lorg/bytedeco/javacpp/opencv_core$IplImage;+9
j  ru.ang5545.scanning_system_2.gui.MainFrame$AnswerWorker.doInBackground()Ljava/lang/String;+55
j  ru.ang5545.scanning_system_2.gui.MainFrame$AnswerWorker.doInBackground()Ljava/lang/Object;+1
j  javax.swing.SwingWorker$1.call()Ljava/lang/Object;+14
j  java.util.concurrent.FutureTask.run()V+42
j  javax.swing.SwingWorker.run()V+4
j  java.util.concurrent.ThreadPoolExecutor.runWorker(Ljava/util/concurrent/ThreadPoolExecutor$Worker;)V+95
j  java.util.concurrent.ThreadPoolExecutor$Worker.run()V+5
j  java.lang.Thread.run()V+11
v  ~StubRoutines::call_stub
V  [libjvm.dylib+0x2dbef8]
V  [libjvm.dylib+0x2dc40f]
V  [libjvm.dylib+0x2dc54c]
V  [libjvm.dylib+0x32b43a]
V  [libjvm.dylib+0x4f759d]
V  [libjvm.dylib+0x4f8ca5]
V  [libjvm.dylib+0x421c4e]
C  [libsystem_pthread.dylib+0x3c13]  _pthread_body+0x83
C  [libsystem_pthread.dylib+0x3b90]  _pthread_body+0x0
C  [libsystem_pthread.dylib+0x1375]  thread_start+0xd

Java frames: (J=compiled Java code, j=interpreted, Vv=VM code)
j  org.bytedeco.javacpp.opencv_videoio.cvGrabFrame(Lorg/bytedeco/javacpp/opencv_videoio$CvCapture;)I+0
j  org.bytedeco.javacv.OpenCVFrameGrabber.grab()Lorg/bytedeco/javacv/Frame;+33
j  ru.ang5545.scanning_system_2.cam_acces.Grabber.grab()Lorg/bytedeco/javacpp/opencv_core$IplImage;+9
j  ru.ang5545.scanning_system_2.gui.MainFrame$AnswerWorker.doInBackground()Ljava/lang/String;+55
j  ru.ang5545.scanning_system_2.gui.MainFrame$AnswerWorker.doInBackground()Ljava/lang/Object;+1
j  javax.swing.SwingWorker$1.call()Ljava/lang/Object;+14
j  java.util.concurrent.FutureTask.run()V+42
j  javax.swing.SwingWorker.run()V+4
j  java.util.concurrent.ThreadPoolExecutor.runWorker(Ljava/util/concurrent/ThreadPoolExecutor$Worker;)V+95
j  java.util.concurrent.ThreadPoolExecutor$Worker.run()V+5
j  java.lang.Thread.run()V+11
v  ~StubRoutines::call_stub

---------------  P R O C E S S  ---------------

Java Threads: ( => current thread )
=>0x00007fa1bc94b800 JavaThread "SwingWorker-pool-2-thread-2" daemon [_thread_in_native, id=82455, stack(0x0000700001e03000,0x0000700001f03000)]
  0x00007fa1be81b800 JavaThread "SwingWorker-pool-2-thread-1" daemon [_thread_blocked, id=87055, stack(0x0000700001f09000,0x0000700002009000)]
  0x00007fa1bca2f800 JavaThread "TimerQueue" daemon [_thread_blocked, id=57895, stack(0x0000700001af4000,0x0000700001bf4000)]
  0x00007fa1bd083800 JavaThread "Java2D Disposer" daemon [_thread_blocked, id=51987, stack(0x00007000019f1000,0x0000700001af1000)]
  0x00007fa1bd068000 JavaThread "Java2D Queue Flusher" daemon [_thread_blocked, id=53255, stack(0x00007000018ee000,0x00007000019ee000)]
  0x00007fa1bc903800 JavaThread "DestroyJavaVM" [_thread_blocked, id=5891, stack(0x000070000011a000,0x000070000021a000)]
  0x00007fa1bc923800 JavaThread "AWT-EventQueue-0" [_thread_in_Java, id=51723, stack(0x00007000017eb000,0x00007000018eb000)]
  0x00007fa1bd058800 JavaThread "AWT-Shutdown" [_thread_blocked, id=30995, stack(0x0000700001459000,0x0000700001559000)]
  0x00007fa1bc8a9800 JavaThread "AppKit Thread" daemon [_thread_in_native, id=2571, stack(0x00007fff51266000,0x00007fff51a66000)]
  0x00007fa1bd010800 JavaThread "Service Thread" daemon [_thread_blocked, id=19971, stack(0x00007000010ca000,0x00007000011ca000)]
  0x00007fa1bd00f800 JavaThread "C2 CompilerThread1" daemon [_thread_blocked, id=19459, stack(0x0000700000fc7000,0x00007000010c7000)]
  0x00007fa1bc83f000 JavaThread "C2 CompilerThread0" daemon [_thread_blocked, id=18947, stack(0x0000700000ec4000,0x0000700000fc4000)]
  0x00007fa1bc83e000 JavaThread "Signal Dispatcher" daemon [_thread_blocked, id=14863, stack(0x0000700000dc1000,0x0000700000ec1000)]
  0x00007fa1bc830800 JavaThread "Finalizer" daemon [_thread_blocked, id=14339, stack(0x0000700000c3b000,0x0000700000d3b000)]
  0x00007fa1bc830000 JavaThread "Reference Handler" daemon [_thread_blocked, id=13827, stack(0x0000700000b38000,0x0000700000c38000)]

Other Threads:
  0x00007fa1bc008800 VMThread [stack: 0x0000700000a35000,0x0000700000b35000] [id=13315]
  0x00007fa1bd019000 WatcherThread [stack: 0x00007000011cd000,0x00007000012cd000] [id=20483]

VM state:not at safepoint (normal execution)

VM Mutex/Monitor currently owned by a thread: None

Heap
 PSYoungGen      total 260608K, used 58475K [0x00000007d5500000, 0x00000007f0a00000, 0x0000000800000000)
  eden space 258048K, 21% used [0x00000007d5500000,0x00000007d8c15b10,0x00000007e5100000)
  from space 2560K, 80% used [0x00000007f0780000,0x00000007f0985420,0x00000007f0a00000)
  to   space 12800K, 0% used [0x00000007ef100000,0x00000007ef100000,0x00000007efd80000)
 ParOldGen       total 87040K, used 23322K [0x0000000780000000, 0x0000000785500000, 0x00000007d5500000)
  object space 87040K, 26% used [0x0000000780000000,0x00000007816c6ac8,0x0000000785500000)
 PSPermGen       total 21504K, used 13102K [0x000000077ae00000, 0x000000077c300000, 0x0000000780000000)
  object space 21504K, 60% used [0x000000077ae00000,0x000000077bacbad0,0x000000077c300000)

Card table byte_map: [0x0000000113063000,0x000000011348d000] byte_map_base: 0x000000010f48c000

Polling page: 0x000000010e513000

Code Cache  [0x0000000110063000, 0x00000001102d3000, 0x0000000113063000)
 total_blobs=765 nmethods=218 adapters=501 free_code_cache=48143Kb largest_free_block=49256576

Compilation events (10 events):
Event: 13.523 Thread 0x00007fa1bd00f800  216             sun.java2d.SunGraphics2D::getCompClip (19 bytes)
Event: 13.524 Thread 0x00007fa1bd00f800 nmethod 216 0x0000000110152710 code [0x0000000110152860, 0x0000000110152908]
Event: 13.565 Thread 0x00007fa1bc83f000  217             java.util.HashMap::put (142 bytes)
Event: 13.569 Thread 0x00007fa1bd00f800  218             java.util.IdentityHashMap::hash (18 bytes)
Event: 13.569 Thread 0x00007fa1bd00f800 nmethod 218 0x0000000110151d90 code [0x0000000110151ee0, 0x0000000110151f88]
Event: 13.569 Thread 0x00007fa1bd00f800  219             java.util.IdentityHashMap::maskNull (12 bytes)
Event: 13.569 Thread 0x00007fa1bd00f800 nmethod 219 0x0000000110152510 code [0x0000000110152640, 0x0000000110152698]
Event: 13.573 Thread 0x00007fa1bc83f000 nmethod 217 0x0000000110163dd0 code [0x0000000110163fe0, 0x00000001101647c0]
Event: 13.608 Thread 0x00007fa1bd00f800  220             java.awt.Rectangle::clip (39 bytes)
Event: 13.610 Thread 0x00007fa1bd00f800 nmethod 220 0x0000000110151490 code [0x0000000110151640, 0x00000001101517d8]

GC Heap History (10 events):
Event: 4.258 GC heap before
{Heap before GC invocations=6 (full 0):
 PSYoungGen      total 72704K, used 71931K [0x00000007d5500000, 0x00000007def00000, 0x0000000800000000)
  eden space 67584K, 98% used [0x00000007d5500000,0x00000007d9644cb0,0x00000007d9700000)
  from space 5120K, 99% used [0x00000007d9700000,0x00000007d9bfa148,0x00000007d9c00000)
  to   space 11264K, 0% used [0x00000007de400000,0x00000007de400000,0x00000007def00000)
 ParOldGen       total 87040K, used 15693K [0x0000000780000000, 0x0000000785500000, 0x00000007d5500000)
  object space 87040K, 18% used [0x0000000780000000,0x0000000780f53690,0x0000000785500000)
 PSPermGen       total 21504K, used 12992K [0x000000077ae00000, 0x000000077c300000, 0x0000000780000000)
  object space 21504K, 60% used [0x000000077ae00000,0x000000077bab0380,0x000000077c300000)
Event: 4.263 GC heap after
Heap after GC invocations=6 (full 0):
 PSYoungGen      total 145408K, used 8532K [0x00000007d5500000, 0x00000007dee00000, 0x0000000800000000)
  eden space 135168K, 0% used [0x00000007d5500000,0x00000007d5500000,0x00000007dd900000)
  from space 10240K, 83% used [0x00000007de400000,0x00000007dec55210,0x00000007dee00000)
  to   space 10752K, 0% used [0x00000007dd900000,0x00000007dd900000,0x00000007de380000)
 ParOldGen       total 87040K, used 15693K [0x0000000780000000, 0x0000000785500000, 0x00000007d5500000)
  object space 87040K, 18% used [0x0000000780000000,0x0000000780f53690,0x0000000785500000)
 PSPermGen       total 21504K, used 12992K [0x000000077ae00000, 0x000000077c300000, 0x0000000780000000)
  object space 21504K, 60% used [0x000000077ae00000,0x000000077bab0380,0x000000077c300000)
}
Event: 4.794 GC heap before
{Heap before GC invocations=7 (full 0):
 PSYoungGen      total 145408K, used 141196K [0x00000007d5500000, 0x00000007dee00000, 0x0000000800000000)
  eden space 135168K, 98% used [0x00000007d5500000,0x00000007dd68e0b8,0x00000007dd900000)
  from space 10240K, 83% used [0x00000007de400000,0x00000007dec55210,0x00000007dee00000)
  to   space 10752K, 0% used [0x00000007dd900000,0x00000007dd900000,0x00000007de380000)
 ParOldGen       total 87040K, used 15693K [0x0000000780000000, 0x0000000785500000, 0x00000007d5500000)
  object space 87040K, 18% used [0x0000000780000000,0x0000000780f53690,0x0000000785500000)
 PSPermGen       total 21504K, used 13016K [0x000000077ae00000, 0x000000077c300000, 0x0000000780000000)
  object space 21504K, 60% used [0x000000077ae00000,0x000000077bab6258,0x000000077c300000)
Event: 4.799 GC heap after
Heap after GC invocations=7 (full 0):
 PSYoungGen      total 145920K, used 1051K [0x00000007d5500000, 0x00000007e7500000, 0x0000000800000000)
  eden space 135168K, 0% used [0x00000007d5500000,0x00000007d5500000,0x00000007dd900000)
  from space 10752K, 9% used [0x00000007dd900000,0x00000007dda06c20,0x00000007de380000)
  to   space 12288K, 0% used [0x00000007e6900000,0x00000007e6900000,0x00000007e7500000)
 ParOldGen       total 87040K, used 23250K [0x0000000780000000, 0x0000000785500000, 0x00000007d5500000)
  object space 87040K, 26% used [0x0000000780000000,0x00000007816b4ac8,0x0000000785500000)
 PSPermGen       total 21504K, used 13016K [0x000000077ae00000, 0x000000077c300000, 0x0000000780000000)
  object space 21504K, 60% used [0x000000077ae00000,0x000000077bab6258,0x000000077c300000)
}
Event: 5.291 GC heap before
{Heap before GC invocations=8 (full 0):
 PSYoungGen      total 145920K, used 135348K [0x00000007d5500000, 0x00000007e7500000, 0x0000000800000000)
  eden space 135168K, 99% used [0x00000007d5500000,0x00000007dd826758,0x00000007dd900000)
  from space 10752K, 9% used [0x00000007dd900000,0x00000007dda06c20,0x00000007de380000)
  to   space 12288K, 0% used [0x00000007e6900000,0x00000007e6900000,0x00000007e7500000)
 ParOldGen       total 87040K, used 23250K [0x0000000780000000, 0x0000000785500000, 0x00000007d5500000)
  object space 87040K, 26% used [0x0000000780000000,0x00000007816b4ac8,0x0000000785500000)
 PSPermGen       total 21504K, used 13036K [0x000000077ae00000, 0x000000077c300000, 0x0000000780000000)
  object space 21504K, 60% used [0x000000077ae00000,0x000000077babb090,0x000000077c300000)
Event: 5.292 GC heap after
Heap after GC invocations=8 (full 0):
 PSYoungGen      total 282112K, used 2116K [0x00000007d5500000, 0x00000007e7600000, 0x0000000800000000)
  eden space 269824K, 0% used [0x00000007d5500000,0x00000007d5500000,0x00000007e5c80000)
  from space 12288K, 17% used [0x00000007e6900000,0x00000007e6b11228,0x00000007e7500000)
  to   space 12800K, 0% used [0x00000007e5c80000,0x00000007e5c80000,0x00000007e6900000)
 ParOldGen       total 87040K, used 23266K [0x0000000780000000, 0x0000000785500000, 0x00000007d5500000)
  object space 87040K, 26% used [0x0000000780000000,0x00000007816b8ac8,0x0000000785500000)
 PSPermGen       total 21504K, used 13036K [0x000000077ae00000, 0x000000077c300000, 0x0000000780000000)
  object space 21504K, 60% used [0x000000077ae00000,0x000000077babb090,0x000000077c300000)
}
Event: 12.507 GC heap before
{Heap before GC invocations=9 (full 0):
 PSYoungGen      total 282112K, used 270788K [0x00000007d5500000, 0x00000007e7600000, 0x0000000800000000)
  eden space 269824K, 99% used [0x00000007d5500000,0x00000007e5b601a0,0x00000007e5c80000)
  from space 12288K, 17% used [0x00000007e6900000,0x00000007e6b11228,0x00000007e7500000)
  to   space 12800K, 0% used [0x00000007e5c80000,0x00000007e5c80000,0x00000007e6900000)
 ParOldGen       total 87040K, used 23266K [0x0000000780000000, 0x0000000785500000, 0x00000007d5500000)
  object space 87040K, 26% used [0x0000000780000000,0x00000007816b8ac8,0x0000000785500000)
 PSPermGen       total 21504K, used 13073K [0x000000077ae00000, 0x000000077c300000, 0x0000000780000000)
  object space 21504K, 60% used [0x000000077ae00000,0x000000077bac4688,0x000000077c300000)
Event: 12.509 GC heap after
Heap after GC invocations=9 (full 0):
 PSYoungGen      total 282624K, used 2148K [0x00000007d5500000, 0x00000007f1400000, 0x0000000800000000)
  eden space 269824K, 0% used [0x00000007d5500000,0x00000007d5500000,0x00000007e5c80000)
  from space 12800K, 16% used [0x00000007e5c80000,0x00000007e5e99228,0x00000007e6900000)
  to   space 12800K, 0% used [0x00000007f0780000,0x00000007f0780000,0x00000007f1400000)
 ParOldGen       total 87040K, used 23298K [0x0000000780000000, 0x0000000785500000, 0x00000007d5500000)
  object space 87040K, 26% used [0x0000000780000000,0x00000007816c0ac8,0x0000000785500000)
 PSPermGen       total 21504K, used 13073K [0x000000077ae00000, 0x000000077c300000, 0x0000000780000000)
  object space 21504K, 60% used [0x000000077ae00000,0x000000077bac4688,0x000000077c300000)
}
Event: 13.504 GC heap before
{Heap before GC invocations=10 (full 0):
 PSYoungGen      total 282624K, used 268444K [0x00000007d5500000, 0x00000007f1400000, 0x0000000800000000)
  eden space 269824K, 98% used [0x00000007d5500000,0x00000007e590e190,0x00000007e5c80000)
  from space 12800K, 16% used [0x00000007e5c80000,0x00000007e5e99228,0x00000007e6900000)
  to   space 12800K, 0% used [0x00000007f0780000,0x00000007f0780000,0x00000007f1400000)
 ParOldGen       total 87040K, used 23298K [0x0000000780000000, 0x0000000785500000, 0x00000007d5500000)
  object space 87040K, 26% used [0x0000000780000000,0x00000007816c0ac8,0x0000000785500000)
 PSPermGen       total 21504K, used 13093K [0x000000077ae00000, 0x000000077c300000, 0x0000000780000000)
  object space 21504K, 60% used [0x000000077ae00000,0x000000077bac95c8,0x000000077c300000)
Event: 13.507 GC heap after
Heap after GC invocations=10 (full 0):
 PSYoungGen      total 260608K, used 2069K [0x00000007d5500000, 0x00000007f0a00000, 0x0000000800000000)
  eden space 258048K, 0% used [0x00000007d5500000,0x00000007d5500000,0x00000007e5100000)
  from space 2560K, 80% used [0x00000007f0780000,0x00000007f0985420,0x00000007f0a00000)
  to   space 12800K, 0% used [0x00000007ef100000,0x00000007ef100000,0x00000007efd80000)
 ParOldGen       total 87040K, used 23322K [0x0000000780000000, 0x0000000785500000, 0x00000007d5500000)
  object space 87040K, 26% used [0x0000000780000000,0x00000007816c6ac8,0x0000000785500000)
 PSPermGen       total 21504K, used 13093K [0x000000077ae00000, 0x000000077c300000, 0x0000000780000000)
  object space 21504K, 60% used [0x000000077ae00000,0x000000077bac95c8,0x000000077c300000)
}

Deoptimization events (10 events):
Event: 4.978 Thread 0x00007fa1bc923800 Uncommon trap: reason=array_check action=maybe_recompile pc=0x00000001101365c4 method=java.util.TimSort.binarySort([Ljava/lang/Object;IIILjava/util/Comparator;)V @ 215
Event: 4.978 Thread 0x00007fa1bc923800 Uncommon trap: reason=array_check action=maybe_recompile pc=0x00000001101367a4 method=java.util.TimSort.binarySort([Ljava/lang/Object;IIILjava/util/Comparator;)V @ 183
Event: 4.982 Thread 0x00007fa1bc923800 Uncommon trap: reason=array_check action=maybe_recompile pc=0x00000001101365c4 method=java.util.TimSort.binarySort([Ljava/lang/Object;IIILjava/util/Comparator;)V @ 215
Event: 4.982 Thread 0x00007fa1bc923800 Uncommon trap: reason=array_check action=maybe_recompile pc=0x00000001101367a4 method=java.util.TimSort.binarySort([Ljava/lang/Object;IIILjava/util/Comparator;)V @ 183
Event: 5.443 Thread 0x00007fa1bd068000 Uncommon trap: reason=array_check action=maybe_recompile pc=0x000000011013c078 method=java.util.Arrays.fill([Ljava/lang/Object;Ljava/lang/Object;)V @ 13
Event: 5.443 Thread 0x00007fa1bd068000 Uncommon trap: reason=array_check action=maybe_recompile pc=0x000000011013c078 method=java.util.Arrays.fill([Ljava/lang/Object;Ljava/lang/Object;)V @ 13
Event: 5.447 Thread 0x00007fa1bd068000 Uncommon trap: reason=array_check action=maybe_recompile pc=0x000000011013c078 method=java.util.Arrays.fill([Ljava/lang/Object;Ljava/lang/Object;)V @ 13
Event: 5.448 Thread 0x00007fa1bd068000 Uncommon trap: reason=array_check action=maybe_recompile pc=0x000000011013c078 method=java.util.Arrays.fill([Ljava/lang/Object;Ljava/lang/Object;)V @ 13
Event: 5.524 Thread 0x00007fa1bc923800 Uncommon trap: reason=array_check action=maybe_recompile pc=0x00000001100cf5b0 method=java.util.TimSort.binarySort([Ljava/lang/Object;IIILjava/util/Comparator;)V @ 193
Event: 5.524 Thread 0x00007fa1bc923800 Uncommon trap: reason=array_check action=maybe_recompile pc=0x00000001100cf5b0 method=java.util.TimSort.binarySort([Ljava/lang/Object;IIILjava/util/Comparator;)V @ 193

Internal exceptions (10 events):
Event: 2.105 Thread 0x00007fa1bc923800 Threw 0x00000007d6e3acf0 at /HUDSON/workspace/7u-2-build-macosx-x86_64/jdk7u79/2331/hotspot/src/share/vm/prims/jvm.cpp:1304
Event: 2.106 Thread 0x00007fa1bc923800 Threw 0x00000007d6e46c60 at /HUDSON/workspace/7u-2-build-macosx-x86_64/jdk7u79/2331/hotspot/src/share/vm/prims/jvm.cpp:1304
Event: 2.106 Thread 0x00007fa1bc923800 Threw 0x00000007d6e55948 at /HUDSON/workspace/7u-2-build-macosx-x86_64/jdk7u79/2331/hotspot/src/share/vm/prims/jvm.cpp:1304
Event: 2.156 Thread 0x00007fa1bc923800 Threw 0x00000007d70502e0 at /HUDSON/workspace/7u-2-build-macosx-x86_64/jdk7u79/2331/hotspot/src/share/vm/prims/jvm.cpp:1304
Event: 2.157 Thread 0x00007fa1bc923800 Threw 0x00000007d70599c8 at /HUDSON/workspace/7u-2-build-macosx-x86_64/jdk7u79/2331/hotspot/src/share/vm/prims/jvm.cpp:1304
Event: 3.281 Thread 0x00007fa1bc923800 Threw 0x00000007d7061c98 at /HUDSON/workspace/7u-2-build-macosx-x86_64/jdk7u79/2331/hotspot/src/share/vm/prims/jvm.cpp:1304
Event: 3.303 Thread 0x00007fa1bc923800 Threw 0x00000007d7069068 at /HUDSON/workspace/7u-2-build-macosx-x86_64/jdk7u79/2331/hotspot/src/share/vm/prims/jvm.cpp:1304
Event: 3.306 Thread 0x00007fa1bc923800 Threw 0x00000007d706f140 at /HUDSON/workspace/7u-2-build-macosx-x86_64/jdk7u79/2331/hotspot/src/share/vm/prims/jvm.cpp:1304
Event: 3.382 Thread 0x00007fa1be81b800 Threw 0x00000007d57ad850 at /HUDSON/workspace/7u-2-build-macosx-x86_64/jdk7u79/2331/hotspot/src/share/vm/prims/jvm.cpp:1304
Event: 5.953 Thread 0x00007fa1be81b800 Threw 0x00000007da26fde8 at /HUDSON/workspace/7u-2-build-macosx-x86_64/jdk7u79/2331/hotspot/src/share/vm/prims/jni.cpp:717

Events (10 events):
Event: 5.524 Thread 0x00007fa1bc923800 DEOPT UNPACKING pc=0x000000011009c045 sp=0x00007000018e8078 mode 2
Event: 5.948 loading class 0x00007fa1bc0764c0
Event: 5.948 loading class 0x00007fa1bc0764c0 done
Event: 8.668 loading class 0x00007fa1bc0753f0
Event: 8.669 loading class 0x00007fa1bc0753f0 done
Event: 11.748 Thread 0x00007fa1bc94b800 Thread added: 0x00007fa1bc94b800
Event: 12.507 Executing VM operation: ParallelGCFailedAllocation
Event: 12.509 Executing VM operation: ParallelGCFailedAllocation done
Event: 13.504 Executing VM operation: ParallelGCFailedAllocation
Event: 13.507 Executing VM operation: ParallelGCFailedAllocation done


Dynamic libraries:
0x0000000002c2a000 	/System/Library/Frameworks/Cocoa.framework/Versions/A/Cocoa
0x0000000002c2a000 	/System/Library/Frameworks/Security.framework/Versions/A/Security
0x0000000002c2a000 	/System/Library/Frameworks/ApplicationServices.framework/Versions/A/ApplicationServices
0x0000000002c2a000 	/usr/lib/libz.1.dylib
0x0000000002c2a000 	/usr/lib/libSystem.B.dylib
0x0000000002c2a000 	/usr/lib/libobjc.A.dylib
0x0000000002c2a000 	/System/Library/Frameworks/CoreFoundation.framework/Versions/A/CoreFoundation
0x0000000002c2a000 	/System/Library/Frameworks/Foundation.framework/Versions/C/Foundation
0x0000000002c2a000 	/System/Library/Frameworks/AppKit.framework/Versions/C/AppKit
0x0000000002c2a000 	/System/Library/Frameworks/CoreData.framework/Versions/A/CoreData
0x0000000002c2a000 	/System/Library/PrivateFrameworks/RemoteViewServices.framework/Versions/A/RemoteViewServices
0x0000000002c2a000 	/System/Library/PrivateFrameworks/UIFoundation.framework/Versions/A/UIFoundation
0x0000000002c2a000 	/usr/lib/libScreenReader.dylib
0x0000000002c2a000 	/System/Library/Frameworks/Accelerate.framework/Versions/A/Accelerate
0x0000000002c2a000 	/System/Library/Frameworks/IOSurface.framework/Versions/A/IOSurface
0x0000000002c2a000 	/System/Library/Frameworks/AudioToolbox.framework/Versions/A/AudioToolbox
0x0000000002c2a000 	/System/Library/Frameworks/AudioUnit.framework/Versions/A/AudioUnit
0x0000000002c2a000 	/System/Library/PrivateFrameworks/DataDetectorsCore.framework/Versions/A/DataDetectorsCore
0x0000000002c2a000 	/System/Library/PrivateFrameworks/DesktopServicesPriv.framework/Versions/A/DesktopServicesPriv
0x0000000002c2a000 	/System/Library/Frameworks/Carbon.framework/Versions/A/Frameworks/HIToolbox.framework/Versions/A/HIToolbox
0x0000000002c2a000 	/System/Library/Frameworks/QuartzCore.framework/Versions/A/QuartzCore
0x0000000002c2a000 	/System/Library/Frameworks/Carbon.framework/Versions/A/Frameworks/SpeechRecognition.framework/Versions/A/SpeechRecognition
0x0000000002c2a000 	/usr/lib/libauto.dylib
0x0000000002c2a000 	/usr/lib/libicucore.A.dylib
0x0000000002c2a000 	/usr/lib/libxml2.2.dylib
0x0000000002c2a000 	/System/Library/PrivateFrameworks/CoreUI.framework/Versions/A/CoreUI
0x0000000002c2a000 	/System/Library/Frameworks/CoreAudio.framework/Versions/A/CoreAudio
0x0000000002c2a000 	/System/Library/Frameworks/DiskArbitration.framework/Versions/A/DiskArbitration
0x0000000002c2a000 	/usr/lib/liblangid.dylib
0x0000000002c2a000 	/System/Library/PrivateFrameworks/MultitouchSupport.framework/Versions/A/MultitouchSupport
0x0000000002c2a000 	/System/Library/Frameworks/IOKit.framework/Versions/A/IOKit
0x0000000002c2a000 	/usr/lib/libDiagnosticMessagesClient.dylib
0x0000000002c2a000 	/System/Library/Frameworks/CoreServices.framework/Versions/A/CoreServices
0x0000000002c2a000 	/System/Library/PrivateFrameworks/PerformanceAnalysis.framework/Versions/A/PerformanceAnalysis
0x0000000002c2a000 	/System/Library/PrivateFrameworks/GenerationalStorage.framework/Versions/A/GenerationalStorage
0x0000000002c2a000 	/System/Library/Frameworks/OpenGL.framework/Versions/A/OpenGL
0x0000000002c2a000 	/System/Library/PrivateFrameworks/Sharing.framework/Versions/A/Sharing
0x0000000002c2a000 	/System/Library/Frameworks/CoreGraphics.framework/Versions/A/CoreGraphics
0x0000000002c2a000 	/System/Library/Frameworks/CoreImage.framework/Versions/A/CoreImage
0x0000000002c2a000 	/System/Library/Frameworks/CoreText.framework/Versions/A/CoreText
0x0000000002c2a000 	/System/Library/Frameworks/ImageIO.framework/Versions/A/ImageIO
0x0000000002c2a000 	/System/Library/PrivateFrameworks/Backup.framework/Versions/A/Backup
0x0000000002c2a000 	/usr/lib/libextension.dylib
0x0000000002c2a000 	/usr/lib/libarchive.2.dylib
0x0000000002c2a000 	/System/Library/Frameworks/CFNetwork.framework/Versions/A/CFNetwork
0x0000000002c2a000 	/System/Library/Frameworks/SystemConfiguration.framework/Versions/A/SystemConfiguration
0x0000000002c2a000 	/usr/lib/libCRFSuite.dylib
0x0000000002c2a000 	/usr/lib/libc++.1.dylib
0x0000000002c2a000 	/usr/lib/libc++abi.dylib
0x0000000002c2a000 	/usr/lib/system/libcache.dylib
0x0000000002c2a000 	/usr/lib/system/libcommonCrypto.dylib
0x0000000002c2a000 	/usr/lib/system/libcompiler_rt.dylib
0x0000000002c2a000 	/usr/lib/system/libcopyfile.dylib
0x0000000002c2a000 	/usr/lib/system/libcorecrypto.dylib
0x0000000002c2a000 	/usr/lib/system/libdispatch.dylib
0x0000000002c2a000 	/usr/lib/system/libdyld.dylib
0x0000000002c2a000 	/usr/lib/system/libkeymgr.dylib
0x0000000002c2a000 	/usr/lib/system/liblaunch.dylib
0x0000000002c2a000 	/usr/lib/system/libmacho.dylib
0x0000000002c2a000 	/usr/lib/system/libquarantine.dylib
0x0000000002c2a000 	/usr/lib/system/libremovefile.dylib
0x0000000002c2a000 	/usr/lib/system/libsystem_asl.dylib
0x0000000002c2a000 	/usr/lib/system/libsystem_blocks.dylib
0x0000000002c2a000 	/usr/lib/system/libsystem_c.dylib
0x0000000002c2a000 	/usr/lib/system/libsystem_configuration.dylib
0x0000000002c2a000 	/usr/lib/system/libsystem_coreservices.dylib
0x0000000002c2a000 	/usr/lib/system/libsystem_coretls.dylib
0x0000000002c2a000 	/usr/lib/system/libsystem_dnssd.dylib
0x0000000002c2a000 	/usr/lib/system/libsystem_info.dylib
0x0000000002c2a000 	/usr/lib/system/libsystem_kernel.dylib
0x0000000002c2a000 	/usr/lib/system/libsystem_m.dylib
0x0000000002c2a000 	/usr/lib/system/libsystem_malloc.dylib
0x0000000002c2a000 	/usr/lib/system/libsystem_network.dylib
0x0000000002c2a000 	/usr/lib/system/libsystem_networkextension.dylib
0x0000000002c2a000 	/usr/lib/system/libsystem_notify.dylib
0x0000000002c2a000 	/usr/lib/system/libsystem_platform.dylib
0x0000000002c2a000 	/usr/lib/system/libsystem_pthread.dylib
0x0000000002c2a000 	/usr/lib/system/libsystem_sandbox.dylib
0x0000000002c2a000 	/usr/lib/system/libsystem_secinit.dylib
0x0000000002c2a000 	/usr/lib/system/libsystem_trace.dylib
0x0000000002c2a000 	/usr/lib/system/libunc.dylib
0x0000000002c2a000 	/usr/lib/system/libunwind.dylib
0x0000000002c2a000 	/usr/lib/system/libxpc.dylib
0x0000000002c2a000 	/usr/lib/libenergytrace.dylib
0x0000000002c2a000 	/usr/lib/libbsm.0.dylib
0x0000000002c2a000 	/usr/lib/system/libkxld.dylib
0x0000000002c2a000 	/usr/lib/libxar.1.dylib
0x0000000002c2a000 	/usr/lib/libsqlite3.dylib
0x0000000002c2a000 	/usr/lib/libpam.2.dylib
0x0000000002c2a000 	/usr/lib/libOpenScriptingUtil.dylib
0x0000000002c2a000 	/usr/lib/libbz2.1.0.dylib
0x0000000002c2a000 	/usr/lib/liblzma.5.dylib
0x0000000002c2a000 	/System/Library/Frameworks/CoreServices.framework/Versions/A/Frameworks/FSEvents.framework/Versions/A/FSEvents
0x0000000002c2a000 	/System/Library/Frameworks/CoreServices.framework/Versions/A/Frameworks/CarbonCore.framework/Versions/A/CarbonCore
0x0000000002c2a000 	/System/Library/Frameworks/CoreServices.framework/Versions/A/Frameworks/Metadata.framework/Versions/A/Metadata
0x0000000002c2a000 	/System/Library/Frameworks/CoreServices.framework/Versions/A/Frameworks/OSServices.framework/Versions/A/OSServices
0x0000000002c2a000 	/System/Library/Frameworks/CoreServices.framework/Versions/A/Frameworks/SearchKit.framework/Versions/A/SearchKit
0x0000000002c2a000 	/System/Library/Frameworks/CoreServices.framework/Versions/A/Frameworks/AE.framework/Versions/A/AE
0x0000000002c2a000 	/System/Library/Frameworks/CoreServices.framework/Versions/A/Frameworks/LaunchServices.framework/Versions/A/LaunchServices
0x0000000002c2a000 	/System/Library/Frameworks/CoreServices.framework/Versions/A/Frameworks/DictionaryServices.framework/Versions/A/DictionaryServices
0x0000000002c2a000 	/System/Library/Frameworks/CoreServices.framework/Versions/A/Frameworks/SharedFileList.framework/Versions/A/SharedFileList
0x0000000002c2a000 	/System/Library/Frameworks/NetFS.framework/Versions/A/NetFS
0x0000000002c2a000 	/System/Library/PrivateFrameworks/NetAuth.framework/Versions/A/NetAuth
0x0000000002c2a000 	/System/Library/PrivateFrameworks/login.framework/Versions/A/Frameworks/loginsupport.framework/Versions/A/loginsupport
0x0000000002c2a000 	/System/Library/PrivateFrameworks/TCC.framework/Versions/A/TCC
0x0000000002c2a000 	/usr/lib/libmecabra.dylib
0x0000000002c2a000 	/System/Library/Frameworks/ApplicationServices.framework/Versions/A/Frameworks/ATS.framework/Versions/A/ATS
0x0000000002c2a000 	/System/Library/Frameworks/ApplicationServices.framework/Versions/A/Frameworks/ColorSync.framework/Versions/A/ColorSync
0x0000000002c2a000 	/System/Library/Frameworks/ApplicationServices.framework/Versions/A/Frameworks/HIServices.framework/Versions/A/HIServices
0x0000000002c2a000 	/System/Library/Frameworks/ApplicationServices.framework/Versions/A/Frameworks/LangAnalysis.framework/Versions/A/LangAnalysis
0x0000000002c2a000 	/System/Library/Frameworks/ApplicationServices.framework/Versions/A/Frameworks/PrintCore.framework/Versions/A/PrintCore
0x0000000002c2a000 	/System/Library/Frameworks/ApplicationServices.framework/Versions/A/Frameworks/QD.framework/Versions/A/QD
0x0000000002c2a000 	/System/Library/Frameworks/ApplicationServices.framework/Versions/A/Frameworks/SpeechSynthesis.framework/Versions/A/SpeechSynthesis
0x0000000002c2a000 	/System/Library/Frameworks/Metal.framework/Versions/A/Metal
0x0000000002c2a000 	/System/Library/Frameworks/Accelerate.framework/Versions/A/Frameworks/vImage.framework/Versions/A/vImage
0x0000000002c2a000 	/System/Library/Frameworks/Accelerate.framework/Versions/A/Frameworks/vecLib.framework/Versions/A/vecLib
0x0000000002c2a000 	/System/Library/Frameworks/Accelerate.framework/Versions/A/Frameworks/vecLib.framework/Versions/A/libvDSP.dylib
0x0000000002c2a000 	/System/Library/Frameworks/Accelerate.framework/Versions/A/Frameworks/vecLib.framework/Versions/A/libvMisc.dylib
0x0000000002c2a000 	/System/Library/Frameworks/Accelerate.framework/Versions/A/Frameworks/vecLib.framework/Versions/A/libLAPACK.dylib
0x0000000002c2a000 	/System/Library/Frameworks/Accelerate.framework/Versions/A/Frameworks/vecLib.framework/Versions/A/libBLAS.dylib
0x0000000002c2a000 	/System/Library/Frameworks/Accelerate.framework/Versions/A/Frameworks/vecLib.framework/Versions/A/libLinearAlgebra.dylib
0x0000000002c2a000 	/System/Library/Frameworks/Accelerate.framework/Versions/A/Frameworks/vecLib.framework/Versions/A/libSparseBLAS.dylib
0x0000000002c2a000 	/System/Library/PrivateFrameworks/GPUCompiler.framework/libmetal_timestamp.dylib
0x0000000002c2a000 	/System/Library/Frameworks/OpenGL.framework/Versions/A/Libraries/libCoreFSCache.dylib
0x0000000002c2a000 	/System/Library/PrivateFrameworks/IOAccelerator.framework/Versions/A/IOAccelerator
0x0000000002c2a000 	/System/Library/Frameworks/ApplicationServices.framework/Versions/A/Frameworks/ATS.framework/Versions/A/Resources/libFontParser.dylib
0x0000000002c2a000 	/System/Library/Frameworks/ApplicationServices.framework/Versions/A/Frameworks/ATS.framework/Versions/A/Resources/libFontRegistry.dylib
0x0000000002c2a000 	/System/Library/PrivateFrameworks/AppleVPA.framework/Versions/A/AppleVPA
0x0000000002c2a000 	/System/Library/PrivateFrameworks/AppleJPEG.framework/Versions/A/AppleJPEG
0x0000000002c2a000 	/System/Library/Frameworks/ImageIO.framework/Versions/A/Resources/libJPEG.dylib
0x0000000002c2a000 	/System/Library/Frameworks/ImageIO.framework/Versions/A/Resources/libTIFF.dylib
0x0000000002c2a000 	/System/Library/Frameworks/ImageIO.framework/Versions/A/Resources/libPng.dylib
0x0000000002c2a000 	/System/Library/Frameworks/ImageIO.framework/Versions/A/Resources/libGIF.dylib
0x0000000002c2a000 	/System/Library/Frameworks/ImageIO.framework/Versions/A/Resources/libJP2.dylib
0x0000000002c2a000 	/System/Library/Frameworks/ImageIO.framework/Versions/A/Resources/libRadiance.dylib
0x0000000002c2a000 	/System/Library/Frameworks/CoreVideo.framework/Versions/A/CoreVideo
0x0000000002c2a000 	/System/Library/Frameworks/OpenGL.framework/Versions/A/Libraries/libGLU.dylib
0x0000000002c2a000 	/System/Library/Frameworks/OpenGL.framework/Versions/A/Libraries/libGFXShared.dylib
0x0000000002c2a000 	/System/Library/Frameworks/OpenGL.framework/Versions/A/Libraries/libGL.dylib
0x0000000002c2a000 	/System/Library/Frameworks/OpenGL.framework/Versions/A/Libraries/libGLImage.dylib
0x0000000002c2a000 	/System/Library/Frameworks/OpenGL.framework/Versions/A/Libraries/libCVMSPluginSupport.dylib
0x0000000002c2a000 	/System/Library/Frameworks/OpenGL.framework/Versions/A/Libraries/libCoreVMClient.dylib
0x0000000002c2a000 	/usr/lib/libcups.2.dylib
0x0000000002c2a000 	/System/Library/Frameworks/Kerberos.framework/Versions/A/Kerberos
0x0000000002c2a000 	/System/Library/Frameworks/GSS.framework/Versions/A/GSS
0x0000000002c2a000 	/usr/lib/libresolv.9.dylib
0x0000000002c2a000 	/usr/lib/libiconv.2.dylib
0x0000000002c2a000 	/System/Library/PrivateFrameworks/Heimdal.framework/Versions/A/Heimdal
0x0000000002c2a000 	/usr/lib/libheimdal-asn1.dylib
0x0000000002c2a000 	/System/Library/Frameworks/OpenDirectory.framework/Versions/A/OpenDirectory
0x0000000002c2a000 	/System/Library/PrivateFrameworks/CommonAuth.framework/Versions/A/CommonAuth
0x0000000002c2a000 	/System/Library/Frameworks/OpenDirectory.framework/Versions/A/Frameworks/CFOpenDirectory.framework/Versions/A/CFOpenDirectory
0x0000000002c2a000 	/System/Library/Frameworks/SecurityFoundation.framework/Versions/A/SecurityFoundation
0x0000000002c2a000 	/System/Library/PrivateFrameworks/LanguageModeling.framework/Versions/A/LanguageModeling
0x0000000002c2a000 	/usr/lib/libmarisa.dylib
0x0000000002c2a000 	/usr/lib/libChineseTokenizer.dylib
0x0000000002c2a000 	/usr/lib/libcmph.dylib
0x0000000002c2a000 	/usr/lib/libcompression.dylib
0x0000000002c2a000 	/System/Library/Frameworks/ServiceManagement.framework/Versions/A/ServiceManagement
0x0000000002c2a000 	/usr/lib/libxslt.1.dylib
0x0000000002c2a000 	/System/Library/Frameworks/Carbon.framework/Versions/A/Frameworks/Ink.framework/Versions/A/Ink
0x0000000002c2a000 	/usr/lib/libFosl_dynamic.dylib
0x0000000002c2a000 	/System/Library/PrivateFrameworks/FaceCore.framework/Versions/A/FaceCore
0x0000000002c2a000 	/System/Library/Frameworks/OpenCL.framework/Versions/A/OpenCL
0x0000000002c2a000 	/System/Library/PrivateFrameworks/CrashReporterSupport.framework/Versions/A/CrashReporterSupport
0x0000000002c2a000 	/System/Library/PrivateFrameworks/IconServices.framework/Versions/A/IconServices
0x0000000002c2a000 	/System/Library/PrivateFrameworks/Apple80211.framework/Versions/A/Apple80211
0x0000000002c2a000 	/System/Library/Frameworks/CoreWLAN.framework/Versions/A/CoreWLAN
0x0000000002c2a000 	/System/Library/Frameworks/IOBluetooth.framework/Versions/A/IOBluetooth
0x0000000002c2a000 	/System/Library/PrivateFrameworks/CoreWiFi.framework/Versions/A/CoreWiFi
0x0000000002c2a000 	/System/Library/Frameworks/CoreBluetooth.framework/Versions/A/CoreBluetooth
0x0000000002c2a000 	/System/Library/PrivateFrameworks/ChunkingLibrary.framework/Versions/A/ChunkingLibrary
0x0000000002c2a000 	/System/Library/PrivateFrameworks/DebugSymbols.framework/Versions/A/DebugSymbols
0x0000000002c2a000 	/System/Library/PrivateFrameworks/CoreSymbolication.framework/Versions/A/CoreSymbolication
0x0000000002c2a000 	/System/Library/PrivateFrameworks/Symbolication.framework/Versions/A/Symbolication
0x0000000002c2a000 	/System/Library/PrivateFrameworks/SpeechRecognitionCore.framework/Versions/A/SpeechRecognitionCore
0x00000000540e5000 	/System/Library/CoreServices/Encodings/libCyrillicConverter.dylib
0x000000010f600000 	/Library/Java/JavaVirtualMachines/jdk1.7.0_79.jdk/Contents/Home/jre/lib/server/libjvm.dylib
0x000000010e41f000 	/usr/lib/libstdc++.6.dylib
0x000000010e4d6000 	/Library/Java/JavaVirtualMachines/jdk1.7.0_79.jdk/Contents/Home/jre/lib/libverify.dylib
0x000000010e4e3000 	/Library/Java/JavaVirtualMachines/jdk1.7.0_79.jdk/Contents/Home/jre/lib/libjava.dylib
0x000000010e51d000 	/Library/Java/JavaVirtualMachines/jdk1.7.0_79.jdk/Contents/Home/jre/lib/libzip.dylib
0x0000000119d7e000 	/System/Library/Frameworks/JavaVM.framework/Frameworks/JavaRuntimeSupport.framework/JavaRuntimeSupport
0x000000010e5e7000 	/System/Library/Frameworks/JavaVM.framework/Versions/A/Frameworks/JavaNativeFoundation.framework/Versions/A/JavaNativeFoundation
0x0000000119d99000 	/System/Library/Frameworks/JavaVM.framework/Versions/A/JavaVM
0x0000000002c2a000 	/System/Library/Frameworks/Carbon.framework/Versions/A/Carbon
0x0000000119da6000 	/System/Library/PrivateFrameworks/JavaLaunching.framework/Versions/A/JavaLaunching
0x0000000002c2a000 	/System/Library/Frameworks/Carbon.framework/Versions/A/Frameworks/CommonPanels.framework/Versions/A/CommonPanels
0x0000000002c2a000 	/System/Library/Frameworks/Carbon.framework/Versions/A/Frameworks/Help.framework/Versions/A/Help
0x0000000002c2a000 	/System/Library/Frameworks/Carbon.framework/Versions/A/Frameworks/ImageCapture.framework/Versions/A/ImageCapture
0x0000000002c2a000 	/System/Library/Frameworks/Carbon.framework/Versions/A/Frameworks/OpenScripting.framework/Versions/A/OpenScripting
0x0000000002c2a000 	/System/Library/Frameworks/Carbon.framework/Versions/A/Frameworks/Print.framework/Versions/A/Print
0x0000000002c2a000 	/System/Library/Frameworks/Carbon.framework/Versions/A/Frameworks/SecurityHI.framework/Versions/A/SecurityHI
0x000000011b740000 	/Library/Java/JavaVirtualMachines/jdk1.7.0_79.jdk/Contents/Home/jre/lib/libawt.dylib
0x000000011b7ef000 	/Library/Java/JavaVirtualMachines/jdk1.7.0_79.jdk/Contents/Home/jre/lib/./libmlib_image.dylib
0x000000011b8bb000 	/Library/Java/JavaVirtualMachines/jdk1.7.0_79.jdk/Contents/Home/jre/lib/lwawt/liblwawt.dylib
0x000000011b971000 	/Library/Java/JavaVirtualMachines/jdk1.7.0_79.jdk/Contents/Home/jre/lib/libosxapp.dylib
0x0000000002c2a000 	/System/Library/Frameworks/ExceptionHandling.framework/Versions/A/ExceptionHandling
0x0000000002c2a000 	/System/Library/PrivateFrameworks/CoreServicesInternal.framework/Versions/A/CoreServicesInternal
0x0000000002c2a000 	/System/Library/Frameworks/CoreGraphics.framework/Versions/A/Resources/libRIP.A.dylib
0x000000011c981000 	/System/Library/Frameworks/Accelerate.framework/Frameworks/vImage.framework/Versions/A/Libraries/libCGInterfaces.dylib
0x0000000002c2a000 	/System/Library/Frameworks/CoreGraphics.framework/Versions/A/Resources/libCGXType.A.dylib
0x0000000002c2a000 	/System/Library/Frameworks/OpenCL.framework/Versions/A/Libraries/libcldcpuengine.dylib
0x0000000002c2a000 	/System/Library/PrivateFrameworks/DiskImages.framework/Versions/A/DiskImages
0x0000000002c2a000 	/System/Library/Frameworks/DiscRecording.framework/Versions/A/DiscRecording
0x0000000002c2a000 	/usr/lib/libcsfde.dylib
0x0000000002c2a000 	/usr/lib/libcurl.4.dylib
0x0000000002c2a000 	/System/Library/PrivateFrameworks/MediaKit.framework/Versions/A/MediaKit
0x0000000002c2a000 	/System/Library/PrivateFrameworks/ProtectedCloudStorage.framework/Versions/A/ProtectedCloudStorage
0x0000000002c2a000 	/usr/lib/libCoreStorage.dylib
0x0000000002c2a000 	/System/Library/PrivateFrameworks/EFILogin.framework/Versions/A/EFILogin
0x0000000002c2a000 	/usr/lib/libutil.dylib
0x0000000002c2a000 	/System/Library/PrivateFrameworks/FindMyDevice.framework/Versions/A/FindMyDevice
0x0000000002c2a000 	/System/Library/Frameworks/LDAP.framework/Versions/A/LDAP
0x0000000002c2a000 	/usr/lib/libsasl2.2.dylib
0x0000000002c2a000 	/System/Library/PrivateFrameworks/CoreDaemon.framework/Versions/B/CoreDaemon
0x0000000002c2a000 	/usr/lib/libcrypto.0.9.8.dylib
0x0000000002c2a000 	/System/Library/PrivateFrameworks/AppleSRP.framework/Versions/A/AppleSRP
0x0000000002c2a000 	/System/Library/PrivateFrameworks/TrustEvaluationAgent.framework/Versions/A/TrustEvaluationAgent
0x000000011d791000 	cl_kernels
0x0000000002c2a000 	/System/Library/Frameworks/OpenCL.framework/Versions/A/Libraries/ImageFormats/unorm8_bgra.dylib
0x0000000002c2a000 	/System/Library/Frameworks/OpenCL.framework/Versions/A/Libraries/ImageFormats/unorm8_rgba.dylib
0x0000000002c2a000 	/System/Library/PrivateFrameworks/FamilyControls.framework/Versions/A/FamilyControls
0x0000000002c2a000 	/System/Library/PrivateFrameworks/CommerceKit.framework/Versions/A/Frameworks/CommerceCore.framework/Versions/A/CommerceCore
0x0000000002c2a000 	/System/Library/PrivateFrameworks/SystemAdministration.framework/Versions/A/SystemAdministration
0x0000000002c2a000 	/System/Library/PrivateFrameworks/AppContainer.framework/Versions/A/AppContainer
0x0000000002c2a000 	/System/Library/PrivateFrameworks/SecCodeWrapper.framework/Versions/A/SecCodeWrapper
0x0000000002c2a000 	/System/Library/Frameworks/DirectoryService.framework/Versions/A/DirectoryService
0x0000000002c2a000 	/System/Library/PrivateFrameworks/LoginUIKit.framework/Versions/A/Frameworks/LoginUICore.framework/Versions/A/LoginUICore
0x0000000002c2a000 	/usr/lib/libodfde.dylib
0x000000011e93f000 	/Library/Java/JavaVirtualMachines/jdk1.7.0_79.jdk/Contents/Home/jre/lib/libfontmanager.dylib
0x000000011e9a6000 	/System/Library/Frameworks/OpenGL.framework/Resources/GLEngine.bundle/GLEngine
0x0000000002c2a000 	/System/Library/Frameworks/OpenGL.framework/Versions/A/Libraries/libGLProgrammability.dylib
0x000000011eb8e000 	/System/Library/Extensions/AppleIntelHD5000GraphicsGLDriver.bundle/Contents/MacOS/AppleIntelHD5000GraphicsGLDriver
0x0000000002c2a000 	/System/Library/PrivateFrameworks/GPUSupport.framework/Versions/A/Libraries/libGPUSupportMercury.dylib
0x000000011f2de000 	/System/Library/Frameworks/OpenGL.framework/Resources//GLRendererFloat.bundle/GLRendererFloat
0x000000011fbb0000 	/Library/Java/JavaVirtualMachines/jdk1.7.0_79.jdk/Contents/Home/jre/lib/libosxui.dylib
0x000000012060f000 	/private/var/folders/08/nswmbsb176s05ytyr928rhl80000gn/T/javacpp1460670855012408000/libopencv_core.3.0.dylib
0x0000000120897000 	/private/var/folders/08/nswmbsb176s05ytyr928rhl80000gn/T/javacpp1460670855012408000/libopencv_imgproc.3.0.dylib
0x0000000120be4000 	/private/var/folders/08/nswmbsb176s05ytyr928rhl80000gn/T/javacpp1460670855012408000/libjniopencv_core.dylib
0x0000000120fba000 	/Library/Java/JavaVirtualMachines/jdk1.7.0_79.jdk/Contents/Home/jre/lib/libnet.dylib
0x000000011d37e000 	/Library/Java/JavaVirtualMachines/jdk1.7.0_79.jdk/Contents/Home/jre/lib/libnio.dylib
0x0000000122de7000 	/System/Library/Extensions/AppleIntelHD5000GraphicsMTLDriver.bundle/Contents/MacOS/AppleIntelHD5000GraphicsMTLDriver
0x0000000125e9f000 	/private/var/folders/08/nswmbsb176s05ytyr928rhl80000gn/T/javacpp1460670855012408000/libjniopencv_imgproc.dylib
0x00000001268ad000 	/private/var/folders/08/nswmbsb176s05ytyr928rhl80000gn/T/javacpp1460670855012408000/libopencv_imgcodecs.3.0.dylib
0x0000000122fb8000 	/private/var/folders/08/nswmbsb176s05ytyr928rhl80000gn/T/javacpp1460670855012408000/libjniopencv_imgcodecs.dylib
0x0000000125f5e000 	/private/var/folders/08/nswmbsb176s05ytyr928rhl80000gn/T/javacpp1460670855012408000/libopencv_videoio.3.0.dylib
0x0000000002c2a000 	/System/Library/Frameworks/QTKit.framework/Versions/A/QTKit
0x0000000002c2a000 	/System/Library/Frameworks/AVFoundation.framework/Versions/A/AVFoundation
0x0000000002c2a000 	/System/Library/Frameworks/CoreMedia.framework/Versions/A/CoreMedia
0x0000000002c2a000 	/System/Library/Frameworks/MediaToolbox.framework/Versions/A/MediaToolbox
0x0000000002c2a000 	/System/Library/Frameworks/VideoToolbox.framework/Versions/A/VideoToolbox
0x0000000002c2a000 	/System/Library/PrivateFrameworks/CoreMediaAuthoring.framework/Versions/A/CoreMediaAuthoring
0x0000000002c2a000 	/System/Library/Frameworks/CoreMediaIO.framework/Versions/A/CoreMediaIO
0x0000000002c2a000 	/System/Library/Frameworks/AVFoundation.framework/Versions/A/Resources/libAVFAudio.dylib
0x0000000002c2a000 	/usr/lib/libspindump.dylib
0x0000000002c2a000 	/System/Library/PrivateFrameworks/CoreAVCHD.framework/Versions/A/CoreAVCHD
0x0000000002c2a000 	/System/Library/Frameworks/MediaAccessibility.framework/Versions/A/MediaAccessibility
0x0000000002c2a000 	/System/Library/PrivateFrameworks/Mangrove.framework/Versions/A/Mangrove
0x0000000002c2a000 	/System/Library/PrivateFrameworks/CoreAUC.framework/Versions/A/CoreAUC
0x0000000002c2a000 	/System/Library/PrivateFrameworks/AppleVA.framework/Versions/A/AppleVA
0x0000000002c2a000 	/System/Library/PrivateFrameworks/XPCService.framework/Versions/A/XPCService
0x0000000002c2a000 	/System/Library/PrivateFrameworks/AppSandbox.framework/Versions/A/AppSandbox
0x0000000002c2a000 	/usr/lib/libsandbox.1.dylib
0x0000000002c2a000 	/usr/lib/libMatch.1.dylib
0x0000000125f7e000 	/private/var/folders/08/nswmbsb176s05ytyr928rhl80000gn/T/javacpp1460670855012408000/libjniopencv_videoio.dylib
0x0000000122fd2000 	/System/Library/Extensions/AppleHDA.kext/Contents/PlugIns/AppleHDAHALPlugIn.bundle/Contents/MacOS/AppleHDAHALPlugIn
0x0000000125f91000 	/Library/CoreMediaIO/Plug-Ins/DAL/AppleCamera.plugin/Contents/MacOS/AppleCamera
0x0000000126b32000 	/System/Library/Frameworks/CoreMediaIO.framework/Resources/VDC.plugin/Contents/MacOS/VDC
0x00000001294a2000 	/System/Library/Frameworks/CoreMediaIO.framework/Resources/CMIOUnits.bundle/Contents/MacOS/CMIOUnits
0x0000000126b62000 	/System/Library/PrivateFrameworks/FWAVC.framework/Versions/A/FWAVC

VM Arguments:
jvm_args: -Dfile.encoding=UTF-8 
java_command: ru.ang5545.scanning_system_2.App
Launcher Type: SUN_STANDARD

Environment Variables:
PATH=/usr/bin:/bin:/usr/sbin:/sbin
SHELL=/bin/bash
DISPLAY=/private/tmp/com.apple.launchd.DDDI9qTUim/org.macosforge.xquartz:0

Signal Handlers:
SIGSEGV: [libjvm.dylib+0x52daf1], sa_mask[0]=0xfffefeff, sa_flags=0x00000043
SIGBUS: [libjvm.dylib+0x52daf1], sa_mask[0]=0xfffefeff, sa_flags=0x00000042
SIGFPE: [libjvm.dylib+0x41f34e], sa_mask[0]=0xfffefeff, sa_flags=0x00000042
SIGPIPE: [libjvm.dylib+0x41f34e], sa_mask[0]=0xfffefeff, sa_flags=0x00000042
SIGXFSZ: [libjvm.dylib+0x41f34e], sa_mask[0]=0xfffefeff, sa_flags=0x00000042
SIGILL: [libjvm.dylib+0x41f34e], sa_mask[0]=0xfffefeff, sa_flags=0x00000042
SIGUSR1: SIG_DFL, sa_mask[0]=0x00000000, sa_flags=0x00000000
SIGUSR2: [libjvm.dylib+0x41ee40], sa_mask[0]=0x00000004, sa_flags=0x00000042
SIGHUP: [libjvm.dylib+0x41d0d1], sa_mask[0]=0xfffefeff, sa_flags=0x00000042
SIGINT: [libjvm.dylib+0x41d0d1], sa_mask[0]=0xfffefeff, sa_flags=0x00000042
SIGTERM: [libjvm.dylib+0x41d0d1], sa_mask[0]=0xfffefeff, sa_flags=0x00000042
SIGQUIT: [libjvm.dylib+0x41d0d1], sa_mask[0]=0xfffefeff, sa_flags=0x00000042


---------------  S Y S T E M  ---------------

OS:Bsduname:Darwin 15.3.0 Darwin Kernel Version 15.3.0: Thu Dec 10 18:40:58 PST 2015; root:xnu-3248.30.4~1/RELEASE_X86_64 x86_64
rlimit: STACK 8192k, CORE 0k, NPROC 709, NOFILE 10240, AS infinity
load average:2.25 2.28 2.14

CPU:total 8 (4 cores per cpu, 2 threads per core) family 6 model 70 stepping 1, cmov, cx8, fxsr, mmx, sse, sse2, sse3, ssse3, sse4.1, sse4.2, popcnt, avx, avx2, aes, erms, ht, tsc, tscinvbit

Memory: 4k page, physical 8388608k(2097152k free)

/proc/meminfo:


vm_info: Java HotSpot(TM) 64-Bit Server VM (24.79-b02) for bsd-amd64 JRE (1.7.0_79-b15), built on Apr 10 2015 11:35:04 by "java_re" with gcc 4.2.1 (Based on Apple Inc. build 5658) (LLVM build 2336.11.00)

time: Fri Apr 15 00:54:28 2016
elapsed time: 14 seconds

