#
# A fatal error has been detected by the Java Runtime Environment:
#
#  SIGSEGV (0xb) at pc=0x00007f727aed1158, pid=15126, tid=140129639503616
#
# JRE version: OpenJDK Runtime Environment (7.0_91-b02) (build 1.7.0_91-b02)
# Java VM: OpenJDK 64-Bit Server VM (24.91-b01 mixed mode linux-amd64 compressed oops)
# Derivative: IcedTea 2.6.3
# Distribution: Custom build (Wed Nov 18 11:18:35 UTC 2015)
# Problematic frame:
# C  [libopencv_imgproc.so.3.0+0x218158]  cvApproxPoly+0x388
#
# Failed to write core dump. Core dumps have been disabled. To enable core dumping, try "ulimit -c unlimited" before starting Java again
#
# If you would like to submit a bug report, please include
# instructions on how to reproduce the bug and visit:
#   http://icedtea.classpath.org/bugzilla
# The crash happened outside the Java Virtual Machine in native code.
# See problematic frame for where to report the bug.
#

---------------  T H R E A D  ---------------

Current thread (0x00007f7270316800):  JavaThread "SwingWorker-pool-1-thread-1" daemon [_thread_in_native, id=15151, stack(0x00007f7279529000,0x00007f727962a000)]

siginfo:si_signo=SIGSEGV: si_errno=0, si_code=1 (SEGV_MAPERR), si_addr=0x0000000000000008

Registers:
RAX=0x0000000000000000, RBX=0x00007f725cc1ff08, RCX=0x0000000000000000, RDX=0x0000000000000000
RSP=0x00007f7279627a40, RBP=0x0000000000000000, RSI=0x00000000000019e4, RDI=0xffffffffffffffff
R8 =0x000000000000cf10, R9 =0x000000000000cf31, R10=0x000000000000002e, R11=0x00007f72c7247334
R12=0x0000000000000000, R13=0x00007f725cc1f3e0, R14=0x00007f725cc25b70, R15=0x0000000000000cf2
RIP=0x00007f727aed1158, EFLAGS=0x0000000000010246, CSGSFS=0x0000000000000033, ERR=0x0000000000000004
  TRAPNO=0x000000000000000e

Top of Stack: (sp=0x00007f7279627a40)
0x00007f7279627a40:   0000000000000000 0000000000000080
0x00007f7279627a50:   40759faf60666667 0000000200000000
0x00007f7279627a60:   00007f725c000ca0 00007f7279627be0
0x00007f7279627a70:   00007f7279627b10 00007f7279627b20
0x00007f7279627a80:   00007f7279628030 00007f7279627b30
0x00007f7279627a90:   00007f727b8e5330 0000000242ff4000
0x00007f7279627aa0:   0000000000000000 0000000000000000
0x00007f7279627ab0:   0000000242ff400c 0000000000000000
0x00007f7279627ac0:   0000000000000000 0000000000000000
0x00007f7279627ad0:   0000000000000000 0000000000000000
0x00007f7279627ae0:   0000000000000000 0000000000000000
0x00007f7279627af0:   00007f7279627ab8 00007f7279627b00
0x00007f7279627b00:   0000000000000008 0000000000000008
0x00007f7279627b10:   0000000000000000 0000000000000000
0x00007f7279627b20:   0000000000000000 0000000000000000
0x00007f7279627b30:   0000000000000000 00007f7279627b00
0x00007f7279627b40:   00007f7279627b70 0000000000000500
0x00007f7279627b50:   0000000000000000 0000000000000000
0x00007f7279627b60:   3ff0000000000000 00007f7200000000
0x00007f7279627b70:   0000000000000000 0000000000000000
0x00007f7279627b80:   00000000000003d8 0000003000000030
0x00007f7279627b90:   0000030700000483 0000000200000002
0x00007f7279627ba0:   00007f72bd0003d0 00007f7200000000
0x00007f7279627bb0:   00007f7279627c60 00007f7279627d80
0x00007f7279627bc0:   0000000000000000 0000000000000000
0x00007f7279627bd0:   00007f725cbc09e0 00007f727b56dc70
0x00007f7279627be0:   00007f725cc1f3e0 00000000000019e4
0x00007f7279627bf0:   0000000000000000 0000000000000000
0x00007f7279627c00:   0000000000000000 0000000000000000
0x00007f7279627c10:   0000000000000000 0000000000000000
0x00007f7279627c20:   0000000000000000 0000000000000000
0x00007f7279627c30:   0000000000000000 0000000000000000 

Instructions: (pc=0x00007f727aed1158)
0x00007f727aed1138:   a8 01 00 00 49 63 c7 4d 8d 74 c5 00 8b 03 89 c2
0x00007f727aed1148:   c1 ea 0e 89 d1 48 8b 53 58 83 e1 01 88 4c 24 1f
0x00007f727aed1158:   48 3b 52 08 0f 84 9e 02 00 00 48 ba 00 00 00 00
0x00007f727aed1168:   ff ff ff 3f 4c 89 ee 48 89 df e8 49 9a e1 ff 8b 

Register to memory mapping:

RAX=0x0000000000000000 is an unknown value
RBX=0x00007f725cc1ff08 is an unknown value
RCX=0x0000000000000000 is an unknown value
RDX=0x0000000000000000 is an unknown value
RSP=0x00007f7279627a40 is pointing into the stack for thread: 0x00007f7270316800
RBP=0x0000000000000000 is an unknown value
RSI=0x00000000000019e4 is an unknown value
RDI=0xffffffffffffffff is an unknown value
R8 =0x000000000000cf10 is an unknown value
R9 =0x000000000000cf31 is an unknown value
R10=0x000000000000002e is an unknown value
R11=0x00007f72c7247334: <offset 0xe14334> in /usr/lib/jvm/java-7-openjdk/jre/lib/amd64/server/libjvm.so at 0x00007f72c6433000
R12=0x0000000000000000 is an unknown value
R13=0x00007f725cc1f3e0 is an unknown value
R14=0x00007f725cc25b70 is an unknown value
R15=0x0000000000000cf2 is an unknown value


Stack: [0x00007f7279529000,0x00007f727962a000],  sp=0x00007f7279627a40,  free space=1018k
Native frames: (J=compiled Java code, j=interpreted, Vv=VM code, C=native code)
C  [libopencv_imgproc.so.3.0+0x218158]  cvApproxPoly+0x388

[error occurred during error reporting (printing native stack), id 0xb]

Java frames: (J=compiled Java code, j=interpreted, Vv=VM code)
j  org.bytedeco.javacpp.opencv_imgproc.cvApproxPoly(Lorg/bytedeco/javacpp/Pointer;ILorg/bytedeco/javacpp/opencv_core$CvMemStorage;ID)Lorg/bytedeco/javacpp/opencv_core$CvSeq;+0
j  ru.ang5545.scanning_system_2.image_processing.ContourHandler.getPoints(Lorg/bytedeco/javacpp/opencv_core$CvSeq;)[Lorg/bytedeco/javacpp/opencv_core$CvPoint;+34
j  ru.ang5545.scanning_system_2.image_processing.ContourHandler.drawPoints(Lorg/bytedeco/javacpp/opencv_core$IplImage;)V+34
j  ru.ang5545.scanning_system_2.image_processing.ImageHandler.processImage(Lorg/bytedeco/javacpp/opencv_core$IplImage;Lru/ang5545/model/ThresholdParameters;Lru/ang5545/model/ThresholdParameters;Lru/ang5545/model/ThresholdParameters;)V+98
j  ru.ang5545.scanning_system_2.gui.MainFrame$AnswerWorker.doInBackground()Ljava/lang/String;+61
j  ru.ang5545.scanning_system_2.gui.MainFrame$AnswerWorker.doInBackground()Ljava/lang/Object;+1
j  javax.swing.SwingWorker$1.call()Ljava/lang/Object;+14
j  java.util.concurrent.FutureTask.run()V+42
j  javax.swing.SwingWorker.run()V+4
j  java.util.concurrent.ThreadPoolExecutor.runWorker(Ljava/util/concurrent/ThreadPoolExecutor$Worker;)V+95
j  java.util.concurrent.ThreadPoolExecutor$Worker.run()V+5
j  java.lang.Thread.run()V+11
v  ~StubRoutines::call_stub

---------------  P R O C E S S  ---------------

Java Threads: ( => current thread )
=>0x00007f7270316800 JavaThread "SwingWorker-pool-1-thread-1" daemon [_thread_in_native, id=15151, stack(0x00007f7279529000,0x00007f727962a000)]
  0x00007f7270236800 JavaThread "TimerQueue" daemon [_thread_blocked, id=15149, stack(0x00007f727a147000,0x00007f727a248000)]
  0x00007f72c0009800 JavaThread "DestroyJavaVM" [_thread_blocked, id=15128, stack(0x00007f72c7f2f000,0x00007f72c8030000)]
  0x00007f72c028a000 JavaThread "AWT-EventQueue-0" [_thread_blocked, id=15147, stack(0x00007f727b9ed000,0x00007f727baee000)]
  0x00007f72c0289000 JavaThread "AWT-Shutdown" [_thread_blocked, id=15146, stack(0x00007f727baee000,0x00007f727bbef000)]
  0x00007f72c0285000 JavaThread "AWT-XAWT" daemon [_thread_in_native, id=15145, stack(0x00007f72800fd000,0x00007f72801fe000)]
  0x00007f72c026a000 JavaThread "Java2D Disposer" daemon [_thread_blocked, id=15144, stack(0x00007f72801fe000,0x00007f72802ff000)]
  0x00007f72c00ad800 JavaThread "Service Thread" daemon [_thread_blocked, id=15142, stack(0x00007f72ab24a000,0x00007f72ab34b000)]
  0x00007f72c00ab800 JavaThread "C2 CompilerThread1" daemon [_thread_blocked, id=15141, stack(0x00007f72ab34b000,0x00007f72ab44c000)]
  0x00007f72c00a8800 JavaThread "C2 CompilerThread0" daemon [_thread_blocked, id=15140, stack(0x00007f72ab44c000,0x00007f72ab54d000)]
  0x00007f72c00a6000 JavaThread "Signal Dispatcher" daemon [_thread_blocked, id=15139, stack(0x00007f72ab54d000,0x00007f72ab64e000)]
  0x00007f72c007b000 JavaThread "Finalizer" daemon [_thread_blocked, id=15138, stack(0x00007f72ab94c000,0x00007f72aba4d000)]
  0x00007f72c0079000 JavaThread "Reference Handler" daemon [_thread_blocked, id=15137, stack(0x00007f72aba4d000,0x00007f72abb4e000)]

Other Threads:
  0x00007f72c0075000 VMThread [stack: 0x00007f72abb4e000,0x00007f72abc4f000] [id=15136]
  0x00007f72c00c0800 WatcherThread [stack: 0x00007f72ab149000,0x00007f72ab24a000] [id=15143]

VM state:not at safepoint (normal execution)

VM Mutex/Monitor currently owned by a thread: None

Heap
 PSYoungGen      total 78848K, used 29768K [0x00000007d7000000, 0x00000007e5880000, 0x0000000800000000)
  eden space 76800K, 36% used [0x00000007d7000000,0x00000007d8b707d8,0x00000007dbb00000)
  from space 2048K, 81% used [0x00000007e5200000,0x00000007e53a1a08,0x00000007e5400000)
  to   space 4096K, 0% used [0x00000007e5480000,0x00000007e5480000,0x00000007e5880000)
 ParOldGen       total 83968K, used 14181K [0x0000000785000000, 0x000000078a200000, 0x00000007d7000000)
  object space 83968K, 16% used [0x0000000785000000,0x0000000785dd9408,0x000000078a200000)
 PSPermGen       total 21504K, used 14857K [0x000000077aa00000, 0x000000077bf00000, 0x0000000785000000)
  object space 21504K, 69% used [0x000000077aa00000,0x000000077b882678,0x000000077bf00000)

Card table byte_map: [0x00007f72c4d14000,0x00007f72c5140000] byte_map_base: 0x00007f72c113f000

Polling page: 0x00007f72c8068000

Code Cache  [0x00007f72bd000000, 0x00007f72bd270000, 0x00007f72c0000000)
 total_blobs=780 nmethods=201 adapters=532 free_code_cache=48179Kb largest_free_block=49294528

Compilation events (10 events):
Event: 12,214 Thread 0x00007f72c00a8800  205             sun.awt.geom.Order1::compareTo (347 bytes)
Event: 12,214 Thread 0x00007f72c00ab800  206             sun.awt.geom.Order1::XforY (72 bytes)
Event: 12,214 Thread 0x00007f72c00ab800 nmethod 206 0x00007f72bd0ee910 code [0x00007f72bd0eea40, 0x00007f72bd0eeaf8]
Event: 12,215 Thread 0x00007f72c00a8800 nmethod 205 0x00007f72bd0f0050 code [0x00007f72bd0f01e0, 0x00007f72bd0f0578]
Event: 12,452 Thread 0x00007f72c00ab800  207             java.awt.geom.AffineTransform::translate (546 bytes)
Event: 12,454 Thread 0x00007f72c00ab800 nmethod 207 0x00007f72bd0c6550 code [0x00007f72bd0c66e0, 0x00007f72bd0c6ac8]
Event: 12,649 Thread 0x00007f72c00a8800  208             sun.font.CompositeGlyphMapper::charsToGlyphsNS (158 bytes)
Event: 12,649 Thread 0x00007f72c00ab800  209             sun.font.FileFontStrike::getSlot0GlyphImagePtrs (128 bytes)
Event: 12,652 Thread 0x00007f72c00a8800 nmethod 208 0x00007f72bd0c6f50 code [0x00007f72bd0c70a0, 0x00007f72bd0c7498]
Event: 12,652 Thread 0x00007f72c00ab800 nmethod 209 0x00007f72bd0ef550 code [0x00007f72bd0ef6c0, 0x00007f72bd0efb98]

GC Heap History (10 events):
Event: 10,418 GC heap before
{Heap before GC invocations=17 (full 0):
 PSYoungGen      total 92672K, used 92006K [0x00000007d7000000, 0x00000007e6080000, 0x0000000800000000)
  eden space 91136K, 99% used [0x00000007d7000000,0x00000007dc887998,0x00000007dc900000)
  from space 1536K, 88% used [0x00000007e5f00000,0x00000007e6052218,0x00000007e6080000)
  to   space 4608K, 0% used [0x00000007e5780000,0x00000007e5780000,0x00000007e5c00000)
 ParOldGen       total 83968K, used 14077K [0x0000000785000000, 0x000000078a200000, 0x00000007d7000000)
  object space 83968K, 16% used [0x0000000785000000,0x0000000785dbf408,0x000000078a200000)
 PSPermGen       total 21504K, used 14843K [0x000000077aa00000, 0x000000077bf00000, 0x0000000785000000)
  object space 21504K, 69% used [0x000000077aa00000,0x000000077b87eea0,0x000000077bf00000)
Event: 10,419 GC heap after
Heap after GC invocations=17 (full 0):
 PSYoungGen      total 90112K, used 1559K [0x00000007d7000000, 0x00000007e5f80000, 0x0000000800000000)
  eden space 88064K, 0% used [0x00000007d7000000,0x00000007d7000000,0x00000007dc600000)
  from space 2048K, 76% used [0x00000007e5780000,0x00000007e5905c00,0x00000007e5980000)
  to   space 4096K, 0% used [0x00000007e5b80000,0x00000007e5b80000,0x00000007e5f80000)
 ParOldGen       total 83968K, used 14101K [0x0000000785000000, 0x000000078a200000, 0x00000007d7000000)
  object space 83968K, 16% used [0x0000000785000000,0x0000000785dc5408,0x000000078a200000)
 PSPermGen       total 21504K, used 14843K [0x000000077aa00000, 0x000000077bf00000, 0x0000000785000000)
  object space 21504K, 69% used [0x000000077aa00000,0x000000077b87eea0,0x000000077bf00000)
}
Event: 10,957 GC heap before
{Heap before GC invocations=18 (full 0):
 PSYoungGen      total 90112K, used 89332K [0x00000007d7000000, 0x00000007e5f80000, 0x0000000800000000)
  eden space 88064K, 99% used [0x00000007d7000000,0x00000007dc5b7748,0x00000007dc600000)
  from space 2048K, 76% used [0x00000007e5780000,0x00000007e5905c00,0x00000007e5980000)
  to   space 4096K, 0% used [0x00000007e5b80000,0x00000007e5b80000,0x00000007e5f80000)
 ParOldGen       total 83968K, used 14101K [0x0000000785000000, 0x000000078a200000, 0x00000007d7000000)
  object space 83968K, 16% used [0x0000000785000000,0x0000000785dc5408,0x000000078a200000)
 PSPermGen       total 21504K, used 14847K [0x000000077aa00000, 0x000000077bf00000, 0x0000000785000000)
  object space 21504K, 69% used [0x000000077aa00000,0x000000077b87fe70,0x000000077bf00000)
Event: 10,958 GC heap after
Heap after GC invocations=18 (full 0):
 PSYoungGen      total 87040K, used 1591K [0x00000007d7000000, 0x00000007e5d80000, 0x0000000800000000)
  eden space 84992K, 0% used [0x00000007d7000000,0x00000007d7000000,0x00000007dc300000)
  from space 2048K, 77% used [0x00000007e5b80000,0x00000007e5d0dc00,0x00000007e5d80000)
  to   space 4096K, 0% used [0x00000007e5580000,0x00000007e5580000,0x00000007e5980000)
 ParOldGen       total 83968K, used 14133K [0x0000000785000000, 0x000000078a200000, 0x00000007d7000000)
  object space 83968K, 16% used [0x0000000785000000,0x0000000785dcd408,0x000000078a200000)
 PSPermGen       total 21504K, used 14847K [0x000000077aa00000, 0x000000077bf00000, 0x0000000785000000)
  object space 21504K, 69% used [0x000000077aa00000,0x000000077b87fe70,0x000000077bf00000)
}
Event: 11,507 GC heap before
{Heap before GC invocations=19 (full 0):
 PSYoungGen      total 87040K, used 84224K [0x00000007d7000000, 0x00000007e5d80000, 0x0000000800000000)
  eden space 84992K, 97% used [0x00000007d7000000,0x00000007dc0b2568,0x00000007dc300000)
  from space 2048K, 77% used [0x00000007e5b80000,0x00000007e5d0dc00,0x00000007e5d80000)
  to   space 4096K, 0% used [0x00000007e5580000,0x00000007e5580000,0x00000007e5980000)
 ParOldGen       total 83968K, used 14133K [0x0000000785000000, 0x000000078a200000, 0x00000007d7000000)
  object space 83968K, 16% used [0x0000000785000000,0x0000000785dcd408,0x000000078a200000)
 PSPermGen       total 21504K, used 14854K [0x000000077aa00000, 0x000000077bf00000, 0x0000000785000000)
  object space 21504K, 69% used [0x000000077aa00000,0x000000077b8818c8,0x000000077bf00000)
Event: 11,509 GC heap after
Heap after GC invocations=19 (full 0):
 PSYoungGen      total 83456K, used 1082K [0x00000007d7000000, 0x00000007e5c00000, 0x0000000800000000)
  eden space 81920K, 0% used [0x00000007d7000000,0x00000007d7000000,0x00000007dc000000)
  from space 1536K, 70% used [0x00000007e5580000,0x00000007e568e830,0x00000007e5700000)
  to   space 4096K, 0% used [0x00000007e5800000,0x00000007e5800000,0x00000007e5c00000)
 ParOldGen       total 83968K, used 14149K [0x0000000785000000, 0x000000078a200000, 0x00000007d7000000)
  object space 83968K, 16% used [0x0000000785000000,0x0000000785dd1408,0x000000078a200000)
 PSPermGen       total 21504K, used 14854K [0x000000077aa00000, 0x000000077bf00000, 0x0000000785000000)
  object space 21504K, 69% used [0x000000077aa00000,0x000000077b8818c8,0x000000077bf00000)
}
Event: 12,022 GC heap before
{Heap before GC invocations=20 (full 0):
 PSYoungGen      total 83456K, used 80113K [0x00000007d7000000, 0x00000007e5c00000, 0x0000000800000000)
  eden space 81920K, 96% used [0x00000007d7000000,0x00000007dbd2dd68,0x00000007dc000000)
  from space 1536K, 70% used [0x00000007e5580000,0x00000007e568e830,0x00000007e5700000)
  to   space 4096K, 0% used [0x00000007e5800000,0x00000007e5800000,0x00000007e5c00000)
 ParOldGen       total 83968K, used 14149K [0x0000000785000000, 0x000000078a200000, 0x00000007d7000000)
  object space 83968K, 16% used [0x0000000785000000,0x0000000785dd1408,0x000000078a200000)
 PSPermGen       total 21504K, used 14856K [0x000000077aa00000, 0x000000077bf00000, 0x0000000785000000)
  object space 21504K, 69% used [0x000000077aa00000,0x000000077b882008,0x000000077bf00000)
Event: 12,023 GC heap after
Heap after GC invocations=20 (full 0):
 PSYoungGen      total 81408K, used 1829K [0x00000007d7000000, 0x00000007e5a00000, 0x0000000800000000)
  eden space 79360K, 0% used [0x00000007d7000000,0x00000007d7000000,0x00000007dbd80000)
  from space 2048K, 89% used [0x00000007e5800000,0x00000007e59c9618,0x00000007e5a00000)
  to   space 4096K, 0% used [0x00000007e5200000,0x00000007e5200000,0x00000007e5600000)
 ParOldGen       total 83968K, used 14157K [0x0000000785000000, 0x000000078a200000, 0x00000007d7000000)
  object space 83968K, 16% used [0x0000000785000000,0x0000000785dd3408,0x000000078a200000)
 PSPermGen       total 21504K, used 14856K [0x000000077aa00000, 0x000000077bf00000, 0x0000000785000000)
  object space 21504K, 69% used [0x000000077aa00000,0x000000077b882008,0x000000077bf00000)
}
Event: 12,542 GC heap before
{Heap before GC invocations=21 (full 0):
 PSYoungGen      total 81408K, used 80566K [0x00000007d7000000, 0x00000007e5a00000, 0x0000000800000000)
  eden space 79360K, 99% used [0x00000007d7000000,0x00000007dbce4570,0x00000007dbd80000)
  from space 2048K, 89% used [0x00000007e5800000,0x00000007e59c9618,0x00000007e5a00000)
  to   space 4096K, 0% used [0x00000007e5200000,0x00000007e5200000,0x00000007e5600000)
 ParOldGen       total 83968K, used 14157K [0x0000000785000000, 0x000000078a200000, 0x00000007d7000000)
  object space 83968K, 16% used [0x0000000785000000,0x0000000785dd3408,0x000000078a200000)
 PSPermGen       total 21504K, used 14857K [0x000000077aa00000, 0x000000077bf00000, 0x0000000785000000)
  object space 21504K, 69% used [0x000000077aa00000,0x000000077b882408,0x000000077bf00000)
Event: 12,543 GC heap after
Heap after GC invocations=21 (full 0):
 PSYoungGen      total 78848K, used 1670K [0x00000007d7000000, 0x00000007e5880000, 0x0000000800000000)
  eden space 76800K, 0% used [0x00000007d7000000,0x00000007d7000000,0x00000007dbb00000)
  from space 2048K, 81% used [0x00000007e5200000,0x00000007e53a1a08,0x00000007e5400000)
  to   space 4096K, 0% used [0x00000007e5480000,0x00000007e5480000,0x00000007e5880000)
 ParOldGen       total 83968K, used 14181K [0x0000000785000000, 0x000000078a200000, 0x00000007d7000000)
  object space 83968K, 16% used [0x0000000785000000,0x0000000785dd9408,0x000000078a200000)
 PSPermGen       total 21504K, used 14857K [0x000000077aa00000, 0x000000077bf00000, 0x0000000785000000)
  object space 21504K, 69% used [0x000000077aa00000,0x000000077b882408,0x000000077bf00000)
}

Deoptimization events (10 events):
Event: 2,085 Thread 0x00007f7270316800 Uncommon trap: reason=unstable_if action=reinterpret pc=0x00007f72bd0bf9c0 method=ru.ang5545.scanning_system_2.image_processing.ChannelHandler.sumChannels(Lorg/bytedeco/javacpp/opencv_core$IplImage;Lorg/bytedeco/javacpp/opencv_core$IplImage;Lorg/bytedeco/
Event: 2,086 Thread 0x00007f7270316800 Uncommon trap: reason=unstable_if action=reinterpret pc=0x00007f72bd0b0348 method=ru.ang5545.scanning_system_2.image_processing.ChannelHandler.sumChannels(Lorg/bytedeco/javacpp/opencv_core$IplImage;Lorg/bytedeco/javacpp/opencv_core$IplImage;Lorg/bytedeco/
Event: 2,354 Thread 0x00007f7270316800 Uncommon trap: reason=unstable_if action=reinterpret pc=0x00007f72bd0c163c method=ru.ang5545.scanning_system_2.image_processing.ChannelHandler.sumChannels(Lorg/bytedeco/javacpp/opencv_core$IplImage;Lorg/bytedeco/javacpp/opencv_core$IplImage;Lorg/bytedeco/
Event: 4,468 Thread 0x00007f72c028a000 Uncommon trap: reason=predicate action=maybe_recompile pc=0x00007f72bd0c5bec method=java.util.TimSort.binarySort([Ljava/lang/Object;IIILjava/util/Comparator;)V @ 37
Event: 6,162 Thread 0x00007f72c028a000 Uncommon trap: reason=array_check action=maybe_recompile pc=0x00007f72bd0d9064 method=java.util.TimSort.binarySort([Ljava/lang/Object;IIILjava/util/Comparator;)V @ 215
Event: 6,162 Thread 0x00007f72c028a000 Uncommon trap: reason=array_check action=maybe_recompile pc=0x00007f72bd0d92bc method=java.util.TimSort.binarySort([Ljava/lang/Object;IIILjava/util/Comparator;)V @ 183
Event: 6,172 Thread 0x00007f72c028a000 Uncommon trap: reason=array_check action=maybe_recompile pc=0x00007f72bd0d9064 method=java.util.TimSort.binarySort([Ljava/lang/Object;IIILjava/util/Comparator;)V @ 215
Event: 6,172 Thread 0x00007f72c028a000 Uncommon trap: reason=array_check action=maybe_recompile pc=0x00007f72bd0d92bc method=java.util.TimSort.binarySort([Ljava/lang/Object;IIILjava/util/Comparator;)V @ 183
Event: 7,750 Thread 0x00007f72c028a000 Uncommon trap: reason=array_check action=maybe_recompile pc=0x00007f72bd0df9a0 method=java.util.TimSort.binarySort([Ljava/lang/Object;IIILjava/util/Comparator;)V @ 193
Event: 7,750 Thread 0x00007f72c028a000 Uncommon trap: reason=array_check action=maybe_recompile pc=0x00007f72bd0df9a0 method=java.util.TimSort.binarySort([Ljava/lang/Object;IIILjava/util/Comparator;)V @ 193

Internal exceptions (10 events):
Event: 1,468 Thread 0x00007f72c028a000 Threw 0x00000007d81f5400 at /build/java7-openjdk/src/icedtea-2.6.3/openjdk/hotspot/src/share/vm/prims/jvm.cpp:1322
Event: 1,469 Thread 0x00007f72c028a000 Threw 0x00000007d81fc2b8 at /build/java7-openjdk/src/icedtea-2.6.3/openjdk/hotspot/src/share/vm/prims/jvm.cpp:1322
Event: 1,469 Thread 0x00007f72c028a000 Threw 0x00000007d8202850 at /build/java7-openjdk/src/icedtea-2.6.3/openjdk/hotspot/src/share/vm/prims/jvm.cpp:1322
Event: 1,470 Thread 0x00007f72c028a000 Threw 0x00000007d8209678 at /build/java7-openjdk/src/icedtea-2.6.3/openjdk/hotspot/src/share/vm/prims/jvm.cpp:1322
Event: 1,470 Thread 0x00007f72c028a000 Threw 0x00000007d820f038 at /build/java7-openjdk/src/icedtea-2.6.3/openjdk/hotspot/src/share/vm/prims/jvm.cpp:1322
Event: 1,470 Thread 0x00007f72c028a000 Threw 0x00000007d8214290 at /build/java7-openjdk/src/icedtea-2.6.3/openjdk/hotspot/src/share/vm/prims/jvm.cpp:1322
Event: 1,471 Thread 0x00007f72c028a000 Threw 0x00000007d8219d58 at /build/java7-openjdk/src/icedtea-2.6.3/openjdk/hotspot/src/share/vm/prims/jvm.cpp:1322
Event: 1,504 Thread 0x00007f72c028a000 Threw 0x00000007d8260cd0 at /build/java7-openjdk/src/icedtea-2.6.3/openjdk/hotspot/src/share/vm/prims/jvm.cpp:1322
Event: 1,506 Thread 0x00007f72c028a000 Threw 0x00000007d8265248 at /build/java7-openjdk/src/icedtea-2.6.3/openjdk/hotspot/src/share/vm/prims/jvm.cpp:1322
Event: 1,580 Thread 0x00007f7270316800 Threw 0x00000007d83640e0 at /build/java7-openjdk/src/icedtea-2.6.3/openjdk/hotspot/src/share/vm/prims/jvm.cpp:1322

Events (10 events):
Event: 10,420 Executing VM operation: ParallelGCFailedAllocation done
Event: 10,957 Executing VM operation: ParallelGCFailedAllocation
Event: 10,958 Executing VM operation: ParallelGCFailedAllocation done
Event: 11,285 Thread 0x00007f72c00a8800 flushing nmethod 0x00007f72bd0c1110
Event: 11,501 Executing VM operation: ParallelGCFailedAllocation
Event: 11,509 Executing VM operation: ParallelGCFailedAllocation done
Event: 12,022 Executing VM operation: ParallelGCFailedAllocation
Event: 12,023 Executing VM operation: ParallelGCFailedAllocation done
Event: 12,542 Executing VM operation: ParallelGCFailedAllocation
Event: 12,543 Executing VM operation: ParallelGCFailedAllocation done


Dynamic libraries:
00400000-00401000 r-xp 00000000 08:02 15742080                           /usr/lib/jvm/java-7-openjdk/jre/bin/java
00600000-00601000 rw-p 00000000 08:02 15742080                           /usr/lib/jvm/java-7-openjdk/jre/bin/java
01daa000-01dcb000 rw-p 00000000 00:00 0                                  [heap]
77aa00000-77bf00000 rw-p 00000000 00:00 0 
77bf00000-785000000 rw-p 00000000 00:00 0 
785000000-78a200000 rw-p 00000000 00:00 0 
78a200000-7d7000000 rw-p 00000000 00:00 0 
7d7000000-7e5880000 rw-p 00000000 00:00 0 
7e5880000-7e7000000 ---p 00000000 00:00 0 
7e7000000-800000000 rw-p 00000000 00:00 0 
7f725c000000-7f725ce19000 rw-p 00000000 00:00 0 
7f725ce19000-7f7260000000 ---p 00000000 00:00 0 
7f72637ff000-7f7263800000 ---p 00000000 00:00 0 
7f7263800000-7f7264000000 rw-p 00000000 00:00 0                          [stack:15154]
7f7264000000-7f7264021000 rw-p 00000000 00:00 0 
7f7264021000-7f7268000000 ---p 00000000 00:00 0 
7f7268000000-7f7268021000 rw-p 00000000 00:00 0 
7f7268021000-7f726c000000 ---p 00000000 00:00 0 
7f726c000000-7f726c021000 rw-p 00000000 00:00 0 
7f726c021000-7f7270000000 ---p 00000000 00:00 0 
7f7270000000-7f7270c0f000 rw-p 00000000 00:00 0 
7f7270c0f000-7f7274000000 ---p 00000000 00:00 0 
7f7274000000-7f7274021000 rw-p 00000000 00:00 0 
7f7274021000-7f7278000000 ---p 00000000 00:00 0 
7f7278527000-7f7278528000 ---p 00000000 00:00 0 
7f7278528000-7f7278d28000 rw-p 00000000 00:00 0                          [stack:15153]
7f7278d28000-7f7278d29000 ---p 00000000 00:00 0 
7f7278d29000-7f7279529000 rw-p 00000000 00:00 0                          [stack:15152]
7f7279529000-7f727952c000 ---p 00000000 00:00 0 
7f727952c000-7f727962a000 rw-p 00000000 00:00 0                          [stack:15151]
7f727962a000-7f7279644000 r-xp 00000000 00:22 109                        /tmp/javacpp25938047301740/libjniopencv_imgcodecs.so
7f7279644000-7f7279843000 ---p 0001a000 00:22 109                        /tmp/javacpp25938047301740/libjniopencv_imgcodecs.so
7f7279843000-7f7279844000 rw-p 00019000 00:22 109                        /tmp/javacpp25938047301740/libjniopencv_imgcodecs.so
7f7279844000-7f7279add000 r-xp 00000000 00:22 108                        /tmp/javacpp25938047301740/libopencv_imgcodecs.so.3.0
7f7279add000-7f7279cdd000 ---p 00299000 00:22 108                        /tmp/javacpp25938047301740/libopencv_imgcodecs.so.3.0
7f7279cdd000-7f7279cea000 rw-p 00299000 00:22 108                        /tmp/javacpp25938047301740/libopencv_imgcodecs.so.3.0
7f7279cea000-7f7279cf5000 rw-p 00000000 00:00 0 
7f7279cf5000-7f7279dad000 r-xp 00000000 00:22 107                        /tmp/javacpp25938047301740/libjniopencv_imgproc.so
7f7279dad000-7f7279fac000 ---p 000b8000 00:22 107                        /tmp/javacpp25938047301740/libjniopencv_imgproc.so
7f7279fac000-7f7279fae000 rw-p 000b7000 00:22 107                        /tmp/javacpp25938047301740/libjniopencv_imgproc.so
7f7279fae000-7f727a147000 rw-s 00000000 00:05 30048278                   /SYSV00000000 (deleted)
7f727a147000-7f727a14a000 ---p 00000000 00:00 0 
7f727a14a000-7f727a248000 rw-p 00000000 00:00 0                          [stack:15149]
7f727a248000-7f727a258000 r-xp 00000000 08:02 15742055                   /usr/lib/jvm/java-7-openjdk/jre/lib/amd64/libnio.so
7f727a258000-7f727a458000 ---p 00010000 08:02 15742055                   /usr/lib/jvm/java-7-openjdk/jre/lib/amd64/libnio.so
7f727a458000-7f727a459000 rw-p 00010000 08:02 15742055                   /usr/lib/jvm/java-7-openjdk/jre/lib/amd64/libnio.so
7f727a459000-7f727a470000 r-xp 00000000 08:02 15742054                   /usr/lib/jvm/java-7-openjdk/jre/lib/amd64/libnet.so
7f727a470000-7f727a670000 ---p 00017000 08:02 15742054                   /usr/lib/jvm/java-7-openjdk/jre/lib/amd64/libnet.so
7f727a670000-7f727a671000 rw-p 00017000 08:02 15742054                   /usr/lib/jvm/java-7-openjdk/jre/lib/amd64/libnet.so
7f727a671000-7f727a6c3000 r-xp 00000000 08:02 15742070                   /usr/lib/jvm/java-7-openjdk/jre/lib/amd64/libfontmanager.so
7f727a6c3000-7f727a8c3000 ---p 00052000 08:02 15742070                   /usr/lib/jvm/java-7-openjdk/jre/lib/amd64/libfontmanager.so
7f727a8c3000-7f727a8c6000 rw-p 00052000 08:02 15742070                   /usr/lib/jvm/java-7-openjdk/jre/lib/amd64/libfontmanager.so
7f727a8c6000-7f727aab6000 r-xp 00000000 00:22 106                        /tmp/javacpp25938047301740/libjniopencv_core.so
7f727aab6000-7f727acb6000 ---p 001f0000 00:22 106                        /tmp/javacpp25938047301740/libjniopencv_core.so
7f727acb6000-7f727acb9000 rw-p 001f0000 00:22 106                        /tmp/javacpp25938047301740/libjniopencv_core.so
7f727acb9000-7f727af83000 r-xp 00000000 00:22 105                        /tmp/javacpp25938047301740/libopencv_imgproc.so.3.0
7f727af83000-7f727b183000 ---p 002ca000 00:22 105                        /tmp/javacpp25938047301740/libopencv_imgproc.so.3.0
7f727b183000-7f727b195000 rw-p 002ca000 00:22 105                        /tmp/javacpp25938047301740/libopencv_imgproc.so.3.0
7f727b195000-7f727b22a000 rw-p 00000000 00:00 0 
7f727b22a000-7f727b24b000 r-xp 00000000 08:02 14947461                   /usr/lib/libgomp.so.1.0.0
7f727b24b000-7f727b44b000 ---p 00021000 08:02 14947461                   /usr/lib/libgomp.so.1.0.0
7f727b44b000-7f727b44c000 rw-p 00021000 08:02 14947461                   /usr/lib/libgomp.so.1.0.0
7f727b44c000-7f727b6e3000 r-xp 00000000 00:22 104                        /tmp/javacpp25938047301740/libopencv_core.so.3.0
7f727b6e3000-7f727b8e2000 ---p 00297000 00:22 104                        /tmp/javacpp25938047301740/libopencv_core.so.3.0
7f727b8e2000-7f727b8e9000 rw-p 00296000 00:22 104                        /tmp/javacpp25938047301740/libopencv_core.so.3.0
7f727b8e9000-7f727b8ec000 rw-p 00000000 00:00 0 
7f727b8ec000-7f727b8ef000 ---p 00000000 00:00 0 
7f727b8ef000-7f727b9ed000 rw-p 00000000 00:00 0 
7f727b9ed000-7f727b9f0000 ---p 00000000 00:00 0 
7f727b9f0000-7f727baee000 rw-p 00000000 00:00 0                          [stack:15147]
7f727baee000-7f727baf1000 ---p 00000000 00:00 0 
7f727baf1000-7f727bbef000 rw-p 00000000 00:00 0                          [stack:15146]
7f727bbef000-7f727bbf4000 r-xp 00000000 08:02 14947362                   /usr/lib/libXfixes.so.3.1.0
7f727bbf4000-7f727bdf3000 ---p 00005000 08:02 14947362                   /usr/lib/libXfixes.so.3.1.0
7f727bdf3000-7f727bdf4000 r--p 00004000 08:02 14947362                   /usr/lib/libXfixes.so.3.1.0
7f727bdf4000-7f727bdf5000 rw-p 00005000 08:02 14947362                   /usr/lib/libXfixes.so.3.1.0
7f727bdf5000-7f727bdff000 r-xp 00000000 08:02 14955981                   /usr/lib/libXcursor.so.1.0.2
7f727bdff000-7f727bffe000 ---p 0000a000 08:02 14955981                   /usr/lib/libXcursor.so.1.0.2
7f727bffe000-7f727bfff000 r--p 00009000 08:02 14955981                   /usr/lib/libXcursor.so.1.0.2
7f727bfff000-7f727c000000 rw-p 0000a000 08:02 14955981                   /usr/lib/libXcursor.so.1.0.2
7f727c000000-7f727c021000 rw-p 00000000 00:00 0 
7f727c021000-7f7280000000 ---p 00000000 00:00 0 
7f72800fd000-7f7280100000 ---p 00000000 00:00 0 
7f7280100000-7f72801fe000 rw-p 00000000 00:00 0                          [stack:15145]
7f72801fe000-7f7280201000 ---p 00000000 00:00 0 
7f7280201000-7f72802ff000 rw-p 00000000 00:00 0                          [stack:15144]
7f72802ff000-7f7280303000 r-xp 00000000 08:02 14947376                   /usr/lib/libattr.so.1.1.0
7f7280303000-7f7280502000 ---p 00004000 08:02 14947376                   /usr/lib/libattr.so.1.1.0
7f7280502000-7f7280503000 r--p 00003000 08:02 14947376                   /usr/lib/libattr.so.1.1.0
7f7280503000-7f7280504000 rw-p 00004000 08:02 14947376                   /usr/lib/libattr.so.1.1.0
7f7280504000-7f7280508000 r-xp 00000000 08:02 14947386                   /usr/lib/libcap.so.2.24
7f7280508000-7f7280707000 ---p 00004000 08:02 14947386                   /usr/lib/libcap.so.2.24
7f7280707000-7f7280708000 rw-p 00003000 08:02 14947386                   /usr/lib/libcap.so.2.24
7f7280708000-7f728071a000 r-xp 00000000 08:02 14947462                   /usr/lib/libgpg-error.so.0.16.0
7f728071a000-7f7280919000 ---p 00012000 08:02 14947462                   /usr/lib/libgpg-error.so.0.16.0
7f7280919000-7f728091a000 r--p 00011000 08:02 14947462                   /usr/lib/libgpg-error.so.0.16.0
7f728091a000-7f728091b000 rw-p 00012000 08:02 14947462                   /usr/lib/libgpg-error.so.0.16.0
7f728091b000-7f72809f3000 r-xp 00000000 08:02 14947444                   /usr/lib/libgcrypt.so.20.0.4
7f72809f3000-7f7280bf3000 ---p 000d8000 08:02 14947444                   /usr/lib/libgcrypt.so.20.0.4
7f7280bf3000-7f7280bf4000 r--p 000d8000 08:02 14947444                   /usr/lib/libgcrypt.so.20.0.4
7f7280bf4000-7f7280bfc000 rw-p 000d9000 08:02 14947444                   /usr/lib/libgcrypt.so.20.0.4
7f7280bfc000-7f7280bfd000 rw-p 00000000 00:00 0 
7f7280bfd000-7f7280c0e000 r-xp 00000000 08:02 14947501                   /usr/lib/liblz4.so.1.7.1
7f7280c0e000-7f7280e0d000 ---p 00011000 08:02 14947501                   /usr/lib/liblz4.so.1.7.1
7f7280e0d000-7f7280e0e000 r--p 00010000 08:02 14947501                   /usr/lib/liblz4.so.1.7.1
7f7280e0e000-7f7280e0f000 rw-p 00011000 08:02 14947501                   /usr/lib/liblz4.so.1.7.1
7f7280e0f000-7f7280e34000 r-xp 00000000 08:02 14943014                   /usr/lib/liblzma.so.5.2.2
7f7280e34000-7f7281033000 ---p 00025000 08:02 14943014                   /usr/lib/liblzma.so.5.2.2
7f7281033000-7f7281034000 r--p 00024000 08:02 14943014                   /usr/lib/liblzma.so.5.2.2
7f7281034000-7f7281035000 rw-p 00025000 08:02 14943014                   /usr/lib/liblzma.so.5.2.2
7f7281035000-7f728105e000 r-xp 00000000 08:02 14955009                   /usr/lib/libgraphite2.so.3.0.1
7f728105e000-7f728125d000 ---p 00029000 08:02 14955009                   /usr/lib/libgraphite2.so.3.0.1
7f728125d000-7f728125f000 r--p 00028000 08:02 14955009                   /usr/lib/libgraphite2.so.3.0.1
7f728125f000-7f7281260000 rw-p 0002a000 08:02 14955009                   /usr/lib/libgraphite2.so.3.0.1
7f7281260000-7f72812f1000 r-xp 00000000 08:02 14945771                   /usr/lib/libgmp.so.10.3.0
7f72812f1000-7f72814f1000 ---p 00091000 08:02 14945771                   /usr/lib/libgmp.so.10.3.0
7f72814f1000-7f72814f2000 r--p 00091000 08:02 14945771                   /usr/lib/libgmp.so.10.3.0
7f72814f2000-7f72814f3000 rw-p 00092000 08:02 14945771                   /usr/lib/libgmp.so.10.3.0
7f72814f3000-7f7281525000 r-xp 00000000 08:02 14947473                   /usr/lib/libhogweed.so.4.1
7f7281525000-7f7281725000 ---p 00032000 08:02 14947473                   /usr/lib/libhogweed.so.4.1
7f7281725000-7f7281726000 r--p 00032000 08:02 14947473                   /usr/lib/libhogweed.so.4.1
7f7281726000-7f7281727000 rw-p 00033000 08:02 14947473                   /usr/lib/libhogweed.so.4.1
7f7281727000-7f728175d000 r-xp 00000000 08:02 14947524                   /usr/lib/libnettle.so.6.1
7f728175d000-7f728195c000 ---p 00036000 08:02 14947524                   /usr/lib/libnettle.so.6.1
7f728195c000-7f728195e000 r--p 00035000 08:02 14947524                   /usr/lib/libnettle.so.6.1
7f728195e000-7f728195f000 rw-p 00037000 08:02 14947524                   /usr/lib/libnettle.so.6.1
7f728195f000-7f7281971000 r-xp 00000000 08:02 14947613                   /usr/lib/libtasn1.so.6.5.1
7f7281971000-7f7281b70000 ---p 00012000 08:02 14947613                   /usr/lib/libtasn1.so.6.5.1
7f7281b70000-7f7281b71000 r--p 00011000 08:02 14947613                   /usr/lib/libtasn1.so.6.5.1
7f7281b71000-7f7281b72000 rw-p 00012000 08:02 14947613                   /usr/lib/libtasn1.so.6.5.1
7f7281b72000-7f7281bcc000 r-xp 00000000 08:02 14947558                   /usr/lib/libp11-kit.so.0.1.0
7f7281bcc000-7f7281dcb000 ---p 0005a000 08:02 14947558                   /usr/lib/libp11-kit.so.0.1.0
7f7281dcb000-7f7281dd5000 r--p 00059000 08:02 14947558                   /usr/lib/libp11-kit.so.0.1.0
7f7281dd5000-7f7281dd7000 rw-p 00063000 08:02 14947558                   /usr/lib/libp11-kit.so.0.1.0
7f7281dd7000-7f7281dda000 r-xp 00000000 08:02 14947488                   /usr/lib/libkeyutils.so.1.5
7f7281dda000-7f7281fd9000 ---p 00003000 08:02 14947488                   /usr/lib/libkeyutils.so.1.5
7f7281fd9000-7f7281fda000 r--p 00002000 08:02 14947488                   /usr/lib/libkeyutils.so.1.5
7f7281fda000-7f7281fdb000 rw-p 00003000 08:02 14947488                   /usr/lib/libkeyutils.so.1.5
7f7281fdb000-7f7281fe7000 r-xp 00000000 08:02 14947493                   /usr/lib/libkrb5support.so.0.1
7f7281fe7000-7f72821e6000 ---p 0000c000 08:02 14947493                   /usr/lib/libkrb5support.so.0.1
7f72821e6000-7f72821e7000 r--p 0000b000 08:02 14947493                   /usr/lib/libkrb5support.so.0.1
7f72821e7000-7f72821e8000 rw-p 0000c000 08:02 14947493                   /usr/lib/libkrb5support.so.0.1
7f72821e8000-7f72821ed000 r-xp 00000000 08:02 14947360                   /usr/lib/libXdmcp.so.6.0.0
7f72821ed000-7f72823ec000 ---p 00005000 08:02 14947360                   /usr/lib/libXdmcp.so.6.0.0
7f72823ec000-7f72823ed000 r--p 00004000 08:02 14947360                   /usr/lib/libXdmcp.so.6.0.0
7f72823ed000-7f72823ee000 rw-p 00005000 08:02 14947360                   /usr/lib/libXdmcp.so.6.0.0
7f72823ee000-7f72823f0000 r-xp 00000000 08:02 14947358                   /usr/lib/libXau.so.6.0.0
7f72823f0000-7f72825f0000 ---p 00002000 08:02 14947358                   /usr/lib/libXau.so.6.0.0
7f72825f0000-7f72825f1000 r--p 00002000 08:02 14947358                   /usr/lib/libXau.so.6.0.0
7f72825f1000-7f72825f2000 rw-p 00003000 08:02 14947358                   /usr/lib/libXau.so.6.0.0
7f72825f2000-7f7282661000 r-xp 00000000 08:02 14947569                   /usr/lib/libpcre.so.1.2.5
7f7282661000-7f7282860000 ---p 0006f000 08:02 14947569                   /usr/lib/libpcre.so.1.2.5
7f7282860000-7f7282861000 r--p 0006e000 08:02 14947569                   /usr/lib/libpcre.so.1.2.5
7f7282861000-7f7282862000 rw-p 0006f000 08:02 14947569                   /usr/lib/libpcre.so.1.2.5
7f7282862000-7f728286a000 r-xp 00000000 08:02 14947435                   /usr/lib/libffi.so.6.0.4
7f728286a000-7f7282a69000 ---p 00008000 08:02 14947435                   /usr/lib/libffi.so.6.0.4
7f7282a69000-7f7282a6a000 r--p 00007000 08:02 14947435                   /usr/lib/libffi.so.6.0.4
7f7282a6a000-7f7282a6b000 rw-p 00008000 08:02 14947435                   /usr/lib/libffi.so.6.0.4
7f7282a6b000-7f7282a7f000 r-xp 00000000 08:02 14947591                   /usr/lib/libresolv-2.22.so
7f7282a7f000-7f7282c7e000 ---p 00014000 08:02 14947591                   /usr/lib/libresolv-2.22.so
7f7282c7e000-7f7282c7f000 r--p 00013000 08:02 14947591                   /usr/lib/libresolv-2.22.so
7f7282c7f000-7f7282c80000 rw-p 00014000 08:02 14947591                   /usr/lib/libresolv-2.22.so
7f7282c80000-7f7282c82000 rw-p 00000000 00:00 0 
7f7282c82000-7f7282c85000 r-xp 00000000 08:02 14945767                   /usr/lib/libgmodule-2.0.so.0.4600.2
7f7282c85000-7f7282e84000 ---p 00003000 08:02 14945767                   /usr/lib/libgmodule-2.0.so.0.4600.2
7f7282e84000-7f7282e85000 r--p 00002000 08:02 14945767                   /usr/lib/libgmodule-2.0.so.0.4600.2
7f7282e85000-7f7282e86000 rw-p 00003000 08:02 14945767                   /usr/lib/libgmodule-2.0.so.0.4600.2
7f7282e86000-7f7282ee8000 r-xp 00000000 08:02 14953538                   /usr/lib/libharfbuzz.so.0.10102.0
7f7282ee8000-7f72830e8000 ---p 00062000 08:02 14953538                   /usr/lib/libharfbuzz.so.0.10102.0
7f72830e8000-7f72830e9000 r--p 00062000 08:02 14953538                   /usr/lib/libharfbuzz.so.0.10102.0
7f72830e9000-7f72830ea000 rw-p 00063000 08:02 14953538                   /usr/lib/libharfbuzz.so.0.10102.0
7f72830ea000-7f728311e000 r-xp 00000000 08:02 14953416                   /usr/lib/libpng16.so.16.19.0
7f728311e000-7f728331d000 ---p 00034000 08:02 14953416                   /usr/lib/libpng16.so.16.19.0
7f728331d000-7f728331e000 r--p 00033000 08:02 14953416                   /usr/lib/libpng16.so.16.19.0
7f728331e000-7f728331f000 rw-p 00034000 08:02 14953416                   /usr/lib/libpng16.so.16.19.0
7f728331f000-7f728332e000 r-xp 00000000 08:02 14947380                   /usr/lib/libbz2.so.1.0.6
7f728332e000-7f728352d000 ---p 0000f000 08:02 14947380                   /usr/lib/libbz2.so.1.0.6
7f728352d000-7f728352f000 rw-p 0000e000 08:02 14947380                   /usr/lib/libbz2.so.1.0.6
7f728352f000-7f7283556000 r-xp 00000000 08:02 14947432                   /usr/lib/libexpat.so.1.6.0
7f7283556000-7f7283755000 ---p 00027000 08:02 14947432                   /usr/lib/libexpat.so.1.6.0
7f7283755000-7f7283758000 r--p 00026000 08:02 14947432                   /usr/lib/libexpat.so.1.6.0
7f7283758000-7f7283759000 rw-p 00029000 08:02 14947432                   /usr/lib/libexpat.so.1.6.0
7f7283759000-7f7283761000 r-xp 00000000 08:02 14947394                   /usr/lib/libcrypt-2.22.so
7f7283761000-7f7283961000 ---p 00008000 08:02 14947394                   /usr/lib/libcrypt-2.22.so
7f7283961000-7f7283962000 r--p 00008000 08:02 14947394                   /usr/lib/libcrypt-2.22.so
7f7283962000-7f7283963000 rw-p 00009000 08:02 14947394                   /usr/lib/libcrypt-2.22.so
7f7283963000-7f7283991000 rw-p 00000000 00:00 0 
7f7283991000-7f72839df000 r-xp 00000000 08:02 14951274                   /usr/lib/libdbus-1.so.3.14.5
7f72839df000-7f7283bdf000 ---p 0004e000 08:02 14951274                   /usr/lib/libdbus-1.so.3.14.5
7f7283bdf000-7f7283be0000 r--p 0004e000 08:02 14951274                   /usr/lib/libdbus-1.so.3.14.5
7f7283be0000-7f7283be1000 rw-p 0004f000 08:02 14951274                   /usr/lib/libdbus-1.so.3.14.5
7f7283be1000-7f7283be2000 rw-p 00000000 00:00 0 
7f7283be2000-7f7283bf2000 r-xp 00000000 08:02 14949079                   /usr/lib/libavahi-client.so.3.2.9
7f7283bf2000-7f7283df1000 ---p 00010000 08:02 14949079                   /usr/lib/libavahi-client.so.3.2.9
7f7283df1000-7f7283df2000 r--p 0000f000 08:02 14949079                   /usr/lib/libavahi-client.so.3.2.9
7f7283df2000-7f7283df3000 rw-p 00010000 08:02 14949079                   /usr/lib/libavahi-client.so.3.2.9
7f7283df3000-7f7283dff000 r-xp 00000000 08:02 14949076                   /usr/lib/libavahi-common.so.3.5.3
7f7283dff000-7f7283ffe000 ---p 0000c000 08:02 14949076                   /usr/lib/libavahi-common.so.3.5.3
7f7283ffe000-7f7283fff000 r--p 0000b000 08:02 14949076                   /usr/lib/libavahi-common.so.3.5.3
7f7283fff000-7f7284000000 rw-p 0000c000 08:02 14949076                   /usr/lib/libavahi-common.so.3.5.3
7f7284000000-7f7284021000 rw-p 00000000 00:00 0 
7f7284021000-7f7288000000 ---p 00000000 00:00 0 
7f7288000000-7f7288021000 rw-p 00000000 00:00 0 
7f7288021000-7f728c000000 ---p 00000000 00:00 0 
7f728c000000-7f728c500000 rw-p 00000000 00:00 0 
7f728c500000-7f7290000000 ---p 00000000 00:00 0 
7f7290000000-7f7290693000 rw-p 00000000 00:00 0 
7f7290693000-7f7294000000 ---p 00000000 00:00 0 
7f7294000000-7f7294021000 rw-p 00000000 00:00 0 
7f7294021000-7f7298000000 ---p 00000000 00:00 0 
7f7298000000-7f7298021000 rw-p 00000000 00:00 0 
7f7298021000-7f729c000000 ---p 00000000 00:00 0 
7f729c000000-7f729c021000 rw-p 00000000 00:00 0 
7f729c021000-7f72a0000000 ---p 00000000 00:00 0 
7f72a0000000-7f72a0021000 rw-p 00000000 00:00 0 
7f72a0021000-7f72a4000000 ---p 00000000 00:00 0 
7f72a4000000-7f72a4021000 rw-p 00000000 00:00 0 
7f72a4021000-7f72a8000000 ---p 00000000 00:00 0 
7f72a8096000-7f72a80e6000 rw-s 00000000 00:05 30539799                   /SYSV00000000 (deleted)
7f72a80e6000-7f72a8165000 r-xp 00000000 08:02 14947608                   /usr/lib/libsystemd.so.0.12.0
7f72a8165000-7f72a8166000 ---p 0007f000 08:02 14947608                   /usr/lib/libsystemd.so.0.12.0
7f72a8166000-7f72a8169000 r--p 0007f000 08:02 14947608                   /usr/lib/libsystemd.so.0.12.0
7f72a8169000-7f72a816a000 rw-p 00082000 08:02 14947608                   /usr/lib/libsystemd.so.0.12.0
7f72a816a000-7f72a8291000 r-xp 00000000 08:02 14945778                   /usr/lib/libgnutls.so.30.5.0
7f72a8291000-7f72a8491000 ---p 00127000 08:02 14945778                   /usr/lib/libgnutls.so.30.5.0
7f72a8491000-7f72a849c000 r--p 00127000 08:02 14945778                   /usr/lib/libgnutls.so.30.5.0
7f72a849c000-7f72a849f000 rw-p 00132000 08:02 14945778                   /usr/lib/libgnutls.so.30.5.0
7f72a849f000-7f72a84a0000 rw-p 00000000 00:00 0 
7f72a84a0000-7f72a84a3000 r-xp 00000000 08:02 14947390                   /usr/lib/libcom_err.so.2.1
7f72a84a3000-7f72a86a2000 ---p 00003000 08:02 14947390                   /usr/lib/libcom_err.so.2.1
7f72a86a2000-7f72a86a3000 r--p 00002000 08:02 14947390                   /usr/lib/libcom_err.so.2.1
7f72a86a3000-7f72a86a4000 rw-p 00003000 08:02 14947390                   /usr/lib/libcom_err.so.2.1
7f72a86a4000-7f72a86d2000 r-xp 00000000 08:02 14947483                   /usr/lib/libk5crypto.so.3.1
7f72a86d2000-7f72a88d1000 ---p 0002e000 08:02 14947483                   /usr/lib/libk5crypto.so.3.1
7f72a88d1000-7f72a88d3000 r--p 0002d000 08:02 14947483                   /usr/lib/libk5crypto.so.3.1
7f72a88d3000-7f72a88d4000 rw-p 0002f000 08:02 14947483                   /usr/lib/libk5crypto.so.3.1
7f72a88d4000-7f72a88d5000 rw-p 00000000 00:00 0 
7f72a88d5000-7f72a89aa000 r-xp 00000000 08:02 14947492                   /usr/lib/libkrb5.so.3.3
7f72a89aa000-7f72a8baa000 ---p 000d5000 08:02 14947492                   /usr/lib/libkrb5.so.3.3
7f72a8baa000-7f72a8bb7000 r--p 000d5000 08:02 14947492                   /usr/lib/libkrb5.so.3.3
7f72a8bb7000-7f72a8bba000 rw-p 000e2000 08:02 14947492                   /usr/lib/libkrb5.so.3.3
7f72a8bba000-7f72a8c04000 r-xp 00000000 08:02 14947465                   /usr/lib/libgssapi_krb5.so.2.2
7f72a8c04000-7f72a8e03000 ---p 0004a000 08:02 14947465                   /usr/lib/libgssapi_krb5.so.2.2
7f72a8e03000-7f72a8e05000 r--p 00049000 08:02 14947465                   /usr/lib/libgssapi_krb5.so.2.2
7f72a8e05000-7f72a8e07000 rw-p 0004b000 08:02 14947465                   /usr/lib/libgssapi_krb5.so.2.2
7f72a8e07000-7f72a8e28000 r-xp 00000000 08:02 14947661                   /usr/lib/libxcb.so.1.1.0
7f72a8e28000-7f72a9028000 ---p 00021000 08:02 14947661                   /usr/lib/libxcb.so.1.1.0
7f72a9028000-7f72a9029000 r--p 00021000 08:02 14947661                   /usr/lib/libxcb.so.1.1.0
7f72a9029000-7f72a902a000 rw-p 00022000 08:02 14947661                   /usr/lib/libxcb.so.1.1.0
7f72a902a000-7f72a9136000 r-xp 00000000 08:02 14945764                   /usr/lib/libglib-2.0.so.0.4600.2
7f72a9136000-7f72a9335000 ---p 0010c000 08:02 14945764                   /usr/lib/libglib-2.0.so.0.4600.2
7f72a9335000-7f72a9336000 r--p 0010b000 08:02 14945764                   /usr/lib/libglib-2.0.so.0.4600.2
7f72a9336000-7f72a9337000 rw-p 0010c000 08:02 14945764                   /usr/lib/libglib-2.0.so.0.4600.2
7f72a9337000-7f72a9338000 rw-p 00000000 00:00 0 
7f72a9338000-7f72a9389000 r-xp 00000000 08:02 14945769                   /usr/lib/libgobject-2.0.so.0.4600.2
7f72a9389000-7f72a9588000 ---p 00051000 08:02 14945769                   /usr/lib/libgobject-2.0.so.0.4600.2
7f72a9588000-7f72a9589000 r--p 00050000 08:02 14945769                   /usr/lib/libgobject-2.0.so.0.4600.2
7f72a9589000-7f72a958a000 rw-p 00051000 08:02 14945769                   /usr/lib/libgobject-2.0.so.0.4600.2
7f72a958a000-7f72a9702000 r-xp 00000000 08:02 14945770                   /usr/lib/libgio-2.0.so.0.4600.2
7f72a9702000-7f72a9901000 ---p 00178000 08:02 14945770                   /usr/lib/libgio-2.0.so.0.4600.2
7f72a9901000-7f72a9905000 r--p 00177000 08:02 14945770                   /usr/lib/libgio-2.0.so.0.4600.2
7f72a9905000-7f72a9907000 rw-p 0017b000 08:02 14945770                   /usr/lib/libgio-2.0.so.0.4600.2
7f72a9907000-7f72a9909000 rw-p 00000000 00:00 0 
7f72a9909000-7f72a99c0000 r-xp 00000000 08:02 14956821                   /usr/lib/libfreetype.so.6.12.1
7f72a99c0000-7f72a9bbf000 ---p 000b7000 08:02 14956821                   /usr/lib/libfreetype.so.6.12.1
7f72a9bbf000-7f72a9bc5000 r--p 000b6000 08:02 14956821                   /usr/lib/libfreetype.so.6.12.1
7f72a9bc5000-7f72a9bc6000 rw-p 000bc000 08:02 14956821                   /usr/lib/libfreetype.so.6.12.1
7f72a9bc6000-7f72a9c03000 r-xp 00000000 08:02 14956159                   /usr/lib/libfontconfig.so.1.8.0
7f72a9c03000-7f72a9e02000 ---p 0003d000 08:02 14956159                   /usr/lib/libfontconfig.so.1.8.0
7f72a9e02000-7f72a9e04000 r--p 0003c000 08:02 14956159                   /usr/lib/libfontconfig.so.1.8.0
7f72a9e04000-7f72a9e05000 rw-p 0003e000 08:02 14956159                   /usr/lib/libfontconfig.so.1.8.0
7f72a9e05000-7f72a9e7f000 r-xp 00000000 08:02 14956104                   /usr/lib/libcups.so.2
7f72a9e7f000-7f72aa07f000 ---p 0007a000 08:02 14956104                   /usr/lib/libcups.so.2
7f72aa07f000-7f72aa087000 rw-p 0007a000 08:02 14956104                   /usr/lib/libcups.so.2
7f72aa087000-7f72aa096000 r-xp 00000000 08:02 14955984                   /usr/lib/libXi.so.6.1.0
7f72aa096000-7f72aa295000 ---p 0000f000 08:02 14955984                   /usr/lib/libXi.so.6.1.0
7f72aa295000-7f72aa296000 r--p 0000e000 08:02 14955984                   /usr/lib/libXi.so.6.1.0
7f72aa296000-7f72aa297000 rw-p 0000f000 08:02 14955984                   /usr/lib/libXi.so.6.1.0
7f72aa297000-7f72aa29c000 r-xp 00000000 08:02 14955993                   /usr/lib/libXtst.so.6.1.0
7f72aa29c000-7f72aa49b000 ---p 00005000 08:02 14955993                   /usr/lib/libXtst.so.6.1.0
7f72aa49b000-7f72aa49c000 r--p 00004000 08:02 14955993                   /usr/lib/libXtst.so.6.1.0
7f72aa49c000-7f72aa49d000 rw-p 00005000 08:02 14955993                   /usr/lib/libXtst.so.6.1.0
7f72aa49d000-7f72aa4a6000 r-xp 00000000 08:02 14955990                   /usr/lib/libXrender.so.1.3.0
7f72aa4a6000-7f72aa6a5000 ---p 00009000 08:02 14955990                   /usr/lib/libXrender.so.1.3.0
7f72aa6a5000-7f72aa6a6000 r--p 00008000 08:02 14955990                   /usr/lib/libXrender.so.1.3.0
7f72aa6a6000-7f72aa6a7000 rw-p 00009000 08:02 14955990                   /usr/lib/libXrender.so.1.3.0
7f72aa6a7000-7f72aa7e2000 r-xp 00000000 08:02 14947357                   /usr/lib/libX11.so.6.3.0
7f72aa7e2000-7f72aa9e1000 ---p 0013b000 08:02 14947357                   /usr/lib/libX11.so.6.3.0
7f72aa9e1000-7f72aa9e3000 r--p 0013a000 08:02 14947357                   /usr/lib/libX11.so.6.3.0
7f72aa9e3000-7f72aa9e8000 rw-p 0013c000 08:02 14947357                   /usr/lib/libX11.so.6.3.0
7f72aa9e8000-7f72aa9e9000 rw-p 00000000 00:00 0 
7f72aa9e9000-7f72aa9fa000 r-xp 00000000 08:02 14947361                   /usr/lib/libXext.so.6.4.0
7f72aa9fa000-7f72aabf9000 ---p 00011000 08:02 14947361                   /usr/lib/libXext.so.6.4.0
7f72aabf9000-7f72aabfa000 r--p 00010000 08:02 14947361                   /usr/lib/libXext.so.6.4.0
7f72aabfa000-7f72aabfb000 rw-p 00011000 08:02 14947361                   /usr/lib/libXext.so.6.4.0
7f72aac00000-7f72aac30000 r--p 00000000 08:02 15467783                   /usr/share/locale/ru/LC_MESSAGES/libc.mo
7f72aac30000-7f72aac77000 r-xp 00000000 08:02 16130267                   /usr/lib/jvm/java-7-openjdk/jre/lib/amd64/xawt/libmawt.so
7f72aac77000-7f72aae77000 ---p 00047000 08:02 16130267                   /usr/lib/jvm/java-7-openjdk/jre/lib/amd64/xawt/libmawt.so
7f72aae77000-7f72aae7a000 rw-p 00047000 08:02 16130267                   /usr/lib/jvm/java-7-openjdk/jre/lib/amd64/xawt/libmawt.so
7f72aae7a000-7f72aae7b000 rw-p 00000000 00:00 0 
7f72aae7b000-7f72aaf19000 r-xp 00000000 08:02 15742067                   /usr/lib/jvm/java-7-openjdk/jre/lib/amd64/libawt.so
7f72aaf19000-7f72ab119000 ---p 0009e000 08:02 15742067                   /usr/lib/jvm/java-7-openjdk/jre/lib/amd64/libawt.so
7f72ab119000-7f72ab125000 rw-p 0009e000 08:02 15742067                   /usr/lib/jvm/java-7-openjdk/jre/lib/amd64/libawt.so
7f72ab125000-7f72ab149000 rw-p 00000000 00:00 0 
7f72ab149000-7f72ab14a000 ---p 00000000 00:00 0 
7f72ab14a000-7f72ab24a000 rw-p 00000000 00:00 0                          [stack:15143]
7f72ab24a000-7f72ab24d000 ---p 00000000 00:00 0 
7f72ab24d000-7f72ab34b000 rw-p 00000000 00:00 0                          [stack:15142]
7f72ab34b000-7f72ab34e000 ---p 00000000 00:00 0 
7f72ab34e000-7f72ab44c000 rw-p 00000000 00:00 0                          [stack:15141]
7f72ab44c000-7f72ab44f000 ---p 00000000 00:00 0 
7f72ab44f000-7f72ab54d000 rw-p 00000000 00:00 0                          [stack:15140]
7f72ab54d000-7f72ab550000 ---p 00000000 00:00 0 
7f72ab550000-7f72ab64e000 rw-p 00000000 00:00 0                          [stack:15139]
7f72ab64e000-7f72ab94c000 r--p 00000000 08:02 14956685                   /usr/lib/locale/locale-archive
7f72ab94c000-7f72ab94f000 ---p 00000000 00:00 0 
7f72ab94f000-7f72aba4d000 rw-p 00000000 00:00 0                          [stack:15138]
7f72aba4d000-7f72aba50000 ---p 00000000 00:00 0 
7f72aba50000-7f72abb4e000 rw-p 00000000 00:00 0                          [stack:15137]
7f72abb4e000-7f72abb4f000 ---p 00000000 00:00 0 
7f72abb4f000-7f72b0000000 rw-p 00000000 00:00 0                          [stack:15136]
7f72b0000000-7f72b0021000 rw-p 00000000 00:00 0 
7f72b0021000-7f72b4000000 ---p 00000000 00:00 0 
7f72b4000000-7f72b4021000 rw-p 00000000 00:00 0 
7f72b4021000-7f72b8000000 ---p 00000000 00:00 0 
7f72b8000000-7f72b8021000 rw-p 00000000 00:00 0 
7f72b8021000-7f72bc000000 ---p 00000000 00:00 0 
7f72bc017000-7f72bc021000 r--s 000ae000 08:02 15740968                   /usr/lib/jvm/java-7-openjdk/jre/lib/resources.jar
7f72bc021000-7f72bc022000 r--s 00009000 08:02 2622325                    /home/fedor-m/.m2/repository/org/bytedeco/javacpp-presets/flandmark/1.07-1.1/flandmark-1.07-1.1-linux-x86_64.jar
7f72bc022000-7f72bc023000 r--s 00002000 08:02 2622323                    /home/fedor-m/.m2/repository/org/bytedeco/javacpp-presets/flandmark/1.07-1.1/flandmark-1.07-1.1.jar
7f72bc023000-7f72bc025000 r--s 0002a000 08:02 2622321                    /home/fedor-m/.m2/repository/org/bytedeco/javacpp-presets/artoolkitplus/2.3.1-1.1/artoolkitplus-2.3.1-1.1-linux-x86_64.jar
7f72bc025000-7f72bc026000 r--s 00005000 08:02 2622319                    /home/fedor-m/.m2/repository/org/bytedeco/javacpp-presets/artoolkitplus/2.3.1-1.1/artoolkitplus-2.3.1-1.1.jar
7f72bc026000-7f72bc027000 r--s 00000000 08:02 2622317                    /home/fedor-m/.m2/repository/org/bytedeco/javacpp-presets/videoinput/0.200-1.1/videoinput-0.200-1.1-linux-x86_64.jar
7f72bc027000-7f72bc028000 r--s 00003000 08:02 2622315                    /home/fedor-m/.m2/repository/org/bytedeco/javacpp-presets/videoinput/0.200-1.1/videoinput-0.200-1.1.jar
7f72bc028000-7f72bc029000 r--s 00014000 08:02 2622313                    /home/fedor-m/.m2/repository/org/bytedeco/javacpp-presets/libfreenect/0.5.3-1.1/libfreenect-0.5.3-1.1-linux-x86_64.jar
7f72bc029000-7f72bc02b000 r--s 00004000 08:02 2622311                    /home/fedor-m/.m2/repository/org/bytedeco/javacpp-presets/libfreenect/0.5.3-1.1/libfreenect-0.5.3-1.1.jar
7f72bc02b000-7f72bc02d000 r--s 00006000 08:02 2622307                    /home/fedor-m/.m2/repository/org/bytedeco/javacpp-presets/libdc1394/2.2.3-1.1/libdc1394-2.2.3-1.1.jar
7f72bc02d000-7f72bc031000 r--s 0001f000 08:02 2622303                    /home/fedor-m/.m2/repository/org/bytedeco/javacpp-presets/flycapture/2.8.3.1-1.1/flycapture-2.8.3.1-1.1.jar
7f72bc031000-7f72bc040000 r--s 00088000 08:02 2622295                    /home/fedor-m/.m2/repository/org/bytedeco/javacpp-presets/opencv/3.0.0-1.1/opencv-3.0.0-1.1.jar
7f72bc040000-7f72bce4e000 rw-p 00000000 00:00 0 
7f72bce4e000-7f72bd000000 r--s 01d2e000 08:02 15740967                   /usr/lib/jvm/java-7-openjdk/jre/lib/rt.jar
7f72bd000000-7f72bd270000 rwxp 00000000 00:00 0 
7f72bd270000-7f72c02b2000 rw-p 00000000 00:00 0 
7f72c02b2000-7f72c4000000 ---p 00000000 00:00 0 
7f72c4000000-7f72c4001000 r--s 00027000 08:02 2622309                    /home/fedor-m/.m2/repository/org/bytedeco/javacpp-presets/libdc1394/2.2.3-1.1/libdc1394-2.2.3-1.1-linux-x86_64.jar
7f72c4001000-7f72c4003000 r--s 0003a000 08:02 2622305                    /home/fedor-m/.m2/repository/org/bytedeco/javacpp-presets/flycapture/2.8.3.1-1.1/flycapture-2.8.3.1-1.1-linux-x86_64.jar
7f72c4003000-7f72c400a000 r--s 00033000 08:02 2622299                    /home/fedor-m/.m2/repository/org/bytedeco/javacpp-presets/ffmpeg/2.8.1-1.1/ffmpeg-2.8.1-1.1.jar
7f72c400a000-7f72c400c000 r--s 0076b000 08:02 2622297                    /home/fedor-m/.m2/repository/org/bytedeco/javacpp-presets/opencv/3.0.0-1.1/opencv-3.0.0-1.1-linux-x86_64.jar
7f72c400c000-7f72c4010000 r--s 0003a000 08:02 2622327                    /home/fedor-m/.m2/repository/org/bytedeco/javacpp/1.1/javacpp-1.1.jar
7f72c4010000-7f72c401b000 r--s 00203000 08:02 15740966                   /usr/lib/jvm/java-7-openjdk/jre/lib/charsets.jar
7f72c401b000-7f72c462d000 rw-p 00000000 00:00 0 
7f72c462d000-7f72c462e000 ---p 00000000 00:00 0 
7f72c462e000-7f72c472e000 rw-p 00000000 00:00 0                          [stack:15135]
7f72c472e000-7f72c472f000 ---p 00000000 00:00 0 
7f72c472f000-7f72c482f000 rw-p 00000000 00:00 0                          [stack:15134]
7f72c482f000-7f72c4830000 ---p 00000000 00:00 0 
7f72c4830000-7f72c4930000 rw-p 00000000 00:00 0                          [stack:15132]
7f72c4930000-7f72c4931000 ---p 00000000 00:00 0 
7f72c4931000-7f72c4a3c000 rw-p 00000000 00:00 0                          [stack:15131]
7f72c4a3c000-7f72c4a84000 rw-p 00000000 00:00 0 
7f72c4a84000-7f72c4aad000 rw-p 00000000 00:00 0 
7f72c4aad000-7f72c4d14000 rw-p 00000000 00:00 0 
7f72c4d14000-7f72c4d1f000 rw-p 00000000 00:00 0 
7f72c4d1f000-7f72c4d67000 rw-p 00000000 00:00 0 
7f72c4d67000-7f72c4d90000 rw-p 00000000 00:00 0 
7f72c4d90000-7f72c4ff7000 rw-p 00000000 00:00 0 
7f72c4ff7000-7f72c506c000 rw-p 00000000 00:00 0 
7f72c506c000-7f72c5077000 ---p 00000000 00:00 0 
7f72c5077000-7f72c513f000 rw-p 00000000 00:00 0 
7f72c513f000-7f72c5140000 rw-p 00000000 00:00 0 
7f72c5140000-7f72c5148000 r-xp 00000000 08:02 15742053                   /usr/lib/jvm/java-7-openjdk/jre/lib/amd64/libzip.so
7f72c5148000-7f72c5347000 ---p 00008000 08:02 15742053                   /usr/lib/jvm/java-7-openjdk/jre/lib/amd64/libzip.so
7f72c5347000-7f72c5348000 rw-p 00007000 08:02 15742053                   /usr/lib/jvm/java-7-openjdk/jre/lib/amd64/libzip.so
7f72c5348000-7f72c5353000 r-xp 00000000 08:02 14947543                   /usr/lib/libnss_files-2.22.so
7f72c5353000-7f72c5552000 ---p 0000b000 08:02 14947543                   /usr/lib/libnss_files-2.22.so
7f72c5552000-7f72c5553000 r--p 0000a000 08:02 14947543                   /usr/lib/libnss_files-2.22.so
7f72c5553000-7f72c5554000 rw-p 0000b000 08:02 14947543                   /usr/lib/libnss_files-2.22.so
7f72c5554000-7f72c555a000 rw-p 00000000 00:00 0 
7f72c555a000-7f72c5585000 r-xp 00000000 08:02 15742052                   /usr/lib/jvm/java-7-openjdk/jre/lib/amd64/libjava.so
7f72c5585000-7f72c5785000 ---p 0002b000 08:02 15742052                   /usr/lib/jvm/java-7-openjdk/jre/lib/amd64/libjava.so
7f72c5785000-7f72c5787000 rw-p 0002b000 08:02 15742052                   /usr/lib/jvm/java-7-openjdk/jre/lib/amd64/libjava.so
7f72c5787000-7f72c5794000 r-xp 00000000 08:02 15742051                   /usr/lib/jvm/java-7-openjdk/jre/lib/amd64/libverify.so
7f72c5794000-7f72c5993000 ---p 0000d000 08:02 15742051                   /usr/lib/jvm/java-7-openjdk/jre/lib/amd64/libverify.so
7f72c5993000-7f72c5995000 rw-p 0000c000 08:02 15742051                   /usr/lib/jvm/java-7-openjdk/jre/lib/amd64/libverify.so
7f72c5995000-7f72c599c000 r-xp 00000000 08:02 14947594                   /usr/lib/librt-2.22.so
7f72c599c000-7f72c5b9b000 ---p 00007000 08:02 14947594                   /usr/lib/librt-2.22.so
7f72c5b9b000-7f72c5b9c000 r--p 00006000 08:02 14947594                   /usr/lib/librt-2.22.so
7f72c5b9c000-7f72c5b9d000 rw-p 00007000 08:02 14947594                   /usr/lib/librt-2.22.so
7f72c5b9d000-7f72c5bb3000 r-xp 00000000 08:02 14947443                   /usr/lib/libgcc_s.so.1
7f72c5bb3000-7f72c5db2000 ---p 00016000 08:02 14947443                   /usr/lib/libgcc_s.so.1
7f72c5db2000-7f72c5db3000 rw-p 00015000 08:02 14947443                   /usr/lib/libgcc_s.so.1
7f72c5db3000-7f72c5eb0000 r-xp 00000000 08:02 14947504                   /usr/lib/libm-2.22.so
7f72c5eb0000-7f72c60af000 ---p 000fd000 08:02 14947504                   /usr/lib/libm-2.22.so
7f72c60af000-7f72c60b0000 r--p 000fc000 08:02 14947504                   /usr/lib/libm-2.22.so
7f72c60b0000-7f72c60b1000 rw-p 000fd000 08:02 14947504                   /usr/lib/libm-2.22.so
7f72c60b1000-7f72c6223000 r-xp 00000000 08:02 14947606                   /usr/lib/libstdc++.so.6.0.21
7f72c6223000-7f72c6423000 ---p 00172000 08:02 14947606                   /usr/lib/libstdc++.so.6.0.21
7f72c6423000-7f72c642d000 r--p 00172000 08:02 14947606                   /usr/lib/libstdc++.so.6.0.21
7f72c642d000-7f72c642f000 rw-p 0017c000 08:02 14947606                   /usr/lib/libstdc++.so.6.0.21
7f72c642f000-7f72c6433000 rw-p 00000000 00:00 0 
7f72c6433000-7f72c6f83000 r-xp 00000000 08:02 16130264                   /usr/lib/jvm/java-7-openjdk/jre/lib/amd64/server/libjvm.so
7f72c6f83000-7f72c7182000 ---p 00b50000 08:02 16130264                   /usr/lib/jvm/java-7-openjdk/jre/lib/amd64/server/libjvm.so
7f72c7182000-7f72c7236000 rw-p 00b4f000 08:02 16130264                   /usr/lib/jvm/java-7-openjdk/jre/lib/amd64/server/libjvm.so
7f72c7236000-7f72c7261000 rw-p 00000000 00:00 0 
7f72c7261000-7f72c7276000 r-xp 00000000 08:02 14947665                   /usr/lib/libz.so.1.2.8
7f72c7276000-7f72c7475000 ---p 00015000 08:02 14947665                   /usr/lib/libz.so.1.2.8
7f72c7475000-7f72c7476000 r--p 00014000 08:02 14947665                   /usr/lib/libz.so.1.2.8
7f72c7476000-7f72c7477000 rw-p 00015000 08:02 14947665                   /usr/lib/libz.so.1.2.8
7f72c7477000-7f72c7612000 r-xp 00000000 08:02 14947381                   /usr/lib/libc-2.22.so
7f72c7612000-7f72c7811000 ---p 0019b000 08:02 14947381                   /usr/lib/libc-2.22.so
7f72c7811000-7f72c7815000 r--p 0019a000 08:02 14947381                   /usr/lib/libc-2.22.so
7f72c7815000-7f72c7817000 rw-p 0019e000 08:02 14947381                   /usr/lib/libc-2.22.so
7f72c7817000-7f72c781b000 rw-p 00000000 00:00 0 
7f72c781b000-7f72c781e000 r-xp 00000000 08:02 14947409                   /usr/lib/libdl-2.22.so
7f72c781e000-7f72c7a1d000 ---p 00003000 08:02 14947409                   /usr/lib/libdl-2.22.so
7f72c7a1d000-7f72c7a1e000 r--p 00002000 08:02 14947409                   /usr/lib/libdl-2.22.so
7f72c7a1e000-7f72c7a1f000 rw-p 00003000 08:02 14947409                   /usr/lib/libdl-2.22.so
7f72c7a1f000-7f72c7a2c000 r-xp 00000000 08:02 16128183                   /usr/lib/jvm/java-7-openjdk/jre/lib/amd64/jli/libjli.so
7f72c7a2c000-7f72c7c2b000 ---p 0000d000 08:02 16128183                   /usr/lib/jvm/java-7-openjdk/jre/lib/amd64/jli/libjli.so
7f72c7c2b000-7f72c7c2c000 rw-p 0000c000 08:02 16128183                   /usr/lib/jvm/java-7-openjdk/jre/lib/amd64/jli/libjli.so
7f72c7c2c000-7f72c7c44000 r-xp 00000000 08:02 14947580                   /usr/lib/libpthread-2.22.so
7f72c7c44000-7f72c7e43000 ---p 00018000 08:02 14947580                   /usr/lib/libpthread-2.22.so
7f72c7e43000-7f72c7e44000 r--p 00017000 08:02 14947580                   /usr/lib/libpthread-2.22.so
7f72c7e44000-7f72c7e45000 rw-p 00018000 08:02 14947580                   /usr/lib/libpthread-2.22.so
7f72c7e45000-7f72c7e49000 rw-p 00000000 00:00 0 
7f72c7e49000-7f72c7e6b000 r-xp 00000000 08:02 14947350                   /usr/lib/ld-2.22.so
7f72c7e6b000-7f72c7e6f000 r--s 00056000 08:02 53087107                   /home/fedor-m/.m2/repository/org/bytedeco/javacv/1.1/javacv-1.1.jar
7f72c7e6f000-7f72c7e79000 rw-p 00000000 00:00 0 
7f72c7e79000-7f72c7f2f000 rw-p 00000000 00:00 0 
7f72c7f2f000-7f72c7f32000 ---p 00000000 00:00 0 
7f72c7f32000-7f72c8034000 rw-p 00000000 00:00 0                          [stack:15128]
7f72c8034000-7f72c8035000 r--s 00a24000 08:02 2622301                    /home/fedor-m/.m2/repository/org/bytedeco/javacpp-presets/ffmpeg/2.8.1-1.1/ffmpeg-2.8.1-1.1-linux-x86_64.jar
7f72c8035000-7f72c805f000 rw-p 00000000 00:00 0 
7f72c805f000-7f72c8067000 rw-s 00000000 00:22 32                         /tmp/hsperfdata_fedor-m/15126
7f72c8067000-7f72c8068000 rw-p 00000000 00:00 0 
7f72c8068000-7f72c8069000 r--p 00000000 00:00 0 
7f72c8069000-7f72c806a000 rw-p 00000000 00:00 0 
7f72c806a000-7f72c806b000 r--p 00021000 08:02 14947350                   /usr/lib/ld-2.22.so
7f72c806b000-7f72c806c000 rw-p 00022000 08:02 14947350                   /usr/lib/ld-2.22.so
7f72c806c000-7f72c806d000 rw-p 00000000 00:00 0 
7ffe34cfa000-7ffe34d1b000 rw-p 00000000 00:00 0                          [stack]
7ffe34d8c000-7ffe34d8e000 r--p 00000000 00:00 0                          [vvar]
7ffe34d8e000-7ffe34d90000 r-xp 00000000 00:00 0                          [vdso]
ffffffffff600000-ffffffffff601000 r-xp 00000000 00:00 0                  [vsyscall]

VM Arguments:
jvm_args: -Dfile.encoding=UTF-8 
java_command: ru.ang5545.scanning_system_2.App
Launcher Type: SUN_STANDARD

Environment Variables:
JAVA_HOME=/usr/lib/jvm/java-8-openjdk
JRE_HOME=/usr/lib/jvm/java-8-openjdk
PATH=/usr/local/sbin:/usr/local/bin:/usr/bin:/home/fedor-m/bin:/usr/lib/jvm/java-8-openjdk/bin:/home/fedor-m/bin:/usr/lib/jvm/java-8-openjdk/bin:/usr/lib/jvm/default/bin:/usr/bin/site_perl:/usr/bin/vendor_perl:/usr/bin/core_perl
LD_LIBRARY_PATH=\/usr\/lib
SHELL=/bin/bash
DISPLAY=:0.0

Signal Handlers:
SIGSEGV: [libjvm.so+0x995100], sa_mask[0]=0x7ffbfeff, sa_flags=0x10000004
SIGBUS: [libjvm.so+0x995100], sa_mask[0]=0x7ffbfeff, sa_flags=0x10000004
SIGFPE: [libjvm.so+0x7fc350], sa_mask[0]=0x7ffbfeff, sa_flags=0x10000004
SIGPIPE: [libjvm.so+0x7fc350], sa_mask[0]=0x7ffbfeff, sa_flags=0x10000004
SIGXFSZ: [libjvm.so+0x7fc350], sa_mask[0]=0x7ffbfeff, sa_flags=0x10000004
SIGILL: [libjvm.so+0x7fc350], sa_mask[0]=0x7ffbfeff, sa_flags=0x10000004
SIGUSR1: SIG_DFL, sa_mask[0]=0x00000000, sa_flags=0x00000000
SIGUSR2: [libjvm.so+0x7fc1d0], sa_mask[0]=0x00000004, sa_flags=0x10000004
SIGHUP: [libjvm.so+0x7fc360], sa_mask[0]=0x7ffbfeff, sa_flags=0x10000004
SIGINT: [libjvm.so+0x7fc360], sa_mask[0]=0x7ffbfeff, sa_flags=0x10000004
SIGTERM: [libjvm.so+0x7fc360], sa_mask[0]=0x7ffbfeff, sa_flags=0x10000004
SIGQUIT: [libjvm.so+0x7fc360], sa_mask[0]=0x7ffbfeff, sa_flags=0x10000004
SIGTRAP: SIG_DFL, sa_mask[0]=0x00000000, sa_flags=0x00000000


---------------  S Y S T E M  ---------------

OS:ManjaroLinux 15.09 (Bellatrix)
uname:Linux 4.1.13-1-MANJARO #1 SMP PREEMPT Tue Nov 10 22:11:15 UTC 2015 x86_64
libc:glibc 2.22 NPTL 2.22 
rlimit: STACK 8192k, CORE 0k, NPROC 30594, NOFILE 4096, AS infinity
load average:0,74 0,70 0,53

/proc/meminfo:
MemTotal:        8059640 kB
MemFree:         2953748 kB
MemAvailable:    4987708 kB
Buffers:          294748 kB
Cached:          1952896 kB
SwapCached:            0 kB
Active:          3518832 kB
Inactive:        1203556 kB
Active(anon):    2604436 kB
Inactive(anon):   264744 kB
Active(file):     914396 kB
Inactive(file):   938812 kB
Unevictable:         136 kB
Mlocked:             136 kB
SwapTotal:       9227464 kB
SwapFree:        9227464 kB
Dirty:               160 kB
Writeback:             0 kB
AnonPages:       2476960 kB
Mapped:           550528 kB
Shmem:            394428 kB
Slab:             255728 kB
SReclaimable:     223016 kB
SUnreclaim:        32712 kB
KernelStack:        7888 kB
PageTables:        38616 kB
NFS_Unstable:          0 kB
Bounce:                0 kB
WritebackTmp:          0 kB
CommitLimit:    13257284 kB
Committed_AS:    5831748 kB
VmallocTotal:   34359738367 kB
VmallocUsed:      385768 kB
VmallocChunk:   34358947836 kB
HardwareCorrupted:     0 kB
AnonHugePages:   1527808 kB
HugePages_Total:       0
HugePages_Free:        0
HugePages_Rsvd:        0
HugePages_Surp:        0
Hugepagesize:       2048 kB
DirectMap4k:      137136 kB
DirectMap2M:     7081984 kB
DirectMap1G:     2097152 kB


CPU:total 4 (4 cores per cpu, 1 threads per core) family 6 model 60 stepping 3, cmov, cx8, fxsr, mmx, sse, sse2, sse3, ssse3, sse4.1, sse4.2, popcnt, avx, avx2, aes, erms, tsc, tscinvbit

/proc/cpuinfo:
processor	: 0
vendor_id	: GenuineIntel
cpu family	: 6
model		: 60
model name	: Intel(R) Core(TM) i5-4440 CPU @ 3.10GHz
stepping	: 3
microcode	: 0x1c
cpu MHz		: 3142.625
cache size	: 6144 KB
physical id	: 0
siblings	: 4
core id		: 0
cpu cores	: 4
apicid		: 0
initial apicid	: 0
fpu		: yes
fpu_exception	: yes
cpuid level	: 13
wp		: yes
flags		: fpu vme de pse tsc msr pae mce cx8 apic sep mtrr pge mca cmov pat pse36 clflush dts acpi mmx fxsr sse sse2 ss ht tm pbe syscall nx pdpe1gb rdtscp lm constant_tsc arch_perfmon pebs bts rep_good nopl xtopology nonstop_tsc aperfmperf eagerfpu pni pclmulqdq dtes64 monitor ds_cpl vmx est tm2 ssse3 fma cx16 xtpr pdcm pcid sse4_1 sse4_2 x2apic movbe popcnt tsc_deadline_timer aes xsave avx f16c rdrand lahf_lm abm ida arat pln pts dtherm tpr_shadow vnmi flexpriority ept vpid fsgsbase tsc_adjust bmi1 avx2 smep bmi2 erms invpcid xsaveopt
bugs		:
bogomips	: 6188.51
clflush size	: 64
cache_alignment	: 64
address sizes	: 39 bits physical, 48 bits virtual
power management:

processor	: 1
vendor_id	: GenuineIntel
cpu family	: 6
model		: 60
model name	: Intel(R) Core(TM) i5-4440 CPU @ 3.10GHz
stepping	: 3
microcode	: 0x1c
cpu MHz		: 3270.500
cache size	: 6144 KB
physical id	: 0
siblings	: 4
core id		: 1
cpu cores	: 4
apicid		: 2
initial apicid	: 2
fpu		: yes
fpu_exception	: yes
cpuid level	: 13
wp		: yes
flags		: fpu vme de pse tsc msr pae mce cx8 apic sep mtrr pge mca cmov pat pse36 clflush dts acpi mmx fxsr sse sse2 ss ht tm pbe syscall nx pdpe1gb rdtscp lm constant_tsc arch_perfmon pebs bts rep_good nopl xtopology nonstop_tsc aperfmperf eagerfpu pni pclmulqdq dtes64 monitor ds_cpl vmx est tm2 ssse3 fma cx16 xtpr pdcm pcid sse4_1 sse4_2 x2apic movbe popcnt tsc_deadline_timer aes xsave avx f16c rdrand lahf_lm abm ida arat pln pts dtherm tpr_shadow vnmi flexpriority ept vpid fsgsbase tsc_adjust bmi1 avx2 smep bmi2 erms invpcid xsaveopt
bugs		:
bogomips	: 6188.51
clflush size	: 64
cache_alignment	: 64
address sizes	: 39 bits physical, 48 bits virtual
power management:

processor	: 2
vendor_id	: GenuineIntel
cpu family	: 6
model		: 60
model name	: Intel(R) Core(TM) i5-4440 CPU @ 3.10GHz
stepping	: 3
microcode	: 0x1c
cpu MHz		: 3210.679
cache size	: 6144 KB
physical id	: 0
siblings	: 4
core id		: 2
cpu cores	: 4
apicid		: 4
initial apicid	: 4
fpu		: yes
fpu_exception	: yes
cpuid level	: 13
wp		: yes
flags		: fpu vme de pse tsc msr pae mce cx8 apic sep mtrr pge mca cmov pat pse36 clflush dts acpi mmx fxsr sse sse2 ss ht tm pbe syscall nx pdpe1gb rdtscp lm constant_tsc arch_perfmon pebs bts rep_good nopl xtopology nonstop_tsc aperfmperf eagerfpu pni pclmulqdq dtes64 monitor ds_cpl vmx est tm2 ssse3 fma cx16 xtpr pdcm pcid sse4_1 sse4_2 x2apic movbe popcnt tsc_deadline_timer aes xsave avx f16c rdrand lahf_lm abm ida arat pln pts dtherm tpr_shadow vnmi flexpriority ept vpid fsgsbase tsc_adjust bmi1 avx2 smep bmi2 erms invpcid xsaveopt
bugs		:
bogomips	: 6188.51
clflush size	: 64
cache_alignment	: 64
address sizes	: 39 bits physical, 48 bits virtual
power management:

processor	: 3
vendor_id	: GenuineIntel
cpu family	: 6
model		: 60
model name	: Intel(R) Core(TM) i5-4440 CPU @ 3.10GHz
stepping	: 3
microcode	: 0x1c
cpu MHz		: 3162.484
cache size	: 6144 KB
physical id	: 0
siblings	: 4
core id		: 3
cpu cores	: 4
apicid		: 6
initial apicid	: 6
fpu		: yes
fpu_exception	: yes
cpuid level	: 13
wp		: yes
flags		: fpu vme de pse tsc msr pae mce cx8 apic sep mtrr pge mca cmov pat pse36 clflush dts acpi mmx fxsr sse sse2 ss ht tm pbe syscall nx pdpe1gb rdtscp lm constant_tsc arch_perfmon pebs bts rep_good nopl xtopology nonstop_tsc aperfmperf eagerfpu pni pclmulqdq dtes64 monitor ds_cpl vmx est tm2 ssse3 fma cx16 xtpr pdcm pcid sse4_1 sse4_2 x2apic movbe popcnt tsc_deadline_timer aes xsave avx f16c rdrand lahf_lm abm ida arat pln pts dtherm tpr_shadow vnmi flexpriority ept vpid fsgsbase tsc_adjust bmi1 avx2 smep bmi2 erms invpcid xsaveopt
bugs		:
bogomips	: 6188.51
clflush size	: 64
cache_alignment	: 64
address sizes	: 39 bits physical, 48 bits virtual
power management:



Memory: 4k page, physical 8059640k(2953748k free), swap 9227464k(9227464k free)

vm_info: OpenJDK 64-Bit Server VM (24.91-b01) for linux-amd64 JRE (1.7.0_91-b02), built on Nov 18 2015 11:22:39 by "builduser" with gcc 5.2.0

time: Fri Apr 15 17:48:15 2016
elapsed time: 12 seconds

