#
# A fatal error has been detected by the Java Runtime Environment:
#
#  SIGSEGV (0xb) at pc=0x00007f2cffa56af0, pid=14872, tid=139829840967424
#
# JRE version: OpenJDK Runtime Environment (7.0_91-b02) (build 1.7.0_91-b02)
# Java VM: OpenJDK 64-Bit Server VM (24.91-b01 mixed mode linux-amd64 compressed oops)
# Derivative: IcedTea 2.6.3
# Distribution: Custom build (Wed Nov 18 11:18:35 UTC 2015)
# Problematic frame:
# C  [libc.so.6+0x14caf0]  __memset_avx2+0x30
#
# Failed to write core dump. Core dumps have been disabled. To enable core dumping, try "ulimit -c unlimited" before starting Java again
#
# If you would like to submit a bug report, please include
# instructions on how to reproduce the bug and visit:
#   http://icedtea.classpath.org/bugzilla
# The crash happened outside the Java Virtual Machine in native code.
# See problematic frame for where to report the bug.
#

---------------  T H R E A D  ---------------

Current thread (0x00007f2ca4334000):  JavaThread "SwingWorker-pool-1-thread-1" daemon [_thread_in_native, id=14897, stack(0x00007f2cabeff000,0x00007f2cac000000)]

siginfo:si_signo=SIGSEGV: si_errno=0, si_code=1 (SEGV_MAPERR), si_addr=0x00007f2c40ab41c4

Registers:
RAX=0x00007f2c40ab41c4, RBX=0x00007f2c40ab41c4, RCX=0x0000000000007f2c, RDX=0x0000000000000080
RSP=0x00007f2cabffd9e8, RBP=0x0000000000000008, RSI=0x00007f2c40ab4244, RDI=0x00007f2c40ab41c4
R8 =0x00000000000000cd, R9 =0x000000000000018e, R10=0x0000000000000003, R11=0x00007f2ca00072c8
R12=0x0000000000000080, R13=0x00007f2ca0ad6570, R14=0x00007f2ca00008f0, R15=0x000000004299d00c
RIP=0x00007f2cffa56af0, EFLAGS=0x0000000000010246, CSGSFS=0x0000000000000033, ERR=0x0000000000000006
  TRAPNO=0x000000000000000e

Top of Stack: (sp=0x00007f2cabffd9e8)
0x00007f2cabffd9e8:   00007f2cabc6fa01 00000000000000e5
0x00007f2cabffd9f8:   00007f2c00000001 0000000000000000
0x00007f2cabffda08:   00007f2ca0ad64d0 0000000000000000
0x00007f2cabffda18:   0000000000000000 00007f2ca0ad6570
0x00007f2cabffda28:   00007f2ca00072b8 0000000000000003
0x00007f2cabffda38:   00007f2cab4e41f8 0000000000000000
0x00007f2cabffda48:   0000000000000080 403a80efb7666667
0x00007f2cabffda58:   0100000000000000 00007f2ca00008f0
0x00007f2cabffda68:   00007f2cabffdbe0 00007f2cabffdb10
0x00007f2cabffda78:   00007f2cabffdb20 00007f2cabffe030
0x00007f2cabffda88:   00007f2cabffdb30 00007f2cabef8330
0x00007f2cabffda98:   0000000242ff4000 0000000000000000
0x00007f2cabffdaa8:   0000000000000000 0000000000000000
0x00007f2cabffdab8:   0000000000000000 0000000000000000
0x00007f2cabffdac8:   0000000000000000 0000000000000000
0x00007f2cabffdad8:   00007f2cabffdaa0 00007f2cabffdae8
0x00007f2cabffdae8:   0000000000000500 0000000000000001
0x00007f2cabffdaf8:   0000000242ff4000 0000000000000000
0x00007f2cabffdb08:   0000000000000000 0000000000000000
0x00007f2cabffdb18:   0000000000000000 0000000000000000
0x00007f2cabffdb28:   0000000000000000 0000000000000000
0x00007f2cabffdb38:   00007f2cabffdb00 00007f2cabffdb70
0x00007f2cabffdb48:   0000000000000500 0000000000000000
0x00007f2cabffdb58:   0000000000000000 3ff0000000000000
0x00007f2cabffdb68:   00007f2c00000000 00007f2cc40cbd00
0x00007f2cabffdb78:   00007f2cc40cc0d8 00000000000003d8
0x00007f2cabffdb88:   0000003000000030 00007f2cabffea98
0x00007f2cabffdb98:   00007f2cf50004e7 00007f2cf50003d0
0x00007f2cabffdba8:   00007f2c00000000 00007f2cabffdc60
0x00007f2cabffdbb8:   00007f2cabffdd80 0000000000000000
0x00007f2cabffdbc8:   0000000000000000 00007f2ca0cfeb10
0x00007f2cabffdbd8:   00007f2cabb80c70 00007f2ca0006b90 

Instructions: (pc=0x00007f2cffa56af0)
0x00007f2cffa56ad0:   e2 71 00 c0 48 83 fa 10 0f 82 c2 00 00 00 48 81
0x00007f2cffa56ae0:   fa 00 01 00 00 0f 83 f5 00 00 00 80 fa 80 72 50
0x00007f2cffa56af0:   c5 fa 7f 07 c5 fa 7f 47 10 c5 fa 7f 47 20 c5 fa
0x00007f2cffa56b00:   7f 47 30 c5 fa 7f 47 40 c5 fa 7f 47 50 c5 fa 7f 

Register to memory mapping:

RAX=0x00007f2c40ab41c4 is an unknown value
RBX=0x00007f2c40ab41c4 is an unknown value
RCX=0x0000000000007f2c is an unknown value
RDX=0x0000000000000080 is an unknown value
RSP=0x00007f2cabffd9e8 is pointing into the stack for thread: 0x00007f2ca4334000
RBP=0x0000000000000008 is an unknown value
RSI=0x00007f2c40ab4244 is an unknown value
RDI=0x00007f2c40ab41c4 is an unknown value
R8 =0x00000000000000cd is an unknown value
R9 =0x000000000000018e is an unknown value
R10=0x0000000000000003 is an unknown value
R11=0x00007f2ca00072c8 is an unknown value
R12=0x0000000000000080 is an unknown value
R13=0x00007f2ca0ad6570 is an unknown value
R14=0x00007f2ca00008f0 is an unknown value
R15=0x000000004299d00c is an unknown value


Stack: [0x00007f2cabeff000,0x00007f2cac000000],  sp=0x00007f2cabffd9e8,  free space=1018k
Native frames: (J=compiled Java code, j=interpreted, Vv=VM code, C=native code)
C  [libc.so.6+0x14caf0]  __memset_avx2+0x30

[error occurred during error reporting (printing native stack), id 0xb]

Java frames: (J=compiled Java code, j=interpreted, Vv=VM code)
j  org.bytedeco.javacpp.opencv_imgproc.cvApproxPoly(Lorg/bytedeco/javacpp/Pointer;ILorg/bytedeco/javacpp/opencv_core$CvMemStorage;ID)Lorg/bytedeco/javacpp/opencv_core$CvSeq;+0
j  ru.ang5545.scanning_system_2.image_processing.ContourHandler.getPoints(Lorg/bytedeco/javacpp/opencv_core$CvSeq;)[Lorg/bytedeco/javacpp/opencv_core$CvPoint;+34
j  ru.ang5545.scanning_system_2.image_processing.ContourHandler.drawPoints(Lorg/bytedeco/javacpp/opencv_core$IplImage;)V+25
j  ru.ang5545.scanning_system_2.image_processing.ImageHandler.processImage(Lorg/bytedeco/javacpp/opencv_core$IplImage;Lru/ang5545/model/ThresholdParameters;Lru/ang5545/model/ThresholdParameters;Lru/ang5545/model/ThresholdParameters;)V+98
j  ru.ang5545.scanning_system_2.gui.MainFrame$AnswerWorker.doInBackground()Ljava/lang/String;+61
j  ru.ang5545.scanning_system_2.gui.MainFrame$AnswerWorker.doInBackground()Ljava/lang/Object;+1
j  javax.swing.SwingWorker$1.call()Ljava/lang/Object;+14
j  java.util.concurrent.FutureTask.run()V+42
j  javax.swing.SwingWorker.run()V+4
j  java.util.concurrent.ThreadPoolExecutor.runWorker(Ljava/util/concurrent/ThreadPoolExecutor$Worker;)V+95
j  java.util.concurrent.ThreadPoolExecutor$Worker.run()V+5
j  java.lang.Thread.run()V+11
v  ~StubRoutines::call_stub

---------------  P R O C E S S  ---------------

Java Threads: ( => current thread )
=>0x00007f2ca4334000 JavaThread "SwingWorker-pool-1-thread-1" daemon [_thread_in_native, id=14897, stack(0x00007f2cabeff000,0x00007f2cac000000)]
  0x00007f2ca420e800 JavaThread "TimerQueue" daemon [_thread_blocked, id=14895, stack(0x00007f2caa75a000,0x00007f2caa85b000)]
  0x00007f2cf8009800 JavaThread "DestroyJavaVM" [_thread_blocked, id=14873, stack(0x00007f2d003c2000,0x00007f2d004c3000)]
  0x00007f2cf828a000 JavaThread "AWT-EventQueue-0" [_thread_blocked, id=14893, stack(0x00007f2cb8009000,0x00007f2cb810a000)]
  0x00007f2cf8289000 JavaThread "AWT-Shutdown" [_thread_blocked, id=14892, stack(0x00007f2cb810a000,0x00007f2cb820b000)]
  0x00007f2cf8285000 JavaThread "AWT-XAWT" daemon [_thread_in_native, id=14891, stack(0x00007f2cb820b000,0x00007f2cb830c000)]
  0x00007f2cf826a000 JavaThread "Java2D Disposer" daemon [_thread_blocked, id=14890, stack(0x00007f2cd806f000,0x00007f2cd8170000)]
  0x00007f2cf80ad800 JavaThread "Service Thread" daemon [_thread_blocked, id=14888, stack(0x00007f2cdb6fc000,0x00007f2cdb7fd000)]
  0x00007f2cf80ab800 JavaThread "C2 CompilerThread1" daemon [_thread_blocked, id=14887, stack(0x00007f2cdb7fd000,0x00007f2cdb8fe000)]
  0x00007f2cf80a8800 JavaThread "C2 CompilerThread0" daemon [_thread_blocked, id=14886, stack(0x00007f2cdb8fe000,0x00007f2cdb9ff000)]
  0x00007f2cf80a6000 JavaThread "Signal Dispatcher" daemon [_thread_blocked, id=14885, stack(0x00007f2cdb9ff000,0x00007f2cdbb00000)]
  0x00007f2cf807b000 JavaThread "Finalizer" daemon [_thread_blocked, id=14884, stack(0x00007f2cdbdfe000,0x00007f2cdbeff000)]
  0x00007f2cf8079000 JavaThread "Reference Handler" daemon [_thread_blocked, id=14883, stack(0x00007f2cdbeff000,0x00007f2cdc000000)]

Other Threads:
  0x00007f2cf8075000 VMThread [stack: 0x00007f2cf0022000,0x00007f2cf0123000] [id=14882]
  0x00007f2cf80b8800 WatcherThread [stack: 0x00007f2cdb5fb000,0x00007f2cdb6fc000] [id=14889]

VM state:not at safepoint (normal execution)

VM Mutex/Monitor currently owned by a thread: None

Heap
 PSYoungGen      total 54272K, used 38751K [0x00000007d7000000, 0x00000007e4180000, 0x0000000800000000)
  eden space 52224K, 71% used [0x00000007d7000000,0x00000007d943e430,0x00000007da300000)
  from space 2048K, 80% used [0x00000007e3f80000,0x00000007e4119a08,0x00000007e4180000)
  to   space 3072K, 0% used [0x00000007e3b80000,0x00000007e3b80000,0x00000007e3e80000)
 ParOldGen       total 83968K, used 4946K [0x0000000785000000, 0x000000078a200000, 0x00000007d7000000)
  object space 83968K, 5% used [0x0000000785000000,0x00000007854d4bd8,0x000000078a200000)
 PSPermGen       total 21504K, used 15366K [0x000000077aa00000, 0x000000077bf00000, 0x0000000785000000)
  object space 21504K, 71% used [0x000000077aa00000,0x000000077b901a70,0x000000077bf00000)

Card table byte_map: [0x00007f2cfd1a7000,0x00007f2cfd5d3000] byte_map_base: 0x00007f2cf95d2000

Polling page: 0x00007f2d004fb000

Code Cache  [0x00007f2cf5000000, 0x00007f2cf5270000, 0x00007f2cf8000000)
 total_blobs=807 nmethods=226 adapters=534 free_code_cache=48148Kb largest_free_block=49269312

Compilation events (10 events):
Event: 21,922 Thread 0x00007f2cf80a8800  235             javax.swing.RepaintManager::isDoubleBufferingEnabled (5 bytes)
Event: 21,923 Thread 0x00007f2cf80a8800 nmethod 235 0x00007f2cf50f99d0 code [0x00007f2cf50f9b00, 0x00007f2cf50f9b58]
Event: 21,926 Thread 0x00007f2cf80ab800  236             java.awt.image.SampleModel::getNumBands (5 bytes)
Event: 21,926 Thread 0x00007f2cf80ab800 nmethod 236 0x00007f2cf50da010 code [0x00007f2cf50da140, 0x00007f2cf50da198]
Event: 21,934 Thread 0x00007f2cf80a8800  237             sun.awt.image.ByteComponentRaster::verify (566 bytes)
Event: 21,937 Thread 0x00007f2cf80a8800 nmethod 237 0x00007f2cf50fa950 code [0x00007f2cf50faae0, 0x00007f2cf50faf18]
Event: 22,001 Thread 0x00007f2cf80ab800  238             sun.awt.X11.XEvent::get_type (18 bytes)
Event: 22,002 Thread 0x00007f2cf80ab800 nmethod 238 0x00007f2cf50ef050 code [0x00007f2cf50ef1c0, 0x00007f2cf50ef358]
Event: 22,120 Thread 0x00007f2cf80a8800  239             sun.java2d.SurfaceData::getSurfaceType (5 bytes)
Event: 22,120 Thread 0x00007f2cf80a8800 nmethod 239 0x00007f2cf50fa750 code [0x00007f2cf50fa880, 0x00007f2cf50fa8f8]

GC Heap History (10 events):
Event: 21,023 GC heap before
{Heap before GC invocations=30 (full 0):
 PSYoungGen      total 61440K, used 59638K [0x00000007d7000000, 0x00000007e4800000, 0x0000000800000000)
  eden space 59904K, 97% used [0x00000007d7000000,0x00000007da913480,0x00000007daa80000)
  from space 1536K, 77% used [0x00000007e4300000,0x00000007e442a638,0x00000007e4480000)
  to   space 3584K, 0% used [0x00000007e4480000,0x00000007e4480000,0x00000007e4800000)
 ParOldGen       total 83968K, used 4850K [0x0000000785000000, 0x000000078a200000, 0x00000007d7000000)
  object space 83968K, 5% used [0x0000000785000000,0x00000007854bcbd8,0x000000078a200000)
 PSPermGen       total 21504K, used 15343K [0x000000077aa00000, 0x000000077bf00000, 0x0000000785000000)
  object space 21504K, 71% used [0x000000077aa00000,0x000000077b8fbd10,0x000000077bf00000)
Event: 21,024 GC heap after
Heap after GC invocations=30 (full 0):
 PSYoungGen      total 60416K, used 1638K [0x00000007d7000000, 0x00000007e4680000, 0x0000000800000000)
  eden space 58368K, 0% used [0x00000007d7000000,0x00000007d7000000,0x00000007da900000)
  from space 2048K, 80% used [0x00000007e4480000,0x00000007e4619a08,0x00000007e4680000)
  to   space 3072K, 0% used [0x00000007e4080000,0x00000007e4080000,0x00000007e4380000)
 ParOldGen       total 83968K, used 4874K [0x0000000785000000, 0x000000078a200000, 0x00000007d7000000)
  object space 83968K, 5% used [0x0000000785000000,0x00000007854c2bd8,0x000000078a200000)
 PSPermGen       total 21504K, used 15343K [0x000000077aa00000, 0x000000077bf00000, 0x0000000785000000)
  object space 21504K, 71% used [0x000000077aa00000,0x000000077b8fbd10,0x000000077bf00000)
}
Event: 21,388 GC heap before
{Heap before GC invocations=31 (full 0):
 PSYoungGen      total 60416K, used 58842K [0x00000007d7000000, 0x00000007e4680000, 0x0000000800000000)
  eden space 58368K, 98% used [0x00000007d7000000,0x00000007da7dd078,0x00000007da900000)
  from space 2048K, 80% used [0x00000007e4480000,0x00000007e4619a08,0x00000007e4680000)
  to   space 3072K, 0% used [0x00000007e4080000,0x00000007e4080000,0x00000007e4380000)
 ParOldGen       total 83968K, used 4874K [0x0000000785000000, 0x000000078a200000, 0x00000007d7000000)
  object space 83968K, 5% used [0x0000000785000000,0x00000007854c2bd8,0x000000078a200000)
 PSPermGen       total 21504K, used 15347K [0x000000077aa00000, 0x000000077bf00000, 0x0000000785000000)
  object space 21504K, 71% used [0x000000077aa00000,0x000000077b8fcd20,0x000000077bf00000)
Event: 21,389 GC heap after
Heap after GC invocations=31 (full 0):
 PSYoungGen      total 58368K, used 1161K [0x00000007d7000000, 0x00000007e4500000, 0x0000000800000000)
  eden space 56832K, 0% used [0x00000007d7000000,0x00000007d7000000,0x00000007da780000)
  from space 1536K, 75% used [0x00000007e4080000,0x00000007e41a2638,0x00000007e4200000)
  to   space 3072K, 0% used [0x00000007e4200000,0x00000007e4200000,0x00000007e4500000)
 ParOldGen       total 83968K, used 4882K [0x0000000785000000, 0x000000078a200000, 0x00000007d7000000)
  object space 83968K, 5% used [0x0000000785000000,0x00000007854c4bd8,0x000000078a200000)
 PSPermGen       total 21504K, used 15347K [0x000000077aa00000, 0x000000077bf00000, 0x0000000785000000)
  object space 21504K, 71% used [0x000000077aa00000,0x000000077b8fcd20,0x000000077bf00000)
}
Event: 21,712 GC heap before
{Heap before GC invocations=32 (full 0):
 PSYoungGen      total 58368K, used 57031K [0x00000007d7000000, 0x00000007e4500000, 0x0000000800000000)
  eden space 56832K, 98% used [0x00000007d7000000,0x00000007da68f870,0x00000007da780000)
  from space 1536K, 75% used [0x00000007e4080000,0x00000007e41a2638,0x00000007e4200000)
  to   space 3072K, 0% used [0x00000007e4200000,0x00000007e4200000,0x00000007e4500000)
 ParOldGen       total 83968K, used 4882K [0x0000000785000000, 0x000000078a200000, 0x00000007d7000000)
  object space 83968K, 5% used [0x0000000785000000,0x00000007854c4bd8,0x000000078a200000)
 PSPermGen       total 21504K, used 15355K [0x000000077aa00000, 0x000000077bf00000, 0x0000000785000000)
  object space 21504K, 71% used [0x000000077aa00000,0x000000077b8fed10,0x000000077bf00000)
Event: 21,712 GC heap after
Heap after GC invocations=32 (full 0):
 PSYoungGen      total 57344K, used 1718K [0x00000007d7000000, 0x00000007e4400000, 0x0000000800000000)
  eden space 55296K, 0% used [0x00000007d7000000,0x00000007d7000000,0x00000007da600000)
  from space 2048K, 83% used [0x00000007e4200000,0x00000007e43ad810,0x00000007e4400000)
  to   space 3072K, 0% used [0x00000007e3e00000,0x00000007e3e00000,0x00000007e4100000)
 ParOldGen       total 83968K, used 4890K [0x0000000785000000, 0x000000078a200000, 0x00000007d7000000)
  object space 83968K, 5% used [0x0000000785000000,0x00000007854c6bd8,0x000000078a200000)
 PSPermGen       total 21504K, used 15355K [0x000000077aa00000, 0x000000077bf00000, 0x0000000785000000)
  object space 21504K, 71% used [0x000000077aa00000,0x000000077b8fed10,0x000000077bf00000)
}
Event: 22,028 GC heap before
{Heap before GC invocations=33 (full 0):
 PSYoungGen      total 57344K, used 53913K [0x00000007d7000000, 0x00000007e4400000, 0x0000000800000000)
  eden space 55296K, 94% used [0x00000007d7000000,0x00000007da2f8f18,0x00000007da600000)
  from space 2048K, 83% used [0x00000007e4200000,0x00000007e43ad810,0x00000007e4400000)
  to   space 3072K, 0% used [0x00000007e3e00000,0x00000007e3e00000,0x00000007e4100000)
 ParOldGen       total 83968K, used 4890K [0x0000000785000000, 0x000000078a200000, 0x00000007d7000000)
  object space 83968K, 5% used [0x0000000785000000,0x00000007854c6bd8,0x000000078a200000)
 PSPermGen       total 21504K, used 15358K [0x000000077aa00000, 0x000000077bf00000, 0x0000000785000000)
  object space 21504K, 71% used [0x000000077aa00000,0x000000077b8ffa40,0x000000077bf00000)
Event: 22,030 GC heap after
Heap after GC invocations=33 (full 0):
 PSYoungGen      total 55296K, used 1193K [0x00000007d7000000, 0x00000007e4280000, 0x0000000800000000)
  eden space 53760K, 0% used [0x00000007d7000000,0x00000007d7000000,0x00000007da480000)
  from space 1536K, 77% used [0x00000007e3e00000,0x00000007e3f2a638,0x00000007e3f80000)
  to   space 3072K, 0% used [0x00000007e3f80000,0x00000007e3f80000,0x00000007e4280000)
 ParOldGen       total 83968K, used 4922K [0x0000000785000000, 0x000000078a200000, 0x00000007d7000000)
  object space 83968K, 5% used [0x0000000785000000,0x00000007854cebd8,0x000000078a200000)
 PSPermGen       total 21504K, used 15358K [0x000000077aa00000, 0x000000077bf00000, 0x0000000785000000)
  object space 21504K, 71% used [0x000000077aa00000,0x000000077b8ffa40,0x000000077bf00000)
}
Event: 22,339 GC heap before
{Heap before GC invocations=34 (full 0):
 PSYoungGen      total 55296K, used 54460K [0x00000007d7000000, 0x00000007e4280000, 0x0000000800000000)
  eden space 53760K, 99% used [0x00000007d7000000,0x00000007da404d60,0x00000007da480000)
  from space 1536K, 77% used [0x00000007e3e00000,0x00000007e3f2a638,0x00000007e3f80000)
  to   space 3072K, 0% used [0x00000007e3f80000,0x00000007e3f80000,0x00000007e4280000)
 ParOldGen       total 83968K, used 4922K [0x0000000785000000, 0x000000078a200000, 0x00000007d7000000)
  object space 83968K, 5% used [0x0000000785000000,0x00000007854cebd8,0x000000078a200000)
 PSPermGen       total 21504K, used 15363K [0x000000077aa00000, 0x000000077bf00000, 0x0000000785000000)
  object space 21504K, 71% used [0x000000077aa00000,0x000000077b900fc0,0x000000077bf00000)
Event: 22,340 GC heap after
Heap after GC invocations=34 (full 0):
 PSYoungGen      total 54272K, used 1638K [0x00000007d7000000, 0x00000007e4180000, 0x0000000800000000)
  eden space 52224K, 0% used [0x00000007d7000000,0x00000007d7000000,0x00000007da300000)
  from space 2048K, 80% used [0x00000007e3f80000,0x00000007e4119a08,0x00000007e4180000)
  to   space 3072K, 0% used [0x00000007e3b80000,0x00000007e3b80000,0x00000007e3e80000)
 ParOldGen       total 83968K, used 4946K [0x0000000785000000, 0x000000078a200000, 0x00000007d7000000)
  object space 83968K, 5% used [0x0000000785000000,0x00000007854d4bd8,0x000000078a200000)
 PSPermGen       total 21504K, used 15363K [0x000000077aa00000, 0x000000077bf00000, 0x0000000785000000)
  object space 21504K, 71% used [0x000000077aa00000,0x000000077b900fc0,0x000000077bf00000)
}

Deoptimization events (10 events):
Event: 11,342 Thread 0x00007f2cf828a000 Uncommon trap: reason=array_check action=maybe_recompile pc=0x00007f2cf50da97c method=java.util.TimSort.binarySort([Ljava/lang/Object;IIILjava/util/Comparator;)V @ 183
Event: 11,351 Thread 0x00007f2cf828a000 Uncommon trap: reason=array_check action=maybe_recompile pc=0x00007f2cf50da724 method=java.util.TimSort.binarySort([Ljava/lang/Object;IIILjava/util/Comparator;)V @ 215
Event: 11,351 Thread 0x00007f2cf828a000 Uncommon trap: reason=array_check action=maybe_recompile pc=0x00007f2cf50da97c method=java.util.TimSort.binarySort([Ljava/lang/Object;IIILjava/util/Comparator;)V @ 183
Event: 12,943 Thread 0x00007f2cf828a000 Uncommon trap: reason=array_check action=maybe_recompile pc=0x00007f2cf50e5860 method=java.util.TimSort.binarySort([Ljava/lang/Object;IIILjava/util/Comparator;)V @ 193
Event: 12,943 Thread 0x00007f2cf828a000 Uncommon trap: reason=array_check action=maybe_recompile pc=0x00007f2cf50e5860 method=java.util.TimSort.binarySort([Ljava/lang/Object;IIILjava/util/Comparator;)V @ 193
Event: 15,898 Thread 0x00007f2cf828a000 Uncommon trap: reason=class_check action=maybe_recompile pc=0x00007f2cf5086590 method=java.lang.String.equals(Ljava/lang/Object;)Z @ 8
Event: 15,898 Thread 0x00007f2cf828a000 Uncommon trap: reason=class_check action=maybe_recompile pc=0x00007f2cf5086590 method=java.lang.String.equals(Ljava/lang/Object;)Z @ 8
Event: 15,899 Thread 0x00007f2cf828a000 Uncommon trap: reason=unstable_if action=reinterpret pc=0x00007f2cf50e12b8 method=sun.font.FontDesignMetrics.getLatinCharWidth(C)F @ 11
Event: 16,738 Thread 0x00007f2cf828a000 Uncommon trap: reason=class_check action=maybe_recompile pc=0x00007f2cf5086590 method=java.lang.String.equals(Ljava/lang/Object;)Z @ 8
Event: 16,738 Thread 0x00007f2cf828a000 Uncommon trap: reason=class_check action=maybe_recompile pc=0x00007f2cf5086590 method=java.lang.String.equals(Ljava/lang/Object;)Z @ 8

Internal exceptions (10 events):
Event: 6,757 Thread 0x00007f2cf828a000 Threw 0x00000007d826fe70 at /build/java7-openjdk/src/icedtea-2.6.3/openjdk/hotspot/src/share/vm/prims/jvm.cpp:1322
Event: 6,757 Thread 0x00007f2cf828a000 Threw 0x00000007d8276d28 at /build/java7-openjdk/src/icedtea-2.6.3/openjdk/hotspot/src/share/vm/prims/jvm.cpp:1322
Event: 6,758 Thread 0x00007f2cf828a000 Threw 0x00000007d827d2c0 at /build/java7-openjdk/src/icedtea-2.6.3/openjdk/hotspot/src/share/vm/prims/jvm.cpp:1322
Event: 6,758 Thread 0x00007f2cf828a000 Threw 0x00000007d82840e8 at /build/java7-openjdk/src/icedtea-2.6.3/openjdk/hotspot/src/share/vm/prims/jvm.cpp:1322
Event: 6,758 Thread 0x00007f2cf828a000 Threw 0x00000007d8289aa8 at /build/java7-openjdk/src/icedtea-2.6.3/openjdk/hotspot/src/share/vm/prims/jvm.cpp:1322
Event: 6,758 Thread 0x00007f2cf828a000 Threw 0x00000007d828ed00 at /build/java7-openjdk/src/icedtea-2.6.3/openjdk/hotspot/src/share/vm/prims/jvm.cpp:1322
Event: 6,759 Thread 0x00007f2cf828a000 Threw 0x00000007d82947c8 at /build/java7-openjdk/src/icedtea-2.6.3/openjdk/hotspot/src/share/vm/prims/jvm.cpp:1322
Event: 6,790 Thread 0x00007f2cf828a000 Threw 0x00000007d82db850 at /build/java7-openjdk/src/icedtea-2.6.3/openjdk/hotspot/src/share/vm/prims/jvm.cpp:1322
Event: 6,792 Thread 0x00007f2cf828a000 Threw 0x00000007d82dfdc8 at /build/java7-openjdk/src/icedtea-2.6.3/openjdk/hotspot/src/share/vm/prims/jvm.cpp:1322
Event: 6,865 Thread 0x00007f2ca4334000 Threw 0x00000007d83e77b0 at /build/java7-openjdk/src/icedtea-2.6.3/openjdk/hotspot/src/share/vm/prims/jvm.cpp:1322

Events (10 events):
Event: 21,024 Executing VM operation: ParallelGCFailedAllocation done
Event: 21,388 Executing VM operation: ParallelGCFailedAllocation
Event: 21,389 Executing VM operation: ParallelGCFailedAllocation done
Event: 21,712 Executing VM operation: ParallelGCFailedAllocation
Event: 21,712 Executing VM operation: ParallelGCFailedAllocation done
Event: 21,819 Thread 0x00007f2cf80ab800 flushing nmethod 0x00007f2cf50da010
Event: 22,028 Executing VM operation: ParallelGCFailedAllocation
Event: 22,030 Executing VM operation: ParallelGCFailedAllocation done
Event: 22,339 Executing VM operation: ParallelGCFailedAllocation
Event: 22,340 Executing VM operation: ParallelGCFailedAllocation done


Dynamic libraries:
00400000-00401000 r-xp 00000000 08:02 15742080                           /usr/lib/jvm/java-7-openjdk/jre/bin/java
00600000-00601000 rw-p 00000000 08:02 15742080                           /usr/lib/jvm/java-7-openjdk/jre/bin/java
00751000-00772000 rw-p 00000000 00:00 0                                  [heap]
77aa00000-77bf00000 rw-p 00000000 00:00 0 
77bf00000-785000000 rw-p 00000000 00:00 0 
785000000-78a200000 rw-p 00000000 00:00 0 
78a200000-7d7000000 rw-p 00000000 00:00 0 
7d7000000-7e4180000 rw-p 00000000 00:00 0 
7e4180000-7e7100000 ---p 00000000 00:00 0 
7e7100000-800000000 rw-p 00000000 00:00 0 
7f2c98000000-7f2c98021000 rw-p 00000000 00:00 0 
7f2c98021000-7f2c9c000000 ---p 00000000 00:00 0 
7f2ca0000000-7f2ca0d0f000 rw-p 00000000 00:00 0 
7f2ca0d0f000-7f2ca4000000 ---p 00000000 00:00 0 
7f2ca4000000-7f2ca4beb000 rw-p 00000000 00:00 0 
7f2ca4beb000-7f2ca8000000 ---p 00000000 00:00 0 
7f2ca843a000-7f2ca843b000 ---p 00000000 00:00 0 
7f2ca843b000-7f2ca8c3b000 rw-p 00000000 00:00 0                          [stack:14900]
7f2ca8c3b000-7f2ca8c3c000 ---p 00000000 00:00 0 
7f2ca8c3c000-7f2ca943c000 rw-p 00000000 00:00 0                          [stack:14899]
7f2ca943c000-7f2ca943d000 ---p 00000000 00:00 0 
7f2ca943d000-7f2ca9c3d000 rw-p 00000000 00:00 0                          [stack:14898]
7f2ca9c3d000-7f2ca9c57000 r-xp 00000000 00:22 74                         /tmp/javacpp25692859780945/libjniopencv_imgcodecs.so
7f2ca9c57000-7f2ca9e56000 ---p 0001a000 00:22 74                         /tmp/javacpp25692859780945/libjniopencv_imgcodecs.so
7f2ca9e56000-7f2ca9e57000 rw-p 00019000 00:22 74                         /tmp/javacpp25692859780945/libjniopencv_imgcodecs.so
7f2ca9e57000-7f2caa0f0000 r-xp 00000000 00:22 73                         /tmp/javacpp25692859780945/libopencv_imgcodecs.so.3.0
7f2caa0f0000-7f2caa2f0000 ---p 00299000 00:22 73                         /tmp/javacpp25692859780945/libopencv_imgcodecs.so.3.0
7f2caa2f0000-7f2caa2fd000 rw-p 00299000 00:22 73                         /tmp/javacpp25692859780945/libopencv_imgcodecs.so.3.0
7f2caa2fd000-7f2caa308000 rw-p 00000000 00:00 0 
7f2caa308000-7f2caa3c0000 r-xp 00000000 00:22 72                         /tmp/javacpp25692859780945/libjniopencv_imgproc.so
7f2caa3c0000-7f2caa5bf000 ---p 000b8000 00:22 72                         /tmp/javacpp25692859780945/libjniopencv_imgproc.so
7f2caa5bf000-7f2caa5c1000 rw-p 000b7000 00:22 72                         /tmp/javacpp25692859780945/libjniopencv_imgproc.so
7f2caa5c1000-7f2caa75a000 rw-s 00000000 00:05 26902550                   /SYSV00000000 (deleted)
7f2caa75a000-7f2caa75d000 ---p 00000000 00:00 0 
7f2caa75d000-7f2caa85b000 rw-p 00000000 00:00 0                          [stack:14895]
7f2caa85b000-7f2caa86b000 r-xp 00000000 08:02 15742055                   /usr/lib/jvm/java-7-openjdk/jre/lib/amd64/libnio.so
7f2caa86b000-7f2caaa6b000 ---p 00010000 08:02 15742055                   /usr/lib/jvm/java-7-openjdk/jre/lib/amd64/libnio.so
7f2caaa6b000-7f2caaa6c000 rw-p 00010000 08:02 15742055                   /usr/lib/jvm/java-7-openjdk/jre/lib/amd64/libnio.so
7f2caaa6c000-7f2caaa83000 r-xp 00000000 08:02 15742054                   /usr/lib/jvm/java-7-openjdk/jre/lib/amd64/libnet.so
7f2caaa83000-7f2caac83000 ---p 00017000 08:02 15742054                   /usr/lib/jvm/java-7-openjdk/jre/lib/amd64/libnet.so
7f2caac83000-7f2caac84000 rw-p 00017000 08:02 15742054                   /usr/lib/jvm/java-7-openjdk/jre/lib/amd64/libnet.so
7f2caac84000-7f2caacd6000 r-xp 00000000 08:02 15742070                   /usr/lib/jvm/java-7-openjdk/jre/lib/amd64/libfontmanager.so
7f2caacd6000-7f2caaed6000 ---p 00052000 08:02 15742070                   /usr/lib/jvm/java-7-openjdk/jre/lib/amd64/libfontmanager.so
7f2caaed6000-7f2caaed9000 rw-p 00052000 08:02 15742070                   /usr/lib/jvm/java-7-openjdk/jre/lib/amd64/libfontmanager.so
7f2caaed9000-7f2cab0c9000 r-xp 00000000 00:22 71                         /tmp/javacpp25692859780945/libjniopencv_core.so
7f2cab0c9000-7f2cab2c9000 ---p 001f0000 00:22 71                         /tmp/javacpp25692859780945/libjniopencv_core.so
7f2cab2c9000-7f2cab2cc000 rw-p 001f0000 00:22 71                         /tmp/javacpp25692859780945/libjniopencv_core.so
7f2cab2cc000-7f2cab596000 r-xp 00000000 00:22 70                         /tmp/javacpp25692859780945/libopencv_imgproc.so.3.0
7f2cab596000-7f2cab796000 ---p 002ca000 00:22 70                         /tmp/javacpp25692859780945/libopencv_imgproc.so.3.0
7f2cab796000-7f2cab7a8000 rw-p 002ca000 00:22 70                         /tmp/javacpp25692859780945/libopencv_imgproc.so.3.0
7f2cab7a8000-7f2cab83d000 rw-p 00000000 00:00 0 
7f2cab83d000-7f2cab85e000 r-xp 00000000 08:02 14947461                   /usr/lib/libgomp.so.1.0.0
7f2cab85e000-7f2caba5e000 ---p 00021000 08:02 14947461                   /usr/lib/libgomp.so.1.0.0
7f2caba5e000-7f2caba5f000 rw-p 00021000 08:02 14947461                   /usr/lib/libgomp.so.1.0.0
7f2caba5f000-7f2cabcf6000 r-xp 00000000 00:22 69                         /tmp/javacpp25692859780945/libopencv_core.so.3.0
7f2cabcf6000-7f2cabef5000 ---p 00297000 00:22 69                         /tmp/javacpp25692859780945/libopencv_core.so.3.0
7f2cabef5000-7f2cabefc000 rw-p 00296000 00:22 69                         /tmp/javacpp25692859780945/libopencv_core.so.3.0
7f2cabefc000-7f2cabeff000 rw-p 00000000 00:00 0 
7f2cabeff000-7f2cabf02000 ---p 00000000 00:00 0 
7f2cabf02000-7f2cac000000 rw-p 00000000 00:00 0                          [stack:14897]
7f2cac000000-7f2cac021000 rw-p 00000000 00:00 0 
7f2cac021000-7f2cb0000000 ---p 00000000 00:00 0 
7f2cb0000000-7f2cb0021000 rw-p 00000000 00:00 0 
7f2cb0021000-7f2cb4000000 ---p 00000000 00:00 0 
7f2cb4000000-7f2cb4021000 rw-p 00000000 00:00 0 
7f2cb4021000-7f2cb8000000 ---p 00000000 00:00 0 
7f2cb8009000-7f2cb800c000 ---p 00000000 00:00 0 
7f2cb800c000-7f2cb810a000 rw-p 00000000 00:00 0                          [stack:14893]
7f2cb810a000-7f2cb810d000 ---p 00000000 00:00 0 
7f2cb810d000-7f2cb820b000 rw-p 00000000 00:00 0                          [stack:14892]
7f2cb820b000-7f2cb820e000 ---p 00000000 00:00 0 
7f2cb820e000-7f2cb830c000 rw-p 00000000 00:00 0                          [stack:14891]
7f2cb830c000-7f2cb8311000 r-xp 00000000 08:02 14947362                   /usr/lib/libXfixes.so.3.1.0
7f2cb8311000-7f2cb8510000 ---p 00005000 08:02 14947362                   /usr/lib/libXfixes.so.3.1.0
7f2cb8510000-7f2cb8511000 r--p 00004000 08:02 14947362                   /usr/lib/libXfixes.so.3.1.0
7f2cb8511000-7f2cb8512000 rw-p 00005000 08:02 14947362                   /usr/lib/libXfixes.so.3.1.0
7f2cb8512000-7f2cb851c000 r-xp 00000000 08:02 14955981                   /usr/lib/libXcursor.so.1.0.2
7f2cb851c000-7f2cb871b000 ---p 0000a000 08:02 14955981                   /usr/lib/libXcursor.so.1.0.2
7f2cb871b000-7f2cb871c000 r--p 00009000 08:02 14955981                   /usr/lib/libXcursor.so.1.0.2
7f2cb871c000-7f2cb871d000 rw-p 0000a000 08:02 14955981                   /usr/lib/libXcursor.so.1.0.2
7f2cb871d000-7f2cb8721000 r-xp 00000000 08:02 14947376                   /usr/lib/libattr.so.1.1.0
7f2cb8721000-7f2cb8920000 ---p 00004000 08:02 14947376                   /usr/lib/libattr.so.1.1.0
7f2cb8920000-7f2cb8921000 r--p 00003000 08:02 14947376                   /usr/lib/libattr.so.1.1.0
7f2cb8921000-7f2cb8922000 rw-p 00004000 08:02 14947376                   /usr/lib/libattr.so.1.1.0
7f2cb8922000-7f2cb8926000 r-xp 00000000 08:02 14947386                   /usr/lib/libcap.so.2.24
7f2cb8926000-7f2cb8b25000 ---p 00004000 08:02 14947386                   /usr/lib/libcap.so.2.24
7f2cb8b25000-7f2cb8b26000 rw-p 00003000 08:02 14947386                   /usr/lib/libcap.so.2.24
7f2cb8b26000-7f2cb8b38000 r-xp 00000000 08:02 14947462                   /usr/lib/libgpg-error.so.0.16.0
7f2cb8b38000-7f2cb8d37000 ---p 00012000 08:02 14947462                   /usr/lib/libgpg-error.so.0.16.0
7f2cb8d37000-7f2cb8d38000 r--p 00011000 08:02 14947462                   /usr/lib/libgpg-error.so.0.16.0
7f2cb8d38000-7f2cb8d39000 rw-p 00012000 08:02 14947462                   /usr/lib/libgpg-error.so.0.16.0
7f2cb8d39000-7f2cb8e11000 r-xp 00000000 08:02 14947444                   /usr/lib/libgcrypt.so.20.0.4
7f2cb8e11000-7f2cb9011000 ---p 000d8000 08:02 14947444                   /usr/lib/libgcrypt.so.20.0.4
7f2cb9011000-7f2cb9012000 r--p 000d8000 08:02 14947444                   /usr/lib/libgcrypt.so.20.0.4
7f2cb9012000-7f2cb901a000 rw-p 000d9000 08:02 14947444                   /usr/lib/libgcrypt.so.20.0.4
7f2cb901a000-7f2cb901b000 rw-p 00000000 00:00 0 
7f2cb901b000-7f2cb902c000 r-xp 00000000 08:02 14947501                   /usr/lib/liblz4.so.1.7.1
7f2cb902c000-7f2cb922b000 ---p 00011000 08:02 14947501                   /usr/lib/liblz4.so.1.7.1
7f2cb922b000-7f2cb922c000 r--p 00010000 08:02 14947501                   /usr/lib/liblz4.so.1.7.1
7f2cb922c000-7f2cb922d000 rw-p 00011000 08:02 14947501                   /usr/lib/liblz4.so.1.7.1
7f2cb922d000-7f2cb9252000 r-xp 00000000 08:02 14943014                   /usr/lib/liblzma.so.5.2.2
7f2cb9252000-7f2cb9451000 ---p 00025000 08:02 14943014                   /usr/lib/liblzma.so.5.2.2
7f2cb9451000-7f2cb9452000 r--p 00024000 08:02 14943014                   /usr/lib/liblzma.so.5.2.2
7f2cb9452000-7f2cb9453000 rw-p 00025000 08:02 14943014                   /usr/lib/liblzma.so.5.2.2
7f2cb9453000-7f2cb947c000 r-xp 00000000 08:02 14955009                   /usr/lib/libgraphite2.so.3.0.1
7f2cb947c000-7f2cb967b000 ---p 00029000 08:02 14955009                   /usr/lib/libgraphite2.so.3.0.1
7f2cb967b000-7f2cb967d000 r--p 00028000 08:02 14955009                   /usr/lib/libgraphite2.so.3.0.1
7f2cb967d000-7f2cb967e000 rw-p 0002a000 08:02 14955009                   /usr/lib/libgraphite2.so.3.0.1
7f2cb967e000-7f2cb970f000 r-xp 00000000 08:02 14945771                   /usr/lib/libgmp.so.10.3.0
7f2cb970f000-7f2cb990f000 ---p 00091000 08:02 14945771                   /usr/lib/libgmp.so.10.3.0
7f2cb990f000-7f2cb9910000 r--p 00091000 08:02 14945771                   /usr/lib/libgmp.so.10.3.0
7f2cb9910000-7f2cb9911000 rw-p 00092000 08:02 14945771                   /usr/lib/libgmp.so.10.3.0
7f2cb9911000-7f2cb9943000 r-xp 00000000 08:02 14947473                   /usr/lib/libhogweed.so.4.1
7f2cb9943000-7f2cb9b43000 ---p 00032000 08:02 14947473                   /usr/lib/libhogweed.so.4.1
7f2cb9b43000-7f2cb9b44000 r--p 00032000 08:02 14947473                   /usr/lib/libhogweed.so.4.1
7f2cb9b44000-7f2cb9b45000 rw-p 00033000 08:02 14947473                   /usr/lib/libhogweed.so.4.1
7f2cb9b45000-7f2cb9b7b000 r-xp 00000000 08:02 14947524                   /usr/lib/libnettle.so.6.1
7f2cb9b7b000-7f2cb9d7a000 ---p 00036000 08:02 14947524                   /usr/lib/libnettle.so.6.1
7f2cb9d7a000-7f2cb9d7c000 r--p 00035000 08:02 14947524                   /usr/lib/libnettle.so.6.1
7f2cb9d7c000-7f2cb9d7d000 rw-p 00037000 08:02 14947524                   /usr/lib/libnettle.so.6.1
7f2cb9d7d000-7f2cb9d8f000 r-xp 00000000 08:02 14947613                   /usr/lib/libtasn1.so.6.5.1
7f2cb9d8f000-7f2cb9f8e000 ---p 00012000 08:02 14947613                   /usr/lib/libtasn1.so.6.5.1
7f2cb9f8e000-7f2cb9f8f000 r--p 00011000 08:02 14947613                   /usr/lib/libtasn1.so.6.5.1
7f2cb9f8f000-7f2cb9f90000 rw-p 00012000 08:02 14947613                   /usr/lib/libtasn1.so.6.5.1
7f2cb9f90000-7f2cb9fea000 r-xp 00000000 08:02 14947558                   /usr/lib/libp11-kit.so.0.1.0
7f2cb9fea000-7f2cba1e9000 ---p 0005a000 08:02 14947558                   /usr/lib/libp11-kit.so.0.1.0
7f2cba1e9000-7f2cba1f3000 r--p 00059000 08:02 14947558                   /usr/lib/libp11-kit.so.0.1.0
7f2cba1f3000-7f2cba1f5000 rw-p 00063000 08:02 14947558                   /usr/lib/libp11-kit.so.0.1.0
7f2cba1f5000-7f2cba1f8000 r-xp 00000000 08:02 14947488                   /usr/lib/libkeyutils.so.1.5
7f2cba1f8000-7f2cba3f7000 ---p 00003000 08:02 14947488                   /usr/lib/libkeyutils.so.1.5
7f2cba3f7000-7f2cba3f8000 r--p 00002000 08:02 14947488                   /usr/lib/libkeyutils.so.1.5
7f2cba3f8000-7f2cba3f9000 rw-p 00003000 08:02 14947488                   /usr/lib/libkeyutils.so.1.5
7f2cba3f9000-7f2cba405000 r-xp 00000000 08:02 14947493                   /usr/lib/libkrb5support.so.0.1
7f2cba405000-7f2cba604000 ---p 0000c000 08:02 14947493                   /usr/lib/libkrb5support.so.0.1
7f2cba604000-7f2cba605000 r--p 0000b000 08:02 14947493                   /usr/lib/libkrb5support.so.0.1
7f2cba605000-7f2cba606000 rw-p 0000c000 08:02 14947493                   /usr/lib/libkrb5support.so.0.1
7f2cba606000-7f2cba60b000 r-xp 00000000 08:02 14947360                   /usr/lib/libXdmcp.so.6.0.0
7f2cba60b000-7f2cba80a000 ---p 00005000 08:02 14947360                   /usr/lib/libXdmcp.so.6.0.0
7f2cba80a000-7f2cba80b000 r--p 00004000 08:02 14947360                   /usr/lib/libXdmcp.so.6.0.0
7f2cba80b000-7f2cba80c000 rw-p 00005000 08:02 14947360                   /usr/lib/libXdmcp.so.6.0.0
7f2cba80c000-7f2cba80e000 r-xp 00000000 08:02 14947358                   /usr/lib/libXau.so.6.0.0
7f2cba80e000-7f2cbaa0e000 ---p 00002000 08:02 14947358                   /usr/lib/libXau.so.6.0.0
7f2cbaa0e000-7f2cbaa0f000 r--p 00002000 08:02 14947358                   /usr/lib/libXau.so.6.0.0
7f2cbaa0f000-7f2cbaa10000 rw-p 00003000 08:02 14947358                   /usr/lib/libXau.so.6.0.0
7f2cbaa10000-7f2cbaa7f000 r-xp 00000000 08:02 14947569                   /usr/lib/libpcre.so.1.2.5
7f2cbaa7f000-7f2cbac7e000 ---p 0006f000 08:02 14947569                   /usr/lib/libpcre.so.1.2.5
7f2cbac7e000-7f2cbac7f000 r--p 0006e000 08:02 14947569                   /usr/lib/libpcre.so.1.2.5
7f2cbac7f000-7f2cbac80000 rw-p 0006f000 08:02 14947569                   /usr/lib/libpcre.so.1.2.5
7f2cbac80000-7f2cbac88000 r-xp 00000000 08:02 14947435                   /usr/lib/libffi.so.6.0.4
7f2cbac88000-7f2cbae87000 ---p 00008000 08:02 14947435                   /usr/lib/libffi.so.6.0.4
7f2cbae87000-7f2cbae88000 r--p 00007000 08:02 14947435                   /usr/lib/libffi.so.6.0.4
7f2cbae88000-7f2cbae89000 rw-p 00008000 08:02 14947435                   /usr/lib/libffi.so.6.0.4
7f2cbae89000-7f2cbae9d000 r-xp 00000000 08:02 14947591                   /usr/lib/libresolv-2.22.so
7f2cbae9d000-7f2cbb09c000 ---p 00014000 08:02 14947591                   /usr/lib/libresolv-2.22.so
7f2cbb09c000-7f2cbb09d000 r--p 00013000 08:02 14947591                   /usr/lib/libresolv-2.22.so
7f2cbb09d000-7f2cbb09e000 rw-p 00014000 08:02 14947591                   /usr/lib/libresolv-2.22.so
7f2cbb09e000-7f2cbb0a0000 rw-p 00000000 00:00 0 
7f2cbb0a0000-7f2cbb0a3000 r-xp 00000000 08:02 14945767                   /usr/lib/libgmodule-2.0.so.0.4600.2
7f2cbb0a3000-7f2cbb2a2000 ---p 00003000 08:02 14945767                   /usr/lib/libgmodule-2.0.so.0.4600.2
7f2cbb2a2000-7f2cbb2a3000 r--p 00002000 08:02 14945767                   /usr/lib/libgmodule-2.0.so.0.4600.2
7f2cbb2a3000-7f2cbb2a4000 rw-p 00003000 08:02 14945767                   /usr/lib/libgmodule-2.0.so.0.4600.2
7f2cbb2a4000-7f2cbb306000 r-xp 00000000 08:02 14953538                   /usr/lib/libharfbuzz.so.0.10102.0
7f2cbb306000-7f2cbb506000 ---p 00062000 08:02 14953538                   /usr/lib/libharfbuzz.so.0.10102.0
7f2cbb506000-7f2cbb507000 r--p 00062000 08:02 14953538                   /usr/lib/libharfbuzz.so.0.10102.0
7f2cbb507000-7f2cbb508000 rw-p 00063000 08:02 14953538                   /usr/lib/libharfbuzz.so.0.10102.0
7f2cbb508000-7f2cbb53c000 r-xp 00000000 08:02 14953416                   /usr/lib/libpng16.so.16.19.0
7f2cbb53c000-7f2cbb73b000 ---p 00034000 08:02 14953416                   /usr/lib/libpng16.so.16.19.0
7f2cbb73b000-7f2cbb73c000 r--p 00033000 08:02 14953416                   /usr/lib/libpng16.so.16.19.0
7f2cbb73c000-7f2cbb73d000 rw-p 00034000 08:02 14953416                   /usr/lib/libpng16.so.16.19.0
7f2cbb73d000-7f2cbb74c000 r-xp 00000000 08:02 14947380                   /usr/lib/libbz2.so.1.0.6
7f2cbb74c000-7f2cbb94b000 ---p 0000f000 08:02 14947380                   /usr/lib/libbz2.so.1.0.6
7f2cbb94b000-7f2cbb94d000 rw-p 0000e000 08:02 14947380                   /usr/lib/libbz2.so.1.0.6
7f2cbb94d000-7f2cbb974000 r-xp 00000000 08:02 14947432                   /usr/lib/libexpat.so.1.6.0
7f2cbb974000-7f2cbbb73000 ---p 00027000 08:02 14947432                   /usr/lib/libexpat.so.1.6.0
7f2cbbb73000-7f2cbbb76000 r--p 00026000 08:02 14947432                   /usr/lib/libexpat.so.1.6.0
7f2cbbb76000-7f2cbbb77000 rw-p 00029000 08:02 14947432                   /usr/lib/libexpat.so.1.6.0
7f2cbbb77000-7f2cbbb7f000 r-xp 00000000 08:02 14947394                   /usr/lib/libcrypt-2.22.so
7f2cbbb7f000-7f2cbbd7f000 ---p 00008000 08:02 14947394                   /usr/lib/libcrypt-2.22.so
7f2cbbd7f000-7f2cbbd80000 r--p 00008000 08:02 14947394                   /usr/lib/libcrypt-2.22.so
7f2cbbd80000-7f2cbbd81000 rw-p 00009000 08:02 14947394                   /usr/lib/libcrypt-2.22.so
7f2cbbd81000-7f2cbbdaf000 rw-p 00000000 00:00 0 
7f2cbbdaf000-7f2cbbdfd000 r-xp 00000000 08:02 14951274                   /usr/lib/libdbus-1.so.3.14.5
7f2cbbdfd000-7f2cbbffd000 ---p 0004e000 08:02 14951274                   /usr/lib/libdbus-1.so.3.14.5
7f2cbbffd000-7f2cbbffe000 r--p 0004e000 08:02 14951274                   /usr/lib/libdbus-1.so.3.14.5
7f2cbbffe000-7f2cbbfff000 rw-p 0004f000 08:02 14951274                   /usr/lib/libdbus-1.so.3.14.5
7f2cbbfff000-7f2cbc000000 rw-p 00000000 00:00 0 
7f2cbc000000-7f2cbc021000 rw-p 00000000 00:00 0 
7f2cbc021000-7f2cc0000000 ---p 00000000 00:00 0 
7f2cc0000000-7f2cc0021000 rw-p 00000000 00:00 0 
7f2cc0021000-7f2cc4000000 ---p 00000000 00:00 0 
7f2cc4000000-7f2cc439e000 rw-p 00000000 00:00 0 
7f2cc439e000-7f2cc8000000 ---p 00000000 00:00 0 
7f2cc8000000-7f2cc86a8000 rw-p 00000000 00:00 0 
7f2cc86a8000-7f2ccc000000 ---p 00000000 00:00 0 
7f2ccc000000-7f2ccc021000 rw-p 00000000 00:00 0 
7f2ccc021000-7f2cd0000000 ---p 00000000 00:00 0 
7f2cd0000000-7f2cd0021000 rw-p 00000000 00:00 0 
7f2cd0021000-7f2cd4000000 ---p 00000000 00:00 0 
7f2cd4000000-7f2cd4021000 rw-p 00000000 00:00 0 
7f2cd4021000-7f2cd8000000 ---p 00000000 00:00 0 
7f2cd801f000-7f2cd806f000 rw-s 00000000 00:05 27525143                   /SYSV00000000 (deleted)
7f2cd806f000-7f2cd8072000 ---p 00000000 00:00 0 
7f2cd8072000-7f2cd8170000 rw-p 00000000 00:00 0                          [stack:14890]
7f2cd8170000-7f2cd817a000 r--s 000ae000 08:02 15740968                   /usr/lib/jvm/java-7-openjdk/jre/lib/resources.jar
7f2cd817a000-7f2cd81f9000 r-xp 00000000 08:02 14947608                   /usr/lib/libsystemd.so.0.12.0
7f2cd81f9000-7f2cd81fa000 ---p 0007f000 08:02 14947608                   /usr/lib/libsystemd.so.0.12.0
7f2cd81fa000-7f2cd81fd000 r--p 0007f000 08:02 14947608                   /usr/lib/libsystemd.so.0.12.0
7f2cd81fd000-7f2cd81fe000 rw-p 00082000 08:02 14947608                   /usr/lib/libsystemd.so.0.12.0
7f2cd81fe000-7f2cd820e000 r-xp 00000000 08:02 14949079                   /usr/lib/libavahi-client.so.3.2.9
7f2cd820e000-7f2cd840d000 ---p 00010000 08:02 14949079                   /usr/lib/libavahi-client.so.3.2.9
7f2cd840d000-7f2cd840e000 r--p 0000f000 08:02 14949079                   /usr/lib/libavahi-client.so.3.2.9
7f2cd840e000-7f2cd840f000 rw-p 00010000 08:02 14949079                   /usr/lib/libavahi-client.so.3.2.9
7f2cd840f000-7f2cd841b000 r-xp 00000000 08:02 14949076                   /usr/lib/libavahi-common.so.3.5.3
7f2cd841b000-7f2cd861a000 ---p 0000c000 08:02 14949076                   /usr/lib/libavahi-common.so.3.5.3
7f2cd861a000-7f2cd861b000 r--p 0000b000 08:02 14949076                   /usr/lib/libavahi-common.so.3.5.3
7f2cd861b000-7f2cd861c000 rw-p 0000c000 08:02 14949076                   /usr/lib/libavahi-common.so.3.5.3
7f2cd861c000-7f2cd8743000 r-xp 00000000 08:02 14945778                   /usr/lib/libgnutls.so.30.5.0
7f2cd8743000-7f2cd8943000 ---p 00127000 08:02 14945778                   /usr/lib/libgnutls.so.30.5.0
7f2cd8943000-7f2cd894e000 r--p 00127000 08:02 14945778                   /usr/lib/libgnutls.so.30.5.0
7f2cd894e000-7f2cd8951000 rw-p 00132000 08:02 14945778                   /usr/lib/libgnutls.so.30.5.0
7f2cd8951000-7f2cd8952000 rw-p 00000000 00:00 0 
7f2cd8952000-7f2cd8955000 r-xp 00000000 08:02 14947390                   /usr/lib/libcom_err.so.2.1
7f2cd8955000-7f2cd8b54000 ---p 00003000 08:02 14947390                   /usr/lib/libcom_err.so.2.1
7f2cd8b54000-7f2cd8b55000 r--p 00002000 08:02 14947390                   /usr/lib/libcom_err.so.2.1
7f2cd8b55000-7f2cd8b56000 rw-p 00003000 08:02 14947390                   /usr/lib/libcom_err.so.2.1
7f2cd8b56000-7f2cd8b84000 r-xp 00000000 08:02 14947483                   /usr/lib/libk5crypto.so.3.1
7f2cd8b84000-7f2cd8d83000 ---p 0002e000 08:02 14947483                   /usr/lib/libk5crypto.so.3.1
7f2cd8d83000-7f2cd8d85000 r--p 0002d000 08:02 14947483                   /usr/lib/libk5crypto.so.3.1
7f2cd8d85000-7f2cd8d86000 rw-p 0002f000 08:02 14947483                   /usr/lib/libk5crypto.so.3.1
7f2cd8d86000-7f2cd8d87000 rw-p 00000000 00:00 0 
7f2cd8d87000-7f2cd8e5c000 r-xp 00000000 08:02 14947492                   /usr/lib/libkrb5.so.3.3
7f2cd8e5c000-7f2cd905c000 ---p 000d5000 08:02 14947492                   /usr/lib/libkrb5.so.3.3
7f2cd905c000-7f2cd9069000 r--p 000d5000 08:02 14947492                   /usr/lib/libkrb5.so.3.3
7f2cd9069000-7f2cd906c000 rw-p 000e2000 08:02 14947492                   /usr/lib/libkrb5.so.3.3
7f2cd906c000-7f2cd90b6000 r-xp 00000000 08:02 14947465                   /usr/lib/libgssapi_krb5.so.2.2
7f2cd90b6000-7f2cd92b5000 ---p 0004a000 08:02 14947465                   /usr/lib/libgssapi_krb5.so.2.2
7f2cd92b5000-7f2cd92b7000 r--p 00049000 08:02 14947465                   /usr/lib/libgssapi_krb5.so.2.2
7f2cd92b7000-7f2cd92b9000 rw-p 0004b000 08:02 14947465                   /usr/lib/libgssapi_krb5.so.2.2
7f2cd92b9000-7f2cd92da000 r-xp 00000000 08:02 14947661                   /usr/lib/libxcb.so.1.1.0
7f2cd92da000-7f2cd94da000 ---p 00021000 08:02 14947661                   /usr/lib/libxcb.so.1.1.0
7f2cd94da000-7f2cd94db000 r--p 00021000 08:02 14947661                   /usr/lib/libxcb.so.1.1.0
7f2cd94db000-7f2cd94dc000 rw-p 00022000 08:02 14947661                   /usr/lib/libxcb.so.1.1.0
7f2cd94dc000-7f2cd95e8000 r-xp 00000000 08:02 14945764                   /usr/lib/libglib-2.0.so.0.4600.2
7f2cd95e8000-7f2cd97e7000 ---p 0010c000 08:02 14945764                   /usr/lib/libglib-2.0.so.0.4600.2
7f2cd97e7000-7f2cd97e8000 r--p 0010b000 08:02 14945764                   /usr/lib/libglib-2.0.so.0.4600.2
7f2cd97e8000-7f2cd97e9000 rw-p 0010c000 08:02 14945764                   /usr/lib/libglib-2.0.so.0.4600.2
7f2cd97e9000-7f2cd97ea000 rw-p 00000000 00:00 0 
7f2cd97ea000-7f2cd983b000 r-xp 00000000 08:02 14945769                   /usr/lib/libgobject-2.0.so.0.4600.2
7f2cd983b000-7f2cd9a3a000 ---p 00051000 08:02 14945769                   /usr/lib/libgobject-2.0.so.0.4600.2
7f2cd9a3a000-7f2cd9a3b000 r--p 00050000 08:02 14945769                   /usr/lib/libgobject-2.0.so.0.4600.2
7f2cd9a3b000-7f2cd9a3c000 rw-p 00051000 08:02 14945769                   /usr/lib/libgobject-2.0.so.0.4600.2
7f2cd9a3c000-7f2cd9bb4000 r-xp 00000000 08:02 14945770                   /usr/lib/libgio-2.0.so.0.4600.2
7f2cd9bb4000-7f2cd9db3000 ---p 00178000 08:02 14945770                   /usr/lib/libgio-2.0.so.0.4600.2
7f2cd9db3000-7f2cd9db7000 r--p 00177000 08:02 14945770                   /usr/lib/libgio-2.0.so.0.4600.2
7f2cd9db7000-7f2cd9db9000 rw-p 0017b000 08:02 14945770                   /usr/lib/libgio-2.0.so.0.4600.2
7f2cd9db9000-7f2cd9dbb000 rw-p 00000000 00:00 0 
7f2cd9dbb000-7f2cd9e72000 r-xp 00000000 08:02 14956821                   /usr/lib/libfreetype.so.6.12.1
7f2cd9e72000-7f2cda071000 ---p 000b7000 08:02 14956821                   /usr/lib/libfreetype.so.6.12.1
7f2cda071000-7f2cda077000 r--p 000b6000 08:02 14956821                   /usr/lib/libfreetype.so.6.12.1
7f2cda077000-7f2cda078000 rw-p 000bc000 08:02 14956821                   /usr/lib/libfreetype.so.6.12.1
7f2cda078000-7f2cda0b5000 r-xp 00000000 08:02 14956159                   /usr/lib/libfontconfig.so.1.8.0
7f2cda0b5000-7f2cda2b4000 ---p 0003d000 08:02 14956159                   /usr/lib/libfontconfig.so.1.8.0
7f2cda2b4000-7f2cda2b6000 r--p 0003c000 08:02 14956159                   /usr/lib/libfontconfig.so.1.8.0
7f2cda2b6000-7f2cda2b7000 rw-p 0003e000 08:02 14956159                   /usr/lib/libfontconfig.so.1.8.0
7f2cda2b7000-7f2cda331000 r-xp 00000000 08:02 14956104                   /usr/lib/libcups.so.2
7f2cda331000-7f2cda531000 ---p 0007a000 08:02 14956104                   /usr/lib/libcups.so.2
7f2cda531000-7f2cda539000 rw-p 0007a000 08:02 14956104                   /usr/lib/libcups.so.2
7f2cda539000-7f2cda548000 r-xp 00000000 08:02 14955984                   /usr/lib/libXi.so.6.1.0
7f2cda548000-7f2cda747000 ---p 0000f000 08:02 14955984                   /usr/lib/libXi.so.6.1.0
7f2cda747000-7f2cda748000 r--p 0000e000 08:02 14955984                   /usr/lib/libXi.so.6.1.0
7f2cda748000-7f2cda749000 rw-p 0000f000 08:02 14955984                   /usr/lib/libXi.so.6.1.0
7f2cda749000-7f2cda74e000 r-xp 00000000 08:02 14955993                   /usr/lib/libXtst.so.6.1.0
7f2cda74e000-7f2cda94d000 ---p 00005000 08:02 14955993                   /usr/lib/libXtst.so.6.1.0
7f2cda94d000-7f2cda94e000 r--p 00004000 08:02 14955993                   /usr/lib/libXtst.so.6.1.0
7f2cda94e000-7f2cda94f000 rw-p 00005000 08:02 14955993                   /usr/lib/libXtst.so.6.1.0
7f2cda94f000-7f2cda958000 r-xp 00000000 08:02 14955990                   /usr/lib/libXrender.so.1.3.0
7f2cda958000-7f2cdab57000 ---p 00009000 08:02 14955990                   /usr/lib/libXrender.so.1.3.0
7f2cdab57000-7f2cdab58000 r--p 00008000 08:02 14955990                   /usr/lib/libXrender.so.1.3.0
7f2cdab58000-7f2cdab59000 rw-p 00009000 08:02 14955990                   /usr/lib/libXrender.so.1.3.0
7f2cdab59000-7f2cdac94000 r-xp 00000000 08:02 14947357                   /usr/lib/libX11.so.6.3.0
7f2cdac94000-7f2cdae93000 ---p 0013b000 08:02 14947357                   /usr/lib/libX11.so.6.3.0
7f2cdae93000-7f2cdae95000 r--p 0013a000 08:02 14947357                   /usr/lib/libX11.so.6.3.0
7f2cdae95000-7f2cdae9a000 rw-p 0013c000 08:02 14947357                   /usr/lib/libX11.so.6.3.0
7f2cdae9a000-7f2cdae9b000 rw-p 00000000 00:00 0 
7f2cdae9b000-7f2cdaeac000 r-xp 00000000 08:02 14947361                   /usr/lib/libXext.so.6.4.0
7f2cdaeac000-7f2cdb0ab000 ---p 00011000 08:02 14947361                   /usr/lib/libXext.so.6.4.0
7f2cdb0ab000-7f2cdb0ac000 r--p 00010000 08:02 14947361                   /usr/lib/libXext.so.6.4.0
7f2cdb0ac000-7f2cdb0ad000 rw-p 00011000 08:02 14947361                   /usr/lib/libXext.so.6.4.0
7f2cdb0b2000-7f2cdb0e2000 r--p 00000000 08:02 15467783                   /usr/share/locale/ru/LC_MESSAGES/libc.mo
7f2cdb0e2000-7f2cdb129000 r-xp 00000000 08:02 16130267                   /usr/lib/jvm/java-7-openjdk/jre/lib/amd64/xawt/libmawt.so
7f2cdb129000-7f2cdb329000 ---p 00047000 08:02 16130267                   /usr/lib/jvm/java-7-openjdk/jre/lib/amd64/xawt/libmawt.so
7f2cdb329000-7f2cdb32c000 rw-p 00047000 08:02 16130267                   /usr/lib/jvm/java-7-openjdk/jre/lib/amd64/xawt/libmawt.so
7f2cdb32c000-7f2cdb32d000 rw-p 00000000 00:00 0 
7f2cdb32d000-7f2cdb3cb000 r-xp 00000000 08:02 15742067                   /usr/lib/jvm/java-7-openjdk/jre/lib/amd64/libawt.so
7f2cdb3cb000-7f2cdb5cb000 ---p 0009e000 08:02 15742067                   /usr/lib/jvm/java-7-openjdk/jre/lib/amd64/libawt.so
7f2cdb5cb000-7f2cdb5d7000 rw-p 0009e000 08:02 15742067                   /usr/lib/jvm/java-7-openjdk/jre/lib/amd64/libawt.so
7f2cdb5d7000-7f2cdb5fb000 rw-p 00000000 00:00 0 
7f2cdb5fb000-7f2cdb5fc000 ---p 00000000 00:00 0 
7f2cdb5fc000-7f2cdb6fc000 rw-p 00000000 00:00 0                          [stack:14889]
7f2cdb6fc000-7f2cdb6ff000 ---p 00000000 00:00 0 
7f2cdb6ff000-7f2cdb7fd000 rw-p 00000000 00:00 0                          [stack:14888]
7f2cdb7fd000-7f2cdb800000 ---p 00000000 00:00 0 
7f2cdb800000-7f2cdb8fe000 rw-p 00000000 00:00 0                          [stack:14887]
7f2cdb8fe000-7f2cdb901000 ---p 00000000 00:00 0 
7f2cdb901000-7f2cdb9ff000 rw-p 00000000 00:00 0                          [stack:14886]
7f2cdb9ff000-7f2cdba02000 ---p 00000000 00:00 0 
7f2cdba02000-7f2cdbb00000 rw-p 00000000 00:00 0                          [stack:14885]
7f2cdbb00000-7f2cdbdfe000 r--p 00000000 08:02 14956685                   /usr/lib/locale/locale-archive
7f2cdbdfe000-7f2cdbe01000 ---p 00000000 00:00 0 
7f2cdbe01000-7f2cdbeff000 rw-p 00000000 00:00 0                          [stack:14884]
7f2cdbeff000-7f2cdbf02000 ---p 00000000 00:00 0 
7f2cdbf02000-7f2cdc000000 rw-p 00000000 00:00 0                          [stack:14883]
7f2cdc000000-7f2cdc021000 rw-p 00000000 00:00 0 
7f2cdc021000-7f2ce0000000 ---p 00000000 00:00 0 
7f2ce0000000-7f2ce0021000 rw-p 00000000 00:00 0 
7f2ce0021000-7f2ce4000000 ---p 00000000 00:00 0 
7f2ce4000000-7f2ce4021000 rw-p 00000000 00:00 0 
7f2ce4021000-7f2ce8000000 ---p 00000000 00:00 0 
7f2ce8000000-7f2ce8021000 rw-p 00000000 00:00 0 
7f2ce8021000-7f2cec000000 ---p 00000000 00:00 0 
7f2cec000000-7f2cec021000 rw-p 00000000 00:00 0 
7f2cec021000-7f2cf0000000 ---p 00000000 00:00 0 
7f2cf0001000-7f2cf0002000 rw-p 00000000 00:00 0 
7f2cf0002000-7f2cf0003000 r--s 00009000 08:02 2622325                    /home/fedor-m/.m2/repository/org/bytedeco/javacpp-presets/flandmark/1.07-1.1/flandmark-1.07-1.1-linux-x86_64.jar
7f2cf0003000-7f2cf0004000 r--s 00002000 08:02 2622323                    /home/fedor-m/.m2/repository/org/bytedeco/javacpp-presets/flandmark/1.07-1.1/flandmark-1.07-1.1.jar
7f2cf0004000-7f2cf0006000 r--s 0002a000 08:02 2622321                    /home/fedor-m/.m2/repository/org/bytedeco/javacpp-presets/artoolkitplus/2.3.1-1.1/artoolkitplus-2.3.1-1.1-linux-x86_64.jar
7f2cf0006000-7f2cf0007000 r--s 00005000 08:02 2622319                    /home/fedor-m/.m2/repository/org/bytedeco/javacpp-presets/artoolkitplus/2.3.1-1.1/artoolkitplus-2.3.1-1.1.jar
7f2cf0007000-7f2cf0008000 r--s 00000000 08:02 2622317                    /home/fedor-m/.m2/repository/org/bytedeco/javacpp-presets/videoinput/0.200-1.1/videoinput-0.200-1.1-linux-x86_64.jar
7f2cf0008000-7f2cf0009000 r--s 00003000 08:02 2622315                    /home/fedor-m/.m2/repository/org/bytedeco/javacpp-presets/videoinput/0.200-1.1/videoinput-0.200-1.1.jar
7f2cf0009000-7f2cf000a000 r--s 00014000 08:02 2622313                    /home/fedor-m/.m2/repository/org/bytedeco/javacpp-presets/libfreenect/0.5.3-1.1/libfreenect-0.5.3-1.1-linux-x86_64.jar
7f2cf000a000-7f2cf000c000 r--s 00004000 08:02 2622311                    /home/fedor-m/.m2/repository/org/bytedeco/javacpp-presets/libfreenect/0.5.3-1.1/libfreenect-0.5.3-1.1.jar
7f2cf000c000-7f2cf000d000 r--s 00027000 08:02 2622309                    /home/fedor-m/.m2/repository/org/bytedeco/javacpp-presets/libdc1394/2.2.3-1.1/libdc1394-2.2.3-1.1-linux-x86_64.jar
7f2cf000d000-7f2cf000f000 r--s 00006000 08:02 2622307                    /home/fedor-m/.m2/repository/org/bytedeco/javacpp-presets/libdc1394/2.2.3-1.1/libdc1394-2.2.3-1.1.jar
7f2cf000f000-7f2cf0013000 r--s 0001f000 08:02 2622303                    /home/fedor-m/.m2/repository/org/bytedeco/javacpp-presets/flycapture/2.8.3.1-1.1/flycapture-2.8.3.1-1.1.jar
7f2cf0013000-7f2cf0022000 r--s 00088000 08:02 2622295                    /home/fedor-m/.m2/repository/org/bytedeco/javacpp-presets/opencv/3.0.0-1.1/opencv-3.0.0-1.1.jar
7f2cf0022000-7f2cf0023000 ---p 00000000 00:00 0 
7f2cf0023000-7f2cf5000000 rw-p 00000000 00:00 0                          [stack:14882]
7f2cf5000000-7f2cf5270000 rwxp 00000000 00:00 0 
7f2cf5270000-7f2cf82b2000 rw-p 00000000 00:00 0 
7f2cf82b2000-7f2cfc000000 ---p 00000000 00:00 0 
7f2cfc000000-7f2cfc002000 r--s 0003a000 08:02 2622305                    /home/fedor-m/.m2/repository/org/bytedeco/javacpp-presets/flycapture/2.8.3.1-1.1/flycapture-2.8.3.1-1.1-linux-x86_64.jar
7f2cfc002000-7f2cfc009000 r--s 00033000 08:02 2622299                    /home/fedor-m/.m2/repository/org/bytedeco/javacpp-presets/ffmpeg/2.8.1-1.1/ffmpeg-2.8.1-1.1.jar
7f2cfc009000-7f2cfc00b000 r--s 0076b000 08:02 2622297                    /home/fedor-m/.m2/repository/org/bytedeco/javacpp-presets/opencv/3.0.0-1.1/opencv-3.0.0-1.1-linux-x86_64.jar
7f2cfc00b000-7f2cfc00f000 r--s 0003a000 08:02 2622327                    /home/fedor-m/.m2/repository/org/bytedeco/javacpp/1.1/javacpp-1.1.jar
7f2cfc00f000-7f2cfc01a000 r--s 00203000 08:02 15740966                   /usr/lib/jvm/java-7-openjdk/jre/lib/charsets.jar
7f2cfc01a000-7f2cfc3ea000 rw-p 00000000 00:00 0 
7f2cfc3ea000-7f2cfc59c000 r--s 01d2e000 08:02 15740967                   /usr/lib/jvm/java-7-openjdk/jre/lib/rt.jar
7f2cfc59c000-7f2cfcac0000 rw-p 00000000 00:00 0 
7f2cfcac0000-7f2cfcac1000 ---p 00000000 00:00 0 
7f2cfcac1000-7f2cfcbc1000 rw-p 00000000 00:00 0                          [stack:14877]
7f2cfcbc1000-7f2cfcbc2000 ---p 00000000 00:00 0 
7f2cfcbc2000-7f2cfccc2000 rw-p 00000000 00:00 0                          [stack:14876]
7f2cfccc2000-7f2cfccc3000 ---p 00000000 00:00 0 
7f2cfccc3000-7f2cfcdc3000 rw-p 00000000 00:00 0                          [stack:14875]
7f2cfcdc3000-7f2cfcdc4000 ---p 00000000 00:00 0 
7f2cfcdc4000-7f2cfcecf000 rw-p 00000000 00:00 0                          [stack:14874]
7f2cfcecf000-7f2cfcf17000 rw-p 00000000 00:00 0 
7f2cfcf17000-7f2cfcf40000 rw-p 00000000 00:00 0 
7f2cfcf40000-7f2cfd1a7000 rw-p 00000000 00:00 0 
7f2cfd1a7000-7f2cfd1b2000 rw-p 00000000 00:00 0 
7f2cfd1b2000-7f2cfd1fa000 rw-p 00000000 00:00 0 
7f2cfd1fa000-7f2cfd223000 rw-p 00000000 00:00 0 
7f2cfd223000-7f2cfd48a000 rw-p 00000000 00:00 0 
7f2cfd48a000-7f2cfd4f3000 rw-p 00000000 00:00 0 
7f2cfd4f3000-7f2cfd50b000 ---p 00000000 00:00 0 
7f2cfd50b000-7f2cfd5d2000 rw-p 00000000 00:00 0 
7f2cfd5d2000-7f2cfd5d3000 rw-p 00000000 00:00 0 
7f2cfd5d3000-7f2cfd5db000 r-xp 00000000 08:02 15742053                   /usr/lib/jvm/java-7-openjdk/jre/lib/amd64/libzip.so
7f2cfd5db000-7f2cfd7da000 ---p 00008000 08:02 15742053                   /usr/lib/jvm/java-7-openjdk/jre/lib/amd64/libzip.so
7f2cfd7da000-7f2cfd7db000 rw-p 00007000 08:02 15742053                   /usr/lib/jvm/java-7-openjdk/jre/lib/amd64/libzip.so
7f2cfd7db000-7f2cfd7e6000 r-xp 00000000 08:02 14947543                   /usr/lib/libnss_files-2.22.so
7f2cfd7e6000-7f2cfd9e5000 ---p 0000b000 08:02 14947543                   /usr/lib/libnss_files-2.22.so
7f2cfd9e5000-7f2cfd9e6000 r--p 0000a000 08:02 14947543                   /usr/lib/libnss_files-2.22.so
7f2cfd9e6000-7f2cfd9e7000 rw-p 0000b000 08:02 14947543                   /usr/lib/libnss_files-2.22.so
7f2cfd9e7000-7f2cfd9ed000 rw-p 00000000 00:00 0 
7f2cfd9ed000-7f2cfda18000 r-xp 00000000 08:02 15742052                   /usr/lib/jvm/java-7-openjdk/jre/lib/amd64/libjava.so
7f2cfda18000-7f2cfdc18000 ---p 0002b000 08:02 15742052                   /usr/lib/jvm/java-7-openjdk/jre/lib/amd64/libjava.so
7f2cfdc18000-7f2cfdc1a000 rw-p 0002b000 08:02 15742052                   /usr/lib/jvm/java-7-openjdk/jre/lib/amd64/libjava.so
7f2cfdc1a000-7f2cfdc27000 r-xp 00000000 08:02 15742051                   /usr/lib/jvm/java-7-openjdk/jre/lib/amd64/libverify.so
7f2cfdc27000-7f2cfde26000 ---p 0000d000 08:02 15742051                   /usr/lib/jvm/java-7-openjdk/jre/lib/amd64/libverify.so
7f2cfde26000-7f2cfde28000 rw-p 0000c000 08:02 15742051                   /usr/lib/jvm/java-7-openjdk/jre/lib/amd64/libverify.so
7f2cfde28000-7f2cfde2f000 r-xp 00000000 08:02 14947594                   /usr/lib/librt-2.22.so
7f2cfde2f000-7f2cfe02e000 ---p 00007000 08:02 14947594                   /usr/lib/librt-2.22.so
7f2cfe02e000-7f2cfe02f000 r--p 00006000 08:02 14947594                   /usr/lib/librt-2.22.so
7f2cfe02f000-7f2cfe030000 rw-p 00007000 08:02 14947594                   /usr/lib/librt-2.22.so
7f2cfe030000-7f2cfe046000 r-xp 00000000 08:02 14947443                   /usr/lib/libgcc_s.so.1
7f2cfe046000-7f2cfe245000 ---p 00016000 08:02 14947443                   /usr/lib/libgcc_s.so.1
7f2cfe245000-7f2cfe246000 rw-p 00015000 08:02 14947443                   /usr/lib/libgcc_s.so.1
7f2cfe246000-7f2cfe343000 r-xp 00000000 08:02 14947504                   /usr/lib/libm-2.22.so
7f2cfe343000-7f2cfe542000 ---p 000fd000 08:02 14947504                   /usr/lib/libm-2.22.so
7f2cfe542000-7f2cfe543000 r--p 000fc000 08:02 14947504                   /usr/lib/libm-2.22.so
7f2cfe543000-7f2cfe544000 rw-p 000fd000 08:02 14947504                   /usr/lib/libm-2.22.so
7f2cfe544000-7f2cfe6b6000 r-xp 00000000 08:02 14947606                   /usr/lib/libstdc++.so.6.0.21
7f2cfe6b6000-7f2cfe8b6000 ---p 00172000 08:02 14947606                   /usr/lib/libstdc++.so.6.0.21
7f2cfe8b6000-7f2cfe8c0000 r--p 00172000 08:02 14947606                   /usr/lib/libstdc++.so.6.0.21
7f2cfe8c0000-7f2cfe8c2000 rw-p 0017c000 08:02 14947606                   /usr/lib/libstdc++.so.6.0.21
7f2cfe8c2000-7f2cfe8c6000 rw-p 00000000 00:00 0 
7f2cfe8c6000-7f2cff416000 r-xp 00000000 08:02 16130264                   /usr/lib/jvm/java-7-openjdk/jre/lib/amd64/server/libjvm.so
7f2cff416000-7f2cff615000 ---p 00b50000 08:02 16130264                   /usr/lib/jvm/java-7-openjdk/jre/lib/amd64/server/libjvm.so
7f2cff615000-7f2cff6c9000 rw-p 00b4f000 08:02 16130264                   /usr/lib/jvm/java-7-openjdk/jre/lib/amd64/server/libjvm.so
7f2cff6c9000-7f2cff6f4000 rw-p 00000000 00:00 0 
7f2cff6f4000-7f2cff709000 r-xp 00000000 08:02 14947665                   /usr/lib/libz.so.1.2.8
7f2cff709000-7f2cff908000 ---p 00015000 08:02 14947665                   /usr/lib/libz.so.1.2.8
7f2cff908000-7f2cff909000 r--p 00014000 08:02 14947665                   /usr/lib/libz.so.1.2.8
7f2cff909000-7f2cff90a000 rw-p 00015000 08:02 14947665                   /usr/lib/libz.so.1.2.8
7f2cff90a000-7f2cffaa5000 r-xp 00000000 08:02 14947381                   /usr/lib/libc-2.22.so
7f2cffaa5000-7f2cffca4000 ---p 0019b000 08:02 14947381                   /usr/lib/libc-2.22.so
7f2cffca4000-7f2cffca8000 r--p 0019a000 08:02 14947381                   /usr/lib/libc-2.22.so
7f2cffca8000-7f2cffcaa000 rw-p 0019e000 08:02 14947381                   /usr/lib/libc-2.22.so
7f2cffcaa000-7f2cffcae000 rw-p 00000000 00:00 0 
7f2cffcae000-7f2cffcb1000 r-xp 00000000 08:02 14947409                   /usr/lib/libdl-2.22.so
7f2cffcb1000-7f2cffeb0000 ---p 00003000 08:02 14947409                   /usr/lib/libdl-2.22.so
7f2cffeb0000-7f2cffeb1000 r--p 00002000 08:02 14947409                   /usr/lib/libdl-2.22.so
7f2cffeb1000-7f2cffeb2000 rw-p 00003000 08:02 14947409                   /usr/lib/libdl-2.22.so
7f2cffeb2000-7f2cffebf000 r-xp 00000000 08:02 16128183                   /usr/lib/jvm/java-7-openjdk/jre/lib/amd64/jli/libjli.so
7f2cffebf000-7f2d000be000 ---p 0000d000 08:02 16128183                   /usr/lib/jvm/java-7-openjdk/jre/lib/amd64/jli/libjli.so
7f2d000be000-7f2d000bf000 rw-p 0000c000 08:02 16128183                   /usr/lib/jvm/java-7-openjdk/jre/lib/amd64/jli/libjli.so
7f2d000bf000-7f2d000d7000 r-xp 00000000 08:02 14947580                   /usr/lib/libpthread-2.22.so
7f2d000d7000-7f2d002d6000 ---p 00018000 08:02 14947580                   /usr/lib/libpthread-2.22.so
7f2d002d6000-7f2d002d7000 r--p 00017000 08:02 14947580                   /usr/lib/libpthread-2.22.so
7f2d002d7000-7f2d002d8000 rw-p 00018000 08:02 14947580                   /usr/lib/libpthread-2.22.so
7f2d002d8000-7f2d002dc000 rw-p 00000000 00:00 0 
7f2d002dc000-7f2d002fe000 r-xp 00000000 08:02 14947350                   /usr/lib/ld-2.22.so
7f2d002fe000-7f2d00302000 r--s 00056000 08:02 53087107                   /home/fedor-m/.m2/repository/org/bytedeco/javacv/1.1/javacv-1.1.jar
7f2d00302000-7f2d0030c000 rw-p 00000000 00:00 0 
7f2d0030c000-7f2d003c2000 rw-p 00000000 00:00 0 
7f2d003c2000-7f2d003c5000 ---p 00000000 00:00 0 
7f2d003c5000-7f2d004c7000 rw-p 00000000 00:00 0                          [stack:14873]
7f2d004c7000-7f2d004c8000 r--s 00a24000 08:02 2622301                    /home/fedor-m/.m2/repository/org/bytedeco/javacpp-presets/ffmpeg/2.8.1-1.1/ffmpeg-2.8.1-1.1-linux-x86_64.jar
7f2d004c8000-7f2d004f2000 rw-p 00000000 00:00 0 
7f2d004f2000-7f2d004fa000 rw-s 00000000 00:22 32                         /tmp/hsperfdata_fedor-m/14872
7f2d004fa000-7f2d004fb000 rw-p 00000000 00:00 0 
7f2d004fb000-7f2d004fc000 r--p 00000000 00:00 0 
7f2d004fc000-7f2d004fd000 rw-p 00000000 00:00 0 
7f2d004fd000-7f2d004fe000 r--p 00021000 08:02 14947350                   /usr/lib/ld-2.22.so
7f2d004fe000-7f2d004ff000 rw-p 00022000 08:02 14947350                   /usr/lib/ld-2.22.so
7f2d004ff000-7f2d00500000 rw-p 00000000 00:00 0 
7fff11fc3000-7fff11fe4000 rw-p 00000000 00:00 0                          [stack]
7fff11ffc000-7fff11ffe000 r--p 00000000 00:00 0                          [vvar]
7fff11ffe000-7fff12000000 r-xp 00000000 00:00 0                          [vdso]
ffffffffff600000-ffffffffff601000 r-xp 00000000 00:00 0                  [vsyscall]

VM Arguments:
jvm_args: -Dfile.encoding=UTF-8 
java_command: ru.ang5545.scanning_system_2.App
Launcher Type: SUN_STANDARD

Environment Variables:
JAVA_HOME=/usr/lib/jvm/java-8-openjdk
JRE_HOME=/usr/lib/jvm/java-8-openjdk
PATH=/usr/local/sbin:/usr/local/bin:/usr/bin:/home/fedor-m/bin:/usr/lib/jvm/java-8-openjdk/bin:/home/fedor-m/bin:/usr/lib/jvm/java-8-openjdk/bin:/usr/lib/jvm/default/bin:/usr/bin/site_perl:/usr/bin/vendor_perl:/usr/bin/core_perl
LD_LIBRARY_PATH=\/usr\/lib
SHELL=/bin/bash
DISPLAY=:0.0

Signal Handlers:
SIGSEGV: [libjvm.so+0x995100], sa_mask[0]=0x7ffbfeff, sa_flags=0x10000004
SIGBUS: [libjvm.so+0x995100], sa_mask[0]=0x7ffbfeff, sa_flags=0x10000004
SIGFPE: [libjvm.so+0x7fc350], sa_mask[0]=0x7ffbfeff, sa_flags=0x10000004
SIGPIPE: [libjvm.so+0x7fc350], sa_mask[0]=0x7ffbfeff, sa_flags=0x10000004
SIGXFSZ: [libjvm.so+0x7fc350], sa_mask[0]=0x7ffbfeff, sa_flags=0x10000004
SIGILL: [libjvm.so+0x7fc350], sa_mask[0]=0x7ffbfeff, sa_flags=0x10000004
SIGUSR1: SIG_DFL, sa_mask[0]=0x00000000, sa_flags=0x00000000
SIGUSR2: [libjvm.so+0x7fc1d0], sa_mask[0]=0x00000004, sa_flags=0x10000004
SIGHUP: [libjvm.so+0x7fc360], sa_mask[0]=0x7ffbfeff, sa_flags=0x10000004
SIGINT: [libjvm.so+0x7fc360], sa_mask[0]=0x7ffbfeff, sa_flags=0x10000004
SIGTERM: [libjvm.so+0x7fc360], sa_mask[0]=0x7ffbfeff, sa_flags=0x10000004
SIGQUIT: [libjvm.so+0x7fc360], sa_mask[0]=0x7ffbfeff, sa_flags=0x10000004
SIGTRAP: SIG_DFL, sa_mask[0]=0x00000000, sa_flags=0x00000000


---------------  S Y S T E M  ---------------

OS:ManjaroLinux 15.09 (Bellatrix)
uname:Linux 4.1.13-1-MANJARO #1 SMP PREEMPT Tue Nov 10 22:11:15 UTC 2015 x86_64
libc:glibc 2.22 NPTL 2.22 
rlimit: STACK 8192k, CORE 0k, NPROC 30594, NOFILE 4096, AS infinity
load average:0,84 0,72 0,50

/proc/meminfo:
MemTotal:        8059640 kB
MemFree:         3105816 kB
MemAvailable:    5048852 kB
Buffers:          294164 kB
Cached:          1812072 kB
SwapCached:            0 kB
Active:          3442272 kB
Inactive:        1132444 kB
Active(anon):    2542360 kB
Inactive(anon):   267320 kB
Active(file):     899912 kB
Inactive(file):   865124 kB
Unevictable:         136 kB
Mlocked:             136 kB
SwapTotal:       9227464 kB
SwapFree:        9227464 kB
Dirty:                16 kB
Writeback:             0 kB
AnonPages:       2468492 kB
Mapped:           548932 kB
Shmem:            341204 kB
Slab:             253024 kB
SReclaimable:     220264 kB
SUnreclaim:        32760 kB
KernelStack:        7872 kB
PageTables:        38624 kB
NFS_Unstable:          0 kB
Bounce:                0 kB
WritebackTmp:          0 kB
CommitLimit:    13257284 kB
Committed_AS:    5768484 kB
VmallocTotal:   34359738367 kB
VmallocUsed:      385768 kB
VmallocChunk:   34358947836 kB
HardwareCorrupted:     0 kB
AnonHugePages:   1447936 kB
HugePages_Total:       0
HugePages_Free:        0
HugePages_Rsvd:        0
HugePages_Surp:        0
Hugepagesize:       2048 kB
DirectMap4k:      137136 kB
DirectMap2M:     7081984 kB
DirectMap1G:     2097152 kB


CPU:total 4 (4 cores per cpu, 1 threads per core) family 6 model 60 stepping 3, cmov, cx8, fxsr, mmx, sse, sse2, sse3, ssse3, sse4.1, sse4.2, popcnt, avx, avx2, aes, erms, tsc, tscinvbit

/proc/cpuinfo:
processor	: 0
vendor_id	: GenuineIntel
cpu family	: 6
model		: 60
model name	: Intel(R) Core(TM) i5-4440 CPU @ 3.10GHz
stepping	: 3
microcode	: 0x1c
cpu MHz		: 3284.425
cache size	: 6144 KB
physical id	: 0
siblings	: 4
core id		: 0
cpu cores	: 4
apicid		: 0
initial apicid	: 0
fpu		: yes
fpu_exception	: yes
cpuid level	: 13
wp		: yes
flags		: fpu vme de pse tsc msr pae mce cx8 apic sep mtrr pge mca cmov pat pse36 clflush dts acpi mmx fxsr sse sse2 ss ht tm pbe syscall nx pdpe1gb rdtscp lm constant_tsc arch_perfmon pebs bts rep_good nopl xtopology nonstop_tsc aperfmperf eagerfpu pni pclmulqdq dtes64 monitor ds_cpl vmx est tm2 ssse3 fma cx16 xtpr pdcm pcid sse4_1 sse4_2 x2apic movbe popcnt tsc_deadline_timer aes xsave avx f16c rdrand lahf_lm abm ida arat pln pts dtherm tpr_shadow vnmi flexpriority ept vpid fsgsbase tsc_adjust bmi1 avx2 smep bmi2 erms invpcid xsaveopt
bugs		:
bogomips	: 6188.51
clflush size	: 64
cache_alignment	: 64
address sizes	: 39 bits physical, 48 bits virtual
power management:

processor	: 1
vendor_id	: GenuineIntel
cpu family	: 6
model		: 60
model name	: Intel(R) Core(TM) i5-4440 CPU @ 3.10GHz
stepping	: 3
microcode	: 0x1c
cpu MHz		: 3269.289
cache size	: 6144 KB
physical id	: 0
siblings	: 4
core id		: 1
cpu cores	: 4
apicid		: 2
initial apicid	: 2
fpu		: yes
fpu_exception	: yes
cpuid level	: 13
wp		: yes
flags		: fpu vme de pse tsc msr pae mce cx8 apic sep mtrr pge mca cmov pat pse36 clflush dts acpi mmx fxsr sse sse2 ss ht tm pbe syscall nx pdpe1gb rdtscp lm constant_tsc arch_perfmon pebs bts rep_good nopl xtopology nonstop_tsc aperfmperf eagerfpu pni pclmulqdq dtes64 monitor ds_cpl vmx est tm2 ssse3 fma cx16 xtpr pdcm pcid sse4_1 sse4_2 x2apic movbe popcnt tsc_deadline_timer aes xsave avx f16c rdrand lahf_lm abm ida arat pln pts dtherm tpr_shadow vnmi flexpriority ept vpid fsgsbase tsc_adjust bmi1 avx2 smep bmi2 erms invpcid xsaveopt
bugs		:
bogomips	: 6188.51
clflush size	: 64
cache_alignment	: 64
address sizes	: 39 bits physical, 48 bits virtual
power management:

processor	: 2
vendor_id	: GenuineIntel
cpu family	: 6
model		: 60
model name	: Intel(R) Core(TM) i5-4440 CPU @ 3.10GHz
stepping	: 3
microcode	: 0x1c
cpu MHz		: 3278.371
cache size	: 6144 KB
physical id	: 0
siblings	: 4
core id		: 2
cpu cores	: 4
apicid		: 4
initial apicid	: 4
fpu		: yes
fpu_exception	: yes
cpuid level	: 13
wp		: yes
flags		: fpu vme de pse tsc msr pae mce cx8 apic sep mtrr pge mca cmov pat pse36 clflush dts acpi mmx fxsr sse sse2 ss ht tm pbe syscall nx pdpe1gb rdtscp lm constant_tsc arch_perfmon pebs bts rep_good nopl xtopology nonstop_tsc aperfmperf eagerfpu pni pclmulqdq dtes64 monitor ds_cpl vmx est tm2 ssse3 fma cx16 xtpr pdcm pcid sse4_1 sse4_2 x2apic movbe popcnt tsc_deadline_timer aes xsave avx f16c rdrand lahf_lm abm ida arat pln pts dtherm tpr_shadow vnmi flexpriority ept vpid fsgsbase tsc_adjust bmi1 avx2 smep bmi2 erms invpcid xsaveopt
bugs		:
bogomips	: 6188.51
clflush size	: 64
cache_alignment	: 64
address sizes	: 39 bits physical, 48 bits virtual
power management:

processor	: 3
vendor_id	: GenuineIntel
cpu family	: 6
model		: 60
model name	: Intel(R) Core(TM) i5-4440 CPU @ 3.10GHz
stepping	: 3
microcode	: 0x1c
cpu MHz		: 3149.527
cache size	: 6144 KB
physical id	: 0
siblings	: 4
core id		: 3
cpu cores	: 4
apicid		: 6
initial apicid	: 6
fpu		: yes
fpu_exception	: yes
cpuid level	: 13
wp		: yes
flags		: fpu vme de pse tsc msr pae mce cx8 apic sep mtrr pge mca cmov pat pse36 clflush dts acpi mmx fxsr sse sse2 ss ht tm pbe syscall nx pdpe1gb rdtscp lm constant_tsc arch_perfmon pebs bts rep_good nopl xtopology nonstop_tsc aperfmperf eagerfpu pni pclmulqdq dtes64 monitor ds_cpl vmx est tm2 ssse3 fma cx16 xtpr pdcm pcid sse4_1 sse4_2 x2apic movbe popcnt tsc_deadline_timer aes xsave avx f16c rdrand lahf_lm abm ida arat pln pts dtherm tpr_shadow vnmi flexpriority ept vpid fsgsbase tsc_adjust bmi1 avx2 smep bmi2 erms invpcid xsaveopt
bugs		:
bogomips	: 6188.51
clflush size	: 64
cache_alignment	: 64
address sizes	: 39 bits physical, 48 bits virtual
power management:



Memory: 4k page, physical 8059640k(3105816k free), swap 9227464k(9227464k free)

vm_info: OpenJDK 64-Bit Server VM (24.91-b01) for linux-amd64 JRE (1.7.0_91-b02), built on Nov 18 2015 11:22:39 by "builduser" with gcc 5.2.0

